Record Type	Index	Address	0x + Opcode	Cycles	Detail	Branch	Condition Failure
Debug stop					Debug stop		
Function	0	S:0xC002115C			<Unknown>		
Instruction	0	S:0xC002115C	0x6963	1	LDR      r3,[r4,#0x14]	false	
Instruction	1	S:0xC002115E	0x4A06	23	LDR      r2,[pc,#24] ; [0xC0021178] = 0xC06498C0	false	
Instruction	2	S:0xC0021160	0x019B	4	LSLS     r3,r3,#6	false	
Instruction	3	S:0xC0021162	0x58D3	15	LDR      r3,[r2,r3]	false	
Instruction	4	S:0xC0021164	0x2B00	2	CMP      r3,#0	false	
Instruction	5	S:0xC0021166	0xD0EA	0	BEQ      {pc}-0x28 ; 0xc002113e	true	
Instruction	6	S:0xC002113E	0x6863	44	LDR      r3,[r4,#4]	false	
Instruction	7	S:0xC0021140	0x3B01	2	SUBS     r3,#1	false	
Instruction	8	S:0xC0021142	0x6063	1	STR      r3,[r4,#4]	false	
Instruction	9	S:0xC0021144	0xBD38	3	POP      {r3-r5,pc}	true	
Cycle Count				7695	Tracing disabled		
Info					Tracing enabled		
Instruction	10	S:0xC004F698	0xB530	1	PUSH     {r4,r5,lr}	false	
Instruction	11	S:0xC004F69A	0xB083	2	SUB      sp,sp,#0xc	false	
Instruction	12	S:0xC004F69C	0xB500	3	PUSH     {lr}	false	
Instruction	13	S:0xC004F69E	0xF85DEB04	15	POP      {lr}	false	
Instruction	14	S:0xC004F6A2	0x4604	0	MOV      r4,r0	false	
Instruction	15	S:0xC004F6A4	0x4668	1	MOV      r0,sp	false	
Instruction	16	S:0xC004F6A6	0xF7FFFFE5	1	BL       {pc}-0x32 ; 0xc004f674	true	
Instruction	17	S:0xC004F674	0xB508	2	PUSH     {r3,lr}	false	
Instruction	18	S:0xC004F676	0xB500	1	PUSH     {lr}	false	
Instruction	19	S:0xC004F678	0xF85DEB04	2	POP      {lr}	false	
Instruction	20	S:0xC004F67C	0xF7FFFC84	1	BL       {pc}-0x6f4 ; 0xc004ef88	true	
Instruction	21	S:0xC004EF88	0xE92D47F0	2	PUSH     {r4-r10,lr}	false	
Instruction	22	S:0xC004EF8C	0xB084	4	SUB      sp,sp,#0x10	false	
Instruction	23	S:0xC004EF8E	0xB500	3	PUSH     {lr}	false	
Instruction	24	S:0xC004EF90	0xF85DEB04	2	POP      {lr}	false	
Instruction	25	S:0xC004EF94	0x4D3E	2	LDR      r5,[pc,#248] ; [0xC004F090] = 0xC064D1C0	false	
Instruction	26	S:0xC004EF96	0x4682	0	MOV      r10,r0	false	
Instruction	27	S:0xC004EF98	0x462C	2	MOV      r4,r5	false	
Instruction	28	S:0xC004EF9A	0xF8D57090	3	LDR      r7,[r5,#0x90]	false	
Instruction	29	S:0xC004EF9E	0x07FE	3	LSLS     r6,r7,#31	false	
Instruction	30	S:0xC004EFA0	0xD46A	0	BMI      {pc}+0xd8 ; 0xc004f078	true	fail
Instruction	31	S:0xC004EFA2	0xF3BF8F5F	1	DMB      	false	
Instruction	32	S:0xC004EFA6	0x6BA3	28	LDR      r3,[r4,#0x38]	false	
Instruction	33	S:0xC004EFA8	0xF8CA3000	3	STR      r3,[r10,#0]	false	
Instruction	34	S:0xC004EFAC	0x6826	1	LDR      r6,[r4,#0]	false	
Instruction	35	S:0xC004EFAE	0x4630	2	MOV      r0,r6	false	
Instruction	36	S:0xC004EFB0	0x6833	3	LDR      r3,[r6,#0]	false	
Instruction	37	S:0xC004EFB2	0x4798	1	BLX      r3	true	
Timestamp					Timestamp: 562536959839		
Cycle Count				42	Tracing disabled		
Info					Tracing enabled		
Instruction	38	S:0xC004EFB4	0xE9D62302	1	LDRD     r2,r3,[r6,#8]	false	
Instruction	39	S:0xC004EFB8	0xE9CD2300	2	STRD     r2,r3,[sp,#0]	false	
Instruction	40	S:0xC004EFBC	0xE9D62304	1	LDRD     r2,r3,[r6,#0x10]	false	
Instruction	41	S:0xC004EFC0	0xE9CD2302	1	STRD     r2,r3,[sp,#8]	false	
Instruction	42	S:0xC004EFC4	0x6862	1	LDR      r2,[r4,#4]	false	
Instruction	43	S:0xC004EFC6	0x6C63	1	LDR      r3,[r4,#0x44]	false	
Instruction	44	S:0xC004EFC8	0x4680	0	MOV      r8,r0	false	
Instruction	45	S:0xC004EFCA	0x4689	1	MOV      r9,r1	false	
Instruction	46	S:0xC004EFCC	0x6C20	1	LDR      r0,[r4,#0x40]	false	
Instruction	47	S:0xC004EFCE	0x68A1	1	LDR      r1,[r4,#8]	false	
Instruction	48	S:0xC004EFD0	0xF3BF8F5F	1	DMB      	false	
Instruction	49	S:0xC004EFD4	0xF8D46090	27	LDR      r6,[r4,#0x90]	false	
Instruction	50	S:0xC004EFD8	0x42B7	2	CMP      r7,r6	false	
Instruction	51	S:0xC004EFDA	0xD1DE	0	BNE      {pc}-0x40 ; 0xc004ef9a	true	fail
Instruction	52	S:0xC004EFDC	0xE9DD4500	1	LDRD     r4,r5,[sp,#0]	false	
Instruction	53	S:0xC004EFE0	0xE9DD6702	1	LDRD     r6,r7,[sp,#8]	false	
Instruction	54	S:0xC004EFE4	0xEBB80804	1	SUBS     r8,r8,r4	false	
Instruction	55	S:0xC004EFE8	0xEB690905	1	SBC      r9,r9,r5	false	
Instruction	56	S:0xC004EFEC	0x4604	0	MOV      r4,r0	false	
Instruction	57	S:0xC004EFEE	0xEA080806	1	AND      r8,r8,r6	false	
Instruction	58	S:0xC004EFF2	0xEA090907	1	AND      r9,r9,r7	false	
Instruction	59	S:0xC004EFF6	0xF1C10020	1	RSB      r0,r1,#0x20	false	
Instruction	60	S:0xC004EFFA	0xF8DAC000	1	LDR      r12,[r10,#0]	false	
Instruction	61	S:0xC004EFFE	0xFBA86702	1	UMULL    r6,r7,r8,r2	false	
Instruction	62	S:0xC004F002	0x19A4	2	ADDS     r4,r4,r6	false	
Instruction	63	S:0xC004F004	0xFB027709	1	MLA      r7,r2,r9,r7	false	
Instruction	64	S:0xC004F008	0xFA24F201	1	LSR      r2,r4,r1	false	
Instruction	65	S:0xC004F00C	0xEB430507	1	ADC      r5,r3,r7	false	
Instruction	66	S:0xC004F010	0xF1B10620	0	SUBS     r6,r1,#0x20	false	
Instruction	67	S:0xC004F014	0xFA05F000	2	LSL      r0,r5,r0	false	
Instruction	68	S:0xC004F018	0xBF58	0	IT       PL	false	
Instruction	69	S:0xC004F01A	0xFA45F606	1	ASR      r6,r5,r6	false	fail
Instruction	70	S:0xC004F01E	0xEA420200	1	ORR      r2,r2,r0	false	
Instruction	71	S:0xC004F022	0xFA45F301	1	ASR      r3,r5,r1	false	
Instruction	72	S:0xC004F026	0xBF58	0	IT       PL	false	
Instruction	73	S:0xC004F028	0x4332	1	ORRS     r2,r2,r6	false	fail
Instruction	74	S:0xC004F02A	0xA715	0	ADR      r7,{pc}+0x56 ; 0xc004f080	false	
Instruction	75	S:0xC004F02C	0xE9D76700	3	LDRD     r6,r7,[r7,#0]	false	
Instruction	76	S:0xC004F030	0x429F	2	CMP      r7,r3	false	
Instruction	77	S:0xC004F032	0xBF08	0	IT       EQ	false	
Instruction	78	S:0xC004F034	0x4296	1	CMP      r6,r2	false	
Instruction	79	S:0xC004F036	0xD21D	0	BCS      {pc}+0x3e ; 0xc004f074	true	
Instruction	80	S:0xC004F074	0x2600	8	MOVS     r6,#0	false	
Instruction	81	S:0xC004F076	0xE7EE	0	B        {pc}-0x20 ; 0xc004f056	true	
Instruction	82	S:0xC004F056	0x4B0F	3	LDR      r3,[pc,#60] ; [0xC004F094] = 0xC05FC59C	false	
Instruction	83	S:0xC004F058	0x4466	1	ADD      r6,r6,r12	false	
Instruction	84	S:0xC004F05A	0xF8CA6000	1	STR      r6,[r10,#0]	false	
Instruction	85	S:0xC004F05E	0xF8CA2004	1	STR      r2,[r10,#4]	false	
Instruction	86	S:0xC004F062	0x681B	3	LDR      r3,[r3,#0]	false	
Instruction	87	S:0xC004F064	0x2B00	2	CMP      r3,#0	false	
Instruction	88	S:0xC004F066	0xBF14	0	ITE      NE	false	
Instruction	89	S:0xC004F068	0xF06F000A	1	MVN      r0,#0xa	false	fail
Instruction	90	S:0xC004F06C	0x2000	0	MOVS     r0,#0	false	
Instruction	91	S:0xC004F06E	0xB004	1	ADD      sp,sp,#0x10	false	
Instruction	92	S:0xC004F070	0xE8BD87F0	3	POP      {r4-r10,pc}	true	
Instruction	93	S:0xC004F680	0xB900	4	CBNZ     r0,{pc}+4 ; 0xc004f684	true	fail
Instruction	94	S:0xC004F682	0xBD08	2	POP      {r3,pc}	true	
Instruction	95	S:0xC004F6AA	0x9801	3	LDR      r0,[sp,#4]	false	
Instruction	96	S:0xC004F6AC	0x9D00	1	LDR      r5,[sp,#0]	false	
Instruction	97	S:0xC004F6AE	0xF44F414A	0	MOV      r1,#0xca00	false	
Instruction	98	S:0xC004F6B2	0x4602	1	MOV      r2,r0	false	
Instruction	99	S:0xC004F6B4	0xF6C3319A	0	MOVT     r1,#0x3b9a	false	
Instruction	100	S:0xC004F6B8	0x2300	1	MOVS     r3,#0	false	
Instruction	101	S:0xC004F6BA	0x4620	0	MOV      r0,r4	false	
Instruction	102	S:0xC004F6BC	0xFBC12305	2	SMLAL    r2,r3,r1,r5	false	
Instruction	103	S:0xC004F6C0	0xE9C42300	1	STRD     r2,r3,[r4,#0]	false	
Instruction	104	S:0xC004F6C4	0xB003	1	ADD      sp,sp,#0xc	false	
Instruction	105	S:0xC004F6C6	0xBD30	3	POP      {r4,r5,pc}	true	
Cycle Count				6046	Tracing disabled		
Info					Tracing enabled		
Instruction	106	S:0xC0020A14	0xB500	1	PUSH     {lr}	false	
Instruction	107	S:0xC0020A16	0xF85DEB04	2	POP      {lr}	false	
Instruction	108	S:0xC0020A1A	0x466A	1	MOV      r2,sp	false	
Instruction	109	S:0xC0020A1C	0xF42253FF	1	BIC      r3,r2,#0x1fe0	false	
Instruction	110	S:0xC0020A20	0xF023031F	1	BIC      r3,r3,#0x1f	false	
Instruction	111	S:0xC0020A24	0x685A	5	LDR      r2,[r3,#4]	false	
Instruction	112	S:0xC0020A26	0xF5027200	2	ADD      r2,r2,#0x200	false	
Instruction	113	S:0xC0020A2A	0x605A	1	STR      r2,[r3,#4]	false	
Instruction	114	S:0xC0020A2C	0x4770	1	BX       lr	true	
Cycle Count				188	Tracing disabled		
Info					Tracing enabled		
Instruction	115	S:0xC0021104	0xB538	1	PUSH     {r3-r5,lr}	false	
Instruction	116	S:0xC0021106	0xB500	4	PUSH     {lr}	false	
Instruction	117	S:0xC0021108	0xF85DEB04	2	POP      {lr}	false	
Instruction	118	S:0xC002110C	0x466B	1	MOV      r3,sp	false	
Instruction	119	S:0xC002110E	0xF42354FF	1	BIC      r4,r3,#0x1fe0	false	
Instruction	120	S:0xC0021112	0x2300	0	MOVS     r3,#0	false	
Instruction	121	S:0xC0021114	0xF024041F	1	BIC      r4,r4,#0x1f	false	
Instruction	122	S:0xC0021118	0xF2C033FF	0	MOVT     r3,#0x3ff	false	
Instruction	123	S:0xC002111C	0x6862	3	LDR      r2,[r4,#4]	false	
Instruction	124	S:0xC002111E	0x4013	2	ANDS     r3,r3,r2	false	
Instruction	125	S:0xC0021120	0xB98B	1	CBNZ     r3,{pc}+0x26 ; 0xc0021146	true	fail
Instruction	126	S:0xC0021122	0xF3EF8300	1	MRS      r3,APSR ; formerly CPSR	false	
Instruction	127	S:0xC0021126	0x061B	3	LSLS     r3,r3,#24	false	
Instruction	128	S:0xC0021128	0xD40D	0	BMI      {pc}+0x1e ; 0xc0021146	true	fail
Instruction	129	S:0xC002112A	0x6863	1	LDR      r3,[r4,#4]	false	
Instruction	130	S:0xC002112C	0xF46F70FF	0	MVN      r0,#0x1fe	false	
Instruction	131	S:0xC0021130	0x181B	2	ADDS     r3,r3,r0	false	
Instruction	132	S:0xC0021132	0x6063	1	STR      r3,[r4,#4]	false	
Instruction	133	S:0xC0021134	0xF0234378	0	BIC      r3,r3,#0xf8000000	false	
Instruction	134	S:0xC0021138	0xF02303FF	1	BIC      r3,r3,#0xff	false	
Instruction	135	S:0xC002113C	0xB173	1	CBZ      r3,{pc}+0x20 ; 0xc002115c	true	
Instruction	136	S:0xC002115C	0x6963	1	LDR      r3,[r4,#0x14]	false	
Instruction	137	S:0xC002115E	0x4A06	3	LDR      r2,[pc,#24] ; [0xC0021178] = 0xC06498C0	false	
Instruction	138	S:0xC0021160	0x019B	5	LSLS     r3,r3,#6	false	
Instruction	139	S:0xC0021162	0x58D3	15	LDR      r3,[r2,r3]	false	
Instruction	140	S:0xC0021164	0x2B00	2	CMP      r3,#0	false	
Instruction	141	S:0xC0021166	0xD0EA	0	BEQ      {pc}-0x28 ; 0xc002113e	true	
Instruction	142	S:0xC002113E	0x6863	11	LDR      r3,[r4,#4]	false	
Instruction	143	S:0xC0021140	0x3B01	2	SUBS     r3,#1	false	
Instruction	144	S:0xC0021142	0x6063	1	STR      r3,[r4,#4]	false	
Instruction	145	S:0xC0021144	0xBD38	1	POP      {r3-r5,pc}	true	
Cycle Count				491	Tracing disabled		
Info					Tracing enabled		
Instruction	146	S:0xC0020A14	0xB500	1	PUSH     {lr}	false	
Instruction	147	S:0xC0020A16	0xF85DEB04	2	POP      {lr}	false	
Instruction	148	S:0xC0020A1A	0x466A	1	MOV      r2,sp	false	
Instruction	149	S:0xC0020A1C	0xF42253FF	1	BIC      r3,r2,#0x1fe0	false	
Instruction	150	S:0xC0020A20	0xF023031F	1	BIC      r3,r3,#0x1f	false	
Instruction	151	S:0xC0020A24	0x685A	5	LDR      r2,[r3,#4]	false	
Instruction	152	S:0xC0020A26	0xF5027200	2	ADD      r2,r2,#0x200	false	
Instruction	153	S:0xC0020A2A	0x605A	1	STR      r2,[r3,#4]	false	
Instruction	154	S:0xC0020A2C	0x4770	1	BX       lr	true	
Cycle Count				768	Tracing disabled		
Info					Tracing enabled		
Instruction	155	S:0xC0020A14	0xB500	1	PUSH     {lr}	false	
Instruction	156	S:0xC0020A16	0xF85DEB04	2	POP      {lr}	false	
Instruction	157	S:0xC0020A1A	0x466A	1	MOV      r2,sp	false	
Instruction	158	S:0xC0020A1C	0xF42253FF	1	BIC      r3,r2,#0x1fe0	false	
Instruction	159	S:0xC0020A20	0xF023031F	1	BIC      r3,r3,#0x1f	false	
Instruction	160	S:0xC0020A24	0x685A	3	LDR      r2,[r3,#4]	false	
Instruction	161	S:0xC0020A26	0xF5027200	2	ADD      r2,r2,#0x200	false	
Instruction	162	S:0xC0020A2A	0x605A	1	STR      r2,[r3,#4]	false	
Instruction	163	S:0xC0020A2C	0x4770	1	BX       lr	true	
Cycle Count				3715	Tracing disabled		
Info					Tracing enabled		
Instruction	164	S:0xC004F698	0xB530	1	PUSH     {r4,r5,lr}	false	
Instruction	165	S:0xC004F69A	0xB083	2	SUB      sp,sp,#0xc	false	
Instruction	166	S:0xC004F69C	0xB500	3	PUSH     {lr}	false	
Instruction	167	S:0xC004F69E	0xF85DEB04	2	POP      {lr}	false	
Instruction	168	S:0xC004F6A2	0x4604	0	MOV      r4,r0	false	
Instruction	169	S:0xC004F6A4	0x4668	1	MOV      r0,sp	false	
Instruction	170	S:0xC004F6A6	0xF7FFFFE5	1	BL       {pc}-0x32 ; 0xc004f674	true	
Instruction	171	S:0xC004F674	0xB508	1	PUSH     {r3,lr}	false	
Instruction	172	S:0xC004F676	0xB500	1	PUSH     {lr}	false	
Instruction	173	S:0xC004F678	0xF85DEB04	2	POP      {lr}	false	
Instruction	174	S:0xC004F67C	0xF7FFFC84	1	BL       {pc}-0x6f4 ; 0xc004ef88	true	
Instruction	175	S:0xC004EF88	0xE92D47F0	2	PUSH     {r4-r10,lr}	false	
Instruction	176	S:0xC004EF8C	0xB084	4	SUB      sp,sp,#0x10	false	
Instruction	177	S:0xC004EF8E	0xB500	3	PUSH     {lr}	false	
Instruction	178	S:0xC004EF90	0xF85DEB04	2	POP      {lr}	false	
Instruction	179	S:0xC004EF94	0x4D3E	12	LDR      r5,[pc,#248] ; [0xC004F090] = 0xC064D1C0	false	
Instruction	180	S:0xC004EF96	0x4682	0	MOV      r10,r0	false	
Instruction	181	S:0xC004EF98	0x462C	2	MOV      r4,r5	false	
Instruction	182	S:0xC004EF9A	0xF8D57090	3	LDR      r7,[r5,#0x90]	false	
Instruction	183	S:0xC004EF9E	0x07FE	3	LSLS     r6,r7,#31	false	
Instruction	184	S:0xC004EFA0	0xD46A	0	BMI      {pc}+0xd8 ; 0xc004f078	true	fail
Instruction	185	S:0xC004EFA2	0xF3BF8F5F	8	DMB      	false	
Instruction	186	S:0xC004EFA6	0x6BA3	28	LDR      r3,[r4,#0x38]	false	
Instruction	187	S:0xC004EFA8	0xF8CA3000	3	STR      r3,[r10,#0]	false	
Instruction	188	S:0xC004EFAC	0x6826	1	LDR      r6,[r4,#0]	false	
Instruction	189	S:0xC004EFAE	0x4630	2	MOV      r0,r6	false	
Instruction	190	S:0xC004EFB0	0x6833	3	LDR      r3,[r6,#0]	false	
Instruction	191	S:0xC004EFB2	0x4798	1	BLX      r3	true	
Timestamp					Timestamp: 562536960633		
Cycle Count				52	Tracing disabled		
Info					Tracing enabled		
Instruction	192	S:0xC004EFB4	0xE9D62302	1	LDRD     r2,r3,[r6,#8]	false	
Instruction	193	S:0xC004EFB8	0xE9CD2300	2	STRD     r2,r3,[sp,#0]	false	
Instruction	194	S:0xC004EFBC	0xE9D62304	1	LDRD     r2,r3,[r6,#0x10]	false	
Instruction	195	S:0xC004EFC0	0xE9CD2302	1	STRD     r2,r3,[sp,#8]	false	
Instruction	196	S:0xC004EFC4	0x6862	1	LDR      r2,[r4,#4]	false	
Instruction	197	S:0xC004EFC6	0x6C63	1	LDR      r3,[r4,#0x44]	false	
Instruction	198	S:0xC004EFC8	0x4680	0	MOV      r8,r0	false	
Instruction	199	S:0xC004EFCA	0x4689	1	MOV      r9,r1	false	
Instruction	200	S:0xC004EFCC	0x6C20	1	LDR      r0,[r4,#0x40]	false	
Instruction	201	S:0xC004EFCE	0x68A1	1	LDR      r1,[r4,#8]	false	
Instruction	202	S:0xC004EFD0	0xF3BF8F5F	1	DMB      	false	
Instruction	203	S:0xC004EFD4	0xF8D46090	27	LDR      r6,[r4,#0x90]	false	
Instruction	204	S:0xC004EFD8	0x42B7	2	CMP      r7,r6	false	
Instruction	205	S:0xC004EFDA	0xD1DE	0	BNE      {pc}-0x40 ; 0xc004ef9a	true	fail
Instruction	206	S:0xC004EFDC	0xE9DD4500	1	LDRD     r4,r5,[sp,#0]	false	
Instruction	207	S:0xC004EFE0	0xE9DD6702	1	LDRD     r6,r7,[sp,#8]	false	
Instruction	208	S:0xC004EFE4	0xEBB80804	1	SUBS     r8,r8,r4	false	
Instruction	209	S:0xC004EFE8	0xEB690905	1	SBC      r9,r9,r5	false	
Instruction	210	S:0xC004EFEC	0x4604	0	MOV      r4,r0	false	
Instruction	211	S:0xC004EFEE	0xEA080806	1	AND      r8,r8,r6	false	
Instruction	212	S:0xC004EFF2	0xEA090907	1	AND      r9,r9,r7	false	
Instruction	213	S:0xC004EFF6	0xF1C10020	1	RSB      r0,r1,#0x20	false	
Instruction	214	S:0xC004EFFA	0xF8DAC000	1	LDR      r12,[r10,#0]	false	
Instruction	215	S:0xC004EFFE	0xFBA86702	1	UMULL    r6,r7,r8,r2	false	
Instruction	216	S:0xC004F002	0x19A4	2	ADDS     r4,r4,r6	false	
Instruction	217	S:0xC004F004	0xFB027709	1	MLA      r7,r2,r9,r7	false	
Instruction	218	S:0xC004F008	0xFA24F201	1	LSR      r2,r4,r1	false	
Instruction	219	S:0xC004F00C	0xEB430507	1	ADC      r5,r3,r7	false	
Instruction	220	S:0xC004F010	0xF1B10620	0	SUBS     r6,r1,#0x20	false	
Instruction	221	S:0xC004F014	0xFA05F000	2	LSL      r0,r5,r0	false	
Instruction	222	S:0xC004F018	0xBF58	0	IT       PL	false	
Instruction	223	S:0xC004F01A	0xFA45F606	1	ASR      r6,r5,r6	false	fail
Instruction	224	S:0xC004F01E	0xEA420200	1	ORR      r2,r2,r0	false	
Instruction	225	S:0xC004F022	0xFA45F301	1	ASR      r3,r5,r1	false	
Instruction	226	S:0xC004F026	0xBF58	0	IT       PL	false	
Instruction	227	S:0xC004F028	0x4332	1	ORRS     r2,r2,r6	false	fail
Instruction	228	S:0xC004F02A	0xA715	0	ADR      r7,{pc}+0x56 ; 0xc004f080	false	
Instruction	229	S:0xC004F02C	0xE9D76700	3	LDRD     r6,r7,[r7,#0]	false	
Instruction	230	S:0xC004F030	0x429F	2	CMP      r7,r3	false	
Instruction	231	S:0xC004F032	0xBF08	0	IT       EQ	false	
Instruction	232	S:0xC004F034	0x4296	1	CMP      r6,r2	false	
Instruction	233	S:0xC004F036	0xD21D	0	BCS      {pc}+0x3e ; 0xc004f074	true	
Instruction	234	S:0xC004F074	0x2600	1	MOVS     r6,#0	false	
Instruction	235	S:0xC004F076	0xE7EE	0	B        {pc}-0x20 ; 0xc004f056	true	
Instruction	236	S:0xC004F056	0x4B0F	1	LDR      r3,[pc,#60] ; [0xC004F094] = 0xC05FC59C	false	
Instruction	237	S:0xC004F058	0x4466	1	ADD      r6,r6,r12	false	
Instruction	238	S:0xC004F05A	0xF8CA6000	1	STR      r6,[r10,#0]	false	
Instruction	239	S:0xC004F05E	0xF8CA2004	1	STR      r2,[r10,#4]	false	
Instruction	240	S:0xC004F062	0x681B	13	LDR      r3,[r3,#0]	false	
Instruction	241	S:0xC004F064	0x2B00	2	CMP      r3,#0	false	
Instruction	242	S:0xC004F066	0xBF14	0	ITE      NE	false	
Instruction	243	S:0xC004F068	0xF06F000A	1	MVN      r0,#0xa	false	fail
Instruction	244	S:0xC004F06C	0x2000	0	MOVS     r0,#0	false	
Instruction	245	S:0xC004F06E	0xB004	1	ADD      sp,sp,#0x10	false	
Instruction	246	S:0xC004F070	0xE8BD87F0	3	POP      {r4-r10,pc}	true	
Instruction	247	S:0xC004F680	0xB900	4	CBNZ     r0,{pc}+4 ; 0xc004f684	true	fail
Instruction	248	S:0xC004F682	0xBD08	2	POP      {r3,pc}	true	
Instruction	249	S:0xC004F6AA	0x9801	3	LDR      r0,[sp,#4]	false	
Instruction	250	S:0xC004F6AC	0x9D00	1	LDR      r5,[sp,#0]	false	
Instruction	251	S:0xC004F6AE	0xF44F414A	0	MOV      r1,#0xca00	false	
Instruction	252	S:0xC004F6B2	0x4602	1	MOV      r2,r0	false	
Instruction	253	S:0xC004F6B4	0xF6C3319A	0	MOVT     r1,#0x3b9a	false	
Instruction	254	S:0xC004F6B8	0x2300	1	MOVS     r3,#0	false	
Instruction	255	S:0xC004F6BA	0x4620	0	MOV      r0,r4	false	
Instruction	256	S:0xC004F6BC	0xFBC12305	2	SMLAL    r2,r3,r1,r5	false	
Instruction	257	S:0xC004F6C0	0xE9C42300	1	STRD     r2,r3,[r4,#0]	false	
Instruction	258	S:0xC004F6C4	0xB003	1	ADD      sp,sp,#0xc	false	
Instruction	259	S:0xC004F6C6	0xBD30	3	POP      {r4,r5,pc}	true	
Cycle Count				6649	Tracing disabled		
Info					Tracing enabled		
Instruction	260	S:0xC0021104	0xB538	1	PUSH     {r3-r5,lr}	false	
Instruction	261	S:0xC0021106	0xB500	4	PUSH     {lr}	false	
Instruction	262	S:0xC0021108	0xF85DEB04	2	POP      {lr}	false	
Instruction	263	S:0xC002110C	0x466B	1	MOV      r3,sp	false	
Instruction	264	S:0xC002110E	0xF42354FF	1	BIC      r4,r3,#0x1fe0	false	
Instruction	265	S:0xC0021112	0x2300	0	MOVS     r3,#0	false	
Instruction	266	S:0xC0021114	0xF024041F	1	BIC      r4,r4,#0x1f	false	
Instruction	267	S:0xC0021118	0xF2C033FF	0	MOVT     r3,#0x3ff	false	
Instruction	268	S:0xC002111C	0x6862	5	LDR      r2,[r4,#4]	false	
Instruction	269	S:0xC002111E	0x4013	2	ANDS     r3,r3,r2	false	
Instruction	270	S:0xC0021120	0xB98B	1	CBNZ     r3,{pc}+0x26 ; 0xc0021146	true	fail
Instruction	271	S:0xC0021122	0xF3EF8300	1	MRS      r3,APSR ; formerly CPSR	false	
Instruction	272	S:0xC0021126	0x061B	3	LSLS     r3,r3,#24	false	
Instruction	273	S:0xC0021128	0xD40D	0	BMI      {pc}+0x1e ; 0xc0021146	true	fail
Instruction	274	S:0xC002112A	0x6863	1	LDR      r3,[r4,#4]	false	
Instruction	275	S:0xC002112C	0xF46F70FF	0	MVN      r0,#0x1fe	false	
Instruction	276	S:0xC0021130	0x181B	2	ADDS     r3,r3,r0	false	
Instruction	277	S:0xC0021132	0x6063	1	STR      r3,[r4,#4]	false	
Instruction	278	S:0xC0021134	0xF0234378	0	BIC      r3,r3,#0xf8000000	false	
Instruction	279	S:0xC0021138	0xF02303FF	1	BIC      r3,r3,#0xff	false	
Instruction	280	S:0xC002113C	0xB173	1	CBZ      r3,{pc}+0x20 ; 0xc002115c	true	fail
Instruction	281	S:0xC002113E	0x6863	8	LDR      r3,[r4,#4]	false	
Instruction	282	S:0xC0021140	0x3B01	2	SUBS     r3,#1	false	
Instruction	283	S:0xC0021142	0x6063	1	STR      r3,[r4,#4]	false	
Instruction	284	S:0xC0021144	0xBD38	1	POP      {r3-r5,pc}	true	
Cycle Count				25	Tracing disabled		
Info					Tracing enabled		
Instruction	285	S:0xC0021104	0xB538	1	PUSH     {r3-r5,lr}	false	
Instruction	286	S:0xC0021106	0xB500	4	PUSH     {lr}	false	
Instruction	287	S:0xC0021108	0xF85DEB04	2	POP      {lr}	false	
Instruction	288	S:0xC002110C	0x466B	1	MOV      r3,sp	false	
Instruction	289	S:0xC002110E	0xF42354FF	1	BIC      r4,r3,#0x1fe0	false	
Instruction	290	S:0xC0021112	0x2300	0	MOVS     r3,#0	false	
Instruction	291	S:0xC0021114	0xF024041F	1	BIC      r4,r4,#0x1f	false	
Instruction	292	S:0xC0021118	0xF2C033FF	0	MOVT     r3,#0x3ff	false	
Instruction	293	S:0xC002111C	0x6862	3	LDR      r2,[r4,#4]	false	
Instruction	294	S:0xC002111E	0x4013	2	ANDS     r3,r3,r2	false	
Instruction	295	S:0xC0021120	0xB98B	1	CBNZ     r3,{pc}+0x26 ; 0xc0021146	true	fail
Instruction	296	S:0xC0021122	0xF3EF8300	15	MRS      r3,APSR ; formerly CPSR	false	
Instruction	297	S:0xC0021126	0x061B	3	LSLS     r3,r3,#24	false	
Instruction	298	S:0xC0021128	0xD40D	1	BMI      {pc}+0x1e ; 0xc0021146	true	fail
Instruction	299	S:0xC002112A	0x6863	1	LDR      r3,[r4,#4]	false	
Instruction	300	S:0xC002112C	0xF46F70FF	0	MVN      r0,#0x1fe	false	
Instruction	301	S:0xC0021130	0x181B	2	ADDS     r3,r3,r0	false	
Instruction	302	S:0xC0021132	0x6063	1	STR      r3,[r4,#4]	false	
Instruction	303	S:0xC0021134	0xF0234378	0	BIC      r3,r3,#0xf8000000	false	
Instruction	304	S:0xC0021138	0xF02303FF	1	BIC      r3,r3,#0xff	false	
Instruction	305	S:0xC002113C	0xB173	1	CBZ      r3,{pc}+0x20 ; 0xc002115c	true	
Instruction	306	S:0xC002115C	0x6963	8	LDR      r3,[r4,#0x14]	false	
Instruction	307	S:0xC002115E	0x4A06	1	LDR      r2,[pc,#24] ; [0xC0021178] = 0xC06498C0	false	
Instruction	308	S:0xC0021160	0x019B	2	LSLS     r3,r3,#6	false	
Instruction	309	S:0xC0021162	0x58D3	5	LDR      r3,[r2,r3]	false	
Instruction	310	S:0xC0021164	0x2B00	2	CMP      r3,#0	false	
Instruction	311	S:0xC0021166	0xD0EA	0	BEQ      {pc}-0x28 ; 0xc002113e	true	
Instruction	312	S:0xC002113E	0x6863	8	LDR      r3,[r4,#4]	false	
Instruction	313	S:0xC0021140	0x3B01	2	SUBS     r3,#1	false	
Instruction	314	S:0xC0021142	0x6063	1	STR      r3,[r4,#4]	false	
Instruction	315	S:0xC0021144	0xBD38	1	POP      {r3-r5,pc}	true	
Cycle Count				558	Tracing disabled		
Info					Tracing enabled		
Instruction	316	S:0xC0025DC4	0xE92D41F0	1	PUSH     {r4-r8,lr}	false	
Instruction	317	S:0xC0025DC8	0xB082	3	SUB      sp,sp,#8	false	
Instruction	318	S:0xC0025DCA	0xB500	3	PUSH     {lr}	false	
Instruction	319	S:0xC0025DCC	0xF85DEB04	2	POP      {lr}	false	
Instruction	320	S:0xC0025DD0	0x6983	1	LDR      r3,[r0,#0x18]	false	
Instruction	321	S:0xC0025DD2	0x4604	0	MOV      r4,r0	false	
Instruction	322	S:0xC0025DD4	0x460E	1	MOV      r6,r1	false	
Instruction	323	S:0xC0025DD6	0x2B00	1	CMP      r3,#0	false	
Instruction	324	S:0xC0025DD8	0x4677	0	MOV      r7,lr	false	
Instruction	325	S:0xC0025DDA	0xBFA8	1	IT       GE	false	
Instruction	326	S:0xC0025DDC	0x18CD	1	ADDS     r5,r1,r3	false	fail
Instruction	327	S:0xC0025DDE	0xDB55	0	BLT      {pc}+0xae ; 0xc0025e8c	true	
Instruction	328	S:0xC0025E8C	0x4B21	39	LDR      r3,[pc,#132] ; [0xC0025F14] = 0xC05F60C0	false	
Instruction	329	S:0xC0025E8E	0x681D	5	LDR      r5,[r3,#0]	false	
Instruction	330	S:0xC0025E90	0x1B4D	2	SUBS     r5,r1,r5	false	
Instruction	331	S:0xC0025E92	0x2DFF	1	CMP      r5,#0xff	false	
Instruction	332	S:0xC0025E94	0xDDA9	0	BLE      {pc}-0xaa ; 0xc0025dea	true	
Instruction	333	S:0xC0025DEA	0x6823	5	LDR      r3,[r4,#0]	false	
Instruction	334	S:0xC0025DEC	0xB113	2	CBZ      r3,{pc}+8 ; 0xc0025df4	true	
Instruction	335	S:0xC0025DF4	0x4B42	1	LDR      r3,[pc,#264] ; [0xC0025F00]	false	
Instruction	336	S:0xC0025DF6	0x681B	5	LDR      r3,[r3,#0]	false	
Instruction	337	S:0xC0025DF8	0x2B00	2	CMP      r3,#0	false	
Instruction	338	S:0xC0025DFA	0xD16A	0	BNE      {pc}+0xd8 ; 0xc0025ed2	true	fail
Instruction	339	S:0xC0025DFC	0x6923	1	LDR      r3,[r4,#0x10]	false	
Instruction	340	S:0xC0025DFE	0x2B00	2	CMP      r3,#0	false	
Instruction	341	S:0xC0025E00	0xD07C	9	BEQ      {pc}+0xfc ; 0xc0025efc	true	fail
Instruction	342	S:0xC0025E02	0xA901	21	ADD      r1,sp,#4	false	
Instruction	343	S:0xC0025E04	0x4620	0	MOV      r0,r4	false	
Instruction	344	S:0xC0025E06	0xF7FFFD61	1	BL       {pc}-0x53a ; 0xc00258cc	true	
Instruction	345	S:0xC00258CC	0xB5F8	18	PUSH     {r3-r7,lr}	false	
Instruction	346	S:0xC00258CE	0xB500	5	PUSH     {lr}	false	
Instruction	347	S:0xC00258D0	0xF85DEB04	2	POP      {lr}	false	
Instruction	348	S:0xC00258D4	0x4606	0	MOV      r6,r0	false	
Instruction	349	S:0xC00258D6	0x460F	1	MOV      r7,r1	false	
Instruction	350	S:0xC00258D8	0x68F5	2	LDR      r5,[r6,#0xc]	false	
Instruction	351	S:0xC00258DA	0xF0350403	2	BICS     r4,r5,#3	false	
Instruction	352	S:0xC00258DE	0x4620	1	MOV      r0,r4	false	
Instruction	353	S:0xC00258E0	0xD00A	5	BEQ      {pc}+0x18 ; 0xc00258f8	true	fail
Instruction	354	S:0xC00258E2	0xF3BEFE81	1	BL       {pc}+0x3bed06 ; 0xc03e45e8	true	
Cycle Count				123	Tracing disabled		
Info					Tracing enabled		
Instruction	355	S:0xC00258E6	0x6038	1	STR      r0,[r7,#0]	false	
Instruction	356	S:0xC00258E8	0x4601	1	MOV      r1,r0	false	
Instruction	357	S:0xC00258EA	0x68F2	1	LDR      r2,[r6,#0xc]	false	
Instruction	358	S:0xC00258EC	0x4620	0	MOV      r0,r4	false	
Instruction	359	S:0xC00258EE	0x4295	2	CMP      r5,r2	false	
Instruction	360	S:0xC00258F0	0xD100	0	BNE      {pc}+4 ; 0xc00258f4	true	fail
Instruction	361	S:0xC00258F2	0xBDF8	1	POP      {r3-r7,pc}	true	
Instruction	362	S:0xC0025E0A	0x2200	3	MOVS     r2,#0	false	
Instruction	363	S:0xC0025E0C	0x4607	0	MOV      r7,r0	false	
Instruction	364	S:0xC0025E0E	0x4620	1	MOV      r0,r4	false	
Instruction	365	S:0xC0025E10	0x4639	0	MOV      r1,r7	false	
Instruction	366	S:0xC0025E12	0xF7FFF849	1	BL       {pc}-0xf6a ; 0xc0024ea8	true	
Instruction	367	S:0xC0024EA8	0xB5F8	9	PUSH     {r3-r7,lr}	false	
Instruction	368	S:0xC0024EAA	0xB500	5	PUSH     {lr}	false	
Instruction	369	S:0xC0024EAC	0xF85DEB04	2	POP      {lr}	false	
Instruction	370	S:0xC0024EB0	0x4604	0	MOV      r4,r0	false	
Instruction	371	S:0xC0024EB2	0x6800	1	LDR      r0,[r0,#0]	false	
Instruction	372	S:0xC0024EB4	0x460E	0	MOV      r6,r1	false	
Instruction	373	S:0xC0024EB6	0x4617	1	MOV      r7,r2	false	
Instruction	374	S:0xC0024EB8	0xB1B8	1	CBZ      r0,{pc}+0x32 ; 0xc0024eea	true	
Instruction	375	S:0xC0024EEA	0xBDF8	25	POP      {r3-r7,pc}	true	
Instruction	376	S:0xC0025E16	0x4B3B	3	LDR      r3,[pc,#236] ; [0xC0025F04] = 0xC0635D88	false	
Instruction	377	S:0xC0025E18	0x6D5A	16	LDR      r2,[r3,#0x54]	false	
Instruction	378	S:0xC0025E1A	0x4680	0	MOV      r8,r0	false	
Instruction	379	S:0xC0025E1C	0x2A00	2	CMP      r2,#0	false	
Instruction	380	S:0xC0025E1E	0xD15D	0	BNE      {pc}+0xbe ; 0xc0025edc	true	fail
Instruction	381	S:0xC0025E20	0x4B39	20	LDR      r3,[pc,#228] ; [0xC0025F08] = 0xC05FC574	false	
Instruction	382	S:0xC0025E22	0x4669	0	MOV      r1,sp	false	
Instruction	383	S:0xC0025E24	0xF42152FF	1	BIC      r2,r1,#0x1fe0	false	
Instruction	384	S:0xC0025E28	0xF022021F	1	BIC      r2,r2,#0x1f	false	
Instruction	385	S:0xC0025E2C	0x681B	12	LDR      r3,[r3,#0]	false	
Instruction	386	S:0xC0025E2E	0x6955	2	LDR      r5,[r2,#0x14]	false	
Instruction	387	S:0xC0025E30	0x2B00	1	CMP      r3,#0	false	
Instruction	388	S:0xC0025E32	0xD142	0	BNE      {pc}+0x88 ; 0xc0025eba	true	
Instruction	389	S:0xC0025EBA	0x4628	8	MOV      r0,r5	false	
Instruction	390	S:0xC0025EBC	0xF017F826	0	BL       {pc}+0x17050 ; 0xc003cf0c	true	
Instruction	391	S:0xC003CF0C	0xB488	5	PUSH     {r3,r7}	false	
Instruction	392	S:0xC003CF0E	0xAF00	1	ADD      r7,sp,#0	false	
Instruction	393	S:0xC003CF10	0xB500	2	PUSH     {lr}	false	
Instruction	394	S:0xC003CF12	0xF85DEB04	2	POP      {lr}	false	
Instruction	395	S:0xC003CF16	0x4A0C	12	LDR      r2,[pc,#48] ; [0xC003CF48] = 0xC05FD5C0	false	
Instruction	396	S:0xC003CF18	0x4B0C	2	LDR      r3,[pc,#48] ; [0xC003CF4C] = 0xC05F3080	false	
Instruction	397	S:0xC003CF1A	0xF8522020	14	LDR      r2,[r2,r0,LSL #2]	false	
Instruction	398	S:0xC003CF1E	0x189B	2	ADDS     r3,r3,r2	false	
Instruction	399	S:0xC003CF20	0xF8D31460	15	LDR      r1,[r3,#0x460]	false	
Instruction	400	S:0xC003CF24	0xF8D32464	3	LDR      r2,[r3,#0x464]	false	
Instruction	401	S:0xC003CF28	0x4291	2	CMP      r1,r2	false	
Instruction	402	S:0xC003CF2A	0xD003	0	BEQ      {pc}+0xa ; 0xc003cf34	true	fail
Instruction	403	S:0xC003CF2C	0x2000	1	MOVS     r0,#0	false	
Instruction	404	S:0xC003CF2E	0x46BD	0	MOV      sp,r7	false	
Instruction	405	S:0xC003CF30	0xBC88	3	POP      {r3,r7}	false	
Instruction	406	S:0xC003CF32	0x4770	1	BX       lr	true	
Instruction	407	S:0xC0025EC0	0x2800	1	CMP      r0,#0	false	
Instruction	408	S:0xC0025EC2	0xD0B7	0	BEQ      {pc}-0x8e ; 0xc0025e34	true	
Instruction	409	S:0xC0025E34	0x4A35	3	LDR      r2,[pc,#212] ; [0xC0025F0C] = 0xC05FD5C0	false	
Instruction	410	S:0xC0025E36	0x4B36	3	LDR      r3,[pc,#216] ; [0xC0025F10] = 0xC05F0638	false	
Instruction	411	S:0xC0025E38	0xF8522025	1	LDR      r2,[r2,r5,LSL #2]	false	
Instruction	412	S:0xC0025E3C	0x58D5	15	LDR      r5,[r2,r3]	false	
Instruction	413	S:0xC0025E3E	0x42AF	2	CMP      r7,r5	false	
Instruction	414	S:0xC0025E40	0xD017	0	BEQ      {pc}+0x32 ; 0xc0025e72	true	fail
Instruction	415	S:0xC0025E42	0x687B	11	LDR      r3,[r7,#4]	false	
Instruction	416	S:0xC0025E44	0x429C	2	CMP      r4,r3	false	
Instruction	417	S:0xC0025E46	0xD057	1	BEQ      {pc}+0xb2 ; 0xc0025ef8	true	fail
Instruction	418	S:0xC0025E48	0x68E3	21	LDR      r3,[r4,#0xc]	false	
Instruction	419	S:0xC0025E4A	0xF0030303	2	AND      r3,r3,#3	false	
Instruction	420	S:0xC0025E4E	0x60E3	1	STR      r3,[r4,#0xc]	false	
Instruction	421	S:0xC0025E50	0xF3BF8F5F	1	DMB      	false	
Instruction	422	S:0xC0025E54	0x883B	31	LDRH     r3,[r7,#0]	false	
Instruction	423	S:0xC0025E56	0x3301	2	ADDS     r3,#1	false	
Instruction	424	S:0xC0025E58	0x803B	1	STRH     r3,[r7,#0]	false	
Instruction	425	S:0xC0025E5A	0xF3BF8F4F	31	DSB      	false	
Instruction	426	S:0xC0025E5E	0xF3AF8004	1	SEV.W    	false	
Instruction	427	S:0xC0025E62	0x4628	1	MOV      r0,r5	false	
Instruction	428	S:0xC0025E64	0xF3BEFBA8	0	BL       {pc}+0x3be754 ; 0xc03e45b8	true	
Cycle Count				106	Tracing disabled		
Info					Tracing enabled		
Instruction	429	S:0xC0025E68	0x68E3	1	LDR      r3,[r4,#0xc]	false	
Instruction	430	S:0xC0025E6A	0xF0030303	2	AND      r3,r3,#3	false	
Instruction	431	S:0xC0025E6E	0x432B	1	ORRS     r3,r3,r5	false	
Instruction	432	S:0xC0025E70	0x60E3	1	STR      r3,[r4,#0xc]	false	
Instruction	433	S:0xC0025E72	0x4621	0	MOV      r1,r4	false	
Instruction	434	S:0xC0025E74	0x4628	1	MOV      r0,r5	false	
Instruction	435	S:0xC0025E76	0x60A6	1	STR      r6,[r4,#8]	false	
Instruction	436	S:0xC0025E78	0xF7FFFDAA	0	BL       {pc}-0x4a8 ; 0xc00259d0	true	
Instruction	437	S:0xC00259D0	0xB538	1	PUSH     {r3-r5,lr}	false	
Instruction	438	S:0xC00259D2	0xB500	4	PUSH     {lr}	false	
Instruction	439	S:0xC00259D4	0xF85DEB04	2	POP      {lr}	false	
Instruction	440	S:0xC00259D8	0x460D	0	MOV      r5,r1	false	
Instruction	441	S:0xC00259DA	0x4604	1	MOV      r4,r0	false	
Instruction	442	S:0xC00259DC	0xF7FFF8F6	1	BL       {pc}-0xe10 ; 0xc0024bcc	true	
Instruction	443	S:0xC0024BCC	0xB418	6	PUSH     {r3,r4}	false	
Instruction	444	S:0xC0024BCE	0xB500	1	PUSH     {lr}	false	
Instruction	445	S:0xC0024BD0	0xF85DEB04	2	POP      {lr}	false	
Instruction	446	S:0xC0024BD4	0x6884	1	LDR      r4,[r0,#8]	false	
Instruction	447	S:0xC0024BD6	0x688A	2	LDR      r2,[r1,#8]	false	
Instruction	448	S:0xC0024BD8	0x1B13	2	SUBS     r3,r2,r4	false	
Instruction	449	S:0xC0024BDA	0x2BFF	1	CMP      r3,#0xff	false	
Instruction	450	S:0xC0024BDC	0xD922	0	BLS      {pc}+0x48 ; 0xc0024c24	true	
Instruction	451	S:0xC0024C24	0xB2D2	28	UXTB     r2,r2	false	
Instruction	452	S:0xC0024C26	0xEB0000C2	2	ADD      r0,r0,r2,LSL #3	false	
Instruction	453	S:0xC0024C2A	0x3014	1	ADDS     r0,r0,#0x14	false	
Instruction	454	S:0xC0024C2C	0xE7F3	1	B        {pc}-0x16 ; 0xc0024c16	true	
Instruction	455	S:0xC0024C16	0x6843	76	LDR      r3,[r0,#4]	false	
Instruction	456	S:0xC0024C18	0x6041	3	STR      r1,[r0,#4]	false	
Instruction	457	S:0xC0024C1A	0xE8810009	1	STM      r1,{r0,r3}	false	
Instruction	458	S:0xC0024C1E	0x6019	1	STR      r1,[r3,#0]	false	
Instruction	459	S:0xC0024C20	0xBC18	1	POP      {r3,r4}	false	
Instruction	460	S:0xC0024C22	0x4770	1	BX       lr	true	
Instruction	461	S:0xC00259E0	0x68EB	1	LDR      r3,[r5,#0xc]	false	
Instruction	462	S:0xC00259E2	0x07D8	3	LSLS     r0,r3,#31	false	
Instruction	463	S:0xC00259E4	0xD408	0	BMI      {pc}+0x14 ; 0xc00259f8	true	fail
Instruction	464	S:0xC00259E6	0x68AB	1	LDR      r3,[r5,#8]	false	
Instruction	465	S:0xC00259E8	0x68E2	1	LDR      r2,[r4,#0xc]	false	
Instruction	466	S:0xC00259EA	0x1A9A	2	SUBS     r2,r3,r2	false	
Instruction	467	S:0xC00259EC	0x2A00	1	CMP      r2,#0	false	
Instruction	468	S:0xC00259EE	0xBFB8	0	IT       LT	false	
Instruction	469	S:0xC00259F0	0x60E3	1	STR      r3,[r4,#0xc]	false	fail
Instruction	470	S:0xC00259F2	0x6923	1	LDR      r3,[r4,#0x10]	false	
Instruction	471	S:0xC00259F4	0x3301	2	ADDS     r3,#1	false	
Instruction	472	S:0xC00259F6	0x6123	1	STR      r3,[r4,#0x10]	false	
Instruction	473	S:0xC00259F8	0xBD38	1	POP      {r3-r5,pc}	true	
Instruction	474	S:0xC0025E7C	0x4628	3	MOV      r0,r5	false	
Instruction	475	S:0xC0025E7E	0x9901	1	LDR      r1,[sp,#4]	false	
Instruction	476	S:0xC0025E80	0xF3BEFBEA	0	BL       {pc}+0x3be7d8 ; 0xc03e4658	true	
Cycle Count				78	Tracing disabled		
Info					Tracing enabled		
Instruction	477	S:0xC0025E84	0x4640	1	MOV      r0,r8	false	
Instruction	478	S:0xC0025E86	0xB002	0	ADD      sp,sp,#8	false	
Instruction	479	S:0xC0025E88	0xE8BD81F0	3	POP      {r4-r8,pc}	true	
Cycle Count				683	Tracing disabled		
Info					Tracing enabled		
Instruction	480	S:0xC00202C8	0xB500	1	PUSH     {lr}	false	
Instruction	481	S:0xC00202CA	0xF85DEB04	2	POP      {lr}	false	
Instruction	482	S:0xC00202CE	0x2800	1	CMP      r0,#0	false	
Instruction	483	S:0xC00202D0	0xBFA1	0	ITTTT    GE	false	
Instruction	484	S:0xC00202D2	0xF64C43CD	1	MOV      r3,#0xcccd	false	
Instruction	485	S:0xC00202D6	0x3009	0	ADDS     r0,r0,#9	false	
Instruction	486	S:0xC00202D8	0xF6CC43CC	1	MOVT     r3,#0xcccc	false	
Instruction	487	S:0xC00202DC	0xFBA32000	2	UMULL    r2,r0,r3,r0	false	
Instruction	488	S:0xC00202E0	0xBFAE	12	ITEE     GE	false	
Instruction	489	S:0xC00202E2	0x08C0	1	LSRS     r0,r0,#3	false	
Instruction	490	S:0xC00202E4	0xF64F70FE	0	MOV      r0,#0xfffe	false	fail
Instruction	491	S:0xC00202E8	0xF6C370FF	1	MOVT     r0,#0x3fff	false	fail
Instruction	492	S:0xC00202EC	0x4770	1	BX       lr	true	
Cycle Count				41	Tracing disabled		
Info					Tracing enabled		
Instruction	493	S:0xC0025DC4	0xE92D41F0	1	PUSH     {r4-r8,lr}	false	
Instruction	494	S:0xC0025DC8	0xB082	3	SUB      sp,sp,#8	false	
Instruction	495	S:0xC0025DCA	0xB500	3	PUSH     {lr}	false	
Instruction	496	S:0xC0025DCC	0xF85DEB04	2	POP      {lr}	false	
Instruction	497	S:0xC0025DD0	0x6983	1	LDR      r3,[r0,#0x18]	false	
Instruction	498	S:0xC0025DD2	0x4604	0	MOV      r4,r0	false	
Instruction	499	S:0xC0025DD4	0x460E	1	MOV      r6,r1	false	
Instruction	500	S:0xC0025DD6	0x2B00	1	CMP      r3,#0	false	
Instruction	501	S:0xC0025DD8	0x4677	0	MOV      r7,lr	false	
Instruction	502	S:0xC0025DDA	0xBFA8	1	IT       GE	false	
Instruction	503	S:0xC0025DDC	0x18CD	1	ADDS     r5,r1,r3	false	fail
Instruction	504	S:0xC0025DDE	0xDB55	0	BLT      {pc}+0xae ; 0xc0025e8c	true	
Instruction	505	S:0xC0025E8C	0x4B21	10	LDR      r3,[pc,#132] ; [0xC0025F14] = 0xC05F60C0	false	
Instruction	506	S:0xC0025E8E	0x681D	3	LDR      r5,[r3,#0]	false	
Instruction	507	S:0xC0025E90	0x1B4D	2	SUBS     r5,r1,r5	false	
Instruction	508	S:0xC0025E92	0x2DFF	1	CMP      r5,#0xff	false	
Instruction	509	S:0xC0025E94	0xDDA9	0	BLE      {pc}-0xaa ; 0xc0025dea	true	
Instruction	510	S:0xC0025DEA	0x6823	22	LDR      r3,[r4,#0]	false	
Instruction	511	S:0xC0025DEC	0xB113	2	CBZ      r3,{pc}+8 ; 0xc0025df4	true	fail
Instruction	512	S:0xC0025DEE	0x68A3	1	LDR      r3,[r4,#8]	false	
Instruction	513	S:0xC0025DF0	0x42B3	2	CMP      r3,r6	false	
Instruction	514	S:0xC0025DF2	0xD06B	0	BEQ      {pc}+0xda ; 0xc0025ecc	true	fail
Instruction	515	S:0xC0025DF4	0x4B42	8	LDR      r3,[pc,#264] ; [0xC0025F00]	false	
Instruction	516	S:0xC0025DF6	0x681B	5	LDR      r3,[r3,#0]	false	
Instruction	517	S:0xC0025DF8	0x2B00	2	CMP      r3,#0	false	
Instruction	518	S:0xC0025DFA	0xD16A	0	BNE      {pc}+0xd8 ; 0xc0025ed2	true	fail
Instruction	519	S:0xC0025DFC	0x6923	1	LDR      r3,[r4,#0x10]	false	
Instruction	520	S:0xC0025DFE	0x2B00	2	CMP      r3,#0	false	
Instruction	521	S:0xC0025E00	0xD07C	0	BEQ      {pc}+0xfc ; 0xc0025efc	true	fail
Instruction	522	S:0xC0025E02	0xA901	1	ADD      r1,sp,#4	false	
Instruction	523	S:0xC0025E04	0x4620	0	MOV      r0,r4	false	
Instruction	524	S:0xC0025E06	0xF7FFFD61	1	BL       {pc}-0x53a ; 0xc00258cc	true	
Instruction	525	S:0xC00258CC	0xB5F8	1	PUSH     {r3-r7,lr}	false	
Instruction	526	S:0xC00258CE	0xB500	5	PUSH     {lr}	false	
Instruction	527	S:0xC00258D0	0xF85DEB04	2	POP      {lr}	false	
Instruction	528	S:0xC00258D4	0x4606	0	MOV      r6,r0	false	
Instruction	529	S:0xC00258D6	0x460F	1	MOV      r7,r1	false	
Instruction	530	S:0xC00258D8	0x68F5	2	LDR      r5,[r6,#0xc]	false	
Instruction	531	S:0xC00258DA	0xF0350403	2	BICS     r4,r5,#3	false	
Instruction	532	S:0xC00258DE	0x4620	1	MOV      r0,r4	false	
Instruction	533	S:0xC00258E0	0xD00A	0	BEQ      {pc}+0x18 ; 0xc00258f8	true	fail
Instruction	534	S:0xC00258E2	0xF3BEFE81	1	BL       {pc}+0x3bed06 ; 0xc03e45e8	true	
Cycle Count				63	Tracing disabled		
Info					Tracing enabled		
Instruction	535	S:0xC00258E6	0x6038	1	STR      r0,[r7,#0]	false	
Instruction	536	S:0xC00258E8	0x4601	1	MOV      r1,r0	false	
Instruction	537	S:0xC00258EA	0x68F2	1	LDR      r2,[r6,#0xc]	false	
Instruction	538	S:0xC00258EC	0x4620	0	MOV      r0,r4	false	
Instruction	539	S:0xC00258EE	0x4295	2	CMP      r5,r2	false	
Instruction	540	S:0xC00258F0	0xD100	0	BNE      {pc}+4 ; 0xc00258f4	true	fail
Instruction	541	S:0xC00258F2	0xBDF8	1	POP      {r3-r7,pc}	true	
Instruction	542	S:0xC0025E0A	0x2200	3	MOVS     r2,#0	false	
Instruction	543	S:0xC0025E0C	0x4607	0	MOV      r7,r0	false	
Instruction	544	S:0xC0025E0E	0x4620	1	MOV      r0,r4	false	
Instruction	545	S:0xC0025E10	0x4639	0	MOV      r1,r7	false	
Instruction	546	S:0xC0025E12	0xF7FFF849	1	BL       {pc}-0xf6a ; 0xc0024ea8	true	
Instruction	547	S:0xC0024EA8	0xB5F8	1	PUSH     {r3-r7,lr}	false	
Instruction	548	S:0xC0024EAA	0xB500	5	PUSH     {lr}	false	
Instruction	549	S:0xC0024EAC	0xF85DEB04	2	POP      {lr}	false	
Instruction	550	S:0xC0024EB0	0x4604	0	MOV      r4,r0	false	
Instruction	551	S:0xC0024EB2	0x6800	1	LDR      r0,[r0,#0]	false	
Instruction	552	S:0xC0024EB4	0x460E	0	MOV      r6,r1	false	
Instruction	553	S:0xC0024EB6	0x4617	1	MOV      r7,r2	false	
Instruction	554	S:0xC0024EB8	0xB1B8	1	CBZ      r0,{pc}+0x32 ; 0xc0024eea	true	fail
Instruction	555	S:0xC0024EBA	0x4B17	55	LDR      r3,[pc,#92] ; [0xC0024F18] = 0xC0635D88	false	
Instruction	556	S:0xC0024EBC	0x685A	15	LDR      r2,[r3,#4]	false	
Instruction	557	S:0xC0024EBE	0xB9E2	2	CBNZ     r2,{pc}+0x3c ; 0xc0024efa	true	fail
Instruction	558	S:0xC0024EC0	0x6863	1	LDR      r3,[r4,#4]	false	
Instruction	559	S:0xC0024EC2	0x6043	3	STR      r3,[r0,#4]	false	
Instruction	560	S:0xC0024EC4	0x6018	3	STR      r0,[r3,#0]	false	
Instruction	561	S:0xC0024EC6	0xB98F	1	CBNZ     r7,{pc}+0x26 ; 0xc0024eec	true	fail
Instruction	562	S:0xC0024EC8	0x68E2	1	LDR      r2,[r4,#0xc]	false	
Instruction	563	S:0xC0024ECA	0xF44F7300	0	MOV      r3,#0x200	false	
Instruction	564	S:0xC0024ECE	0xF2C00320	1	MOVT     r3,#0x20	false	
Instruction	565	S:0xC0024ED2	0x6063	1	STR      r3,[r4,#4]	false	
Instruction	566	S:0xC0024ED4	0x07D3	1	LSLS     r3,r2,#31	false	
Instruction	567	S:0xC0024ED6	0xD406	0	BMI      {pc}+0x10 ; 0xc0024ee6	true	fail
Instruction	568	S:0xC0024ED8	0x6932	1	LDR      r2,[r6,#0x10]	false	
Instruction	569	S:0xC0024EDA	0x68F3	1	LDR      r3,[r6,#0xc]	false	
Instruction	570	S:0xC0024EDC	0x3A01	1	SUBS     r2,#1	false	
Instruction	571	S:0xC0024EDE	0x6132	1	STR      r2,[r6,#0x10]	false	
Instruction	572	S:0xC0024EE0	0x68A2	1	LDR      r2,[r4,#8]	false	
Instruction	573	S:0xC0024EE2	0x429A	2	CMP      r2,r3	false	
Instruction	574	S:0xC0024EE4	0xD005	0	BEQ      {pc}+0xe ; 0xc0024ef2	true	fail
Instruction	575	S:0xC0024EE6	0x2001	1	MOVS     r0,#1	false	
Instruction	576	S:0xC0024EE8	0xBDF8	3	POP      {r3-r7,pc}	true	
Instruction	577	S:0xC0025E16	0x4B3B	5	LDR      r3,[pc,#236] ; [0xC0025F04] = 0xC0635D88	false	
Instruction	578	S:0xC0025E18	0x6D5A	3	LDR      r2,[r3,#0x54]	false	
Instruction	579	S:0xC0025E1A	0x4680	0	MOV      r8,r0	false	
Instruction	580	S:0xC0025E1C	0x2A00	2	CMP      r2,#0	false	
Instruction	581	S:0xC0025E1E	0xD15D	0	BNE      {pc}+0xbe ; 0xc0025edc	true	fail
Instruction	582	S:0xC0025E20	0x4B39	1	LDR      r3,[pc,#228] ; [0xC0025F08] = 0xC05FC574	false	
Instruction	583	S:0xC0025E22	0x4669	0	MOV      r1,sp	false	
Instruction	584	S:0xC0025E24	0xF42152FF	1	BIC      r2,r1,#0x1fe0	false	
Instruction	585	S:0xC0025E28	0xF022021F	1	BIC      r2,r2,#0x1f	false	
Instruction	586	S:0xC0025E2C	0x681B	1	LDR      r3,[r3,#0]	false	
Instruction	587	S:0xC0025E2E	0x6955	4	LDR      r5,[r2,#0x14]	false	
Instruction	588	S:0xC0025E30	0x2B00	1	CMP      r3,#0	false	
Instruction	589	S:0xC0025E32	0xD142	0	BNE      {pc}+0x88 ; 0xc0025eba	true	
Instruction	590	S:0xC0025EBA	0x4628	8	MOV      r0,r5	false	
Instruction	591	S:0xC0025EBC	0xF017F826	0	BL       {pc}+0x17050 ; 0xc003cf0c	true	
Instruction	592	S:0xC003CF0C	0xB488	3	PUSH     {r3,r7}	false	
Instruction	593	S:0xC003CF0E	0xAF00	1	ADD      r7,sp,#0	false	
Instruction	594	S:0xC003CF10	0xB500	2	PUSH     {lr}	false	
Instruction	595	S:0xC003CF12	0xF85DEB04	2	POP      {lr}	false	
Instruction	596	S:0xC003CF16	0x4A0C	2	LDR      r2,[pc,#48] ; [0xC003CF48] = 0xC05FD5C0	false	
Instruction	597	S:0xC003CF18	0x4B0C	2	LDR      r3,[pc,#48] ; [0xC003CF4C] = 0xC05F3080	false	
Instruction	598	S:0xC003CF1A	0xF8522020	3	LDR      r2,[r2,r0,LSL #2]	false	
Instruction	599	S:0xC003CF1E	0x189B	2	ADDS     r3,r3,r2	false	
Instruction	600	S:0xC003CF20	0xF8D31460	5	LDR      r1,[r3,#0x460]	false	
Instruction	601	S:0xC003CF24	0xF8D32464	3	LDR      r2,[r3,#0x464]	false	
Instruction	602	S:0xC003CF28	0x4291	2	CMP      r1,r2	false	
Instruction	603	S:0xC003CF2A	0xD003	0	BEQ      {pc}+0xa ; 0xc003cf34	true	fail
Instruction	604	S:0xC003CF2C	0x2000	8	MOVS     r0,#0	false	
Instruction	605	S:0xC003CF2E	0x46BD	0	MOV      sp,r7	false	
Instruction	606	S:0xC003CF30	0xBC88	3	POP      {r3,r7}	false	
Instruction	607	S:0xC003CF32	0x4770	1	BX       lr	true	
Instruction	608	S:0xC0025EC0	0x2800	1	CMP      r0,#0	false	
Instruction	609	S:0xC0025EC2	0xD0B7	0	BEQ      {pc}-0x8e ; 0xc0025e34	true	
Instruction	610	S:0xC0025E34	0x4A35	66	LDR      r2,[pc,#212] ; [0xC0025F0C] = 0xC05FD5C0	false	
Instruction	611	S:0xC0025E36	0x4B36	3	LDR      r3,[pc,#216] ; [0xC0025F10] = 0xC05F0638	false	
Instruction	612	S:0xC0025E38	0xF8522025	1	LDR      r2,[r2,r5,LSL #2]	false	
Instruction	613	S:0xC0025E3C	0x58D5	5	LDR      r5,[r2,r3]	false	
Instruction	614	S:0xC0025E3E	0x42AF	2	CMP      r7,r5	false	
Instruction	615	S:0xC0025E40	0xD017	0	BEQ      {pc}+0x32 ; 0xc0025e72	true	
Instruction	616	S:0xC0025E72	0x4621	8	MOV      r1,r4	false	
Instruction	617	S:0xC0025E74	0x4628	0	MOV      r0,r5	false	
Instruction	618	S:0xC0025E76	0x60A6	3	STR      r6,[r4,#8]	false	
Instruction	619	S:0xC0025E78	0xF7FFFDAA	0	BL       {pc}-0x4a8 ; 0xc00259d0	true	
Instruction	620	S:0xC00259D0	0xB538	3	PUSH     {r3-r5,lr}	false	
Instruction	621	S:0xC00259D2	0xB500	4	PUSH     {lr}	false	
Instruction	622	S:0xC00259D4	0xF85DEB04	2	POP      {lr}	false	
Instruction	623	S:0xC00259D8	0x460D	0	MOV      r5,r1	false	
Instruction	624	S:0xC00259DA	0x4604	1	MOV      r4,r0	false	
Instruction	625	S:0xC00259DC	0xF7FFF8F6	1	BL       {pc}-0xe10 ; 0xc0024bcc	true	
Instruction	626	S:0xC0024BCC	0xB418	1	PUSH     {r3,r4}	false	
Instruction	627	S:0xC0024BCE	0xB500	1	PUSH     {lr}	false	
Instruction	628	S:0xC0024BD0	0xF85DEB04	2	POP      {lr}	false	
Instruction	629	S:0xC0024BD4	0x6884	1	LDR      r4,[r0,#8]	false	
Instruction	630	S:0xC0024BD6	0x688A	2	LDR      r2,[r1,#8]	false	
Instruction	631	S:0xC0024BD8	0x1B13	2	SUBS     r3,r2,r4	false	
Instruction	632	S:0xC0024BDA	0x2BFF	1	CMP      r3,#0xff	false	
Instruction	633	S:0xC0024BDC	0xD922	0	BLS      {pc}+0x48 ; 0xc0024c24	true	
Instruction	634	S:0xC0024C24	0xB2D2	8	UXTB     r2,r2	false	
Instruction	635	S:0xC0024C26	0xEB0000C2	2	ADD      r0,r0,r2,LSL #3	false	
Instruction	636	S:0xC0024C2A	0x3014	1	ADDS     r0,r0,#0x14	false	
Instruction	637	S:0xC0024C2C	0xE7F3	1	B        {pc}-0x16 ; 0xc0024c16	true	
Instruction	638	S:0xC0024C16	0x6843	2	LDR      r3,[r0,#4]	false	
Instruction	639	S:0xC0024C18	0x6041	1	STR      r1,[r0,#4]	false	
Instruction	640	S:0xC0024C1A	0xE8810009	1	STM      r1,{r0,r3}	false	
Instruction	641	S:0xC0024C1E	0x6019	1	STR      r1,[r3,#0]	false	
Instruction	642	S:0xC0024C20	0xBC18	1	POP      {r3,r4}	false	
Instruction	643	S:0xC0024C22	0x4770	1	BX       lr	true	
Instruction	644	S:0xC00259E0	0x68EB	1	LDR      r3,[r5,#0xc]	false	
Instruction	645	S:0xC00259E2	0x07D8	3	LSLS     r0,r3,#31	false	
Instruction	646	S:0xC00259E4	0xD408	0	BMI      {pc}+0x14 ; 0xc00259f8	true	fail
Instruction	647	S:0xC00259E6	0x68AB	1	LDR      r3,[r5,#8]	false	
Instruction	648	S:0xC00259E8	0x68E2	1	LDR      r2,[r4,#0xc]	false	
Instruction	649	S:0xC00259EA	0x1A9A	2	SUBS     r2,r3,r2	false	
Instruction	650	S:0xC00259EC	0x2A00	1	CMP      r2,#0	false	
Instruction	651	S:0xC00259EE	0xBFB8	0	IT       LT	false	
Instruction	652	S:0xC00259F0	0x60E3	1	STR      r3,[r4,#0xc]	false	fail
Instruction	653	S:0xC00259F2	0x6923	1	LDR      r3,[r4,#0x10]	false	
Instruction	654	S:0xC00259F4	0x3301	2	ADDS     r3,#1	false	
Instruction	655	S:0xC00259F6	0x6123	1	STR      r3,[r4,#0x10]	false	
Instruction	656	S:0xC00259F8	0xBD38	1	POP      {r3-r5,pc}	true	
Instruction	657	S:0xC0025E7C	0x4628	3	MOV      r0,r5	false	
Instruction	658	S:0xC0025E7E	0x9901	1	LDR      r1,[sp,#4]	false	
Instruction	659	S:0xC0025E80	0xF3BEFBEA	0	BL       {pc}+0x3be7d8 ; 0xc03e4658	true	
Cycle Count				74	Tracing disabled		
Info					Tracing enabled		
Instruction	660	S:0xC0025E84	0x4640	1	MOV      r0,r8	false	
Instruction	661	S:0xC0025E86	0xB002	0	ADD      sp,sp,#8	false	
Instruction	662	S:0xC0025E88	0xE8BD81F0	3	POP      {r4-r8,pc}	true	
Cycle Count				291	Tracing disabled		
Info					Tracing enabled		
Instruction	663	S:0xC0020A14	0xB500	1	PUSH     {lr}	false	
Instruction	664	S:0xC0020A16	0xF85DEB04	2	POP      {lr}	false	
Instruction	665	S:0xC0020A1A	0x466A	1	MOV      r2,sp	false	
Instruction	666	S:0xC0020A1C	0xF42253FF	1	BIC      r3,r2,#0x1fe0	false	
Instruction	667	S:0xC0020A20	0xF023031F	1	BIC      r3,r3,#0x1f	false	
Instruction	668	S:0xC0020A24	0x685A	5	LDR      r2,[r3,#4]	false	
Instruction	669	S:0xC0020A26	0xF5027200	2	ADD      r2,r2,#0x200	false	
Instruction	670	S:0xC0020A2A	0x605A	1	STR      r2,[r3,#4]	false	
Instruction	671	S:0xC0020A2C	0x4770	1	BX       lr	true	
Cycle Count				331	Tracing disabled		
Info					Tracing enabled		
Instruction	672	S:0xC002108C	0xB538	1	PUSH     {r3-r5,lr}	false	
Timestamp					Timestamp: 562536961348		
Instruction	673	S:0xC002108E	0xB500	4	PUSH     {lr}	false	
Instruction	674	S:0xC0021090	0xF85DEB04	2	POP      {lr}	false	
Instruction	675	S:0xC0021094	0x466B	1	MOV      r3,sp	false	
Instruction	676	S:0xC0021096	0xF42354FF	1	BIC      r4,r3,#0x1fe0	false	
Instruction	677	S:0xC002109A	0x2300	0	MOVS     r3,#0	false	
Instruction	678	S:0xC002109C	0xF024041F	1	BIC      r4,r4,#0x1f	false	
Instruction	679	S:0xC00210A0	0xF2C033FF	0	MOVT     r3,#0x3ff	false	
Instruction	680	S:0xC00210A4	0x6862	3	LDR      r2,[r4,#4]	false	
Instruction	681	S:0xC00210A6	0x4013	2	ANDS     r3,r3,r2	false	
Instruction	682	S:0xC00210A8	0xB98B	1	CBNZ     r3,{pc}+0x26 ; 0xc00210ce	true	fail
Instruction	683	S:0xC00210AA	0xF3EF8300	1	MRS      r3,APSR ; formerly CPSR	false	
Instruction	684	S:0xC00210AE	0x0619	3	LSLS     r1,r3,#24	false	
Instruction	685	S:0xC00210B0	0xD40D	0	BMI      {pc}+0x1e ; 0xc00210ce	true	fail
Instruction	686	S:0xC00210B2	0x6863	1	LDR      r3,[r4,#4]	false	
Instruction	687	S:0xC00210B4	0xF46F72FF	0	MVN      r2,#0x1fe	false	
Instruction	688	S:0xC00210B8	0x189B	2	ADDS     r3,r3,r2	false	
Instruction	689	S:0xC00210BA	0x6063	1	STR      r3,[r4,#4]	false	
Instruction	690	S:0xC00210BC	0xF0234378	0	BIC      r3,r3,#0xf8000000	false	
Instruction	691	S:0xC00210C0	0xF02303FF	1	BIC      r3,r3,#0xff	false	
Instruction	692	S:0xC00210C4	0xB173	1	CBZ      r3,{pc}+0x20 ; 0xc00210e4	true	
Instruction	693	S:0xC00210E4	0x6963	15	LDR      r3,[r4,#0x14]	false	
Instruction	694	S:0xC00210E6	0x4A06	13	LDR      r2,[pc,#24] ; [0xC0021100] = 0xC06498C0	false	
Instruction	695	S:0xC00210E8	0x019B	2	LSLS     r3,r3,#6	false	
Instruction	696	S:0xC00210EA	0x58D3	3	LDR      r3,[r2,r3]	false	
Instruction	697	S:0xC00210EC	0x2B00	2	CMP      r3,#0	false	
Instruction	698	S:0xC00210EE	0xD0EA	0	BEQ      {pc}-0x28 ; 0xc00210c6	true	
Instruction	699	S:0xC00210C6	0x6863	8	LDR      r3,[r4,#4]	false	
Instruction	700	S:0xC00210C8	0x3B01	2	SUBS     r3,#1	false	
Instruction	701	S:0xC00210CA	0x6063	1	STR      r3,[r4,#4]	false	
Instruction	702	S:0xC00210CC	0xBD38	1	POP      {r3-r5,pc}	true	
Cycle Count				395	Tracing disabled		
Info					Tracing enabled		
Instruction	703	S:0xC00361D8	0xB500	1	PUSH     {lr}	false	
Instruction	704	S:0xC00361DA	0xF85DEB04	2	POP      {lr}	false	
Instruction	705	S:0xC00361DE	0x4603	1	MOV      r3,r0	false	
Instruction	706	S:0xC00361E0	0x6800	70	LDR      r0,[r0,#0]	false	
Instruction	707	S:0xC00361E2	0xF0000001	2	AND      r0,r0,#1	false	
Instruction	708	S:0xC00361E6	0xEE1D1F90	1	MRC      p15,#0x0,r1,c13,c0,#4	false	
Instruction	709	S:0xC00361EA	0x685A	1	LDR      r2,[r3,#4]	false	
Instruction	710	S:0xC00361EC	0x188A	3	ADDS     r2,r1,r2	false	
Instruction	711	S:0xC00361EE	0xF8521020	15	LDR      r1,[r2,r0,LSL #2]	false	
Instruction	712	S:0xC00361F2	0x3101	2	ADDS     r1,#1	false	
Instruction	713	S:0xC00361F4	0xF8421020	1	STR      r1,[r2,r0,LSL #2]	false	
Instruction	714	S:0xC00361F8	0xF3BF8F5F	1	DMB      	false	
Instruction	715	S:0xC00361FC	0xEE1D1F90	1	MRC      p15,#0x0,r1,c13,c0,#4	false	
Instruction	716	S:0xC0036200	0x685B	48	LDR      r3,[r3,#4]	false	
Instruction	717	S:0xC0036202	0x1C82	0	ADDS     r2,r0,#2	false	
Instruction	718	S:0xC0036204	0x18CB	3	ADDS     r3,r1,r3	false	
Instruction	719	S:0xC0036206	0xF8531022	3	LDR      r1,[r3,r2,LSL #2]	false	
Instruction	720	S:0xC003620A	0x3101	2	ADDS     r1,#1	false	
Instruction	721	S:0xC003620C	0xF8431022	1	STR      r1,[r3,r2,LSL #2]	false	
Instruction	722	S:0xC0036210	0x4770	1	BX       lr	true	
Cycle Count				115	Tracing disabled		
Info					Tracing enabled		
Instruction	723	S:0xC0036214	0xB418	1	PUSH     {r3,r4}	false	
Instruction	724	S:0xC0036216	0xB500	1	PUSH     {lr}	false	
Instruction	725	S:0xC0036218	0xF85DEB04	2	POP      {lr}	false	
Instruction	726	S:0xC003621C	0xF3BF8F5F	1	DMB      	false	
Instruction	727	S:0xC0036220	0xF3EF8400	1	MRS      r4,APSR ; formerly CPSR	false	
Instruction	728	S:0xC0036224	0xB672	1	CPSID    i	false	
Instruction	729	S:0xC0036226	0x6842	30	LDR      r2,[r0,#4]	false	
Instruction	730	S:0xC0036228	0xEE1D3F90	1	MRC      p15,#0x0,r3,c13,c0,#4	false	
Instruction	731	S:0xC003622C	0xEB020181	1	ADD      r1,r2,r1,LSL #2	false	
Instruction	732	S:0xC0036230	0x585A	3	LDR      r2,[r3,r1]	false	
Instruction	733	S:0xC0036232	0x3A01	2	SUBS     r2,#1	false	
Instruction	734	S:0xC0036234	0x505A	1	STR      r2,[r3,r1]	false	
Instruction	735	S:0xC0036236	0xF3848100	1	MSR      CPSR_c,r4	false	
Instruction	736	S:0xC003623A	0xBC18	5	POP      {r3,r4}	false	
Instruction	737	S:0xC003623C	0x4770	1	BX       lr	true	
Cycle Count				120	Tracing disabled		
Info					Tracing enabled		
Instruction	738	S:0xC000CD40	0xB672	1	CPSID    i	false	
Instruction	739	S:0xC000CD42	0xF8D91000	4	LDR      r1,[r9,#0]	false	
Instruction	740	S:0xC000CD46	0xF0110F07	2	TST      r1,#7	false	
Instruction	741	S:0xC000CD4A	0xF040801C	0	BNE.W    {pc}+0x3c ; 0xc000cd86	true	fail
Instruction	742	S:0xC000CD4E	0xF3BF8F2F	1	CLREX    	false	
Instruction	743	S:0xC000CD52	0x466A	1	MOV      r2,sp	false	
Instruction	744	S:0xC000CD54	0xF3EF8300	1	MRS      r3,APSR ; formerly CPSR	false	
Instruction	745	S:0xC000CD58	0xF083030C	2	EOR      r3,r3,#0xc	false	
Instruction	746	S:0xC000CD5C	0xF3838100	3	MSR      CPSR_c,r3	false	
Instruction	747	S:0xC000CD60	0xF8D2D03C	5	LDR      sp,[r2,#0x3c]	false	
Instruction	748	S:0xC000CD64	0xF8D2E040	1	LDR      lr,[r2,#0x40]	false	
Instruction	749	S:0xC000CD68	0xF083030C	0	EOR      r3,r3,#0xc	false	
Instruction	750	S:0xC000CD6C	0xF3838100	3	MSR      CPSR_c,r3	false	
Instruction	751	S:0xC000CD70	0x9912	5	LDR      r1,[sp,#0x48]	false	
Instruction	752	S:0xC000CD72	0xF8DDE044	1	LDR      lr,[sp,#0x44]	false	
Instruction	753	S:0xC000CD76	0xB00F	0	ADD      sp,sp,#0x3c	false	
Instruction	754	S:0xC000CD78	0xF3918F00	2	MSR      SPSR_cxsf,r1	false	
Instruction	755	S:0xC000CD7C	0xE91D1FFE	5	LDMDB    sp,{r1-r12}	false	
Instruction	756	S:0xC000CD80	0xB005	7	ADD      sp,sp,#0x14	false	
Instruction	757	S:0xC000CD82	0xF3DE8F00	1	SUBS     pc,lr,#0	true	
Info					Return from exception		
Timestamp					Timestamp: 562536961413		
Cycle Count				2136	Tracing disabled		
Info					Tracing enabled		
Instruction	758	S:0xC000CE40	0xB092	1	SUB      sp,sp,#0x48	false	
Timestamp					Timestamp: 562536961560		
Instruction	759	S:0xC000CE42	0xE88D1FFF	6	STM      sp,{r0-r12}	false	
Instruction	760	S:0xC000CE46	0x46E8	11	MOV      r8,sp	false	
Instruction	761	S:0xC000CE48	0xF3EF8A00	1	MRS      r10,APSR ; formerly CPSR	false	
Instruction	762	S:0xC000CE4C	0xF08A0A0C	2	EOR      r10,r10,#0xc	false	
Instruction	763	S:0xC000CE50	0xF38A8100	3	MSR      CPSR_c,r10	false	
Instruction	764	S:0xC000CE54	0xF8C8D034	5	STR      sp,[r8,#0x34]	false	
Instruction	765	S:0xC000CE58	0xF8C8E038	1	STR      lr,[r8,#0x38]	false	
Instruction	766	S:0xC000CE5C	0xF08A0A0C	0	EOR      r10,r10,#0xc	false	
Instruction	767	S:0xC000CE60	0xF38A8100	3	MSR      CPSR_c,r10	false	
Instruction	768	S:0xC000CE64	0xF3FF8800	5	MRS      r8,SPSR	false	
Instruction	769	S:0xC000CE68	0xF8CDE03C	1	STR      lr,[sp,#0x3c]	false	
Instruction	770	S:0xC000CE6C	0xF8CD8040	1	STR      r8,[sp,#0x40]	false	
Instruction	771	S:0xC000CE70	0x9011	1	STR      r0,[sp,#0x44]	false	
Instruction	772	S:0xC000CE72	0xF8DFC08C	14	LDR      r12,[pc,#140] ; [0xC000CF00] = 0xC06013D4	false	
Instruction	773	S:0xC000CE76	0xF8DCC000	5	LDR      r12,[r12,#0]	false	
Instruction	774	S:0xC000CE7A	0xEE01CF10	1	MCR      p15,#0x0,r12,c1,c0,#0	false	
Instruction	775	S:0xC000CE7E	0xB662	6	CPSIE    i	false	
Instruction	776	S:0xC000CE80	0x46E9	1	MOV      r9,sp	false	
Instruction	777	S:0xC000CE82	0xEA4F3959	2	LSR      r9,r9,#13	false	
Instruction	778	S:0xC000CE86	0xEA4F3949	2	LSL      r9,r9,#13	false	
Instruction	779	S:0xC000CE8A	0xF20F0878	0	ADR.W    r8,{pc}+0x7a ; 0xc000cf04	false	
Instruction	780	S:0xC000CE8E	0xF8D9A000	5	LDR      r10,[r9,#0]	false	
Instruction	781	S:0xC000CE92	0xE92D0030	3	PUSH.W   {r4,r5}	false	
Instruction	782	S:0xC000CE96	0xF41A6F70	1	TST      r10,#0xf00	false	
Instruction	783	S:0xC000CE9A	0xF0408012	0	BNE.W    {pc}+0x28 ; 0xc000cec2	true	fail
Instruction	784	S:0xC000CE9E	0xF5B77FC0	1	CMP      r7,#0x180	false	
Instruction	785	S:0xC000CEA2	0xF2AF1E63	1	ADR      lr,{pc}-0x161 ; 0xc000cd41	false	
Instruction	786	S:0xC000CEA6	0xBF38	0	IT       CC	false	
Instruction	787	S:0xC000CEA8	0xF858F027	3	LDR      pc,[r8,r7,LSL #2]	true	
Instruction	788	S:0xC0020598	0xB530	9	PUSH     {r4,r5,lr}	false	
Instruction	789	S:0xC002059A	0xB083	2	SUB      sp,sp,#0xc	false	
Instruction	790	S:0xC002059C	0xB500	3	PUSH     {lr}	false	
Instruction	791	S:0xC002059E	0xF85DEB04	2	POP      {lr}	false	
Instruction	792	S:0xC00205A2	0x4604	0	MOV      r4,r0	false	
Instruction	793	S:0xC00205A4	0x460D	1	MOV      r5,r1	false	
Instruction	794	S:0xC00205A6	0xB1D0	1	CBZ      r0,{pc}+0x38 ; 0xc00205de	true	fail
Instruction	795	S:0xC00205A8	0x4668	1	MOV      r0,sp	false	
Instruction	796	S:0xC00205AA	0xF02FF88D	0	BL       {pc}+0x2f11e ; 0xc004f6c8	true	
Instruction	797	S:0xC004F6C8	0xB510	12	PUSH     {r4,lr}	false	
Instruction	798	S:0xC004F6CA	0xB082	1	SUB      sp,sp,#8	false	
Instruction	799	S:0xC004F6CC	0xB500	3	PUSH     {lr}	false	
Instruction	800	S:0xC004F6CE	0xF85DEB04	2	POP      {lr}	false	
Instruction	801	S:0xC004F6D2	0x4604	0	MOV      r4,r0	false	
Instruction	802	S:0xC004F6D4	0x4668	1	MOV      r0,sp	false	
Instruction	803	S:0xC004F6D6	0xF7FFFFCD	1	BL       {pc}-0x62 ; 0xc004f674	true	
Instruction	804	S:0xC004F674	0xB508	1	PUSH     {r3,lr}	false	
Instruction	805	S:0xC004F676	0xB500	1	PUSH     {lr}	false	
Instruction	806	S:0xC004F678	0xF85DEB04	2	POP      {lr}	false	
Instruction	807	S:0xC004F67C	0xF7FFFC84	1	BL       {pc}-0x6f4 ; 0xc004ef88	true	
Instruction	808	S:0xC004EF88	0xE92D47F0	2	PUSH     {r4-r10,lr}	false	
Instruction	809	S:0xC004EF8C	0xB084	4	SUB      sp,sp,#0x10	false	
Instruction	810	S:0xC004EF8E	0xB500	3	PUSH     {lr}	false	
Instruction	811	S:0xC004EF90	0xF85DEB04	2	POP      {lr}	false	
Instruction	812	S:0xC004EF94	0x4D3E	2	LDR      r5,[pc,#248] ; [0xC004F090] = 0xC064D1C0	false	
Instruction	813	S:0xC004EF96	0x4682	0	MOV      r10,r0	false	
Instruction	814	S:0xC004EF98	0x462C	2	MOV      r4,r5	false	
Instruction	815	S:0xC004EF9A	0xF8D57090	3	LDR      r7,[r5,#0x90]	false	
Instruction	816	S:0xC004EF9E	0x07FE	3	LSLS     r6,r7,#31	false	
Instruction	817	S:0xC004EFA0	0xD46A	0	BMI      {pc}+0xd8 ; 0xc004f078	true	fail
Instruction	818	S:0xC004EFA2	0xF3BF8F5F	1	DMB      	false	
Instruction	819	S:0xC004EFA6	0x6BA3	27	LDR      r3,[r4,#0x38]	false	
Instruction	820	S:0xC004EFA8	0xF8CA3000	3	STR      r3,[r10,#0]	false	
Instruction	821	S:0xC004EFAC	0x6826	1	LDR      r6,[r4,#0]	false	
Instruction	822	S:0xC004EFAE	0x4630	2	MOV      r0,r6	false	
Instruction	823	S:0xC004EFB0	0x6833	3	LDR      r3,[r6,#0]	false	
Instruction	824	S:0xC004EFB2	0x4798	1	BLX      r3	true	
Timestamp					Timestamp: 562536961573		
Cycle Count				62	Tracing disabled		
Info					Tracing enabled		
Instruction	825	S:0xC004EFB4	0xE9D62302	1	LDRD     r2,r3,[r6,#8]	false	
Instruction	826	S:0xC004EFB8	0xE9CD2300	2	STRD     r2,r3,[sp,#0]	false	
Instruction	827	S:0xC004EFBC	0xE9D62304	1	LDRD     r2,r3,[r6,#0x10]	false	
Instruction	828	S:0xC004EFC0	0xE9CD2302	1	STRD     r2,r3,[sp,#8]	false	
Instruction	829	S:0xC004EFC4	0x6862	1	LDR      r2,[r4,#4]	false	
Instruction	830	S:0xC004EFC6	0x6C63	1	LDR      r3,[r4,#0x44]	false	
Instruction	831	S:0xC004EFC8	0x4680	0	MOV      r8,r0	false	
Instruction	832	S:0xC004EFCA	0x4689	1	MOV      r9,r1	false	
Instruction	833	S:0xC004EFCC	0x6C20	1	LDR      r0,[r4,#0x40]	false	
Instruction	834	S:0xC004EFCE	0x68A1	1	LDR      r1,[r4,#8]	false	
Instruction	835	S:0xC004EFD0	0xF3BF8F5F	1	DMB      	false	
Instruction	836	S:0xC004EFD4	0xF8D46090	28	LDR      r6,[r4,#0x90]	false	
Instruction	837	S:0xC004EFD8	0x42B7	2	CMP      r7,r6	false	
Instruction	838	S:0xC004EFDA	0xD1DE	0	BNE      {pc}-0x40 ; 0xc004ef9a	true	fail
Instruction	839	S:0xC004EFDC	0xE9DD4500	1	LDRD     r4,r5,[sp,#0]	false	
Instruction	840	S:0xC004EFE0	0xE9DD6702	1	LDRD     r6,r7,[sp,#8]	false	
Instruction	841	S:0xC004EFE4	0xEBB80804	1	SUBS     r8,r8,r4	false	
Instruction	842	S:0xC004EFE8	0xEB690905	1	SBC      r9,r9,r5	false	
Instruction	843	S:0xC004EFEC	0x4604	0	MOV      r4,r0	false	
Instruction	844	S:0xC004EFEE	0xEA080806	1	AND      r8,r8,r6	false	
Instruction	845	S:0xC004EFF2	0xEA090907	1	AND      r9,r9,r7	false	
Instruction	846	S:0xC004EFF6	0xF1C10020	1	RSB      r0,r1,#0x20	false	
Instruction	847	S:0xC004EFFA	0xF8DAC000	1	LDR      r12,[r10,#0]	false	
Instruction	848	S:0xC004EFFE	0xFBA86702	1	UMULL    r6,r7,r8,r2	false	
Instruction	849	S:0xC004F002	0x19A4	2	ADDS     r4,r4,r6	false	
Instruction	850	S:0xC004F004	0xFB027709	1	MLA      r7,r2,r9,r7	false	
Instruction	851	S:0xC004F008	0xFA24F201	1	LSR      r2,r4,r1	false	
Instruction	852	S:0xC004F00C	0xEB430507	1	ADC      r5,r3,r7	false	
Instruction	853	S:0xC004F010	0xF1B10620	0	SUBS     r6,r1,#0x20	false	
Instruction	854	S:0xC004F014	0xFA05F000	2	LSL      r0,r5,r0	false	
Instruction	855	S:0xC004F018	0xBF58	0	IT       PL	false	
Instruction	856	S:0xC004F01A	0xFA45F606	1	ASR      r6,r5,r6	false	fail
Instruction	857	S:0xC004F01E	0xEA420200	1	ORR      r2,r2,r0	false	
Instruction	858	S:0xC004F022	0xFA45F301	1	ASR      r3,r5,r1	false	
Instruction	859	S:0xC004F026	0xBF58	0	IT       PL	false	
Instruction	860	S:0xC004F028	0x4332	1	ORRS     r2,r2,r6	false	fail
Instruction	861	S:0xC004F02A	0xA715	0	ADR      r7,{pc}+0x56 ; 0xc004f080	false	
Instruction	862	S:0xC004F02C	0xE9D76700	3	LDRD     r6,r7,[r7,#0]	false	
Instruction	863	S:0xC004F030	0x429F	2	CMP      r7,r3	false	
Instruction	864	S:0xC004F032	0xBF08	0	IT       EQ	false	
Instruction	865	S:0xC004F034	0x4296	1	CMP      r6,r2	false	
Instruction	866	S:0xC004F036	0xD21D	0	BCS      {pc}+0x3e ; 0xc004f074	true	
Instruction	867	S:0xC004F074	0x2600	8	MOVS     r6,#0	false	
Instruction	868	S:0xC004F076	0xE7EE	0	B        {pc}-0x20 ; 0xc004f056	true	
Instruction	869	S:0xC004F056	0x4B0F	3	LDR      r3,[pc,#60] ; [0xC004F094] = 0xC05FC59C	false	
Instruction	870	S:0xC004F058	0x4466	1	ADD      r6,r6,r12	false	
Instruction	871	S:0xC004F05A	0xF8CA6000	1	STR      r6,[r10,#0]	false	
Instruction	872	S:0xC004F05E	0xF8CA2004	1	STR      r2,[r10,#4]	false	
Instruction	873	S:0xC004F062	0x681B	3	LDR      r3,[r3,#0]	false	
Instruction	874	S:0xC004F064	0x2B00	2	CMP      r3,#0	false	
Instruction	875	S:0xC004F066	0xBF14	0	ITE      NE	false	
Instruction	876	S:0xC004F068	0xF06F000A	1	MVN      r0,#0xa	false	fail
Instruction	877	S:0xC004F06C	0x2000	0	MOVS     r0,#0	false	
Instruction	878	S:0xC004F06E	0xB004	1	ADD      sp,sp,#0x10	false	
Instruction	879	S:0xC004F070	0xE8BD87F0	3	POP      {r4-r10,pc}	true	
Instruction	880	S:0xC004F680	0xB900	4	CBNZ     r0,{pc}+4 ; 0xc004f684	true	fail
Instruction	881	S:0xC004F682	0xBD08	2	POP      {r3,pc}	true	
Instruction	882	S:0xC004F6DA	0x9B01	3	LDR      r3,[sp,#4]	false	
Instruction	883	S:0xC004F6DC	0xF64452D3	0	MOV      r2,#0x4dd3	false	
Instruction	884	S:0xC004F6E0	0x9900	1	LDR      r1,[sp,#0]	false	
Instruction	885	S:0xC004F6E2	0xF2C10262	0	MOVT     r2,#0x1062	false	
Instruction	886	S:0xC004F6E6	0xFB820203	2	SMULL    r0,r2,r2,r3	false	
Instruction	887	S:0xC004F6EA	0x17DB	1	ASRS     r3,r3,#31	false	
Instruction	888	S:0xC004F6EC	0x6021	1	STR      r1,[r4,#0]	false	
Instruction	889	S:0xC004F6EE	0xEBC313A2	1	RSB      r3,r3,r2,ASR #6	false	
Instruction	890	S:0xC004F6F2	0x6063	1	STR      r3,[r4,#4]	false	
Instruction	891	S:0xC004F6F4	0xB002	0	ADD      sp,sp,#8	false	
Instruction	892	S:0xC004F6F6	0xBD10	3	POP      {r4,pc}	true	
Instruction	893	S:0xC00205AE	0x466A	1	MOV      r2,sp	false	
Instruction	894	S:0xC00205B0	0xF42253FF	1	BIC      r3,r2,#0x1fe0	false	
Instruction	895	S:0xC00205B4	0xF023031F	1	BIC      r3,r3,#0x1f	false	
Instruction	896	S:0xC00205B8	0x689B	3	LDR      r3,[r3,#8]	false	
Instruction	897	S:0xC00205BA	0xF1140208	0	ADDS     r2,r4,#8	false	
Instruction	898	S:0xC00205BE	0xBF3C	1	ITT      CC	false	
Instruction	899	S:0xC00205C0	0xEB720203	1	SBCS.W   r2,r2,r3	false	
Instruction	900	S:0xC00205C4	0x2300	0	MOVS     r3,#0	false	
Instruction	901	S:0xC00205C6	0xB11B	2	CBZ      r3,{pc}+0xa ; 0xc00205d0	true	
Instruction	902	S:0xC00205D0	0x4620	1	MOV      r0,r4	false	
Instruction	903	S:0xC00205D2	0x4669	0	MOV      r1,sp	false	
Instruction	904	S:0xC00205D4	0x2208	1	MOVS     r2,#8	false	
Instruction	905	S:0xC00205D6	0xF22FFD13	0	BL       {pc}+0x22fa2a ; 0xc0250000	true	
Cycle Count				152	Tracing disabled		
Info					Tracing enabled		
Instruction	906	S:0xC00205DA	0x2800	1	CMP      r0,#0	false	
Instruction	907	S:0xC00205DC	0xD1F4	0	BNE      {pc}-0x14 ; 0xc00205c8	true	fail
Instruction	908	S:0xC00205DE	0x4628	1	MOV      r0,r5	false	
Instruction	909	S:0xC00205E0	0x2D00	0	CMP      r5,#0	false	
Instruction	910	S:0xC00205E2	0xD0F3	1	BEQ      {pc}-0x16 ; 0xc00205cc	true	
Instruction	911	S:0xC00205CC	0xB003	8	ADD      sp,sp,#0xc	false	
Instruction	912	S:0xC00205CE	0xBD30	3	POP      {r4,r5,pc}	true	
Instruction	913	S:0xC000CD40	0xB672	10	CPSID    i	false	
Instruction	914	S:0xC000CD42	0xF8D91000	1	LDR      r1,[r9,#0]	false	
Instruction	915	S:0xC000CD46	0xF0110F07	2	TST      r1,#7	false	
Instruction	916	S:0xC000CD4A	0xF040801C	0	BNE.W    {pc}+0x3c ; 0xc000cd86	true	fail
Instruction	917	S:0xC000CD4E	0xF3BF8F2F	1	CLREX    	false	
Instruction	918	S:0xC000CD52	0x466A	1	MOV      r2,sp	false	
Instruction	919	S:0xC000CD54	0xF3EF8300	1	MRS      r3,APSR ; formerly CPSR	false	
Instruction	920	S:0xC000CD58	0xF083030C	2	EOR      r3,r3,#0xc	false	
Instruction	921	S:0xC000CD5C	0xF3838100	3	MSR      CPSR_c,r3	false	
Instruction	922	S:0xC000CD60	0xF8D2D03C	5	LDR      sp,[r2,#0x3c]	false	
Instruction	923	S:0xC000CD64	0xF8D2E040	1	LDR      lr,[r2,#0x40]	false	
Instruction	924	S:0xC000CD68	0xF083030C	0	EOR      r3,r3,#0xc	false	
Instruction	925	S:0xC000CD6C	0xF3838100	3	MSR      CPSR_c,r3	false	
Instruction	926	S:0xC000CD70	0x9912	5	LDR      r1,[sp,#0x48]	false	
Instruction	927	S:0xC000CD72	0xF8DDE044	1	LDR      lr,[sp,#0x44]	false	
Instruction	928	S:0xC000CD76	0xB00F	0	ADD      sp,sp,#0x3c	false	
Instruction	929	S:0xC000CD78	0xF3918F00	2	MSR      SPSR_cxsf,r1	false	
Instruction	930	S:0xC000CD7C	0xE91D1FFE	5	LDMDB    sp,{r1-r12}	false	
Instruction	931	S:0xC000CD80	0xB005	7	ADD      sp,sp,#0x14	false	
Instruction	932	S:0xC000CD82	0xF3DE8F00	1	SUBS     pc,lr,#0	true	
Info					Return from exception		
Timestamp					Timestamp: 562536961601		
Cycle Count				1922	Tracing disabled		
Info					Tracing enabled		
Instruction	933	S:0xC000CE40	0xB092	1	SUB      sp,sp,#0x48	false	
Timestamp					Timestamp: 562536961733		
Instruction	934	S:0xC000CE42	0xE88D1FFF	6	STM      sp,{r0-r12}	false	
Instruction	935	S:0xC000CE46	0x46E8	11	MOV      r8,sp	false	
Instruction	936	S:0xC000CE48	0xF3EF8A00	1	MRS      r10,APSR ; formerly CPSR	false	
Instruction	937	S:0xC000CE4C	0xF08A0A0C	2	EOR      r10,r10,#0xc	false	
Instruction	938	S:0xC000CE50	0xF38A8100	3	MSR      CPSR_c,r10	false	
Instruction	939	S:0xC000CE54	0xF8C8D034	5	STR      sp,[r8,#0x34]	false	
Instruction	940	S:0xC000CE58	0xF8C8E038	1	STR      lr,[r8,#0x38]	false	
Instruction	941	S:0xC000CE5C	0xF08A0A0C	0	EOR      r10,r10,#0xc	false	
Instruction	942	S:0xC000CE60	0xF38A8100	3	MSR      CPSR_c,r10	false	
Instruction	943	S:0xC000CE64	0xF3FF8800	5	MRS      r8,SPSR	false	
Instruction	944	S:0xC000CE68	0xF8CDE03C	1	STR      lr,[sp,#0x3c]	false	
Instruction	945	S:0xC000CE6C	0xF8CD8040	1	STR      r8,[sp,#0x40]	false	
Instruction	946	S:0xC000CE70	0x9011	1	STR      r0,[sp,#0x44]	false	
Instruction	947	S:0xC000CE72	0xF8DFC08C	3	LDR      r12,[pc,#140] ; [0xC000CF00] = 0xC06013D4	false	
Instruction	948	S:0xC000CE76	0xF8DCC000	5	LDR      r12,[r12,#0]	false	
Instruction	949	S:0xC000CE7A	0xEE01CF10	1	MCR      p15,#0x0,r12,c1,c0,#0	false	
Instruction	950	S:0xC000CE7E	0xB662	6	CPSIE    i	false	
Instruction	951	S:0xC000CE80	0x46E9	1	MOV      r9,sp	false	
Instruction	952	S:0xC000CE82	0xEA4F3959	2	LSR      r9,r9,#13	false	
Instruction	953	S:0xC000CE86	0xEA4F3949	2	LSL      r9,r9,#13	false	
Instruction	954	S:0xC000CE8A	0xF20F0878	0	ADR.W    r8,{pc}+0x7a ; 0xc000cf04	false	
Instruction	955	S:0xC000CE8E	0xF8D9A000	5	LDR      r10,[r9,#0]	false	
Instruction	956	S:0xC000CE92	0xE92D0030	3	PUSH.W   {r4,r5}	false	
Instruction	957	S:0xC000CE96	0xF41A6F70	1	TST      r10,#0xf00	false	
Instruction	958	S:0xC000CE9A	0xF0408012	0	BNE.W    {pc}+0x28 ; 0xc000cec2	true	fail
Instruction	959	S:0xC000CE9E	0xF5B77FC0	1	CMP      r7,#0x180	false	
Instruction	960	S:0xC000CEA2	0xF2AF1E63	1	ADR      lr,{pc}-0x161 ; 0xc000cd41	false	
Instruction	961	S:0xC000CEA6	0xBF38	0	IT       CC	false	
Instruction	962	S:0xC000CEA8	0xF858F027	3	LDR      pc,[r8,r7,LSL #2]	true	
Cycle Count				1622	Tracing disabled		
Info					Tracing enabled		
Instruction	963	S:0xC00331C0	0xB570	1	PUSH     {r4-r6,lr}	false	
Instruction	964	S:0xC00331C2	0xB500	4	PUSH     {lr}	false	
Instruction	965	S:0xC00331C4	0xF85DEB04	2	POP      {lr}	false	
Instruction	966	S:0xC00331C8	0x460C	0	MOV      r4,r1	false	
Instruction	967	S:0xC00331CA	0x680B	1	LDR      r3,[r1,#0]	false	
Instruction	968	S:0xC00331CC	0x460D	0	MOV      r5,r1	false	
Instruction	969	S:0xC00331CE	0x4606	1	MOV      r6,r0	false	
Instruction	970	S:0xC00331D0	0xF0230301	1	BIC      r3,r3,#1	false	
Instruction	971	S:0xC00331D4	0xF8443B0C	1	STR      r3,[r4],#0xc	false	
Instruction	972	S:0xC00331D8	0xF3B1FA06	0	BL       {pc}+0x3b1410 ; 0xc03e45e8	true	
Cycle Count				89	Tracing disabled		
Info					Tracing enabled		
Instruction	973	S:0xC00331DC	0x4633	1	MOV      r3,r6	false	
Instruction	974	S:0xC00331DE	0xF8532F04	3	LDR      r2,[r3,#4]!	false	
Instruction	975	S:0xC00331E2	0x6054	3	STR      r4,[r2,#4]	false	
Instruction	976	S:0xC00331E4	0x60EA	1	STR      r2,[r5,#0xc]	false	
Instruction	977	S:0xC00331E6	0x612B	1	STR      r3,[r5,#0x10]	false	
Instruction	978	S:0xC00331E8	0x6074	1	STR      r4,[r6,#4]	false	
Instruction	979	S:0xC00331EA	0x4601	0	MOV      r1,r0	false	
Instruction	980	S:0xC00331EC	0x4630	1	MOV      r0,r6	false	
Instruction	981	S:0xC00331EE	0xE8BD4070	1	POP      {r4-r6,lr}	false	
Instruction	982	S:0xC00331F2	0xF3B1BA31	2	B.W      {pc}+0x3b1466 ; 0xc03e4658	true	
Cycle Count				544	Tracing disabled		
Info					Tracing enabled		
Instruction	983	S:0xC00331C0	0xB570	1	PUSH     {r4-r6,lr}	false	
Instruction	984	S:0xC00331C2	0xB500	4	PUSH     {lr}	false	
Instruction	985	S:0xC00331C4	0xF85DEB04	2	POP      {lr}	false	
Instruction	986	S:0xC00331C8	0x460C	0	MOV      r4,r1	false	
Instruction	987	S:0xC00331CA	0x680B	1	LDR      r3,[r1,#0]	false	
Instruction	988	S:0xC00331CC	0x460D	0	MOV      r5,r1	false	
Instruction	989	S:0xC00331CE	0x4606	1	MOV      r6,r0	false	
Instruction	990	S:0xC00331D0	0xF0230301	1	BIC      r3,r3,#1	false	
Instruction	991	S:0xC00331D4	0xF8443B0C	1	STR      r3,[r4],#0xc	false	
Instruction	992	S:0xC00331D8	0xF3B1FA06	0	BL       {pc}+0x3b1410 ; 0xc03e45e8	true	
Cycle Count				65	Tracing disabled		
Info					Tracing enabled		
Instruction	993	S:0xC00331DC	0x4633	1	MOV      r3,r6	false	
Instruction	994	S:0xC00331DE	0xF8532F04	3	LDR      r2,[r3,#4]!	false	
Instruction	995	S:0xC00331E2	0x6054	3	STR      r4,[r2,#4]	false	
Instruction	996	S:0xC00331E4	0x60EA	1	STR      r2,[r5,#0xc]	false	
Instruction	997	S:0xC00331E6	0x612B	1	STR      r3,[r5,#0x10]	false	
Instruction	998	S:0xC00331E8	0x6074	1	STR      r4,[r6,#4]	false	
Instruction	999	S:0xC00331EA	0x4601	0	MOV      r1,r0	false	
Instruction	1000	S:0xC00331EC	0x4630	1	MOV      r0,r6	false	
Instruction	1001	S:0xC00331EE	0xE8BD4070	1	POP      {r4-r6,lr}	false	
Instruction	1002	S:0xC00331F2	0xF3B1BA31	2	B.W      {pc}+0x3b1466 ; 0xc03e4658	true	
Cycle Count				318	Tracing disabled		
Info					Tracing enabled		
Instruction	1003	S:0xC00331C0	0xB570	1	PUSH     {r4-r6,lr}	false	
Instruction	1004	S:0xC00331C2	0xB500	6	PUSH     {lr}	false	
Instruction	1005	S:0xC00331C4	0xF85DEB04	2	POP      {lr}	false	
Instruction	1006	S:0xC00331C8	0x460C	0	MOV      r4,r1	false	
Instruction	1007	S:0xC00331CA	0x680B	1	LDR      r3,[r1,#0]	false	
Instruction	1008	S:0xC00331CC	0x460D	0	MOV      r5,r1	false	
Instruction	1009	S:0xC00331CE	0x4606	1	MOV      r6,r0	false	
Instruction	1010	S:0xC00331D0	0xF0230301	1	BIC      r3,r3,#1	false	
Instruction	1011	S:0xC00331D4	0xF8443B0C	1	STR      r3,[r4],#0xc	false	
Instruction	1012	S:0xC00331D8	0xF3B1FA06	0	BL       {pc}+0x3b1410 ; 0xc03e45e8	true	
Cycle Count				56	Tracing disabled		
Info					Tracing enabled		
Instruction	1013	S:0xC00331DC	0x4633	1	MOV      r3,r6	false	
Instruction	1014	S:0xC00331DE	0xF8532F04	3	LDR      r2,[r3,#4]!	false	
Instruction	1015	S:0xC00331E2	0x6054	3	STR      r4,[r2,#4]	false	
Instruction	1016	S:0xC00331E4	0x60EA	1	STR      r2,[r5,#0xc]	false	
Instruction	1017	S:0xC00331E6	0x612B	1	STR      r3,[r5,#0x10]	false	
Instruction	1018	S:0xC00331E8	0x6074	1	STR      r4,[r6,#4]	false	
Instruction	1019	S:0xC00331EA	0x4601	0	MOV      r1,r0	false	
Instruction	1020	S:0xC00331EC	0x4630	1	MOV      r0,r6	false	
Instruction	1021	S:0xC00331EE	0xE8BD4070	1	POP      {r4-r6,lr}	false	
Instruction	1022	S:0xC00331F2	0xF3B1BA31	2	B.W      {pc}+0x3b1466 ; 0xc03e4658	true	
Cycle Count				285	Tracing disabled		
Info					Tracing enabled		
Instruction	1023	S:0xC00331C0	0xB570	1	PUSH     {r4-r6,lr}	false	
Instruction	1024	S:0xC00331C2	0xB500	4	PUSH     {lr}	false	
Instruction	1025	S:0xC00331C4	0xF85DEB04	2	POP      {lr}	false	
Instruction	1026	S:0xC00331C8	0x460C	0	MOV      r4,r1	false	
Instruction	1027	S:0xC00331CA	0x680B	1	LDR      r3,[r1,#0]	false	
Instruction	1028	S:0xC00331CC	0x460D	0	MOV      r5,r1	false	
Instruction	1029	S:0xC00331CE	0x4606	1	MOV      r6,r0	false	
Instruction	1030	S:0xC00331D0	0xF0230301	1	BIC      r3,r3,#1	false	
Instruction	1031	S:0xC00331D4	0xF8443B0C	1	STR      r3,[r4],#0xc	false	
Instruction	1032	S:0xC00331D8	0xF3B1FA06	0	BL       {pc}+0x3b1410 ; 0xc03e45e8	true	
Cycle Count				69	Tracing disabled		
Info					Tracing enabled		
Instruction	1033	S:0xC00331DC	0x4633	1	MOV      r3,r6	false	
Instruction	1034	S:0xC00331DE	0xF8532F04	3	LDR      r2,[r3,#4]!	false	
Instruction	1035	S:0xC00331E2	0x6054	3	STR      r4,[r2,#4]	false	
Instruction	1036	S:0xC00331E4	0x60EA	1	STR      r2,[r5,#0xc]	false	
Instruction	1037	S:0xC00331E6	0x612B	1	STR      r3,[r5,#0x10]	false	
Instruction	1038	S:0xC00331E8	0x6074	1	STR      r4,[r6,#4]	false	
Instruction	1039	S:0xC00331EA	0x4601	0	MOV      r1,r0	false	
Instruction	1040	S:0xC00331EC	0x4630	1	MOV      r0,r6	false	
Instruction	1041	S:0xC00331EE	0xE8BD4070	1	POP      {r4-r6,lr}	false	
Instruction	1042	S:0xC00331F2	0xF3B1BA31	2	B.W      {pc}+0x3b1466 ; 0xc03e4658	true	
Cycle Count				699	Tracing disabled		
Info					Tracing enabled		
Instruction	1043	S:0xC00331C0	0xB570	1	PUSH     {r4-r6,lr}	false	
Instruction	1044	S:0xC00331C2	0xB500	6	PUSH     {lr}	false	
Instruction	1045	S:0xC00331C4	0xF85DEB04	2	POP      {lr}	false	
Instruction	1046	S:0xC00331C8	0x460C	0	MOV      r4,r1	false	
Instruction	1047	S:0xC00331CA	0x680B	1	LDR      r3,[r1,#0]	false	
Instruction	1048	S:0xC00331CC	0x460D	0	MOV      r5,r1	false	
Instruction	1049	S:0xC00331CE	0x4606	1	MOV      r6,r0	false	
Instruction	1050	S:0xC00331D0	0xF0230301	1	BIC      r3,r3,#1	false	
Instruction	1051	S:0xC00331D4	0xF8443B0C	1	STR      r3,[r4],#0xc	false	
Instruction	1052	S:0xC00331D8	0xF3B1FA06	0	BL       {pc}+0x3b1410 ; 0xc03e45e8	true	
Cycle Count				68	Tracing disabled		
Info					Tracing enabled		
Instruction	1053	S:0xC00331DC	0x4633	1	MOV      r3,r6	false	
Instruction	1054	S:0xC00331DE	0xF8532F04	3	LDR      r2,[r3,#4]!	false	
Instruction	1055	S:0xC00331E2	0x6054	3	STR      r4,[r2,#4]	false	
Instruction	1056	S:0xC00331E4	0x60EA	1	STR      r2,[r5,#0xc]	false	
Instruction	1057	S:0xC00331E6	0x612B	1	STR      r3,[r5,#0x10]	false	
Instruction	1058	S:0xC00331E8	0x6074	1	STR      r4,[r6,#4]	false	
Instruction	1059	S:0xC00331EA	0x4601	0	MOV      r1,r0	false	
Instruction	1060	S:0xC00331EC	0x4630	1	MOV      r0,r6	false	
Instruction	1061	S:0xC00331EE	0xE8BD4070	1	POP      {r4-r6,lr}	false	
Instruction	1062	S:0xC00331F2	0xF3B1BA31	2	B.W      {pc}+0x3b1466 ; 0xc03e4658	true	
Cycle Count				153	Tracing disabled		
Info					Tracing enabled		
Instruction	1063	S:0xC00331C0	0xB570	1	PUSH     {r4-r6,lr}	false	
Instruction	1064	S:0xC00331C2	0xB500	4	PUSH     {lr}	false	
Instruction	1065	S:0xC00331C4	0xF85DEB04	2	POP      {lr}	false	
Instruction	1066	S:0xC00331C8	0x460C	0	MOV      r4,r1	false	
Instruction	1067	S:0xC00331CA	0x680B	1	LDR      r3,[r1,#0]	false	
Instruction	1068	S:0xC00331CC	0x460D	0	MOV      r5,r1	false	
Instruction	1069	S:0xC00331CE	0x4606	1	MOV      r6,r0	false	
Instruction	1070	S:0xC00331D0	0xF0230301	1	BIC      r3,r3,#1	false	
Instruction	1071	S:0xC00331D4	0xF8443B0C	1	STR      r3,[r4],#0xc	false	
Instruction	1072	S:0xC00331D8	0xF3B1FA06	0	BL       {pc}+0x3b1410 ; 0xc03e45e8	true	
Cycle Count				63	Tracing disabled		
Info					Tracing enabled		
Instruction	1073	S:0xC00331DC	0x4633	1	MOV      r3,r6	false	
Instruction	1074	S:0xC00331DE	0xF8532F04	3	LDR      r2,[r3,#4]!	false	
Instruction	1075	S:0xC00331E2	0x6054	3	STR      r4,[r2,#4]	false	
Instruction	1076	S:0xC00331E4	0x60EA	1	STR      r2,[r5,#0xc]	false	
Instruction	1077	S:0xC00331E6	0x612B	1	STR      r3,[r5,#0x10]	false	
Instruction	1078	S:0xC00331E8	0x6074	1	STR      r4,[r6,#4]	false	
Instruction	1079	S:0xC00331EA	0x4601	0	MOV      r1,r0	false	
Instruction	1080	S:0xC00331EC	0x4630	1	MOV      r0,r6	false	
Instruction	1081	S:0xC00331EE	0xE8BD4070	1	POP      {r4-r6,lr}	false	
Instruction	1082	S:0xC00331F2	0xF3B1BA31	2	B.W      {pc}+0x3b1466 ; 0xc03e4658	true	
Cycle Count				149	Tracing disabled		
Info					Tracing enabled		
Instruction	1083	S:0xC002D904	0xB5F0	1	PUSH     {r4-r7,lr}	false	
Instruction	1084	S:0xC002D906	0xB089	3	SUB      sp,sp,#0x24	false	
Instruction	1085	S:0xC002D908	0xB500	3	PUSH     {lr}	false	
Instruction	1086	S:0xC002D90A	0xF85DEB04	2	POP      {lr}	false	
Instruction	1087	S:0xC002D90E	0x4604	0	MOV      r4,r0	false	
Instruction	1088	S:0xC002D910	0xB672	1	CPSID    i	false	
Instruction	1089	S:0xC002D912	0xF7FFFE59	1	BL       {pc}-0x34a ; 0xc002d5c8	true	
Instruction	1090	S:0xC002D5C8	0xB500	1	PUSH     {lr}	false	
Instruction	1091	S:0xC002D5CA	0xF85DEB04	2	POP      {lr}	false	
Instruction	1092	S:0xC002D5CE	0x6801	11	LDR      r1,[r0,#0]	false	
Instruction	1093	S:0xC002D5D0	0xF0110004	2	ANDS     r0,r1,#4	false	
Instruction	1094	S:0xC002D5D4	0xD110	0	BNE      {pc}+0x24 ; 0xc002d5f8	true	fail
Instruction	1095	S:0xC002D5D6	0x0949	1	LSRS     r1,r1,#5	false	
Instruction	1096	S:0xC002D5D8	0xF06F4378	0	MVN      r3,#0xf8000000	false	
Instruction	1097	S:0xC002D5DC	0x4299	1	CMP      r1,r3	false	
Instruction	1098	S:0xC002D5DE	0xD00A	0	BEQ      {pc}+0x18 ; 0xc002d5f6	true	fail
Instruction	1099	S:0xC002D5E0	0x4B0A	14	LDR      r3,[pc,#40] ; [0xC002D60C] = 0xC064AEB0	false	
Instruction	1100	S:0xC002D5E2	0x689B	5	LDR      r3,[r3,#8]	false	
Instruction	1101	S:0xC002D5E4	0xB123	2	CBZ      r3,{pc}+0xc ; 0xc002d5f0	true	fail
Instruction	1102	S:0xC002D5E6	0x681A	14	LDR      r2,[r3,#0]	false	
Instruction	1103	S:0xC002D5E8	0xF02100FF	0	BIC      r0,r1,#0xff	false	
Instruction	1104	S:0xC002D5EC	0x4290	2	CMP      r0,r2	false	
Instruction	1105	S:0xC002D5EE	0xD007	0	BEQ      {pc}+0x12 ; 0xc002d600	true	
Instruction	1106	S:0xC002D600	0xB2C9	19	UXTB     r1,r1	false	
Instruction	1107	S:0xC002D602	0x3108	1	ADDS     r1,r1,#8	false	
Instruction	1108	S:0xC002D604	0xEB030381	2	ADD      r3,r3,r1,LSL #2	false	
Instruction	1109	S:0xC002D608	0x6858	3	LDR      r0,[r3,#4]	false	
Instruction	1110	S:0xC002D60A	0x4770	1	BX       lr	true	
Instruction	1111	S:0xC002D916	0x4605	1	MOV      r5,r0	false	
Instruction	1112	S:0xC002D918	0x2800	0	CMP      r0,#0	false	
Instruction	1113	S:0xC002D91A	0xD037	1	BEQ      {pc}+0x72 ; 0xc002d98c	true	fail
Instruction	1114	S:0xC002D91C	0xF3B6FE4C	1	BL       {pc}+0x3b6c9c ; 0xc03e45b8	true	
Cycle Count				81	Tracing disabled		
Info					Tracing enabled		
Instruction	1115	S:0xC002D920	0x6820	1	LDR      r0,[r4,#0]	false	
Instruction	1116	S:0xC002D922	0x0742	3	LSLS     r2,r0,#29	false	
Instruction	1117	S:0xC002D924	0xD535	1	BPL      {pc}+0x6e ; 0xc002d992	true	
Instruction	1118	S:0xC002D992	0x4621	12	MOV      r1,r4	false	
Instruction	1119	S:0xC002D994	0x4628	0	MOV      r0,r5	false	
Instruction	1120	S:0xC002D996	0xF7FEFDA9	1	BL       {pc}-0x14aa ; 0xc002c4ec	true	
Instruction	1121	S:0xC002C4EC	0xB500	3	PUSH     {lr}	false	
Instruction	1122	S:0xC002C4EE	0xF85DEB04	2	POP      {lr}	false	
Instruction	1123	S:0xC002C4F2	0x2301	0	MOVS     r3,#1	false	
Instruction	1124	S:0xC002C4F4	0xF6C96337	1	MOVT     r3,#0x9e37	false	
Instruction	1125	S:0xC002C4F8	0xFB03F301	2	MUL      r3,r3,r1	false	
Instruction	1126	S:0xC002C4FC	0x0E9B	3	LSRS     r3,r3,#26	false	
Instruction	1127	S:0xC002C4FE	0xEB000083	11	ADD      r0,r0,r3,LSL #2	false	
Instruction	1128	S:0xC002C502	0xF8D00094	13	LDR      r0,[r0,#0x94]	false	
Instruction	1129	S:0xC002C506	0xB938	2	CBNZ     r0,{pc}+0x12 ; 0xc002c518	true	fail
Instruction	1130	S:0xC002C508	0x4770	1	BX       lr	true	
Instruction	1131	S:0xC002D99A	0x4604	1	MOV      r4,r0	false	
Instruction	1132	S:0xC002D99C	0xB198	1	CBZ      r0,{pc}+0x2a ; 0xc002d9c6	true	
Instruction	1133	S:0xC002D9C6	0xF3BF8F5F	20	DMB      	false	
Instruction	1134	S:0xC002D9CA	0x882B	35	LDRH     r3,[r5,#0]	false	
Instruction	1135	S:0xC002D9CC	0x3301	2	ADDS     r3,#1	false	
Instruction	1136	S:0xC002D9CE	0x802B	1	STRH     r3,[r5,#0]	false	
Instruction	1137	S:0xC002D9D0	0xF3BF8F4F	31	DSB      	false	
Instruction	1138	S:0xC002D9D4	0xF3AF8004	1	SEV.W    	false	
Instruction	1139	S:0xC002D9D8	0xB662	1	CPSIE    i	false	
Instruction	1140	S:0xC002D9DA	0xE7D8	1	B        {pc}-0x4c ; 0xc002d98e	true	
Instruction	1141	S:0xC002D98E	0x2000	1	MOVS     r0,#0	false	
Instruction	1142	S:0xC002D990	0xE7FA	0	B        {pc}-8 ; 0xc002d988	true	
Instruction	1143	S:0xC002D988	0xB009	1	ADD      sp,sp,#0x24	false	
Instruction	1144	S:0xC002D98A	0xBDF0	3	POP      {r4-r7,pc}	true	
Cycle Count				785	Tracing disabled		
Info					Tracing enabled		
Instruction	1145	S:0xC00331C0	0xB570	1	PUSH     {r4-r6,lr}	false	
Instruction	1146	S:0xC00331C2	0xB500	4	PUSH     {lr}	false	
Instruction	1147	S:0xC00331C4	0xF85DEB04	2	POP      {lr}	false	
Instruction	1148	S:0xC00331C8	0x460C	0	MOV      r4,r1	false	
Instruction	1149	S:0xC00331CA	0x680B	1	LDR      r3,[r1,#0]	false	
Instruction	1150	S:0xC00331CC	0x460D	0	MOV      r5,r1	false	
Instruction	1151	S:0xC00331CE	0x4606	1	MOV      r6,r0	false	
Instruction	1152	S:0xC00331D0	0xF0230301	1	BIC      r3,r3,#1	false	
Instruction	1153	S:0xC00331D4	0xF8443B0C	1	STR      r3,[r4],#0xc	false	
Instruction	1154	S:0xC00331D8	0xF3B1FA06	0	BL       {pc}+0x3b1410 ; 0xc03e45e8	true	
Cycle Count				78	Tracing disabled		
Info					Tracing enabled		
Instruction	1155	S:0xC00331DC	0x4633	1	MOV      r3,r6	false	
Instruction	1156	S:0xC00331DE	0xF8532F04	3	LDR      r2,[r3,#4]!	false	
Instruction	1157	S:0xC00331E2	0x6054	3	STR      r4,[r2,#4]	false	
Instruction	1158	S:0xC00331E4	0x60EA	1	STR      r2,[r5,#0xc]	false	
Instruction	1159	S:0xC00331E6	0x612B	1	STR      r3,[r5,#0x10]	false	
Instruction	1160	S:0xC00331E8	0x6074	1	STR      r4,[r6,#4]	false	
Instruction	1161	S:0xC00331EA	0x4601	0	MOV      r1,r0	false	
Instruction	1162	S:0xC00331EC	0x4630	1	MOV      r0,r6	false	
Instruction	1163	S:0xC00331EE	0xE8BD4070	1	POP      {r4-r6,lr}	false	
Instruction	1164	S:0xC00331F2	0xF3B1BA31	2	B.W      {pc}+0x3b1466 ; 0xc03e4658	true	
Cycle Count				284	Tracing disabled		
Info					Tracing enabled		
Instruction	1165	S:0xC00331C0	0xB570	1	PUSH     {r4-r6,lr}	false	
Instruction	1166	S:0xC00331C2	0xB500	4	PUSH     {lr}	false	
Instruction	1167	S:0xC00331C4	0xF85DEB04	2	POP      {lr}	false	
Instruction	1168	S:0xC00331C8	0x460C	0	MOV      r4,r1	false	
Instruction	1169	S:0xC00331CA	0x680B	1	LDR      r3,[r1,#0]	false	
Instruction	1170	S:0xC00331CC	0x460D	0	MOV      r5,r1	false	
Instruction	1171	S:0xC00331CE	0x4606	1	MOV      r6,r0	false	
Instruction	1172	S:0xC00331D0	0xF0230301	1	BIC      r3,r3,#1	false	
Instruction	1173	S:0xC00331D4	0xF8443B0C	1	STR      r3,[r4],#0xc	false	
Instruction	1174	S:0xC00331D8	0xF3B1FA06	0	BL       {pc}+0x3b1410 ; 0xc03e45e8	true	
Cycle Count				55	Tracing disabled		
Info					Tracing enabled		
Instruction	1175	S:0xC00331DC	0x4633	1	MOV      r3,r6	false	
Instruction	1176	S:0xC00331DE	0xF8532F04	3	LDR      r2,[r3,#4]!	false	
Instruction	1177	S:0xC00331E2	0x6054	3	STR      r4,[r2,#4]	false	
Instruction	1178	S:0xC00331E4	0x60EA	1	STR      r2,[r5,#0xc]	false	
Instruction	1179	S:0xC00331E6	0x612B	1	STR      r3,[r5,#0x10]	false	
Instruction	1180	S:0xC00331E8	0x6074	1	STR      r4,[r6,#4]	false	
Instruction	1181	S:0xC00331EA	0x4601	0	MOV      r1,r0	false	
Instruction	1182	S:0xC00331EC	0x4630	1	MOV      r0,r6	false	
Instruction	1183	S:0xC00331EE	0xE8BD4070	1	POP      {r4-r6,lr}	false	
Instruction	1184	S:0xC00331F2	0xF3B1BA31	2	B.W      {pc}+0x3b1466 ; 0xc03e4658	true	
Cycle Count				582	Tracing disabled		
Info					Tracing enabled		
Instruction	1185	S:0xC00331C0	0xB570	1	PUSH     {r4-r6,lr}	false	
Instruction	1186	S:0xC00331C2	0xB500	4	PUSH     {lr}	false	
Instruction	1187	S:0xC00331C4	0xF85DEB04	2	POP      {lr}	false	
Instruction	1188	S:0xC00331C8	0x460C	0	MOV      r4,r1	false	
Instruction	1189	S:0xC00331CA	0x680B	1	LDR      r3,[r1,#0]	false	
Instruction	1190	S:0xC00331CC	0x460D	0	MOV      r5,r1	false	
Instruction	1191	S:0xC00331CE	0x4606	1	MOV      r6,r0	false	
Instruction	1192	S:0xC00331D0	0xF0230301	1	BIC      r3,r3,#1	false	
Instruction	1193	S:0xC00331D4	0xF8443B0C	1	STR      r3,[r4],#0xc	false	
Instruction	1194	S:0xC00331D8	0xF3B1FA06	0	BL       {pc}+0x3b1410 ; 0xc03e45e8	true	
Cycle Count				53	Tracing disabled		
Info					Tracing enabled		
Instruction	1195	S:0xC00331DC	0x4633	1	MOV      r3,r6	false	
Instruction	1196	S:0xC00331DE	0xF8532F04	3	LDR      r2,[r3,#4]!	false	
Instruction	1197	S:0xC00331E2	0x6054	3	STR      r4,[r2,#4]	false	
Instruction	1198	S:0xC00331E4	0x60EA	1	STR      r2,[r5,#0xc]	false	
Instruction	1199	S:0xC00331E6	0x612B	1	STR      r3,[r5,#0x10]	false	
Instruction	1200	S:0xC00331E8	0x6074	1	STR      r4,[r6,#4]	false	
Instruction	1201	S:0xC00331EA	0x4601	0	MOV      r1,r0	false	
Instruction	1202	S:0xC00331EC	0x4630	1	MOV      r0,r6	false	
Instruction	1203	S:0xC00331EE	0xE8BD4070	1	POP      {r4-r6,lr}	false	
Instruction	1204	S:0xC00331F2	0xF3B1BA31	2	B.W      {pc}+0x3b1466 ; 0xc03e4658	true	
Cycle Count				182	Tracing disabled		
Info					Tracing enabled		
Instruction	1205	S:0xC00331C0	0xB570	1	PUSH     {r4-r6,lr}	false	
Instruction	1206	S:0xC00331C2	0xB500	4	PUSH     {lr}	false	
Instruction	1207	S:0xC00331C4	0xF85DEB04	2	POP      {lr}	false	
Instruction	1208	S:0xC00331C8	0x460C	0	MOV      r4,r1	false	
Instruction	1209	S:0xC00331CA	0x680B	1	LDR      r3,[r1,#0]	false	
Instruction	1210	S:0xC00331CC	0x460D	0	MOV      r5,r1	false	
Instruction	1211	S:0xC00331CE	0x4606	1	MOV      r6,r0	false	
Instruction	1212	S:0xC00331D0	0xF0230301	1	BIC      r3,r3,#1	false	
Instruction	1213	S:0xC00331D4	0xF8443B0C	1	STR      r3,[r4],#0xc	false	
Instruction	1214	S:0xC00331D8	0xF3B1FA06	0	BL       {pc}+0x3b1410 ; 0xc03e45e8	true	
Cycle Count				63	Tracing disabled		
Info					Tracing enabled		
Instruction	1215	S:0xC00331DC	0x4633	1	MOV      r3,r6	false	
Instruction	1216	S:0xC00331DE	0xF8532F04	3	LDR      r2,[r3,#4]!	false	
Instruction	1217	S:0xC00331E2	0x6054	3	STR      r4,[r2,#4]	false	
Instruction	1218	S:0xC00331E4	0x60EA	1	STR      r2,[r5,#0xc]	false	
Instruction	1219	S:0xC00331E6	0x612B	1	STR      r3,[r5,#0x10]	false	
Instruction	1220	S:0xC00331E8	0x6074	1	STR      r4,[r6,#4]	false	
Instruction	1221	S:0xC00331EA	0x4601	0	MOV      r1,r0	false	
Instruction	1222	S:0xC00331EC	0x4630	1	MOV      r0,r6	false	
Instruction	1223	S:0xC00331EE	0xE8BD4070	1	POP      {r4-r6,lr}	false	
Instruction	1224	S:0xC00331F2	0xF3B1BA31	2	B.W      {pc}+0x3b1466 ; 0xc03e4658	true	
Cycle Count				113	Tracing disabled		
Info					Tracing enabled		
Instruction	1225	S:0xC002D904	0xB5F0	1	PUSH     {r4-r7,lr}	false	
Instruction	1226	S:0xC002D906	0xB089	3	SUB      sp,sp,#0x24	false	
Instruction	1227	S:0xC002D908	0xB500	3	PUSH     {lr}	false	
Instruction	1228	S:0xC002D90A	0xF85DEB04	2	POP      {lr}	false	
Instruction	1229	S:0xC002D90E	0x4604	0	MOV      r4,r0	false	
Instruction	1230	S:0xC002D910	0xB672	1	CPSID    i	false	
Instruction	1231	S:0xC002D912	0xF7FFFE59	1	BL       {pc}-0x34a ; 0xc002d5c8	true	
Instruction	1232	S:0xC002D5C8	0xB500	1	PUSH     {lr}	false	
Instruction	1233	S:0xC002D5CA	0xF85DEB04	2	POP      {lr}	false	
Instruction	1234	S:0xC002D5CE	0x6801	11	LDR      r1,[r0,#0]	false	
Instruction	1235	S:0xC002D5D0	0xF0110004	2	ANDS     r0,r1,#4	false	
Instruction	1236	S:0xC002D5D4	0xD110	0	BNE      {pc}+0x24 ; 0xc002d5f8	true	fail
Instruction	1237	S:0xC002D5D6	0x0949	1	LSRS     r1,r1,#5	false	
Instruction	1238	S:0xC002D5D8	0xF06F4378	0	MVN      r3,#0xf8000000	false	
Instruction	1239	S:0xC002D5DC	0x4299	1	CMP      r1,r3	false	
Instruction	1240	S:0xC002D5DE	0xD00A	0	BEQ      {pc}+0x18 ; 0xc002d5f6	true	fail
Instruction	1241	S:0xC002D5E0	0x4B0A	3	LDR      r3,[pc,#40] ; [0xC002D60C] = 0xC064AEB0	false	
Instruction	1242	S:0xC002D5E2	0x689B	5	LDR      r3,[r3,#8]	false	
Instruction	1243	S:0xC002D5E4	0xB123	2	CBZ      r3,{pc}+0xc ; 0xc002d5f0	true	fail
Instruction	1244	S:0xC002D5E6	0x681A	3	LDR      r2,[r3,#0]	false	
Instruction	1245	S:0xC002D5E8	0xF02100FF	0	BIC      r0,r1,#0xff	false	
Instruction	1246	S:0xC002D5EC	0x4290	2	CMP      r0,r2	false	
Instruction	1247	S:0xC002D5EE	0xD007	0	BEQ      {pc}+0x12 ; 0xc002d600	true	
Instruction	1248	S:0xC002D600	0xB2C9	8	UXTB     r1,r1	false	
Instruction	1249	S:0xC002D602	0x3108	1	ADDS     r1,r1,#8	false	
Instruction	1250	S:0xC002D604	0xEB030381	2	ADD      r3,r3,r1,LSL #2	false	
Instruction	1251	S:0xC002D608	0x6858	3	LDR      r0,[r3,#4]	false	
Instruction	1252	S:0xC002D60A	0x4770	1	BX       lr	true	
Instruction	1253	S:0xC002D916	0x4605	1	MOV      r5,r0	false	
Instruction	1254	S:0xC002D918	0x2800	0	CMP      r0,#0	false	
Instruction	1255	S:0xC002D91A	0xD037	1	BEQ      {pc}+0x72 ; 0xc002d98c	true	fail
Instruction	1256	S:0xC002D91C	0xF3B6FE4C	1	BL       {pc}+0x3b6c9c ; 0xc03e45b8	true	
Cycle Count				72	Tracing disabled		
Info					Tracing enabled		
Instruction	1257	S:0xC002D920	0x6820	1	LDR      r0,[r4,#0]	false	
Instruction	1258	S:0xC002D922	0x0742	3	LSLS     r2,r0,#29	false	
Instruction	1259	S:0xC002D924	0xD535	0	BPL      {pc}+0x6e ; 0xc002d992	true	
Instruction	1260	S:0xC002D992	0x4621	8	MOV      r1,r4	false	
Instruction	1261	S:0xC002D994	0x4628	0	MOV      r0,r5	false	
Instruction	1262	S:0xC002D996	0xF7FEFDA9	1	BL       {pc}-0x14aa ; 0xc002c4ec	true	
Instruction	1263	S:0xC002C4EC	0xB500	1	PUSH     {lr}	false	
Instruction	1264	S:0xC002C4EE	0xF85DEB04	2	POP      {lr}	false	
Instruction	1265	S:0xC002C4F2	0x2301	1	MOVS     r3,#1	false	
Instruction	1266	S:0xC002C4F4	0xF6C96337	1	MOVT     r3,#0x9e37	false	
Instruction	1267	S:0xC002C4F8	0xFB03F301	2	MUL      r3,r3,r1	false	
Instruction	1268	S:0xC002C4FC	0x0E9B	3	LSRS     r3,r3,#26	false	
Instruction	1269	S:0xC002C4FE	0xEB000083	2	ADD      r0,r0,r3,LSL #2	false	
Instruction	1270	S:0xC002C502	0xF8D00094	13	LDR      r0,[r0,#0x94]	false	
Instruction	1271	S:0xC002C506	0xB938	2	CBNZ     r0,{pc}+0x12 ; 0xc002c518	true	fail
Instruction	1272	S:0xC002C508	0x4770	1	BX       lr	true	
Instruction	1273	S:0xC002D99A	0x4604	1	MOV      r4,r0	false	
Instruction	1274	S:0xC002D99C	0xB198	1	CBZ      r0,{pc}+0x2a ; 0xc002d9c6	true	
Instruction	1275	S:0xC002D9C6	0xF3BF8F5F	9	DMB      	false	
Instruction	1276	S:0xC002D9CA	0x882B	28	LDRH     r3,[r5,#0]	false	
Instruction	1277	S:0xC002D9CC	0x3301	2	ADDS     r3,#1	false	
Instruction	1278	S:0xC002D9CE	0x802B	1	STRH     r3,[r5,#0]	false	
Instruction	1279	S:0xC002D9D0	0xF3BF8F4F	31	DSB      	false	
Instruction	1280	S:0xC002D9D4	0xF3AF8004	1	SEV.W    	false	
Instruction	1281	S:0xC002D9D8	0xB662	1	CPSIE    i	false	
Instruction	1282	S:0xC002D9DA	0xE7D8	1	B        {pc}-0x4c ; 0xc002d98e	true	
Instruction	1283	S:0xC002D98E	0x2000	1	MOVS     r0,#0	false	
Instruction	1284	S:0xC002D990	0xE7FA	0	B        {pc}-8 ; 0xc002d988	true	
Instruction	1285	S:0xC002D988	0xB009	1	ADD      sp,sp,#0x24	false	
Instruction	1286	S:0xC002D98A	0xBDF0	3	POP      {r4-r7,pc}	true	
Cycle Count				1175	Tracing disabled		
Info					Tracing enabled		
Instruction	1287	S:0xC003BE34	0xB488	1	PUSH     {r3,r7}	false	
Instruction	1288	S:0xC003BE36	0xAF00	1	ADD      r7,sp,#0	false	
Instruction	1289	S:0xC003BE38	0xB500	2	PUSH     {lr}	false	
Instruction	1290	S:0xC003BE3A	0xF85DEB04	2	POP      {lr}	false	
Instruction	1291	S:0xC003BE3E	0x680B	1	LDR      r3,[r1,#0]	false	
Instruction	1292	S:0xC003BE40	0x079B	12	LSLS     r3,r3,#30	false	
Instruction	1293	S:0xC003BE42	0xD507	0	BPL      {pc}+0x12 ; 0xc003be54	true	
Instruction	1294	S:0xC003BE54	0x46BD	21	MOV      sp,r7	false	
Instruction	1295	S:0xC003BE56	0xBC88	3	POP      {r3,r7}	false	
Instruction	1296	S:0xC003BE58	0xF7FFBCBC	1	B.W      {pc}-0x684 ; 0xc003b7d4	true	
Instruction	1297	S:0xC003B7D4	0xE92D47F0	16	PUSH     {r4-r10,lr}	false	
Instruction	1298	S:0xC003B7D8	0xAF00	4	ADD      r7,sp,#0	false	
Instruction	1299	S:0xC003B7DA	0xB500	2	PUSH     {lr}	false	
Instruction	1300	S:0xC003B7DC	0xF85DEB04	2	POP      {lr}	false	
Instruction	1301	S:0xC003B7E0	0x460E	11	MOV      r6,r1	false	
Instruction	1302	S:0xC003B7E2	0x4692	0	MOV      r10,r2	false	
Instruction	1303	S:0xC003B7E4	0x4680	1	MOV      r8,r0	false	
Instruction	1304	S:0xC003B7E6	0xF7FFFFCF	0	BL       {pc}-0x5e ; 0xc003b788	true	
Instruction	1305	S:0xC003B788	0xE92D43C8	3	PUSH     {r3,r6-r9,lr}	false	
Instruction	1306	S:0xC003B78C	0xAF00	3	ADD      r7,sp,#0	false	
Instruction	1307	S:0xC003B78E	0xB500	2	PUSH     {lr}	false	
Instruction	1308	S:0xC003B790	0xF85DEB04	2	POP      {lr}	false	
Timestamp					Timestamp: 562536962321		
Instruction	1309	S:0xC003B794	0x6AC3	1	LDR      r3,[r0,#0x2c]	false	
Instruction	1310	S:0xC003B796	0x4606	0	MOV      r6,r0	false	
Instruction	1311	S:0xC003B798	0x2B00	2	CMP      r3,#0	false	
Instruction	1312	S:0xC003B79A	0xDD01	0	BLE      {pc}+6 ; 0xc003b7a0	true	
Instruction	1313	S:0xC003B7A0	0xF8D004C0	10	LDR      r0,[r0,#0x4c0]	false	
Instruction	1314	S:0xC003B7A4	0xF003FD86	0	BL       {pc}+0x3b10 ; 0xc003f2b4	true	
Instruction	1315	S:0xC003F2B4	0x4B03	5	LDR      r3,[pc,#12] ; [0xC003F2C4] = 0xC05FC57C	false	
Instruction	1316	S:0xC003F2B6	0x6818	3	LDR      r0,[r3,#0]	false	
Instruction	1317	S:0xC003F2B8	0xB108	2	CBZ      r0,{pc}+6 ; 0xc003f2be	true	fail
Instruction	1318	S:0xC003F2BA	0xF7CFBD35	1	B        {pc}-0x30592 ; 0xc000ed28	true	
Instruction	1319	S:0xC000ED28	0xB508	12	PUSH     {r3,lr}	false	
Instruction	1320	S:0xC000ED2A	0xF24C43CC	1	MOV      r3,#0xc4cc	false	
Instruction	1321	S:0xC000ED2E	0xF2CC035F	1	MOVT     r3,#0xc05f	false	
Instruction	1322	S:0xC000ED32	0x689B	3	LDR      r3,[r3,#8]	false	
Instruction	1323	S:0xC000ED34	0x4798	1	BLX      r3	true	
Instruction	1324	S:0xC00113EC	0xF24A2340	21	MOV      r3,#0xa240	false	
Instruction	1325	S:0xC00113F0	0xF2CC0362	1	MOVT     r3,#0xc062	false	
Instruction	1326	S:0xC00113F4	0xB510	1	PUSH     {r4,lr}	false	
Instruction	1327	S:0xC00113F6	0x681B	4	LDR      r3,[r3,#0]	false	
Instruction	1328	S:0xC00113F8	0x4798	1	BLX      r3	true	
Timestamp					Timestamp: 562536962326		
Cycle Count				28	Tracing disabled		
Info					Tracing enabled		
Instruction	1329	S:0xC00113FA	0xF24C5320	1	MOV      r3,#0xc520	false	
Instruction	1330	S:0xC00113FE	0xF2CC035F	1	MOVT     r3,#0xc05f	false	
Instruction	1331	S:0xC0011402	0x681C	3	LDR      r4,[r3,#0]	false	
Instruction	1332	S:0xC0011404	0xFBA02304	3	UMULL    r2,r3,r0,r4	false	
Instruction	1333	S:0xC0011408	0x4610	2	MOV      r0,r2	false	
Instruction	1334	S:0xC001140A	0xFB043101	1	MLA      r1,r4,r1,r3	false	
Instruction	1335	S:0xC001140E	0xBD10	1	POP      {r4,pc}	true	
Instruction	1336	S:0xC000ED36	0xBD08	3	POP      {r3,pc}	true	
Instruction	1337	S:0xC003B7A8	0xF506638F	1	ADD      r3,r6,#0x478	false	
Instruction	1338	S:0xC003B7AC	0xF5066690	0	ADD      r6,r6,#0x480	false	
Instruction	1339	S:0xC003B7B0	0xE9D38900	3	LDRD     r8,r9,[r3,#0]	false	
Instruction	1340	S:0xC003B7B4	0xE9C30100	1	STRD     r0,r1,[r3,#0]	false	
Instruction	1341	S:0xC003B7B8	0xE9D62300	54	LDRD     r2,r3,[r6,#0]	false	
Instruction	1342	S:0xC003B7BC	0xEBB20208	2	SUBS     r2,r2,r8	false	
Instruction	1343	S:0xC003B7C0	0xEB630309	1	SBC      r3,r3,r9	false	
Instruction	1344	S:0xC003B7C4	0x1812	1	ADDS     r2,r2,r0	false	
Instruction	1345	S:0xC003B7C6	0xEB430301	1	ADC      r3,r3,r1	false	
Instruction	1346	S:0xC003B7CA	0xE9C62300	1	STRD     r2,r3,[r6,#0]	false	
Instruction	1347	S:0xC003B7CE	0xE8BD83C8	1	POP      {r3,r6-r9,pc}	true	
Instruction	1348	S:0xC003B7EA	0x6870	6	LDR      r0,[r6,#4]	false	
Instruction	1349	S:0xC003B7EC	0xF8DFE070	3	LDR      lr,[pc,#112] ; [0xC003B860] = 0xC05FD5C0	false	
Instruction	1350	S:0xC003B7F0	0x4631	0	MOV      r1,r6	false	
Instruction	1351	S:0xC003B7F2	0xF8DFC070	2	LDR      r12,[pc,#112] ; [0xC003B864] = 0xC05F3080	false	
Instruction	1352	S:0xC003B7F6	0x6944	2	LDR      r4,[r0,#0x14]	false	
Instruction	1353	S:0xC003B7F8	0xE9F1237A	2	LDRD     r2,r3,[r1,#0x1e8]!	false	
Instruction	1354	S:0xC003B7FC	0x4665	1	MOV      r5,r12	false	
Instruction	1355	S:0xC003B7FE	0xF85E4024	3	LDR      r4,[lr,r4,LSL #2]	false	
Instruction	1356	S:0xC003B802	0xEA520903	1	ORRS     r9,r2,r3	false	
Instruction	1357	S:0xC003B806	0x4425	1	ADD      r5,r5,r4	false	
Instruction	1358	S:0xC003B808	0xF505658F	1	ADD      r5,r5,#0x478	false	
Instruction	1359	S:0xC003B80C	0xE9D54500	3	LDRD     r4,r5,[r5,#0]	false	
Instruction	1360	S:0xC003B810	0xD002	1	BEQ      {pc}+8 ; 0xc003b818	true	
Instruction	1361	S:0xC003B818	0x46B1	1	MOV      r9,r6	false	
Instruction	1362	S:0xC003B81A	0x2400	0	MOVS     r4,#0	false	
Instruction	1363	S:0xC003B81C	0x2500	1	MOVS     r5,#0	false	
Instruction	1364	S:0xC003B81E	0xE9C14500	1	STRD     r4,r5,[r1,#0]	false	
Instruction	1365	S:0xC003B822	0xE9F94576	1	LDRD     r4,r5,[r9,#0x1d8]!	false	
Instruction	1366	S:0xC003B826	0x18A4	2	ADDS     r4,r4,r2	false	
Instruction	1367	S:0xC003B828	0xEB450503	1	ADC      r5,r5,r3	false	
Instruction	1368	S:0xC003B82C	0xE9C94500	1	STRD     r4,r5,[r9,#0]	false	
Instruction	1369	S:0xC003B830	0x6941	1	LDR      r1,[r0,#0x14]	false	
Instruction	1370	S:0xC003B832	0xF85E1021	3	LDR      r1,[lr,r1,LSL #2]	false	
Instruction	1371	S:0xC003B836	0xEB1C0C01	2	ADDS     r12,r12,r1	false	
Instruction	1372	S:0xC003B83A	0xD008	0	BEQ      {pc}+0x14 ; 0xc003b84e	true	fail
Instruction	1373	S:0xC003B83C	0xF50C6CAC	10	ADD      r12,r12,#0x560	false	
Instruction	1374	S:0xC003B840	0xE9DC0100	3	LDRD     r0,r1,[r12,#0]	false	
Instruction	1375	S:0xC003B844	0x1880	2	ADDS     r0,r0,r2	false	
Instruction	1376	S:0xC003B846	0xEB410103	1	ADC      r1,r1,r3	false	
Instruction	1377	S:0xC003B84A	0xE9CC0100	1	STRD     r0,r1,[r12,#0]	false	
Instruction	1378	S:0xC003B84E	0x6B33	1	LDR      r3,[r6,#0x30]	false	
Instruction	1379	S:0xC003B850	0x4640	0	MOV      r0,r8	false	
Instruction	1380	S:0xC003B852	0x4652	1	MOV      r2,r10	false	
Instruction	1381	S:0xC003B854	0x4631	0	MOV      r1,r6	false	
Instruction	1382	S:0xC003B856	0x689B	14	LDR      r3,[r3,#8]	false	
Instruction	1383	S:0xC003B858	0x4798	1	BLX      r3	true	
Instruction	1384	S:0xC004268C	0xE92D4FF0	21	PUSH     {r4-r11,lr}	false	
Instruction	1385	S:0xC0042690	0xB09B	7	SUB      sp,sp,#0x6c	false	
Instruction	1386	S:0xC0042692	0xB500	3	PUSH     {lr}	false	
Instruction	1387	S:0xC0042694	0xF85DEB04	2	POP      {lr}	false	
Instruction	1388	S:0xC0042698	0xF1110738	0	ADDS     r7,r1,#0x38	false	
Instruction	1389	S:0xC004269C	0x9014	3	STR      r0,[sp,#0x50]	false	
Instruction	1390	S:0xC004269E	0x9215	1	STR      r2,[sp,#0x54]	false	
Instruction	1391	S:0xC00426A0	0xF0008172	3	BEQ.W    {pc}+0x2e8 ; 0xc0042988	true	fail
Instruction	1392	S:0xC00426A4	0x4691	1	MOV      r9,r2	false	
Instruction	1393	S:0xC00426A6	0xF8D76124	1	LDR      r6,[r7,#0x124]	false	
Instruction	1394	S:0xC00426AA	0xF0090801	0	AND      r8,r9,#1	false	
Instruction	1395	S:0xC00426AE	0x4630	2	MOV      r0,r6	false	
Instruction	1396	S:0xC00426B0	0xF7FDFD2A	0	BL       {pc}-0x25a8 ; 0xc0040108	true	
Instruction	1397	S:0xC0040108	0xE92D4FF0	20	PUSH     {r4-r11,lr}	false	
Instruction	1398	S:0xC004010C	0xB085	7	SUB      sp,sp,#0x14	false	
Instruction	1399	S:0xC004010E	0xB500	3	PUSH     {lr}	false	
Instruction	1400	S:0xC0040110	0xF85DEB04	2	POP      {lr}	false	
Instruction	1401	S:0xC0040114	0xF8D02084	11	LDR      r2,[r0,#0x84]	false	
Instruction	1402	S:0xC0040118	0xF8D0A030	9	LDR      r10,[r0,#0x30]	false	
Instruction	1403	S:0xC004011C	0x4683	0	MOV      r11,r0	false	
Instruction	1404	S:0xC004011E	0xF8D23480	2	LDR      r3,[r2,#0x480]	false	
Instruction	1405	S:0xC0040122	0xF8D2C484	1	LDR      r12,[r2,#0x484]	false	
Instruction	1406	S:0xC0040126	0xF1BA0F00	0	CMP      r10,#0	false	
Instruction	1407	S:0xC004012A	0xD041	1	BEQ      {pc}+0x86 ; 0xc00401b0	true	fail
Instruction	1408	S:0xC004012C	0xF8DA2020	23	LDR      r2,[r10,#0x20]	false	
Instruction	1409	S:0xC0040130	0x1A9A	2	SUBS     r2,r3,r2	false	
Instruction	1410	S:0xC0040132	0xD03D	0	BEQ      {pc}+0x7e ; 0xc00401b0	true	fail
Instruction	1411	S:0xC0040134	0xE9DA6728	13	LDRD     r6,r7,[r10,#0xa0]	false	
Instruction	1412	S:0xC0040138	0x2500	1	MOVS     r5,#0	false	
Instruction	1413	S:0xC004013A	0x4614	0	MOV      r4,r2	false	
Instruction	1414	S:0xC004013C	0x4629	1	MOV      r1,r5	false	
Instruction	1415	S:0xC004013E	0x42BD	1	CMP      r5,r7	false	
Instruction	1416	S:0xC0040140	0xBF08	15	IT       EQ	false	
Instruction	1417	S:0xC0040142	0x42B4	1	CMP      r4,r6	false	
Instruction	1418	S:0xC0040144	0x4610	0	MOV      r0,r2	false	
Instruction	1419	S:0xC0040146	0xBF3C	1	ITT      CC	false	
Instruction	1420	S:0xC0040148	0x4639	1	MOV      r1,r7	false	
Instruction	1421	S:0xC004014A	0x4630	0	MOV      r0,r6	false	
Instruction	1422	S:0xC004014C	0xE9DA670A	1	LDRD     r6,r7,[r10,#0x28]	false	
Instruction	1423	S:0xC0040150	0xF8CA10A4	1	STR      r1,[r10,#0xa4]	false	
Instruction	1424	S:0xC0040154	0x18B6	1	ADDS     r6,r6,r2	false	
Instruction	1425	S:0xC0040156	0xF8CA00A0	1	STR      r0,[r10,#0xa0]	false	
Instruction	1426	S:0xC004015A	0xEB470705	1	ADC      r7,r7,r5	false	
Instruction	1427	S:0xC004015E	0xE9CA670A	14	STRD     r6,r7,[r10,#0x28]	false	
Instruction	1428	S:0xC0040162	0xE9DB6704	1	LDRD     r6,r7,[r11,#0x10]	false	
Instruction	1429	S:0xC0040166	0x18B6	2	ADDS     r6,r6,r2	false	
Instruction	1430	S:0xC0040168	0xEB470705	1	ADC      r7,r7,r5	false	
Instruction	1431	S:0xC004016C	0xE9CB6704	1	STRD     r6,r7,[r11,#0x10]	false	
Instruction	1432	S:0xC0040170	0xF8DA1000	1	LDR      r1,[r10,#0]	false	
Instruction	1433	S:0xC0040174	0xF5B16F80	2	CMP      r1,#0x400	false	
Instruction	1434	S:0xC0040178	0xBF04	0	ITT      EQ	false	
Instruction	1435	S:0xC004017A	0x4690	1	MOV      r8,r2	false	
Instruction	1436	S:0xC004017C	0x46A9	0	MOV      r9,r5	false	
Instruction	1437	S:0xC004017E	0xD13D	1	BNE      {pc}+0x7e ; 0xc00401fc	true	fail
Instruction	1438	S:0xC0040180	0xE9DA670C	11	LDRD     r6,r7,[r10,#0x30]	false	
Instruction	1439	S:0xC0040184	0x4658	1	MOV      r0,r11	false	
Instruction	1440	S:0xC0040186	0xEB160608	1	ADDS     r6,r6,r8	false	
Instruction	1441	S:0xC004018A	0xEB470709	1	ADC      r7,r7,r9	false	
Instruction	1442	S:0xC004018E	0xE9CA670C	1	STRD     r6,r7,[r10,#0x30]	false	
Instruction	1443	S:0xC0040192	0x9303	1	STR      r3,[sp,#0xc]	false	
Instruction	1444	S:0xC0040194	0xF8CDC008	1	STR      r12,[sp,#8]	false	
Instruction	1445	S:0xC0040198	0xF7FFFB06	0	BL       {pc}-0x9f0 ; 0xc003f7a8	true	
Instruction	1446	S:0xC003F7A8	0xE92D03F0	17	PUSH     {r4-r9}	false	
Instruction	1447	S:0xC003F7AC	0xB500	5	PUSH     {lr}	false	
Instruction	1448	S:0xC003F7AE	0xF85DEB04	2	POP      {lr}	false	
Instruction	1449	S:0xC003F7B2	0x6B03	1	LDR      r3,[r0,#0x30]	false	
Instruction	1450	S:0xC003F7B4	0xE9D04506	2	LDRD     r4,r5,[r0,#0x18]	false	
Instruction	1451	S:0xC003F7B8	0x2B00	1	CMP      r3,#0	false	
Instruction	1452	S:0xC003F7BA	0xD029	0	BEQ      {pc}+0x56 ; 0xc003f810	true	fail
Instruction	1453	S:0xC003F7BC	0x6AC1	10	LDR      r1,[r0,#0x2c]	false	
Instruction	1454	S:0xC003F7BE	0xE9D3230C	1	LDRD     r2,r3,[r3,#0x30]	false	
Instruction	1455	S:0xC003F7C2	0xB171	1	CBZ      r1,{pc}+0x20 ; 0xc003f7e2	true	fail
Instruction	1456	S:0xC003F7C4	0xE9D1670A	3	LDRD     r6,r7,[r1,#0x28]	false	
Instruction	1457	S:0xC003F7C8	0x46B0	2	MOV      r8,r6	false	
Instruction	1458	S:0xC003F7CA	0x46B9	1	MOV      r9,r7	false	
Instruction	1459	S:0xC003F7CC	0xEBB80802	1	SUBS     r8,r8,r2	false	
Instruction	1460	S:0xC003F7D0	0xEB690903	1	SBC      r9,r9,r3	false	
Instruction	1461	S:0xC003F7D4	0xF1B80F00	0	CMP      r8,#0	false	
Instruction	1462	S:0xC003F7D8	0xF1790100	1	SBCS     r1,r9,#0	false	
Instruction	1463	S:0xC003F7DC	0xBFBC	0	ITT      LT	false	
Instruction	1464	S:0xC003F7DE	0x4632	1	MOV      r2,r6	false	fail
Instruction	1465	S:0xC003F7E0	0x463B	9	MOV      r3,r7	false	fail
Instruction	1466	S:0xC003F7E2	0x4616	0	MOV      r6,r2	false	
Instruction	1467	S:0xC003F7E4	0x461F	1	MOV      r7,r3	false	
Instruction	1468	S:0xC003F7E6	0x1B36	1	SUBS     r6,r6,r4	false	
Instruction	1469	S:0xC003F7E8	0xEB670705	1	SBC      r7,r7,r5	false	
Instruction	1470	S:0xC003F7EC	0x2E01	0	CMP      r6,#1	false	
Instruction	1471	S:0xC003F7EE	0xF1770100	1	SBCS     r1,r7,#0	false	
Instruction	1472	S:0xC003F7F2	0xDB0A	0	BLT      {pc}+0x18 ; 0xc003f80a	true	
Instruction	1473	S:0xC003F80A	0x4622	18	MOV      r2,r4	false	
Instruction	1474	S:0xC003F80C	0x462B	0	MOV      r3,r5	false	
Instruction	1475	S:0xC003F80E	0xE7F1	1	B        {pc}-0x1a ; 0xc003f7f4	true	
Instruction	1476	S:0xC003F7F4	0xE9C02306	3	STRD     r2,r3,[r0,#0x18]	false	
Instruction	1477	S:0xC003F7F8	0xF3BF8F5F	1	DMB      	false	
Instruction	1478	S:0xC003F7FC	0xE9D02306	31	LDRD     r2,r3,[r0,#0x18]	false	
Instruction	1479	S:0xC003F800	0xE9C02308	3	STRD     r2,r3,[r0,#0x20]	false	
Instruction	1480	S:0xC003F804	0xE8BD03F0	1	POP      {r4-r9}	false	
Instruction	1481	S:0xC003F808	0x4770	3	BX       lr	true	
Instruction	1482	S:0xC004019C	0x9B03	2	LDR      r3,[sp,#0xc]	false	
Instruction	1483	S:0xC004019E	0xF8DA2128	1	LDR      r2,[r10,#0x128]	false	
Instruction	1484	S:0xC00401A2	0xF8CA3020	1	STR      r3,[r10,#0x20]	false	
Instruction	1485	S:0xC00401A6	0xF8DDC008	1	LDR      r12,[sp,#8]	false	
Instruction	1486	S:0xC00401AA	0xF8CAC024	1	STR      r12,[r10,#0x24]	false	
Instruction	1487	S:0xC00401AE	0xB112	1	CBZ      r2,{pc}+8 ; 0xc00401b6	true	
Instruction	1488	S:0xC00401B6	0x4B24	26	LDR      r3,[pc,#144] ; [0xC0040248] = 0xC0636008	false	
Instruction	1489	S:0xC00401B8	0xE9DA670C	3	LDRD     r6,r7,[r10,#0x30]	false	
Instruction	1490	S:0xC00401BC	0x685A	13	LDR      r2,[r3,#4]	false	
Instruction	1491	S:0xC00401BE	0x2A00	2	CMP      r2,#0	false	
Instruction	1492	S:0xC00401C0	0xD12C	0	BNE      {pc}+0x5c ; 0xc004021c	true	fail
Instruction	1493	S:0xC00401C2	0xF8DA639C	1	LDR      r6,[r10,#0x39c]	false	
Instruction	1494	S:0xC00401C6	0xF8D630D8	15	LDR      r3,[r6,#0xd8]	false	
Instruction	1495	S:0xC00401CA	0x2B00	2	CMP      r3,#0	false	
Instruction	1496	S:0xC00401CC	0xD0F0	0	BEQ      {pc}-0x1c ; 0xc00401b0	true	
Instruction	1497	S:0xC00401B0	0xB005	8	ADD      sp,sp,#0x14	false	
Instruction	1498	S:0xC00401B2	0xE8BD8FF0	5	POP      {r4-r11,pc}	true	
Instruction	1499	S:0xC00426B4	0xF8D7C124	7	LDR      r12,[r7,#0x124]	false	
Instruction	1500	S:0xC00426B8	0xF8D73128	1	LDR      r3,[r7,#0x128]	false	
Instruction	1501	S:0xC00426BC	0xF8DC2084	4	LDR      r2,[r12,#0x84]	false	
Instruction	1502	S:0xC00426C0	0xF8D244C0	3	LDR      r4,[r2,#0x4c0]	false	
Instruction	1503	S:0xC00426C4	0x940A	1	STR      r4,[sp,#0x28]	false	
Instruction	1504	S:0xC00426C6	0x2B00	0	CMP      r3,#0	false	
Instruction	1505	S:0xC00426C8	0xF00081F6	1	BEQ.W    {pc}+0x3f0 ; 0xc0042ab8	true	
Instruction	1506	S:0xC0042AB8	0xF5026290	24	ADD      r2,r2,#0x480	false	
Instruction	1507	S:0xC0042ABC	0xE9D24500	3	LDRD     r4,r5,[r2,#0]	false	
Instruction	1508	S:0xC0042AC0	0xE60A	14	B        {pc}-0x3e8 ; 0xc00426d8	true	
Instruction	1509	S:0xC00426D8	0x69FA	5	LDR      r2,[r7,#0x1c]	false	
Instruction	1510	S:0xC00426DA	0x463B	0	MOV      r3,r7	false	
Instruction	1511	S:0xC00426DC	0xE9F3014E	3	LDRD     r0,r1,[r3,#0x138]!	false	
Instruction	1512	S:0xC00426E0	0x9212	1	STR      r2,[sp,#0x48]	false	
Instruction	1513	S:0xC00426E2	0xF8DC2030	1	LDR      r2,[r12,#0x30]	false	
Instruction	1514	S:0xC00426E6	0x1A20	1	SUBS     r0,r4,r0	false	
Instruction	1515	S:0xC00426E8	0xEB650101	1	SBC      r1,r5,r1	false	
Instruction	1516	S:0xC00426EC	0x9305	1	STR      r3,[sp,#0x14]	false	
Instruction	1517	S:0xC00426EE	0xF8CDC010	1	STR      r12,[sp,#0x10]	false	
Instruction	1518	S:0xC00426F2	0x920C	1	STR      r2,[sp,#0x30]	false	
Instruction	1519	S:0xC00426F4	0xF7FDF932	0	BL       {pc}-0x2d98 ; 0xc003f95c	true	
Instruction	1520	S:0xC003F95C	0xE92D03F0	1	PUSH     {r4-r9}	false	
Instruction	1521	S:0xC003F960	0xB500	11	PUSH     {lr}	false	
Instruction	1522	S:0xC003F962	0xF85DEB04	2	POP      {lr}	false	
Instruction	1523	S:0xC003F966	0xF64B7640	1	MOV      r6,#0xbf40	false	
Instruction	1524	S:0xC003F96A	0xF2CC0664	1	MOVT     r6,#0xc064	false	
Instruction	1525	S:0xC003F96E	0x6876	16	LDR      r6,[r6,#4]	false	
Instruction	1526	S:0xC003F970	0xFBA18906	3	UMULL    r8,r9,r1,r6	false	
Instruction	1527	S:0xC003F974	0xEA4F7CE6	1	ASR      r12,r6,#31	false	
Instruction	1528	S:0xC003F978	0xFBA06706	1	UMULL    r6,r7,r0,r6	false	
Instruction	1529	S:0xC003F97C	0xFB01990C	1	MLA      r9,r1,r12,r9	false	
Instruction	1530	S:0xC003F980	0xEA4F4408	1	LSL      r4,r8,#16	false	
Instruction	1531	S:0xC003F984	0xFB00770C	1	MLA      r7,r0,r12,r7	false	
Instruction	1532	S:0xC003F988	0x0C32	1	LSRS     r2,r6,#16	false	
Instruction	1533	S:0xC003F98A	0xEA4F4509	1	LSL      r5,r9,#16	false	
Instruction	1534	S:0xC003F98E	0xEA454518	1	ORR      r5,r5,r8,LSR #16	false	
Instruction	1535	S:0xC003F992	0xEA424207	1	ORR      r2,r2,r7,LSL #16	false	
Instruction	1536	S:0xC003F996	0x0C3B	1	LSRS     r3,r7,#16	false	
Instruction	1537	S:0xC003F998	0x1912	1	ADDS     r2,r2,r4	false	
Instruction	1538	S:0xC003F99A	0xEB430305	1	ADC      r3,r3,r5	false	
Instruction	1539	S:0xC003F99E	0x4610	0	MOV      r0,r2	false	
Instruction	1540	S:0xC003F9A0	0x4619	1	MOV      r1,r3	false	
Instruction	1541	S:0xC003F9A2	0xE8BD03F0	1	POP      {r4-r9}	false	
Instruction	1542	S:0xC003F9A6	0x4770	3	BX       lr	true	
Instruction	1543	S:0xC00426F8	0x9B05	2	LDR      r3,[sp,#0x14]	false	
Instruction	1544	S:0xC00426FA	0xF8DDC010	1	LDR      r12,[sp,#0x10]	false	
Instruction	1545	S:0xC00426FE	0x2800	0	CMP      r0,#0	false	
Instruction	1546	S:0xC0042700	0xF1710E00	6	SBCS     lr,r1,#0	false	
Instruction	1547	S:0xC0042704	0xF2C081CC	0	BLT.W    {pc}+0x39c ; 0xc0042aa0	true	fail
Instruction	1548	S:0xC0042708	0xEA4F2A90	1	LSR      r10,r0,#10	false	
Instruction	1549	S:0xC004270C	0xEA4F2B91	1	LSR      r11,r1,#10	false	
Instruction	1550	S:0xC0042710	0xEA4A5A81	1	ORR      r10,r10,r1,LSL #22	false	
Instruction	1551	S:0xC0042714	0xEA5A000B	1	ORRS     r0,r10,r11	false	
Instruction	1552	S:0xC0042718	0xF00080D4	0	BEQ.W    {pc}+0x1ac ; 0xc00428c4	true	fail
Instruction	1553	S:0xC004271C	0xF64B7140	1	MOV      r1,#0xbf40	false	
Instruction	1554	S:0xC0042720	0xE9C34500	14	STRD     r4,r5,[r3,#0]	false	
Instruction	1555	S:0xC0042724	0xF2CC0164	1	MOVT     r1,#0xc064	false	
Instruction	1556	S:0xC0042728	0x680A	3	LDR      r2,[r1,#0]	false	
Instruction	1557	S:0xC004272A	0x2A00	2	CMP      r2,#0	false	
Instruction	1558	S:0xC004272C	0xF00081BB	0	BEQ.W    {pc}+0x37a ; 0xc0042aa6	true	fail
Instruction	1559	S:0xC0042730	0x9A0A	22	LDR      r2,[sp,#0x28]	false	
Instruction	1560	S:0xC0042732	0x2400	0	MOVS     r4,#0	false	
Instruction	1561	S:0xC0042734	0x940B	1	STR      r4,[sp,#0x2c]	false	
Instruction	1562	S:0xC0042736	0xEB011302	2	ADD      r3,r1,r2,LSL #4	false	
Instruction	1563	S:0xC004273A	0xF8D33098	14	LDR      r3,[r3,#0x98]	false	
Instruction	1564	S:0xC004273E	0x9313	1	STR      r3,[sp,#0x4c]	false	
Instruction	1565	S:0xC0042740	0x930A	1	STR      r3,[sp,#0x28]	false	
Instruction	1566	S:0xC0042742	0xF8D7E134	1	LDR      lr,[r7,#0x134]	false	
Instruction	1567	S:0xC0042746	0xF24032FF	0	MOV      r2,#0x3ff	false	
Instruction	1568	S:0xC004274A	0x9C0C	2	LDR      r4,[sp,#0x30]	false	
Instruction	1569	S:0xC004274C	0x2300	0	MOVS     r3,#0	false	
Instruction	1570	S:0xC004274E	0x1B39	2	SUBS     r1,r7,r4	false	
Instruction	1571	S:0xC0042750	0xEA4F548E	1	LSL      r4,lr,#22	false	
Instruction	1572	S:0xC0042754	0x424D	1	RSBS     r5,r1,#0	false	
Instruction	1573	S:0xC0042756	0xEA4F5494	1	LSR      r4,r4,#22	false	
Instruction	1574	S:0xC004275A	0x414D	1	ADCS     r5,r5,r1	false	
Instruction	1575	S:0xC004275C	0xEB1A0004	1	ADDS     r0,r10,r4	false	
Instruction	1576	S:0xC0042760	0xF14B0100	1	ADC      r1,r11,#0	false	
Instruction	1577	S:0xC0042764	0x428B	1	CMP      r3,r1	false	
Instruction	1578	S:0xC0042766	0xBF08	0	IT       EQ	false	
Instruction	1579	S:0xC0042768	0x4282	1	CMP      r2,r0	false	
Instruction	1580	S:0xC004276A	0xBF28	0	IT       CS	false	
Instruction	1581	S:0xC004276C	0x2400	1	MOVS     r4,#0	false	fail
Instruction	1582	S:0xC004276E	0xD279	0	BCS      {pc}+0xf6 ; 0xc0042864	true	fail
Instruction	1583	S:0xC0042770	0x9B13	1	LDR      r3,[sp,#0x4c]	false	
Instruction	1584	S:0xC0042772	0xF5C46480	1	RSB      r4,r4,#0x400	false	
Instruction	1585	S:0xC0042776	0xF8D70130	1	LDR      r0,[r7,#0x130]	false	
Instruction	1586	S:0xC004277A	0xFB04F203	1	MUL      r2,r4,r3	false	
Instruction	1587	S:0xC004277E	0x9B12	1	LDR      r3,[sp,#0x48]	false	
Instruction	1588	S:0xC0042780	0x0A92	6	LSRS     r2,r2,#10	false	
Instruction	1589	S:0xC0042782	0x2B00	0	CMP      r3,#0	false	
Instruction	1590	S:0xC0042784	0xF04081AD	1	BNE.W    {pc}+0x35e ; 0xc0042ae2	true	
Instruction	1591	S:0xC0042AE2	0x1810	19	ADDS     r0,r2,r0	false	
Instruction	1592	S:0xC0042AE4	0x900C	1	STR      r0,[sp,#0x30]	false	
Instruction	1593	S:0xC0042AE6	0xF8C70130	1	STR      r0,[r7,#0x130]	false	
Instruction	1594	S:0xC0042AEA	0xE64E	0	B        {pc}-0x360 ; 0xc004278a	true	
Instruction	1595	S:0xC004278A	0xB125	2	CBZ      r5,{pc}+0xc ; 0xc0042796	true	fail
Instruction	1596	S:0xC004278C	0xF8D73160	1	LDR      r3,[r7,#0x160]	false	
Instruction	1597	S:0xC0042790	0x189B	2	ADDS     r3,r3,r2	false	
Instruction	1598	S:0xC0042792	0xF8C73160	1	STR      r3,[r7,#0x160]	false	
Instruction	1599	S:0xC0042796	0xEBBA0204	1	SUBS     r2,r10,r4	false	
Instruction	1600	S:0xC004279A	0xEB6B73E4	1	SBC      r3,r11,r4,ASR #31	false	
Instruction	1601	S:0xC004279E	0x2100	0	MOVS     r1,#0	false	
Instruction	1602	S:0xC00427A0	0xEA030B01	11	AND      r11,r3,r1	false	
Instruction	1603	S:0xC00427A4	0x4474	1	ADD      r4,r4,lr	false	
Instruction	1604	S:0xC00427A6	0x0A91	1	LSRS     r1,r2,#10	false	
Instruction	1605	S:0xC00427A8	0xF24030FF	0	MOV      r0,#0x3ff	false	
Instruction	1606	S:0xC00427AC	0xEA4F2E93	1	LSR      lr,r3,#10	false	
Instruction	1607	S:0xC00427B0	0x9418	1	STR      r4,[sp,#0x60]	false	
Instruction	1608	S:0xC00427B2	0xF8C74134	1	STR      r4,[r7,#0x134]	false	
Instruction	1609	S:0xC00427B6	0xEA415483	1	ORR      r4,r1,r3,LSL #22	false	
Instruction	1610	S:0xC00427BA	0xF8CDE03C	1	STR      lr,[sp,#0x3c]	false	
Instruction	1611	S:0xC00427BE	0xEA020A00	15	AND      r10,r2,r0	false	
Instruction	1612	S:0xC00427C2	0x940E	1	STR      r4,[sp,#0x38]	false	
Instruction	1613	S:0xC00427C4	0x2001	1	MOVS     r0,#1	false	
Instruction	1614	S:0xC00427C6	0xE9DD230E	1	LDRD     r2,r3,[sp,#0x38]	false	
Instruction	1615	S:0xC00427CA	0x2100	1	MOVS     r1,#0	false	
Instruction	1616	S:0xC00427CC	0x1812	1	ADDS     r2,r2,r0	false	
Instruction	1617	S:0xC00427CE	0xF44F60FC	0	MOV      r0,#0x7e0	false	
Instruction	1618	S:0xC00427D2	0xEB430301	1	ADC      r3,r3,r1	false	
Instruction	1619	S:0xC00427D6	0x2100	0	MOVS     r1,#0	false	
Instruction	1620	S:0xC00427D8	0x4299	1	CMP      r1,r3	false	
Instruction	1621	S:0xC00427DA	0xBF08	0	IT       EQ	false	
Instruction	1622	S:0xC00427DC	0x4290	1	CMP      r0,r2	false	
Instruction	1623	S:0xC00427DE	0xF0C08390	15	BCC.W    {pc}+0x724 ; 0xc0042f02	true	fail
Instruction	1624	S:0xC00427E2	0x2A1F	1	CMP      r2,#0x1f	false	
Instruction	1625	S:0xC00427E4	0x4614	1	MOV      r4,r2	false	
Instruction	1626	S:0xC00427E6	0xF20083D8	0	BHI.W    {pc}+0x7b4 ; 0xc0042f9a	true	fail
Instruction	1627	S:0xC00427EA	0xF24830C8	66	MOV      r0,#0x83c8	false	
Instruction	1628	S:0xC00427EE	0x990C	1	LDR      r1,[sp,#0x30]	false	
Instruction	1629	S:0xC00427F0	0xF2CC003E	1	MOVT     r0,#0xc03e	false	
Instruction	1630	S:0xC00427F4	0xF8DFE564	14	LDR      lr,[pc,#1380] ; [0xC0042D5C]	false	
Instruction	1631	S:0xC00427F8	0xF8500022	3	LDR      r0,[r0,r2,LSL #2]	false	
Instruction	1632	S:0xC00427FC	0xFBA02301	3	UMULL    r2,r3,r0,r1	false	
Instruction	1633	S:0xC0042800	0x9009	1	STR      r0,[sp,#0x24]	false	
Instruction	1634	S:0xC0042802	0x4601	0	MOV      r1,r0	false	
Instruction	1635	S:0xC0042804	0x9818	1	LDR      r0,[sp,#0x60]	false	
Instruction	1636	S:0xC0042806	0xFBA10100	3	UMULL    r0,r1,r1,r0	false	
Instruction	1637	S:0xC004280A	0x930C	1	STR      r3,[sp,#0x30]	false	
Instruction	1638	S:0xC004280C	0xF8C73130	1	STR      r3,[r7,#0x130]	false	
Instruction	1639	S:0xC0042810	0xF8D73160	1	LDR      r3,[r7,#0x160]	false	
Instruction	1640	S:0xC0042814	0xE9CD0118	1	STRD     r0,r1,[sp,#0x60]	false	
Instruction	1641	S:0xC0042818	0xF8C71134	1	STR      r1,[r7,#0x134]	false	
Instruction	1642	S:0xC004281C	0xF85E2024	1	LDR      r2,[lr,r4,LSL #2]	false	
Instruction	1643	S:0xC0042820	0xFBA22303	10	UMULL    r2,r3,r2,r3	false	
Instruction	1644	S:0xC0042824	0xF8C73160	1	STR      r3,[r7,#0x160]	false	
Instruction	1645	S:0xC0042828	0xE9DD010E	1	LDRD     r0,r1,[sp,#0x38]	false	
Instruction	1646	S:0xC004282C	0xF8CDC010	1	STR      r12,[sp,#0x10]	false	
Instruction	1647	S:0xC0042830	0xF7FEFF4E	1	BL       {pc}-0x1160 ; 0xc00416d0	true	
Instruction	1648	S:0xC00416D0	0xE92D03F0	2	PUSH     {r4-r9}	false	
Instruction	1649	S:0xC00416D4	0xB500	5	PUSH     {lr}	false	
Instruction	1650	S:0xC00416D6	0xF85DEB04	2	POP      {lr}	false	
Instruction	1651	S:0xC00416DA	0x2620	0	MOVS     r6,#0x20	false	
Instruction	1652	S:0xC00416DC	0x2700	1	MOVS     r7,#0	false	
Instruction	1653	S:0xC00416DE	0x428F	1	CMP      r7,r1	false	
Instruction	1654	S:0xC00416E0	0xBF08	7	IT       EQ	false	
Instruction	1655	S:0xC00416E2	0x4286	1	CMP      r6,r0	false	
Instruction	1656	S:0xC00416E4	0xD307	0	BCC      {pc}+0x12 ; 0xc00416f6	true	fail
Instruction	1657	S:0xC00416E6	0x4B31	3	LDR      r3,[pc,#196] ; [0xC00417AC]	false	
Instruction	1658	S:0xC00416E8	0xEB030080	2	ADD      r0,r3,r0,LSL #2	false	
Instruction	1659	S:0xC00416EC	0xF8D000FC	16	LDR      r0,[r0,#0xfc]	false	
Instruction	1660	S:0xC00416F0	0xE8BD03F0	3	POP      {r4-r9}	false	
Instruction	1661	S:0xC00416F4	0x4770	3	BX       lr	true	
Instruction	1662	S:0xC0042834	0x9A13	2	LDR      r2,[sp,#0x4c]	false	
Instruction	1663	S:0xC0042836	0xF8DDC010	1	LDR      r12,[sp,#0x10]	false	
Instruction	1664	S:0xC004283A	0xFB02F300	2	MUL      r3,r2,r0	false	
Instruction	1665	S:0xC004283E	0x0A9A	3	LSRS     r2,r3,#10	false	
Instruction	1666	S:0xC0042840	0x9B12	1	LDR      r3,[sp,#0x48]	false	
Instruction	1667	S:0xC0042842	0xB11B	2	CBZ      r3,{pc}+0xa ; 0xc004284c	true	fail
Instruction	1668	S:0xC0042844	0x9C0C	8	LDR      r4,[sp,#0x30]	false	
Instruction	1669	S:0xC0042846	0x1913	2	ADDS     r3,r2,r4	false	
Instruction	1670	S:0xC0042848	0xF8C73130	1	STR      r3,[r7,#0x130]	false	
Instruction	1671	S:0xC004284C	0xB125	1	CBZ      r5,{pc}+0xc ; 0xc0042858	true	fail
Instruction	1672	S:0xC004284E	0xF8D73160	9	LDR      r3,[r7,#0x160]	false	
Instruction	1673	S:0xC0042852	0x189B	2	ADDS     r3,r3,r2	false	
Instruction	1674	S:0xC0042854	0xF8C73160	1	STR      r3,[r7,#0x160]	false	
Instruction	1675	S:0xC0042858	0xF8D7E134	1	LDR      lr,[r7,#0x134]	false	
Instruction	1676	S:0xC004285C	0x2401	0	MOVS     r4,#1	false	
Instruction	1677	S:0xC004285E	0x4486	2	ADD      lr,lr,r0	false	
Instruction	1678	S:0xC0042860	0xF8C7E134	1	STR      lr,[r7,#0x134]	false	
Instruction	1679	S:0xC0042864	0x990B	1	LDR      r1,[sp,#0x2c]	false	
Instruction	1680	S:0xC0042866	0x9A0A	1	LDR      r2,[sp,#0x28]	false	
Instruction	1681	S:0xC0042868	0xFB0AF001	2	MUL      r0,r10,r1	false	
Instruction	1682	S:0xC004286C	0xFB02000B	1	MLA      r0,r2,r11,r0	false	
Instruction	1683	S:0xC0042870	0xFBAA2302	1	UMULL    r2,r3,r10,r2	false	
Instruction	1684	S:0xC0042874	0x18C3	2	ADDS     r3,r0,r3	false	
Instruction	1685	S:0xC0042876	0x0A92	1	LSRS     r2,r2,#10	false	
Instruction	1686	S:0xC0042878	0xEA425283	1	ORR      r2,r2,r3,LSL #22	false	
Instruction	1687	S:0xC004287C	0x9B12	1	LDR      r3,[sp,#0x48]	false	
Instruction	1688	S:0xC004287E	0xB123	2	CBZ      r3,{pc}+0xc ; 0xc004288a	true	fail
Instruction	1689	S:0xC0042880	0xF8D73130	1	LDR      r3,[r7,#0x130]	false	
Instruction	1690	S:0xC0042884	0x189B	2	ADDS     r3,r3,r2	false	
Instruction	1691	S:0xC0042886	0xF8C73130	1	STR      r3,[r7,#0x130]	false	
Instruction	1692	S:0xC004288A	0xB125	1	CBZ      r5,{pc}+0xc ; 0xc0042896	true	fail
Instruction	1693	S:0xC004288C	0xF8D73160	1	LDR      r3,[r7,#0x160]	false	
Instruction	1694	S:0xC0042890	0x189A	2	ADDS     r2,r3,r2	false	
Instruction	1695	S:0xC0042892	0xF8C72160	1	STR      r2,[r7,#0x160]	false	
Instruction	1696	S:0xC0042896	0xEB0E010A	1	ADD      r1,lr,r10	false	
Instruction	1697	S:0xC004289A	0xF8C71134	1	STR      r1,[r7,#0x134]	false	
Instruction	1698	S:0xC004289E	0xB18C	1	CBZ      r4,{pc}+0x26 ; 0xc00428c4	true	fail
Instruction	1699	S:0xC00428A0	0x4638	24	MOV      r0,r7	false	
Instruction	1700	S:0xC00428A2	0xF8CDC010	1	STR      r12,[sp,#0x10]	false	
Instruction	1701	S:0xC00428A6	0xF7FDFD11	1	BL       {pc}-0x25da ; 0xc00402cc	true	
Instruction	1702	S:0xC00402CC	0xE92D4FF8	17	PUSH     {r3-r11,lr}	false	
Instruction	1703	S:0xC00402D0	0xB500	7	PUSH     {lr}	false	
Instruction	1704	S:0xC00402D2	0xF85DEB04	2	POP      {lr}	false	
Instruction	1705	S:0xC00402D6	0x4606	0	MOV      r6,r0	false	
Instruction	1706	S:0xC00402D8	0xF8D05128	1	LDR      r5,[r0,#0x128]	false	
Instruction	1707	S:0xC00402DC	0xF8D0A148	2	LDR      r10,[r0,#0x148]	false	
Instruction	1708	S:0xC00402E0	0x2D00	6	CMP      r5,#0	false	
Instruction	1709	S:0xC00402E2	0xD067	0	BEQ      {pc}+0xd2 ; 0xc00403b4	true	
Instruction	1710	S:0xC00403B4	0xF8D04134	22	LDR      r4,[r0,#0x134]	false	
Instruction	1711	S:0xC00403B8	0xF1A00538	1	SUB      r5,r0,#0x38	false	
Instruction	1712	S:0xC00403BC	0xF8D08130	1	LDR      r8,[r0,#0x130]	false	
Instruction	1713	S:0xC00403C0	0x6800	17	LDR      r0,[r0,#0]	false	
Instruction	1714	S:0xC00403C2	0x3401	0	ADDS     r4,#1	false	
Instruction	1715	S:0xC00403C4	0x4621	1	MOV      r1,r4	false	
Instruction	1716	S:0xC00403C6	0xFB00F008	2	MUL      r0,r0,r8	false	
Instruction	1717	S:0xC00403CA	0xF211F883	1	BL       {pc}+0x21110a ; 0xc02514d4	true	
Cycle Count				143	Tracing disabled		
Info					Tracing enabled		
Instruction	1718	S:0xC00403CE	0x4B27	1	LDR      r3,[pc,#156] ; [0xC004046C] = 0xC0635FF4	false	
Instruction	1719	S:0xC00403D0	0x685A	15	LDR      r2,[r3,#4]	false	
Instruction	1720	S:0xC00403D2	0x4607	0	MOV      r7,r0	false	
Instruction	1721	S:0xC00403D4	0xF8C60148	3	STR      r0,[r6,#0x148]	false	
Instruction	1722	S:0xC00403D8	0xB98A	1	CBNZ     r2,{pc}+0x26 ; 0xc00403fe	true	fail
Instruction	1723	S:0xC00403DA	0xEA4F2088	1	LSL      r0,r8,#10	false	
Instruction	1724	S:0xC00403DE	0x4621	0	MOV      r1,r4	false	
Instruction	1725	S:0xC00403E0	0xF211F878	1	BL       {pc}+0x2110f4 ; 0xc02514d4	true	
Cycle Count				51	Tracing disabled		
Info					Tracing enabled		
Instruction	1726	S:0xC00403E4	0x4607	1	MOV      r7,r0	false	
Instruction	1727	S:0xC00403E6	0xF8C6014C	1	STR      r0,[r6,#0x14c]	false	
Instruction	1728	S:0xC00403EA	0x4B21	3	LDR      r3,[pc,#132] ; [0xC0040470] = 0xC0635FE0	false	
Instruction	1729	S:0xC00403EC	0x685A	3	LDR      r2,[r3,#4]	false	
Instruction	1730	S:0xC00403EE	0x2A00	2	CMP      r2,#0	false	
Instruction	1731	S:0xC00403F0	0xD12E	0	BNE      {pc}+0x60 ; 0xc0040450	true	fail
Instruction	1732	S:0xC00403F2	0xF8D60148	1	LDR      r0,[r6,#0x148]	false	
Instruction	1733	S:0xC00403F6	0xEBCA0000	2	RSB      r0,r10,r0	false	
Instruction	1734	S:0xC00403FA	0xE8BD8FF8	1	POP      {r3-r11,pc}	true	
Instruction	1735	S:0xC00428AA	0x69FB	13	LDR      r3,[r7,#0x1c]	false	
Instruction	1736	S:0xC00428AC	0xF8DDC010	1	LDR      r12,[sp,#0x10]	false	
Instruction	1737	S:0xC00428B0	0x2B00	1	CMP      r3,#0	false	
Instruction	1738	S:0xC00428B2	0xF0008106	0	BEQ.W    {pc}+0x210 ; 0xc0042ac2	true	fail
Instruction	1739	S:0xC00428B6	0xE9DC2312	12	LDRD     r2,r3,[r12,#0x48]	false	
Instruction	1740	S:0xC00428BA	0x1812	2	ADDS     r2,r2,r0	false	
Instruction	1741	S:0xC00428BC	0xEB4373E0	1	ADC      r3,r3,r0,ASR #31	false	
Instruction	1742	S:0xC00428C0	0xE9CC2312	1	STRD     r2,r3,[r12,#0x48]	false	
Instruction	1743	S:0xC00428C4	0xF0880101	1	EOR      r1,r8,#1	false	
Instruction	1744	S:0xC00428C8	0x4630	0	MOV      r0,r6	false	
Instruction	1745	S:0xC00428CA	0xF7FDF967	1	BL       {pc}-0x2d2e ; 0xc003fb9c	true	
Instruction	1746	S:0xC003FB9C	0xE92D0FF0	1	PUSH     {r4-r11}	false	
Instruction	1747	S:0xC003FBA0	0xB500	9	PUSH     {lr}	false	
Instruction	1748	S:0xC003FBA2	0xF85DEB04	2	POP      {lr}	false	
Instruction	1749	S:0xC003FBA6	0xF8D06084	1	LDR      r6,[r0,#0x84]	false	
Instruction	1750	S:0xC003FBAA	0xE9D0451A	2	LDRD     r4,r5,[r0,#0x68]	false	
Instruction	1751	S:0xC003FBAE	0xF8D67480	1	LDR      r7,[r6,#0x480]	false	
Instruction	1752	S:0xC003FBB2	0xF8D66484	1	LDR      r6,[r6,#0x484]	false	
Instruction	1753	S:0xC003FBB6	0x0D3A	2	LSRS     r2,r7,#20	false	
Instruction	1754	S:0xC003FBB8	0xEA423206	1	ORR      r2,r2,r6,LSL #12	false	
Instruction	1755	S:0xC003FBBC	0x0D33	1	LSRS     r3,r6,#20	false	
Instruction	1756	S:0xC003FBBE	0x1B14	1	SUBS     r4,r2,r4	false	
Instruction	1757	S:0xC003FBC0	0xEB630505	5	SBC      r5,r3,r5	false	
Instruction	1758	S:0xC003FBC4	0xEA540605	1	ORRS     r6,r4,r5	false	
Instruction	1759	S:0xC003FBC8	0xBF14	1	ITE      NE	false	
Instruction	1760	S:0xC003FBCA	0x2600	1	MOVS     r6,#0	false	
Instruction	1761	S:0xC003FBCC	0x2601	0	MOVS     r6,#1	false	fail
Instruction	1762	S:0xC003FBCE	0x2900	1	CMP      r1,#0	false	
Instruction	1763	S:0xC003FBD0	0xBF14	0	ITE      NE	false	
Instruction	1764	S:0xC003FBD2	0x2600	1	MOVS     r6,#0	false	fail
Instruction	1765	S:0xC003FBD4	0xF0060601	1	AND      r6,r6,#1	false	
Instruction	1766	S:0xC003FBD8	0x2E00	1	CMP      r6,#0	false	
Instruction	1767	S:0xC003FBDA	0xD167	0	BNE      {pc}+0xd2 ; 0xc003fcac	true	fail
Instruction	1768	S:0xC003FBDC	0xF1000C60	1	ADD      r12,r0,#0x60	false	
Instruction	1769	S:0xC003FBE0	0xE8DC677F	15	LDREXD   r6,r7,[r12]	false	
Instruction	1770	S:0xC003FBE4	0xEA560807	2	ORRS     r8,r6,r7	false	
Instruction	1771	S:0xC003FBE8	0xD163	1	BNE      {pc}+0xca ; 0xc003fcb2	true	fail
Instruction	1772	S:0xC003FBEA	0xE9D06714	1	LDRD     r6,r7,[r0,#0x50]	false	
Instruction	1773	S:0xC003FBEE	0xEA540C05	1	ORRS     r12,r4,r5	false	
Instruction	1774	S:0xC003FBF2	0xD027	0	BEQ      {pc}+0x52 ; 0xc003fc44	true	fail
Instruction	1775	S:0xC003FBF4	0xF44F68FC	1	MOV      r8,#0x7e0	false	
Instruction	1776	S:0xC003FBF8	0xF04F0900	0	MOV      r9,#0	false	
Instruction	1777	S:0xC003FBFC	0x45A9	1	CMP      r9,r5	false	
Instruction	1778	S:0xC003FBFE	0xBF08	0	IT       EQ	false	
Instruction	1779	S:0xC003FC00	0x45A0	9	CMP      r8,r4	false	
Instruction	1780	S:0xC003FC02	0xF0C0808F	0	BCC.W    {pc}+0x122 ; 0xc003fd24	true	fail
Instruction	1781	S:0xC003FC06	0x2C1F	1	CMP      r4,#0x1f	false	
Instruction	1782	S:0xC003FC08	0x46A4	0	MOV      r12,r4	false	
Instruction	1783	S:0xC003FC0A	0xD871	1	BHI      {pc}+0xe6 ; 0xc003fcf0	true	fail
Instruction	1784	S:0xC003FC0C	0xF8DF8120	14	LDR      r8,[pc,#288] ; [0xC003FD30] = 0xC03E83C8	false	
Instruction	1785	S:0xC003FC10	0xF04F0B00	1	MOV      r11,#0	false	
Instruction	1786	S:0xC003FC14	0xF858C02C	2	LDR      r12,[r8,r12,LSL #2]	false	
Instruction	1787	S:0xC003FC18	0xFBAC8906	3	UMULL    r8,r9,r12,r6	false	
Instruction	1788	S:0xC003FC1C	0xFB0C9A07	2	MLA      r10,r12,r7,r9	false	
Instruction	1789	S:0xC003FC20	0xE9C0AB14	1	STRD     r10,r11,[r0,#0x50]	false	
Instruction	1790	S:0xC003FC24	0xF1000C58	1	ADD      r12,r0,#0x58	false	
Instruction	1791	S:0xC003FC28	0xE8DC677F	8	LDREXD   r6,r7,[r12]	false	
Instruction	1792	S:0xC003FC2C	0x1936	2	ADDS     r6,r6,r4	false	
Instruction	1793	S:0xC003FC2E	0xEB470705	1	ADC      r7,r7,r5	false	
Instruction	1794	S:0xC003FC32	0xE8CC6778	7	STREXD   r8,r6,r7,[r12]	false	
Instruction	1795	S:0xC003FC36	0xF0980F00	2	TEQ      r8,#0	false	
Instruction	1796	S:0xC003FC3A	0xD1F5	0	BNE      {pc}-0x12 ; 0xc003fc28	true	fail
Instruction	1797	S:0xC003FC3C	0x4656	1	MOV      r6,r10	false	
Instruction	1798	S:0xC003FC3E	0x465F	0	MOV      r7,r11	false	
Instruction	1799	S:0xC003FC40	0xE9C0231A	1	STRD     r2,r3,[r0,#0x68]	false	
Instruction	1800	S:0xC003FC44	0xE9D0451E	1	LDRD     r4,r5,[r0,#0x78]	false	
Instruction	1801	S:0xC003FC48	0xE9D02312	1	LDRD     r2,r3,[r0,#0x48]	false	
Instruction	1802	S:0xC003FC4C	0xF8D0C094	1	LDR      r12,[r0,#0x94]	false	
Instruction	1803	S:0xC003FC50	0x1B12	1	SUBS     r2,r2,r4	false	
Instruction	1804	S:0xC003FC52	0xEB630305	1	SBC      r3,r3,r5	false	
Instruction	1805	S:0xC003FC56	0x1992	1	ADDS     r2,r2,r6	false	
Instruction	1806	S:0xC003FC58	0xEB430307	1	ADC      r3,r3,r7	false	
Instruction	1807	S:0xC003FC5C	0xB999	1	CBNZ     r1,{pc}+0x2a ; 0xc003fc86	true	fail
Instruction	1808	S:0xC003FC5E	0x17DE	1	ASRS     r6,r3,#31	false	
Instruction	1809	S:0xC003FC60	0xEA4F0AD4	2	LSR      r10,r4,#3	false	
Instruction	1810	S:0xC003FC64	0x4637	0	MOV      r7,r6	false	
Instruction	1811	S:0xC003FC66	0xEA860802	1	EOR      r8,r6,r2	false	
Instruction	1812	S:0xC003FC6A	0xEA860903	1	EOR      r9,r6,r3	false	
Instruction	1813	S:0xC003FC6E	0xEA4A7A45	1	ORR      r10,r10,r5,LSL #29	false	
Instruction	1814	S:0xC003FC72	0xEA4F0BD5	1	LSR      r11,r5,#3	false	
Instruction	1815	S:0xC003FC76	0xEBB80806	1	SUBS     r8,r8,r6	false	
Instruction	1816	S:0xC003FC7A	0xEB690907	1	SBC      r9,r9,r7	false	
Instruction	1817	S:0xC003FC7E	0x45CB	1	CMP      r11,r9	false	
Instruction	1818	S:0xC003FC80	0xBF08	13	IT       EQ	false	
Instruction	1819	S:0xC003FC82	0x45C2	1	CMP      r10,r8	false	
Instruction	1820	S:0xC003FC84	0xD212	0	BCS      {pc}+0x28 ; 0xc003fcac	true	fail
Instruction	1821	S:0xC003FC86	0xF10C0130	1	ADD      r1,r12,#0x30	false	
Instruction	1822	S:0xC003FC8A	0xE8D1457F	16	LDREXD   r4,r5,[r1]	false	
Instruction	1823	S:0xC003FC8E	0x18A4	2	ADDS     r4,r4,r2	false	
Instruction	1824	S:0xC003FC90	0xEB450503	1	ADC      r5,r5,r3	false	
Instruction	1825	S:0xC003FC94	0xE8C14576	20	STREXD   r6,r4,r5,[r1]	false	
Instruction	1826	S:0xC003FC98	0xF0960F00	2	TEQ      r6,#0	false	
Instruction	1827	S:0xC003FC9C	0xD1F5	0	BNE      {pc}-0x12 ; 0xc003fc8a	true	fail
Instruction	1828	S:0xC003FC9E	0xE9D0451E	1	LDRD     r4,r5,[r0,#0x78]	false	
Instruction	1829	S:0xC003FCA2	0x18A4	2	ADDS     r4,r4,r2	false	
Instruction	1830	S:0xC003FCA4	0xEB450503	1	ADC      r5,r5,r3	false	
Instruction	1831	S:0xC003FCA8	0xE9C0451E	1	STRD     r4,r5,[r0,#0x78]	false	
Instruction	1832	S:0xC003FCAC	0xE8BD0FF0	1	POP      {r4-r11}	false	
Instruction	1833	S:0xC003FCB0	0x4770	4	BX       lr	true	
Instruction	1834	S:0xC00428CE	0xF8D71148	1	LDR      r1,[r7,#0x148]	false	
Instruction	1835	S:0xC00428D2	0xE9D62312	1	LDRD     r2,r3,[r6,#0x48]	false	
Instruction	1836	S:0xC00428D6	0x1A52	2	SUBS     r2,r2,r1	false	
Instruction	1837	S:0xC00428D8	0xF1630300	1	SBC      r3,r3,#0	false	
Instruction	1838	S:0xC00428DC	0xE9C62312	1	STRD     r2,r3,[r6,#0x48]	false	
Instruction	1839	S:0xC00428E0	0xF1B80F00	1	CMP      r8,#0	false	
Instruction	1840	S:0xC00428E4	0xD010	0	BEQ      {pc}+0x24 ; 0xc0042908	true	fail
Instruction	1841	S:0xC00428E6	0xE9D62314	1	LDRD     r2,r3,[r6,#0x50]	false	
Instruction	1842	S:0xC00428EA	0xF1060058	1	ADD      r0,r6,#0x58	false	
Instruction	1843	S:0xC00428EE	0xF8D71148	1	LDR      r1,[r7,#0x148]	false	
Instruction	1844	S:0xC00428F2	0x1852	2	ADDS     r2,r2,r1	false	
Instruction	1845	S:0xC00428F4	0xF1430300	1	ADC      r3,r3,#0	false	
Instruction	1846	S:0xC00428F8	0xE9C62314	1	STRD     r2,r3,[r6,#0x50]	false	
Instruction	1847	S:0xC00428FC	0xE8D0237F	9	LDREXD   r2,r3,[r0]	false	
Instruction	1848	S:0xC0042900	0xF8C72140	4	STR      r2,[r7,#0x140]	false	
Instruction	1849	S:0xC0042904	0xF8C73144	1	STR      r3,[r7,#0x144]	false	
Instruction	1850	S:0xC0042908	0x6B33	1	LDR      r3,[r6,#0x30]	false	
Instruction	1851	S:0xC004290A	0x429F	2	CMP      r7,r3	false	
Instruction	1852	S:0xC004290C	0xD003	0	BEQ      {pc}+0xa ; 0xc0042916	true	
Instruction	1853	S:0xC0042916	0xF1B80F00	13	CMP      r8,#0	false	
Instruction	1854	S:0xC004291A	0xD004	0	BEQ      {pc}+0xc ; 0xc0042926	true	fail
Instruction	1855	S:0xC004291C	0xF8D73128	1	LDR      r3,[r7,#0x128]	false	
Instruction	1856	S:0xC0042920	0x2B00	15	CMP      r3,#0	false	
Instruction	1857	S:0xC0042922	0xF00080E3	0	BEQ.W    {pc}+0x1ca ; 0xc0042aec	true	
Instruction	1858	S:0xC0042AEC	0xF8573C38	22	LDR      r3,[r7,#-0x38]	false	
Instruction	1859	S:0xC0042AF0	0x07DA	3	LSLS     r2,r3,#31	false	
Instruction	1860	S:0xC0042AF2	0xD507	0	BPL      {pc}+0x12 ; 0xc0042b04	true	fail
Instruction	1861	S:0xC0042AF4	0xF8D63084	1	LDR      r3,[r6,#0x84]	false	
Instruction	1862	S:0xC0042AF8	0xF503638F	2	ADD      r3,r3,#0x478	false	
Instruction	1863	S:0xC0042AFC	0xE9D32300	3	LDRD     r2,r3,[r3,#0]	false	
Instruction	1864	S:0xC0042B00	0xE9C7231E	9	STRD     r2,r3,[r7,#0x78]	false	
Instruction	1865	S:0xC0042B04	0xF8573C38	1	LDR      r3,[r7,#-0x38]	false	
Instruction	1866	S:0xC0042B08	0x079B	3	LSLS     r3,r3,#30	false	
Instruction	1867	S:0xC0042B0A	0xF57FAF0C	0	BPL      {pc}-0x1e4 ; 0xc0042926	true	
Instruction	1868	S:0xC0042926	0x4630	18	MOV      r0,r6	false	
Instruction	1869	S:0xC0042928	0x4639	1	MOV      r1,r7	false	
Instruction	1870	S:0xC004292A	0xF7FEFD03	0	BL       {pc}-0x15f6 ; 0xc0041334	true	
Instruction	1871	S:0xC0041334	0xB430	3	PUSH     {r4,r5}	false	
Instruction	1872	S:0xC0041336	0xB500	1	PUSH     {lr}	false	
Instruction	1873	S:0xC0041338	0xF85DEB04	2	POP      {lr}	false	
Instruction	1874	S:0xC004133C	0x6B83	1	LDR      r3,[r0,#0x38]	false	
Instruction	1875	S:0xC004133E	0x428B	2	CMP      r3,r1	false	
Instruction	1876	S:0xC0041340	0xD038	0	BEQ      {pc}+0x74 ; 0xc00413b4	true	fail
Instruction	1877	S:0xC0041342	0x6B43	16	LDR      r3,[r0,#0x34]	false	
Instruction	1878	S:0xC0041344	0x428B	2	CMP      r3,r1	false	
Instruction	1879	S:0xC0041346	0xD01D	1	BEQ      {pc}+0x3e ; 0xc0041384	true	fail
Instruction	1880	S:0xC0041348	0x6BC3	1	LDR      r3,[r0,#0x3c]	false	
Instruction	1881	S:0xC004134A	0x428B	2	CMP      r3,r1	false	
Instruction	1882	S:0xC004134C	0xD001	0	BEQ      {pc}+6 ; 0xc0041352	true	fail
Instruction	1883	S:0xC004134E	0xBC30	1	POP      {r4,r5}	false	
Instruction	1884	S:0xC0041350	0x4770	1	BX       lr	true	
Instruction	1885	S:0xC004292E	0x6B33	1	LDR      r3,[r6,#0x30]	false	
Instruction	1886	S:0xC0042930	0x429F	2	CMP      r7,r3	false	
Instruction	1887	S:0xC0042932	0xD003	0	BEQ      {pc}+0xa ; 0xc004293c	true	
Instruction	1888	S:0xC004293C	0x2500	1	MOVS     r5,#0	false	
Instruction	1889	S:0xC004293E	0x4630	0	MOV      r0,r6	false	
Instruction	1890	S:0xC0042940	0x61FD	14	STR      r5,[r7,#0x1c]	false	
Instruction	1891	S:0xC0042942	0x4639	0	MOV      r1,r7	false	
Instruction	1892	S:0xC0042944	0xF7FCFF96	1	BL       {pc}-0x30d0 ; 0xc003f874	true	
Instruction	1893	S:0xC003F874	0xB430	18	PUSH     {r4,r5}	false	
Instruction	1894	S:0xC003F876	0xB500	1	PUSH     {lr}	false	
Instruction	1895	S:0xC003F878	0xF85DEB04	2	POP      {lr}	false	
Instruction	1896	S:0xC003F87C	0x2400	0	MOVS     r4,#0	false	
Instruction	1897	S:0xC003F87E	0x680A	1	LDR      r2,[r1,#0]	false	
Instruction	1898	S:0xC003F880	0x6803	14	LDR      r3,[r0,#0]	false	
Instruction	1899	S:0xC003F882	0x6044	1	STR      r4,[r0,#4]	false	
Instruction	1900	S:0xC003F884	0x1A9B	1	SUBS     r3,r3,r2	false	
Instruction	1901	S:0xC003F886	0x6003	1	STR      r3,[r0,#0]	false	
Instruction	1902	S:0xC003F888	0xF8D13120	1	LDR      r3,[r1,#0x120]	false	
Instruction	1903	S:0xC003F88C	0xB183	2	CBZ      r3,{pc}+0x24 ; 0xc003f8b0	true	
Instruction	1904	S:0xC003F8B0	0xF8D02084	17	LDR      r2,[r0,#0x84]	false	
Instruction	1905	S:0xC003F8B4	0x680D	1	LDR      r5,[r1,#0]	false	
Instruction	1906	S:0xC003F8B6	0x6B14	2	LDR      r4,[r2,#0x30]	false	
Instruction	1907	S:0xC003F8B8	0x6353	1	STR      r3,[r2,#0x34]	false	
Instruction	1908	S:0xC003F8BA	0x1B64	1	SUBS     r4,r4,r5	false	
Instruction	1909	S:0xC003F8BC	0x6314	1	STR      r4,[r2,#0x30]	false	
Instruction	1910	S:0xC003F8BE	0xE7E6	0	B        {pc}-0x30 ; 0xc003f88e	true	
Instruction	1911	S:0xC003F88E	0xF8D13128	1	LDR      r3,[r1,#0x128]	false	
Instruction	1912	S:0xC003F892	0xB123	2	CBZ      r3,{pc}+0xc ; 0xc003f89e	true	
Instruction	1913	S:0xC003F89E	0x698A	8	LDR      r2,[r1,#0x18]	false	
Instruction	1914	S:0xC003F8A0	0xF1010314	1	ADD      r3,r1,#0x14	false	
Instruction	1915	S:0xC003F8A4	0x694C	1	LDR      r4,[r1,#0x14]	false	
Instruction	1916	S:0xC003F8A6	0x6062	5	STR      r2,[r4,#4]	false	
Instruction	1917	S:0xC003F8A8	0x6014	3	STR      r4,[r2,#0]	false	
Instruction	1918	S:0xC003F8AA	0x614B	1	STR      r3,[r1,#0x14]	false	
Instruction	1919	S:0xC003F8AC	0x618B	2	STR      r3,[r1,#0x18]	false	
Instruction	1920	S:0xC003F8AE	0xE7F1	0	B        {pc}-0x1a ; 0xc003f894	true	
Instruction	1921	S:0xC003F894	0x6883	1	LDR      r3,[r0,#8]	false	
Instruction	1922	S:0xC003F896	0x3B01	2	SUBS     r3,#1	false	
Instruction	1923	S:0xC003F898	0x6083	1	STR      r3,[r0,#8]	false	
Instruction	1924	S:0xC003F89A	0xBC30	3	POP      {r4,r5}	false	
Instruction	1925	S:0xC003F89C	0x4770	1	BX       lr	true	
Instruction	1926	S:0xC0042948	0xF1B80F00	1	CMP      r8,#0	false	
Instruction	1927	S:0xC004294C	0xD108	0	BNE      {pc}+0x14 ; 0xc0042960	true	
Instruction	1928	S:0xC0042960	0x4630	9	MOV      r0,r6	false	
Instruction	1929	S:0xC0042962	0xF7FCFF21	0	BL       {pc}-0x31ba ; 0xc003f7a8	true	
Instruction	1930	S:0xC003F7A8	0xE92D03F0	3	PUSH     {r4-r9}	false	
Instruction	1931	S:0xC003F7AC	0xB500	5	PUSH     {lr}	false	
Instruction	1932	S:0xC003F7AE	0xF85DEB04	2	POP      {lr}	false	
Instruction	1933	S:0xC003F7B2	0x6B03	2	LDR      r3,[r0,#0x30]	false	
Instruction	1934	S:0xC003F7B4	0xE9D04506	2	LDRD     r4,r5,[r0,#0x18]	false	
Instruction	1935	S:0xC003F7B8	0x2B00	1	CMP      r3,#0	false	
Instruction	1936	S:0xC003F7BA	0xD029	0	BEQ      {pc}+0x56 ; 0xc003f810	true	fail
Instruction	1937	S:0xC003F7BC	0x6AC1	1	LDR      r1,[r0,#0x2c]	false	
Instruction	1938	S:0xC003F7BE	0xE9D3230C	3	LDRD     r2,r3,[r3,#0x30]	false	
Instruction	1939	S:0xC003F7C2	0xB171	1	CBZ      r1,{pc}+0x20 ; 0xc003f7e2	true	fail
Instruction	1940	S:0xC003F7C4	0xE9D1670A	2	LDRD     r6,r7,[r1,#0x28]	false	
Instruction	1941	S:0xC003F7C8	0x46B0	2	MOV      r8,r6	false	
Instruction	1942	S:0xC003F7CA	0x46B9	1	MOV      r9,r7	false	
Instruction	1943	S:0xC003F7CC	0xEBB80802	1	SUBS     r8,r8,r2	false	
Instruction	1944	S:0xC003F7D0	0xEB690903	1	SBC      r9,r9,r3	false	
Instruction	1945	S:0xC003F7D4	0xF1B80F00	0	CMP      r8,#0	false	
Instruction	1946	S:0xC003F7D8	0xF1790100	1	SBCS     r1,r9,#0	false	
Instruction	1947	S:0xC003F7DC	0xBFBC	0	ITT      LT	false	
Instruction	1948	S:0xC003F7DE	0x4632	1	MOV      r2,r6	false	fail
Instruction	1949	S:0xC003F7E0	0x463B	0	MOV      r3,r7	false	fail
Instruction	1950	S:0xC003F7E2	0x4616	1	MOV      r6,r2	false	
Instruction	1951	S:0xC003F7E4	0x461F	0	MOV      r7,r3	false	
Instruction	1952	S:0xC003F7E6	0x1B36	1	SUBS     r6,r6,r4	false	
Instruction	1953	S:0xC003F7E8	0xEB670705	1	SBC      r7,r7,r5	false	
Instruction	1954	S:0xC003F7EC	0x2E01	0	CMP      r6,#1	false	
Instruction	1955	S:0xC003F7EE	0xF1770100	1	SBCS     r1,r7,#0	false	
Instruction	1956	S:0xC003F7F2	0xDB0A	0	BLT      {pc}+0x18 ; 0xc003f80a	true	
Instruction	1957	S:0xC003F80A	0x4622	8	MOV      r2,r4	false	
Instruction	1958	S:0xC003F80C	0x462B	0	MOV      r3,r5	false	
Instruction	1959	S:0xC003F80E	0xE7F1	1	B        {pc}-0x1a ; 0xc003f7f4	true	
Instruction	1960	S:0xC003F7F4	0xE9C02306	3	STRD     r2,r3,[r0,#0x18]	false	
Instruction	1961	S:0xC003F7F8	0xF3BF8F5F	1	DMB      	false	
Instruction	1962	S:0xC003F7FC	0xE9D02306	38	LDRD     r2,r3,[r0,#0x18]	false	
Instruction	1963	S:0xC003F800	0xE9C02308	3	STRD     r2,r3,[r0,#0x20]	false	
Instruction	1964	S:0xC003F804	0xE8BD03F0	1	POP      {r4-r9}	false	
Instruction	1965	S:0xC003F808	0x4770	3	BX       lr	true	
Instruction	1966	S:0xC0042966	0x4630	1	MOV      r0,r6	false	
Instruction	1967	S:0xC0042968	0xF7FDFC70	0	BL       {pc}-0x271c ; 0xc004024c	true	
Instruction	1968	S:0xC004024C	0xB570	1	PUSH     {r4-r6,lr}	false	
Instruction	1969	S:0xC004024E	0xB500	4	PUSH     {lr}	false	
Instruction	1970	S:0xC0040250	0xF85DEB04	2	POP      {lr}	false	
Instruction	1971	S:0xC0040254	0xF8D01094	1	LDR      r1,[r0,#0x94]	false	
Instruction	1972	S:0xC0040258	0xF8D02084	2	LDR      r2,[r0,#0x84]	false	
Instruction	1973	S:0xC004025C	0x6A0B	3	LDR      r3,[r1,#0x20]	false	
Instruction	1974	S:0xC004025E	0xF8D224C0	3	LDR      r2,[r2,#0x4c0]	false	
Instruction	1975	S:0xC0040262	0xF8534022	15	LDR      r4,[r3,r2,LSL #2]	false	
Instruction	1976	S:0xC0040266	0x2C00	2	CMP      r4,#0	false	
Instruction	1977	S:0xC0040268	0xD02B	0	BEQ      {pc}+0x5a ; 0xc00402c2	true	
Instruction	1978	S:0xC00402C2	0xBD70	1	POP      {r4-r6,pc}	true	
Instruction	1979	S:0xC004296C	0x68F3	4	LDR      r3,[r6,#0xc]	false	
Instruction	1980	S:0xC004296E	0x6832	1	LDR      r2,[r6,#0]	false	
Instruction	1981	S:0xC0042970	0x3B01	1	SUBS     r3,#1	false	
Instruction	1982	S:0xC0042972	0x60F3	1	STR      r3,[r6,#0xc]	false	
Instruction	1983	S:0xC0042974	0x2A00	0	CMP      r2,#0	false	
Instruction	1984	S:0xC0042976	0xF04080D3	1	BNE.W    {pc}+0x1aa ; 0xc0042b20	true	
Instruction	1985	S:0xC0042B20	0xF8DD8054	8	LDR      r8,[sp,#0x54]	false	
Instruction	1986	S:0xC0042B24	0xF0180F01	2	TST      r8,#1	false	
Instruction	1987	S:0xC0042B28	0xD006	1	BEQ      {pc}+0x10 ; 0xc0042b38	true	fail
Instruction	1988	S:0xC0042B2A	0xF8D70120	1	LDR      r0,[r7,#0x120]	false	
Instruction	1989	S:0xC0042B2E	0x2800	2	CMP      r0,#0	false	
Instruction	1990	S:0xC0042B30	0xF43FAF2A	0	BEQ      {pc}-0x1a8 ; 0xc0042988	true	
Instruction	1991	S:0xC0042988	0x9D14	1	LDR      r5,[sp,#0x50]	false	
Instruction	1992	S:0xC004298A	0xF5056290	2	ADD      r2,r5,#0x480	false	
Instruction	1993	S:0xC004298E	0xF50569B4	1	ADD      r9,r5,#0x5a0	false	
Instruction	1994	S:0xC0042992	0x686B	1	LDR      r3,[r5,#4]	false	
Instruction	1995	S:0xC0042994	0xF8D584C0	1	LDR      r8,[r5,#0x4c0]	false	
Instruction	1996	S:0xC0042998	0x3B01	1	SUBS     r3,#1	false	
Instruction	1997	S:0xC004299A	0x606B	1	STR      r3,[r5,#4]	false	
Instruction	1998	S:0xC004299C	0xE9D24500	1	LDRD     r4,r5,[r2,#0]	false	
Instruction	1999	S:0xC00429A0	0xE9D90100	7	LDRD     r0,r1,[r9,#0]	false	
Instruction	2000	S:0xC00429A4	0x1A20	2	SUBS     r0,r4,r0	false	
Instruction	2001	S:0xC00429A6	0xEB650101	1	SBC      r1,r5,r1	false	
Instruction	2002	S:0xC00429AA	0xF7FCFFD7	0	BL       {pc}-0x304e ; 0xc003f95c	true	
Instruction	2003	S:0xC003F95C	0xE92D03F0	1	PUSH     {r4-r9}	false	
Instruction	2004	S:0xC003F960	0xB500	5	PUSH     {lr}	false	
Instruction	2005	S:0xC003F962	0xF85DEB04	2	POP      {lr}	false	
Instruction	2006	S:0xC003F966	0xF64B7640	0	MOV      r6,#0xbf40	false	
Instruction	2007	S:0xC003F96A	0xF2CC0664	1	MOVT     r6,#0xc064	false	
Instruction	2008	S:0xC003F96E	0x6876	3	LDR      r6,[r6,#4]	false	
Instruction	2009	S:0xC003F970	0xFBA18906	3	UMULL    r8,r9,r1,r6	false	
Instruction	2010	S:0xC003F974	0xEA4F7CE6	1	ASR      r12,r6,#31	false	
Instruction	2011	S:0xC003F978	0xFBA06706	1	UMULL    r6,r7,r0,r6	false	
Instruction	2012	S:0xC003F97C	0xFB01990C	1	MLA      r9,r1,r12,r9	false	
Instruction	2013	S:0xC003F980	0xEA4F4408	1	LSL      r4,r8,#16	false	
Instruction	2014	S:0xC003F984	0xFB00770C	1	MLA      r7,r0,r12,r7	false	
Instruction	2015	S:0xC003F988	0x0C32	1	LSRS     r2,r6,#16	false	
Instruction	2016	S:0xC003F98A	0xEA4F4509	1	LSL      r5,r9,#16	false	
Instruction	2017	S:0xC003F98E	0xEA454518	1	ORR      r5,r5,r8,LSR #16	false	
Instruction	2018	S:0xC003F992	0xEA424207	1	ORR      r2,r2,r7,LSL #16	false	
Instruction	2019	S:0xC003F996	0x0C3B	1	LSRS     r3,r7,#16	false	
Instruction	2020	S:0xC003F998	0x1912	1	ADDS     r2,r2,r4	false	
Instruction	2021	S:0xC003F99A	0xEB430305	1	ADC      r3,r3,r5	false	
Instruction	2022	S:0xC003F99E	0x4610	0	MOV      r0,r2	false	
Instruction	2023	S:0xC003F9A0	0x4619	1	MOV      r1,r3	false	
Instruction	2024	S:0xC003F9A2	0xE8BD03F0	1	POP      {r4-r9}	false	
Instruction	2025	S:0xC003F9A6	0x4770	3	BX       lr	true	
Instruction	2026	S:0xC00429AE	0x2800	1	CMP      r0,#0	false	
Instruction	2027	S:0xC00429B0	0xF1710E00	1	SBCS     lr,r1,#0	false	
Instruction	2028	S:0xC00429B4	0xF2C0822B	0	BLT.W    {pc}+0x45a ; 0xc0042e0e	true	fail
Instruction	2029	S:0xC00429B8	0x0A86	1	LSRS     r6,r0,#10	false	
Instruction	2030	S:0xC00429BA	0x0A8F	1	LSRS     r7,r1,#10	false	
Instruction	2031	S:0xC00429BC	0xEA465681	1	ORR      r6,r6,r1,LSL #22	false	
Instruction	2032	S:0xC00429C0	0xEA560E07	6	ORRS     lr,r6,r7	false	
Instruction	2033	S:0xC00429C4	0xF04081E9	0	BNE.W    {pc}+0x3d6 ; 0xc0042d9a	true	
Instruction	2034	S:0xC0042D9A	0x4B9F	39	LDR      r3,[pc,#636] ; [0xC0043018] = 0xC064BF40	false	
Instruction	2035	S:0xC0042D9C	0xE9C94500	3	STRD     r4,r5,[r9,#0]	false	
Instruction	2036	S:0xC0042DA0	0x681A	13	LDR      r2,[r3,#0]	false	
Instruction	2037	S:0xC0042DA2	0x2A00	2	CMP      r2,#0	false	
Instruction	2038	S:0xC0042DA4	0xD03D	1	BEQ      {pc}+0x7e ; 0xc0042e22	true	fail
Instruction	2039	S:0xC0042DA6	0xEB031308	9	ADD      r3,r3,r8,LSL #4	false	
Instruction	2040	S:0xC0042DAA	0xF04F0B00	0	MOV      r11,#0	false	
Instruction	2041	S:0xC0042DAE	0xF8D33098	14	LDR      r3,[r3,#0x98]	false	
Instruction	2042	S:0xC0042DB2	0x469A	2	MOV      r10,r3	false	
Instruction	2043	S:0xC0042DB4	0x9312	1	STR      r3,[sp,#0x48]	false	
Instruction	2044	S:0xC0042DB6	0x9D14	1	LDR      r5,[sp,#0x50]	false	
Instruction	2045	S:0xC0042DB8	0xF24032FF	0	MOV      r2,#0x3ff	false	
Instruction	2046	S:0xC0042DBC	0x2300	1	MOVS     r3,#0	false	
Instruction	2047	S:0xC0042DBE	0xF8D5459C	2	LDR      r4,[r5,#0x59c]	false	
Instruction	2048	S:0xC0042DC2	0x05A5	3	LSLS     r5,r4,#22	false	
Instruction	2049	S:0xC0042DC4	0x0DAD	2	LSRS     r5,r5,#22	false	
Instruction	2050	S:0xC0042DC6	0x1970	1	ADDS     r0,r6,r5	false	
Instruction	2051	S:0xC0042DC8	0xF1470100	1	ADC      r1,r7,#0	false	
Instruction	2052	S:0xC0042DCC	0x428B	1	CMP      r3,r1	false	
Instruction	2053	S:0xC0042DCE	0xBF08	0	IT       EQ	false	
Instruction	2054	S:0xC0042DD0	0x4282	1	CMP      r2,r0	false	
Instruction	2055	S:0xC0042DD2	0xD32E	0	BCC      {pc}+0x60 ; 0xc0042e32	true	fail
Instruction	2056	S:0xC0042DD4	0xF8DD8050	1	LDR      r8,[sp,#0x50]	false	
Instruction	2057	S:0xC0042DD8	0xF8D83598	3	LDR      r3,[r8,#0x598]	false	
Instruction	2058	S:0xC0042DDC	0xF8D815C8	1	LDR      r1,[r8,#0x5c8]	false	
Instruction	2059	S:0xC0042DE0	0xFB06F20B	1	MUL      r2,r6,r11	false	
Instruction	2060	S:0xC0042DE4	0x19A4	1	ADDS     r4,r4,r6	false	
Instruction	2061	S:0xC0042DE6	0xFB0A2207	1	MLA      r2,r10,r7,r2	false	
Instruction	2062	S:0xC0042DEA	0xF8DD8050	1	LDR      r8,[sp,#0x50]	false	
Instruction	2063	S:0xC0042DEE	0xFBA6670A	1	UMULL    r6,r7,r6,r10	false	
Instruction	2064	S:0xC0042DF2	0x4625	1	MOV      r5,r4	false	
Instruction	2065	S:0xC0042DF4	0xF8C8459C	1	STR      r4,[r8,#0x59c]	false	
Instruction	2066	S:0xC0042DF8	0x19D7	1	ADDS     r7,r2,r7	false	
Instruction	2067	S:0xC0042DFA	0x0AB2	1	LSRS     r2,r6,#10	false	
Instruction	2068	S:0xC0042DFC	0xEA425287	1	ORR      r2,r2,r7,LSL #22	false	
Instruction	2069	S:0xC0042E00	0x18D3	1	ADDS     r3,r2,r3	false	
Instruction	2070	S:0xC0042E02	0x1852	1	ADDS     r2,r2,r1	false	
Instruction	2071	S:0xC0042E04	0xF8C83598	1	STR      r3,[r8,#0x598]	false	
Instruction	2072	S:0xC0042E08	0xF8C825C8	1	STR      r2,[r8,#0x5c8]	false	
Instruction	2073	S:0xC0042E0C	0xE5E3	0	B        {pc}-0x436 ; 0xc00429d6	true	
Instruction	2074	S:0xC00429D6	0xF8DD9050	1	LDR      r9,[sp,#0x50]	false	
Instruction	2075	S:0xC00429DA	0x029B	1	LSLS     r3,r3,#10	false	
Instruction	2076	S:0xC00429DC	0x3401	0	ADDS     r4,#1	false	
Instruction	2077	S:0xC00429DE	0x2100	1	MOVS     r1,#0	false	
Instruction	2078	S:0xC00429E0	0xF8D905C8	1	LDR      r0,[r9,#0x5c8]	false	
Instruction	2079	S:0xC00429E4	0xF8D980B8	1	LDR      r8,[r9,#0xb8]	false	
Instruction	2080	S:0xC00429E8	0xF8D960BC	1	LDR      r6,[r9,#0xbc]	false	
Instruction	2081	S:0xC00429EC	0x9006	1	STR      r0,[sp,#0x18]	false	
Instruction	2082	S:0xC00429EE	0x4618	0	MOV      r0,r3	false	
Instruction	2083	S:0xC00429F0	0xF20EF9CE	1	BL       {pc}+0x20e3a0 ; 0xc0250d90	true	
Cycle Count				323	Tracing disabled		
Info					Tracing enabled		
Instruction	2084	S:0xC00429F4	0x1C6C	1	ADDS     r4,r5,#1	false	
Instruction	2085	S:0xC00429F6	0x9D06	1	LDR      r5,[sp,#0x18]	false	
Instruction	2086	S:0xC00429F8	0xEBC80702	1	RSB      r7,r8,r2	false	
Instruction	2087	S:0xC00429FC	0x2100	0	MOVS     r1,#0	false	
Instruction	2088	S:0xC00429FE	0xEA877AE7	14	EOR      r10,r7,r7,ASR #31	false	
Instruction	2089	S:0xC0042A02	0xEBAA7AE7	1	SUB      r10,r10,r7,ASR #31	false	
Instruction	2090	S:0xC0042A06	0x02A8	1	LSLS     r0,r5,#10	false	
Instruction	2091	S:0xC0042A08	0xF8D950DC	1	LDR      r5,[r9,#0xdc]	false	
Instruction	2092	S:0xC0042A0C	0xF20EF9C0	0	BL       {pc}+0x20e384 ; 0xc0250d90	true	
Cycle Count				241	Tracing disabled		
Info					Tracing enabled		
Instruction	2093	S:0xC0042A10	0xEBBA1F98	1	CMP      r10,r8,LSR #6	false	
Instruction	2094	S:0xC0042A14	0xEBC60202	1	RSB      r2,r6,r2	false	
Instruction	2095	S:0xC0042A18	0xD806	1	BHI      {pc}+0x10 ; 0xc0042a28	true	
Instruction	2096	S:0xC0042A28	0xF1050338	14	ADD      r3,r5,#0x38	false	
Instruction	2097	S:0xC0042A2C	0xE8531F00	8	LDREX    r1,[r3]	false	
Instruction	2098	S:0xC0042A30	0x4439	2	ADD      r1,r1,r7	false	
Instruction	2099	S:0xC0042A32	0xE8431000	7	STREX    r0,r1,[r3]	false	
Instruction	2100	S:0xC0042A36	0xF0900F00	2	TEQ      r0,#0	false	
Instruction	2101	S:0xC0042A3A	0xD1F7	0	BNE      {pc}-0xe ; 0xc0042a2c	true	fail
Instruction	2102	S:0xC0042A3C	0xF8DD8050	1	LDR      r8,[sp,#0x50]	false	
Instruction	2103	S:0xC0042A40	0xF105033C	1	ADD      r3,r5,#0x3c	false	
Instruction	2104	S:0xC0042A44	0xF8D810B8	2	LDR      r1,[r8,#0xb8]	false	
Instruction	2105	S:0xC0042A48	0x19C9	2	ADDS     r1,r1,r7	false	
Instruction	2106	S:0xC0042A4A	0xF8C810B8	1	STR      r1,[r8,#0xb8]	false	
Instruction	2107	S:0xC0042A4E	0xE8531F00	10	LDREX    r1,[r3]	false	
Instruction	2108	S:0xC0042A52	0x4411	2	ADD      r1,r1,r2	false	
Instruction	2109	S:0xC0042A54	0xE8431000	7	STREX    r0,r1,[r3]	false	
Instruction	2110	S:0xC0042A58	0xF0900F00	2	TEQ      r0,#0	false	
Instruction	2111	S:0xC0042A5C	0xD1F7	0	BNE      {pc}-0xe ; 0xc0042a4e	true	fail
Instruction	2112	S:0xC0042A5E	0xF8D830BC	1	LDR      r3,[r8,#0xbc]	false	
Instruction	2113	S:0xC0042A62	0x189B	2	ADDS     r3,r3,r2	false	
Instruction	2114	S:0xC0042A64	0xF8C830BC	1	STR      r3,[r8,#0xbc]	false	
Instruction	2115	S:0xC0042A68	0x4BBA	3	LDR      r3,[pc,#744] ; [0xC0042D54]	false	
Instruction	2116	S:0xC0042A6A	0xF8DD9050	3	LDR      r9,[sp,#0x50]	false	
Instruction	2117	S:0xC0042A6E	0x685A	3	LDR      r2,[r3,#4]	false	
Instruction	2118	S:0xC0042A70	0xF8D90598	3	LDR      r0,[r9,#0x598]	false	
Instruction	2119	S:0xC0042A74	0xF8D9159C	1	LDR      r1,[r9,#0x59c]	false	
Instruction	2120	S:0xC0042A78	0xF8D984C0	1	LDR      r8,[r9,#0x4c0]	false	
Instruction	2121	S:0xC0042A7C	0x2A00	0	CMP      r2,#0	false	
Instruction	2122	S:0xC0042A7E	0xF0408256	1	BNE.W    {pc}+0x4b0 ; 0xc0042f2e	true	fail
Instruction	2123	S:0xC0042A82	0x4BB5	1	LDR      r3,[pc,#724] ; [0xC0042D58]	false	
Instruction	2124	S:0xC0042A84	0xF8DD9050	1	LDR      r9,[sp,#0x50]	false	
Instruction	2125	S:0xC0042A88	0x685A	13	LDR      r2,[r3,#4]	false	
Instruction	2126	S:0xC0042A8A	0xE9D94524	1	LDRD     r4,r5,[r9,#0x90]	false	
Instruction	2127	S:0xC0042A8E	0x2A00	1	CMP      r2,#0	false	
Instruction	2128	S:0xC0042A90	0xF040823E	0	BNE.W    {pc}+0x480 ; 0xc0042f10	true	fail
Instruction	2129	S:0xC0042A94	0x9814	1	LDR      r0,[sp,#0x50]	false	
Instruction	2130	S:0xC0042A96	0xB01B	0	ADD      sp,sp,#0x6c	false	
Instruction	2131	S:0xC0042A98	0xE8BD4FF0	3	POP      {r4-r11,lr}	false	
Instruction	2132	S:0xC0042A9C	0xF7FEBB58	5	B        {pc}-0x194c ; 0xc0041150	true	
Instruction	2133	S:0xC0041150	0xB478	2	PUSH     {r3-r6}	false	
Instruction	2134	S:0xC0041152	0xB500	4	PUSH     {lr}	false	
Instruction	2135	S:0xC0041154	0xF85DEB04	2	POP      {lr}	false	
Instruction	2136	S:0xC0041158	0x4A16	12	LDR      r2,[pc,#88] ; [0xC00411B4] = 0xC05FC568	false	
Instruction	2137	S:0xC004115A	0xF8D01460	2	LDR      r1,[r0,#0x460]	false	
Instruction	2138	S:0xC004115E	0x6812	3	LDR      r2,[r2,#0]	false	
Instruction	2139	S:0xC0041160	0x0612	3	LSLS     r2,r2,#24	false	
Instruction	2140	S:0xC0041162	0xD51A	0	BPL      {pc}+0x38 ; 0xc004119a	true	
Instruction	2141	S:0xC004119A	0xBC78	18	POP      {r3-r6}	false	
Instruction	2142	S:0xC004119C	0x4770	2	BX       lr	true	
Instruction	2143	S:0xC003B85A	0xE8BD87F0	9	POP      {r4-r10,pc}	true	
Cycle Count				128	Tracing disabled		
Info					Tracing enabled		
Instruction	2144	S:0xC0042274	0xE92D4FF0	1	PUSH     {r4-r11,lr}	false	
Instruction	2145	S:0xC0042278	0xB097	7	SUB      sp,sp,#0x5c	false	
Instruction	2146	S:0xC004227A	0xB500	3	PUSH     {lr}	false	
Instruction	2147	S:0xC004227C	0xF85DEB04	2	POP      {lr}	false	
Instruction	2148	S:0xC0042280	0xF1110A38	4	ADDS     r10,r1,#0x38	false	
Instruction	2149	S:0xC0042284	0xF00081A1	0	BEQ.W    {pc}+0x346 ; 0xc00425ca	true	fail
Instruction	2150	S:0xC0042288	0xF8DFB3FC	1	LDR      r11,[pc,#1020] ; [0xC0042688]	false	
Instruction	2151	S:0xC004228C	0xE008	0	B        {pc}+0x14 ; 0xc00422a0	true	
Instruction	2152	S:0xC00422A0	0xF8DA301C	18	LDR      r3,[r10,#0x1c]	false	
Instruction	2153	S:0xC00422A4	0xF8DA8124	1	LDR      r8,[r10,#0x124]	false	
Instruction	2154	S:0xC00422A8	0x2B00	1	CMP      r3,#0	false	
Instruction	2155	S:0xC00422AA	0xF0408191	0	BNE.W    {pc}+0x326 ; 0xc00425d0	true	fail
Instruction	2156	S:0xC00422AE	0xE9D82306	4	LDRD     r2,r3,[r8,#0x18]	false	
Instruction	2157	S:0xC00422B2	0xE9DA010C	3	LDRD     r0,r1,[r10,#0x30]	false	
Instruction	2158	S:0xC00422B6	0xF8DB4000	3	LDR      r4,[r11,#0]	false	
Instruction	2159	S:0xC00422BA	0x1A80	1	SUBS     r0,r0,r2	false	
Instruction	2160	S:0xC00422BC	0xEB610103	1	SBC      r1,r1,r3	false	
Instruction	2161	S:0xC00422C0	0x2300	6	MOVS     r3,#0	false	
Instruction	2162	S:0xC00422C2	0x17CE	1	ASRS     r6,r1,#31	false	
Instruction	2163	S:0xC00422C4	0xEB040444	1	ADD      r4,r4,r4,LSL #1	false	
Instruction	2164	S:0xC00422C8	0x4637	0	MOV      r7,r6	false	
Instruction	2165	S:0xC00422CA	0x4070	1	EORS     r0,r0,r6	false	
Instruction	2166	S:0xC00422CC	0x4071	1	EORS     r1,r1,r6	false	
Instruction	2167	S:0xC00422CE	0x4622	0	MOV      r2,r4	false	
Instruction	2168	S:0xC00422D0	0x1B80	1	SUBS     r0,r0,r6	false	
Instruction	2169	S:0xC00422D2	0xEB610107	1	SBC      r1,r1,r7	false	
Instruction	2170	S:0xC00422D6	0x4282	1	CMP      r2,r0	false	
Instruction	2171	S:0xC00422D8	0xEB730401	1	SBCS     r4,r3,r1	false	
Instruction	2172	S:0xC00422DC	0xBFBE	0	ITTT     LT	false	
Instruction	2173	S:0xC00422DE	0xF8D83040	14	LDR      r3,[r8,#0x40]	false	fail
Instruction	2174	S:0xC00422E2	0x3301	2	ADDS     r3,#1	false	fail
Instruction	2175	S:0xC00422E4	0xF8C83040	1	STR      r3,[r8,#0x40]	false	fail
Instruction	2176	S:0xC00422E8	0xF8DA301C	1	LDR      r3,[r10,#0x1c]	false	
Instruction	2177	S:0xC00422EC	0x2B00	2	CMP      r3,#0	false	
Instruction	2178	S:0xC00422EE	0xD0CE	0	BEQ      {pc}-0x60 ; 0xc004228e	true	
Instruction	2179	S:0xC004228E	0x2500	67	MOVS     r5,#0	false	
Instruction	2180	S:0xC0042290	0xF8C85030	1	STR      r5,[r8,#0x30]	false	
Instruction	2181	S:0xC0042294	0xF8DAA120	1	LDR      r10,[r10,#0x120]	false	
Instruction	2182	S:0xC0042298	0xF1BA0F00	2	CMP      r10,#0	false	
Instruction	2183	S:0xC004229C	0xF0008195	0	BEQ.W    {pc}+0x32e ; 0xc00425ca	true	
Instruction	2184	S:0xC00425CA	0xB017	22	ADD      sp,sp,#0x5c	false	
Instruction	2185	S:0xC00425CC	0xE8BD8FF0	3	POP      {r4-r11,pc}	true	
Cycle Count				25	Tracing disabled		
Info					Tracing enabled		
Instruction	2186	S:0xC00421AC	0xB5F8	1	PUSH     {r3-r7,lr}	false	
Instruction	2187	S:0xC00421AE	0xB500	5	PUSH     {lr}	false	
Instruction	2188	S:0xC00421B0	0xF85DEB04	2	POP      {lr}	false	
Instruction	2189	S:0xC00421B4	0x4607	0	MOV      r7,r0	false	
Instruction	2190	S:0xC00421B6	0x6D05	1	LDR      r5,[r0,#0x50]	false	
Instruction	2191	S:0xC00421B8	0xF1000448	0	ADD      r4,r0,#0x48	false	
Instruction	2192	S:0xC00421BC	0x2D00	2	CMP      r5,#0	false	
Instruction	2193	S:0xC00421BE	0xD043	0	BEQ      {pc}+0x8a ; 0xc0042248	true	fail
Timestamp					Timestamp: 562536962560		
Instruction	2194	S:0xC00421C0	0x6AE6	5	LDR      r6,[r4,#0x2c]	false	
Instruction	2195	S:0xC00421C2	0xB106	2	CBZ      r6,{pc}+4 ; 0xc00421c6	true	fail
Instruction	2196	S:0xC00421C4	0x3E08	1	SUBS     r6,r6,#8	false	
Instruction	2197	S:0xC00421C6	0x6BE5	1	LDR      r5,[r4,#0x3c]	false	
Instruction	2198	S:0xC00421C8	0x42B5	2	CMP      r5,r6	false	
Instruction	2199	S:0xC00421CA	0xBF18	0	IT       NE	false	
Instruction	2200	S:0xC00421CC	0x4635	1	MOV      r5,r6	false	
Instruction	2201	S:0xC00421CE	0xD03D	0	BEQ      {pc}+0x7e ; 0xc004224c	true	fail
Instruction	2202	S:0xC00421D0	0x6BA0	1	LDR      r0,[r4,#0x38]	false	
Instruction	2203	S:0xC00421D2	0xB128	2	CBZ      r0,{pc}+0xe ; 0xc00421e0	true	
Instruction	2204	S:0xC00421E0	0x6B60	11	LDR      r0,[r4,#0x34]	false	
Instruction	2205	S:0xC00421E2	0xB128	2	CBZ      r0,{pc}+0xe ; 0xc00421f0	true	
Instruction	2206	S:0xC00421F0	0x4620	58	MOV      r0,r4	false	
Instruction	2207	S:0xC00421F2	0x4629	0	MOV      r1,r5	false	
Instruction	2208	S:0xC00421F4	0xF7FFF89E	1	BL       {pc}-0xec0 ; 0xc0041334	true	
Instruction	2209	S:0xC0041334	0xB430	21	PUSH     {r4,r5}	false	
Instruction	2210	S:0xC0041336	0xB500	1	PUSH     {lr}	false	
Instruction	2211	S:0xC0041338	0xF85DEB04	2	POP      {lr}	false	
Instruction	2212	S:0xC004133C	0x6B83	1	LDR      r3,[r0,#0x38]	false	
Instruction	2213	S:0xC004133E	0x428B	2	CMP      r3,r1	false	
Instruction	2214	S:0xC0041340	0xD038	0	BEQ      {pc}+0x74 ; 0xc00413b4	true	fail
Instruction	2215	S:0xC0041342	0x6B43	1	LDR      r3,[r0,#0x34]	false	
Instruction	2216	S:0xC0041344	0x428B	2	CMP      r3,r1	false	
Instruction	2217	S:0xC0041346	0xD01D	0	BEQ      {pc}+0x3e ; 0xc0041384	true	fail
Instruction	2218	S:0xC0041348	0x6BC3	14	LDR      r3,[r0,#0x3c]	false	
Instruction	2219	S:0xC004134A	0x428B	2	CMP      r3,r1	false	
Instruction	2220	S:0xC004134C	0xD001	1	BEQ      {pc}+6 ; 0xc0041352	true	fail
Instruction	2221	S:0xC004134E	0xBC30	1	POP      {r4,r5}	false	
Instruction	2222	S:0xC0041350	0x4770	1	BX       lr	true	
Instruction	2223	S:0xC00421F8	0x4620	1	MOV      r0,r4	false	
Instruction	2224	S:0xC00421FA	0x4629	0	MOV      r1,r5	false	
Instruction	2225	S:0xC00421FC	0xF7FFFE3E	1	BL       {pc}-0x380 ; 0xc0041e7c	true	
Instruction	2226	S:0xC0041E7C	0xE92D4FF0	62	PUSH     {r4-r11,lr}	false	
Instruction	2227	S:0xC0041E80	0xB091	63	SUB      sp,sp,#0x44	false	
Instruction	2228	S:0xC0041E82	0xB500	3	PUSH     {lr}	false	
Instruction	2229	S:0xC0041E84	0xF85DEB04	2	POP      {lr}	false	
Instruction	2230	S:0xC0041E88	0x69CB	2	LDR      r3,[r1,#0x1c]	false	
Instruction	2231	S:0xC0041E8A	0x4688	0	MOV      r8,r1	false	
Instruction	2232	S:0xC0041E8C	0x4681	1	MOV      r9,r0	false	
Instruction	2233	S:0xC0041E8E	0x2B00	1	CMP      r3,#0	false	
Instruction	2234	S:0xC0041E90	0xD127	0	BNE      {pc}+0x52 ; 0xc0041ee2	true	
Instruction	2235	S:0xC0041EE2	0xF7FEF89B	11	BL       {pc}-0x1ec6 ; 0xc004001c	true	
Instruction	2236	S:0xC004001C	0xE92D4FF8	4	PUSH     {r3-r11,lr}	false	
Instruction	2237	S:0xC0040020	0xB500	17	PUSH     {lr}	false	
Instruction	2238	S:0xC0040022	0xF85DEB04	2	POP      {lr}	false	
Instruction	2239	S:0xC0040026	0xF04F0A01	1	MOV      r10,#1	false	
Instruction	2240	S:0xC004002A	0xF8D03084	1	LDR      r3,[r0,#0x84]	false	
Instruction	2241	S:0xC004002E	0xF04F0B00	0	MOV      r11,#0	false	
Instruction	2242	S:0xC0040032	0xE9D16712	11	LDRD     r6,r7,[r1,#0x48]	false	
Instruction	2243	S:0xC0040036	0x4688	1	MOV      r8,r1	false	
Instruction	2244	S:0xC0040038	0xF503638F	0	ADD      r3,r3,#0x478	false	
Instruction	2245	S:0xC004003C	0xE9D14514	1	LDRD     r4,r5,[r1,#0x50]	false	
Instruction	2246	S:0xC0040040	0xE9D32300	44	LDRD     r2,r3,[r3,#0]	false	
Instruction	2247	S:0xC0040044	0x1B92	2	SUBS     r2,r2,r6	false	
Instruction	2248	S:0xC0040046	0xEB630307	1	SBC      r3,r3,r7	false	
Instruction	2249	S:0xC004004A	0x42AB	1	CMP      r3,r5	false	
Instruction	2250	S:0xC004004C	0xBF08	0	IT       EQ	false	
Instruction	2251	S:0xC004004E	0x42A2	1	CMP      r2,r4	false	
Instruction	2252	S:0xC0040050	0xBF3C	0	ITT      CC	false	
Instruction	2253	S:0xC0040052	0x4622	1	MOV      r2,r4	false	
Instruction	2254	S:0xC0040054	0x462B	0	MOV      r3,r5	false	
Instruction	2255	S:0xC0040056	0xE9D14516	1	LDRD     r4,r5,[r1,#0x58]	false	
Instruction	2256	S:0xC004005A	0xE9C12314	1	STRD     r2,r3,[r1,#0x50]	false	
Instruction	2257	S:0xC004005E	0xEB14040A	17	ADDS     r4,r4,r10	false	
Instruction	2258	S:0xC0040062	0xEB45050B	1	ADC      r5,r5,r11	false	
Instruction	2259	S:0xC0040066	0xE9C14516	1	STRD     r4,r5,[r1,#0x58]	false	
Instruction	2260	S:0xC004006A	0xF8D03084	1	LDR      r3,[r0,#0x84]	false	
Instruction	2261	S:0xC004006E	0xE9D14518	1	LDRD     r4,r5,[r1,#0x60]	false	
Instruction	2262	S:0xC0040072	0xF503638F	1	ADD      r3,r3,#0x478	false	
Instruction	2263	S:0xC0040076	0xF8D11128	12	LDR      r1,[r1,#0x128]	false	
Instruction	2264	S:0xC004007A	0xE9D32300	2	LDRD     r2,r3,[r3,#0]	false	
Instruction	2265	S:0xC004007E	0x1912	2	ADDS     r2,r2,r4	false	
Instruction	2266	S:0xC0040080	0xEB430305	1	ADC      r3,r3,r5	false	
Instruction	2267	S:0xC0040084	0x1B92	1	SUBS     r2,r2,r6	false	
Instruction	2268	S:0xC0040086	0xEB630307	1	SBC      r3,r3,r7	false	
Instruction	2269	S:0xC004008A	0xE9C82318	1	STRD     r2,r3,[r8,#0x60]	false	
Instruction	2270	S:0xC004008E	0xB129	1	CBZ      r1,{pc}+0xe ; 0xc004009c	true	
Instruction	2271	S:0xC004009C	0x490E	29	LDR      r1,[pc,#56] ; [0xC00400D8] = 0xC0636058	false	
Instruction	2272	S:0xC004009E	0xF8D03084	3	LDR      r3,[r0,#0x84]	false	
Instruction	2273	S:0xC00400A2	0x6848	13	LDR      r0,[r1,#4]	false	
Instruction	2274	S:0xC00400A4	0xF503638F	1	ADD      r3,r3,#0x478	false	
Instruction	2275	S:0xC00400A8	0xE9D32300	3	LDRD     r2,r3,[r3,#0]	false	
Instruction	2276	S:0xC00400AC	0x2800	1	CMP      r0,#0	false	
Instruction	2277	S:0xC00400AE	0xD0EF	0	BEQ      {pc}-0x1e ; 0xc0040090	true	
Instruction	2278	S:0xC0040090	0x2200	1	MOVS     r2,#0	false	
Instruction	2279	S:0xC0040092	0x2300	0	MOVS     r3,#0	false	
Instruction	2280	S:0xC0040094	0xE9C82312	1	STRD     r2,r3,[r8,#0x48]	false	
Instruction	2281	S:0xC0040098	0xE8BD8FF8	1	POP      {r3-r11,pc}	true	
Instruction	2282	S:0xC0041EE6	0x4648	5	MOV      r0,r9	false	
Instruction	2283	S:0xC0041EE8	0x4641	0	MOV      r1,r8	false	
Instruction	2284	S:0xC0041EEA	0xF7FEFAC7	1	BL       {pc}-0x1a6e ; 0xc004047c	true	
Instruction	2285	S:0xC004047C	0xB538	1	PUSH     {r3-r5,lr}	false	
Instruction	2286	S:0xC004047E	0xB500	4	PUSH     {lr}	false	
Instruction	2287	S:0xC0040480	0xF85DEB04	50	POP      {lr}	false	
Instruction	2288	S:0xC0040484	0xF1010508	0	ADD      r5,r1,#8	false	
Instruction	2289	S:0xC0040488	0x6AC3	1	LDR      r3,[r0,#0x2c]	false	
Instruction	2290	S:0xC004048A	0x4604	0	MOV      r4,r0	false	
Instruction	2291	S:0xC004048C	0x42AB	2	CMP      r3,r5	false	
Instruction	2292	S:0xC004048E	0xD006	0	BEQ      {pc}+0x10 ; 0xc004049e	true	
Instruction	2293	S:0xC004049E	0x4628	22	MOV      r0,r5	false	
Instruction	2294	S:0xC00404A0	0xF216F87E	1	BL       {pc}+0x216100 ; 0xc02565a0	true	
Cycle Count				55	Tracing disabled		
Info					Tracing enabled		
Instruction	2295	S:0xC00404A4	0x62E0	1	STR      r0,[r4,#0x2c]	false	
Instruction	2296	S:0xC00404A6	0xE7F3	0	B        {pc}-0x16 ; 0xc0040490	true	
Instruction	2297	S:0xC0040490	0x4628	3	MOV      r0,r5	false	
Instruction	2298	S:0xC0040492	0xF1040128	0	ADD      r1,r4,#0x28	false	
Instruction	2299	S:0xC0040496	0xE8BD4038	1	POP      {r3-r5,lr}	false	
Instruction	2300	S:0xC004049A	0xF215BECF	2	B.W      {pc}+0x215da2 ; 0xc025623c	true	
Cycle Count				205	Tracing disabled		
Info					Tracing enabled		
Instruction	2301	S:0xC0041EEE	0xF8D8A124	1	LDR      r10,[r8,#0x124]	false	
Instruction	2302	S:0xC0041EF2	0xF8D83128	1	LDR      r3,[r8,#0x128]	false	
Instruction	2303	S:0xC0041EF6	0xF8DA2084	2	LDR      r2,[r10,#0x84]	false	
Instruction	2304	S:0xC0041EFA	0xF8D274C0	3	LDR      r7,[r2,#0x4c0]	false	
Instruction	2305	S:0xC0041EFE	0x9704	1	STR      r7,[sp,#0x10]	false	
Instruction	2306	S:0xC0041F00	0x2B00	12	CMP      r3,#0	false	
Instruction	2307	S:0xC0041F02	0xF0008108	0	BEQ.W    {pc}+0x214 ; 0xc0042116	true	
Instruction	2308	S:0xC0042116	0xF5026290	40	ADD      r2,r2,#0x480	false	
Instruction	2309	S:0xC004211A	0xE9D26700	3	LDRD     r6,r7,[r2,#0]	false	
Instruction	2310	S:0xC004211E	0xE6F8	1	B        {pc}-0x20c ; 0xc0041f12	true	
Instruction	2311	S:0xC0041F12	0x46C3	14	MOV      r11,r8	false	
Instruction	2312	S:0xC0041F14	0xF8D8201C	1	LDR      r2,[r8,#0x1c]	false	
Instruction	2313	S:0xC0041F18	0xF8DA3030	1	LDR      r3,[r10,#0x30]	false	
Instruction	2314	S:0xC0041F1C	0xE9FB014E	1	LDRD     r0,r1,[r11,#0x138]!	false	
Instruction	2315	S:0xC0041F20	0x9209	1	STR      r2,[sp,#0x24]	false	
Instruction	2316	S:0xC0041F22	0x1A30	1	SUBS     r0,r6,r0	false	
Instruction	2317	S:0xC0041F24	0xEB670101	1	SBC      r1,r7,r1	false	
Instruction	2318	S:0xC0041F28	0x9306	1	STR      r3,[sp,#0x18]	false	
Instruction	2319	S:0xC0041F2A	0xF7FDFD17	0	BL       {pc}-0x25ce ; 0xc003f95c	true	
Instruction	2320	S:0xC003F95C	0xE92D03F0	1	PUSH     {r4-r9}	false	
Instruction	2321	S:0xC003F960	0xB500	5	PUSH     {lr}	false	
Instruction	2322	S:0xC003F962	0xF85DEB04	2	POP      {lr}	false	
Instruction	2323	S:0xC003F966	0xF64B7640	0	MOV      r6,#0xbf40	false	
Instruction	2324	S:0xC003F96A	0xF2CC0664	1	MOVT     r6,#0xc064	false	
Instruction	2325	S:0xC003F96E	0x6876	5	LDR      r6,[r6,#4]	false	
Instruction	2326	S:0xC003F970	0xFBA18906	3	UMULL    r8,r9,r1,r6	false	
Instruction	2327	S:0xC003F974	0xEA4F7CE6	1	ASR      r12,r6,#31	false	
Instruction	2328	S:0xC003F978	0xFBA06706	1	UMULL    r6,r7,r0,r6	false	
Instruction	2329	S:0xC003F97C	0xFB01990C	1	MLA      r9,r1,r12,r9	false	
Instruction	2330	S:0xC003F980	0xEA4F4408	1	LSL      r4,r8,#16	false	
Instruction	2331	S:0xC003F984	0xFB00770C	1	MLA      r7,r0,r12,r7	false	
Instruction	2332	S:0xC003F988	0x0C32	1	LSRS     r2,r6,#16	false	
Instruction	2333	S:0xC003F98A	0xEA4F4509	1	LSL      r5,r9,#16	false	
Instruction	2334	S:0xC003F98E	0xEA454518	1	ORR      r5,r5,r8,LSR #16	false	
Instruction	2335	S:0xC003F992	0xEA424207	1	ORR      r2,r2,r7,LSL #16	false	
Instruction	2336	S:0xC003F996	0x0C3B	1	LSRS     r3,r7,#16	false	
Instruction	2337	S:0xC003F998	0x1912	1	ADDS     r2,r2,r4	false	
Instruction	2338	S:0xC003F99A	0xEB430305	1	ADC      r3,r3,r5	false	
Instruction	2339	S:0xC003F99E	0x4610	0	MOV      r0,r2	false	
Instruction	2340	S:0xC003F9A0	0x4619	1	MOV      r1,r3	false	
Instruction	2341	S:0xC003F9A2	0xE8BD03F0	1	POP      {r4-r9}	false	
Instruction	2342	S:0xC003F9A6	0x4770	3	BX       lr	true	
Instruction	2343	S:0xC0041F2E	0x2800	1	CMP      r0,#0	false	
Instruction	2344	S:0xC0041F30	0xF1710C00	1	SBCS     r12,r1,#0	false	
Instruction	2345	S:0xC0041F34	0xF2C080D9	0	BLT.W    {pc}+0x1b6 ; 0xc00420ea	true	fail
Instruction	2346	S:0xC0041F38	0x0A84	1	LSRS     r4,r0,#10	false	
Instruction	2347	S:0xC0041F3A	0x0A8D	1	LSRS     r5,r1,#10	false	
Instruction	2348	S:0xC0041F3C	0xEA445481	1	ORR      r4,r4,r1,LSL #22	false	
Instruction	2349	S:0xC0041F40	0xEA540005	6	ORRS     r0,r4,r5	false	
Instruction	2350	S:0xC0041F44	0xD0A5	0	BEQ      {pc}-0xb2 ; 0xc0041e92	true	fail
Instruction	2351	S:0xC0041F46	0x4A8E	13	LDR      r2,[pc,#568] ; [0xC0042180] = 0xC064BF40	false	
Instruction	2352	S:0xC0041F48	0xE9CB6700	3	STRD     r6,r7,[r11,#0]	false	
Instruction	2353	S:0xC0041F4C	0x6813	1	LDR      r3,[r2,#0]	false	
Instruction	2354	S:0xC0041F4E	0x2B00	2	CMP      r3,#0	false	
Instruction	2355	S:0xC0041F50	0xF00080CE	0	BEQ.W    {pc}+0x1a0 ; 0xc00420f0	true	fail
Instruction	2356	S:0xC0041F54	0x9B04	8	LDR      r3,[sp,#0x10]	false	
Instruction	2357	S:0xC0041F56	0xF04F0C00	1	MOV      r12,#0	false	
Instruction	2358	S:0xC0041F5A	0xF8CDC014	1	STR      r12,[sp,#0x14]	false	
Instruction	2359	S:0xC0041F5E	0xEB021203	19	ADD      r2,r2,r3,LSL #4	false	
Instruction	2360	S:0xC0041F62	0xF8D2B098	3	LDR      r11,[r2,#0x98]	false	
Instruction	2361	S:0xC0041F66	0xF8CDB010	1	STR      r11,[sp,#0x10]	false	
Instruction	2362	S:0xC0041F6A	0x9B06	1	LDR      r3,[sp,#0x18]	false	
Instruction	2363	S:0xC0041F6C	0xF8D82134	1	LDR      r2,[r8,#0x134]	false	
Instruction	2364	S:0xC0041F70	0xEBB80703	1	SUBS     r7,r8,r3	false	
Instruction	2365	S:0xC0041F74	0x427E	1	RSBS     r6,r7,#0	false	
Instruction	2366	S:0xC0041F76	0x417E	1	ADCS     r6,r6,r7	false	
Instruction	2367	S:0xC0041F78	0x0597	1	LSLS     r7,r2,#22	false	
Instruction	2368	S:0xC0041F7A	0x0DBF	2	LSRS     r7,r7,#22	false	
Instruction	2369	S:0xC0041F7C	0x19E0	1	ADDS     r0,r4,r7	false	
Instruction	2370	S:0xC0041F7E	0xF1450100	9	ADC      r1,r5,#0	false	
Instruction	2371	S:0xC0041F82	0x2900	1	CMP      r1,#0	false	
Instruction	2372	S:0xC0041F84	0xBF08	1	IT       EQ	false	
Instruction	2373	S:0xC0041F86	0xF5B06F80	1	CMP      r0,#0x400	false	
Instruction	2374	S:0xC0041F8A	0xBF38	0	IT       CC	false	
Instruction	2375	S:0xC0041F8C	0x2700	1	MOVS     r7,#0	false	fail
Instruction	2376	S:0xC0041F8E	0xD377	0	BCC      {pc}+0xf2 ; 0xc0042080	true	fail
Instruction	2377	S:0xC0041F90	0xF5C76780	18	RSB      r7,r7,#0x400	false	
Instruction	2378	S:0xC0041F94	0x9B09	1	LDR      r3,[sp,#0x24]	false	
Instruction	2379	S:0xC0041F96	0xFB07F10B	1	MUL      r1,r7,r11	false	
Instruction	2380	S:0xC0041F9A	0x0A89	3	LSRS     r1,r1,#10	false	
Instruction	2381	S:0xC0041F9C	0x2B00	0	CMP      r3,#0	false	
Instruction	2382	S:0xC0041F9E	0xF00080B7	15	BEQ.W    {pc}+0x172 ; 0xc0042110	true	fail
Instruction	2383	S:0xC0041FA2	0xF8D80130	1	LDR      r0,[r8,#0x130]	false	
Instruction	2384	S:0xC0041FA6	0xEB010C00	2	ADD      r12,r1,r0	false	
Instruction	2385	S:0xC0041FAA	0xF8C8C130	1	STR      r12,[r8,#0x130]	false	
Instruction	2386	S:0xC0041FAE	0xB126	1	CBZ      r6,{pc}+0xc ; 0xc0041fba	true	
Instruction	2387	S:0xC0041FBA	0x1BE4	1	SUBS     r4,r4,r7	false	
Instruction	2388	S:0xC0041FBC	0xEB6575E7	1	SBC      r5,r5,r7,ASR #31	false	
Instruction	2389	S:0xC0041FC0	0x18BF	60	ADDS     r7,r7,r2	false	
Instruction	2390	S:0xC0041FC2	0xF24032FF	0	MOV      r2,#0x3ff	false	
Instruction	2391	S:0xC0041FC6	0x2300	1	MOVS     r3,#0	false	
Instruction	2392	S:0xC0041FC8	0x0AA1	1	LSRS     r1,r4,#10	false	
Instruction	2393	S:0xC0041FCA	0x4014	1	ANDS     r4,r4,r2	false	
Instruction	2394	S:0xC0041FCC	0xEA415085	1	ORR      r0,r1,r5,LSL #22	false	
Instruction	2395	S:0xC0041FD0	0x0AA9	1	LSRS     r1,r5,#10	false	
Instruction	2396	S:0xC0041FD2	0x9000	1	STR      r0,[sp,#0]	false	
Instruction	2397	S:0xC0041FD4	0x2201	0	MOVS     r2,#1	false	
Instruction	2398	S:0xC0041FD6	0x9101	1	STR      r1,[sp,#4]	false	
Instruction	2399	S:0xC0041FD8	0x401D	1	ANDS     r5,r5,r3	false	
Instruction	2400	S:0xC0041FDA	0xE9DD0100	1	LDRD     r0,r1,[sp,#0]	false	
Instruction	2401	S:0xC0041FDE	0x2300	1	MOVS     r3,#0	false	
Instruction	2402	S:0xC0041FE0	0xF8C87134	15	STR      r7,[r8,#0x134]	false	
Instruction	2403	S:0xC0041FE4	0x1812	1	ADDS     r2,r2,r0	false	
Instruction	2404	S:0xC0041FE6	0xF44F60FC	1	MOV      r0,#0x7e0	false	
Instruction	2405	S:0xC0041FEA	0xEB430301	1	ADC      r3,r3,r1	false	
Instruction	2406	S:0xC0041FEE	0x2100	0	MOVS     r1,#0	false	
Instruction	2407	S:0xC0041FF0	0x4299	1	CMP      r1,r3	false	
Instruction	2408	S:0xC0041FF2	0xBF08	0	IT       EQ	false	
Instruction	2409	S:0xC0041FF4	0x4290	1	CMP      r0,r2	false	
Instruction	2410	S:0xC0041FF6	0xE9CD2306	1	STRD     r2,r3,[sp,#0x18]	false	
Instruction	2411	S:0xC0041FFA	0xF0C08091	1	BCC.W    {pc}+0x126 ; 0xc0042120	true	fail
Instruction	2412	S:0xC0041FFE	0x9906	1	LDR      r1,[sp,#0x18]	false	
Instruction	2413	S:0xC0042000	0x4610	92	MOV      r0,r2	false	
Instruction	2414	S:0xC0042002	0xF8DFE180	1	LDR      lr,[pc,#384] ; [0xC0042184] = 0xC03E83C8	false	
Instruction	2415	S:0xC0042006	0x291F	1	CMP      r1,#0x1f	false	
Instruction	2416	S:0xC0042008	0xF2008096	0	BHI.W    {pc}+0x130 ; 0xc0042138	true	fail
Instruction	2417	S:0xC004200C	0xF85E1022	83	LDR      r1,[lr,r2,LSL #2]	false	
Instruction	2418	S:0xC0042010	0xF8D83160	12	LDR      r3,[r8,#0x160]	false	
Instruction	2419	S:0xC0042014	0x9108	1	STR      r1,[sp,#0x20]	false	
Instruction	2420	S:0xC0042016	0x930D	2	STR      r3,[sp,#0x34]	false	
Instruction	2421	S:0xC0042018	0xFBAC2301	1	UMULL    r2,r3,r12,r1	false	
Instruction	2422	S:0xC004201C	0xE9CD2306	1	STRD     r2,r3,[sp,#0x18]	false	
Instruction	2423	S:0xC0042020	0xFBA72301	1	UMULL    r2,r3,r7,r1	false	
Instruction	2424	S:0xC0042024	0x9F07	1	LDR      r7,[sp,#0x1c]	false	
Instruction	2425	S:0xC0042026	0x970C	1	STR      r7,[sp,#0x30]	false	
Instruction	2426	S:0xC0042028	0xF8C87130	1	STR      r7,[r8,#0x130]	false	
Instruction	2427	S:0xC004202C	0x9306	1	STR      r3,[sp,#0x18]	false	
Instruction	2428	S:0xC004202E	0xF8C83134	1	STR      r3,[r8,#0x134]	false	
Instruction	2429	S:0xC0042032	0x2300	0	MOVS     r3,#0	false	
Instruction	2430	S:0xC0042034	0xF85E7020	1	LDR      r7,[lr,r0,LSL #2]	false	
Instruction	2431	S:0xC0042038	0x2200	0	MOVS     r2,#0	false	
Instruction	2432	S:0xC004203A	0xE9CD230E	1	STRD     r2,r3,[sp,#0x38]	false	
Instruction	2433	S:0xC004203E	0x9B0D	1	LDR      r3,[sp,#0x34]	false	
Instruction	2434	S:0xC0042040	0xFBA70103	51	UMULL    r0,r1,r7,r3	false	
Instruction	2435	S:0xC0042044	0x910E	1	STR      r1,[sp,#0x38]	false	
Instruction	2436	S:0xC0042046	0x980E	2	LDR      r0,[sp,#0x38]	false	
Instruction	2437	S:0xC0042048	0x9F0E	1	LDR      r7,[sp,#0x38]	false	
Instruction	2438	S:0xC004204A	0xF8C80160	2	STR      r0,[r8,#0x160]	false	
Instruction	2439	S:0xC004204E	0xE9DD0100	1	LDRD     r0,r1,[sp,#0]	false	
Instruction	2440	S:0xC0042052	0xF7FFFB3D	1	BL       {pc}-0x982 ; 0xc00416d0	true	
Instruction	2441	S:0xC00416D0	0xE92D03F0	1	PUSH     {r4-r9}	false	
Instruction	2442	S:0xC00416D4	0xB500	5	PUSH     {lr}	false	
Instruction	2443	S:0xC00416D6	0xF85DEB04	2	POP      {lr}	false	
Instruction	2444	S:0xC00416DA	0x2620	0	MOVS     r6,#0x20	false	
Instruction	2445	S:0xC00416DC	0x2700	1	MOVS     r7,#0	false	
Instruction	2446	S:0xC00416DE	0x428F	1	CMP      r7,r1	false	
Instruction	2447	S:0xC00416E0	0xBF08	0	IT       EQ	false	
Instruction	2448	S:0xC00416E2	0x4286	1	CMP      r6,r0	false	
Instruction	2449	S:0xC00416E4	0xD307	0	BCC      {pc}+0x12 ; 0xc00416f6	true	fail
Instruction	2450	S:0xC00416E6	0x4B31	3	LDR      r3,[pc,#196] ; [0xC00417AC]	false	
Instruction	2451	S:0xC00416E8	0xEB030080	2	ADD      r0,r3,r0,LSL #2	false	
Instruction	2452	S:0xC00416EC	0xF8D000FC	3	LDR      r0,[r0,#0xfc]	false	
Instruction	2453	S:0xC00416F0	0xE8BD03F0	1	POP      {r4-r9}	false	
Instruction	2454	S:0xC00416F4	0x4770	3	BX       lr	true	
Instruction	2455	S:0xC0042056	0x9A09	2	LDR      r2,[sp,#0x24]	false	
Instruction	2456	S:0xC0042058	0xFB0BFB00	1	MUL      r11,r11,r0	false	
Instruction	2457	S:0xC004205C	0xEA4F2B9B	3	LSR      r11,r11,#10	false	
Instruction	2458	S:0xC0042060	0xB12A	1	CBZ      r2,{pc}+0xe ; 0xc004206e	true	fail
Instruction	2459	S:0xC0042062	0xF8DDC030	1	LDR      r12,[sp,#0x30]	false	
Instruction	2460	S:0xC0042066	0xEB0B030C	2	ADD      r3,r11,r12	false	
Instruction	2461	S:0xC004206A	0xF8C83130	1	STR      r3,[r8,#0x130]	false	
Instruction	2462	S:0xC004206E	0xB116	1	CBZ      r6,{pc}+8 ; 0xc0042076	true	
Instruction	2463	S:0xC0042076	0x9B06	8	LDR      r3,[sp,#0x18]	false	
Instruction	2464	S:0xC0042078	0x2701	1	MOVS     r7,#1	false	
Instruction	2465	S:0xC004207A	0x18C2	1	ADDS     r2,r0,r3	false	
Instruction	2466	S:0xC004207C	0xF8C82134	1	STR      r2,[r8,#0x134]	false	
Instruction	2467	S:0xC0042080	0xF8DDC014	1	LDR      r12,[sp,#0x14]	false	
Instruction	2468	S:0xC0042084	0x9804	1	LDR      r0,[sp,#0x10]	false	
Instruction	2469	S:0xC0042086	0xFB04F30C	2	MUL      r3,r4,r12	false	
Instruction	2470	S:0xC004208A	0xFB003305	1	MLA      r3,r0,r5,r3	false	
Instruction	2471	S:0xC004208E	0xFBA40100	1	UMULL    r0,r1,r4,r0	false	
Instruction	2472	S:0xC0042092	0x1859	2	ADDS     r1,r3,r1	false	
Instruction	2473	S:0xC0042094	0x9B09	1	LDR      r3,[sp,#0x24]	false	
Instruction	2474	S:0xC0042096	0x0A80	1	LSRS     r0,r0,#10	false	
Instruction	2475	S:0xC0042098	0xEA405081	1	ORR      r0,r0,r1,LSL #22	false	
Instruction	2476	S:0xC004209C	0xB123	1	CBZ      r3,{pc}+0xc ; 0xc00420a8	true	fail
Instruction	2477	S:0xC004209E	0xF8D83130	7	LDR      r3,[r8,#0x130]	false	
Instruction	2478	S:0xC00420A2	0x181B	2	ADDS     r3,r3,r0	false	
Instruction	2479	S:0xC00420A4	0xF8C83130	1	STR      r3,[r8,#0x130]	false	
Instruction	2480	S:0xC00420A8	0xB126	1	CBZ      r6,{pc}+0xc ; 0xc00420b4	true	
Instruction	2481	S:0xC00420B4	0x1912	8	ADDS     r2,r2,r4	false	
Instruction	2482	S:0xC00420B6	0xF8C82134	1	STR      r2,[r8,#0x134]	false	
Instruction	2483	S:0xC00420BA	0x2F00	0	CMP      r7,#0	false	
Instruction	2484	S:0xC00420BC	0xF43FAEE9	1	BEQ      {pc}-0x22a ; 0xc0041e92	true	fail
Instruction	2485	S:0xC00420C0	0x4640	1	MOV      r0,r8	false	
Instruction	2486	S:0xC00420C2	0xF7FEF903	1	BL       {pc}-0x1df6 ; 0xc00402cc	true	
Instruction	2487	S:0xC00402CC	0xE92D4FF8	2	PUSH     {r3-r11,lr}	false	
Instruction	2488	S:0xC00402D0	0xB500	7	PUSH     {lr}	false	
Instruction	2489	S:0xC00402D2	0xF85DEB04	2	POP      {lr}	false	
Instruction	2490	S:0xC00402D6	0x4606	0	MOV      r6,r0	false	
Instruction	2491	S:0xC00402D8	0xF8D05128	1	LDR      r5,[r0,#0x128]	false	
Instruction	2492	S:0xC00402DC	0xF8D0A148	2	LDR      r10,[r0,#0x148]	false	
Instruction	2493	S:0xC00402E0	0x2D00	1	CMP      r5,#0	false	
Instruction	2494	S:0xC00402E2	0xD067	0	BEQ      {pc}+0xd2 ; 0xc00403b4	true	
Instruction	2495	S:0xC00403B4	0xF8D04134	1	LDR      r4,[r0,#0x134]	false	
Instruction	2496	S:0xC00403B8	0xF1A00538	0	SUB      r5,r0,#0x38	false	
Instruction	2497	S:0xC00403BC	0xF8D08130	1	LDR      r8,[r0,#0x130]	false	
Instruction	2498	S:0xC00403C0	0x6800	11	LDR      r0,[r0,#0]	false	
Instruction	2499	S:0xC00403C2	0x3401	0	ADDS     r4,#1	false	
Instruction	2500	S:0xC00403C4	0x4621	1	MOV      r1,r4	false	
Instruction	2501	S:0xC00403C6	0xFB00F008	2	MUL      r0,r0,r8	false	
Instruction	2502	S:0xC00403CA	0xF211F883	1	BL       {pc}+0x21110a ; 0xc02514d4	true	
Cycle Count				51	Tracing disabled		
Info					Tracing enabled		
Instruction	2503	S:0xC00403CE	0x4B27	1	LDR      r3,[pc,#156] ; [0xC004046C] = 0xC0635FF4	false	
Instruction	2504	S:0xC00403D0	0x685A	5	LDR      r2,[r3,#4]	false	
Instruction	2505	S:0xC00403D2	0x4607	0	MOV      r7,r0	false	
Instruction	2506	S:0xC00403D4	0xF8C60148	3	STR      r0,[r6,#0x148]	false	
Instruction	2507	S:0xC00403D8	0xB98A	1	CBNZ     r2,{pc}+0x26 ; 0xc00403fe	true	fail
Instruction	2508	S:0xC00403DA	0xEA4F2088	8	LSL      r0,r8,#10	false	
Instruction	2509	S:0xC00403DE	0x4621	0	MOV      r1,r4	false	
Instruction	2510	S:0xC00403E0	0xF211F878	1	BL       {pc}+0x2110f4 ; 0xc02514d4	true	
Cycle Count				125	Tracing disabled		
Info					Tracing enabled		
Instruction	2511	S:0xC00403E4	0x4607	1	MOV      r7,r0	false	
Instruction	2512	S:0xC00403E6	0xF8C6014C	1	STR      r0,[r6,#0x14c]	false	
Instruction	2513	S:0xC00403EA	0x4B21	1	LDR      r3,[pc,#132] ; [0xC0040470] = 0xC0635FE0	false	
Instruction	2514	S:0xC00403EC	0x685A	3	LDR      r2,[r3,#4]	false	
Instruction	2515	S:0xC00403EE	0x2A00	2	CMP      r2,#0	false	
Instruction	2516	S:0xC00403F0	0xD12E	0	BNE      {pc}+0x60 ; 0xc0040450	true	fail
Instruction	2517	S:0xC00403F2	0xF8D60148	1	LDR      r0,[r6,#0x148]	false	
Instruction	2518	S:0xC00403F6	0xEBCA0000	2	RSB      r0,r10,r0	false	
Instruction	2519	S:0xC00403FA	0xE8BD8FF8	1	POP      {r3-r11,pc}	true	
Instruction	2520	S:0xC00420C6	0xF8D8301C	14	LDR      r3,[r8,#0x1c]	false	
Instruction	2521	S:0xC00420CA	0xB9CB	2	CBNZ     r3,{pc}+0x36 ; 0xc0042100	true	
Instruction	2522	S:0xC0042100	0xE9DA2312	10	LDRD     r2,r3,[r10,#0x48]	false	
Instruction	2523	S:0xC0042104	0x1812	2	ADDS     r2,r2,r0	false	
Instruction	2524	S:0xC0042106	0xEB4373E0	1	ADC      r3,r3,r0,ASR #31	false	
Instruction	2525	S:0xC004210A	0xE9CA2312	1	STRD     r2,r3,[r10,#0x48]	false	
Instruction	2526	S:0xC004210E	0xE6C0	1	B        {pc}-0x27c ; 0xc0041e92	true	
Instruction	2527	S:0xC0041E92	0xF8D93084	1	LDR      r3,[r9,#0x84]	false	
Instruction	2528	S:0xC0041E96	0xF5036390	2	ADD      r3,r3,#0x480	false	
Instruction	2529	S:0xC0041E9A	0xE9D32300	3	LDRD     r2,r3,[r3,#0]	false	
Instruction	2530	S:0xC0041E9E	0xE9C82308	9	STRD     r2,r3,[r8,#0x20]	false	
Instruction	2531	S:0xC0041EA2	0xF8D92084	1	LDR      r2,[r9,#0x84]	false	
Instruction	2532	S:0xC0041EA6	0xF8C98030	1	STR      r8,[r9,#0x30]	false	
Instruction	2533	S:0xC0041EAA	0xF8D83000	1	LDR      r3,[r8,#0]	false	
Instruction	2534	S:0xC0041EAE	0x6B12	1	LDR      r2,[r2,#0x30]	false	
Instruction	2535	S:0xC0041EB0	0xEBB20F43	2	CMP      r2,r3,LSL #1	false	
Instruction	2536	S:0xC0041EB4	0xE9D8230A	1	LDRD     r2,r3,[r8,#0x28]	false	
Instruction	2537	S:0xC0041EB8	0xD30E	1	BCC      {pc}+0x20 ; 0xc0041ed8	true	
Instruction	2538	S:0xC0041ED8	0xE9C8230E	15	STRD     r2,r3,[r8,#0x38]	false	
Instruction	2539	S:0xC0041EDC	0xB011	1	ADD      sp,sp,#0x44	false	
Instruction	2540	S:0xC0041EDE	0xE8BD8FF0	3	POP      {r4-r11,pc}	true	
Instruction	2541	S:0xC0042200	0xF8D54128	13	LDR      r4,[r5,#0x128]	false	
Instruction	2542	S:0xC0042204	0x2C00	2	CMP      r4,#0	false	
Instruction	2543	S:0xC0042206	0xD1DB	1	BNE      {pc}-0x46 ; 0xc00421c0	true	fail
Instruction	2544	S:0xC0042208	0x4B18	12	LDR      r3,[pc,#96] ; [0xC004226C] = 0xC05FC568	false	
Instruction	2545	S:0xC004220A	0x3D38	0	SUBS     r5,r5,#0x38	false	
Instruction	2546	S:0xC004220C	0x681B	5	LDR      r3,[r3,#0]	false	
Instruction	2547	S:0xC004220E	0x061A	3	LSLS     r2,r3,#24	false	
Instruction	2548	S:0xC0042210	0xD51A	0	BPL      {pc}+0x38 ; 0xc0042248	true	
Instruction	2549	S:0xC0042248	0x4628	8	MOV      r0,r5	false	
Instruction	2550	S:0xC004224A	0xBDF8	1	POP      {r3-r7,pc}	true	
Cycle Count				559	Tracing disabled		
Info					Tracing enabled		
Instruction	2551	S:0xC001769C	0xE92D4FF0	1	PUSH     {r4-r11,lr}	false	
Instruction	2552	S:0xC00176A0	0xB08B	16	SUB      sp,sp,#0x2c	false	
Instruction	2553	S:0xC00176A2	0xB500	3	PUSH     {lr}	false	
Instruction	2554	S:0xC00176A4	0xF85DEB04	2	POP      {lr}	false	
Instruction	2555	S:0xC00176A8	0x4AA2	13	LDR      r2,[pc,#648] ; [0xC0017934] = 0xC060B128	false	
Instruction	2556	S:0xC00176AA	0x466B	0	MOV      r3,sp	false	
Instruction	2557	S:0xC00176AC	0x4606	1	MOV      r6,r0	false	
Instruction	2558	S:0xC00176AE	0xF42351FF	0	BIC      r1,r3,#0x1fe0	false	
Instruction	2559	S:0xC00176B2	0xF8D03168	1	LDR      r3,[r0,#0x168]	false	
Instruction	2560	S:0xC00176B6	0xF8D22168	14	LDR      r2,[r2,#0x168]	false	
Instruction	2561	S:0xC00176BA	0xF021011F	0	BIC      r1,r1,#0x1f	false	
Instruction	2562	S:0xC00176BE	0x4293	2	CMP      r3,r2	false	
Instruction	2563	S:0xC00176C0	0xF8D1A014	1	LDR      r10,[r1,#0x14]	false	
Instruction	2564	S:0xC00176C4	0xF04081BF	0	BNE.W    {pc}+0x382 ; 0xc0017a46	true	fail
Instruction	2565	S:0xC00176C8	0xEE123F30	1	MRC      p15,#0x0,r3,c2,c0,#1	false	
Instruction	2566	S:0xC00176CC	0xEE023F10	4	MCR      p15,#0x0,r3,c2,c0,#0	false	
Instruction	2567	S:0xC00176D0	0xF3BF8F6F	1	ISB      	false	
Timestamp					Timestamp: 562536962731		
Instruction	2568	S:0xC00176D4	0xF50679B0	12	ADD      r9,r6,#0x160	false	
Instruction	2569	S:0xC00176D8	0xE8D9457F	6	LDREXD   r4,r5,[r9]	false	
Instruction	2570	S:0xC00176DC	0x4F96	3	LDR      r7,[pc,#600] ; [0xC0017938] = 0xC06024F8	false	
Instruction	2571	S:0xC00176DE	0xE8D7017F	16	LDREXD   r0,r1,[r7]	false	
Instruction	2572	S:0xC00176E2	0x4060	2	EORS     r0,r0,r4	false	
Instruction	2573	S:0xC00176E4	0x4069	1	EORS     r1,r1,r5	false	
Instruction	2574	S:0xC00176E6	0x0A02	1	LSRS     r2,r0,#8	false	
Instruction	2575	S:0xC00176E8	0x0A0B	1	LSRS     r3,r1,#8	false	
Instruction	2576	S:0xC00176EA	0xEA426201	1	ORR      r2,r2,r1,LSL #24	false	
Instruction	2577	S:0xC00176EE	0xEA520003	1	ORRS     r0,r2,r3	false	
Instruction	2578	S:0xC00176F2	0xD16A	0	BNE      {pc}+0xd8 ; 0xc00177ca	true	fail
Instruction	2579	S:0xC00176F4	0xF8DF825C	23	LDR      r8,[pc,#604] ; [0xC0017954] = 0xC05FD5C0	false	
Instruction	2580	S:0xC00176F8	0x4B90	1	LDR      r3,[pc,#576] ; [0xC001793C] = 0xC05F03B0	false	
Instruction	2581	S:0xC00176FA	0x9302	1	STR      r3,[sp,#8]	false	
Instruction	2582	S:0xC00176FC	0xF858302A	3	LDR      r3,[r8,r10,LSL #2]	false	
Instruction	2583	S:0xC0017700	0x9902	6	LDR      r1,[sp,#8]	false	
Instruction	2584	S:0xC0017702	0x18C9	2	ADDS     r1,r1,r3	false	
Instruction	2585	S:0xC0017704	0xF3BF8F5F	1	DMB      	false	
Instruction	2586	S:0xC0017708	0xE8D1237F	39	LDREXD   r2,r3,[r1]	false	
Instruction	2587	S:0xC001770C	0xE8C14570	22	STREXD   r0,r4,r5,[r1]	false	
Instruction	2588	S:0xC0017710	0xF0900F00	2	TEQ      r0,#0	false	
Instruction	2589	S:0xC0017714	0xD1F8	0	BNE      {pc}-0xc ; 0xc0017708	true	fail
Instruction	2590	S:0xC0017716	0xF3BF8F5F	9	DMB      	false	
Instruction	2591	S:0xC001771A	0xEA520403	1	ORRS     r4,r2,r3	false	
Instruction	2592	S:0xC001771E	0xD12C	1	BNE      {pc}+0x5c ; 0xc001777a	true	
Instruction	2593	S:0xC001777A	0x6AB0	35	LDR      r0,[r6,#0x28]	false	
Instruction	2594	S:0xC001777C	0x4631	0	MOV      r1,r6	false	
Instruction	2595	S:0xC001777E	0xF1004040	4	ADD      r0,r0,#0xc0000000	false	
Instruction	2596	S:0xC0017782	0xB00B	0	ADD      sp,sp,#0x2c	false	
Instruction	2597	S:0xC0017784	0xE8BD4FF0	3	POP      {r4-r11,lr}	false	
Instruction	2598	S:0xC0017788	0xF000B99A	5	B.W      {pc}+0x338 ; 0xc0017ac0	true	
Instruction	2599	S:0xC0017AC0	0xF04F0200	43	MOV      r2,#0	false	
Instruction	2600	S:0xC0017AC4	0xF8D11160	1	LDR      r1,[r1,#0x160]	false	
Instruction	2601	S:0xC0017AC8	0xF040006A	1	ORR      r0,r0,#0x6a	false	
Instruction	2602	S:0xC0017ACC	0xEE0D1F30	1	MCR      p15,#0x0,r1,c13,c0,#1	false	
Instruction	2603	S:0xC0017AD0	0xF3BF8F6F	1	ISB      	false	
Timestamp					Timestamp: 562536962748		
Instruction	2604	S:0xC0017AD4	0xEE020F10	26	MCR      p15,#0x0,r0,c2,c0,#0	false	
Instruction	2605	S:0xC0017AD8	0xF3BF8F6F	1	ISB      	false	
Timestamp					Timestamp: 562536962750		
Instruction	2606	S:0xC0017ADC	0x46F7	12	MOV      pc,lr	true	
Cycle Count				79	Tracing disabled		
Info					Tracing enabled		
Instruction	2607	S:0xC000CCF8	0xF1010C1C	1	ADD      r12,r1,#0x1c	false	
Instruction	2608	S:0xC000CCFC	0x6E13	14	LDR      r3,[r2,#0x60]	false	
Instruction	2609	S:0xC000CCFE	0xE8AC0FF0	6	STM      r12!,{r4-r11}	false	
Instruction	2610	S:0xC000CD02	0xF84CDB04	10	STR      sp,[r12],#4	false	
Instruction	2611	S:0xC000CD06	0xF84CEB04	3	STR      lr,[r12],#4	false	
Instruction	2612	S:0xC000CD0A	0xEE0D3F70	1	MCR      p15,#0x0,r3,c13,c0,#3	false	
Instruction	2613	S:0xC000CD0E	0xF04F0400	1	MOV      r4,#0	false	
Instruction	2614	S:0xC000CD12	0xEE0D4F50	1	MCR      p15,#0x0,r4,c13,c0,#2	false	
Instruction	2615	S:0xC000CD16	0x4605	1	MOV      r5,r0	false	
Instruction	2616	S:0xC000CD18	0xF102041C	0	ADD      r4,r2,#0x1c	false	
Instruction	2617	S:0xC000CD1C	0x4806	18	LDR      r0,[pc,#24] ; [0xC000CD38] = 0xC0637C50	false	
Instruction	2618	S:0xC000CD1E	0xF04F0102	0	MOV      r1,#2	false	
Instruction	2619	S:0xC000CD22	0xF029FDF7	1	BL       {pc}+0x29bf2 ; 0xc0036914	true	
Instruction	2620	S:0xC0036914	0xB510	5	PUSH     {r4,lr}	false	
Instruction	2621	S:0xC0036916	0xB082	1	SUB      sp,sp,#8	false	
Instruction	2622	S:0xC0036918	0xB500	3	PUSH     {lr}	false	
Instruction	2623	S:0xC003691A	0xF85DEB04	2	POP      {lr}	false	
Instruction	2624	S:0xC003691E	0x2400	0	MOVS     r4,#0	false	
Instruction	2625	S:0xC0036920	0xF04F33FF	6	MOV      r3,#0xffffffff	false	
Instruction	2626	S:0xC0036924	0x9400	1	STR      r4,[sp,#0]	false	
Instruction	2627	S:0xC0036926	0xF7FFFFE9	1	BL       {pc}-0x2a ; 0xc00368fc	true	
Instruction	2628	S:0xC00368FC	0xB510	17	PUSH     {r4,lr}	false	
Instruction	2629	S:0xC00368FE	0xB082	1	SUB      sp,sp,#8	false	
Instruction	2630	S:0xC0036900	0xB500	3	PUSH     {lr}	false	
Instruction	2631	S:0xC0036902	0xF85DEB04	2	POP      {lr}	false	
Instruction	2632	S:0xC0036906	0x9C04	3	LDR      r4,[sp,#0x10]	false	
Instruction	2633	S:0xC0036908	0x9400	1	STR      r4,[sp,#0]	false	
Instruction	2634	S:0xC003690A	0x3004	0	ADDS     r0,#4	false	
Instruction	2635	S:0xC003690C	0xF7FFFFCC	1	BL       {pc}-0x64 ; 0xc00368a8	true	
Instruction	2636	S:0xC00368A8	0xE92D41F0	11	PUSH     {r4-r8,lr}	false	
Instruction	2637	S:0xC00368AC	0xB500	5	PUSH     {lr}	false	
Instruction	2638	S:0xC00368AE	0xF85DEB04	2	POP      {lr}	false	
Instruction	2639	S:0xC00368B2	0x461D	0	MOV      r5,r3	false	
Instruction	2640	S:0xC00368B4	0x6804	2	LDR      r4,[r0,#0]	false	
Instruction	2641	S:0xC00368B6	0x460F	0	MOV      r7,r1	false	
Instruction	2642	S:0xC00368B8	0x4690	1	MOV      r8,r2	false	
Instruction	2643	S:0xC00368BA	0x9E06	1	LDR      r6,[sp,#0x18]	false	
Instruction	2644	S:0xC00368BC	0x2B00	0	CMP      r3,#0	false	
Instruction	2645	S:0xC00368BE	0xBF18	1	IT       NE	false	
Instruction	2646	S:0xC00368C0	0x2C00	7	CMP      r4,#0	false	
Instruction	2647	S:0xC00368C2	0xBF0C	0	ITE      EQ	false	
Instruction	2648	S:0xC00368C4	0x2000	1	MOVS     r0,#0	false	fail
Instruction	2649	S:0xC00368C6	0x2001	0	MOVS     r0,#1	false	
Instruction	2650	S:0xC00368C8	0xD10A	1	BNE      {pc}+0x18 ; 0xc00368e0	true	
Instruction	2651	S:0xC00368E0	0x6823	15	LDR      r3,[r4,#0]	false	
Instruction	2652	S:0xC00368E2	0x4620	0	MOV      r0,r4	false	
Instruction	2653	S:0xC00368E4	0x4639	1	MOV      r1,r7	false	
Instruction	2654	S:0xC00368E6	0x4642	0	MOV      r2,r8	false	
Instruction	2655	S:0xC00368E8	0x6864	2	LDR      r4,[r4,#4]	false	
Instruction	2656	S:0xC00368EA	0x4798	1	BLX      r3	true	
Instruction	2657	S:0xC0008C20	0xB538	23	PUSH     {r3-r5,lr}	false	
Instruction	2658	S:0xC0008C22	0xB500	4	PUSH     {lr}	false	
Instruction	2659	S:0xC0008C24	0xF85DEB04	2	POP      {lr}	false	
Instruction	2660	S:0xC0008C28	0x4614	0	MOV      r4,r2	false	
Instruction	2661	S:0xC0008C2A	0x2903	1	CMP      r1,#3	false	
Instruction	2662	S:0xC0008C2C	0xD816	0	BHI      {pc}+0x30 ; 0xc0008c5c	true	fail
Instruction	2663	S:0xC0008C2E	0xE8DFF001	21	TBB      [pc,r1]	true	
Instruction	2664	S:0xC0008C60	0xEEF84A10	23	VMRS     r4,FPEXC	false	
Instruction	2665	S:0xC0008C64	0x0060	3	LSLS     r0,r4,#1	false	
Instruction	2666	S:0xC0008C66	0x6953	12	LDR      r3,[r2,#0x14]	false	
Instruction	2667	S:0xC0008C68	0xD507	0	BPL      {pc}+0x12 ; 0xc0008c7a	true	
Instruction	2668	S:0xC0008C7A	0xF0244480	1	BIC      r4,r4,#0x40000000	false	
Instruction	2669	S:0xC0008C7E	0xEEE84A10	6	VMSR     FPEXC,r4	false	
Instruction	2670	S:0xC0008C82	0x2000	7	MOVS     r0,#0	false	
Instruction	2671	S:0xC0008C84	0xBD38	1	POP      {r3-r5,pc}	true	
Instruction	2672	S:0xC00368EC	0xB116	2	CBZ      r6,{pc}+8 ; 0xc00368f4	true	
Instruction	2673	S:0xC00368F4	0x0403	8	LSLS     r3,r0,#16	false	
Instruction	2674	S:0xC00368F6	0xD5E9	0	BPL      {pc}-0x2a ; 0xc00368cc	true	
Instruction	2675	S:0xC00368CC	0x3D01	8	SUBS     r5,#1	false	
Instruction	2676	S:0xC00368CE	0xBF0C	0	ITE      EQ	false	
Instruction	2677	S:0xC00368D0	0x2300	1	MOVS     r3,#0	false	fail
Instruction	2678	S:0xC00368D2	0x2301	0	MOVS     r3,#1	false	
Instruction	2679	S:0xC00368D4	0x2C00	1	CMP      r4,#0	false	
Instruction	2680	S:0xC00368D6	0xBF0C	0	ITE      EQ	false	
Instruction	2681	S:0xC00368D8	0x2300	1	MOVS     r3,#0	false	
Instruction	2682	S:0xC00368DA	0xF0030301	1	AND      r3,r3,#1	false	fail
Instruction	2683	S:0xC00368DE	0xB15B	1	CBZ      r3,{pc}+0x1a ; 0xc00368f8	true	
Instruction	2684	S:0xC00368F8	0xE8BD81F0	2	POP      {r4-r8,pc}	true	
Instruction	2685	S:0xC0036910	0xB002	3	ADD      sp,sp,#8	false	
Instruction	2686	S:0xC0036912	0xBD10	3	POP      {r4,pc}	true	
Instruction	2687	S:0xC003692A	0xB002	1	ADD      sp,sp,#8	false	
Instruction	2688	S:0xC003692C	0xBD10	3	POP      {r4,pc}	true	
Instruction	2689	S:0xC000CD26	0x46A4	2	MOV      r12,r4	false	
Instruction	2690	S:0xC000CD28	0x4628	1	MOV      r0,r5	false	
Instruction	2691	S:0xC000CD2A	0xE8BC0FF0	2	LDM      r12!,{r4-r11}	false	
Instruction	2692	S:0xC000CD2E	0xF85CDB04	7	LDR      sp,[r12],#4	false	
Instruction	2693	S:0xC000CD32	0xF8DCF000	3	LDR      pc,[r12,#0]	true	
Cycle Count				28	Tracing disabled		
Info					Tracing enabled		
Instruction	2694	S:0xC003AC6C	0xB5F0	1	PUSH     {r4-r7,lr}	false	
Instruction	2695	S:0xC003AC6E	0xB083	3	SUB      sp,sp,#0xc	false	
Instruction	2696	S:0xC003AC70	0xAF00	1	ADD      r7,sp,#0	false	
Instruction	2697	S:0xC003AC72	0xB500	2	PUSH     {lr}	false	
Instruction	2698	S:0xC003AC74	0xF85DEB04	2	POP      {lr}	false	
Instruction	2699	S:0xC003AC78	0x4B2E	14	LDR      r3,[pc,#184] ; [0xC003AD34] = 0xC05FD380	false	
Instruction	2700	S:0xC003AC7A	0x460E	0	MOV      r6,r1	false	
Instruction	2701	S:0xC003AC7C	0x466A	1	MOV      r2,sp	false	
Instruction	2702	S:0xC003AC7E	0xF8D04470	5	LDR      r4,[r0,#0x470]	false	
Instruction	2703	S:0xC003AC82	0xF42251FF	0	BIC      r1,r2,#0x1fe0	false	
Instruction	2704	S:0xC003AC86	0x2200	1	MOVS     r2,#0	false	
Instruction	2705	S:0xC003AC88	0xF021011F	0	BIC      r1,r1,#0x1f	false	
Instruction	2706	S:0xC003AC8C	0xF8C02470	2	STR      r2,[r0,#0x470]	false	
Instruction	2707	S:0xC003AC90	0x6832	3	LDR      r2,[r6,#0]	false	
Instruction	2708	S:0xC003AC92	0x4605	0	MOV      r5,r0	false	
Instruction	2709	S:0xC003AC94	0x681B	3	LDR      r3,[r3,#0]	false	
Instruction	2710	S:0xC003AC96	0x68C9	3	LDR      r1,[r1,#0xc]	false	
Instruction	2711	S:0xC003AC98	0x2B00	1	CMP      r3,#0	false	
Instruction	2712	S:0xC003AC9A	0xD125	0	BNE      {pc}+0x4e ; 0xc003ace8	true	fail
Instruction	2713	S:0xC003AC9C	0xF3BF8F5F	63	DMB      	false	
Instruction	2714	S:0xC003ACA0	0x2300	1	MOVS     r3,#0	false	
Instruction	2715	S:0xC003ACA2	0x61B3	1	STR      r3,[r6,#0x18]	false	
Instruction	2716	S:0xC003ACA4	0xF3BF8F5F	1	DMB      	false	
Instruction	2717	S:0xC003ACA8	0x882B	57	LDRH     r3,[r5,#0]	false	
Instruction	2718	S:0xC003ACAA	0x3301	2	ADDS     r3,#1	false	
Instruction	2719	S:0xC003ACAC	0x802B	1	STRH     r3,[r5,#0]	false	
Instruction	2720	S:0xC003ACAE	0xF3BF8F4F	31	DSB      	false	
Instruction	2721	S:0xC003ACB2	0xF3AF8004	1	SEV.W    	false	
Instruction	2722	S:0xC003ACB6	0xB662	1	CPSIE    i	false	
Instruction	2723	S:0xC003ACB8	0xB184	1	CBZ      r4,{pc}+0x24 ; 0xc003acdc	true	
Instruction	2724	S:0xC003ACDC	0x2A40	1	CMP      r2,#0x40	false	
Instruction	2725	S:0xC003ACDE	0xD009	0	BEQ      {pc}+0x16 ; 0xc003acf4	true	fail
Instruction	2726	S:0xC003ACE0	0xF107070C	8	ADD      r7,r7,#0xc	false	
Instruction	2727	S:0xC003ACE4	0x46BD	1	MOV      sp,r7	false	
Instruction	2728	S:0xC003ACE6	0xBDF0	3	POP      {r4-r7,pc}	true	
Cycle Count				75	Tracing disabled		
Info					Tracing enabled		
Instruction	2729	S:0xC000F72E	0xB672	1	CPSID    i	false	
Instruction	2730	S:0xC000F730	0x6821	1	LDR      r1,[r4,#0]	false	
Instruction	2731	S:0xC000F732	0x0748	3	LSLS     r0,r1,#29	false	
Instruction	2732	S:0xC000F734	0xD1F5	1	BNE      {pc}-0x12 ; 0xc000f722	true	fail
Instruction	2733	S:0xC000F736	0x2000	15	MOVS     r0,#0	false	
Instruction	2734	S:0xC000F738	0xE8BD81F0	1	POP      {r4-r8,pc}	true	
Instruction	2735	S:0xC000CD92	0x2800	11	CMP      r0,#0	false	
Instruction	2736	S:0xC000CD94	0xF000800E	0	BEQ.W    {pc}+0x20 ; 0xc000cdb4	true	
Instruction	2737	S:0xC000CDB4	0xF3BF8F2F	19	CLREX    	false	
Instruction	2738	S:0xC000CDB8	0x466A	1	MOV      r2,sp	false	
Instruction	2739	S:0xC000CDBA	0xF3EF8300	1	MRS      r3,APSR ; formerly CPSR	false	
Instruction	2740	S:0xC000CDBE	0xF083030C	66	EOR      r3,r3,#0xc	false	
Instruction	2741	S:0xC000CDC2	0xF3838100	3	MSR      CPSR_c,r3	false	
Instruction	2742	S:0xC000CDC6	0xF8D2D034	16	LDR      sp,[r2,#0x34]	false	
Instruction	2743	S:0xC000CDCA	0xF8D2E038	1	LDR      lr,[r2,#0x38]	false	
Instruction	2744	S:0xC000CDCE	0xF083030C	0	EOR      r3,r3,#0xc	false	
Instruction	2745	S:0xC000CDD2	0xF3838100	3	MSR      CPSR_c,r3	false	
Instruction	2746	S:0xC000CDD6	0x9910	5	LDR      r1,[sp,#0x40]	false	
Instruction	2747	S:0xC000CDD8	0xF8DDE03C	1	LDR      lr,[sp,#0x3c]	false	
Instruction	2748	S:0xC000CDDC	0xB00D	0	ADD      sp,sp,#0x34	false	
Instruction	2749	S:0xC000CDDE	0xF3918F00	2	MSR      SPSR_cxsf,r1	false	
Instruction	2750	S:0xC000CDE2	0xE91D1FFF	5	LDMDB    sp,{r0-r12}	false	
Instruction	2751	S:0xC000CDE6	0xB005	7	ADD      sp,sp,#0x14	false	
Instruction	2752	S:0xC000CDE8	0xF3DE8F00	1	SUBS     pc,lr,#0	true	
Info					Return from exception		
Timestamp					Timestamp: 562536962810		
Cycle Count				193	Tracing disabled		
Info					Tracing enabled		
Instruction	2753	S:0xC000CB00	0xB092	1	SUB      sp,sp,#0x48	false	
Timestamp					Timestamp: 562536962823		
Instruction	2754	S:0xC000CB02	0xE88D1FFF	3	STM      sp,{r0-r12}	false	
Instruction	2755	S:0xC000CB06	0xE8900038	26	LDM      r0,{r3-r5}	false	
Instruction	2756	S:0xC000CB0A	0xA80F	3	ADD      r0,sp,#0x3c	false	
Instruction	2757	S:0xC000CB0C	0xF04F36FF	0	MOV      r6,#0xffffffff	false	
Instruction	2758	S:0xC000CB10	0x9300	1	STR      r3,[sp,#0]	false	
Instruction	2759	S:0xC000CB12	0xE8800070	2	STM      r0,{r4-r6}	false	
Instruction	2760	S:0xC000CB16	0xF3EF8100	2	MRS      r1,APSR ; formerly CPSR	false	
Instruction	2761	S:0xC000CB1A	0xF081010C	2	EOR      r1,r1,#0xc	false	
Instruction	2762	S:0xC000CB1E	0xF3818100	3	MSR      CPSR_c,r1	false	
Instruction	2763	S:0xC000CB22	0xF840DC08	5	STR      sp,[r0,#-8]	false	
Instruction	2764	S:0xC000CB26	0xF840EC04	1	STR      lr,[r0,#-4]	false	
Instruction	2765	S:0xC000CB2A	0xF081010C	0	EOR      r1,r1,#0xc	false	
Instruction	2766	S:0xC000CB2E	0xF3818100	3	MSR      CPSR_c,r1	false	
Instruction	2767	S:0xC000CB32	0xF85F0114	18	LDR      r0,[pc,#-276] ; [0xC000CA20] = 0xC06013D4	false	
Instruction	2768	S:0xC000CB36	0x6800	5	LDR      r0,[r0,#0]	false	
Instruction	2769	S:0xC000CB38	0xEE010F10	1	MCR      p15,#0x0,r0,c1,c0,#0	false	
Instruction	2770	S:0xC000CB3C	0x4622	6	MOV      r2,r4	false	
Instruction	2771	S:0xC000CB3E	0x462B	0	MOV      r3,r5	false	
Instruction	2772	S:0xC000CB40	0xF20F19A1	1	ADR.W    r9,{pc}+0x1a5 ; 0xc000cce5	false	
Instruction	2773	S:0xC000CB44	0xF0130F20	0	TST      r3,#0x20	false	
Instruction	2774	S:0xC000CB48	0xF0408008	1	BNE.W    {pc}+0x14 ; 0xc000cb5c	true	fail
Instruction	2775	S:0xC000CB4C	0xF1A20404	16	SUB      r4,r2,#4	false	
Instruction	2776	S:0xC000CB50	0xF8540E00	112	LDRT     r0,[r4,#0]	false	
Instruction	2777	S:0xC000CB54	0xF20F1E2B	0	ADR.W    lr,{pc}+0x12f ; 0xc000cc83	false	
Instruction	2778	S:0xC000CB58	0xF000B818	1	B.W      {pc}+0x34 ; 0xc000cb8c	true	
Instruction	2779	S:0xC000CB8C	0x46EA	3	MOV      r10,sp	false	
Instruction	2780	S:0xC000CB8E	0xEA4F3A5A	2	LSR      r10,r10,#13	false	
Instruction	2781	S:0xC000CB92	0xEA4F3A4A	2	LSL      r10,r10,#13	false	
Instruction	2782	S:0xC000CB96	0xA62A	0	ADR      r6,{pc}+0xaa ; 0xc000cc40	false	
Instruction	2783	S:0xC000CB98	0xF8565B04	58	LDR      r5,[r6],#4	false	
Instruction	2784	S:0xC000CB9C	0xF8567B04	3	LDR      r7,[r6],#4	false	
Instruction	2785	S:0xC000CBA0	0x2D00	1	CMP      r5,#0	false	
Instruction	2786	S:0xC000CBA2	0xD00B	0	BEQ      {pc}+0x1a ; 0xc000cbbc	true	fail
Instruction	2787	S:0xC000CBA4	0xEA000805	1	AND      r8,r0,r5	false	
Instruction	2788	S:0xC000CBA8	0x45B8	1	CMP      r8,r7	false	
Instruction	2789	S:0xC000CBAA	0xD1F5	0	BNE      {pc}-0x12 ; 0xc000cb98	true	
Instruction	2790	S:0xC000CB98	0xF8565B04	11	LDR      r5,[r6],#4	false	
Instruction	2791	S:0xC000CB9C	0xF8567B04	3	LDR      r7,[r6],#4	false	
Instruction	2792	S:0xC000CBA0	0x2D00	1	CMP      r5,#0	false	
Instruction	2793	S:0xC000CBA2	0xD00B	0	BEQ      {pc}+0x1a ; 0xc000cbbc	true	fail
Instruction	2794	S:0xC000CBA4	0xEA000805	1	AND      r8,r0,r5	false	
Instruction	2795	S:0xC000CBA8	0x45B8	1	CMP      r8,r7	false	
Instruction	2796	S:0xC000CBAA	0xD1F5	0	BNE      {pc}-0x12 ; 0xc000cb98	true	
Instruction	2797	S:0xC000CB98	0xF8565B04	21	LDR      r5,[r6],#4	false	
Instruction	2798	S:0xC000CB9C	0xF8567B04	3	LDR      r7,[r6],#4	false	
Instruction	2799	S:0xC000CBA0	0x2D00	1	CMP      r5,#0	false	
Instruction	2800	S:0xC000CBA2	0xD00B	0	BEQ      {pc}+0x1a ; 0xc000cbbc	true	
Instruction	2801	S:0xC000CBBC	0xF0106F00	8	TST      r0,#0x8000000	false	
Instruction	2802	S:0xC000CBC0	0xBF14	1	ITE      NE	false	
Instruction	2803	S:0xC000CBC2	0xF0106F80	1	TST      r0,#0x4000000	false	
Instruction	2804	S:0xC000CBC6	0x46F7	1	MOV      pc,lr	true	fail
Instruction	2805	S:0xC000CBC8	0xF4006870	1	AND      r8,r0,#0xf00	false	
Instruction	2806	S:0xC000CBCC	0xEA4F2818	2	LSR      r8,r8,#8	false	
Instruction	2807	S:0xC000CBD0	0xF04F0701	0	MOV      r7,#1	false	
Instruction	2808	S:0xC000CBD4	0xF10A0650	1	ADD      r6,r10,#0x50	false	
Instruction	2809	S:0xC000CBD8	0xF8067008	3	STRB     r7,[r6,r8]	false	
Instruction	2810	S:0xC000CBDC	0xEA4F0888	1	LSL      r8,r8,#2	false	
Instruction	2811	S:0xC000CBE0	0x44C7	9	ADD      pc,pc,r8	true	
Instruction	2812	S:0xC000CC0C	0xF7FCB906	42	B        {pc}-0x3df0 ; 0xc0008e1c	true	
Instruction	2813	S:0xC0008E1C	0xB662	3	CPSIE    i	false	
Instruction	2814	S:0xC0008E1E	0x4C04	19	LDR      r4,[pc,#16] ; [0xC0008E30] = 0xC0601098	false	
Instruction	2815	S:0xC0008E20	0xF8DAB014	4	LDR      r11,[r10,#0x14]	false	
Instruction	2816	S:0xC0008E24	0xF10A0AF8	0	ADD      r10,r10,#0xf8	false	
Instruction	2817	S:0xC0008E28	0xF8D4F000	1	LDR      pc,[r4,#0]	true	
Instruction	2818	S:0xC0008E34	0xEEF81A10	9	VMRS     r1,FPEXC	false	
Instruction	2819	S:0xC0008E38	0xF0114F80	2	TST      r1,#0x40000000	false	
Instruction	2820	S:0xC0008E3C	0xF040803A	0	BNE.W    {pc}+0x78 ; 0xc0008eb4	true	fail
Instruction	2821	S:0xC0008E40	0x4B31	25	LDR      r3,[pc,#196] ; [0xC0008F08] = 0xC0637B9C	false	
Instruction	2822	S:0xC0008E42	0xF0414180	0	ORR      r1,r1,#0x40000000	false	
Instruction	2823	S:0xC0008E46	0xF853402B	61	LDR      r4,[r3,r11,LSL #2]	false	
Instruction	2824	S:0xC0008E4A	0xF0214500	0	BIC      r5,r1,#0x80000000	false	
Instruction	2825	S:0xC0008E4E	0x4554	2	CMP      r4,r10	false	
Instruction	2826	S:0xC0008E50	0xF0408006	0	BNE.W    {pc}+0x10 ; 0xc0008e60	true	fail
Instruction	2827	S:0xC0008E54	0xF8DAC110	68	LDR      r12,[r10,#0x110]	false	
Instruction	2828	S:0xC0008E58	0xEA9C0F0B	2	TEQ      r12,r11	false	
Instruction	2829	S:0xC0008E5C	0xF0008020	0	BEQ.W    {pc}+0x44 ; 0xc0008ea0	true	
Instruction	2830	S:0xC0008EA0	0xF0114F00	2	TST      r1,#0x80000000	false	
Instruction	2831	S:0xC0008EA4	0xF0408011	0	BNE.W    {pc}+0x26 ; 0xc0008eca	true	fail
Instruction	2832	S:0xC0008EA8	0xEEE81A10	1	VMSR     FPEXC,r1	false	
Instruction	2833	S:0xC0008EAC	0xF1A20204	7	SUB      r2,r2,#4	false	
Instruction	2834	S:0xC0008EB0	0x920F	3	STR      r2,[sp,#0x3c]	false	
Instruction	2835	S:0xC0008EB2	0x46CF	1	MOV      pc,r9	true	
Instruction	2836	S:0xC000CCE4	0x46E9	16	MOV      r9,sp	false	
Instruction	2837	S:0xC000CCE6	0xEA4F3959	2	LSR      r9,r9,#13	false	
Instruction	2838	S:0xC000CCEA	0xEA4F3949	2	LSL      r9,r9,#13	false	
Timestamp					Timestamp: 562536962867		
Instruction	2839	S:0xC000CCEE	0xF04F0800	1	MOV      r8,#0	false	
Instruction	2840	S:0xC000CCF2	0xF000B857	0	B.W      {pc}+0xb2 ; 0xc000cda4	true	
Instruction	2841	S:0xC000CDA4	0xB672	1	CPSID    i	false	
Instruction	2842	S:0xC000CDA6	0xBF00	1	NOP      	false	
Instruction	2843	S:0xC000CDA8	0xF8D91000	1	LDR      r1,[r9,#0]	false	
Instruction	2844	S:0xC000CDAC	0xF0110F07	2	TST      r1,#7	false	
Instruction	2845	S:0xC000CDB0	0xF47FAFEB	0	BNE.W    {pc}-0x26 ; 0xc000cd8a	true	fail
Instruction	2846	S:0xC000CDB4	0xF3BF8F2F	1	CLREX    	false	
Instruction	2847	S:0xC000CDB8	0x466A	1	MOV      r2,sp	false	
Instruction	2848	S:0xC000CDBA	0xF3EF8300	1	MRS      r3,APSR ; formerly CPSR	false	
Instruction	2849	S:0xC000CDBE	0xF083030C	2	EOR      r3,r3,#0xc	false	
Instruction	2850	S:0xC000CDC2	0xF3838100	3	MSR      CPSR_c,r3	false	
Instruction	2851	S:0xC000CDC6	0xF8D2D034	5	LDR      sp,[r2,#0x34]	false	
Instruction	2852	S:0xC000CDCA	0xF8D2E038	1	LDR      lr,[r2,#0x38]	false	
Instruction	2853	S:0xC000CDCE	0xF083030C	0	EOR      r3,r3,#0xc	false	
Instruction	2854	S:0xC000CDD2	0xF3838100	3	MSR      CPSR_c,r3	false	
Instruction	2855	S:0xC000CDD6	0x9910	5	LDR      r1,[sp,#0x40]	false	
Instruction	2856	S:0xC000CDD8	0xF8DDE03C	1	LDR      lr,[sp,#0x3c]	false	
Instruction	2857	S:0xC000CDDC	0xB00D	0	ADD      sp,sp,#0x34	false	
Instruction	2858	S:0xC000CDDE	0xF3918F00	2	MSR      SPSR_cxsf,r1	false	
Instruction	2859	S:0xC000CDE2	0xE91D1FFF	5	LDMDB    sp,{r0-r12}	false	
Instruction	2860	S:0xC000CDE6	0xB005	7	ADD      sp,sp,#0x14	false	
Instruction	2861	S:0xC000CDE8	0xF3DE8F00	1	SUBS     pc,lr,#0	true	
Info					Return from exception		
Timestamp					Timestamp: 562536962870		
Cycle Count				301997	Tracing disabled		
Info					Tracing enabled		
Instruction	2862	S:0xC000CAA0	0xB092	1	SUB      sp,sp,#0x48	false	
Timestamp					Timestamp: 562536983623		
Instruction	2863	S:0xC000CAA2	0xE88D1FFF	6	STM      sp,{r0-r12}	false	
Instruction	2864	S:0xC000CAA6	0xE8900038	11	LDM      r0,{r3-r5}	false	
Instruction	2865	S:0xC000CAAA	0xA80F	2	ADD      r0,sp,#0x3c	false	
Instruction	2866	S:0xC000CAAC	0xF04F36FF	0	MOV      r6,#0xffffffff	false	
Instruction	2867	S:0xC000CAB0	0x9300	1	STR      r3,[sp,#0]	false	
Instruction	2868	S:0xC000CAB2	0xE8800070	2	STM      r0,{r4-r6}	false	
Instruction	2869	S:0xC000CAB6	0xF3EF8100	2	MRS      r1,APSR ; formerly CPSR	false	
Instruction	2870	S:0xC000CABA	0xF081010C	2	EOR      r1,r1,#0xc	false	
Instruction	2871	S:0xC000CABE	0xF3818100	3	MSR      CPSR_c,r1	false	
Instruction	2872	S:0xC000CAC2	0xF840DC08	5	STR      sp,[r0,#-8]	false	
Instruction	2873	S:0xC000CAC6	0xF840EC04	1	STR      lr,[r0,#-4]	false	
Instruction	2874	S:0xC000CACA	0xF081010C	0	EOR      r1,r1,#0xc	false	
Instruction	2875	S:0xC000CACE	0xF3818100	3	MSR      CPSR_c,r1	false	
Instruction	2876	S:0xC000CAD2	0xF85F00B4	7	LDR      r0,[pc,#-180] ; [0xC000CA20] = 0xC06013D4	false	
Instruction	2877	S:0xC000CAD6	0x6800	17	LDR      r0,[r0,#0]	false	
Instruction	2878	S:0xC000CAD8	0xEE010F10	1	MCR      p15,#0x0,r0,c1,c0,#0	false	
Instruction	2879	S:0xC000CADC	0x4907	16	LDR      r1,[pc,#28] ; [0xC000CAFC] = 0xC06013DC	false	
Instruction	2880	S:0xC000CADE	0x4668	0	MOV      r0,sp	false	
Instruction	2881	S:0xC000CAE0	0xF20F0E05	1	ADR.W    lr,{pc}+9 ; 0xc000cae9	false	
Instruction	2882	S:0xC000CAE4	0xF8D1F000	2	LDR      pc,[r1,#0]	true	
Instruction	2883	S:0xC00083D0	0xE92D41F0	22	PUSH     {r4-r8,lr}	false	
Instruction	2884	S:0xC00083D4	0xB500	5	PUSH     {lr}	false	
Instruction	2885	S:0xC00083D6	0xF004FD19	1	BL       {pc}+0x4a36 ; 0xc000ce0c	true	
Instruction	2886	S:0xC000CE0C	0x46F4	36	MOV      r12,lr	false	
Instruction	2887	S:0xC000CE0E	0xF85DEB04	1	POP      {lr}	false	
Instruction	2888	S:0xC000CE12	0x46E7	1	MOV      pc,r12	true	
Instruction	2889	S:0xC00083DA	0x4607	28	MOV      r7,r0	false	
Instruction	2890	S:0xC00083DC	0x4E0F	13	LDR      r6,[pc,#60] ; [0xC000841C] = 0xC05FD730	false	
Instruction	2891	S:0xC00083DE	0xF8D6800C	17	LDR      r8,[r6,#0xc]	false	
Instruction	2892	S:0xC00083E2	0xF108040C	2	ADD      r4,r8,#0xc	false	
Instruction	2893	S:0xC00083E6	0xE006	1	B        {pc}+0x10 ; 0xc00083f6	true	
Instruction	2894	S:0xC00083F6	0x6822	26	LDR      r2,[r4,#0]	false	
Instruction	2895	S:0xC00083F8	0xF42250E0	2	BIC      r0,r2,#0x1c00	false	
Instruction	2896	S:0xC00083FC	0xF1A00510	1	SUB      r5,r0,#0x10	false	
Instruction	2897	S:0xC0008400	0x4601	0	MOV      r1,r0	false	
Instruction	2898	S:0xC0008402	0xF5B57F7B	1	CMP      r5,#0x3ec	false	
Instruction	2899	S:0xC0008406	0xD9EF	0	BLS      {pc}-0x1e ; 0xc00083e8	true	
Instruction	2900	S:0xC00083E8	0xF8D60594	19	LDR      r0,[r6,#0x594]	false	
Instruction	2901	S:0xC00083EC	0xF065FB40	0	BL       {pc}+0x65684 ; 0xc006da70	true	
Cycle Count				218	Tracing disabled		
Info					Tracing enabled		
Instruction	2902	S:0xC00083F0	0x4639	1	MOV      r1,r7	false	
Instruction	2903	S:0xC00083F2	0xF005F8F7	0	BL       {pc}+0x51f2 ; 0xc000d5e4	true	
Instruction	2904	S:0xC000D5E4	0xB570	21	PUSH     {r4-r6,lr}	false	
Instruction	2905	S:0xC000D5E6	0xB500	4	PUSH     {lr}	false	
Instruction	2906	S:0xC000D5E8	0xF85DEB04	2	POP      {lr}	false	
Instruction	2907	S:0xC000D5EC	0x4605	0	MOV      r5,r0	false	
Instruction	2908	S:0xC000D5EE	0x4C12	22	LDR      r4,[pc,#72] ; [0xC000D638] = 0xC05F1F34	false	
Instruction	2909	S:0xC000D5F0	0xEE1D2F90	1	MRC      p15,#0x0,r2,c13,c0,#4	false	
Instruction	2910	S:0xC000D5F4	0x4623	1	MOV      r3,r4	false	
Instruction	2911	S:0xC000D5F6	0x58D6	15	LDR      r6,[r2,r3]	false	
Instruction	2912	S:0xC000D5F8	0x50D1	3	STR      r1,[r2,r3]	false	
Instruction	2913	S:0xC000D5FA	0xF013FDBF	0	BL       {pc}+0x13b82 ; 0xc002117c	true	
Instruction	2914	S:0xC002117C	0xB538	1	PUSH     {r3-r5,lr}	false	
Instruction	2915	S:0xC002117E	0xB500	4	PUSH     {lr}	false	
Instruction	2916	S:0xC0021180	0xF85DEB04	16	POP      {lr}	false	
Instruction	2917	S:0xC0021184	0x466B	1	MOV      r3,sp	false	
Instruction	2918	S:0xC0021186	0xF42354FF	1	BIC      r4,r3,#0x1fe0	false	
Instruction	2919	S:0xC002118A	0xF024041F	1	BIC      r4,r4,#0x1f	false	
Instruction	2920	S:0xC002118E	0x6965	5	LDR      r5,[r4,#0x14]	false	
Instruction	2921	S:0xC0021190	0xF04EFFCE	0	BL       {pc}+0x4efa0 ; 0xc0070130	true	
Cycle Count				132	Tracing disabled		
Info					Tracing enabled		
Instruction	2922	S:0xC0021194	0x68E3	1	LDR      r3,[r4,#0xc]	false	
Instruction	2923	S:0xC0021196	0xF8D33240	32	LDR      r3,[r3,#0x240]	false	
Instruction	2924	S:0xC002119A	0xB92B	2	CBNZ     r3,{pc}+0xe ; 0xc00211a8	true	
Instruction	2925	S:0xC00211A8	0x6863	8	LDR      r3,[r4,#4]	false	
Instruction	2926	S:0xC00211AA	0xF5033380	2	ADD      r3,r3,#0x10000	false	
Instruction	2927	S:0xC00211AE	0x6063	1	STR      r3,[r4,#4]	false	
Instruction	2928	S:0xC00211B0	0xBD38	1	POP      {r3-r5,pc}	true	
Instruction	2929	S:0xC000D5FE	0x4B0F	2	LDR      r3,[pc,#60] ; [0xC000D63C] = 0xC0608914	false	
Instruction	2930	S:0xC000D600	0x681B	17	LDR      r3,[r3,#0]	false	
Instruction	2931	S:0xC000D602	0x42AB	2	CMP      r3,r5	false	
Instruction	2932	S:0xC000D604	0xD909	0	BLS      {pc}+0x16 ; 0xc000d61a	true	fail
Instruction	2933	S:0xC000D606	0x4628	1	MOV      r0,r5	false	
Instruction	2934	S:0xC000D608	0xF05DF91A	0	BL       {pc}+0x5d238 ; 0xc006a840	true	
Timestamp					Timestamp: 562536983677		
Cycle Count				725	Tracing disabled		
Info					Tracing enabled		
Instruction	2935	S:0xC0035900	0xE92D4FF0	1	PUSH     {r4-r11,lr}	false	
Instruction	2936	S:0xC0035904	0xB091	7	SUB      sp,sp,#0x44	false	
Instruction	2937	S:0xC0035906	0xB500	3	PUSH     {lr}	false	
Instruction	2938	S:0xC0035908	0xF85DEB04	2	POP      {lr}	false	
Instruction	2939	S:0xC003590C	0x4986	13	LDR      r1,[pc,#536] ; [0xC0035B28]	false	
Instruction	2940	S:0xC003590E	0xEE1D3F90	1	MRC      p15,#0x0,r3,c13,c0,#4	false	
Instruction	2941	S:0xC0035912	0xEB030A01	4	ADD      r10,r3,r1	false	
Instruction	2942	S:0xC0035916	0x930B	1	STR      r3,[sp,#0x2c]	false	
Instruction	2943	S:0xC0035918	0x4602	0	MOV      r2,r0	false	
Instruction	2944	S:0xC003591A	0x9105	1	STR      r1,[sp,#0x14]	false	
Instruction	2945	S:0xC003591C	0xF8DA3018	57	LDR      r3,[r10,#0x18]	false	
Instruction	2946	S:0xC0035920	0x2B00	2	CMP      r3,#0	false	
Instruction	2947	S:0xC0035922	0xF00080F9	0	BEQ.W    {pc}+0x1f6 ; 0xc0035b18	true	fail
Instruction	2948	S:0xC0035926	0xF8DA3020	1	LDR      r3,[r10,#0x20]	false	
Instruction	2949	S:0xC003592A	0x4650	0	MOV      r0,r10	false	
Instruction	2950	S:0xC003592C	0xF04F34FF	1	MOV      r4,#0xffffffff	false	
Instruction	2951	S:0xC0035930	0xF06F4500	0	MVN      r5,#0x80000000	false	
Instruction	2952	S:0xC0035934	0x3301	1	ADDS     r3,#1	false	
Instruction	2953	S:0xC0035936	0xF8CA3020	1	STR      r3,[r10,#0x20]	false	
Instruction	2954	S:0xC003593A	0xE9C24504	1	STRD     r4,r5,[r2,#0x10]	false	
Instruction	2955	S:0xC003593E	0xF50A7388	1	ADD      r3,r10,#0x110	false	
Instruction	2956	S:0xC0035942	0xF10A01A0	0	ADD      r1,r10,#0xa0	false	
Instruction	2957	S:0xC0035946	0x930A	1	STR      r3,[sp,#0x28]	false	
Instruction	2958	S:0xC0035948	0x9108	1	STR      r1,[sp,#0x20]	false	
Instruction	2959	S:0xC003594A	0xF10A01D8	0	ADD      r1,r10,#0xd8	false	
Instruction	2960	S:0xC003594E	0x9109	1	STR      r1,[sp,#0x24]	false	
Instruction	2961	S:0xC0035950	0xF3AEFE32	0	BL       {pc}+0x3aec68 ; 0xc03e45b8	true	
Cycle Count				49	Tracing disabled		
Info					Tracing enabled		
Instruction	2962	S:0xC0035954	0xA908	1	ADD      r1,sp,#0x20	false	
Instruction	2963	S:0xC0035956	0xA80C	0	ADD      r0,sp,#0x30	false	
Instruction	2964	S:0xC0035958	0xF04F0B01	1	MOV      r11,#1	false	
Instruction	2965	S:0xC003595C	0xC90E	23	LDM      r1,{r1-r3}	false	
Instruction	2966	S:0xC003595E	0xF01BFAA9	4	BL       {pc}+0x1b556 ; 0xc0050eb4	true	
Instruction	2967	S:0xC0050EB4	0xE92D4FF0	1	PUSH     {r4-r11,lr}	false	
Instruction	2968	S:0xC0050EB8	0xB089	7	SUB      sp,sp,#0x24	false	
Instruction	2969	S:0xC0050EBA	0xB500	3	PUSH     {lr}	false	
Instruction	2970	S:0xC0050EBC	0xF85DEB04	2	POP      {lr}	false	
Instruction	2971	S:0xC0050EC0	0x4D36	22	LDR      r5,[pc,#216] ; [0xC0050F9C]	false	
Instruction	2972	S:0xC0050EC2	0x4682	0	MOV      r10,r0	false	
Instruction	2973	S:0xC0050EC4	0x468B	1	MOV      r11,r1	false	
Instruction	2974	S:0xC0050EC6	0x4690	0	MOV      r8,r2	false	
Instruction	2975	S:0xC0050EC8	0x462C	1	MOV      r4,r5	false	
Instruction	2976	S:0xC0050ECA	0x4699	0	MOV      r9,r3	false	
Instruction	2977	S:0xC0050ECC	0xF8D56090	28	LDR      r6,[r5,#0x90]	false	
Instruction	2978	S:0xC0050ED0	0x07F0	3	LSLS     r0,r6,#31	false	
Instruction	2979	S:0xC0050ED2	0xD462	0	BMI      {pc}+0xc8 ; 0xc0050f9a	true	fail
Instruction	2980	S:0xC0050ED4	0xF3BF8F5F	1	DMB      	false	
Instruction	2981	S:0xC0050ED8	0x6827	37	LDR      r7,[r4,#0]	false	
Instruction	2982	S:0xC0050EDA	0x6BA2	3	LDR      r2,[r4,#0x38]	false	
Instruction	2983	S:0xC0050EDC	0x4638	1	MOV      r0,r7	false	
Instruction	2984	S:0xC0050EDE	0x683B	3	LDR      r3,[r7,#0]	false	
Instruction	2985	S:0xC0050EE0	0x9205	3	STR      r2,[sp,#0x14]	false	
Instruction	2986	S:0xC0050EE2	0x4798	1	BLX      r3	true	
Timestamp					Timestamp: 562536983747		
Cycle Count				52	Tracing disabled		
Info					Tracing enabled		
Instruction	2987	S:0xC0050EE4	0xE9D72302	1	LDRD     r2,r3,[r7,#8]	false	
Instruction	2988	S:0xC0050EE8	0xF8D4C044	1	LDR      r12,[r4,#0x44]	false	
Instruction	2989	S:0xC0050EEC	0xE9CD2306	1	STRD     r2,r3,[sp,#0x18]	false	
Instruction	2990	S:0xC0050EF0	0xE9D72304	1	LDRD     r2,r3,[r7,#0x10]	false	
Instruction	2991	S:0xC0050EF4	0x6C27	1	LDR      r7,[r4,#0x40]	false	
Instruction	2992	S:0xC0050EF6	0xE9CD2300	1	STRD     r2,r3,[sp,#0]	false	
Instruction	2993	S:0xC0050EFA	0xE9D42318	1	LDRD     r2,r3,[r4,#0x60]	false	
Instruction	2994	S:0xC0050EFE	0xE9CD0102	22	STRD     r0,r1,[sp,#8]	false	
Instruction	2995	S:0xC0050F02	0x6860	1	LDR      r0,[r4,#4]	false	
Instruction	2996	S:0xC0050F04	0x68A1	1	LDR      r1,[r4,#8]	false	
Instruction	2997	S:0xC0050F06	0xE9CB2300	1	STRD     r2,r3,[r11,#0]	false	
Instruction	2998	S:0xC0050F0A	0xE9D4231C	1	LDRD     r2,r3,[r4,#0x70]	false	
Instruction	2999	S:0xC0050F0E	0xE9C82300	1	STRD     r2,r3,[r8,#0]	false	
Instruction	3000	S:0xC0050F12	0xE9D42322	1	LDRD     r2,r3,[r4,#0x88]	false	
Instruction	3001	S:0xC0050F16	0xE9C92300	1	STRD     r2,r3,[r9,#0]	false	
Instruction	3002	S:0xC0050F1A	0xF3BF8F5F	1	DMB      	false	
Instruction	3003	S:0xC0050F1E	0xF8D43090	65	LDR      r3,[r4,#0x90]	false	
Instruction	3004	S:0xC0050F22	0x429E	2	CMP      r6,r3	false	
Instruction	3005	S:0xC0050F24	0xD1D2	1	BNE      {pc}-0x58 ; 0xc0050ecc	true	fail
Instruction	3006	S:0xC0050F26	0xE9DD2306	9	LDRD     r2,r3,[sp,#0x18]	false	
Instruction	3007	S:0xC0050F2A	0xE9DD8902	1	LDRD     r8,r9,[sp,#8]	false	
Instruction	3008	S:0xC0050F2E	0xE9DD4500	1	LDRD     r4,r5,[sp,#0]	false	
Instruction	3009	S:0xC0050F32	0xEBB80802	1	SUBS     r8,r8,r2	false	
Instruction	3010	S:0xC0050F36	0xEB690903	1	SBC      r9,r9,r3	false	
Instruction	3011	S:0xC0050F3A	0x463A	0	MOV      r2,r7	false	
Instruction	3012	S:0xC0050F3C	0xEA080804	1	AND      r8,r8,r4	false	
Instruction	3013	S:0xC0050F40	0xEA090905	14	AND      r9,r9,r5	false	
Instruction	3014	S:0xC0050F44	0x4663	0	MOV      r3,r12	false	
Instruction	3015	S:0xC0050F46	0xF1C10C20	1	RSB      r12,r1,#0x20	false	
Instruction	3016	S:0xC0050F4A	0xFBA86700	1	UMULL    r6,r7,r8,r0	false	
Instruction	3017	S:0xC0050F4E	0x1992	2	ADDS     r2,r2,r6	false	
Instruction	3018	S:0xC0050F50	0xF44F464A	0	MOV      r6,#0xca00	false	
Instruction	3019	S:0xC0050F54	0xFA22F401	2	LSR      r4,r2,r1	false	
Instruction	3020	S:0xC0050F58	0xF6C3369A	1	MOVT     r6,#0x3b9a	false	
Instruction	3021	S:0xC0050F5C	0xFB007709	1	MLA      r7,r0,r9,r7	false	
Instruction	3022	S:0xC0050F60	0xEB430307	15	ADC      r3,r3,r7	false	
Instruction	3023	S:0xC0050F64	0xF1B10020	0	SUBS     r0,r1,#0x20	false	
Instruction	3024	S:0xC0050F68	0xFA03FC0C	2	LSL      r12,r3,r12	false	
Instruction	3025	S:0xC0050F6C	0xBF58	0	IT       PL	false	
Instruction	3026	S:0xC0050F6E	0xFA43F000	1	ASR      r0,r3,r0	false	fail
Instruction	3027	S:0xC0050F72	0xEA44040C	1	ORR      r4,r4,r12	false	
Instruction	3028	S:0xC0050F76	0xFA43F501	1	ASR      r5,r3,r1	false	
Instruction	3029	S:0xC0050F7A	0x9905	1	LDR      r1,[sp,#0x14]	false	
Instruction	3030	S:0xC0050F7C	0xBF58	0	IT       PL	false	
Instruction	3031	S:0xC0050F7E	0x4304	1	ORRS     r4,r4,r0	false	fail
Instruction	3032	S:0xC0050F80	0xE9DB2300	1	LDRD     r2,r3,[r11,#0]	false	
Instruction	3033	S:0xC0050F84	0x4650	1	MOV      r0,r10	false	
Instruction	3034	S:0xC0050F86	0xFBC64501	1	SMLAL    r4,r5,r6,r1	false	
Instruction	3035	S:0xC0050F8A	0x1AA4	2	SUBS     r4,r4,r2	false	
Instruction	3036	S:0xC0050F8C	0xEB650503	1	SBC      r5,r5,r3	false	
Instruction	3037	S:0xC0050F90	0xE9CA4500	1	STRD     r4,r5,[r10,#0]	false	
Instruction	3038	S:0xC0050F94	0xB009	1	ADD      sp,sp,#0x24	false	
Instruction	3039	S:0xC0050F96	0xE8BD8FF0	3	POP      {r4-r11,pc}	true	
Instruction	3040	S:0xC0035962	0x2103	5	MOVS     r1,#3	false	
Instruction	3041	S:0xC0035964	0x980C	2	LDR      r0,[sp,#0x30]	false	
Instruction	3042	S:0xC0035966	0x9A0D	1	LDR      r2,[sp,#0x34]	false	
Instruction	3043	S:0xC0035968	0x9104	1	STR      r1,[sp,#0x10]	false	
Instruction	3044	S:0xC003596A	0x9006	1	STR      r0,[sp,#0x18]	false	
Instruction	3045	S:0xC003596C	0x9207	1	STR      r2,[sp,#0x1c]	false	
Instruction	3046	S:0xC003596E	0xE9DD0106	2	LDRD     r0,r1,[sp,#0x18]	false	
Instruction	3047	S:0xC0035972	0xE9CD0100	1	STRD     r0,r1,[sp,#0]	false	
Instruction	3048	S:0xC0035976	0x2700	1	MOVS     r7,#0	false	
Instruction	3049	S:0xC0035978	0xF04F32FF	0	MOV      r2,#0xffffffff	false	
Instruction	3050	S:0xC003597C	0xF06F4300	1	MVN      r3,#0x80000000	false	
Instruction	3051	S:0xC0035980	0xE9CD2302	50	STRD     r2,r3,[sp,#8]	false	
Instruction	3052	S:0xC0035984	0xE9CA2304	1	STRD     r2,r3,[r10,#0x10]	false	
Instruction	3053	S:0xC0035988	0xF8DA3004	1	LDR      r3,[r10,#4]	false	
Instruction	3054	S:0xC003598C	0xFA0BF207	1	LSL      r2,r11,r7	false	
Instruction	3055	S:0xC0035990	0x3701	1	ADDS     r7,#1	false	
Instruction	3056	S:0xC0035992	0x421A	1	TST      r2,r3	false	
Instruction	3057	S:0xC0035994	0xD024	0	BEQ      {pc}+0x4c ; 0xc00359e0	true	fail
Instruction	3058	S:0xC0035996	0xEBC706C7	1	RSB      r6,r7,r7,LSL #3	false	
Instruction	3059	S:0xC003599A	0xE9DD4500	1	LDRD     r4,r5,[sp,#0]	false	
Instruction	3060	S:0xC003599E	0xEB0A06C6	27	ADD      r6,r10,r6,LSL #3	false	
Instruction	3061	S:0xC00359A2	0xE9D6890C	26	LDRD     r8,r9,[r6,#0x30]	false	
Instruction	3062	S:0xC00359A6	0x6930	2	LDR      r0,[r6,#0x10]	false	
Instruction	3063	S:0xC00359A8	0xEB140408	1	ADDS     r4,r4,r8	false	
Instruction	3064	S:0xC00359AC	0xEB450509	1	ADC      r5,r5,r9	false	
Instruction	3065	S:0xC00359B0	0xE9CD450E	1	STRD     r4,r5,[sp,#0x38]	false	
Instruction	3066	S:0xC00359B4	0xB1A0	1	CBZ      r0,{pc}+0x2c ; 0xc00359e0	true	fail
Instruction	3067	S:0xC00359B6	0xE9D02306	20	LDRD     r2,r3,[r0,#0x18]	false	
Instruction	3068	S:0xC00359BA	0x4294	2	CMP      r4,r2	false	
Instruction	3069	S:0xC00359BC	0xEB750103	1	SBCS     r1,r5,r3	false	
Instruction	3070	S:0xC00359C0	0xDA08	1	BGE      {pc}+0x14 ; 0xc00359d4	true	
Instruction	3071	S:0xC00359D4	0xA90E	4	ADD      r1,sp,#0x38	false	
Instruction	3072	S:0xC00359D6	0xF7FFFB6B	1	BL       {pc}-0x926 ; 0xc00350b0	true	
Instruction	3073	S:0xC00350B0	0xE92D43F0	17	PUSH     {r4-r9,lr}	false	
Instruction	3074	S:0xC00350B4	0xB083	4	SUB      sp,sp,#0xc	false	
Instruction	3075	S:0xC00350B6	0xB500	3	PUSH     {lr}	false	
Instruction	3076	S:0xC00350B8	0xF85DEB04	2	POP      {lr}	false	
Instruction	3077	S:0xC00350BC	0x6A47	1	LDR      r7,[r0,#0x24]	false	
Instruction	3078	S:0xC00350BE	0x4604	0	MOV      r4,r0	false	
Instruction	3079	S:0xC00350C0	0x4688	59	MOV      r8,r1	false	
Instruction	3080	S:0xC00350C2	0x683E	1	LDR      r6,[r7,#0]	false	
Instruction	3081	S:0xC00350C4	0xF3EF8300	1	MRS      r3,APSR ; formerly CPSR	false	
Instruction	3082	S:0xC00350C8	0x0618	3	LSLS     r0,r3,#24	false	
Instruction	3083	S:0xC00350CA	0xD56E	0	BPL      {pc}+0xe0 ; 0xc00351aa	true	fail
Instruction	3084	S:0xC00350CC	0x4B40	14	LDR      r3,[pc,#256] ; [0xC00351D0] = 0xC0635E28	false	
Instruction	3085	S:0xC00350CE	0x685A	13	LDR      r2,[r3,#4]	false	
Instruction	3086	S:0xC00350D0	0x2A00	2	CMP      r2,#0	false	
Instruction	3087	S:0xC00350D2	0xD15D	0	BNE      {pc}+0xbe ; 0xc0035190	true	fail
Instruction	3088	S:0xC00350D4	0x2300	1	MOVS     r3,#0	false	
Instruction	3089	S:0xC00350D6	0x4620	0	MOV      r0,r4	false	
Instruction	3090	S:0xC00350D8	0x4639	1	MOV      r1,r7	false	
Instruction	3091	S:0xC00350DA	0x2202	0	MOVS     r2,#2	false	
Instruction	3092	S:0xC00350DC	0xF7FFFFA0	1	BL       {pc}-0xbc ; 0xc0035020	true	
Instruction	3093	S:0xC0035020	0xE92D4F70	46	PUSH     {r4-r6,r8-r11,lr}	false	
Instruction	3094	S:0xC0035024	0xB500	7	PUSH     {lr}	false	
Instruction	3095	S:0xC0035026	0xF85DEB04	2	POP      {lr}	false	
Instruction	3096	S:0xC003502A	0x468B	0	MOV      r11,r1	false	
Instruction	3097	S:0xC003502C	0x6A81	1	LDR      r1,[r0,#0x28]	false	
Instruction	3098	S:0xC003502E	0x4616	0	MOV      r6,r2	false	
Instruction	3099	S:0xC0035030	0x4682	1	MOV      r10,r0	false	
Instruction	3100	S:0xC0035032	0x461C	0	MOV      r4,r3	false	
Instruction	3101	S:0xC0035034	0x07CA	2	LSLS     r2,r1,#31	false	
Instruction	3102	S:0xC0035036	0xD403	0	BMI      {pc}+0xa ; 0xc0035040	true	
Instruction	3103	S:0xC0035040	0xF8DB5010	50	LDR      r5,[r11,#0x10]	false	
Instruction	3104	S:0xC0035044	0xF10B000C	0	ADD      r0,r11,#0xc	false	
Instruction	3105	S:0xC0035048	0x4651	1	MOV      r1,r10	false	
Instruction	3106	S:0xC003504A	0xF221FF6B	0	BL       {pc}+0x221eda ; 0xc0256f24	true	
Cycle Count				185	Tracing disabled		
Info					Tracing enabled		
Instruction	3107	S:0xC003504E	0x45AA	1	CMP      r10,r5	false	
Instruction	3108	S:0xC0035050	0xD00F	1	BEQ      {pc}+0x22 ; 0xc0035072	true	
Instruction	3109	S:0xC0035072	0x2C00	23	CMP      r4,#0	false	
Instruction	3110	S:0xC0035074	0xD0ED	0	BEQ      {pc}-0x22 ; 0xc0035052	true	
Instruction	3111	S:0xC0035052	0xF8DB3010	26	LDR      r3,[r11,#0x10]	false	
Instruction	3112	S:0xC0035056	0x2B00	2	CMP      r3,#0	false	
Instruction	3113	S:0xC0035058	0xD1EE	1	BNE      {pc}-0x20 ; 0xc0035038	true	
Instruction	3114	S:0xC0035038	0xF8CA6028	8	STR      r6,[r10,#0x28]	false	
Instruction	3115	S:0xC003503C	0xE8BD8F70	1	POP      {r4-r6,r8-r11,pc}	true	
Instruction	3116	S:0xC00350E0	0x4B3C	4	LDR      r3,[pc,#240] ; [0xC00351D4] = 0xC05FC5AC	false	
Instruction	3117	S:0xC00350E2	0x681B	16	LDR      r3,[r3,#0]	false	
Instruction	3118	S:0xC00350E4	0x2B00	2	CMP      r3,#0	false	
Instruction	3119	S:0xC00350E6	0xD147	0	BNE      {pc}+0x92 ; 0xc0035178	true	fail
Instruction	3120	S:0xC00350E8	0xF8D49020	1	LDR      r9,[r4,#0x20]	false	
Instruction	3121	S:0xC00350EC	0xF3BF8F5F	1	DMB      	false	
Instruction	3122	S:0xC00350F0	0x8833	29	LDRH     r3,[r6,#0]	false	
Instruction	3123	S:0xC00350F2	0x3301	2	ADDS     r3,#1	false	
Instruction	3124	S:0xC00350F4	0x8033	1	STRH     r3,[r6,#0]	false	
Instruction	3125	S:0xC00350F6	0xF3BF8F4F	74	DSB      	false	
Instruction	3126	S:0xC00350FA	0xF3AF8004	1	SEV.W    	false	
Instruction	3127	S:0xC00350FE	0x4B36	3	LDR      r3,[pc,#216] ; [0xC00351D8] = 0xC0635E50	false	
Instruction	3128	S:0xC0035100	0x685A	13	LDR      r2,[r3,#4]	false	
Instruction	3129	S:0xC0035102	0x2A00	2	CMP      r2,#0	false	
Instruction	3130	S:0xC0035104	0xD12A	0	BNE      {pc}+0x58 ; 0xc003515c	true	fail
Instruction	3131	S:0xC0035106	0x4620	1	MOV      r0,r4	false	
Instruction	3132	S:0xC0035108	0x47C8	1	BLX      r9	true	
Instruction	3133	S:0xC0055728	0xB5F0	22	PUSH     {r4-r7,lr}	false	
Instruction	3134	S:0xC005572A	0xB085	3	SUB      sp,sp,#0x14	false	
Instruction	3135	S:0xC005572C	0xB500	3	PUSH     {lr}	false	
Instruction	3136	S:0xC005572E	0xF85DEB04	2	POP      {lr}	false	
Instruction	3137	S:0xC0055732	0x4606	0	MOV      r6,r0	false	
Instruction	3138	S:0xC0055734	0xA802	1	ADD      r0,sp,#8	false	
Instruction	3139	S:0xC0055736	0x4B0F	14	LDR      r3,[pc,#60] ; [0xC0055774] = 0xC05F1F34	false	
Instruction	3140	S:0xC0055738	0xEE1D2F90	1	MRC      p15,#0x0,r2,c13,c0,#4	false	
Instruction	3141	S:0xC005573C	0x58D7	6	LDR      r7,[r2,r3]	false	
Instruction	3142	S:0xC005573E	0xF7F9FEF5	1	BL       {pc}-0x6212 ; 0xc004f52c	true	
Instruction	3143	S:0xC004F52C	0xE92D4FF0	2	PUSH     {r4-r11,lr}	false	
Instruction	3144	S:0xC004F530	0xB08B	6	SUB      sp,sp,#0x2c	false	
Instruction	3145	S:0xC004F532	0xB500	3	PUSH     {lr}	false	
Instruction	3146	S:0xC004F534	0xF85DEB04	2	POP      {lr}	false	
Instruction	3147	S:0xC004F538	0x4B3D	19	LDR      r3,[pc,#244] ; [0xC004F630] = 0xC05FC59C	false	
Instruction	3148	S:0xC004F53A	0x4682	0	MOV      r10,r0	false	
Instruction	3149	S:0xC004F53C	0x681B	3	LDR      r3,[r3,#0]	false	
Instruction	3150	S:0xC004F53E	0x2B00	2	CMP      r3,#0	false	
Instruction	3151	S:0xC004F540	0xD16F	0	BNE      {pc}+0xe2 ; 0xc004f622	true	fail
Instruction	3152	S:0xC004F542	0xF8DF90F4	1	LDR      r9,[pc,#244] ; [0xC004F638] = 0xC064D1C0	false	
Instruction	3153	S:0xC004F546	0xF8DFB0F0	2	LDR      r11,[pc,#240] ; [0xC004F638] = 0xC064D1C0	false	
Instruction	3154	S:0xC004F54A	0x464F	1	MOV      r7,r9	false	
Instruction	3155	S:0xC004F54C	0xF8D75090	3	LDR      r5,[r7,#0x90]	false	
Instruction	3156	S:0xC004F550	0x07EA	3	LSLS     r2,r5,#31	false	
Instruction	3157	S:0xC004F552	0xD46C	0	BMI      {pc}+0xdc ; 0xc004f62e	true	fail
Instruction	3158	S:0xC004F554	0xF3BF8F5F	1	DMB      	false	
Instruction	3159	S:0xC004F558	0xF8DB6000	59	LDR      r6,[r11,#0]	false	
Instruction	3160	S:0xC004F55C	0xF8DB4054	3	LDR      r4,[r11,#0x54]	false	
Instruction	3161	S:0xC004F560	0xE9DB230E	1	LDRD     r2,r3,[r11,#0x38]	false	
Instruction	3162	S:0xC004F564	0x4630	1	MOV      r0,r6	false	
Instruction	3163	S:0xC004F566	0x6831	1	LDR      r1,[r6,#0]	false	
Instruction	3164	S:0xC004F568	0x1912	1	ADDS     r2,r2,r4	false	
Instruction	3165	S:0xC004F56A	0xEB4373E4	1	ADC      r3,r3,r4,ASR #31	false	
Instruction	3166	S:0xC004F56E	0xE9CD2306	3	STRD     r2,r3,[sp,#0x18]	false	
Instruction	3167	S:0xC004F572	0x4788	1	BLX      r1	true	
Timestamp					Timestamp: 562536983829		
Cycle Count				34	Tracing disabled		
Info					Tracing enabled		
Instruction	3168	S:0xC004F574	0xE9D62302	1	LDRD     r2,r3,[r6,#8]	false	
Instruction	3169	S:0xC004F578	0xF8DBC004	1	LDR      r12,[r11,#4]	false	
Instruction	3170	S:0xC004F57C	0xF8DB4008	1	LDR      r4,[r11,#8]	false	
Instruction	3171	S:0xC004F580	0xE9CD2300	1	STRD     r2,r3,[sp,#0]	false	
Instruction	3172	S:0xC004F584	0xE9D62304	1	LDRD     r2,r3,[r6,#0x10]	false	
Instruction	3173	S:0xC004F588	0xF8DB6058	1	LDR      r6,[r11,#0x58]	false	
Instruction	3174	S:0xC004F58C	0xE9CD2308	1	STRD     r2,r3,[sp,#0x20]	false	
Instruction	3175	S:0xC004F590	0xE9DB2310	1	LDRD     r2,r3,[r11,#0x40]	false	
Instruction	3176	S:0xC004F594	0x9604	1	STR      r6,[sp,#0x10]	false	
Instruction	3177	S:0xC004F596	0xE9CD2302	1	STRD     r2,r3,[sp,#8]	false	
Instruction	3178	S:0xC004F59A	0x17F3	1	ASRS     r3,r6,#31	false	
Instruction	3179	S:0xC004F59C	0x9305	1	STR      r3,[sp,#0x14]	false	
Instruction	3180	S:0xC004F59E	0xF1C40620	9	RSB      r6,r4,#0x20	false	
Instruction	3181	S:0xC004F5A2	0xE9DD2300	1	LDRD     r2,r3,[sp,#0]	false	
Instruction	3182	S:0xC004F5A6	0x1A80	2	SUBS     r0,r0,r2	false	
Instruction	3183	S:0xC004F5A8	0xEB610103	1	SBC      r1,r1,r3	false	
Instruction	3184	S:0xC004F5AC	0xE9DD2308	1	LDRD     r2,r3,[sp,#0x20]	false	
Instruction	3185	S:0xC004F5B0	0x4010	2	ANDS     r0,r0,r2	false	
Instruction	3186	S:0xC004F5B2	0x4019	1	ANDS     r1,r1,r3	false	
Instruction	3187	S:0xC004F5B4	0xFBA0230C	1	UMULL    r2,r3,r0,r12	false	
Instruction	3188	S:0xC004F5B8	0xFB0C3301	2	MLA      r3,r12,r1,r3	false	
Instruction	3189	S:0xC004F5BC	0xE9DD0102	1	LDRD     r0,r1,[sp,#8]	false	
Instruction	3190	S:0xC004F5C0	0x1880	10	ADDS     r0,r0,r2	false	
Instruction	3191	S:0xC004F5C2	0xEB410103	1	ADC      r1,r1,r3	false	
Instruction	3192	S:0xC004F5C6	0xF1B40320	1	SUBS     r3,r4,#0x20	false	
Instruction	3193	S:0xC004F5CA	0xE9CD0102	1	STRD     r0,r1,[sp,#8]	false	
Instruction	3194	S:0xC004F5CE	0xFA20F804	1	LSR      r8,r0,r4	false	
Instruction	3195	S:0xC004F5D2	0xFA41F303	1	ASR      r3,r1,r3	false	
Instruction	3196	S:0xC004F5D6	0x9903	1	LDR      r1,[sp,#0xc]	false	
Instruction	3197	S:0xC004F5D8	0x9A03	1	LDR      r2,[sp,#0xc]	false	
Instruction	3198	S:0xC004F5DA	0xFA01F606	2	LSL      r6,r1,r6	false	
Instruction	3199	S:0xC004F5DE	0xEA480806	14	ORR      r8,r8,r6	false	
Instruction	3200	S:0xC004F5E2	0xFA42F904	1	ASR      r9,r2,r4	false	
Instruction	3201	S:0xC004F5E6	0xBF58	1	IT       PL	false	
Instruction	3202	S:0xC004F5E8	0xEA480803	1	ORR      r8,r8,r3	false	fail
Instruction	3203	S:0xC004F5EC	0xE9DD2304	1	LDRD     r2,r3,[sp,#0x10]	false	
Instruction	3204	S:0xC004F5F0	0xEB120208	2	ADDS     r2,r2,r8	false	
Instruction	3205	S:0xC004F5F4	0xEB430309	1	ADC      r3,r3,r9	false	
Instruction	3206	S:0xC004F5F8	0xF3BF8F5F	1	DMB      	false	
Instruction	3207	S:0xC004F5FC	0xF8D71090	28	LDR      r1,[r7,#0x90]	false	
Instruction	3208	S:0xC004F600	0x428D	2	CMP      r5,r1	false	
Instruction	3209	S:0xC004F602	0xD1A3	0	BNE      {pc}-0xb6 ; 0xc004f54c	true	fail
Instruction	3210	S:0xC004F604	0x461D	1	MOV      r5,r3	false	
Instruction	3211	S:0xC004F606	0x9906	1	LDR      r1,[sp,#0x18]	false	
Instruction	3212	S:0xC004F608	0xF44F434A	0	MOV      r3,#0xca00	false	
Instruction	3213	S:0xC004F60C	0x4614	1	MOV      r4,r2	false	
Instruction	3214	S:0xC004F60E	0xF6C3339A	0	MOVT     r3,#0x3b9a	false	
Instruction	3215	S:0xC004F612	0x4650	1	MOV      r0,r10	false	
Instruction	3216	S:0xC004F614	0xFBC34501	1	SMLAL    r4,r5,r3,r1	false	
Instruction	3217	S:0xC004F618	0xE9CA4500	1	STRD     r4,r5,[r10,#0]	false	
Instruction	3218	S:0xC004F61C	0xB00B	1	ADD      sp,sp,#0x2c	false	
Instruction	3219	S:0xC004F61E	0xE8BD8FF0	3	POP      {r4-r11,pc}	true	
Instruction	3220	S:0xC0055742	0xE9DD4502	7	LDRD     r4,r5,[sp,#8]	false	
Instruction	3221	S:0xC0055746	0x4620	2	MOV      r0,r4	false	
Instruction	3222	S:0xC0055748	0x4629	1	MOV      r1,r5	false	
Instruction	3223	S:0xC005574A	0xF7FFFF8D	0	BL       {pc}-0xe2 ; 0xc0055668	true	
Instruction	3224	S:0xC0055668	0xB418	1	PUSH     {r3,r4}	false	
Instruction	3225	S:0xC005566A	0xB500	1	PUSH     {lr}	false	
Instruction	3226	S:0xC005566C	0xF85DEB04	2	POP      {lr}	false	
Instruction	3227	S:0xC0055670	0x466B	1	MOV      r3,sp	false	
Instruction	3228	S:0xC0055672	0x4A09	26	LDR      r2,[pc,#36] ; [0xC0055698] = 0xC05FC5A4	false	
Instruction	3229	S:0xC0055674	0xF42354FF	0	BIC      r4,r3,#0x1fe0	false	
Instruction	3230	S:0xC0055678	0xF024041F	1	BIC      r4,r4,#0x1f	false	
Instruction	3231	S:0xC005567C	0x6813	2	LDR      r3,[r2,#0]	false	
Instruction	3232	S:0xC005567E	0x6964	3	LDR      r4,[r4,#0x14]	false	
Instruction	3233	S:0xC0055680	0xF1B33FFF	1	CMP      r3,#0xffffffff	false	
Instruction	3234	S:0xC0055684	0xBF08	0	IT       EQ	false	
Instruction	3235	S:0xC0055686	0x6014	2	STR      r4,[r2,#0]	false	fail
Instruction	3236	S:0xC0055688	0xD003	0	BEQ      {pc}+0xa ; 0xc0055692	true	fail
Instruction	3237	S:0xC005568A	0x429C	1	CMP      r4,r3	false	
Instruction	3238	S:0xC005568C	0xD001	0	BEQ      {pc}+6 ; 0xc0055692	true	fail
Instruction	3239	S:0xC005568E	0xBC18	1	POP      {r3,r4}	false	
Instruction	3240	S:0xC0055690	0x4770	1	BX       lr	true	
Instruction	3241	S:0xC005574E	0xB11F	11	CBZ      r7,{pc}+0xa ; 0xc0055758	true	fail
Instruction	3242	S:0xC0055750	0x4639	1	MOV      r1,r7	false	
Instruction	3243	S:0xC0055752	0x4630	0	MOV      r0,r6	false	
Instruction	3244	S:0xC0055754	0xF7FFFEEE	1	BL       {pc}-0x220 ; 0xc0055534	true	
Instruction	3245	S:0xC0055534	0xB508	34	PUSH     {r3,lr}	false	
Instruction	3246	S:0xC0055536	0xB500	1	PUSH     {lr}	false	
Instruction	3247	S:0xC0055538	0xF85DEB04	2	POP      {lr}	false	
Instruction	3248	S:0xC005553C	0x6DC3	14	LDR      r3,[r0,#0x5c]	false	
Instruction	3249	S:0xC005553E	0xB15B	2	CBZ      r3,{pc}+0x1a ; 0xc0055558	true	
Instruction	3250	S:0xC0055558	0x6C0B	26	LDR      r3,[r1,#0x40]	false	
Instruction	3251	S:0xC005555A	0xF0130F0F	2	TST      r3,#0xf	false	
Instruction	3252	S:0xC005555E	0xBF14	1	ITE      NE	false	
Instruction	3253	S:0xC0055560	0x2000	1	MOVS     r0,#0	false	fail
Instruction	3254	S:0xC0055562	0x2001	0	MOVS     r0,#1	false	
Instruction	3255	S:0xC0055564	0xF7D0FEDE	1	BL       {pc}-0x2f240 ; 0xc0026324	true	
Instruction	3256	S:0xC0026324	0xB5F8	18	PUSH     {r3-r7,lr}	false	
Instruction	3257	S:0xC0026326	0xB500	5	PUSH     {lr}	false	
Instruction	3258	S:0xC0026328	0xF85DEB04	2	POP      {lr}	false	
Instruction	3259	S:0xC002632C	0x466B	1	MOV      r3,sp	false	
Instruction	3260	S:0xC002632E	0xF42354FF	1	BIC      r4,r3,#0x1fe0	false	
Instruction	3261	S:0xC0026332	0x4601	0	MOV      r1,r0	false	
Instruction	3262	S:0xC0026334	0xF024041F	1	BIC      r4,r4,#0x1f	false	
Instruction	3263	S:0xC0026338	0x4606	0	MOV      r6,r0	false	
Instruction	3264	S:0xC002633A	0x68E5	3	LDR      r5,[r4,#0xc]	false	
Instruction	3265	S:0xC002633C	0x6967	1	LDR      r7,[r4,#0x14]	false	
Instruction	3266	S:0xC002633E	0x4628	1	MOV      r0,r5	false	
Instruction	3267	S:0xC0026340	0xF019F95A	5	BL       {pc}+0x192b8 ; 0xc003f5f8	true	
Instruction	3268	S:0xC003F5F8	0xB430	19	PUSH     {r4,r5}	false	
Instruction	3269	S:0xC003F5FA	0xB500	1	PUSH     {lr}	false	
Instruction	3270	S:0xC003F5FC	0xF85DEB04	2	POP      {lr}	false	
Instruction	3271	S:0xC003F600	0x4604	16	MOV      r4,r0	false	
Instruction	3272	S:0xC003F602	0x4B14	28	LDR      r3,[pc,#80] ; [0xC003F654] = 0xC05F3080	false	
Instruction	3273	S:0xC003F604	0xEE1D2F90	1	MRC      p15,#0x0,r2,c13,c0,#4	false	
Instruction	3274	S:0xC003F608	0x18D3	4	ADDS     r3,r2,r3	false	
Instruction	3275	S:0xC003F60A	0x2900	0	CMP      r1,#0	false	
Instruction	3276	S:0xC003F60C	0xD11C	1	BNE      {pc}+0x3c ; 0xc003f648	true	
Instruction	3277	S:0xC003F648	0x2101	40	MOVS     r1,#1	false	
Instruction	3278	S:0xC003F64A	0x460A	1	MOV      r2,r1	false	
Instruction	3279	S:0xC003F64C	0xBC30	1	POP      {r4,r5}	false	
Instruction	3280	S:0xC003F64E	0xF7FFBE73	1	B.W      {pc}-0x316 ; 0xc003f338	true	
Instruction	3281	S:0xC003F338	0xB570	16	PUSH     {r4-r6,lr}	false	
Instruction	3282	S:0xC003F33A	0xB500	4	PUSH     {lr}	false	
Instruction	3283	S:0xC003F33C	0xF85DEB04	2	POP      {lr}	false	
Instruction	3284	S:0xC003F340	0x460E	11	MOV      r6,r1	false	
Instruction	3285	S:0xC003F342	0xF8D053D4	13	LDR      r5,[r0,#0x3d4]	false	
Instruction	3286	S:0xC003F346	0x4604	1	MOV      r4,r0	false	
Instruction	3287	S:0xC003F348	0xF8D032B8	54	LDR      r3,[r0,#0x2b8]	false	
Instruction	3288	S:0xC003F34C	0xF8D012B0	1	LDR      r1,[r0,#0x2b0]	false	
Instruction	3289	S:0xC003F350	0x189A	1	ADDS     r2,r3,r2	false	
Instruction	3290	S:0xC003F352	0xF8C022B8	1	STR      r2,[r0,#0x2b8]	false	
Instruction	3291	S:0xC003F356	0x1989	1	ADDS     r1,r1,r6	false	
Instruction	3292	S:0xC003F358	0xF8C012B0	1	STR      r1,[r0,#0x2b0]	false	
Instruction	3293	S:0xC003F35C	0xF8D530D8	15	LDR      r3,[r5,#0xd8]	false	
Instruction	3294	S:0xC003F360	0xB19B	2	CBZ      r3,{pc}+0x2a ; 0xc003f38a	true	
Instruction	3295	S:0xC003F38A	0x6A61	2	LDR      r1,[r4,#0x24]	false	
Instruction	3296	S:0xC003F38C	0xEE1D2F90	1	MRC      p15,#0x0,r2,c13,c0,#4	false	
Instruction	3297	S:0xC003F390	0x3978	1	SUBS     r1,r1,#0x78	false	
Instruction	3298	S:0xC003F392	0x4B08	11	LDR      r3,[pc,#32] ; [0xC003F3B4] = 0xC05F0768	false	
Instruction	3299	S:0xC003F394	0x2900	0	CMP      r1,#0	false	
Instruction	3300	S:0xC003F396	0xBFD4	1	ITE      LE	false	
Instruction	3301	S:0xC003F398	0x2100	1	MOVS     r1,#0	false	
Instruction	3302	S:0xC003F39A	0x2101	0	MOVS     r1,#1	false	fail
Instruction	3303	S:0xC003F39C	0x18D3	1	ADDS     r3,r2,r3	false	
Instruction	3304	S:0xC003F39E	0xEB0301C1	1	ADD      r1,r3,r1,LSL #3	false	
Instruction	3305	S:0xC003F3A2	0xE9D12300	3	LDRD     r2,r3,[r1,#0]	false	
Instruction	3306	S:0xC003F3A6	0x1992	2	ADDS     r2,r2,r6	false	
Instruction	3307	S:0xC003F3A8	0xF1430300	1	ADC      r3,r3,#0	false	
Instruction	3308	S:0xC003F3AC	0xE9C12300	1	STRD     r2,r3,[r1,#0]	false	
Instruction	3309	S:0xC003F3B0	0xBD70	1	POP      {r4-r6,pc}	true	
Instruction	3310	S:0xC0026344	0xF7FFFFE2	5	BL       {pc}-0x38 ; 0xc002630c	true	
Instruction	3311	S:0xC002630C	0xB508	19	PUSH     {r3,lr}	false	
Instruction	3312	S:0xC002630E	0xB500	1	PUSH     {lr}	false	
Instruction	3313	S:0xC0026310	0xF85DEB04	2	POP      {lr}	false	
Instruction	3314	S:0xC0026314	0xF00FFC92	1	BL       {pc}+0xf928 ; 0xc0035c3c	true	
Instruction	3315	S:0xC0035C3C	0xE92D47F0	58	PUSH     {r4-r10,lr}	false	
Instruction	3316	S:0xC0035C40	0xB08A	23	SUB      sp,sp,#0x28	false	
Instruction	3317	S:0xC0035C42	0xB500	3	PUSH     {lr}	false	
Instruction	3318	S:0xC0035C44	0xF85DEB04	2	POP      {lr}	false	
Instruction	3319	S:0xC0035C48	0x4E44	15	LDR      r6,[pc,#272] ; [0xC0035D5C] = 0xC05F0640	false	
Instruction	3320	S:0xC0035C4A	0xEE1D2F90	1	MRC      p15,#0x0,r2,c13,c0,#4	false	
Instruction	3321	S:0xC0035C4E	0xF1060318	1	ADD      r3,r6,#0x18	false	
Instruction	3322	S:0xC0035C52	0x58D3	14	LDR      r3,[r2,r3]	false	
Instruction	3323	S:0xC0035C54	0x2B00	2	CMP      r3,#0	false	
Instruction	3324	S:0xC0035C56	0xD13C	0	BNE      {pc}+0x7c ; 0xc0035cd2	true	
Instruction	3325	S:0xC0035CD2	0xB00A	1	ADD      sp,sp,#0x28	false	
Instruction	3326	S:0xC0035CD4	0xE8BD87F0	3	POP      {r4-r10,pc}	true	
Instruction	3327	S:0xC0026318	0x2001	4	MOVS     r0,#1	false	
Instruction	3328	S:0xC002631A	0xE8BD4008	2	POP      {r3,lr}	false	
Instruction	3329	S:0xC002631E	0xF7FBB8AF	1	B        {pc}-0x4e9e ; 0xc0021480	true	
Instruction	3330	S:0xC0021480	0xB510	15	PUSH     {r4,lr}	false	
Instruction	3331	S:0xC0021482	0xB500	1	PUSH     {lr}	false	
Instruction	3332	S:0xC0021484	0xF85DEB04	2	POP      {lr}	false	
Instruction	3333	S:0xC0021488	0xF3EF8400	1	MRS      r4,APSR ; formerly CPSR	false	
Instruction	3334	S:0xC002148C	0xB672	1	CPSID    i	false	
Instruction	3335	S:0xC002148E	0xF7FFFEF1	1	BL       {pc}-0x21a ; 0xc0021274	true	
Instruction	3336	S:0xC0021274	0xB538	14	PUSH     {r3-r5,lr}	false	
Instruction	3337	S:0xC0021276	0xB500	4	PUSH     {lr}	false	
Instruction	3338	S:0xC0021278	0xF85DEB04	2	POP      {lr}	false	
Instruction	3339	S:0xC002127C	0x4605	0	MOV      r5,r0	false	
Instruction	3340	S:0xC002127E	0x4B0F	17	LDR      r3,[pc,#60] ; [0xC00212BC] = 0xC0635D24	false	
Instruction	3341	S:0xC0021280	0x6ADA	6	LDR      r2,[r3,#0x2c]	false	
Instruction	3342	S:0xC0021282	0xB972	2	CBNZ     r2,{pc}+0x20 ; 0xc00212a2	true	fail
Instruction	3343	S:0xC0021284	0x466A	1	MOV      r2,sp	false	
Instruction	3344	S:0xC0021286	0x2101	0	MOVS     r1,#1	false	
Instruction	3345	S:0xC0021288	0xF42253FF	1	BIC      r3,r2,#0x1fe0	false	
Instruction	3346	S:0xC002128C	0x4A0C	12	LDR      r2,[pc,#48] ; [0xC00212C0] = 0xC06498C0	false	
Instruction	3347	S:0xC002128E	0xF023031F	0	BIC      r3,r3,#0x1f	false	
Instruction	3348	S:0xC0021292	0xFA01F505	1	LSL      r5,r1,r5	false	
Instruction	3349	S:0xC0021296	0x695B	2	LDR      r3,[r3,#0x14]	false	
Instruction	3350	S:0xC0021298	0x019B	3	LSLS     r3,r3,#6	false	
Instruction	3351	S:0xC002129A	0x58D1	18	LDR      r1,[r2,r3]	false	
Instruction	3352	S:0xC002129C	0x4329	2	ORRS     r1,r1,r5	false	
Instruction	3353	S:0xC002129E	0x50D1	1	STR      r1,[r2,r3]	false	
Instruction	3354	S:0xC00212A0	0xBD38	1	POP      {r3-r5,pc}	true	
Instruction	3355	S:0xC0021492	0x466A	2	MOV      r2,sp	false	
Instruction	3356	S:0xC0021494	0xF42253FF	1	BIC      r3,r2,#0x1fe0	false	
Instruction	3357	S:0xC0021498	0xF023031F	1	BIC      r3,r3,#0x1f	false	
Instruction	3358	S:0xC002149C	0x685B	3	LDR      r3,[r3,#4]	false	
Instruction	3359	S:0xC002149E	0xF0234378	2	BIC      r3,r3,#0xf8000000	false	
Instruction	3360	S:0xC00214A2	0xF02303FF	1	BIC      r3,r3,#0xff	false	
Instruction	3361	S:0xC00214A6	0xB113	1	CBZ      r3,{pc}+8 ; 0xc00214ae	true	fail
Instruction	3362	S:0xC00214A8	0xF3848100	10	MSR      CPSR_c,r4	false	
Instruction	3363	S:0xC00214AC	0xBD10	5	POP      {r4,pc}	true	
Instruction	3364	S:0xC0026348	0x4638	1	MOV      r0,r7	false	
Instruction	3365	S:0xC002634A	0x4631	0	MOV      r1,r6	false	
Instruction	3366	S:0xC002634C	0xF04AFA1A	1	BL       {pc}+0x4a438 ; 0xc0070784	true	
Cycle Count				1081	Tracing disabled		
Info					Tracing enabled		
Instruction	3367	S:0xC0021480	0xB510	1	PUSH     {r4,lr}	false	
Instruction	3368	S:0xC0021482	0xB500	1	PUSH     {lr}	false	
Instruction	3369	S:0xC0021484	0xF85DEB04	2	POP      {lr}	false	
Instruction	3370	S:0xC0021488	0xF3EF8400	1	MRS      r4,APSR ; formerly CPSR	false	
Instruction	3371	S:0xC002148C	0xB672	1	CPSID    i	false	
Instruction	3372	S:0xC002148E	0xF7FFFEF1	1	BL       {pc}-0x21a ; 0xc0021274	true	
Instruction	3373	S:0xC0021274	0xB538	1	PUSH     {r3-r5,lr}	false	
Instruction	3374	S:0xC0021276	0xB500	4	PUSH     {lr}	false	
Instruction	3375	S:0xC0021278	0xF85DEB04	2	POP      {lr}	false	
Instruction	3376	S:0xC002127C	0x4605	0	MOV      r5,r0	false	
Instruction	3377	S:0xC002127E	0x4B0F	2	LDR      r3,[pc,#60] ; [0xC00212BC] = 0xC0635D24	false	
Instruction	3378	S:0xC0021280	0x6ADA	6	LDR      r2,[r3,#0x2c]	false	
Instruction	3379	S:0xC0021282	0xB972	2	CBNZ     r2,{pc}+0x20 ; 0xc00212a2	true	fail
Instruction	3380	S:0xC0021284	0x466A	8	MOV      r2,sp	false	
Instruction	3381	S:0xC0021286	0x2101	0	MOVS     r1,#1	false	
Instruction	3382	S:0xC0021288	0xF42253FF	1	BIC      r3,r2,#0x1fe0	false	
Instruction	3383	S:0xC002128C	0x4A0C	1	LDR      r2,[pc,#48] ; [0xC00212C0] = 0xC06498C0	false	
Instruction	3384	S:0xC002128E	0xF023031F	1	BIC      r3,r3,#0x1f	false	
Instruction	3385	S:0xC0021292	0xFA01F505	1	LSL      r5,r1,r5	false	
Instruction	3386	S:0xC0021296	0x695B	2	LDR      r3,[r3,#0x14]	false	
Instruction	3387	S:0xC0021298	0x019B	3	LSLS     r3,r3,#6	false	
Instruction	3388	S:0xC002129A	0x58D1	5	LDR      r1,[r2,r3]	false	
Instruction	3389	S:0xC002129C	0x4329	2	ORRS     r1,r1,r5	false	
Instruction	3390	S:0xC002129E	0x50D1	1	STR      r1,[r2,r3]	false	
Instruction	3391	S:0xC00212A0	0xBD38	3	POP      {r3-r5,pc}	true	
Instruction	3392	S:0xC0021492	0x466A	4	MOV      r2,sp	false	
Instruction	3393	S:0xC0021494	0xF42253FF	1	BIC      r3,r2,#0x1fe0	false	
Instruction	3394	S:0xC0021498	0xF023031F	1	BIC      r3,r3,#0x1f	false	
Instruction	3395	S:0xC002149C	0x685B	3	LDR      r3,[r3,#4]	false	
Instruction	3396	S:0xC002149E	0xF0234378	2	BIC      r3,r3,#0xf8000000	false	
Instruction	3397	S:0xC00214A2	0xF02303FF	1	BIC      r3,r3,#0xff	false	
Instruction	3398	S:0xC00214A6	0xB113	1	CBZ      r3,{pc}+8 ; 0xc00214ae	true	fail
Instruction	3399	S:0xC00214A8	0xF3848100	1	MSR      CPSR_c,r4	false	
Instruction	3400	S:0xC00214AC	0xBD10	5	POP      {r4,pc}	true	
Cycle Count				17	Tracing disabled		
Info					Tracing enabled		
Instruction	3401	S:0xC0026350	0x6862	1	LDR      r2,[r4,#4]	false	
Instruction	3402	S:0xC0026352	0x2300	0	MOVS     r3,#0	false	
Instruction	3403	S:0xC0026354	0xF2C033FF	1	MOVT     r3,#0x3ff	false	
Instruction	3404	S:0xC0026358	0x4013	1	ANDS     r3,r3,r2	false	
Instruction	3405	S:0xC002635A	0xB10B	1	CBZ      r3,{pc}+6 ; 0xc0026360	true	fail
Instruction	3406	S:0xC002635C	0xF05CFA84	1	BL       {pc}+0x5c50c ; 0xc0082868	true	
Cycle Count				173	Tracing disabled		
Info					Tracing enabled		
Instruction	3407	S:0xC0026360	0xF016FC22	1	BL       {pc}+0x16848 ; 0xc003cba8	true	
Instruction	3408	S:0xC003CBA8	0xE92D4FF0	20	PUSH     {r4-r11,lr}	false	
Instruction	3409	S:0xC003CBAC	0xB083	7	SUB      sp,sp,#0xc	false	
Instruction	3410	S:0xC003CBAE	0xAF00	1	ADD      r7,sp,#0	false	
Instruction	3411	S:0xC003CBB0	0xB500	2	PUSH     {lr}	false	
Instruction	3412	S:0xC003CBB2	0xF85DEB04	2	POP      {lr}	false	
Instruction	3413	S:0xC003CBB6	0x466A	1	MOV      r2,sp	false	
Instruction	3414	S:0xC003CBB8	0xF8DFA0F4	13	LDR      r10,[pc,#244] ; [0xC003CCB0] = 0xC05FD5C0	false	
Instruction	3415	S:0xC003CBBC	0xF42253FF	0	BIC      r3,r2,#0x1fe0	false	
Instruction	3416	S:0xC003CBC0	0xF8DF90F0	4	LDR      r9,[pc,#240] ; [0xC003CCB4] = 0xC05F3080	false	
Instruction	3417	S:0xC003CBC4	0xF023031F	0	BIC      r3,r3,#0x1f	false	
Instruction	3418	S:0xC003CBC8	0xF8DFB0EC	1	LDR      r11,[pc,#236] ; [0xC003CCB8] = 0xC05F60C0	false	
Instruction	3419	S:0xC003CBCC	0x464D	1	MOV      r5,r9	false	
Instruction	3420	S:0xC003CBCE	0x695E	1	LDR      r6,[r3,#0x14]	false	
Instruction	3421	S:0xC003CBD0	0xF85A8026	5	LDR      r8,[r10,r6,LSL #2]	false	
Instruction	3422	S:0xC003CBD4	0xEB050408	2	ADD      r4,r5,r8	false	
Instruction	3423	S:0xC003CBD8	0x4620	1	MOV      r0,r4	false	
Instruction	3424	S:0xC003CBDA	0xF8D4C460	27	LDR      r12,[r4,#0x460]	false	
Instruction	3425	S:0xC003CBDE	0xF8C7C004	3	STR      r12,[r7,#4]	false	
Instruction	3426	S:0xC003CBE2	0xF3A7FCE9	0	BL       {pc}+0x3a79d6 ; 0xc03e45b8	true	
Cycle Count				55	Tracing disabled		
Info					Tracing enabled		
Instruction	3427	S:0xC003CBE6	0x4620	1	MOV      r0,r4	false	
Instruction	3428	S:0xC003CBE8	0xF7FEFDCE	0	BL       {pc}-0x1460 ; 0xc003b788	true	
Instruction	3429	S:0xC003B788	0xE92D43C8	1	PUSH     {r3,r6-r9,lr}	false	
Instruction	3430	S:0xC003B78C	0xAF00	3	ADD      r7,sp,#0	false	
Instruction	3431	S:0xC003B78E	0xB500	25	PUSH     {lr}	false	
Instruction	3432	S:0xC003B790	0xF85DEB04	2	POP      {lr}	false	
Instruction	3433	S:0xC003B794	0x6AC3	2	LDR      r3,[r0,#0x2c]	false	
Instruction	3434	S:0xC003B796	0x4606	0	MOV      r6,r0	false	
Instruction	3435	S:0xC003B798	0x2B00	2	CMP      r3,#0	false	
Instruction	3436	S:0xC003B79A	0xDD01	0	BLE      {pc}+6 ; 0xc003b7a0	true	
Instruction	3437	S:0xC003B7A0	0xF8D004C0	112	LDR      r0,[r0,#0x4c0]	false	
Instruction	3438	S:0xC003B7A4	0xF003FD86	0	BL       {pc}+0x3b10 ; 0xc003f2b4	true	
Instruction	3439	S:0xC003F2B4	0x4B03	15	LDR      r3,[pc,#12] ; [0xC003F2C4] = 0xC05FC57C	false	
Instruction	3440	S:0xC003F2B6	0x6818	5	LDR      r0,[r3,#0]	false	
Instruction	3441	S:0xC003F2B8	0xB108	2	CBZ      r0,{pc}+6 ; 0xc003f2be	true	fail
Instruction	3442	S:0xC003F2BA	0xF7CFBD35	1	B        {pc}-0x30592 ; 0xc000ed28	true	
Instruction	3443	S:0xC000ED28	0xB508	1	PUSH     {r3,lr}	false	
Instruction	3444	S:0xC000ED2A	0xF24C43CC	1	MOV      r3,#0xc4cc	false	
Instruction	3445	S:0xC000ED2E	0xF2CC035F	1	MOVT     r3,#0xc05f	false	
Instruction	3446	S:0xC000ED32	0x689B	15	LDR      r3,[r3,#8]	false	
Instruction	3447	S:0xC000ED34	0x4798	1	BLX      r3	true	
Instruction	3448	S:0xC00113EC	0xF24A2340	23	MOV      r3,#0xa240	false	
Instruction	3449	S:0xC00113F0	0xF2CC0362	1	MOVT     r3,#0xc062	false	
Instruction	3450	S:0xC00113F4	0xB510	1	PUSH     {r4,lr}	false	
Instruction	3451	S:0xC00113F6	0x681B	6	LDR      r3,[r3,#0]	false	
Instruction	3452	S:0xC00113F8	0x4798	1	BLX      r3	true	
Timestamp					Timestamp: 562536984008		
Cycle Count				24	Tracing disabled		
Info					Tracing enabled		
Instruction	3453	S:0xC00113FA	0xF24C5320	1	MOV      r3,#0xc520	false	
Instruction	3454	S:0xC00113FE	0xF2CC035F	1	MOVT     r3,#0xc05f	false	
Instruction	3455	S:0xC0011402	0x681C	3	LDR      r4,[r3,#0]	false	
Instruction	3456	S:0xC0011404	0xFBA02304	3	UMULL    r2,r3,r0,r4	false	
Instruction	3457	S:0xC0011408	0x4610	2	MOV      r0,r2	false	
Instruction	3458	S:0xC001140A	0xFB043101	1	MLA      r1,r4,r1,r3	false	
Instruction	3459	S:0xC001140E	0xBD10	1	POP      {r4,pc}	true	
Instruction	3460	S:0xC000ED36	0xBD08	3	POP      {r3,pc}	true	
Instruction	3461	S:0xC003B7A8	0xF506638F	1	ADD      r3,r6,#0x478	false	
Instruction	3462	S:0xC003B7AC	0xF5066690	0	ADD      r6,r6,#0x480	false	
Instruction	3463	S:0xC003B7B0	0xE9D38900	3	LDRD     r8,r9,[r3,#0]	false	
Timestamp					Timestamp: 562536984011		
Instruction	3464	S:0xC003B7B4	0xE9C30100	1	STRD     r0,r1,[r3,#0]	false	
Instruction	3465	S:0xC003B7B8	0xE9D62300	1	LDRD     r2,r3,[r6,#0]	false	
Instruction	3466	S:0xC003B7BC	0xEBB20208	2	SUBS     r2,r2,r8	false	
Instruction	3467	S:0xC003B7C0	0xEB630309	4	SBC      r3,r3,r9	false	
Instruction	3468	S:0xC003B7C4	0x1812	1	ADDS     r2,r2,r0	false	
Instruction	3469	S:0xC003B7C6	0xEB430301	1	ADC      r3,r3,r1	false	
Instruction	3470	S:0xC003B7CA	0xE9C62300	1	STRD     r2,r3,[r6,#0]	false	
Instruction	3471	S:0xC003B7CE	0xE8BD83C8	1	POP      {r3,r6-r9,pc}	true	
Instruction	3472	S:0xC003CBEC	0xF8DB3000	22	LDR      r3,[r11,#0]	false	
Instruction	3473	S:0xC003CBF0	0x2201	1	MOVS     r2,#1	false	
Instruction	3474	S:0xC003CBF2	0x4620	0	MOV      r0,r4	false	
Instruction	3475	S:0xC003CBF4	0x6B21	1	LDR      r1,[r4,#0x30]	false	
Instruction	3476	S:0xC003CBF6	0x61E3	1	STR      r3,[r4,#0x1c]	false	
Instruction	3477	S:0xC003CBF8	0xF7FFF86A	1	BL       {pc}-0xf28 ; 0xc003bcd0	true	
Instruction	3478	S:0xC003BCD0	0xE92D0FF0	4	PUSH     {r4-r11}	false	
Instruction	3479	S:0xC003BCD4	0xB082	6	SUB      sp,sp,#8	false	
Instruction	3480	S:0xC003BCD6	0xAF00	1	ADD      r7,sp,#0	false	
Instruction	3481	S:0xC003BCD8	0xB500	2	PUSH     {lr}	false	
Instruction	3482	S:0xC003BCDA	0xF85DEB04	2	POP      {lr}	false	
Instruction	3483	S:0xC003BCDE	0xF8DF8094	18	LDR      r8,[pc,#148] ; [0xC003BD74] = 0xC03E7C64	false	
Instruction	3484	S:0xC003BCE2	0x3A01	0	SUBS     r2,#1	false	
Instruction	3485	S:0xC003BCE4	0x6B83	3	LDR      r3,[r0,#0x38]	false	
Instruction	3486	S:0xC003BCE6	0x4684	0	MOV      r12,r0	false	
Instruction	3487	S:0xC003BCE8	0xF1080A20	1	ADD      r10,r8,#0x20	false	
Instruction	3488	S:0xC003BCEC	0xF04F0902	0	MOV      r9,#2	false	
Instruction	3489	S:0xC003BCF0	0x2601	1	MOVS     r6,#1	false	
Instruction	3490	S:0xC003BCF2	0x1E4C	0	SUBS     r4,r1,#1	false	
Instruction	3491	S:0xC003BCF4	0x199B	1	ADDS     r3,r3,r6	false	
Instruction	3492	S:0xC003BCF6	0x607C	1	STR      r4,[r7,#4]	false	
Instruction	3493	S:0xC003BCF8	0x6081	1	STR      r1,[r0,#8]	false	
Instruction	3494	S:0xC003BCFA	0x6383	1	STR      r3,[r0,#0x38]	false	
Instruction	3495	S:0xC003BCFC	0xF8DC500C	1	LDR      r5,[r12,#0xc]	false	
Instruction	3496	S:0xC003BD00	0xB1C2	1	CBZ      r2,{pc}+0x34 ; 0xc003bd34	true	
Instruction	3497	S:0xC003BD34	0xF10933FF	23	ADD      r3,r9,#0xffffffff	false	
Instruction	3498	S:0xC003BD38	0xFB03F305	2	MUL      r3,r3,r5	false	
Instruction	3499	S:0xC003BD3C	0x42A9	1	CMP      r1,r5	false	
Instruction	3500	S:0xC003BD3E	0xF1080808	16	ADD      r8,r8,#8	false	
Instruction	3501	S:0xC003BD42	0xBF92	0	ITEE     LS	false	
Instruction	3502	S:0xC003BD44	0x460C	1	MOV      r4,r1	false	fail
Instruction	3503	S:0xC003BD46	0x687D	1	LDR      r5,[r7,#4]	false	
Instruction	3504	S:0xC003BD48	0xEB050409	2	ADD      r4,r5,r9	false	
Instruction	3505	S:0xC003BD4C	0xEA4F0949	1	LSL      r9,r9,#1	false	
Instruction	3506	S:0xC003BD50	0x18E3	1	ADDS     r3,r4,r3	false	
Instruction	3507	S:0xC003BD52	0x40F3	2	LSRS     r3,r3,r6	false	
Instruction	3508	S:0xC003BD54	0x3601	0	ADDS     r6,#1	false	
Instruction	3509	S:0xC003BD56	0x2E05	1	CMP      r6,#5	false	
Instruction	3510	S:0xC003BD58	0xF8CC300C	1	STR      r3,[r12,#0xc]	false	
Instruction	3511	S:0xC003BD5C	0xF10C0C04	0	ADD      r12,r12,#4	false	
Instruction	3512	S:0xC003BD60	0xD1CC	9	BNE      {pc}-0x64 ; 0xc003bcfc	true	
Instruction	3513	S:0xC003BCFC	0xF8DC500C	22	LDR      r5,[r12,#0xc]	false	
Instruction	3514	S:0xC003BD00	0xB1C2	1	CBZ      r2,{pc}+0x34 ; 0xc003bd34	true	
Instruction	3515	S:0xC003BD34	0xF10933FF	3	ADD      r3,r9,#0xffffffff	false	
Instruction	3516	S:0xC003BD38	0xFB03F305	2	MUL      r3,r3,r5	false	
Instruction	3517	S:0xC003BD3C	0x42A9	1	CMP      r1,r5	false	
Instruction	3518	S:0xC003BD3E	0xF1080808	1	ADD      r8,r8,#8	false	
Instruction	3519	S:0xC003BD42	0xBF92	0	ITEE     LS	false	
Instruction	3520	S:0xC003BD44	0x460C	1	MOV      r4,r1	false	fail
Instruction	3521	S:0xC003BD46	0x687D	1	LDR      r5,[r7,#4]	false	
Instruction	3522	S:0xC003BD48	0xEB050409	2	ADD      r4,r5,r9	false	
Instruction	3523	S:0xC003BD4C	0xEA4F0949	1	LSL      r9,r9,#1	false	
Instruction	3524	S:0xC003BD50	0x18E3	1	ADDS     r3,r4,r3	false	
Instruction	3525	S:0xC003BD52	0x40F3	2	LSRS     r3,r3,r6	false	
Instruction	3526	S:0xC003BD54	0x3601	0	ADDS     r6,#1	false	
Instruction	3527	S:0xC003BD56	0x2E05	1	CMP      r6,#5	false	
Instruction	3528	S:0xC003BD58	0xF8CC300C	1	STR      r3,[r12,#0xc]	false	
Instruction	3529	S:0xC003BD5C	0xF10C0C04	0	ADD      r12,r12,#4	false	
Instruction	3530	S:0xC003BD60	0xD1CC	1	BNE      {pc}-0x64 ; 0xc003bcfc	true	
Instruction	3531	S:0xC003BCFC	0xF8DC500C	19	LDR      r5,[r12,#0xc]	false	
Instruction	3532	S:0xC003BD00	0xB1C2	1	CBZ      r2,{pc}+0x34 ; 0xc003bd34	true	
Instruction	3533	S:0xC003BD34	0xF10933FF	1	ADD      r3,r9,#0xffffffff	false	
Instruction	3534	S:0xC003BD38	0xFB03F305	2	MUL      r3,r3,r5	false	
Instruction	3535	S:0xC003BD3C	0x42A9	1	CMP      r1,r5	false	
Instruction	3536	S:0xC003BD3E	0xF1080808	1	ADD      r8,r8,#8	false	
Instruction	3537	S:0xC003BD42	0xBF92	0	ITEE     LS	false	
Instruction	3538	S:0xC003BD44	0x460C	1	MOV      r4,r1	false	fail
Instruction	3539	S:0xC003BD46	0x687D	1	LDR      r5,[r7,#4]	false	
Instruction	3540	S:0xC003BD48	0xEB050409	2	ADD      r4,r5,r9	false	
Instruction	3541	S:0xC003BD4C	0xEA4F0949	1	LSL      r9,r9,#1	false	
Instruction	3542	S:0xC003BD50	0x18E3	1	ADDS     r3,r4,r3	false	
Instruction	3543	S:0xC003BD52	0x40F3	2	LSRS     r3,r3,r6	false	
Instruction	3544	S:0xC003BD54	0x3601	0	ADDS     r6,#1	false	
Instruction	3545	S:0xC003BD56	0x2E05	1	CMP      r6,#5	false	
Instruction	3546	S:0xC003BD58	0xF8CC300C	1	STR      r3,[r12,#0xc]	false	
Instruction	3547	S:0xC003BD5C	0xF10C0C04	0	ADD      r12,r12,#4	false	
Instruction	3548	S:0xC003BD60	0xD1CC	1	BNE      {pc}-0x64 ; 0xc003bcfc	true	
Instruction	3549	S:0xC003BCFC	0xF8DC500C	2	LDR      r5,[r12,#0xc]	false	
Instruction	3550	S:0xC003BD00	0xB1C2	1	CBZ      r2,{pc}+0x34 ; 0xc003bd34	true	
Instruction	3551	S:0xC003BD34	0xF10933FF	1	ADD      r3,r9,#0xffffffff	false	
Instruction	3552	S:0xC003BD38	0xFB03F305	2	MUL      r3,r3,r5	false	
Instruction	3553	S:0xC003BD3C	0x42A9	1	CMP      r1,r5	false	
Instruction	3554	S:0xC003BD3E	0xF1080808	0	ADD      r8,r8,#8	false	
Instruction	3555	S:0xC003BD42	0xBF92	1	ITEE     LS	false	
Instruction	3556	S:0xC003BD44	0x460C	1	MOV      r4,r1	false	fail
Instruction	3557	S:0xC003BD46	0x687D	1	LDR      r5,[r7,#4]	false	
Instruction	3558	S:0xC003BD48	0xEB050409	2	ADD      r4,r5,r9	false	
Instruction	3559	S:0xC003BD4C	0xEA4F0949	1	LSL      r9,r9,#1	false	
Instruction	3560	S:0xC003BD50	0x18E3	1	ADDS     r3,r4,r3	false	
Instruction	3561	S:0xC003BD52	0x40F3	2	LSRS     r3,r3,r6	false	
Instruction	3562	S:0xC003BD54	0x3601	0	ADDS     r6,#1	false	
Instruction	3563	S:0xC003BD56	0x2E05	1	CMP      r6,#5	false	
Instruction	3564	S:0xC003BD58	0xF8CC300C	1	STR      r3,[r12,#0xc]	false	
Instruction	3565	S:0xC003BD5C	0xF10C0C04	0	ADD      r12,r12,#4	false	
Instruction	3566	S:0xC003BD60	0xD1CC	1	BNE      {pc}-0x64 ; 0xc003bcfc	true	fail
Instruction	3567	S:0xC003BD62	0xF1070708	8	ADD      r7,r7,#8	false	
Instruction	3568	S:0xC003BD66	0x46BD	1	MOV      sp,r7	false	
Instruction	3569	S:0xC003BD68	0xE8BD0FF0	3	POP      {r4-r11}	false	
Instruction	3570	S:0xC003BD6C	0xF7FFBF70	4	B.W      {pc}-0x11c ; 0xc003bc50	true	
Instruction	3571	S:0xC003BC50	0xE92D03F0	2	PUSH     {r4-r9}	false	
Instruction	3572	S:0xC003BC54	0xAF00	3	ADD      r7,sp,#0	false	
Instruction	3573	S:0xC003BC56	0xB500	2	PUSH     {lr}	false	
Instruction	3574	S:0xC003BC58	0xF85DEB04	2	POP      {lr}	false	
Instruction	3575	S:0xC003BC5C	0x4B1B	15	LDR      r3,[pc,#108] ; [0xC003BCCC] = 0xC05FC564	false	
Instruction	3576	S:0xC003BC5E	0xF2442C40	0	MOV      r12,#0x4240	false	
Instruction	3577	S:0xC003BC62	0xF500619B	1	ADD      r1,r0,#0x4d8	false	
Instruction	3578	S:0xC003BC66	0xF2C00C0F	0	MOVT     r12,#0xf	false	
Instruction	3579	S:0xC003BC6A	0xF500668F	1	ADD      r6,r0,#0x478	false	
Instruction	3580	S:0xC003BC6E	0xF8D38008	1	LDR      r8,[r3,#8]	false	
Instruction	3581	S:0xC003BC72	0xE9D64500	2	LDRD     r4,r5,[r6,#0]	false	
Instruction	3582	S:0xC003BC76	0xE9D12300	1	LDRD     r2,r3,[r1,#0]	false	
Instruction	3583	S:0xC003BC7A	0xFBA8890C	1	UMULL    r8,r9,r8,r12	false	
Instruction	3584	S:0xC003BC7E	0x1AA4	1	SUBS     r4,r4,r2	false	
Instruction	3585	S:0xC003BC80	0xEB650503	1	SBC      r5,r5,r3	false	
Instruction	3586	S:0xC003BC84	0xEA5F0959	1	LSRS     r9,r9,#1	false	
Instruction	3587	S:0xC003BC88	0xEA4F0838	1	RRX      r8,r8	false	
Instruction	3588	S:0xC003BC8C	0x45A0	1	CMP      r8,r4	false	
Instruction	3589	S:0xC003BC8E	0xEB790C05	1	SBCS     r12,r9,r5	false	
Instruction	3590	S:0xC003BC92	0xDA17	0	BGE      {pc}+0x32 ; 0xc003bcc4	true	
Instruction	3591	S:0xC003BCC4	0x46BD	1	MOV      sp,r7	false	
Instruction	3592	S:0xC003BCC6	0xE8BD03F0	3	POP      {r4-r9}	false	
Instruction	3593	S:0xC003BCCA	0x4770	3	BX       lr	true	
Instruction	3594	S:0xC003CBFC	0xF8DB3000	1	LDR      r3,[r11,#0]	false	
Instruction	3595	S:0xC003CC00	0xF8D424F0	1	LDR      r2,[r4,#0x4f0]	false	
Instruction	3596	S:0xC003CC04	0xF8D7C004	1	LDR      r12,[r7,#4]	false	
Instruction	3597	S:0xC003CC08	0x1A9B	1	SUBS     r3,r3,r2	false	
Instruction	3598	S:0xC003CC0A	0x2B00	1	CMP      r3,#0	false	
Instruction	3599	S:0xC003CC0C	0xDB1A	0	BLT      {pc}+0x38 ; 0xc003cc44	true	
Instruction	3600	S:0xC003CC44	0xF8DC3030	21	LDR      r3,[r12,#0x30]	false	
Instruction	3601	S:0xC003CC48	0x4661	1	MOV      r1,r12	false	
Instruction	3602	S:0xC003CC4A	0x4620	0	MOV      r0,r4	false	
Instruction	3603	S:0xC003CC4C	0x2200	1	MOVS     r2,#0	false	
Instruction	3604	S:0xC003CC4E	0x6C9B	14	LDR      r3,[r3,#0x48]	false	
Instruction	3605	S:0xC003CC50	0x4798	1	BLX      r3	true	
Instruction	3606	S:0xC0043020	0xE92D4FF0	21	PUSH     {r4-r11,lr}	false	
Instruction	3607	S:0xC0043024	0xB091	5	SUB      sp,sp,#0x44	false	
Instruction	3608	S:0xC0043026	0xB500	3	PUSH     {lr}	false	
Instruction	3609	S:0xC0043028	0xF85DEB04	2	POP      {lr}	false	
Instruction	3610	S:0xC004302C	0xF1110938	0	ADDS     r9,r1,#0x38	false	
Instruction	3611	S:0xC0043030	0x900B	3	STR      r0,[sp,#0x2c]	false	
Instruction	3612	S:0xC0043032	0xBF18	0	IT       NE	false	
Instruction	3613	S:0xC0043034	0x464E	1	MOV      r6,r9	false	
Instruction	3614	S:0xC0043036	0x920D	1	STR      r2,[sp,#0x34]	false	
Instruction	3615	S:0xC0043038	0xF0008148	0	BEQ.W    {pc}+0x294 ; 0xc00432cc	true	fail
Instruction	3616	S:0xC004303C	0xF8D67124	29	LDR      r7,[r6,#0x124]	false	
Instruction	3617	S:0xC0043040	0x4638	2	MOV      r0,r7	false	
Instruction	3618	S:0xC0043042	0xF7FDF861	0	BL       {pc}-0x2f3a ; 0xc0040108	true	
Instruction	3619	S:0xC0040108	0xE92D4FF0	2	PUSH     {r4-r11,lr}	false	
Instruction	3620	S:0xC004010C	0xB085	7	SUB      sp,sp,#0x14	false	
Instruction	3621	S:0xC004010E	0xB500	3	PUSH     {lr}	false	
Instruction	3622	S:0xC0040110	0xF85DEB04	2	POP      {lr}	false	
Instruction	3623	S:0xC0040114	0xF8D02084	1	LDR      r2,[r0,#0x84]	false	
Instruction	3624	S:0xC0040118	0xF8D0A030	2	LDR      r10,[r0,#0x30]	false	
Instruction	3625	S:0xC004011C	0x4683	0	MOV      r11,r0	false	
Instruction	3626	S:0xC004011E	0xF8D23480	7	LDR      r3,[r2,#0x480]	false	
Instruction	3627	S:0xC0040122	0xF8D2C484	1	LDR      r12,[r2,#0x484]	false	
Instruction	3628	S:0xC0040126	0xF1BA0F00	1	CMP      r10,#0	false	
Instruction	3629	S:0xC004012A	0xD041	0	BEQ      {pc}+0x86 ; 0xc00401b0	true	fail
Instruction	3630	S:0xC004012C	0xF8DA2020	8	LDR      r2,[r10,#0x20]	false	
Instruction	3631	S:0xC0040130	0x1A9A	2	SUBS     r2,r3,r2	false	
Instruction	3632	S:0xC0040132	0xD03D	0	BEQ      {pc}+0x7e ; 0xc00401b0	true	fail
Instruction	3633	S:0xC0040134	0xE9DA6728	17	LDRD     r6,r7,[r10,#0xa0]	false	
Instruction	3634	S:0xC0040138	0x2500	1	MOVS     r5,#0	false	
Instruction	3635	S:0xC004013A	0x4614	0	MOV      r4,r2	false	
Instruction	3636	S:0xC004013C	0x4629	1	MOV      r1,r5	false	
Instruction	3637	S:0xC004013E	0x42BD	1	CMP      r5,r7	false	
Instruction	3638	S:0xC0040140	0xBF08	0	IT       EQ	false	
Instruction	3639	S:0xC0040142	0x42B4	1	CMP      r4,r6	false	
Instruction	3640	S:0xC0040144	0x4610	0	MOV      r0,r2	false	
Instruction	3641	S:0xC0040146	0xBF3C	1	ITT      CC	false	
Instruction	3642	S:0xC0040148	0x4639	1	MOV      r1,r7	false	
Instruction	3643	S:0xC004014A	0x4630	0	MOV      r0,r6	false	
Instruction	3644	S:0xC004014C	0xE9DA670A	1	LDRD     r6,r7,[r10,#0x28]	false	
Instruction	3645	S:0xC0040150	0xF8CA10A4	1	STR      r1,[r10,#0xa4]	false	
Instruction	3646	S:0xC0040154	0x18B6	1	ADDS     r6,r6,r2	false	
Instruction	3647	S:0xC0040156	0xF8CA00A0	1	STR      r0,[r10,#0xa0]	false	
Instruction	3648	S:0xC004015A	0xEB470705	1	ADC      r7,r7,r5	false	
Instruction	3649	S:0xC004015E	0xE9CA670A	1	STRD     r6,r7,[r10,#0x28]	false	
Instruction	3650	S:0xC0040162	0xE9DB6704	1	LDRD     r6,r7,[r11,#0x10]	false	
Instruction	3651	S:0xC0040166	0x18B6	2	ADDS     r6,r6,r2	false	
Instruction	3652	S:0xC0040168	0xEB470705	1	ADC      r7,r7,r5	false	
Instruction	3653	S:0xC004016C	0xE9CB6704	1	STRD     r6,r7,[r11,#0x10]	false	
Instruction	3654	S:0xC0040170	0xF8DA1000	1	LDR      r1,[r10,#0]	false	
Instruction	3655	S:0xC0040174	0xF5B16F80	2	CMP      r1,#0x400	false	
Instruction	3656	S:0xC0040178	0xBF04	0	ITT      EQ	false	
Instruction	3657	S:0xC004017A	0x4690	1	MOV      r8,r2	false	
Instruction	3658	S:0xC004017C	0x46A9	0	MOV      r9,r5	false	
Instruction	3659	S:0xC004017E	0xD13D	1	BNE      {pc}+0x7e ; 0xc00401fc	true	fail
Instruction	3660	S:0xC0040180	0xE9DA670C	20	LDRD     r6,r7,[r10,#0x30]	false	
Instruction	3661	S:0xC0040184	0x4658	1	MOV      r0,r11	false	
Instruction	3662	S:0xC0040186	0xEB160608	1	ADDS     r6,r6,r8	false	
Instruction	3663	S:0xC004018A	0xEB470709	1	ADC      r7,r7,r9	false	
Instruction	3664	S:0xC004018E	0xE9CA670C	1	STRD     r6,r7,[r10,#0x30]	false	
Instruction	3665	S:0xC0040192	0x9303	1	STR      r3,[sp,#0xc]	false	
Instruction	3666	S:0xC0040194	0xF8CDC008	1	STR      r12,[sp,#8]	false	
Instruction	3667	S:0xC0040198	0xF7FFFB06	0	BL       {pc}-0x9f0 ; 0xc003f7a8	true	
Instruction	3668	S:0xC003F7A8	0xE92D03F0	1	PUSH     {r4-r9}	false	
Instruction	3669	S:0xC003F7AC	0xB500	6	PUSH     {lr}	false	
Instruction	3670	S:0xC003F7AE	0xF85DEB04	2	POP      {lr}	false	
Instruction	3671	S:0xC003F7B2	0x6B03	1	LDR      r3,[r0,#0x30]	false	
Instruction	3672	S:0xC003F7B4	0xE9D04506	2	LDRD     r4,r5,[r0,#0x18]	false	
Instruction	3673	S:0xC003F7B8	0x2B00	1	CMP      r3,#0	false	
Instruction	3674	S:0xC003F7BA	0xD029	0	BEQ      {pc}+0x56 ; 0xc003f810	true	fail
Instruction	3675	S:0xC003F7BC	0x6AC1	1	LDR      r1,[r0,#0x2c]	false	
Instruction	3676	S:0xC003F7BE	0xE9D3230C	7	LDRD     r2,r3,[r3,#0x30]	false	
Instruction	3677	S:0xC003F7C2	0xB171	1	CBZ      r1,{pc}+0x20 ; 0xc003f7e2	true	
Instruction	3678	S:0xC003F7E2	0x4616	8	MOV      r6,r2	false	
Instruction	3679	S:0xC003F7E4	0x461F	0	MOV      r7,r3	false	
Instruction	3680	S:0xC003F7E6	0x1B36	1	SUBS     r6,r6,r4	false	
Instruction	3681	S:0xC003F7E8	0xEB670705	1	SBC      r7,r7,r5	false	
Instruction	3682	S:0xC003F7EC	0x2E01	1	CMP      r6,#1	false	
Instruction	3683	S:0xC003F7EE	0xF1770100	1	SBCS     r1,r7,#0	false	
Instruction	3684	S:0xC003F7F2	0xDB0A	0	BLT      {pc}+0x18 ; 0xc003f80a	true	fail
Instruction	3685	S:0xC003F7F4	0xE9C02306	3	STRD     r2,r3,[r0,#0x18]	false	
Instruction	3686	S:0xC003F7F8	0xF3BF8F5F	3	DMB      	false	
Instruction	3687	S:0xC003F7FC	0xE9D02306	32	LDRD     r2,r3,[r0,#0x18]	false	
Instruction	3688	S:0xC003F800	0xE9C02308	3	STRD     r2,r3,[r0,#0x20]	false	
Instruction	3689	S:0xC003F804	0xE8BD03F0	1	POP      {r4-r9}	false	
Instruction	3690	S:0xC003F808	0x4770	3	BX       lr	true	
Instruction	3691	S:0xC004019C	0x9B03	2	LDR      r3,[sp,#0xc]	false	
Instruction	3692	S:0xC004019E	0xF8DA2128	1	LDR      r2,[r10,#0x128]	false	
Instruction	3693	S:0xC00401A2	0xF8CA3020	1	STR      r3,[r10,#0x20]	false	
Instruction	3694	S:0xC00401A6	0xF8DDC008	1	LDR      r12,[sp,#8]	false	
Instruction	3695	S:0xC00401AA	0xF8CAC024	1	STR      r12,[r10,#0x24]	false	
Instruction	3696	S:0xC00401AE	0xB112	1	CBZ      r2,{pc}+8 ; 0xc00401b6	true	
Instruction	3697	S:0xC00401B6	0x4B24	20	LDR      r3,[pc,#144] ; [0xC0040248] = 0xC0636008	false	
Instruction	3698	S:0xC00401B8	0xE9DA670C	3	LDRD     r6,r7,[r10,#0x30]	false	
Instruction	3699	S:0xC00401BC	0x685A	3	LDR      r2,[r3,#4]	false	
Instruction	3700	S:0xC00401BE	0x2A00	2	CMP      r2,#0	false	
Instruction	3701	S:0xC00401C0	0xD12C	0	BNE      {pc}+0x5c ; 0xc004021c	true	fail
Instruction	3702	S:0xC00401C2	0xF8DA639C	1	LDR      r6,[r10,#0x39c]	false	
Instruction	3703	S:0xC00401C6	0xF8D630D8	5	LDR      r3,[r6,#0xd8]	false	
Instruction	3704	S:0xC00401CA	0x2B00	2	CMP      r3,#0	false	
Instruction	3705	S:0xC00401CC	0xD0F0	0	BEQ      {pc}-0x1c ; 0xc00401b0	true	
Instruction	3706	S:0xC00401B0	0xB005	1	ADD      sp,sp,#0x14	false	
Instruction	3707	S:0xC00401B2	0xE8BD8FF0	3	POP      {r4-r11,pc}	true	
Instruction	3708	S:0xC0043046	0xF8D6A124	5	LDR      r10,[r6,#0x124]	false	
Instruction	3709	S:0xC004304A	0xF8D63128	1	LDR      r3,[r6,#0x128]	false	
Instruction	3710	S:0xC004304E	0xF8DA2084	2	LDR      r2,[r10,#0x84]	false	
Instruction	3711	S:0xC0043052	0xF8D244C0	3	LDR      r4,[r2,#0x4c0]	false	
Instruction	3712	S:0xC0043056	0x9406	1	STR      r4,[sp,#0x18]	false	
Instruction	3713	S:0xC0043058	0x2B00	0	CMP      r3,#0	false	
Instruction	3714	S:0xC004305A	0xF00081D3	1	BEQ.W    {pc}+0x3aa ; 0xc0043404	true	
Instruction	3715	S:0xC0043404	0xF5026290	39	ADD      r2,r2,#0x480	false	
Instruction	3716	S:0xC0043408	0xE9D24500	3	LDRD     r4,r5,[r2,#0]	false	
Instruction	3717	S:0xC004340C	0xE62D	1	B        {pc}-0x3a2 ; 0xc004306a	true	
Instruction	3718	S:0xC004306A	0x46B3	1	MOV      r11,r6	false	
Instruction	3719	S:0xC004306C	0x69F2	1	LDR      r2,[r6,#0x1c]	false	
Instruction	3720	S:0xC004306E	0xF8DA3030	1	LDR      r3,[r10,#0x30]	false	
Instruction	3721	S:0xC0043072	0xE9FB014E	1	LDRD     r0,r1,[r11,#0x138]!	false	
Instruction	3722	S:0xC0043076	0x920C	1	STR      r2,[sp,#0x30]	false	
Instruction	3723	S:0xC0043078	0x1A20	1	SUBS     r0,r4,r0	false	
Instruction	3724	S:0xC004307A	0xEB650101	1	SBC      r1,r5,r1	false	
Instruction	3725	S:0xC004307E	0x9308	1	STR      r3,[sp,#0x20]	false	
Instruction	3726	S:0xC0043080	0xF7FCFC6C	0	BL       {pc}-0x3724 ; 0xc003f95c	true	
Instruction	3727	S:0xC003F95C	0xE92D03F0	1	PUSH     {r4-r9}	false	
Instruction	3728	S:0xC003F960	0xB500	18	PUSH     {lr}	false	
Instruction	3729	S:0xC003F962	0xF85DEB04	2	POP      {lr}	false	
Instruction	3730	S:0xC003F966	0xF64B7640	1	MOV      r6,#0xbf40	false	
Instruction	3731	S:0xC003F96A	0xF2CC0664	1	MOVT     r6,#0xc064	false	
Instruction	3732	S:0xC003F96E	0x6876	5	LDR      r6,[r6,#4]	false	
Instruction	3733	S:0xC003F970	0xFBA18906	3	UMULL    r8,r9,r1,r6	false	
Instruction	3734	S:0xC003F974	0xEA4F7CE6	1	ASR      r12,r6,#31	false	
Instruction	3735	S:0xC003F978	0xFBA06706	1	UMULL    r6,r7,r0,r6	false	
Instruction	3736	S:0xC003F97C	0xFB01990C	1	MLA      r9,r1,r12,r9	false	
Instruction	3737	S:0xC003F980	0xEA4F4408	1	LSL      r4,r8,#16	false	
Instruction	3738	S:0xC003F984	0xFB00770C	1	MLA      r7,r0,r12,r7	false	
Instruction	3739	S:0xC003F988	0x0C32	1	LSRS     r2,r6,#16	false	
Instruction	3740	S:0xC003F98A	0xEA4F4509	1	LSL      r5,r9,#16	false	
Instruction	3741	S:0xC003F98E	0xEA454518	1	ORR      r5,r5,r8,LSR #16	false	
Instruction	3742	S:0xC003F992	0xEA424207	1	ORR      r2,r2,r7,LSL #16	false	
Instruction	3743	S:0xC003F996	0x0C3B	1	LSRS     r3,r7,#16	false	
Instruction	3744	S:0xC003F998	0x1912	1	ADDS     r2,r2,r4	false	
Instruction	3745	S:0xC003F99A	0xEB430305	1	ADC      r3,r3,r5	false	
Instruction	3746	S:0xC003F99E	0x4610	0	MOV      r0,r2	false	
Instruction	3747	S:0xC003F9A0	0x4619	1	MOV      r1,r3	false	
Instruction	3748	S:0xC003F9A2	0xE8BD03F0	1	POP      {r4-r9}	false	
Instruction	3749	S:0xC003F9A6	0x4770	3	BX       lr	true	
Instruction	3750	S:0xC0043084	0x2800	1	CMP      r0,#0	false	
Instruction	3751	S:0xC0043086	0xF1710E00	1	SBCS     lr,r1,#0	false	
Instruction	3752	S:0xC004308A	0xF2C081A9	0	BLT.W    {pc}+0x356 ; 0xc00433e0	true	fail
Instruction	3753	S:0xC004308E	0xEA4F2890	14	LSR      r8,r0,#10	false	
Instruction	3754	S:0xC0043092	0xEA4F2991	1	LSR      r9,r1,#10	false	
Instruction	3755	S:0xC0043096	0xEA485881	1	ORR      r8,r8,r1,LSL #22	false	
Instruction	3756	S:0xC004309A	0xEA580009	1	ORRS     r0,r8,r9	false	
Instruction	3757	S:0xC004309E	0xF00080CF	18	BEQ.W    {pc}+0x1a2 ; 0xc0043240	true	fail
Instruction	3758	S:0xC00430A2	0xF64B7140	72	MOV      r1,#0xbf40	false	
Instruction	3759	S:0xC00430A6	0xE9CB4500	1	STRD     r4,r5,[r11,#0]	false	
Instruction	3760	S:0xC00430AA	0xF2CC0164	1	MOVT     r1,#0xc064	false	
Instruction	3761	S:0xC00430AE	0x680A	3	LDR      r2,[r1,#0]	false	
Instruction	3762	S:0xC00430B0	0x2A00	2	CMP      r2,#0	false	
Instruction	3763	S:0xC00430B2	0xF000819F	0	BEQ.W    {pc}+0x342 ; 0xc00433f4	true	fail
Instruction	3764	S:0xC00430B6	0x9A06	73	LDR      r2,[sp,#0x18]	false	
Instruction	3765	S:0xC00430B8	0x2400	1	MOVS     r4,#0	false	
Instruction	3766	S:0xC00430BA	0x9407	1	STR      r4,[sp,#0x1c]	false	
Instruction	3767	S:0xC00430BC	0xEB011B02	1	ADD      r11,r1,r2,LSL #4	false	
Instruction	3768	S:0xC00430C0	0xF8DBB098	14	LDR      r11,[r11,#0x98]	false	
Instruction	3769	S:0xC00430C4	0xF8CDB018	1	STR      r11,[sp,#0x18]	false	
Instruction	3770	S:0xC00430C8	0x9B08	1	LDR      r3,[sp,#0x20]	false	
Instruction	3771	S:0xC00430CA	0xF24032FF	0	MOV      r2,#0x3ff	false	
Instruction	3772	S:0xC00430CE	0xF8D64134	1	LDR      r4,[r6,#0x134]	false	
Instruction	3773	S:0xC00430D2	0x1AF5	1	SUBS     r5,r6,r3	false	
Instruction	3774	S:0xC00430D4	0x2300	0	MOVS     r3,#0	false	
Instruction	3775	S:0xC00430D6	0xF1D50C00	1	RSBS     r12,r5,#0	false	
Instruction	3776	S:0xC00430DA	0xEB5C0C05	1	ADCS     r12,r12,r5	false	
Instruction	3777	S:0xC00430DE	0x05A5	1	LSLS     r5,r4,#22	false	
Instruction	3778	S:0xC00430E0	0x0DAD	2	LSRS     r5,r5,#22	false	
Instruction	3779	S:0xC00430E2	0xEB180005	1	ADDS     r0,r8,r5	false	
Instruction	3780	S:0xC00430E6	0xF1490100	1	ADC      r1,r9,#0	false	
Instruction	3781	S:0xC00430EA	0x428B	1	CMP      r3,r1	false	
Instruction	3782	S:0xC00430EC	0xBF08	0	IT       EQ	false	
Instruction	3783	S:0xC00430EE	0x4282	1	CMP      r2,r0	false	
Instruction	3784	S:0xC00430F0	0xBF28	0	IT       CS	false	
Instruction	3785	S:0xC00430F2	0x2100	1	MOVS     r1,#0	false	fail
Instruction	3786	S:0xC00430F4	0xD276	0	BCS      {pc}+0xf0 ; 0xc00431e4	true	fail
Instruction	3787	S:0xC00430F6	0xF5C56280	1	RSB      r2,r5,#0x400	false	
Instruction	3788	S:0xC00430FA	0x9B0C	1	LDR      r3,[sp,#0x30]	false	
Instruction	3789	S:0xC00430FC	0xF8D65130	1	LDR      r5,[r6,#0x130]	false	
Instruction	3790	S:0xC0043100	0xFB02F10B	61	MUL      r1,r2,r11	false	
Instruction	3791	S:0xC0043104	0x0A89	3	LSRS     r1,r1,#10	false	
Instruction	3792	S:0xC0043106	0xB113	1	CBZ      r3,{pc}+8 ; 0xc004310e	true	fail
Instruction	3793	S:0xC0043108	0x194D	1	ADDS     r5,r1,r5	false	
Instruction	3794	S:0xC004310A	0xF8C65130	1	STR      r5,[r6,#0x130]	false	
Instruction	3795	S:0xC004310E	0xF1BC0F00	0	CMP      r12,#0	false	
Instruction	3796	S:0xC0043112	0xD004	1	BEQ      {pc}+0xc ; 0xc004311e	true	fail
Instruction	3797	S:0xC0043114	0xF8D63160	1	LDR      r3,[r6,#0x160]	false	
Instruction	3798	S:0xC0043118	0x185B	2	ADDS     r3,r3,r1	false	
Instruction	3799	S:0xC004311A	0xF8C63160	1	STR      r3,[r6,#0x160]	false	
Instruction	3800	S:0xC004311E	0xEBB80002	11	SUBS     r0,r8,r2	false	
Instruction	3801	S:0xC0043122	0xEB6971E2	1	SBC      r1,r9,r2,ASR #31	false	
Instruction	3802	S:0xC0043126	0x1914	1	ADDS     r4,r2,r4	false	
Instruction	3803	S:0xC0043128	0x2300	0	MOVS     r3,#0	false	
Instruction	3804	S:0xC004312A	0xF8C64134	1	STR      r4,[r6,#0x134]	false	
Instruction	3805	S:0xC004312E	0xEA4F2990	1	LSR      r9,r0,#10	false	
Instruction	3806	S:0xC0043132	0x0A8A	1	LSRS     r2,r1,#10	false	
Instruction	3807	S:0xC0043134	0xEA495E81	1	ORR      lr,r9,r1,LSL #22	false	
Instruction	3808	S:0xC0043138	0x920F	1	STR      r2,[sp,#0x3c]	false	
Instruction	3809	S:0xC004313A	0xF8CDE038	1	STR      lr,[sp,#0x38]	false	
Instruction	3810	S:0xC004313E	0xF24032FF	16	MOV      r2,#0x3ff	false	
Instruction	3811	S:0xC0043142	0xEA000802	1	AND      r8,r0,r2	false	
Instruction	3812	S:0xC0043146	0xEA010903	1	AND      r9,r1,r3	false	
Instruction	3813	S:0xC004314A	0xE9DD010E	1	LDRD     r0,r1,[sp,#0x38]	false	
Instruction	3814	S:0xC004314E	0x2201	1	MOVS     r2,#1	false	
Instruction	3815	S:0xC0043150	0x2300	0	MOVS     r3,#0	false	
Instruction	3816	S:0xC0043152	0x1880	1	ADDS     r0,r0,r2	false	
Instruction	3817	S:0xC0043154	0xF44F62FC	0	MOV      r2,#0x7e0	false	
Instruction	3818	S:0xC0043158	0xEB410103	1	ADC      r1,r1,r3	false	
Instruction	3819	S:0xC004315C	0x2300	0	MOVS     r3,#0	false	
Instruction	3820	S:0xC004315E	0x428B	1	CMP      r3,r1	false	
Instruction	3821	S:0xC0043160	0xBF08	14	IT       EQ	false	
Instruction	3822	S:0xC0043162	0x4282	1	CMP      r2,r0	false	
Instruction	3823	S:0xC0043164	0xE9CD0108	1	STRD     r0,r1,[sp,#0x20]	false	
Instruction	3824	S:0xC0043168	0xF0C08215	1	BCC.W    {pc}+0x42e ; 0xc0043596	true	fail
Instruction	3825	S:0xC004316C	0x9B08	1	LDR      r3,[sp,#0x20]	false	
Instruction	3826	S:0xC004316E	0x4601	0	MOV      r1,r0	false	
Instruction	3827	S:0xC0043170	0x2B1F	2	CMP      r3,#0x1f	false	
Instruction	3828	S:0xC0043172	0xF2008243	0	BHI.W    {pc}+0x48a ; 0xc00435fc	true	fail
Instruction	3829	S:0xC0043176	0xF24830C8	1	MOV      r0,#0x83c8	false	
Instruction	3830	S:0xC004317A	0xF2CC003E	1	MOVT     r0,#0xc03e	false	
Instruction	3831	S:0xC004317E	0xF850E021	26	LDR      lr,[r0,r1,LSL #2]	false	
Instruction	3832	S:0xC0043182	0x48A3	13	LDR      r0,[pc,#652] ; [0xC0043410] = 0xC03E83C8	false	
Instruction	3833	S:0xC0043184	0xFBAE2305	2	UMULL    r2,r3,lr,r5	false	
Instruction	3834	S:0xC0043188	0xFBAE4504	1	UMULL    r4,r5,lr,r4	false	
Instruction	3835	S:0xC004318C	0x461C	1	MOV      r4,r3	false	
Instruction	3836	S:0xC004318E	0xF8C63130	1	STR      r3,[r6,#0x130]	false	
Instruction	3837	S:0xC0043192	0xF8D63160	1	LDR      r3,[r6,#0x160]	false	
Instruction	3838	S:0xC0043196	0xF8C65134	1	STR      r5,[r6,#0x134]	false	
Instruction	3839	S:0xC004319A	0xF8502021	1	LDR      r2,[r0,r1,LSL #2]	false	
Instruction	3840	S:0xC004319E	0xFBA22303	3	UMULL    r2,r3,r2,r3	false	
Instruction	3841	S:0xC00431A2	0xF8C63160	1	STR      r3,[r6,#0x160]	false	
Instruction	3842	S:0xC00431A6	0xE9DD010E	3	LDRD     r0,r1,[sp,#0x38]	false	
Instruction	3843	S:0xC00431AA	0xF8CDC008	3	STR      r12,[sp,#8]	false	
Instruction	3844	S:0xC00431AE	0xF7FEFA8F	0	BL       {pc}-0x1ade ; 0xc00416d0	true	
Instruction	3845	S:0xC00416D0	0xE92D03F0	11	PUSH     {r4-r9}	false	
Instruction	3846	S:0xC00416D4	0xB500	5	PUSH     {lr}	false	
Instruction	3847	S:0xC00416D6	0xF85DEB04	2	POP      {lr}	false	
Instruction	3848	S:0xC00416DA	0x2620	0	MOVS     r6,#0x20	false	
Instruction	3849	S:0xC00416DC	0x2700	1	MOVS     r7,#0	false	
Instruction	3850	S:0xC00416DE	0x428F	1	CMP      r7,r1	false	
Instruction	3851	S:0xC00416E0	0xBF08	8	IT       EQ	false	
Instruction	3852	S:0xC00416E2	0x4286	1	CMP      r6,r0	false	
Instruction	3853	S:0xC00416E4	0xD307	0	BCC      {pc}+0x12 ; 0xc00416f6	true	fail
Instruction	3854	S:0xC00416E6	0x4B31	13	LDR      r3,[pc,#196] ; [0xC00417AC]	false	
Instruction	3855	S:0xC00416E8	0xEB030080	2	ADD      r0,r3,r0,LSL #2	false	
Instruction	3856	S:0xC00416EC	0xF8D000FC	13	LDR      r0,[r0,#0xfc]	false	
Instruction	3857	S:0xC00416F0	0xE8BD03F0	1	POP      {r4-r9}	false	
Instruction	3858	S:0xC00416F4	0x4770	4	BX       lr	true	
Instruction	3859	S:0xC00431B2	0x9B0C	2	LDR      r3,[sp,#0x30]	false	
Instruction	3860	S:0xC00431B4	0xF8DDC008	1	LDR      r12,[sp,#8]	false	
Instruction	3861	S:0xC00431B8	0xFB0BFB00	1	MUL      r11,r11,r0	false	
Instruction	3862	S:0xC00431BC	0xEA4F2B9B	3	LSR      r11,r11,#10	false	
Instruction	3863	S:0xC00431C0	0xB113	36	CBZ      r3,{pc}+8 ; 0xc00431c8	true	fail
Instruction	3864	S:0xC00431C2	0x445C	1	ADD      r4,r4,r11	false	
Instruction	3865	S:0xC00431C4	0xF8C64130	1	STR      r4,[r6,#0x130]	false	
Instruction	3866	S:0xC00431C8	0xF1BC0F00	1	CMP      r12,#0	false	
Instruction	3867	S:0xC00431CC	0xD004	0	BEQ      {pc}+0xc ; 0xc00431d8	true	fail
Instruction	3868	S:0xC00431CE	0xF8D63160	27	LDR      r3,[r6,#0x160]	false	
Instruction	3869	S:0xC00431D2	0x445B	2	ADD      r3,r3,r11	false	
Instruction	3870	S:0xC00431D4	0xF8C63160	1	STR      r3,[r6,#0x160]	false	
Instruction	3871	S:0xC00431D8	0xF8D64134	1	LDR      r4,[r6,#0x134]	false	
Instruction	3872	S:0xC00431DC	0x2101	0	MOVS     r1,#1	false	
Instruction	3873	S:0xC00431DE	0x1824	2	ADDS     r4,r4,r0	false	
Instruction	3874	S:0xC00431E0	0xF8C64134	1	STR      r4,[r6,#0x134]	false	
Instruction	3875	S:0xC00431E4	0xF8DDE018	1	LDR      lr,[sp,#0x18]	false	
Instruction	3876	S:0xC00431E8	0x9D07	1	LDR      r5,[sp,#0x1c]	false	
Instruction	3877	S:0xC00431EA	0xFBA8230E	2	UMULL    r2,r3,r8,lr	false	
Instruction	3878	S:0xC00431EE	0xFB08F005	1	MUL      r0,r8,r5	false	
Instruction	3879	S:0xC00431F2	0xFB0E0009	1	MLA      r0,lr,r9,r0	false	
Instruction	3880	S:0xC00431F6	0x0A92	1	LSRS     r2,r2,#10	false	
Instruction	3881	S:0xC00431F8	0x18C3	1	ADDS     r3,r0,r3	false	
Instruction	3882	S:0xC00431FA	0xEA425283	2	ORR      r2,r2,r3,LSL #22	false	
Instruction	3883	S:0xC00431FE	0x9B0C	1	LDR      r3,[sp,#0x30]	false	
Instruction	3884	S:0xC0043200	0xB123	2	CBZ      r3,{pc}+0xc ; 0xc004320c	true	fail
Instruction	3885	S:0xC0043202	0xF8D63130	8	LDR      r3,[r6,#0x130]	false	
Instruction	3886	S:0xC0043206	0x189B	2	ADDS     r3,r3,r2	false	
Instruction	3887	S:0xC0043208	0xF8C63130	1	STR      r3,[r6,#0x130]	false	
Instruction	3888	S:0xC004320C	0xF1BC0F00	0	CMP      r12,#0	false	
Instruction	3889	S:0xC0043210	0xD004	1	BEQ      {pc}+0xc ; 0xc004321c	true	fail
Instruction	3890	S:0xC0043212	0xF8D63160	1	LDR      r3,[r6,#0x160]	false	
Instruction	3891	S:0xC0043216	0x189B	2	ADDS     r3,r3,r2	false	
Instruction	3892	S:0xC0043218	0xF8C63160	1	STR      r3,[r6,#0x160]	false	
Instruction	3893	S:0xC004321C	0x4444	1	ADD      r4,r4,r8	false	
Instruction	3894	S:0xC004321E	0xF8C64134	10	STR      r4,[r6,#0x134]	false	
Instruction	3895	S:0xC0043222	0xB169	1	CBZ      r1,{pc}+0x1e ; 0xc0043240	true	fail
Instruction	3896	S:0xC0043224	0x4630	1	MOV      r0,r6	false	
Instruction	3897	S:0xC0043226	0xF7FDF851	0	BL       {pc}-0x2f5a ; 0xc00402cc	true	
Instruction	3898	S:0xC00402CC	0xE92D4FF8	2	PUSH     {r3-r11,lr}	false	
Instruction	3899	S:0xC00402D0	0xB500	7	PUSH     {lr}	false	
Instruction	3900	S:0xC00402D2	0xF85DEB04	2	POP      {lr}	false	
Instruction	3901	S:0xC00402D6	0x4606	0	MOV      r6,r0	false	
Instruction	3902	S:0xC00402D8	0xF8D05128	1	LDR      r5,[r0,#0x128]	false	
Instruction	3903	S:0xC00402DC	0xF8D0A148	2	LDR      r10,[r0,#0x148]	false	
Instruction	3904	S:0xC00402E0	0x2D00	1	CMP      r5,#0	false	
Instruction	3905	S:0xC00402E2	0xD067	0	BEQ      {pc}+0xd2 ; 0xc00403b4	true	
Instruction	3906	S:0xC00403B4	0xF8D04134	33	LDR      r4,[r0,#0x134]	false	
Instruction	3907	S:0xC00403B8	0xF1A00538	1	SUB      r5,r0,#0x38	false	
Instruction	3908	S:0xC00403BC	0xF8D08130	1	LDR      r8,[r0,#0x130]	false	
Instruction	3909	S:0xC00403C0	0x6800	17	LDR      r0,[r0,#0]	false	
Instruction	3910	S:0xC00403C2	0x3401	0	ADDS     r4,#1	false	
Instruction	3911	S:0xC00403C4	0x4621	1	MOV      r1,r4	false	
Instruction	3912	S:0xC00403C6	0xFB00F008	2	MUL      r0,r0,r8	false	
Instruction	3913	S:0xC00403CA	0xF211F883	1	BL       {pc}+0x21110a ; 0xc02514d4	true	
Cycle Count				146	Tracing disabled		
Info					Tracing enabled		
Instruction	3914	S:0xC00403CE	0x4B27	1	LDR      r3,[pc,#156] ; [0xC004046C] = 0xC0635FF4	false	
Instruction	3915	S:0xC00403D0	0x685A	5	LDR      r2,[r3,#4]	false	
Instruction	3916	S:0xC00403D2	0x4607	0	MOV      r7,r0	false	
Instruction	3917	S:0xC00403D4	0xF8C60148	3	STR      r0,[r6,#0x148]	false	
Instruction	3918	S:0xC00403D8	0xB98A	1	CBNZ     r2,{pc}+0x26 ; 0xc00403fe	true	fail
Instruction	3919	S:0xC00403DA	0xEA4F2088	1	LSL      r0,r8,#10	false	
Instruction	3920	S:0xC00403DE	0x4621	0	MOV      r1,r4	false	
Instruction	3921	S:0xC00403E0	0xF211F878	1	BL       {pc}+0x2110f4 ; 0xc02514d4	true	
Cycle Count				58	Tracing disabled		
Info					Tracing enabled		
Instruction	3922	S:0xC00403E4	0x4607	1	MOV      r7,r0	false	
Instruction	3923	S:0xC00403E6	0xF8C6014C	1	STR      r0,[r6,#0x14c]	false	
Instruction	3924	S:0xC00403EA	0x4B21	1	LDR      r3,[pc,#132] ; [0xC0040470] = 0xC0635FE0	false	
Instruction	3925	S:0xC00403EC	0x685A	3	LDR      r2,[r3,#4]	false	
Instruction	3926	S:0xC00403EE	0x2A00	2	CMP      r2,#0	false	
Instruction	3927	S:0xC00403F0	0xD12E	0	BNE      {pc}+0x60 ; 0xc0040450	true	fail
Instruction	3928	S:0xC00403F2	0xF8D60148	1	LDR      r0,[r6,#0x148]	false	
Instruction	3929	S:0xC00403F6	0xEBCA0000	2	RSB      r0,r10,r0	false	
Instruction	3930	S:0xC00403FA	0xE8BD8FF8	1	POP      {r3-r11,pc}	true	
Instruction	3931	S:0xC004322A	0x69F3	17	LDR      r3,[r6,#0x1c]	false	
Instruction	3932	S:0xC004322C	0x2B00	2	CMP      r3,#0	false	
Instruction	3933	S:0xC004322E	0xF00080F5	1	BEQ.W    {pc}+0x1ee ; 0xc004341c	true	fail
Instruction	3934	S:0xC0043232	0xE9DA2312	23	LDRD     r2,r3,[r10,#0x48]	false	
Instruction	3935	S:0xC0043236	0x1812	2	ADDS     r2,r2,r0	false	
Instruction	3936	S:0xC0043238	0xEB4373E0	1	ADC      r3,r3,r0,ASR #31	false	
Instruction	3937	S:0xC004323C	0xE9CA2312	1	STRD     r2,r3,[r10,#0x48]	false	
Instruction	3938	S:0xC0043240	0x4638	1	MOV      r0,r7	false	
Instruction	3939	S:0xC0043242	0x2101	0	MOVS     r1,#1	false	
Instruction	3940	S:0xC0043244	0xF7FCFCAA	1	BL       {pc}-0x36a8 ; 0xc003fb9c	true	
Instruction	3941	S:0xC003FB9C	0xE92D0FF0	1	PUSH     {r4-r11}	false	
Instruction	3942	S:0xC003FBA0	0xB500	7	PUSH     {lr}	false	
Instruction	3943	S:0xC003FBA2	0xF85DEB04	2	POP      {lr}	false	
Instruction	3944	S:0xC003FBA6	0xF8D06084	1	LDR      r6,[r0,#0x84]	false	
Instruction	3945	S:0xC003FBAA	0xE9D0451A	2	LDRD     r4,r5,[r0,#0x68]	false	
Instruction	3946	S:0xC003FBAE	0xF8D67480	1	LDR      r7,[r6,#0x480]	false	
Instruction	3947	S:0xC003FBB2	0xF8D66484	1	LDR      r6,[r6,#0x484]	false	
Instruction	3948	S:0xC003FBB6	0x0D3A	2	LSRS     r2,r7,#20	false	
Instruction	3949	S:0xC003FBB8	0xEA423206	1	ORR      r2,r2,r6,LSL #12	false	
Instruction	3950	S:0xC003FBBC	0x0D33	1	LSRS     r3,r6,#20	false	
Instruction	3951	S:0xC003FBBE	0x1B14	1	SUBS     r4,r2,r4	false	
Instruction	3952	S:0xC003FBC0	0xEB630505	1	SBC      r5,r3,r5	false	
Instruction	3953	S:0xC003FBC4	0xEA540605	1	ORRS     r6,r4,r5	false	
Instruction	3954	S:0xC003FBC8	0xBF14	0	ITE      NE	false	
Instruction	3955	S:0xC003FBCA	0x2600	1	MOVS     r6,#0	false	
Instruction	3956	S:0xC003FBCC	0x2601	0	MOVS     r6,#1	false	fail
Instruction	3957	S:0xC003FBCE	0x2900	1	CMP      r1,#0	false	
Instruction	3958	S:0xC003FBD0	0xBF14	0	ITE      NE	false	
Instruction	3959	S:0xC003FBD2	0x2600	1	MOVS     r6,#0	false	
Instruction	3960	S:0xC003FBD4	0xF0060601	1	AND      r6,r6,#1	false	fail
Instruction	3961	S:0xC003FBD8	0x2E00	1	CMP      r6,#0	false	
Instruction	3962	S:0xC003FBDA	0xD167	0	BNE      {pc}+0xd2 ; 0xc003fcac	true	fail
Instruction	3963	S:0xC003FBDC	0xF1000C60	1	ADD      r12,r0,#0x60	false	
Instruction	3964	S:0xC003FBE0	0xE8DC677F	7	LDREXD   r6,r7,[r12]	false	
Instruction	3965	S:0xC003FBE4	0xEA560807	2	ORRS     r8,r6,r7	false	
Instruction	3966	S:0xC003FBE8	0xD163	0	BNE      {pc}+0xca ; 0xc003fcb2	true	fail
Instruction	3967	S:0xC003FBEA	0xE9D06714	1	LDRD     r6,r7,[r0,#0x50]	false	
Instruction	3968	S:0xC003FBEE	0xEA540C05	1	ORRS     r12,r4,r5	false	
Instruction	3969	S:0xC003FBF2	0xD027	0	BEQ      {pc}+0x52 ; 0xc003fc44	true	fail
Instruction	3970	S:0xC003FBF4	0xF44F68FC	1	MOV      r8,#0x7e0	false	
Instruction	3971	S:0xC003FBF8	0xF04F0900	0	MOV      r9,#0	false	
Instruction	3972	S:0xC003FBFC	0x45A9	1	CMP      r9,r5	false	
Instruction	3973	S:0xC003FBFE	0xBF08	0	IT       EQ	false	
Instruction	3974	S:0xC003FC00	0x45A0	1	CMP      r8,r4	false	
Instruction	3975	S:0xC003FC02	0xF0C0808F	0	BCC.W    {pc}+0x122 ; 0xc003fd24	true	fail
Instruction	3976	S:0xC003FC06	0x2C1F	9	CMP      r4,#0x1f	false	
Instruction	3977	S:0xC003FC08	0x46A4	1	MOV      r12,r4	false	
Instruction	3978	S:0xC003FC0A	0xD871	0	BHI      {pc}+0xe6 ; 0xc003fcf0	true	fail
Instruction	3979	S:0xC003FC0C	0xF8DF8120	3	LDR      r8,[pc,#288] ; [0xC003FD30] = 0xC03E83C8	false	
Instruction	3980	S:0xC003FC10	0xF04F0B00	0	MOV      r11,#0	false	
Instruction	3981	S:0xC003FC14	0xF858C02C	5	LDR      r12,[r8,r12,LSL #2]	false	
Instruction	3982	S:0xC003FC18	0xFBAC8906	3	UMULL    r8,r9,r12,r6	false	
Instruction	3983	S:0xC003FC1C	0xFB0C9A07	2	MLA      r10,r12,r7,r9	false	
Instruction	3984	S:0xC003FC20	0xE9C0AB14	3	STRD     r10,r11,[r0,#0x50]	false	
Instruction	3985	S:0xC003FC24	0xF1000C58	1	ADD      r12,r0,#0x58	false	
Instruction	3986	S:0xC003FC28	0xE8DC677F	8	LDREXD   r6,r7,[r12]	false	
Instruction	3987	S:0xC003FC2C	0x1936	2	ADDS     r6,r6,r4	false	
Instruction	3988	S:0xC003FC2E	0xEB470705	1	ADC      r7,r7,r5	false	
Instruction	3989	S:0xC003FC32	0xE8CC6778	7	STREXD   r8,r6,r7,[r12]	false	
Instruction	3990	S:0xC003FC36	0xF0980F00	2	TEQ      r8,#0	false	
Instruction	3991	S:0xC003FC3A	0xD1F5	0	BNE      {pc}-0x12 ; 0xc003fc28	true	fail
Instruction	3992	S:0xC003FC3C	0x4656	1	MOV      r6,r10	false	
Instruction	3993	S:0xC003FC3E	0x465F	0	MOV      r7,r11	false	
Instruction	3994	S:0xC003FC40	0xE9C0231A	1	STRD     r2,r3,[r0,#0x68]	false	
Instruction	3995	S:0xC003FC44	0xE9D0451E	1	LDRD     r4,r5,[r0,#0x78]	false	
Instruction	3996	S:0xC003FC48	0xE9D02312	1	LDRD     r2,r3,[r0,#0x48]	false	
Instruction	3997	S:0xC003FC4C	0xF8D0C094	1	LDR      r12,[r0,#0x94]	false	
Instruction	3998	S:0xC003FC50	0x1B12	1	SUBS     r2,r2,r4	false	
Instruction	3999	S:0xC003FC52	0xEB630305	1	SBC      r3,r3,r5	false	
Instruction	4000	S:0xC003FC56	0x1992	1	ADDS     r2,r2,r6	false	
Instruction	4001	S:0xC003FC58	0xEB430307	1	ADC      r3,r3,r7	false	
Instruction	4002	S:0xC003FC5C	0xB999	1	CBNZ     r1,{pc}+0x2a ; 0xc003fc86	true	
Instruction	4003	S:0xC003FC86	0xF10C0130	9	ADD      r1,r12,#0x30	false	
Instruction	4004	S:0xC003FC8A	0xE8D1457F	17	LDREXD   r4,r5,[r1]	false	
Instruction	4005	S:0xC003FC8E	0x18A4	2	ADDS     r4,r4,r2	false	
Instruction	4006	S:0xC003FC90	0xEB450503	1	ADC      r5,r5,r3	false	
Instruction	4007	S:0xC003FC94	0xE8C14576	22	STREXD   r6,r4,r5,[r1]	false	
Instruction	4008	S:0xC003FC98	0xF0960F00	2	TEQ      r6,#0	false	
Instruction	4009	S:0xC003FC9C	0xD1F5	0	BNE      {pc}-0x12 ; 0xc003fc8a	true	fail
Instruction	4010	S:0xC003FC9E	0xE9D0451E	9	LDRD     r4,r5,[r0,#0x78]	false	
Instruction	4011	S:0xC003FCA2	0x18A4	2	ADDS     r4,r4,r2	false	
Instruction	4012	S:0xC003FCA4	0xEB450503	1	ADC      r5,r5,r3	false	
Instruction	4013	S:0xC003FCA8	0xE9C0451E	1	STRD     r4,r5,[r0,#0x78]	false	
Instruction	4014	S:0xC003FCAC	0xE8BD0FF0	1	POP      {r4-r11}	false	
Instruction	4015	S:0xC003FCB0	0x4770	4	BX       lr	true	
Instruction	4016	S:0xC0043248	0x9D0D	2	LDR      r5,[sp,#0x34]	false	
Instruction	4017	S:0xC004324A	0x2D00	2	CMP      r5,#0	false	
Instruction	4018	S:0xC004324C	0xF04080CB	0	BNE.W    {pc}+0x19a ; 0xc00433e6	true	fail
Instruction	4019	S:0xC0043250	0xF24C5E68	1	MOV      lr,#0xc568	false	
Instruction	4020	S:0xC0043254	0xF2CC0E5F	1	MOVT     lr,#0xc05f	false	
Instruction	4021	S:0xC0043258	0xF8DE3000	5	LDR      r3,[lr,#0]	false	
Instruction	4022	S:0xC004325C	0x05D8	3	LSLS     r0,r3,#23	false	
Instruction	4023	S:0xC004325E	0xD404	0	BMI      {pc}+0xc ; 0xc004326a	true	fail
Instruction	4024	S:0xC0043260	0xF8D73084	1	LDR      r3,[r7,#0x84]	false	
Instruction	4025	S:0xC0043264	0xF8D33538	66	LDR      r3,[r3,#0x538]	false	
Instruction	4026	S:0xC0043268	0xBB5B	2	CBNZ     r3,{pc}+0x5a ; 0xc00432c2	true	fail
Instruction	4027	S:0xC004326A	0x68BB	8	LDR      r3,[r7,#8]	false	
Instruction	4028	S:0xC004326C	0x2B01	2	CMP      r3,#1	false	
Instruction	4029	S:0xC004326E	0xD928	1	BLS      {pc}+0x54 ; 0xc00432c2	true	
Instruction	4030	S:0xC00432C2	0xF8D66120	17	LDR      r6,[r6,#0x120]	false	
Instruction	4031	S:0xC00432C6	0x2E00	2	CMP      r6,#0	false	
Instruction	4032	S:0xC00432C8	0xF47FAEB8	1	BNE      {pc}-0x28c ; 0xc004303c	true	fail
Instruction	4033	S:0xC00432CC	0x9D0B	1	LDR      r5,[sp,#0x2c]	false	
Instruction	4034	S:0xC00432CE	0xF5056390	2	ADD      r3,r5,#0x480	false	
Instruction	4035	S:0xC00432D2	0xF50569B4	1	ADD      r9,r5,#0x5a0	false	
Instruction	4036	S:0xC00432D6	0xF8D584C0	1	LDR      r8,[r5,#0x4c0]	false	
Instruction	4037	S:0xC00432DA	0xE9D90100	12	LDRD     r0,r1,[r9,#0]	false	
Instruction	4038	S:0xC00432DE	0xE9D34500	1	LDRD     r4,r5,[r3,#0]	false	
Instruction	4039	S:0xC00432E2	0x1A20	2	SUBS     r0,r4,r0	false	
Instruction	4040	S:0xC00432E4	0xEB650101	1	SBC      r1,r5,r1	false	
Instruction	4041	S:0xC00432E8	0xF7FCFB38	0	BL       {pc}-0x398c ; 0xc003f95c	true	
Instruction	4042	S:0xC003F95C	0xE92D03F0	1	PUSH     {r4-r9}	false	
Instruction	4043	S:0xC003F960	0xB500	5	PUSH     {lr}	false	
Instruction	4044	S:0xC003F962	0xF85DEB04	2	POP      {lr}	false	
Instruction	4045	S:0xC003F966	0xF64B7640	0	MOV      r6,#0xbf40	false	
Instruction	4046	S:0xC003F96A	0xF2CC0664	1	MOVT     r6,#0xc064	false	
Instruction	4047	S:0xC003F96E	0x6876	3	LDR      r6,[r6,#4]	false	
Instruction	4048	S:0xC003F970	0xFBA18906	3	UMULL    r8,r9,r1,r6	false	
Instruction	4049	S:0xC003F974	0xEA4F7CE6	1	ASR      r12,r6,#31	false	
Instruction	4050	S:0xC003F978	0xFBA06706	1	UMULL    r6,r7,r0,r6	false	
Instruction	4051	S:0xC003F97C	0xFB01990C	1	MLA      r9,r1,r12,r9	false	
Instruction	4052	S:0xC003F980	0xEA4F4408	1	LSL      r4,r8,#16	false	
Instruction	4053	S:0xC003F984	0xFB00770C	1	MLA      r7,r0,r12,r7	false	
Instruction	4054	S:0xC003F988	0x0C32	1	LSRS     r2,r6,#16	false	
Instruction	4055	S:0xC003F98A	0xEA4F4509	1	LSL      r5,r9,#16	false	
Instruction	4056	S:0xC003F98E	0xEA454518	1	ORR      r5,r5,r8,LSR #16	false	
Instruction	4057	S:0xC003F992	0xEA424207	1	ORR      r2,r2,r7,LSL #16	false	
Instruction	4058	S:0xC003F996	0x0C3B	1	LSRS     r3,r7,#16	false	
Instruction	4059	S:0xC003F998	0x1912	1	ADDS     r2,r2,r4	false	
Instruction	4060	S:0xC003F99A	0xEB430305	1	ADC      r3,r3,r5	false	
Instruction	4061	S:0xC003F99E	0x4610	0	MOV      r0,r2	false	
Instruction	4062	S:0xC003F9A0	0x4619	1	MOV      r1,r3	false	
Instruction	4063	S:0xC003F9A2	0xE8BD03F0	1	POP      {r4-r9}	false	
Instruction	4064	S:0xC003F9A6	0x4770	3	BX       lr	true	
Instruction	4065	S:0xC00432EC	0x2800	1	CMP      r0,#0	false	
Instruction	4066	S:0xC00432EE	0xF1710E00	1	SBCS     lr,r1,#0	false	
Instruction	4067	S:0xC00432F2	0xF2C080EB	0	BLT.W    {pc}+0x1da ; 0xc00434cc	true	fail
Instruction	4068	S:0xC00432F6	0x0A86	1	LSRS     r6,r0,#10	false	
Instruction	4069	S:0xC00432F8	0x0A8F	1	LSRS     r7,r1,#10	false	
Instruction	4070	S:0xC00432FA	0xEA465681	1	ORR      r6,r6,r1,LSL #22	false	
Instruction	4071	S:0xC00432FE	0xEA560E07	11	ORRS     lr,r6,r7	false	
Instruction	4072	S:0xC0043302	0xF04080A6	0	BNE.W    {pc}+0x150 ; 0xc0043452	true	
Instruction	4073	S:0xC0043452	0x4B86	30	LDR      r3,[pc,#536] ; [0xC004366C]	false	
Instruction	4074	S:0xC0043454	0xE9C94500	1	STRD     r4,r5,[r9,#0]	false	
Instruction	4075	S:0xC0043458	0x681A	2	LDR      r2,[r3,#0]	false	
Instruction	4076	S:0xC004345A	0x2A00	2	CMP      r2,#0	false	
Instruction	4077	S:0xC004345C	0xD140	0	BNE      {pc}+0x84 ; 0xc00434e0	true	
Instruction	4078	S:0xC00434E0	0xEB031308	26	ADD      r3,r3,r8,LSL #4	false	
Instruction	4079	S:0xC00434E4	0xF04F0B00	0	MOV      r11,#0	false	
Instruction	4080	S:0xC00434E8	0xF8D33098	3	LDR      r3,[r3,#0x98]	false	
Instruction	4081	S:0xC00434EC	0x469A	2	MOV      r10,r3	false	
Instruction	4082	S:0xC00434EE	0x9308	1	STR      r3,[sp,#0x20]	false	
Instruction	4083	S:0xC00434F0	0xE7BC	0	B        {pc}-0x84 ; 0xc004346c	true	
Instruction	4084	S:0xC004346C	0xF8DD802C	1	LDR      r8,[sp,#0x2c]	false	
Instruction	4085	S:0xC0043470	0xF24030FF	0	MOV      r0,#0x3ff	false	
Instruction	4086	S:0xC0043474	0x2100	1	MOVS     r1,#0	false	
Instruction	4087	S:0xC0043476	0xF8D8559C	2	LDR      r5,[r8,#0x59c]	false	
Instruction	4088	S:0xC004347A	0x05AA	3	LSLS     r2,r5,#22	false	
Instruction	4089	S:0xC004347C	0x0D92	2	LSRS     r2,r2,#22	false	
Instruction	4090	S:0xC004347E	0xEB160802	8	ADDS     r8,r6,r2	false	
Instruction	4091	S:0xC0043482	0xF1470900	1	ADC      r9,r7,#0	false	
Instruction	4092	S:0xC0043486	0x4549	1	CMP      r1,r9	false	
Instruction	4093	S:0xC0043488	0xBF08	0	IT       EQ	false	
Instruction	4094	S:0xC004348A	0x4540	1	CMP      r0,r8	false	
Instruction	4095	S:0xC004348C	0xD331	0	BCC      {pc}+0x66 ; 0xc00434f2	true	
Instruction	4096	S:0xC00434F2	0xF5C26C80	2	RSB      r12,r2,#0x400	false	
Instruction	4097	S:0xC00434F6	0x9C08	1	LDR      r4,[sp,#0x20]	false	
Instruction	4098	S:0xC00434F8	0xEBB6060C	1	SUBS     r6,r6,r12	false	
Instruction	4099	S:0xC00434FC	0xEB6777EC	1	SBC      r7,r7,r12,ASR #31	false	
Instruction	4100	S:0xC0043500	0x2201	16	MOVS     r2,#1	false	
Instruction	4101	S:0xC0043502	0x2300	0	MOVS     r3,#0	false	
Instruction	4102	S:0xC0043504	0x4465	1	ADD      r5,r5,r12	false	
Instruction	4103	S:0xC0043506	0xEA4F2896	1	LSR      r8,r6,#10	false	
Instruction	4104	S:0xC004350A	0x4006	1	ANDS     r6,r6,r0	false	
Instruction	4105	S:0xC004350C	0xFB0CFE04	1	MUL      lr,r12,r4	false	
Instruction	4106	S:0xC0043510	0x980B	1	LDR      r0,[sp,#0x2c]	false	
Instruction	4107	S:0xC0043512	0xEA485987	1	ORR      r9,r8,r7,LSL #22	false	
Instruction	4108	S:0xC0043516	0x9C0B	1	LDR      r4,[sp,#0x2c]	false	
Instruction	4109	S:0xC0043518	0xEA4F2897	1	LSR      r8,r7,#10	false	
Instruction	4110	S:0xC004351C	0xF8CD9018	1	STR      r9,[sp,#0x18]	false	
Instruction	4111	S:0xC0043520	0xF8CD801C	11	STR      r8,[sp,#0x1c]	false	
Instruction	4112	S:0xC0043524	0x400F	1	ANDS     r7,r7,r1	false	
Instruction	4113	S:0xC0043526	0xE9DD8906	1	LDRD     r8,r9,[sp,#0x18]	false	
Instruction	4114	S:0xC004352A	0x2100	1	MOVS     r1,#0	false	
Instruction	4115	S:0xC004352C	0xF8D005C8	12	LDR      r0,[r0,#0x5c8]	false	
Instruction	4116	S:0xC0043530	0xEA4F2E9E	1	LSR      lr,lr,#10	false	
Instruction	4117	S:0xC0043534	0xEB120208	1	ADDS     r2,r2,r8	false	
Instruction	4118	S:0xC0043538	0xF8D44598	1	LDR      r4,[r4,#0x598]	false	
Instruction	4119	S:0xC004353C	0xEB430309	1	ADC      r3,r3,r9	false	
Instruction	4120	S:0xC0043540	0x9004	2	STR      r0,[sp,#0x10]	false	
Instruction	4121	S:0xC0043542	0xF44F60FC	0	MOV      r0,#0x7e0	false	
Instruction	4122	S:0xC0043546	0xEB0E0904	1	ADD      r9,lr,r4	false	
Instruction	4123	S:0xC004354A	0x4299	1	CMP      r1,r3	false	
Instruction	4124	S:0xC004354C	0xBF08	1	IT       EQ	false	
Instruction	4125	S:0xC004354E	0x4290	1	CMP      r0,r2	false	
Instruction	4126	S:0xC0043550	0x9C04	1	LDR      r4,[sp,#0x10]	false	
Instruction	4127	S:0xC0043552	0xEB0E0804	2	ADD      r8,lr,r4	false	
Instruction	4128	S:0xC0043556	0xD34C	0	BCC      {pc}+0x9c ; 0xc00435f2	true	fail
Instruction	4129	S:0xC0043558	0x2A1F	16	CMP      r2,#0x1f	false	
Instruction	4130	S:0xC004355A	0x4694	0	MOV      r12,r2	false	
Instruction	4131	S:0xC004355C	0xF8DFE110	1	LDR      lr,[pc,#272] ; [0xC0043670] = 0xC03E83C8	false	
Instruction	4132	S:0xC0043560	0xD835	17	BHI      {pc}+0x6e ; 0xc00435ce	true	fail
Instruction	4133	S:0xC0043562	0xF85E2022	22	LDR      r2,[lr,r2,LSL #2]	false	
Instruction	4134	S:0xC0043566	0xFBA90102	3	UMULL    r0,r1,r9,r2	false	
Instruction	4135	S:0xC004356A	0xFBA22305	1	UMULL    r2,r3,r2,r5	false	
Instruction	4136	S:0xC004356E	0x4689	1	MOV      r9,r1	false	
Instruction	4137	S:0xC0043570	0x461D	1	MOV      r5,r3	false	
Instruction	4138	S:0xC0043572	0xF85E202C	1	LDR      r2,[lr,r12,LSL #2]	false	
Instruction	4139	S:0xC0043576	0xFBA22308	3	UMULL    r2,r3,r2,r8	false	
Instruction	4140	S:0xC004357A	0x4698	2	MOV      r8,r3	false	
Instruction	4141	S:0xC004357C	0xE9DD0106	1	LDRD     r0,r1,[sp,#0x18]	false	
Instruction	4142	S:0xC0043580	0xF7FEF8A6	7	BL       {pc}-0x1eb0 ; 0xc00416d0	true	
Instruction	4143	S:0xC00416D0	0xE92D03F0	3	PUSH     {r4-r9}	false	
Instruction	4144	S:0xC00416D4	0xB500	5	PUSH     {lr}	false	
Instruction	4145	S:0xC00416D6	0xF85DEB04	2	POP      {lr}	false	
Instruction	4146	S:0xC00416DA	0x2620	0	MOVS     r6,#0x20	false	
Instruction	4147	S:0xC00416DC	0x2700	1	MOVS     r7,#0	false	
Instruction	4148	S:0xC00416DE	0x428F	1	CMP      r7,r1	false	
Instruction	4149	S:0xC00416E0	0xBF08	0	IT       EQ	false	
Instruction	4150	S:0xC00416E2	0x4286	1	CMP      r6,r0	false	
Instruction	4151	S:0xC00416E4	0xD307	0	BCC      {pc}+0x12 ; 0xc00416f6	true	fail
Instruction	4152	S:0xC00416E6	0x4B31	1	LDR      r3,[pc,#196] ; [0xC00417AC]	false	
Instruction	4153	S:0xC00416E8	0xEB030080	2	ADD      r0,r3,r0,LSL #2	false	
Instruction	4154	S:0xC00416EC	0xF8D000FC	3	LDR      r0,[r0,#0xfc]	false	
Instruction	4155	S:0xC00416F0	0xE8BD03F0	1	POP      {r4-r9}	false	
Instruction	4156	S:0xC00416F4	0x4770	3	BX       lr	true	
Instruction	4157	S:0xC0043584	0x9B08	2	LDR      r3,[sp,#0x20]	false	
Instruction	4158	S:0xC0043586	0xFB03F200	3	MUL      r2,r3,r0	false	
Instruction	4159	S:0xC004358A	0x182D	1	ADDS     r5,r5,r0	false	
Instruction	4160	S:0xC004358C	0x0A92	2	LSRS     r2,r2,#10	false	
Instruction	4161	S:0xC004358E	0xEB020009	1	ADD      r0,r2,r9	false	
Instruction	4162	S:0xC0043592	0x4442	1	ADD      r2,r2,r8	false	
Instruction	4163	S:0xC0043594	0xE781	0	B        {pc}-0xfa ; 0xc004349a	true	
Instruction	4164	S:0xC004349A	0xFB06F30B	1	MUL      r3,r6,r11	false	
Instruction	4165	S:0xC004349E	0x19AC	1	ADDS     r4,r5,r6	false	
Instruction	4166	S:0xC00434A0	0xFB0A3307	21	MLA      r3,r10,r7,r3	false	
Instruction	4167	S:0xC00434A4	0xF8DD802C	1	LDR      r8,[sp,#0x2c]	false	
Instruction	4168	S:0xC00434A8	0xFBA6670A	1	UMULL    r6,r7,r6,r10	false	
Instruction	4169	S:0xC00434AC	0x4625	1	MOV      r5,r4	false	
Instruction	4170	S:0xC00434AE	0xF8C8459C	1	STR      r4,[r8,#0x59c]	false	
Instruction	4171	S:0xC00434B2	0x19DF	1	ADDS     r7,r3,r7	false	
Instruction	4172	S:0xC00434B4	0x0AB3	1	LSRS     r3,r6,#10	false	
Instruction	4173	S:0xC00434B6	0xEA435387	1	ORR      r3,r3,r7,LSL #22	false	
Instruction	4174	S:0xC00434BA	0x1818	1	ADDS     r0,r3,r0	false	
Instruction	4175	S:0xC00434BC	0x189B	1	ADDS     r3,r3,r2	false	
Instruction	4176	S:0xC00434BE	0xF8C80598	13	STR      r0,[r8,#0x598]	false	
Instruction	4177	S:0xC00434C2	0xF8C835C8	1	STR      r3,[r8,#0x5c8]	false	
Instruction	4178	S:0xC00434C6	0xE725	1	B        {pc}-0x1b2 ; 0xc0043314	true	
Instruction	4179	S:0xC0043314	0xF8DD802C	2	LDR      r8,[sp,#0x2c]	false	
Instruction	4180	S:0xC0043318	0x3401	1	ADDS     r4,#1	false	
Instruction	4181	S:0xC004331A	0x2100	0	MOVS     r1,#0	false	
Instruction	4182	S:0xC004331C	0xF8D890B8	2	LDR      r9,[r8,#0xb8]	false	
Instruction	4183	S:0xC0043320	0xEA4F2880	15	LSL      r8,r0,#10	false	
Instruction	4184	S:0xC0043324	0x980B	1	LDR      r0,[sp,#0x2c]	false	
Instruction	4185	S:0xC0043326	0xF8D005C8	3	LDR      r0,[r0,#0x5c8]	false	
Instruction	4186	S:0xC004332A	0x9003	1	STR      r0,[sp,#0xc]	false	
Instruction	4187	S:0xC004332C	0x4640	0	MOV      r0,r8	false	
Instruction	4188	S:0xC004332E	0xF8DD802C	1	LDR      r8,[sp,#0x2c]	false	
Instruction	4189	S:0xC0043332	0xF20DFD2D	0	BL       {pc}+0x20da5e ; 0xc0250d90	true	
Cycle Count				250	Tracing disabled		
Info					Tracing enabled		
Instruction	4190	S:0xC0043336	0x1C6C	1	ADDS     r4,r5,#1	false	
Instruction	4191	S:0xC0043338	0x9D03	1	LDR      r5,[sp,#0xc]	false	
Instruction	4192	S:0xC004333A	0xEBC90702	1	RSB      r7,r9,r2	false	
Instruction	4193	S:0xC004333E	0xF8D860BC	15	LDR      r6,[r8,#0xbc]	false	
Instruction	4194	S:0xC0043342	0xEA877AE7	1	EOR      r10,r7,r7,ASR #31	false	
Instruction	4195	S:0xC0043346	0xEBAA7AE7	1	SUB      r10,r10,r7,ASR #31	false	
Instruction	4196	S:0xC004334A	0x2100	0	MOVS     r1,#0	false	
Instruction	4197	S:0xC004334C	0x02A8	1	LSLS     r0,r5,#10	false	
Instruction	4198	S:0xC004334E	0xF8D850DC	1	LDR      r5,[r8,#0xdc]	false	
Instruction	4199	S:0xC0043352	0xF20DFD1D	0	BL       {pc}+0x20da3e ; 0xc0250d90	true	
Cycle Count				220	Tracing disabled		
Info					Tracing enabled		
Instruction	4200	S:0xC0043356	0xEBBA1F99	1	CMP      r10,r9,LSR #6	false	
Instruction	4201	S:0xC004335A	0xEBC60202	1	RSB      r2,r6,r2	false	
Instruction	4202	S:0xC004335E	0xD806	1	BHI      {pc}+0x10 ; 0xc004336e	true	
Instruction	4203	S:0xC004336E	0xF1050338	14	ADD      r3,r5,#0x38	false	
Instruction	4204	S:0xC0043372	0xE8531F00	20	LDREX    r1,[r3]	false	
Instruction	4205	S:0xC0043376	0x4439	2	ADD      r1,r1,r7	false	
Instruction	4206	S:0xC0043378	0xE8431000	23	STREX    r0,r1,[r3]	false	
Instruction	4207	S:0xC004337C	0xF0900F00	2	TEQ      r0,#0	false	
Instruction	4208	S:0xC0043380	0xD1F7	1	BNE      {pc}-0xe ; 0xc0043372	true	fail
Instruction	4209	S:0xC0043382	0xF8DD802C	1	LDR      r8,[sp,#0x2c]	false	
Instruction	4210	S:0xC0043386	0xF105033C	0	ADD      r3,r5,#0x3c	false	
Instruction	4211	S:0xC004338A	0xF8D810B8	3	LDR      r1,[r8,#0xb8]	false	
Instruction	4212	S:0xC004338E	0x19CF	2	ADDS     r7,r1,r7	false	
Instruction	4213	S:0xC0043390	0xF8C870B8	1	STR      r7,[r8,#0xb8]	false	
Instruction	4214	S:0xC0043394	0xE8531F00	10	LDREX    r1,[r3]	false	
Instruction	4215	S:0xC0043398	0x4411	2	ADD      r1,r1,r2	false	
Instruction	4216	S:0xC004339A	0xE8431000	7	STREX    r0,r1,[r3]	false	
Instruction	4217	S:0xC004339E	0xF0900F00	2	TEQ      r0,#0	false	
Instruction	4218	S:0xC00433A2	0xD1F7	0	BNE      {pc}-0xe ; 0xc0043394	true	fail
Instruction	4219	S:0xC00433A4	0xF8D830BC	14	LDR      r3,[r8,#0xbc]	false	
Instruction	4220	S:0xC00433A8	0x189A	2	ADDS     r2,r3,r2	false	
Instruction	4221	S:0xC00433AA	0xF8C820BC	1	STR      r2,[r8,#0xbc]	false	
Instruction	4222	S:0xC00433AE	0x4B19	1	LDR      r3,[pc,#100] ; [0xC0043414] = 0xC0635FCC	false	
Instruction	4223	S:0xC00433B0	0xF8DD902C	1	LDR      r9,[sp,#0x2c]	false	
Instruction	4224	S:0xC00433B4	0x685A	2	LDR      r2,[r3,#4]	false	
Instruction	4225	S:0xC00433B6	0xF8D90598	1	LDR      r0,[r9,#0x598]	false	
Instruction	4226	S:0xC00433BA	0xF8D9159C	1	LDR      r1,[r9,#0x59c]	false	
Instruction	4227	S:0xC00433BE	0xF8D984C0	1	LDR      r8,[r9,#0x4c0]	false	
Instruction	4228	S:0xC00433C2	0x2A00	0	CMP      r2,#0	false	
Instruction	4229	S:0xC00433C4	0xF040813C	1	BNE.W    {pc}+0x27c ; 0xc0043640	true	fail
Instruction	4230	S:0xC00433C8	0x4B13	1	LDR      r3,[pc,#76] ; [0xC0043418] = 0xC0635FB8	false	
Instruction	4231	S:0xC00433CA	0xF8DD902C	1	LDR      r9,[sp,#0x2c]	false	
Instruction	4232	S:0xC00433CE	0x685A	12	LDR      r2,[r3,#4]	false	
Instruction	4233	S:0xC00433D0	0xE9D94524	1	LDRD     r4,r5,[r9,#0x90]	false	
Instruction	4234	S:0xC00433D4	0x2A00	1	CMP      r2,#0	false	
Instruction	4235	S:0xC00433D6	0xF04080EB	0	BNE.W    {pc}+0x1da ; 0xc00435b0	true	fail
Instruction	4236	S:0xC00433DA	0xB011	1	ADD      sp,sp,#0x44	false	
Instruction	4237	S:0xC00433DC	0xE8BD8FF0	3	POP      {r4-r11,pc}	true	
Instruction	4238	S:0xC003CC52	0xF3BF8F5F	13	DMB      	false	
Instruction	4239	S:0xC003CC56	0xF8353008	31	LDRH     r3,[r5,r8]	false	
Instruction	4240	S:0xC003CC5A	0x3301	2	ADDS     r3,#1	false	
Instruction	4241	S:0xC003CC5C	0xF8253008	1	STRH     r3,[r5,r8]	false	
Instruction	4242	S:0xC003CC60	0xF3BF8F4F	37	DSB      	false	
Instruction	4243	S:0xC003CC64	0xF3AF8004	1	SEV.W    	false	
Instruction	4244	S:0xC003CC68	0xF049FF64	1	BL       {pc}+0x49ecc ; 0xc0086b34	true	
Cycle Count				149	Tracing disabled		
Info					Tracing enabled		
Instruction	4245	S:0xC003CC6C	0xF85A2026	1	LDR      r2,[r10,r6,LSL #2]	false	
Instruction	4246	S:0xC003CC70	0x464B	0	MOV      r3,r9	false	
Instruction	4247	S:0xC003CC72	0x189B	2	ADDS     r3,r3,r2	false	
Instruction	4248	S:0xC003CC74	0xF8D31460	3	LDR      r1,[r3,#0x460]	false	
Instruction	4249	S:0xC003CC78	0xF8D32464	1	LDR      r2,[r3,#0x464]	false	
Instruction	4250	S:0xC003CC7C	0x4291	2	CMP      r1,r2	false	
Instruction	4251	S:0xC003CC7E	0xD00B	0	BEQ      {pc}+0x1a ; 0xc003cc98	true	fail
Instruction	4252	S:0xC003CC80	0x2300	5	MOVS     r3,#0	false	
Instruction	4253	S:0xC003CC82	0xF8843498	1	STRB     r3,[r4,#0x498]	false	
Instruction	4254	S:0xC003CC86	0x4620	1	MOV      r0,r4	false	
Instruction	4255	S:0xC003CC88	0x4631	0	MOV      r1,r6	false	
Instruction	4256	S:0xC003CC8A	0xF107070C	1	ADD      r7,r7,#0xc	false	
Instruction	4257	S:0xC003CC8E	0x46BD	1	MOV      sp,r7	false	
Instruction	4258	S:0xC003CC90	0xE8BD4FF0	5	POP      {r4-r11,lr}	false	
Instruction	4259	S:0xC003CC94	0xF009BE84	7	B.W      {pc}+0x9d0c ; 0xc00469a0	true	
Instruction	4260	S:0xC00469A0	0xE92D4FF0	50	PUSH     {r4-r11,lr}	false	
Instruction	4261	S:0xC00469A4	0xB083	7	SUB      sp,sp,#0xc	false	
Instruction	4262	S:0xC00469A6	0xB500	3	PUSH     {lr}	false	
Instruction	4263	S:0xC00469A8	0xF85DEB04	2	POP      {lr}	false	
Instruction	4264	S:0xC00469AC	0x4C77	12	LDR      r4,[pc,#476] ; [0xC0046B8C]	false	
Instruction	4265	S:0xC00469AE	0xF8D0346C	2	LDR      r3,[r0,#0x46c]	false	
Instruction	4266	S:0xC00469B2	0x4606	0	MOV      r6,r0	false	
Instruction	4267	S:0xC00469B4	0x460D	1	MOV      r5,r1	false	
Instruction	4268	S:0xC00469B6	0x6822	3	LDR      r2,[r4,#0]	false	
Instruction	4269	S:0xC00469B8	0x1AD3	2	SUBS     r3,r2,r3	false	
Instruction	4270	S:0xC00469BA	0x2B00	1	CMP      r3,#0	false	
Instruction	4271	S:0xC00469BC	0xDB0A	0	BLT      {pc}+0x18 ; 0xc00469d4	true	fail
Instruction	4272	S:0xC00469BE	0x4A74	1	LDR      r2,[pc,#464] ; [0xC0046B90]	false	
Instruction	4273	S:0xC00469C0	0x4B74	1	LDR      r3,[pc,#464] ; [0xC0046B94]	false	
Instruction	4274	S:0xC00469C2	0xF8522021	2	LDR      r2,[r2,r1,LSL #2]	false	
Instruction	4275	S:0xC00469C6	0x189B	2	ADDS     r3,r3,r2	false	
Instruction	4276	S:0xC00469C8	0xF8D33490	3	LDR      r3,[r3,#0x490]	false	
Instruction	4277	S:0xC00469CC	0xB113	2	CBZ      r3,{pc}+8 ; 0xc00469d4	true	fail
Instruction	4278	S:0xC00469CE	0x2007	1	MOVS     r0,#7	false	
Instruction	4279	S:0xC00469D0	0xF7DAFD56	0	BL       {pc}-0x25550 ; 0xc0021480	true	
Instruction	4280	S:0xC0021480	0xB510	2	PUSH     {r4,lr}	false	
Instruction	4281	S:0xC0021482	0xB500	1	PUSH     {lr}	false	
Instruction	4282	S:0xC0021484	0xF85DEB04	2	POP      {lr}	false	
Instruction	4283	S:0xC0021488	0xF3EF8400	1	MRS      r4,APSR ; formerly CPSR	false	
Instruction	4284	S:0xC002148C	0xB672	1	CPSID    i	false	
Instruction	4285	S:0xC002148E	0xF7FFFEF1	1	BL       {pc}-0x21a ; 0xc0021274	true	
Instruction	4286	S:0xC0021274	0xB538	1	PUSH     {r3-r5,lr}	false	
Instruction	4287	S:0xC0021276	0xB500	4	PUSH     {lr}	false	
Instruction	4288	S:0xC0021278	0xF85DEB04	2	POP      {lr}	false	
Instruction	4289	S:0xC002127C	0x4605	0	MOV      r5,r0	false	
Instruction	4290	S:0xC002127E	0x4B0F	2	LDR      r3,[pc,#60] ; [0xC00212BC] = 0xC0635D24	false	
Instruction	4291	S:0xC0021280	0x6ADA	5	LDR      r2,[r3,#0x2c]	false	
Instruction	4292	S:0xC0021282	0xB972	2	CBNZ     r2,{pc}+0x20 ; 0xc00212a2	true	fail
Instruction	4293	S:0xC0021284	0x466A	1	MOV      r2,sp	false	
Instruction	4294	S:0xC0021286	0x2101	0	MOVS     r1,#1	false	
Instruction	4295	S:0xC0021288	0xF42253FF	1	BIC      r3,r2,#0x1fe0	false	
Instruction	4296	S:0xC002128C	0x4A0C	1	LDR      r2,[pc,#48] ; [0xC00212C0] = 0xC06498C0	false	
Instruction	4297	S:0xC002128E	0xF023031F	0	BIC      r3,r3,#0x1f	false	
Instruction	4298	S:0xC0021292	0xFA01F505	1	LSL      r5,r1,r5	false	
Instruction	4299	S:0xC0021296	0x695B	4	LDR      r3,[r3,#0x14]	false	
Instruction	4300	S:0xC0021298	0x019B	3	LSLS     r3,r3,#6	false	
Instruction	4301	S:0xC002129A	0x58D1	5	LDR      r1,[r2,r3]	false	
Instruction	4302	S:0xC002129C	0x4329	2	ORRS     r1,r1,r5	false	
Instruction	4303	S:0xC002129E	0x50D1	1	STR      r1,[r2,r3]	false	
Instruction	4304	S:0xC00212A0	0xBD38	1	POP      {r3-r5,pc}	true	
Instruction	4305	S:0xC0021492	0x466A	2	MOV      r2,sp	false	
Instruction	4306	S:0xC0021494	0xF42253FF	1	BIC      r3,r2,#0x1fe0	false	
Instruction	4307	S:0xC0021498	0xF023031F	1	BIC      r3,r3,#0x1f	false	
Instruction	4308	S:0xC002149C	0x685B	3	LDR      r3,[r3,#4]	false	
Instruction	4309	S:0xC002149E	0xF0234378	2	BIC      r3,r3,#0xf8000000	false	
Instruction	4310	S:0xC00214A2	0xF02303FF	1	BIC      r3,r3,#0xff	false	
Instruction	4311	S:0xC00214A6	0xB113	1	CBZ      r3,{pc}+8 ; 0xc00214ae	true	fail
Instruction	4312	S:0xC00214A8	0xF3848100	12	MSR      CPSR_c,r4	false	
Instruction	4313	S:0xC00214AC	0xBD10	5	POP      {r4,pc}	true	
Instruction	4314	S:0xC00469D4	0x4628	1	MOV      r0,r5	false	
Instruction	4315	S:0xC00469D6	0x6827	2	LDR      r7,[r4,#0]	false	
Instruction	4316	S:0xC00469D8	0xF7F6FA98	0	BL       {pc}-0x9acc ; 0xc003cf0c	true	
Instruction	4317	S:0xC003CF0C	0xB488	15	PUSH     {r3,r7}	false	
Instruction	4318	S:0xC003CF0E	0xAF00	1	ADD      r7,sp,#0	false	
Instruction	4319	S:0xC003CF10	0xB500	2	PUSH     {lr}	false	
Instruction	4320	S:0xC003CF12	0xF85DEB04	2	POP      {lr}	false	
Instruction	4321	S:0xC003CF16	0x4A0C	23	LDR      r2,[pc,#48] ; [0xC003CF48] = 0xC05FD5C0	false	
Instruction	4322	S:0xC003CF18	0x4B0C	2	LDR      r3,[pc,#48] ; [0xC003CF4C] = 0xC05F3080	false	
Instruction	4323	S:0xC003CF1A	0xF8522020	1	LDR      r2,[r2,r0,LSL #2]	false	
Instruction	4324	S:0xC003CF1E	0x189B	2	ADDS     r3,r3,r2	false	
Instruction	4325	S:0xC003CF20	0xF8D31460	5	LDR      r1,[r3,#0x460]	false	
Instruction	4326	S:0xC003CF24	0xF8D32464	3	LDR      r2,[r3,#0x464]	false	
Instruction	4327	S:0xC003CF28	0x4291	2	CMP      r1,r2	false	
Instruction	4328	S:0xC003CF2A	0xD003	0	BEQ      {pc}+0xa ; 0xc003cf34	true	fail
Instruction	4329	S:0xC003CF2C	0x2000	1	MOVS     r0,#0	false	
Instruction	4330	S:0xC003CF2E	0x46BD	0	MOV      sp,r7	false	
Instruction	4331	S:0xC003CF30	0xBC88	3	POP      {r3,r7}	false	
Instruction	4332	S:0xC003CF32	0x4770	1	BX       lr	true	
Instruction	4333	S:0xC00469DC	0xBB00	1	CBNZ     r0,{pc}+0x44 ; 0xc0046a20	true	fail
Instruction	4334	S:0xC00469DE	0x466A	1	MOV      r2,sp	false	
Instruction	4335	S:0xC00469E0	0xF42253FF	1	BIC      r3,r2,#0x1fe0	false	
Instruction	4336	S:0xC00469E4	0xF023031F	1	BIC      r3,r3,#0x1f	false	
Instruction	4337	S:0xC00469E8	0x695B	3	LDR      r3,[r3,#0x14]	false	
Instruction	4338	S:0xC00469EA	0xF8DF91A4	1	LDR      r9,[pc,#420] ; [0xC0046B90]	false	
Instruction	4339	S:0xC00469EE	0xF8DF81A4	1	LDR      r8,[pc,#420] ; [0xC0046B94]	false	
Instruction	4340	S:0xC00469F2	0xF8592023	2	LDR      r2,[r9,r3,LSL #2]	false	
Instruction	4341	S:0xC00469F6	0x4643	1	MOV      r3,r8	false	
Instruction	4342	S:0xC00469F8	0x189B	1	ADDS     r3,r3,r2	false	
Instruction	4343	S:0xC00469FA	0xF8D32490	3	LDR      r2,[r3,#0x490]	false	
Instruction	4344	S:0xC00469FE	0xB10A	2	CBZ      r2,{pc}+6 ; 0xc0046a04	true	fail
Instruction	4345	S:0xC0046A00	0x6B93	15	LDR      r3,[r2,#0x38]	false	
Instruction	4346	S:0xC0046A02	0xB983	2	CBNZ     r3,{pc}+0x24 ; 0xc0046a26	true	
Timestamp					Timestamp: 562536984255		
Instruction	4347	S:0xC0046A26	0x6390	23	STR      r0,[r2,#0x38]	false	
Instruction	4348	S:0xC0046A28	0x6893	1	LDR      r3,[r2,#8]	false	
Instruction	4349	S:0xC0046A2A	0x68DB	64	LDR      r3,[r3,#0xc]	false	
Instruction	4350	S:0xC0046A2C	0xF1030410	2	ADD      r4,r3,#0x10	false	
Instruction	4351	S:0xC0046A30	0xE8541F00	19	LDREX    r1,[r4]	false	
Instruction	4352	S:0xC0046A34	0xF1010101	2	ADD      r1,r1,#1	false	
Instruction	4353	S:0xC0046A38	0xE8441000	21	STREX    r0,r1,[r4]	false	
Instruction	4354	S:0xC0046A3C	0xF0900F00	2	TEQ      r0,#0	false	
Instruction	4355	S:0xC0046A40	0xD1F6	0	BNE      {pc}-0x10 ; 0xc0046a30	true	fail
Instruction	4356	S:0xC0046A42	0x6812	1	LDR      r2,[r2,#0]	false	
Instruction	4357	S:0xC0046A44	0x2A00	2	CMP      r2,#0	false	
Instruction	4358	S:0xC0046A46	0xD1EF	0	BNE      {pc}-0x1e ; 0xc0046a28	true	
Instruction	4359	S:0xC0046A28	0x6893	18	LDR      r3,[r2,#8]	false	
Instruction	4360	S:0xC0046A2A	0x68DB	19	LDR      r3,[r3,#0xc]	false	
Instruction	4361	S:0xC0046A2C	0xF1030410	2	ADD      r4,r3,#0x10	false	
Instruction	4362	S:0xC0046A30	0xE8541F00	18	LDREX    r1,[r4]	false	
Instruction	4363	S:0xC0046A34	0xF1010101	2	ADD      r1,r1,#1	false	
Instruction	4364	S:0xC0046A38	0xE8441000	27	STREX    r0,r1,[r4]	false	
Instruction	4365	S:0xC0046A3C	0xF0900F00	2	TEQ      r0,#0	false	
Instruction	4366	S:0xC0046A40	0xD1F6	0	BNE      {pc}-0x10 ; 0xc0046a30	true	fail
Instruction	4367	S:0xC0046A42	0x6812	8	LDR      r2,[r2,#0]	false	
Instruction	4368	S:0xC0046A44	0x2A00	2	CMP      r2,#0	false	
Instruction	4369	S:0xC0046A46	0xD1EF	1	BNE      {pc}-0x1e ; 0xc0046a28	true	fail
Instruction	4370	S:0xC0046A48	0xE7DC	8	B        {pc}-0x44 ; 0xc0046a04	true	
Instruction	4371	S:0xC0046A04	0xF8593025	3	LDR      r3,[r9,r5,LSL #2]	false	
Instruction	4372	S:0xC0046A08	0x4644	1	MOV      r4,r8	false	
Instruction	4373	S:0xC0046A0A	0x18E3	1	ADDS     r3,r4,r3	false	
Instruction	4374	S:0xC0046A0C	0x4A60	3	LDR      r2,[pc,#384] ; [0xC0046B90]	false	
Instruction	4375	S:0xC0046A0E	0x6A9B	3	LDR      r3,[r3,#0x28]	false	
Instruction	4376	S:0xC0046A10	0xF0130F01	2	TST      r3,#1	false	
Instruction	4377	S:0xC0046A14	0x4B60	1	LDR      r3,[pc,#384] ; [0xC0046B98]	false	
Instruction	4378	S:0xC0046A16	0xD16A	0	BNE      {pc}+0xd8 ; 0xc0046aee	true	
Instruction	4379	S:0xC0046AEE	0xF50371A0	2	ADD      r1,r3,#0x140	false	
Instruction	4380	S:0xC0046AF2	0x4628	0	MOV      r0,r5	false	
Instruction	4381	S:0xC0046AF4	0x9300	3	STR      r3,[sp,#0]	false	
Instruction	4382	S:0xC0046AF6	0x9201	3	STR      r2,[sp,#4]	false	
Instruction	4383	S:0xC0046AF8	0xF209F81E	0	BL       {pc}+0x209040 ; 0xc024fb38	true	
Cycle Count				66	Tracing disabled		
Info					Tracing enabled		
Instruction	4384	S:0xC0046AFC	0x9B00	1	LDR      r3,[sp,#0]	false	
Instruction	4385	S:0xC0046AFE	0xF50371A2	2	ADD      r1,r3,#0x144	false	
Instruction	4386	S:0xC0046B02	0xE8510F00	5	LDREX    r0,[r1]	false	
Instruction	4387	S:0xC0046B06	0xF1A00001	2	SUB      r0,r0,#1	false	
Instruction	4388	S:0xC0046B0A	0xE8410E00	7	STREX    lr,r0,[r1]	false	
Instruction	4389	S:0xC0046B0E	0xF09E0F00	2	TEQ      lr,#0	false	
Instruction	4390	S:0xC0046B12	0xD1F6	0	BNE      {pc}-0x10 ; 0xc0046b02	true	fail
Instruction	4391	S:0xC0046B14	0x9A01	8	LDR      r2,[sp,#4]	false	
Instruction	4392	S:0xC0046B16	0x2000	0	MOVS     r0,#0	false	
Instruction	4393	S:0xC0046B18	0xF8521025	3	LDR      r1,[r2,r5,LSL #2]	false	
Instruction	4394	S:0xC0046B1C	0x9300	1	STR      r3,[sp,#0]	false	
Instruction	4395	S:0xC0046B1E	0x1861	1	ADDS     r1,r4,r1	false	
Instruction	4396	S:0xC0046B20	0x3128	1	ADDS     r1,r1,#0x28	false	
Instruction	4397	S:0xC0046B22	0xF209F809	0	BL       {pc}+0x209016 ; 0xc024fb38	true	
Cycle Count				36	Tracing disabled		
Info					Tracing enabled		
Instruction	4398	S:0xC0046B26	0x9B00	1	LDR      r3,[sp,#0]	false	
Instruction	4399	S:0xC0046B28	0xE776	1	B        {pc}-0x110 ; 0xc0046a18	true	
Instruction	4400	S:0xC0046A18	0xF8D32144	3	LDR      r2,[r3,#0x144]	false	
Instruction	4401	S:0xC0046A1C	0x495E	1	LDR      r1,[pc,#376] ; [0xC0046B98]	false	
Instruction	4402	S:0xC0046A1E	0xB9A2	1	CBNZ     r2,{pc}+0x2c ; 0xc0046a4a	true	
Instruction	4403	S:0xC0046A4A	0xF8D12148	8	LDR      r2,[r1,#0x148]	false	
Instruction	4404	S:0xC0046A4E	0x1ABA	2	SUBS     r2,r7,r2	false	
Instruction	4405	S:0xC0046A50	0x2A00	1	CMP      r2,#0	false	
Instruction	4406	S:0xC0046A52	0xDBE5	0	BLT      {pc}-0x32 ; 0xc0046a20	true	fail
Instruction	4407	S:0xC0046A54	0xF8592025	1	LDR      r2,[r9,r5,LSL #2]	false	
Instruction	4408	S:0xC0046A58	0xF50171A0	0	ADD      r1,r1,#0x140	false	
Instruction	4409	S:0xC0046A5C	0x4C4F	1	LDR      r4,[pc,#316] ; [0xC0046B9C]	false	
Instruction	4410	S:0xC0046A5E	0xF04F30FF	13	MOV      r0,#0xffffffff	false	
Instruction	4411	S:0xC0046A62	0x4F4F	1	LDR      r7,[pc,#316] ; [0xC0046BA0]	false	
Instruction	4412	S:0xC0046A64	0x46A6	1	MOV      lr,r4	false	
Instruction	4413	S:0xC0046A66	0xF8DFA128	1	LDR      r10,[pc,#296] ; [0xC0046B90]	false	
Instruction	4414	S:0xC0046A6A	0xF85E2002	4	LDR      r2,[lr,r2]	false	
Instruction	4415	S:0xC0046A6E	0x9300	3	STR      r3,[sp,#0]	false	
Instruction	4416	S:0xC0046A70	0xF20BFD48	0	BL       {pc}+0x20ba94 ; 0xc0252504	true	
Cycle Count				335	Tracing disabled		
Info					Tracing enabled		
Instruction	4417	S:0xC0046A74	0x683A	1	LDR      r2,[r7,#0]	false	
Instruction	4418	S:0xC0046A76	0x9B00	1	LDR      r3,[sp,#0]	false	
Instruction	4419	S:0xC0046A78	0x4290	1	CMP      r0,r2	false	
Instruction	4420	S:0xC0046A7A	0xDAD1	0	BGE      {pc}-0x5a ; 0xc0046a20	true	
Instruction	4421	S:0xC0046A20	0xB003	20	ADD      sp,sp,#0xc	false	
Instruction	4422	S:0xC0046A22	0xE8BD8FF0	3	POP      {r4-r11,pc}	true	
Instruction	4423	S:0xC0026364	0x4628	13	MOV      r0,r5	false	
Instruction	4424	S:0xC0026366	0xE8BD40F8	1	POP      {r3-r7,lr}	false	
Instruction	4425	S:0xC002636A	0xF00EB931	3	B.W      {pc}+0xe266 ; 0xc00345d0	true	
Instruction	4426	S:0xC00345D0	0xE92D4FF0	12	PUSH     {r4-r11,lr}	false	
Instruction	4427	S:0xC00345D4	0xB08D	5	SUB      sp,sp,#0x34	false	
Instruction	4428	S:0xC00345D6	0xB500	3	PUSH     {lr}	false	
Instruction	4429	S:0xC00345D8	0xF85DEB04	2	POP      {lr}	false	
Instruction	4430	S:0xC00345DC	0xF10D0918	1	ADD      r9,sp,#0x18	false	
Instruction	4431	S:0xC00345E0	0x4680	7	MOV      r8,r0	false	
Instruction	4432	S:0xC00345E2	0xF8CD9018	1	STR      r9,[sp,#0x18]	false	
Instruction	4433	S:0xC00345E6	0xF8CD901C	1	STR      r9,[sp,#0x1c]	false	
Instruction	4434	S:0xC00345EA	0xF3EF8300	1	MRS      r3,APSR ; formerly CPSR	false	
Instruction	4435	S:0xC00345EE	0x061B	3	LSLS     r3,r3,#24	false	
Instruction	4436	S:0xC00345F0	0xF1408250	0	BPL.W    {pc}+0x4a4 ; 0xc0034a94	true	fail
Instruction	4437	S:0xC00345F4	0xF8D012F0	14	LDR      r1,[r0,#0x2f0]	false	
Instruction	4438	S:0xC00345F8	0xF8D842B4	3	LDR      r4,[r8,#0x2b4]	false	
Instruction	4439	S:0xC00345FC	0xF8D002B0	1	LDR      r0,[r0,#0x2b0]	false	
Instruction	4440	S:0xC0034600	0xB9B1	1	CBNZ     r1,{pc}+0x30 ; 0xc0034630	true	fail
Instruction	4441	S:0xC0034602	0xF8D812F4	16	LDR      r1,[r8,#0x2f4]	false	
Instruction	4442	S:0xC0034606	0x2900	2	CMP      r1,#0	false	
Instruction	4443	S:0xC0034608	0xF040811F	1	BNE.W    {pc}+0x242 ; 0xc003484a	true	fail
Instruction	4444	S:0xC003460C	0xF508733E	20	ADD      r3,r8,#0x2f8	false	
Instruction	4445	S:0xC0034610	0xE9D32300	3	LDRD     r2,r3,[r3,#0]	false	
Instruction	4446	S:0xC0034614	0xEA520503	2	ORRS     r5,r2,r3	false	
Instruction	4447	S:0xC0034618	0xF0408117	1	BNE.W    {pc}+0x232 ; 0xc003484a	true	fail
Instruction	4448	S:0xC003461C	0xF8D843D4	18	LDR      r4,[r8,#0x3d4]	false	
Instruction	4449	S:0xC0034620	0xF8D430D8	5	LDR      r3,[r4,#0xd8]	false	
Instruction	4450	S:0xC0034624	0x2B00	2	CMP      r3,#0	false	
Instruction	4451	S:0xC0034626	0xF0408115	1	BNE.W    {pc}+0x22e ; 0xc0034854	true	fail
Instruction	4452	S:0xC003462A	0xB00D	1	ADD      sp,sp,#0x34	false	
Instruction	4453	S:0xC003462C	0xE8BD8FF0	3	POP      {r4-r11,pc}	true	
Instruction	4454	S:0xC0055568	0x2001	13	MOVS     r0,#1	false	
Instruction	4455	S:0xC005556A	0xE8BD4008	1	POP      {r3,lr}	false	
Instruction	4456	S:0xC005556E	0xF7F9BB5D	1	B        {pc}-0x6942 ; 0xc004ec2c	true	
Instruction	4457	S:0xC004EC2C	0xB538	71	PUSH     {r3-r5,lr}	false	
Instruction	4458	S:0xC004EC2E	0xB500	4	PUSH     {lr}	false	
Instruction	4459	S:0xC004EC30	0xF85DEB04	2	POP      {lr}	false	
Instruction	4460	S:0xC004EC34	0x4604	0	MOV      r4,r0	false	
Instruction	4461	S:0xC004EC36	0x4B15	13	LDR      r3,[pc,#84] ; [0xC004EC8C] = 0xC05F1F34	false	
Instruction	4462	S:0xC004EC38	0xEE1D2F90	1	MRC      p15,#0x0,r2,c13,c0,#4	false	
Instruction	4463	S:0xC004EC3C	0x58D2	6	LDR      r2,[r2,r3]	false	
Instruction	4464	S:0xC004EC3E	0x6C13	5	LDR      r3,[r2,#0x40]	false	
Instruction	4465	S:0xC004EC40	0x0718	32	LSLS     r0,r3,#28	false	
Instruction	4466	S:0xC004EC42	0xD014	0	BEQ      {pc}+0x2c ; 0xc004ec6e	true	
Instruction	4467	S:0xC004EC6E	0xBD38	48	POP      {r3-r5,pc}	true	
Instruction	4468	S:0xC0055758	0x4907	12	LDR      r1,[pc,#28] ; [0xC0055778] = 0xC064D488	false	
Instruction	4469	S:0xC005575A	0x4622	0	MOV      r2,r4	false	
Instruction	4470	S:0xC005575C	0x462B	1	MOV      r3,r5	false	
Instruction	4471	S:0xC005575E	0x4630	0	MOV      r0,r6	false	
Instruction	4472	S:0xC0055760	0xE9D14500	17	LDRD     r4,r5,[r1,#0]	false	
Instruction	4473	S:0xC0055764	0xE9CD4500	3	STRD     r4,r5,[sp,#0]	false	
Instruction	4474	S:0xC0055768	0xF7DFFDE8	1	BL       {pc}-0x2042c ; 0xc003533c	true	
Instruction	4475	S:0xC003533C	0xE92D47F0	1	PUSH     {r4-r10,lr}	false	
Instruction	4476	S:0xC0035340	0xB08A	11	SUB      sp,sp,#0x28	false	
Instruction	4477	S:0xC0035342	0xB500	3	PUSH     {lr}	false	
Instruction	4478	S:0xC0035344	0xF85DEB04	2	POP      {lr}	false	
Instruction	4479	S:0xC0035348	0x4682	1	MOV      r10,r0	false	
Instruction	4480	S:0xC003534A	0x4616	0	MOV      r6,r2	false	
Instruction	4481	S:0xC003534C	0x461F	1	MOV      r7,r3	false	
Instruction	4482	S:0xC003534E	0xE9DA2304	4	LDRD     r2,r3,[r10,#0x10]	false	
Instruction	4483	S:0xC0035352	0x9812	3	LDR      r0,[sp,#0x48]	false	
Instruction	4484	S:0xC0035354	0x1AB2	1	SUBS     r2,r6,r2	false	
Instruction	4485	S:0xC0035356	0xEB670303	1	SBC      r3,r7,r3	false	
Instruction	4486	S:0xC003535A	0x9913	1	LDR      r1,[sp,#0x4c]	false	
Instruction	4487	S:0xC003535C	0x2A00	0	CMP      r2,#0	false	
Instruction	4488	S:0xC003535E	0xF1730400	1	SBCS     r4,r3,#0	false	
Instruction	4489	S:0xC0035362	0xDB2F	0	BLT      {pc}+0x62 ; 0xc00353c4	true	fail
Instruction	4490	S:0xC0035364	0xF8DAE024	1	LDR      lr,[r10,#0x24]	false	
Instruction	4491	S:0xC0035368	0x4604	0	MOV      r4,r0	false	
Instruction	4492	S:0xC003536A	0x460D	1	MOV      r5,r1	false	
Instruction	4493	S:0xC003536C	0xE9DE0106	12	LDRD     r0,r1,[lr,#0x18]	false	
Instruction	4494	S:0xC0035370	0x4284	2	CMP      r4,r0	false	
Instruction	4495	S:0xC0035372	0xEB750E01	1	SBCS     lr,r5,r1	false	
Instruction	4496	S:0xC0035376	0xBFBC	0	ITT      LT	false	
Instruction	4497	S:0xC0035378	0x4604	1	MOV      r4,r0	false	fail
Instruction	4498	S:0xC003537A	0x460D	0	MOV      r5,r1	false	fail
Instruction	4499	S:0xC003537C	0x42A2	1	CMP      r2,r4	false	
Instruction	4500	S:0xC003537E	0xEB730005	1	SBCS     r0,r3,r5	false	
Instruction	4501	S:0xC0035382	0xBFBC	0	ITT      LT	false	
Instruction	4502	S:0xC0035384	0xF04F0801	1	MOV      r8,#1	false	
Instruction	4503	S:0xC0035388	0xF04F0900	0	MOV      r9,#0	false	
Instruction	4504	S:0xC003538C	0xDA1F	1	BGE      {pc}+0x42 ; 0xc00353ce	true	fail
Instruction	4505	S:0xC003538E	0xE9DA2304	1	LDRD     r2,r3,[r10,#0x10]	false	
Instruction	4506	S:0xC0035392	0xA808	1	ADD      r0,sp,#0x20	false	
Instruction	4507	S:0xC0035394	0x9400	1	STR      r4,[sp,#0]	false	
Instruction	4508	S:0xC0035396	0x9501	1	STR      r5,[sp,#4]	false	
Instruction	4509	S:0xC0035398	0xF7FFFCAA	0	BL       {pc}-0x6a8 ; 0xc0034cf0	true	
Instruction	4510	S:0xC0034CF0	0xE92D03F0	30	PUSH     {r4-r9}	false	
Instruction	4511	S:0xC0034CF4	0xB500	5	PUSH     {lr}	false	
Instruction	4512	S:0xC0034CF6	0xF85DEB04	2	POP      {lr}	false	
Instruction	4513	S:0xC0034CFA	0x461F	0	MOV      r7,r3	false	
Instruction	4514	S:0xC0034CFC	0xF8DD8018	3	LDR      r8,[sp,#0x18]	false	
Instruction	4515	S:0xC0034D00	0x4616	8	MOV      r6,r2	false	
Instruction	4516	S:0xC0034D02	0xF8DD901C	1	LDR      r9,[sp,#0x1c]	false	
Instruction	4517	S:0xC0034D06	0xEB120408	1	ADDS     r4,r2,r8	false	
Instruction	4518	S:0xC0034D0A	0xEB430509	1	ADC      r5,r3,r9	false	
Instruction	4519	S:0xC0034D0E	0x2C00	0	CMP      r4,#0	false	
Instruction	4520	S:0xC0034D10	0xF1750300	1	SBCS     r3,r5,#0	false	
Instruction	4521	S:0xC0034D14	0xDB03	0	BLT      {pc}+0xa ; 0xc0034d1e	true	fail
Instruction	4522	S:0xC0034D16	0x42B4	20	CMP      r4,r6	false	
Instruction	4523	S:0xC0034D18	0xEB750307	1	SBCS     r3,r5,r7	false	
Instruction	4524	S:0xC0034D1C	0xDA07	0	BGE      {pc}+0x12 ; 0xc0034d2e	true	
Instruction	4525	S:0xC0034D2E	0x4544	8	CMP      r4,r8	false	
Instruction	4526	S:0xC0034D30	0xEB750309	1	SBCS     r3,r5,r9	false	
Instruction	4527	S:0xC0034D34	0xDBF3	0	BLT      {pc}-0x16 ; 0xc0034d1e	true	fail
Instruction	4528	S:0xC0034D36	0xE7F5	1	B        {pc}-0x12 ; 0xc0034d24	true	
Instruction	4529	S:0xC0034D24	0xE9C04500	17	STRD     r4,r5,[r0,#0]	false	
Instruction	4530	S:0xC0034D28	0xE8BD03F0	1	POP      {r4-r9}	false	
Instruction	4531	S:0xC0034D2C	0x4770	3	BX       lr	true	
Instruction	4532	S:0xC003539C	0xE9DD6708	2	LDRD     r6,r7,[sp,#0x20]	false	
Instruction	4533	S:0xC00353A0	0xE9DA2306	1	LDRD     r2,r3,[r10,#0x18]	false	
Instruction	4534	S:0xC00353A4	0xA808	1	ADD      r0,sp,#0x20	false	
Instruction	4535	S:0xC00353A6	0xE88D0030	1	STM      sp,{r4,r5}	false	
Instruction	4536	S:0xC00353AA	0xE9CA6704	1	STRD     r6,r7,[r10,#0x10]	false	
Instruction	4537	S:0xC00353AE	0xF7FFFC9F	1	BL       {pc}-0x6be ; 0xc0034cf0	true	
Instruction	4538	S:0xC0034CF0	0xE92D03F0	1	PUSH     {r4-r9}	false	
Instruction	4539	S:0xC0034CF4	0xB500	6	PUSH     {lr}	false	
Instruction	4540	S:0xC0034CF6	0xF85DEB04	2	POP      {lr}	false	
Instruction	4541	S:0xC0034CFA	0x461F	0	MOV      r7,r3	false	
Instruction	4542	S:0xC0034CFC	0xF8DD8018	3	LDR      r8,[sp,#0x18]	false	
Instruction	4543	S:0xC0034D00	0x4616	0	MOV      r6,r2	false	
Instruction	4544	S:0xC0034D02	0xF8DD901C	1	LDR      r9,[sp,#0x1c]	false	
Instruction	4545	S:0xC0034D06	0xEB120408	1	ADDS     r4,r2,r8	false	
Instruction	4546	S:0xC0034D0A	0xEB430509	1	ADC      r5,r3,r9	false	
Instruction	4547	S:0xC0034D0E	0x2C00	0	CMP      r4,#0	false	
Instruction	4548	S:0xC0034D10	0xF1750300	1	SBCS     r3,r5,#0	false	
Instruction	4549	S:0xC0034D14	0xDB03	0	BLT      {pc}+0xa ; 0xc0034d1e	true	fail
Instruction	4550	S:0xC0034D16	0x42B4	1	CMP      r4,r6	false	
Instruction	4551	S:0xC0034D18	0xEB750307	1	SBCS     r3,r5,r7	false	
Instruction	4552	S:0xC0034D1C	0xDA07	0	BGE      {pc}+0x12 ; 0xc0034d2e	true	
Instruction	4553	S:0xC0034D2E	0x4544	19	CMP      r4,r8	false	
Instruction	4554	S:0xC0034D30	0xEB750309	1	SBCS     r3,r5,r9	false	
Instruction	4555	S:0xC0034D34	0xDBF3	0	BLT      {pc}-0x16 ; 0xc0034d1e	true	fail
Instruction	4556	S:0xC0034D36	0xE7F5	1	B        {pc}-0x12 ; 0xc0034d24	true	
Instruction	4557	S:0xC0034D24	0xE9C04500	1	STRD     r4,r5,[r0,#0]	false	
Instruction	4558	S:0xC0034D28	0xE8BD03F0	1	POP      {r4-r9}	false	
Instruction	4559	S:0xC0034D2C	0x4770	3	BX       lr	true	
Instruction	4560	S:0xC00353B2	0xE9DD2308	2	LDRD     r2,r3,[sp,#0x20]	false	
Instruction	4561	S:0xC00353B6	0xE9CA2306	1	STRD     r2,r3,[r10,#0x18]	false	
Instruction	4562	S:0xC00353BA	0x4640	1	MOV      r0,r8	false	
Instruction	4563	S:0xC00353BC	0x4649	0	MOV      r1,r9	false	
Instruction	4564	S:0xC00353BE	0xB00A	1	ADD      sp,sp,#0x28	false	
Instruction	4565	S:0xC00353C0	0xE8BD87F0	3	POP      {r4-r10,pc}	true	
Instruction	4566	S:0xC005576C	0x2001	4	MOVS     r0,#1	false	
Instruction	4567	S:0xC005576E	0xB005	0	ADD      sp,sp,#0x14	false	
Instruction	4568	S:0xC0055770	0xBDF0	3	POP      {r4-r7,pc}	true	
Instruction	4569	S:0xC003510A	0x4B34	13	LDR      r3,[pc,#208] ; [0xC00351DC] = 0xC0635E3C	false	
Instruction	4570	S:0xC003510C	0x685A	15	LDR      r2,[r3,#4]	false	
Instruction	4571	S:0xC003510E	0x4680	1	MOV      r8,r0	false	
Instruction	4572	S:0xC0035110	0x2A00	1	CMP      r2,#0	false	
Instruction	4573	S:0xC0035112	0xD116	0	BNE      {pc}+0x30 ; 0xc0035142	true	fail
Instruction	4574	S:0xC0035114	0x4630	1	MOV      r0,r6	false	
Instruction	4575	S:0xC0035116	0xF3AFFA4F	0	BL       {pc}+0x3af4a2 ; 0xc03e45b8	true	
Cycle Count				66	Tracing disabled		
Info					Tracing enabled		
Instruction	4576	S:0xC003511A	0xF1B80F00	1	CMP      r8,#0	false	
Instruction	4577	S:0xC003511E	0xD006	0	BEQ      {pc}+0x10 ; 0xc003512e	true	fail
Instruction	4578	S:0xC0035120	0x6AA3	23	LDR      r3,[r4,#0x28]	false	
Instruction	4579	S:0xC0035122	0x2B02	2	CMP      r3,#2	false	
Instruction	4580	S:0xC0035124	0xD10C	1	BNE      {pc}+0x1c ; 0xc0035140	true	fail
Instruction	4581	S:0xC0035126	0x4639	1	MOV      r1,r7	false	
Instruction	4582	S:0xC0035128	0x4620	0	MOV      r0,r4	false	
Instruction	4583	S:0xC003512A	0xF7FFFE13	1	BL       {pc}-0x3d6 ; 0xc0034d54	true	
Instruction	4584	S:0xC0034D54	0xB570	1	PUSH     {r4-r6,lr}	false	
Instruction	4585	S:0xC0034D56	0xB500	4	PUSH     {lr}	false	
Instruction	4586	S:0xC0034D58	0xF85DEB04	2	POP      {lr}	false	
Instruction	4587	S:0xC0034D5C	0x4605	0	MOV      r5,r0	false	
Instruction	4588	S:0xC0034D5E	0x4B13	12	LDR      r3,[pc,#76] ; [0xC0034DAC] = 0xC0635E64	false	
Instruction	4589	S:0xC0034D60	0x460E	0	MOV      r6,r1	false	
Instruction	4590	S:0xC0034D62	0x685A	3	LDR      r2,[r3,#4]	false	
Instruction	4591	S:0xC0034D64	0xB9A2	2	CBNZ     r2,{pc}+0x2c ; 0xc0034d90	true	fail
Instruction	4592	S:0xC0034D66	0xF106000C	19	ADD      r0,r6,#0xc	false	
Instruction	4593	S:0xC0034D6A	0x4629	0	MOV      r1,r5	false	
Instruction	4594	S:0xC0034D6C	0xF222F8FE	1	BL       {pc}+0x222200 ; 0xc0256f6c	true	
Cycle Count				207	Tracing disabled		
Info					Tracing enabled		
Instruction	4595	S:0xC0034D70	0x6833	1	LDR      r3,[r6,#0]	false	
Instruction	4596	S:0xC0034D72	0x6871	1	LDR      r1,[r6,#4]	false	
Instruction	4597	S:0xC0034D74	0x2001	0	MOVS     r0,#1	false	
Instruction	4598	S:0xC0034D76	0x685A	2	LDR      r2,[r3,#4]	false	
Instruction	4599	S:0xC0034D78	0xFA00F101	1	LSL      r1,r0,r1	false	
Instruction	4600	S:0xC0034D7C	0x430A	1	ORRS     r2,r2,r1	false	
Instruction	4601	S:0xC0034D7E	0x605A	1	STR      r2,[r3,#4]	false	
Instruction	4602	S:0xC0034D80	0x6AAB	1	LDR      r3,[r5,#0x28]	false	
Instruction	4603	S:0xC0034D82	0x4303	2	ORRS     r3,r3,r0	false	
Instruction	4604	S:0xC0034D84	0x62AB	1	STR      r3,[r5,#0x28]	false	
Instruction	4605	S:0xC0034D86	0x6930	1	LDR      r0,[r6,#0x10]	false	
Instruction	4606	S:0xC0034D88	0x1A2B	2	SUBS     r3,r5,r0	false	
Instruction	4607	S:0xC0034D8A	0x4258	1	RSBS     r0,r3,#0	false	
Instruction	4608	S:0xC0034D8C	0x4158	1	ADCS     r0,r0,r3	false	
Instruction	4609	S:0xC0034D8E	0xBD70	1	POP      {r4-r6,pc}	true	
Instruction	4610	S:0xC003512E	0x6AA3	3	LDR      r3,[r4,#0x28]	false	
Instruction	4611	S:0xC0035130	0x0799	3	LSLS     r1,r3,#30	false	
Instruction	4612	S:0xC0035132	0xD540	0	BPL      {pc}+0x84 ; 0xc00351b6	true	fail
Instruction	4613	S:0xC0035134	0xF0230302	1	BIC      r3,r3,#2	false	
Instruction	4614	S:0xC0035138	0x62A3	1	STR      r3,[r4,#0x28]	false	
Instruction	4615	S:0xC003513A	0xB003	0	ADD      sp,sp,#0xc	false	
Instruction	4616	S:0xC003513C	0xE8BD83F0	3	POP      {r4-r9,pc}	true	
Instruction	4617	S:0xC00359DA	0x6930	12	LDR      r0,[r6,#0x10]	false	
Instruction	4618	S:0xC00359DC	0x2800	2	CMP      r0,#0	false	
Instruction	4619	S:0xC00359DE	0xD1F1	1	BNE      {pc}-0x1a ; 0xc00359c4	true	
Instruction	4620	S:0xC00359C4	0xE9DD450E	11	LDRD     r4,r5,[sp,#0x38]	false	
Instruction	4621	S:0xC00359C8	0xE9D02306	1	LDRD     r2,r3,[r0,#0x18]	false	
Instruction	4622	S:0xC00359CC	0x4294	2	CMP      r4,r2	false	
Instruction	4623	S:0xC00359CE	0xEB750103	1	SBCS     r1,r5,r3	false	
Instruction	4624	S:0xC00359D2	0xDB76	0	BLT      {pc}+0xf0 ; 0xc0035ac2	true	
Instruction	4625	S:0xC0035AC2	0xE9D6890C	21	LDRD     r8,r9,[r6,#0x30]	false	
Instruction	4626	S:0xC0035AC6	0xE9D02304	1	LDRD     r2,r3,[r0,#0x10]	false	
Instruction	4627	S:0xC0035ACA	0xEBB20208	2	SUBS     r2,r2,r8	false	
Instruction	4628	S:0xC0035ACE	0xEB630309	1	SBC      r3,r3,r9	false	
Instruction	4629	S:0xC0035AD2	0x2A00	0	CMP      r2,#0	false	
Instruction	4630	S:0xC0035AD4	0xF1730000	1	SBCS     r0,r3,#0	false	
Instruction	4631	S:0xC0035AD8	0xDB82	0	BLT      {pc}-0xf8 ; 0xc00359e0	true	fail
Instruction	4632	S:0xC0035ADA	0xE9DD0102	16	LDRD     r0,r1,[sp,#8]	false	
Instruction	4633	S:0xC0035ADE	0x4282	2	CMP      r2,r0	false	
Instruction	4634	S:0xC0035AE0	0xEB730101	1	SBCS     r1,r3,r1	false	
Instruction	4635	S:0xC0035AE4	0xF6BFAF7C	0	BGE      {pc}-0x104 ; 0xc00359e0	true	fail
Instruction	4636	S:0xC0035AE8	0x2F04	22	CMP      r7,#4	false	
Instruction	4637	S:0xC0035AEA	0xE9CD2302	1	STRD     r2,r3,[sp,#8]	false	
Instruction	4638	S:0xC0035AEE	0xF47FAF4B	1	BNE      {pc}-0x166 ; 0xc0035988	true	
Instruction	4639	S:0xC0035988	0xF8DA3004	8	LDR      r3,[r10,#4]	false	
Instruction	4640	S:0xC003598C	0xFA0BF207	1	LSL      r2,r11,r7	false	
Instruction	4641	S:0xC0035990	0x3701	1	ADDS     r7,#1	false	
Instruction	4642	S:0xC0035992	0x421A	1	TST      r2,r3	false	
Instruction	4643	S:0xC0035994	0xD024	0	BEQ      {pc}+0x4c ; 0xc00359e0	true	
Instruction	4644	S:0xC00359E0	0x2F04	2	CMP      r7,#4	false	
Instruction	4645	S:0xC00359E2	0xD1D1	0	BNE      {pc}-0x5a ; 0xc0035988	true	
Instruction	4646	S:0xC0035988	0xF8DA3004	3	LDR      r3,[r10,#4]	false	
Instruction	4647	S:0xC003598C	0xFA0BF207	1	LSL      r2,r11,r7	false	
Instruction	4648	S:0xC0035990	0x3701	1	ADDS     r7,#1	false	
Instruction	4649	S:0xC0035992	0x421A	1	TST      r2,r3	false	
Instruction	4650	S:0xC0035994	0xD024	0	BEQ      {pc}+0x4c ; 0xc00359e0	true	
Instruction	4651	S:0xC00359E0	0x2F04	8	CMP      r7,#4	false	
Instruction	4652	S:0xC00359E2	0xD1D1	0	BNE      {pc}-0x5a ; 0xc0035988	true	
Instruction	4653	S:0xC0035988	0xF8DA3004	3	LDR      r3,[r10,#4]	false	
Instruction	4654	S:0xC003598C	0xFA0BF207	1	LSL      r2,r11,r7	false	
Instruction	4655	S:0xC0035990	0x3701	1	ADDS     r7,#1	false	
Instruction	4656	S:0xC0035992	0x421A	1	TST      r2,r3	false	
Instruction	4657	S:0xC0035994	0xD024	0	BEQ      {pc}+0x4c ; 0xc00359e0	true	
Instruction	4658	S:0xC00359E0	0x2F04	8	CMP      r7,#4	false	
Instruction	4659	S:0xC00359E2	0xD1D1	0	BNE      {pc}-0x5a ; 0xc0035988	true	fail
Instruction	4660	S:0xC00359E4	0xE9DD2302	8	LDRD     r2,r3,[sp,#8]	false	
Instruction	4661	S:0xC00359E8	0xE9CA2304	1	STRD     r2,r3,[r10,#0x10]	false	
Instruction	4662	S:0xC00359EC	0xF3BF8F5F	1	DMB      	false	
Instruction	4663	S:0xC00359F0	0xF8BA3000	40	LDRH     r3,[r10,#0]	false	
Instruction	4664	S:0xC00359F4	0x3301	2	ADDS     r3,#1	false	
Instruction	4665	S:0xC00359F6	0xF8AA3000	1	STRH     r3,[r10,#0]	false	
Instruction	4666	S:0xC00359FA	0xF3BF8F4F	36	DSB      	false	
Instruction	4667	S:0xC00359FE	0xF3AF8004	1	SEV.W    	false	
Instruction	4668	S:0xC0035A02	0xE9DD2302	3	LDRD     r2,r3,[sp,#8]	false	
Instruction	4669	S:0xC0035A06	0xF04F30FF	1	MOV      r0,#0xffffffff	false	
Instruction	4670	S:0xC0035A0A	0xF06F4100	0	MVN      r1,#0x80000000	false	
Instruction	4671	S:0xC0035A0E	0x428B	1	CMP      r3,r1	false	
Instruction	4672	S:0xC0035A10	0xBF08	0	IT       EQ	false	
Instruction	4673	S:0xC0035A12	0x4282	1	CMP      r2,r0	false	fail
Instruction	4674	S:0xC0035A14	0xD074	0	BEQ      {pc}+0xec ; 0xc0035b00	true	fail
Instruction	4675	S:0xC0035A16	0xE9DD0102	9	LDRD     r0,r1,[sp,#8]	false	
Instruction	4676	S:0xC0035A1A	0x2200	1	MOVS     r2,#0	false	
Instruction	4677	S:0xC0035A1C	0xF01FFCA6	1	BL       {pc}+0x1f950 ; 0xc005536c	true	
Instruction	4678	S:0xC005536C	0xB530	14	PUSH     {r4,r5,lr}	false	
Instruction	4679	S:0xC005536E	0xB083	2	SUB      sp,sp,#0xc	false	
Instruction	4680	S:0xC0055370	0xB500	3	PUSH     {lr}	false	
Instruction	4681	S:0xC0055372	0xF85DEB04	2	POP      {lr}	false	
Instruction	4682	S:0xC0055376	0xF6400300	0	MOVW     r3,#0x800	false	
Instruction	4683	S:0xC005537A	0x1C15	1	ADDS     r5,r2,#0	false	
Instruction	4684	S:0xC005537C	0xF2CC035F	0	MOVT     r3,#0xc05f	false	
Instruction	4685	S:0xC0055380	0xEE1D2F90	12	MRC      p15,#0x0,r2,c13,c0,#4	false	
Instruction	4686	S:0xC0055384	0x58D4	4	LDR      r4,[r2,r3]	false	
Instruction	4687	S:0xC0055386	0xBF18	1	IT       NE	false	
Instruction	4688	S:0xC0055388	0x2501	1	MOVS     r5,#1	false	fail
Instruction	4689	S:0xC005538A	0x4602	0	MOV      r2,r0	false	
Instruction	4690	S:0xC005538C	0x460B	1	MOV      r3,r1	false	
Instruction	4691	S:0xC005538E	0x9500	1	STR      r5,[sp,#0]	false	
Instruction	4692	S:0xC0055390	0x4620	0	MOV      r0,r4	false	
Instruction	4693	S:0xC0055392	0xF7FEFF63	1	BL       {pc}-0x1136 ; 0xc005425c	true	
Instruction	4694	S:0xC005425C	0xE92D43F0	12	PUSH     {r4-r9,lr}	false	
Instruction	4695	S:0xC0054260	0xB083	17	SUB      sp,sp,#0xc	false	
Instruction	4696	S:0xC0054262	0xB500	3	PUSH     {lr}	false	
Instruction	4697	S:0xC0054264	0xF85DEB04	2	POP      {lr}	false	
Instruction	4698	S:0xC0054268	0x4614	0	MOV      r4,r2	false	
Instruction	4699	S:0xC005426A	0x461D	1	MOV      r5,r3	false	
Instruction	4700	S:0xC005426C	0x4680	0	MOV      r8,r0	false	
Instruction	4701	S:0xC005426E	0x2C00	1	CMP      r4,#0	false	
Instruction	4702	S:0xC0054270	0xF1750100	1	SBCS     r1,r5,#0	false	
Instruction	4703	S:0xC0054274	0xF89D9028	1	LDRB     r9,[sp,#0x28]	false	
Instruction	4704	S:0xC0054278	0xDB59	0	BLT      {pc}+0xb6 ; 0xc005432e	true	fail
Instruction	4705	S:0xC005427A	0x6B01	3	LDR      r1,[r0,#0x30]	false	
Instruction	4706	S:0xC005427C	0x6102	3	STR      r2,[r0,#0x10]	false	
Instruction	4707	S:0xC005427E	0x2901	1	CMP      r1,#1	false	
Instruction	4708	S:0xC0054280	0x6143	4	STR      r3,[r0,#0x14]	false	
Instruction	4709	S:0xC0054282	0xD052	0	BEQ      {pc}+0xa8 ; 0xc005432a	true	fail
Instruction	4710	S:0xC0054284	0x6B41	1	LDR      r1,[r0,#0x34]	false	
Instruction	4711	S:0xC0054286	0x0749	3	LSLS     r1,r1,#29	false	
Instruction	4712	S:0xC0054288	0xD440	1	BMI      {pc}+0x84 ; 0xc005430c	true	fail
Instruction	4713	S:0xC005428A	0x4668	1	MOV      r0,sp	false	
Instruction	4714	S:0xC005428C	0xF7FBF94E	0	BL       {pc}-0x4d60 ; 0xc004f52c	true	
Instruction	4715	S:0xC004F52C	0xE92D4FF0	63	PUSH     {r4-r11,lr}	false	
Instruction	4716	S:0xC004F530	0xB08B	7	SUB      sp,sp,#0x2c	false	
Instruction	4717	S:0xC004F532	0xB500	3	PUSH     {lr}	false	
Instruction	4718	S:0xC004F534	0xF85DEB04	2	POP      {lr}	false	
Instruction	4719	S:0xC004F538	0x4B3D	2	LDR      r3,[pc,#244] ; [0xC004F630] = 0xC05FC59C	false	
Instruction	4720	S:0xC004F53A	0x4682	0	MOV      r10,r0	false	
Instruction	4721	S:0xC004F53C	0x681B	5	LDR      r3,[r3,#0]	false	
Instruction	4722	S:0xC004F53E	0x2B00	2	CMP      r3,#0	false	
Instruction	4723	S:0xC004F540	0xD16F	1	BNE      {pc}+0xe2 ; 0xc004f622	true	fail
Instruction	4724	S:0xC004F542	0xF8DF90F4	1	LDR      r9,[pc,#244] ; [0xC004F638] = 0xC064D1C0	false	
Instruction	4725	S:0xC004F546	0xF8DFB0F0	1	LDR      r11,[pc,#240] ; [0xC004F638] = 0xC064D1C0	false	
Instruction	4726	S:0xC004F54A	0x464F	1	MOV      r7,r9	false	
Instruction	4727	S:0xC004F54C	0xF8D75090	17	LDR      r5,[r7,#0x90]	false	
Instruction	4728	S:0xC004F550	0x07EA	3	LSLS     r2,r5,#31	false	
Instruction	4729	S:0xC004F552	0xD46C	0	BMI      {pc}+0xdc ; 0xc004f62e	true	fail
Instruction	4730	S:0xC004F554	0xF3BF8F5F	1	DMB      	false	
Instruction	4731	S:0xC004F558	0xF8DB6000	40	LDR      r6,[r11,#0]	false	
Instruction	4732	S:0xC004F55C	0xF8DB4054	8	LDR      r4,[r11,#0x54]	false	
Instruction	4733	S:0xC004F560	0xE9DB230E	1	LDRD     r2,r3,[r11,#0x38]	false	
Instruction	4734	S:0xC004F564	0x4630	1	MOV      r0,r6	false	
Instruction	4735	S:0xC004F566	0x6831	12	LDR      r1,[r6,#0]	false	
Instruction	4736	S:0xC004F568	0x1912	1	ADDS     r2,r2,r4	false	
Instruction	4737	S:0xC004F56A	0xEB4373E4	1	ADC      r3,r3,r4,ASR #31	false	
Instruction	4738	S:0xC004F56E	0xE9CD2306	1	STRD     r2,r3,[sp,#0x18]	false	
Instruction	4739	S:0xC004F572	0x4788	1	BLX      r1	true	
Timestamp					Timestamp: 562536984416		
Cycle Count				26	Tracing disabled		
Info					Tracing enabled		
Instruction	4740	S:0xC004F574	0xE9D62302	1	LDRD     r2,r3,[r6,#8]	false	
Instruction	4741	S:0xC004F578	0xF8DBC004	1	LDR      r12,[r11,#4]	false	
Instruction	4742	S:0xC004F57C	0xF8DB4008	1	LDR      r4,[r11,#8]	false	
Instruction	4743	S:0xC004F580	0xE9CD2300	15	STRD     r2,r3,[sp,#0]	false	
Instruction	4744	S:0xC004F584	0xE9D62304	1	LDRD     r2,r3,[r6,#0x10]	false	
Instruction	4745	S:0xC004F588	0xF8DB6058	1	LDR      r6,[r11,#0x58]	false	
Instruction	4746	S:0xC004F58C	0xE9CD2308	1	STRD     r2,r3,[sp,#0x20]	false	
Instruction	4747	S:0xC004F590	0xE9DB2310	1	LDRD     r2,r3,[r11,#0x40]	false	
Instruction	4748	S:0xC004F594	0x9604	1	STR      r6,[sp,#0x10]	false	
Instruction	4749	S:0xC004F596	0xE9CD2302	1	STRD     r2,r3,[sp,#8]	false	
Instruction	4750	S:0xC004F59A	0x17F3	1	ASRS     r3,r6,#31	false	
Instruction	4751	S:0xC004F59C	0x9305	1	STR      r3,[sp,#0x14]	false	
Instruction	4752	S:0xC004F59E	0xF1C40620	14	RSB      r6,r4,#0x20	false	
Instruction	4753	S:0xC004F5A2	0xE9DD2300	1	LDRD     r2,r3,[sp,#0]	false	
Instruction	4754	S:0xC004F5A6	0x1A80	2	SUBS     r0,r0,r2	false	
Instruction	4755	S:0xC004F5A8	0xEB610103	1	SBC      r1,r1,r3	false	
Instruction	4756	S:0xC004F5AC	0xE9DD2308	1	LDRD     r2,r3,[sp,#0x20]	false	
Instruction	4757	S:0xC004F5B0	0x4010	2	ANDS     r0,r0,r2	false	
Instruction	4758	S:0xC004F5B2	0x4019	1	ANDS     r1,r1,r3	false	
Instruction	4759	S:0xC004F5B4	0xFBA0230C	1	UMULL    r2,r3,r0,r12	false	
Instruction	4760	S:0xC004F5B8	0xFB0C3301	2	MLA      r3,r12,r1,r3	false	
Instruction	4761	S:0xC004F5BC	0xE9DD0102	1	LDRD     r0,r1,[sp,#8]	false	
Instruction	4762	S:0xC004F5C0	0x1880	2	ADDS     r0,r0,r2	false	
Instruction	4763	S:0xC004F5C2	0xEB410103	1	ADC      r1,r1,r3	false	
Instruction	4764	S:0xC004F5C6	0xF1B40320	0	SUBS     r3,r4,#0x20	false	
Instruction	4765	S:0xC004F5CA	0xE9CD0102	1	STRD     r0,r1,[sp,#8]	false	
Instruction	4766	S:0xC004F5CE	0xFA20F804	1	LSR      r8,r0,r4	false	
Instruction	4767	S:0xC004F5D2	0xFA41F303	1	ASR      r3,r1,r3	false	
Instruction	4768	S:0xC004F5D6	0x9903	1	LDR      r1,[sp,#0xc]	false	
Instruction	4769	S:0xC004F5D8	0x9A03	1	LDR      r2,[sp,#0xc]	false	
Instruction	4770	S:0xC004F5DA	0xFA01F606	2	LSL      r6,r1,r6	false	
Instruction	4771	S:0xC004F5DE	0xEA480806	7	ORR      r8,r8,r6	false	
Instruction	4772	S:0xC004F5E2	0xFA42F904	1	ASR      r9,r2,r4	false	
Instruction	4773	S:0xC004F5E6	0xBF58	1	IT       PL	false	
Instruction	4774	S:0xC004F5E8	0xEA480803	1	ORR      r8,r8,r3	false	fail
Instruction	4775	S:0xC004F5EC	0xE9DD2304	1	LDRD     r2,r3,[sp,#0x10]	false	
Instruction	4776	S:0xC004F5F0	0xEB120208	2	ADDS     r2,r2,r8	false	
Instruction	4777	S:0xC004F5F4	0xEB430309	1	ADC      r3,r3,r9	false	
Instruction	4778	S:0xC004F5F8	0xF3BF8F5F	1	DMB      	false	
Instruction	4779	S:0xC004F5FC	0xF8D71090	27	LDR      r1,[r7,#0x90]	false	
Instruction	4780	S:0xC004F600	0x428D	2	CMP      r5,r1	false	
Instruction	4781	S:0xC004F602	0xD1A3	0	BNE      {pc}-0xb6 ; 0xc004f54c	true	fail
Instruction	4782	S:0xC004F604	0x461D	1	MOV      r5,r3	false	
Instruction	4783	S:0xC004F606	0x9906	1	LDR      r1,[sp,#0x18]	false	
Instruction	4784	S:0xC004F608	0xF44F434A	0	MOV      r3,#0xca00	false	
Instruction	4785	S:0xC004F60C	0x4614	1	MOV      r4,r2	false	
Instruction	4786	S:0xC004F60E	0xF6C3339A	0	MOVT     r3,#0x3b9a	false	
Instruction	4787	S:0xC004F612	0x4650	1	MOV      r0,r10	false	
Instruction	4788	S:0xC004F614	0xFBC34501	1	SMLAL    r4,r5,r3,r1	false	
Instruction	4789	S:0xC004F618	0xE9CA4500	1	STRD     r4,r5,[r10,#0]	false	
Instruction	4790	S:0xC004F61C	0xB00B	1	ADD      sp,sp,#0x2c	false	
Instruction	4791	S:0xC004F61E	0xE8BD8FF0	3	POP      {r4-r11,pc}	true	
Instruction	4792	S:0xC0054290	0xE9DD6700	7	LDRD     r6,r7,[sp,#0]	false	
Instruction	4793	S:0xC0054294	0x1BA4	2	SUBS     r4,r4,r6	false	
Instruction	4794	S:0xC0054296	0xEB650507	1	SBC      r5,r5,r7	false	
Instruction	4795	S:0xC005429A	0x2C01	0	CMP      r4,#1	false	
Instruction	4796	S:0xC005429C	0xF1750200	1	SBCS     r2,r5,#0	false	
Instruction	4797	S:0xC00542A0	0xDB3D	0	BLT      {pc}+0x7e ; 0xc005431e	true	fail
Instruction	4798	S:0xC00542A2	0xE9D86706	22	LDRD     r6,r7,[r8,#0x18]	false	
Instruction	4799	S:0xC00542A6	0xF8D8002C	1	LDR      r0,[r8,#0x2c]	false	
Instruction	4800	S:0xC00542AA	0x42B4	1	CMP      r4,r6	false	
Instruction	4801	S:0xC00542AC	0xEB750307	1	SBCS     r3,r5,r7	false	
Instruction	4802	S:0xC00542B0	0xE9D82308	1	LDRD     r2,r3,[r8,#0x20]	false	
Instruction	4803	S:0xC00542B4	0xBFBC	1	ITT      LT	false	
Instruction	4804	S:0xC00542B6	0x4626	1	MOV      r6,r4	false	
Instruction	4805	S:0xC00542B8	0x462F	0	MOV      r7,r5	false	
Instruction	4806	S:0xC00542BA	0x4296	1	CMP      r6,r2	false	
Instruction	4807	S:0xC00542BC	0xEB770103	1	SBCS     r1,r7,r3	false	
Instruction	4808	S:0xC00542C0	0x4641	12	MOV      r1,r8	false	
Instruction	4809	S:0xC00542C2	0xBFB8	0	IT       LT	false	
Instruction	4810	S:0xC00542C4	0x461F	1	MOV      r7,r3	false	fail
Instruction	4811	S:0xC00542C6	0xF8D83028	1	LDR      r3,[r8,#0x28]	false	
Instruction	4812	S:0xC00542CA	0xBFB8	1	IT       LT	false	
Instruction	4813	S:0xC00542CC	0x4616	1	MOV      r6,r2	false	fail
Instruction	4814	S:0xC00542CE	0xF1A00220	0	SUB      r2,r0,#0x20	false	
Instruction	4815	S:0xC00542D2	0xFBA64503	2	UMULL    r4,r5,r6,r3	false	
Instruction	4816	S:0xC00542D6	0xF1C00620	1	RSB      r6,r0,#0x20	false	
Instruction	4817	S:0xC00542DA	0xFB035507	1	MLA      r5,r3,r7,r5	false	
Instruction	4818	S:0xC00542DE	0xFA24F000	14	LSR      r0,r4,r0	false	
Instruction	4819	S:0xC00542E2	0xFA05F606	3	LSL      r6,r5,r6	false	
Instruction	4820	S:0xC00542E6	0xFA25F202	3	LSR      r2,r5,r2	false	
Instruction	4821	S:0xC00542EA	0x4330	1	ORRS     r0,r0,r6	false	
Instruction	4822	S:0xC00542EC	0x4310	1	ORRS     r0,r0,r2	false	
Instruction	4823	S:0xC00542EE	0xF8D82004	1	LDR      r2,[r8,#4]	false	
Instruction	4824	S:0xC00542F2	0x4790	1	BLX      r2	true	
Timestamp					Timestamp: 562536984431		
Cycle Count				83	Tracing disabled		
Info					Tracing enabled		
Instruction	4825	S:0xC00542F4	0x2800	1	CMP      r0,#0	false	
Instruction	4826	S:0xC00542F6	0xBF0C	0	ITE      EQ	false	
Timestamp					Timestamp: 562536984437		
Instruction	4827	S:0xC00542F8	0x2300	1	MOVS     r3,#0	false	
Instruction	4828	S:0xC00542FA	0xF0090301	0	AND      r3,r9,#1	false	fail
Instruction	4829	S:0xC00542FE	0xB15B	1	CBZ      r3,{pc}+0x1a ; 0xc0054318	true	
Instruction	4830	S:0xC0054318	0xB003	3	ADD      sp,sp,#0xc	false	
Instruction	4831	S:0xC005431A	0xE8BD83F0	3	POP      {r4-r9,pc}	true	
Instruction	4832	S:0xC0055396	0xB003	4	ADD      sp,sp,#0xc	false	
Instruction	4833	S:0xC0055398	0xBD30	3	POP      {r4,r5,pc}	true	
Instruction	4834	S:0xC0035A20	0x2800	11	CMP      r0,#0	false	
Instruction	4835	S:0xC0035A22	0xD06D	0	BEQ      {pc}+0xde ; 0xc0035b00	true	
Instruction	4836	S:0xC0035B00	0x2300	8	MOVS     r3,#0	false	
Instruction	4837	S:0xC0035B02	0xF8CA301C	3	STR      r3,[r10,#0x1c]	false	
Instruction	4838	S:0xC0035B06	0xE7D9	1	B        {pc}-0x4a ; 0xc0035abc	true	
Instruction	4839	S:0xC0035ABC	0xB011	2	ADD      sp,sp,#0x44	false	
Instruction	4840	S:0xC0035ABE	0xE8BD8FF0	3	POP      {r4-r11,pc}	true	
Cycle Count				214	Tracing disabled		
Info					Tracing enabled		
Instruction	4841	S:0xC000D60C	0xF013FDDA	1	BL       {pc}+0x13bb8 ; 0xc00211c4	true	
Instruction	4842	S:0xC00211C4	0xB510	3	PUSH     {r4,lr}	false	
Instruction	4843	S:0xC00211C6	0xB500	1	PUSH     {lr}	false	
Instruction	4844	S:0xC00211C8	0xF85DEB04	2	POP      {lr}	false	
Instruction	4845	S:0xC00211CC	0xF3EF8300	1	MRS      r3,APSR ; formerly CPSR	false	
Instruction	4846	S:0xC00211D0	0x0619	3	LSLS     r1,r3,#24	false	
Instruction	4847	S:0xC00211D2	0xD529	0	BPL      {pc}+0x56 ; 0xc0021228	true	fail
Instruction	4848	S:0xC00211D4	0x466B	16	MOV      r3,sp	false	
Instruction	4849	S:0xC00211D6	0xF42354FF	1	BIC      r4,r3,#0x1fe0	false	
Instruction	4850	S:0xC00211DA	0xF024041F	1	BIC      r4,r4,#0x1f	false	
Instruction	4851	S:0xC00211DE	0x6863	5	LDR      r3,[r4,#4]	false	
Instruction	4852	S:0xC00211E0	0xF5A33380	13	SUB      r3,r3,#0x10000	false	
Instruction	4853	S:0xC00211E4	0x6063	1	STR      r3,[r4,#4]	false	
Instruction	4854	S:0xC00211E6	0xF0234378	1	BIC      r3,r3,#0xf8000000	false	
Instruction	4855	S:0xC00211EA	0xF02303FF	1	BIC      r3,r3,#0xff	false	
Instruction	4856	S:0xC00211EE	0xB923	1	CBNZ     r3,{pc}+0xc ; 0xc00211fa	true	fail
Instruction	4857	S:0xC00211F0	0x6963	1	LDR      r3,[r4,#0x14]	false	
Instruction	4858	S:0xC00211F2	0x4A13	14	LDR      r2,[pc,#76] ; [0xC0021240] = 0xC06498C0	false	
Instruction	4859	S:0xC00211F4	0x019B	2	LSLS     r3,r3,#6	false	
Instruction	4860	S:0xC00211F6	0x58D3	5	LDR      r3,[r2,r3]	false	
Instruction	4861	S:0xC00211F8	0xB99B	2	CBNZ     r3,{pc}+0x2a ; 0xc0021222	true	
Instruction	4862	S:0xC0021222	0xF7FFFE0B	8	BL       {pc}-0x3e6 ; 0xc0020e3c	true	
Instruction	4863	S:0xC0020E3C	0xE92D4FF0	15	PUSH     {r4-r11,lr}	false	
Instruction	4864	S:0xC0020E40	0xB089	18	SUB      sp,sp,#0x24	false	
Instruction	4865	S:0xC0020E42	0xB500	3	PUSH     {lr}	false	
Instruction	4866	S:0xC0020E44	0xF85DEB04	2	POP      {lr}	false	
Instruction	4867	S:0xC0020E48	0x2002	0	MOVS     r0,#2	false	
Instruction	4868	S:0xC0020E4A	0xF7FFFA3D	1	BL       {pc}-0xb82 ; 0xc00202c8	true	
Instruction	4869	S:0xC00202C8	0xB500	14	PUSH     {lr}	false	
Instruction	4870	S:0xC00202CA	0xF85DEB04	2	POP      {lr}	false	
Instruction	4871	S:0xC00202CE	0x2800	1	CMP      r0,#0	false	
Instruction	4872	S:0xC00202D0	0xBFA1	0	ITTTT    GE	false	
Instruction	4873	S:0xC00202D2	0xF64C43CD	1	MOV      r3,#0xcccd	false	
Instruction	4874	S:0xC00202D6	0x3009	0	ADDS     r0,r0,#9	false	
Instruction	4875	S:0xC00202D8	0xF6CC43CC	1	MOVT     r3,#0xcccc	false	
Instruction	4876	S:0xC00202DC	0xFBA32000	2	UMULL    r2,r0,r3,r0	false	
Instruction	4877	S:0xC00202E0	0xBFAE	1	ITEE     GE	false	
Instruction	4878	S:0xC00202E2	0x08C0	2	LSRS     r0,r0,#3	false	
Instruction	4879	S:0xC00202E4	0xF64F70FE	0	MOV      r0,#0xfffe	false	fail
Instruction	4880	S:0xC00202E8	0xF6C370FF	1	MOVT     r0,#0x3fff	false	fail
Instruction	4881	S:0xC00202EC	0x4770	1	BX       lr	true	
Instruction	4882	S:0xC0020E4E	0x4669	1	MOV      r1,sp	false	
Instruction	4883	S:0xC0020E50	0xF42158FF	1	BIC      r8,r1,#0x1fe0	false	
Instruction	4884	S:0xC0020E54	0xF24602C0	0	MOV      r2,#0x60c0	false	
Instruction	4885	S:0xC0020E58	0xF028081F	1	BIC      r8,r8,#0x1f	false	
Instruction	4886	S:0xC0020E5C	0xF2CC025F	0	MOVT     r2,#0xc05f	false	
Instruction	4887	S:0xC0020E60	0xF6490EC0	11	MOV      lr,#0x98c0	false	
Instruction	4888	S:0xC0020E64	0xF8D8300C	1	LDR      r3,[r8,#0xc]	false	
Instruction	4889	S:0xC0020E68	0xF2CC0E64	1	MOVT     lr,#0xc064	false	
Instruction	4890	S:0xC0020E6C	0x6811	3	LDR      r1,[r2,#0]	false	
Instruction	4891	S:0xC0020E6E	0x68DC	3	LDR      r4,[r3,#0xc]	false	
Instruction	4892	S:0xC0020E70	0xF4246200	2	BIC      r2,r4,#0x800	false	
Instruction	4893	S:0xC0020E74	0x60DA	1	STR      r2,[r3,#0xc]	false	
Instruction	4894	S:0xC0020E76	0xF8D82014	1	LDR      r2,[r8,#0x14]	false	
Instruction	4895	S:0xC0020E7A	0xF8D83004	1	LDR      r3,[r8,#4]	false	
Instruction	4896	S:0xC0020E7E	0x9407	1	STR      r4,[sp,#0x1c]	false	
Instruction	4897	S:0xC0020E80	0x0192	6	LSLS     r2,r2,#6	false	
Instruction	4898	S:0xC0020E82	0xF5037380	0	ADD      r3,r3,#0x100	false	
Instruction	4899	S:0xC0020E86	0xF8C83004	1	STR      r3,[r8,#4]	false	
Instruction	4900	S:0xC0020E8A	0xF85E4002	2	LDR      r4,[lr,r2]	false	
Instruction	4901	S:0xC0020E8E	0x1841	1	ADDS     r1,r0,r1	false	
Instruction	4902	S:0xC0020E90	0x9106	1	STR      r1,[sp,#0x18]	false	
Instruction	4903	S:0xC0020E92	0xF8DFA160	14	LDR      r10,[pc,#352] ; [0xC0020FF4]	false	
Instruction	4904	S:0xC0020E96	0x46C1	0	MOV      r9,r8	false	
Instruction	4905	S:0xC0020E98	0xF8D82014	3	LDR      r2,[r8,#0x14]	false	
Instruction	4906	S:0xC0020E9C	0x210A	0	MOVS     r1,#0xa	false	
Instruction	4907	S:0xC0020E9E	0x9105	1	STR      r1,[sp,#0x14]	false	
Instruction	4908	S:0xC0020EA0	0x9204	1	STR      r2,[sp,#0x10]	false	
Instruction	4909	S:0xC0020EA2	0xF8D93014	1	LDR      r3,[r9,#0x14]	false	
Instruction	4910	S:0xC0020EA6	0xF64902C0	0	MOV      r2,#0x98c0	false	
Instruction	4911	S:0xC0020EAA	0xF2CC0264	1	MOVT     r2,#0xc064	false	
Instruction	4912	S:0xC0020EAE	0x2100	0	MOVS     r1,#0	false	
Instruction	4913	S:0xC0020EB0	0x019B	2	LSLS     r3,r3,#6	false	
Instruction	4914	S:0xC0020EB2	0x50D1	3	STR      r1,[r2,r3]	false	
Instruction	4915	S:0xC0020EB4	0xB662	1	CPSIE    i	false	
Instruction	4916	S:0xC0020EB6	0x4F4E	1	LDR      r7,[pc,#312] ; [0xC0020FF0]	false	
Instruction	4917	S:0xC0020EB8	0x460E	0	MOV      r6,r1	false	
Instruction	4918	S:0xC0020EBA	0xF2460380	1	MOVW     r3,#0x6080	false	
Instruction	4919	S:0xC0020EBE	0x07E0	1	LSLS     r0,r4,#31	false	
Instruction	4920	S:0xC0020EC0	0xF2CC035F	7	MOVT     r3,#0xc05f	false	
Instruction	4921	S:0xC0020EC4	0xEB030806	1	ADD      r8,r3,r6	false	
Instruction	4922	S:0xC0020EC8	0xD525	1	BPL      {pc}+0x4e ; 0xc0020f16	true	
Instruction	4923	S:0xC0020F16	0x0864	39	LSRS     r4,r4,#1	false	
Instruction	4924	S:0xC0020F18	0xF1060604	1	ADD      r6,r6,#4	false	
Instruction	4925	S:0xC0020F1C	0xF1070704	0	ADD      r7,r7,#4	false	
Instruction	4926	S:0xC0020F20	0xD1CB	17	BNE      {pc}-0x66 ; 0xc0020eba	true	
Instruction	4927	S:0xC0020EBA	0xF2460380	21	MOVW     r3,#0x6080	false	
Instruction	4928	S:0xC0020EBE	0x07E0	1	LSLS     r0,r4,#31	false	
Instruction	4929	S:0xC0020EC0	0xF2CC035F	1	MOVT     r3,#0xc05f	false	
Instruction	4930	S:0xC0020EC4	0xEB030806	1	ADD      r8,r3,r6	false	
Instruction	4931	S:0xC0020EC8	0xD525	0	BPL      {pc}+0x4e ; 0xc0020f16	true	fail
Instruction	4932	S:0xC0020ECA	0x10B5	8	ASRS     r5,r6,#2	false	
Instruction	4933	S:0xC0020ECC	0xF8D91004	1	LDR      r1,[r9,#4]	false	
Instruction	4934	S:0xC0020ED0	0xF2407EB8	1	MOVW     lr,#0x7b8	false	
Instruction	4935	S:0xC0020ED4	0x4847	1	LDR      r0,[pc,#284] ; [0xC0020FF4]	false	
Instruction	4936	S:0xC0020ED6	0x00AB	1	LSLS     r3,r5,#2	false	
Instruction	4937	S:0xC0020ED8	0xF2CC0E5F	0	MOVT     lr,#0xc05f	false	
Instruction	4938	S:0xC0020EDC	0x9303	1	STR      r3,[sp,#0xc]	false	
Instruction	4939	S:0xC0020EDE	0x4473	1	ADD      r3,r3,lr	false	
Instruction	4940	S:0xC0020EE0	0xEE1D2F90	1	MRC      p15,#0x0,r2,c13,c0,#4	false	
Instruction	4941	S:0xC0020EE4	0x9102	1	STR      r1,[sp,#8]	false	
Instruction	4942	S:0xC0020EE6	0x3304	0	ADDS     r3,#4	false	
Instruction	4943	S:0xC0020EE8	0x58D1	5	LDR      r1,[r2,r3]	false	
Instruction	4944	S:0xC0020EEA	0x3101	2	ADDS     r1,#1	false	
Instruction	4945	S:0xC0020EEC	0x50D1	1	STR      r1,[r2,r3]	false	
Instruction	4946	S:0xC0020EEE	0xF8DA3004	13	LDR      r3,[r10,#4]	false	
Instruction	4947	S:0xC0020EF2	0x2B00	2	CMP      r3,#0	false	
Instruction	4948	S:0xC0020EF4	0xD148	0	BNE      {pc}+0x94 ; 0xc0020f88	true	fail
Instruction	4949	S:0xC0020EF6	0xF8573C04	28	LDR      r3,[r7,#-4]	false	
Instruction	4950	S:0xC0020EFA	0x4640	0	MOV      r0,r8	false	
Instruction	4951	S:0xC0020EFC	0x4798	1	BLX      r3	true	
Instruction	4952	S:0xC0025AC0	0xE92D4FF0	22	PUSH     {r4-r11,lr}	false	
Instruction	4953	S:0xC0025AC4	0xB08B	7	SUB      sp,sp,#0x2c	false	
Instruction	4954	S:0xC0025AC6	0xB500	3	PUSH     {lr}	false	
Instruction	4955	S:0xC0025AC8	0xF85DEB04	2	POP      {lr}	false	
Instruction	4956	S:0xC0025ACC	0x4B6C	12	LDR      r3,[pc,#432] ; [0xC0025C80] = 0xC05F0638	false	
Instruction	4957	S:0xC0025ACE	0xEE1D2F90	1	MRC      p15,#0x0,r2,c13,c0,#4	false	
Instruction	4958	S:0xC0025AD2	0x58D4	4	LDR      r4,[r2,r3]	false	
Instruction	4959	S:0xC0025AD4	0xF010F862	0	BL       {pc}+0x100c8 ; 0xc0035b9c	true	
Instruction	4960	S:0xC0035B9C	0xB5F8	1	PUSH     {r3-r7,lr}	false	
Instruction	4961	S:0xC0035B9E	0xB500	5	PUSH     {lr}	false	
Instruction	4962	S:0xC0035BA0	0xF85DEB04	6	POP      {lr}	false	
Instruction	4963	S:0xC0035BA4	0x4C21	16	LDR      r4,[pc,#132] ; [0xC0035C2C] = 0xC05F0640	false	
Instruction	4964	S:0xC0035BA6	0xEE1D2F90	1	MRC      p15,#0x0,r2,c13,c0,#4	false	
Instruction	4965	S:0xC0035BAA	0xF1040318	1	ADD      r3,r4,#0x18	false	
Instruction	4966	S:0xC0035BAE	0x58D3	3	LDR      r3,[r2,r3]	false	
Instruction	4967	S:0xC0035BB0	0xB103	2	CBZ      r3,{pc}+4 ; 0xc0035bb4	true	fail
Instruction	4968	S:0xC0035BB2	0xBDF8	3	POP      {r3-r7,pc}	true	
Instruction	4969	S:0xC0025AD8	0xF24603C0	5	MOV      r3,#0x60c0	false	
Instruction	4970	S:0xC0025ADC	0xF2CC035F	1	MOVT     r3,#0xc05f	false	
Instruction	4971	S:0xC0025AE0	0x681A	3	LDR      r2,[r3,#0]	false	
Instruction	4972	S:0xC0025AE2	0x68A3	12	LDR      r3,[r4,#8]	false	
Instruction	4973	S:0xC0025AE4	0x1AD3	2	SUBS     r3,r2,r3	false	
Instruction	4974	S:0xC0025AE6	0x2B00	1	CMP      r3,#0	false	
Instruction	4975	S:0xC0025AE8	0xDB7F	0	BLT      {pc}+0x102 ; 0xc0025bea	true	fail
Instruction	4976	S:0xC0025AEA	0x4620	1	MOV      r0,r4	false	
Instruction	4977	S:0xC0025AEC	0xF3BEFD9A	0	BL       {pc}+0x3beb38 ; 0xc03e4624	true	
Cycle Count				46	Tracing disabled		
Info					Tracing enabled		
Instruction	4978	S:0xC0025AF0	0xF24602C0	1	MOV      r2,#0x60c0	false	
Instruction	4979	S:0xC0025AF4	0xF2CC025F	1	MOVT     r2,#0xc05f	false	
Instruction	4980	S:0xC0025AF8	0x6813	22	LDR      r3,[r2,#0]	false	
Instruction	4981	S:0xC0025AFA	0x68A2	3	LDR      r2,[r4,#8]	false	
Instruction	4982	S:0xC0025AFC	0x1A9B	2	SUBS     r3,r3,r2	false	
Instruction	4983	S:0xC0025AFE	0x2B00	1	CMP      r3,#0	false	
Instruction	4984	S:0xC0025B00	0xDB67	0	BLT      {pc}+0xd2 ; 0xc0025bd2	true	fail
Instruction	4985	S:0xC0025B02	0xF8DFB180	1	LDR      r11,[pc,#384] ; [0xC0025C84] = 0xC0635D88	false	
Instruction	4986	S:0xC0025B06	0xF10D0820	0	ADD      r8,sp,#0x20	false	
Instruction	4987	S:0xC0025B0A	0xF44F7300	1	MOV      r3,#0x200	false	
Instruction	4988	S:0xC0025B0E	0xF2C00320	1	MOVT     r3,#0x20	false	
Instruction	4989	S:0xC0025B12	0x9303	1	STR      r3,[sp,#0xc]	false	
Instruction	4990	S:0xC0025B14	0xF6040314	0	ADD      r3,r4,#0x814	false	
Instruction	4991	S:0xC0025B18	0x9304	1	STR      r3,[sp,#0x10]	false	
Instruction	4992	S:0xC0025B1A	0xF6042314	0	ADD      r3,r4,#0xa14	false	
Instruction	4993	S:0xC0025B1E	0x9305	1	STR      r3,[sp,#0x14]	false	
Instruction	4994	S:0xC0025B20	0xF6044314	0	ADD      r3,r4,#0xc14	false	
Instruction	4995	S:0xC0025B24	0x9306	1	STR      r3,[sp,#0x18]	false	
Instruction	4996	S:0xC0025B26	0xF6046314	0	ADD      r3,r4,#0xe14	false	
Instruction	4997	S:0xC0025B2A	0x9307	1	STR      r3,[sp,#0x1c]	false	
Instruction	4998	S:0xC0025B2C	0xF01205FF	0	ANDS     r5,r2,#0xff	false	
Instruction	4999	S:0xC0025B30	0xD068	1	BEQ      {pc}+0xd4 ; 0xc0025c04	true	fail
Instruction	5000	S:0xC0025B32	0xEB0401C5	14	ADD      r1,r4,r5,LSL #3	false	
Instruction	5001	S:0xC0025B36	0x3201	0	ADDS     r2,#1	false	
Instruction	5002	S:0xC0025B38	0x60A2	1	STR      r2,[r4,#8]	false	
Instruction	5003	S:0xC0025B3A	0xF1010314	0	ADD      r3,r1,#0x14	false	
Instruction	5004	S:0xC0025B3E	0x6948	15	LDR      r0,[r1,#0x14]	false	
Instruction	5005	S:0xC0025B40	0xF8C08004	6	STR      r8,[r0,#4]	false	
Instruction	5006	S:0xC0025B44	0x698A	3	LDR      r2,[r1,#0x18]	false	
Instruction	5007	S:0xC0025B46	0x9008	1	STR      r0,[sp,#0x20]	false	
Instruction	5008	S:0xC0025B48	0x9209	1	STR      r2,[sp,#0x24]	false	
Instruction	5009	S:0xC0025B4A	0xF8C28000	1	STR      r8,[r2,#0]	false	
Instruction	5010	S:0xC0025B4E	0x614B	1	STR      r3,[r1,#0x14]	false	
Instruction	5011	S:0xC0025B50	0x605B	1	STR      r3,[r3,#4]	false	
Instruction	5012	S:0xC0025B52	0x9D08	1	LDR      r5,[sp,#0x20]	false	
Instruction	5013	S:0xC0025B54	0x4545	2	CMP      r5,r8	false	
Instruction	5014	S:0xC0025B56	0xD033	0	BEQ      {pc}+0x6a ; 0xc0025bc0	true	fail
Instruction	5015	S:0xC0025B58	0x68EB	75	LDR      r3,[r5,#0xc]	false	
Instruction	5016	S:0xC0025B5A	0x6A2A	3	LDR      r2,[r5,#0x20]	false	
Instruction	5017	S:0xC0025B5C	0xF0030902	1	AND      r9,r3,#2	false	
Instruction	5018	S:0xC0025B60	0x692F	1	LDR      r7,[r5,#0x10]	false	
Instruction	5019	S:0xC0025B62	0xF8D5A014	1	LDR      r10,[r5,#0x14]	false	
Instruction	5020	S:0xC0025B66	0x2A00	0	CMP      r2,#0	false	
Instruction	5021	S:0xC0025B68	0xD16F	1	BNE      {pc}+0xe2 ; 0xc0025c4a	true	fail
Instruction	5022	S:0xC0025B6A	0x6065	3	STR      r5,[r4,#4]	false	
Instruction	5023	S:0xC0025B6C	0xF8DB3004	3	LDR      r3,[r11,#4]	false	
Instruction	5024	S:0xC0025B70	0x2B00	2	CMP      r3,#0	false	
Instruction	5025	S:0xC0025B72	0xD176	0	BNE      {pc}+0xf0 ; 0xc0025c62	true	fail
Instruction	5026	S:0xC0025B74	0xE895000C	60	LDM      r5,{r2,r3}	false	
Instruction	5027	S:0xC0025B78	0x6053	3	STR      r3,[r2,#4]	false	
Instruction	5028	S:0xC0025B7A	0x601A	1	STR      r2,[r3,#0]	false	
Instruction	5029	S:0xC0025B7C	0x2200	1	MOVS     r2,#0	false	
Instruction	5030	S:0xC0025B7E	0x602A	1	STR      r2,[r5,#0]	false	
Instruction	5031	S:0xC0025B80	0x9A03	1	LDR      r2,[sp,#0xc]	false	
Instruction	5032	S:0xC0025B82	0x68EB	1	LDR      r3,[r5,#0xc]	false	
Instruction	5033	S:0xC0025B84	0x606A	1	STR      r2,[r5,#4]	false	
Instruction	5034	S:0xC0025B86	0x07DA	2	LSLS     r2,r3,#31	false	
Instruction	5035	S:0xC0025B88	0xBF5E	0	ITTT     PL	false	
Instruction	5036	S:0xC0025B8A	0x6923	1	LDR      r3,[r4,#0x10]	false	
Instruction	5037	S:0xC0025B8C	0xF10333FF	2	ADD      r3,r3,#0xffffffff	false	
Instruction	5038	S:0xC0025B90	0x6123	1	STR      r3,[r4,#0x10]	false	
Instruction	5039	S:0xC0025B92	0xF3BF8F5F	1	DMB      	false	
Instruction	5040	S:0xC0025B96	0x8823	30	LDRH     r3,[r4,#0]	false	
Instruction	5041	S:0xC0025B98	0x3301	2	ADDS     r3,#1	false	
Instruction	5042	S:0xC0025B9A	0x8023	1	STRH     r3,[r4,#0]	false	
Instruction	5043	S:0xC0025B9C	0xF3BF8F4F	31	DSB      	false	
Instruction	5044	S:0xC0025BA0	0xF3AF8004	1	SEV.W    	false	
Instruction	5045	S:0xC0025BA4	0xF1B90F00	1	CMP      r9,#0	false	
Instruction	5046	S:0xC0025BA8	0xD022	0	BEQ      {pc}+0x48 ; 0xc0025bf0	true	
Instruction	5047	S:0xC0025BF0	0xB662	61	CPSIE    i	false	
Instruction	5048	S:0xC0025BF2	0x4628	1	MOV      r0,r5	false	
Instruction	5049	S:0xC0025BF4	0x4639	1	MOV      r1,r7	false	
Instruction	5050	S:0xC0025BF6	0x4652	0	MOV      r2,r10	false	
Instruction	5051	S:0xC0025BF8	0xF7FFF990	1	BL       {pc}-0xcdc ; 0xc0024f1c	true	
Instruction	5052	S:0xC0024F1C	0xE92D4FF0	2	PUSH     {r4-r11,lr}	false	
Instruction	5053	S:0xC0024F20	0xB083	7	SUB      sp,sp,#0xc	false	
Instruction	5054	S:0xC0024F22	0xB500	3	PUSH     {lr}	false	
Instruction	5055	S:0xC0024F24	0xF85DEB04	2	POP      {lr}	false	
Instruction	5056	S:0xC0024F28	0xF8DFA090	60	LDR      r10,[pc,#144] ; [0xC0024FBC]	false	
Instruction	5057	S:0xC0024F2C	0x466B	0	MOV      r3,sp	false	
Instruction	5058	S:0xC0024F2E	0x4606	1	MOV      r6,r0	false	
Instruction	5059	S:0xC0024F30	0xF42357FF	0	BIC      r7,r3,#0x1fe0	false	
Instruction	5060	S:0xC0024F34	0x4689	1	MOV      r9,r1	false	
Instruction	5061	S:0xC0024F36	0xF027071F	0	BIC      r7,r7,#0x1f	false	
Instruction	5062	S:0xC0024F3A	0xF8DA3018	1	LDR      r3,[r10,#0x18]	false	
Instruction	5063	S:0xC0024F3E	0x4693	0	MOV      r11,r2	false	
Instruction	5064	S:0xC0024F40	0xF8D78004	14	LDR      r8,[r7,#4]	false	
Instruction	5065	S:0xC0024F44	0xB98B	1	CBNZ     r3,{pc}+0x26 ; 0xc0024f6a	true	fail
Instruction	5066	S:0xC0024F46	0x4658	1	MOV      r0,r11	false	
Instruction	5067	S:0xC0024F48	0x47C8	1	BLX      r9	true	
Cycle Count				972	Tracing disabled		
Info					Tracing enabled		
Instruction	5068	S:0xC0025F18	0xB500	1	PUSH     {lr}	false	
Timestamp					Timestamp: 562536984591		
Instruction	5069	S:0xC0025F1A	0xF85DEB04	2	POP      {lr}	false	
Instruction	5070	S:0xC0025F1E	0x6802	1	LDR      r2,[r0,#0]	false	
Instruction	5071	S:0xC0025F20	0xB912	2	CBNZ     r2,{pc}+8 ; 0xc0025f28	true	fail
Instruction	5072	S:0xC0025F22	0x6881	1	LDR      r1,[r0,#8]	false	
Instruction	5073	S:0xC0025F24	0xF7FFBF4E	0	B.W      {pc}-0x160 ; 0xc0025dc4	true	
Instruction	5074	S:0xC0025DC4	0xE92D41F0	1	PUSH     {r4-r8,lr}	false	
Instruction	5075	S:0xC0025DC8	0xB082	3	SUB      sp,sp,#8	false	
Instruction	5076	S:0xC0025DCA	0xB500	3	PUSH     {lr}	false	
Instruction	5077	S:0xC0025DCC	0xF85DEB04	2	POP      {lr}	false	
Instruction	5078	S:0xC0025DD0	0x6983	3	LDR      r3,[r0,#0x18]	false	
Instruction	5079	S:0xC0025DD2	0x4604	0	MOV      r4,r0	false	
Instruction	5080	S:0xC0025DD4	0x460E	1	MOV      r6,r1	false	
Instruction	5081	S:0xC0025DD6	0x2B00	1	CMP      r3,#0	false	
Instruction	5082	S:0xC0025DD8	0x4677	0	MOV      r7,lr	false	
Instruction	5083	S:0xC0025DDA	0xBFA8	1	IT       GE	false	
Instruction	5084	S:0xC0025DDC	0x18CD	1	ADDS     r5,r1,r3	false	fail
Instruction	5085	S:0xC0025DDE	0xDB55	0	BLT      {pc}+0xae ; 0xc0025e8c	true	
Instruction	5086	S:0xC0025E8C	0x4B21	24	LDR      r3,[pc,#132] ; [0xC0025F14] = 0xC05F60C0	false	
Instruction	5087	S:0xC0025E8E	0x681D	3	LDR      r5,[r3,#0]	false	
Instruction	5088	S:0xC0025E90	0x1B4D	2	SUBS     r5,r1,r5	false	
Instruction	5089	S:0xC0025E92	0x2DFF	1	CMP      r5,#0xff	false	
Instruction	5090	S:0xC0025E94	0xDDA9	0	BLE      {pc}-0xaa ; 0xc0025dea	true	
Instruction	5091	S:0xC0025DEA	0x6823	8	LDR      r3,[r4,#0]	false	
Instruction	5092	S:0xC0025DEC	0xB113	2	CBZ      r3,{pc}+8 ; 0xc0025df4	true	
Instruction	5093	S:0xC0025DF4	0x4B42	8	LDR      r3,[pc,#264] ; [0xC0025F00]	false	
Instruction	5094	S:0xC0025DF6	0x681B	5	LDR      r3,[r3,#0]	false	
Instruction	5095	S:0xC0025DF8	0x2B00	2	CMP      r3,#0	false	
Instruction	5096	S:0xC0025DFA	0xD16A	0	BNE      {pc}+0xd8 ; 0xc0025ed2	true	fail
Instruction	5097	S:0xC0025DFC	0x6923	1	LDR      r3,[r4,#0x10]	false	
Instruction	5098	S:0xC0025DFE	0x2B00	2	CMP      r3,#0	false	
Instruction	5099	S:0xC0025E00	0xD07C	0	BEQ      {pc}+0xfc ; 0xc0025efc	true	fail
Instruction	5100	S:0xC0025E02	0xA901	10	ADD      r1,sp,#4	false	
Instruction	5101	S:0xC0025E04	0x4620	0	MOV      r0,r4	false	
Instruction	5102	S:0xC0025E06	0xF7FFFD61	1	BL       {pc}-0x53a ; 0xc00258cc	true	
Instruction	5103	S:0xC00258CC	0xB5F8	20	PUSH     {r3-r7,lr}	false	
Instruction	5104	S:0xC00258CE	0xB500	7	PUSH     {lr}	false	
Instruction	5105	S:0xC00258D0	0xF85DEB04	2	POP      {lr}	false	
Instruction	5106	S:0xC00258D4	0x4606	0	MOV      r6,r0	false	
Instruction	5107	S:0xC00258D6	0x460F	1	MOV      r7,r1	false	
Instruction	5108	S:0xC00258D8	0x68F5	2	LDR      r5,[r6,#0xc]	false	
Instruction	5109	S:0xC00258DA	0xF0350403	2	BICS     r4,r5,#3	false	
Instruction	5110	S:0xC00258DE	0x4620	1	MOV      r0,r4	false	
Instruction	5111	S:0xC00258E0	0xD00A	1	BEQ      {pc}+0x18 ; 0xc00258f8	true	fail
Instruction	5112	S:0xC00258E2	0xF3BEFE81	22	BL       {pc}+0x3bed06 ; 0xc03e45e8	true	
Cycle Count				63	Tracing disabled		
Info					Tracing enabled		
Instruction	5113	S:0xC00258E6	0x6038	1	STR      r0,[r7,#0]	false	
Instruction	5114	S:0xC00258E8	0x4601	1	MOV      r1,r0	false	
Instruction	5115	S:0xC00258EA	0x68F2	1	LDR      r2,[r6,#0xc]	false	
Instruction	5116	S:0xC00258EC	0x4620	0	MOV      r0,r4	false	
Instruction	5117	S:0xC00258EE	0x4295	2	CMP      r5,r2	false	
Instruction	5118	S:0xC00258F0	0xD100	0	BNE      {pc}+4 ; 0xc00258f4	true	fail
Instruction	5119	S:0xC00258F2	0xBDF8	1	POP      {r3-r7,pc}	true	
Instruction	5120	S:0xC0025E0A	0x2200	3	MOVS     r2,#0	false	
Instruction	5121	S:0xC0025E0C	0x4607	0	MOV      r7,r0	false	
Instruction	5122	S:0xC0025E0E	0x4620	1	MOV      r0,r4	false	
Instruction	5123	S:0xC0025E10	0x4639	0	MOV      r1,r7	false	
Instruction	5124	S:0xC0025E12	0xF7FFF849	1	BL       {pc}-0xf6a ; 0xc0024ea8	true	
Instruction	5125	S:0xC0024EA8	0xB5F8	9	PUSH     {r3-r7,lr}	false	
Instruction	5126	S:0xC0024EAA	0xB500	5	PUSH     {lr}	false	
Instruction	5127	S:0xC0024EAC	0xF85DEB04	2	POP      {lr}	false	
Instruction	5128	S:0xC0024EB0	0x4604	0	MOV      r4,r0	false	
Instruction	5129	S:0xC0024EB2	0x6800	2	LDR      r0,[r0,#0]	false	
Instruction	5130	S:0xC0024EB4	0x460E	0	MOV      r6,r1	false	
Instruction	5131	S:0xC0024EB6	0x4617	1	MOV      r7,r2	false	
Instruction	5132	S:0xC0024EB8	0xB1B8	1	CBZ      r0,{pc}+0x32 ; 0xc0024eea	true	
Instruction	5133	S:0xC0024EEA	0xBDF8	26	POP      {r3-r7,pc}	true	
Instruction	5134	S:0xC0025E16	0x4B3B	3	LDR      r3,[pc,#236] ; [0xC0025F04] = 0xC0635D88	false	
Instruction	5135	S:0xC0025E18	0x6D5A	5	LDR      r2,[r3,#0x54]	false	
Instruction	5136	S:0xC0025E1A	0x4680	0	MOV      r8,r0	false	
Instruction	5137	S:0xC0025E1C	0x2A00	2	CMP      r2,#0	false	
Instruction	5138	S:0xC0025E1E	0xD15D	0	BNE      {pc}+0xbe ; 0xc0025edc	true	fail
Instruction	5139	S:0xC0025E20	0x4B39	17	LDR      r3,[pc,#228] ; [0xC0025F08] = 0xC05FC574	false	
Instruction	5140	S:0xC0025E22	0x4669	0	MOV      r1,sp	false	
Instruction	5141	S:0xC0025E24	0xF42152FF	1	BIC      r2,r1,#0x1fe0	false	
Instruction	5142	S:0xC0025E28	0xF022021F	1	BIC      r2,r2,#0x1f	false	
Instruction	5143	S:0xC0025E2C	0x681B	11	LDR      r3,[r3,#0]	false	
Instruction	5144	S:0xC0025E2E	0x6955	2	LDR      r5,[r2,#0x14]	false	
Instruction	5145	S:0xC0025E30	0x2B00	1	CMP      r3,#0	false	
Instruction	5146	S:0xC0025E32	0xD142	0	BNE      {pc}+0x88 ; 0xc0025eba	true	
Instruction	5147	S:0xC0025EBA	0x4628	1	MOV      r0,r5	false	
Instruction	5148	S:0xC0025EBC	0xF017F826	0	BL       {pc}+0x17050 ; 0xc003cf0c	true	
Instruction	5149	S:0xC003CF0C	0xB488	8	PUSH     {r3,r7}	false	
Instruction	5150	S:0xC003CF0E	0xAF00	1	ADD      r7,sp,#0	false	
Instruction	5151	S:0xC003CF10	0xB500	2	PUSH     {lr}	false	
Instruction	5152	S:0xC003CF12	0xF85DEB04	2	POP      {lr}	false	
Instruction	5153	S:0xC003CF16	0x4A0C	2	LDR      r2,[pc,#48] ; [0xC003CF48] = 0xC05FD5C0	false	
Instruction	5154	S:0xC003CF18	0x4B0C	2	LDR      r3,[pc,#48] ; [0xC003CF4C] = 0xC05F3080	false	
Instruction	5155	S:0xC003CF1A	0xF8522020	3	LDR      r2,[r2,r0,LSL #2]	false	
Instruction	5156	S:0xC003CF1E	0x189B	2	ADDS     r3,r3,r2	false	
Instruction	5157	S:0xC003CF20	0xF8D31460	15	LDR      r1,[r3,#0x460]	false	
Instruction	5158	S:0xC003CF24	0xF8D32464	3	LDR      r2,[r3,#0x464]	false	
Instruction	5159	S:0xC003CF28	0x4291	2	CMP      r1,r2	false	
Instruction	5160	S:0xC003CF2A	0xD003	0	BEQ      {pc}+0xa ; 0xc003cf34	true	fail
Instruction	5161	S:0xC003CF2C	0x2000	8	MOVS     r0,#0	false	
Instruction	5162	S:0xC003CF2E	0x46BD	0	MOV      sp,r7	false	
Instruction	5163	S:0xC003CF30	0xBC88	3	POP      {r3,r7}	false	
Instruction	5164	S:0xC003CF32	0x4770	1	BX       lr	true	
Instruction	5165	S:0xC0025EC0	0x2800	9	CMP      r0,#0	false	
Instruction	5166	S:0xC0025EC2	0xD0B7	0	BEQ      {pc}-0x8e ; 0xc0025e34	true	
Instruction	5167	S:0xC0025E34	0x4A35	3	LDR      r2,[pc,#212] ; [0xC0025F0C] = 0xC05FD5C0	false	
Instruction	5168	S:0xC0025E36	0x4B36	1	LDR      r3,[pc,#216] ; [0xC0025F10] = 0xC05F0638	false	
Instruction	5169	S:0xC0025E38	0xF8522025	2	LDR      r2,[r2,r5,LSL #2]	false	
Instruction	5170	S:0xC0025E3C	0x58D5	5	LDR      r5,[r2,r3]	false	
Instruction	5171	S:0xC0025E3E	0x42AF	2	CMP      r7,r5	false	
Instruction	5172	S:0xC0025E40	0xD017	0	BEQ      {pc}+0x32 ; 0xc0025e72	true	
Instruction	5173	S:0xC0025E72	0x4621	18	MOV      r1,r4	false	
Instruction	5174	S:0xC0025E74	0x4628	0	MOV      r0,r5	false	
Instruction	5175	S:0xC0025E76	0x60A6	3	STR      r6,[r4,#8]	false	
Instruction	5176	S:0xC0025E78	0xF7FFFDAA	0	BL       {pc}-0x4a8 ; 0xc00259d0	true	
Instruction	5177	S:0xC00259D0	0xB538	3	PUSH     {r3-r5,lr}	false	
Instruction	5178	S:0xC00259D2	0xB500	4	PUSH     {lr}	false	
Instruction	5179	S:0xC00259D4	0xF85DEB04	2	POP      {lr}	false	
Instruction	5180	S:0xC00259D8	0x460D	0	MOV      r5,r1	false	
Instruction	5181	S:0xC00259DA	0x4604	1	MOV      r4,r0	false	
Instruction	5182	S:0xC00259DC	0xF7FFF8F6	1	BL       {pc}-0xe10 ; 0xc0024bcc	true	
Instruction	5183	S:0xC0024BCC	0xB418	10	PUSH     {r3,r4}	false	
Instruction	5184	S:0xC0024BCE	0xB500	1	PUSH     {lr}	false	
Instruction	5185	S:0xC0024BD0	0xF85DEB04	2	POP      {lr}	false	
Instruction	5186	S:0xC0024BD4	0x6884	1	LDR      r4,[r0,#8]	false	
Instruction	5187	S:0xC0024BD6	0x688A	2	LDR      r2,[r1,#8]	false	
Instruction	5188	S:0xC0024BD8	0x1B13	2	SUBS     r3,r2,r4	false	
Instruction	5189	S:0xC0024BDA	0x2BFF	1	CMP      r3,#0xff	false	
Instruction	5190	S:0xC0024BDC	0xD922	0	BLS      {pc}+0x48 ; 0xc0024c24	true	
Instruction	5191	S:0xC0024C24	0xB2D2	13	UXTB     r2,r2	false	
Instruction	5192	S:0xC0024C26	0xEB0000C2	2	ADD      r0,r0,r2,LSL #3	false	
Instruction	5193	S:0xC0024C2A	0x3014	1	ADDS     r0,r0,#0x14	false	
Instruction	5194	S:0xC0024C2C	0xE7F3	1	B        {pc}-0x16 ; 0xc0024c16	true	
Instruction	5195	S:0xC0024C16	0x6843	28	LDR      r3,[r0,#4]	false	
Instruction	5196	S:0xC0024C18	0x6041	3	STR      r1,[r0,#4]	false	
Instruction	5197	S:0xC0024C1A	0xE8810009	1	STM      r1,{r0,r3}	false	
Instruction	5198	S:0xC0024C1E	0x6019	3	STR      r1,[r3,#0]	false	
Instruction	5199	S:0xC0024C20	0xBC18	3	POP      {r3,r4}	false	
Instruction	5200	S:0xC0024C22	0x4770	1	BX       lr	true	
Instruction	5201	S:0xC00259E0	0x68EB	1	LDR      r3,[r5,#0xc]	false	
Instruction	5202	S:0xC00259E2	0x07D8	3	LSLS     r0,r3,#31	false	
Instruction	5203	S:0xC00259E4	0xD408	0	BMI      {pc}+0x14 ; 0xc00259f8	true	fail
Instruction	5204	S:0xC00259E6	0x68AB	1	LDR      r3,[r5,#8]	false	
Instruction	5205	S:0xC00259E8	0x68E2	1	LDR      r2,[r4,#0xc]	false	
Instruction	5206	S:0xC00259EA	0x1A9A	2	SUBS     r2,r3,r2	false	
Instruction	5207	S:0xC00259EC	0x2A00	1	CMP      r2,#0	false	
Instruction	5208	S:0xC00259EE	0xBFB8	0	IT       LT	false	
Instruction	5209	S:0xC00259F0	0x60E3	1	STR      r3,[r4,#0xc]	false	fail
Instruction	5210	S:0xC00259F2	0x6923	1	LDR      r3,[r4,#0x10]	false	
Instruction	5211	S:0xC00259F4	0x3301	2	ADDS     r3,#1	false	
Instruction	5212	S:0xC00259F6	0x6123	1	STR      r3,[r4,#0x10]	false	
Instruction	5213	S:0xC00259F8	0xBD38	1	POP      {r3-r5,pc}	true	
Instruction	5214	S:0xC0025E7C	0x4628	3	MOV      r0,r5	false	
Instruction	5215	S:0xC0025E7E	0x9901	1	LDR      r1,[sp,#4]	false	
Instruction	5216	S:0xC0025E80	0xF3BEFBEA	0	BL       {pc}+0x3be7d8 ; 0xc03e4658	true	
Cycle Count				129	Tracing disabled		
Info					Tracing enabled		
Instruction	5217	S:0xC0025E84	0x4640	1	MOV      r0,r8	false	
Instruction	5218	S:0xC0025E86	0xB002	0	ADD      sp,sp,#8	false	
Instruction	5219	S:0xC0025E88	0xE8BD81F0	3	POP      {r4-r8,pc}	true	
Cycle Count				14	Tracing disabled		
Info					Tracing enabled		
Instruction	5220	S:0xC0024F4A	0xF8DA302C	1	LDR      r3,[r10,#0x2c]	false	
Instruction	5221	S:0xC0024F4E	0x4A1B	3	LDR      r2,[pc,#108] ; [0xC0024FBC]	false	
Instruction	5222	S:0xC0024F50	0x2B00	1	CMP      r3,#0	false	
Instruction	5223	S:0xC0024F52	0xD126	0	BNE      {pc}+0x50 ; 0xc0024fa2	true	fail
Instruction	5224	S:0xC0024F54	0x687B	10	LDR      r3,[r7,#4]	false	
Instruction	5225	S:0xC0024F56	0x4543	2	CMP      r3,r8	false	
Instruction	5226	S:0xC0024F58	0xD004	1	BEQ      {pc}+0xc ; 0xc0024f64	true	
Instruction	5227	S:0xC0024F64	0xB003	13	ADD      sp,sp,#0xc	false	
Instruction	5228	S:0xC0024F66	0xE8BD8FF0	3	POP      {r4-r11,pc}	true	
Instruction	5229	S:0xC0025BFC	0x4620	5	MOV      r0,r4	false	
Instruction	5230	S:0xC0025BFE	0xF3BEFD11	0	BL       {pc}+0x3bea26 ; 0xc03e4624	true	
Cycle Count				27	Tracing disabled		
Info					Tracing enabled		
Instruction	5231	S:0xC0025C02	0xE7A6	1	B        {pc}-0xb0 ; 0xc0025b52	true	
Instruction	5232	S:0xC0025B52	0x9D08	25	LDR      r5,[sp,#0x20]	false	
Instruction	5233	S:0xC0025B54	0x4545	2	CMP      r5,r8	false	
Instruction	5234	S:0xC0025B56	0xD033	0	BEQ      {pc}+0x6a ; 0xc0025bc0	true	
Instruction	5235	S:0xC0025BC0	0xF24602C0	8	MOV      r2,#0x60c0	false	
Instruction	5236	S:0xC0025BC4	0xF2CC025F	1	MOVT     r2,#0xc05f	false	
Instruction	5237	S:0xC0025BC8	0x6813	5	LDR      r3,[r2,#0]	false	
Instruction	5238	S:0xC0025BCA	0x68A2	3	LDR      r2,[r4,#8]	false	
Instruction	5239	S:0xC0025BCC	0x1A9B	2	SUBS     r3,r3,r2	false	
Instruction	5240	S:0xC0025BCE	0x2B00	1	CMP      r3,#0	false	
Instruction	5241	S:0xC0025BD0	0xDAAC	0	BGE      {pc}-0xa4 ; 0xc0025b2c	true	
Instruction	5242	S:0xC0025B2C	0xF01205FF	1	ANDS     r5,r2,#0xff	false	
Instruction	5243	S:0xC0025B30	0xD068	0	BEQ      {pc}+0xd4 ; 0xc0025c04	true	fail
Instruction	5244	S:0xC0025B32	0xEB0401C5	2	ADD      r1,r4,r5,LSL #3	false	
Instruction	5245	S:0xC0025B36	0x3201	0	ADDS     r2,#1	false	
Instruction	5246	S:0xC0025B38	0x60A2	1	STR      r2,[r4,#8]	false	
Instruction	5247	S:0xC0025B3A	0xF1010314	0	ADD      r3,r1,#0x14	false	
Instruction	5248	S:0xC0025B3E	0x6948	2	LDR      r0,[r1,#0x14]	false	
Instruction	5249	S:0xC0025B40	0xF8C08004	3	STR      r8,[r0,#4]	false	
Instruction	5250	S:0xC0025B44	0x698A	2	LDR      r2,[r1,#0x18]	false	
Instruction	5251	S:0xC0025B46	0x9008	1	STR      r0,[sp,#0x20]	false	
Instruction	5252	S:0xC0025B48	0x9209	2	STR      r2,[sp,#0x24]	false	
Instruction	5253	S:0xC0025B4A	0xF8C28000	1	STR      r8,[r2,#0]	false	
Instruction	5254	S:0xC0025B4E	0x614B	1	STR      r3,[r1,#0x14]	false	
Instruction	5255	S:0xC0025B50	0x605B	1	STR      r3,[r3,#4]	false	
Instruction	5256	S:0xC0025B52	0x9D08	1	LDR      r5,[sp,#0x20]	false	
Instruction	5257	S:0xC0025B54	0x4545	2	CMP      r5,r8	false	
Instruction	5258	S:0xC0025B56	0xD033	0	BEQ      {pc}+0x6a ; 0xc0025bc0	true	
Instruction	5259	S:0xC0025BC0	0xF24602C0	8	MOV      r2,#0x60c0	false	
Instruction	5260	S:0xC0025BC4	0xF2CC025F	1	MOVT     r2,#0xc05f	false	
Instruction	5261	S:0xC0025BC8	0x6813	3	LDR      r3,[r2,#0]	false	
Instruction	5262	S:0xC0025BCA	0x68A2	1	LDR      r2,[r4,#8]	false	
Instruction	5263	S:0xC0025BCC	0x1A9B	2	SUBS     r3,r3,r2	false	
Instruction	5264	S:0xC0025BCE	0x2B00	1	CMP      r3,#0	false	
Instruction	5265	S:0xC0025BD0	0xDAAC	0	BGE      {pc}-0xa4 ; 0xc0025b2c	true	fail
Instruction	5266	S:0xC0025BD2	0x2300	1	MOVS     r3,#0	false	
Instruction	5267	S:0xC0025BD4	0x6063	1	STR      r3,[r4,#4]	false	
Instruction	5268	S:0xC0025BD6	0xF3BF8F5F	1	DMB      	false	
Instruction	5269	S:0xC0025BDA	0x8823	36	LDRH     r3,[r4,#0]	false	
Instruction	5270	S:0xC0025BDC	0x3301	2	ADDS     r3,#1	false	
Instruction	5271	S:0xC0025BDE	0x8023	1	STRH     r3,[r4,#0]	false	
Instruction	5272	S:0xC0025BE0	0xF3BF8F4F	34	DSB      	false	
Instruction	5273	S:0xC0025BE4	0xF3AF8004	1	SEV.W    	false	
Instruction	5274	S:0xC0025BE8	0xB662	1	CPSIE    i	false	
Instruction	5275	S:0xC0025BEA	0xB00B	1	ADD      sp,sp,#0x2c	false	
Instruction	5276	S:0xC0025BEC	0xE8BD8FF0	3	POP      {r4-r11,pc}	true	
Instruction	5277	S:0xC0020EFE	0xF8DA3018	12	LDR      r3,[r10,#0x18]	false	
Instruction	5278	S:0xC0020F02	0x2B00	2	CMP      r3,#0	false	
Instruction	5279	S:0xC0020F04	0xD165	0	BNE      {pc}+0xce ; 0xc0020fd2	true	fail
Instruction	5280	S:0xC0020F06	0xF8D93004	9	LDR      r3,[r9,#4]	false	
Instruction	5281	S:0xC0020F0A	0x9902	1	LDR      r1,[sp,#8]	false	
Instruction	5282	S:0xC0020F0C	0x4299	2	CMP      r1,r3	false	
Instruction	5283	S:0xC0020F0E	0xD149	0	BNE      {pc}+0x96 ; 0xc0020fa4	true	fail
Instruction	5284	S:0xC0020F10	0x9804	8	LDR      r0,[sp,#0x10]	false	
Instruction	5285	S:0xC0020F12	0xF04FF8C1	0	BL       {pc}+0x4f186 ; 0xc0070098	true	
Cycle Count				62	Tracing disabled		
Info					Tracing enabled		
Instruction	5286	S:0xC0020F16	0x0864	1	LSRS     r4,r4,#1	false	
Instruction	5287	S:0xC0020F18	0xF1060604	0	ADD      r6,r6,#4	false	
Instruction	5288	S:0xC0020F1C	0xF1070704	1	ADD      r7,r7,#4	false	
Instruction	5289	S:0xC0020F20	0xD1CB	10	BNE      {pc}-0x66 ; 0xc0020eba	true	
Instruction	5290	S:0xC0020EBA	0xF2460380	37	MOVW     r3,#0x6080	false	
Instruction	5291	S:0xC0020EBE	0x07E0	1	LSLS     r0,r4,#31	false	
Instruction	5292	S:0xC0020EC0	0xF2CC035F	1	MOVT     r3,#0xc05f	false	
Instruction	5293	S:0xC0020EC4	0xEB030806	1	ADD      r8,r3,r6	false	
Instruction	5294	S:0xC0020EC8	0xD525	0	BPL      {pc}+0x4e ; 0xc0020f16	true	
Instruction	5295	S:0xC0020F16	0x0864	8	LSRS     r4,r4,#1	false	
Instruction	5296	S:0xC0020F18	0xF1060604	1	ADD      r6,r6,#4	false	
Instruction	5297	S:0xC0020F1C	0xF1070704	0	ADD      r7,r7,#4	false	
Instruction	5298	S:0xC0020F20	0xD1CB	1	BNE      {pc}-0x66 ; 0xc0020eba	true	
Instruction	5299	S:0xC0020EBA	0xF2460380	8	MOVW     r3,#0x6080	false	
Instruction	5300	S:0xC0020EBE	0x07E0	1	LSLS     r0,r4,#31	false	
Instruction	5301	S:0xC0020EC0	0xF2CC035F	1	MOVT     r3,#0xc05f	false	
Instruction	5302	S:0xC0020EC4	0xEB030806	1	ADD      r8,r3,r6	false	
Instruction	5303	S:0xC0020EC8	0xD525	0	BPL      {pc}+0x4e ; 0xc0020f16	true	
Instruction	5304	S:0xC0020F16	0x0864	8	LSRS     r4,r4,#1	false	
Instruction	5305	S:0xC0020F18	0xF1060604	1	ADD      r6,r6,#4	false	
Instruction	5306	S:0xC0020F1C	0xF1070704	0	ADD      r7,r7,#4	false	
Instruction	5307	S:0xC0020F20	0xD1CB	1	BNE      {pc}-0x66 ; 0xc0020eba	true	
Instruction	5308	S:0xC0020EBA	0xF2460380	8	MOVW     r3,#0x6080	false	
Instruction	5309	S:0xC0020EBE	0x07E0	1	LSLS     r0,r4,#31	false	
Instruction	5310	S:0xC0020EC0	0xF2CC035F	1	MOVT     r3,#0xc05f	false	
Instruction	5311	S:0xC0020EC4	0xEB030806	1	ADD      r8,r3,r6	false	
Instruction	5312	S:0xC0020EC8	0xD525	0	BPL      {pc}+0x4e ; 0xc0020f16	true	
Instruction	5313	S:0xC0020F16	0x0864	8	LSRS     r4,r4,#1	false	
Instruction	5314	S:0xC0020F18	0xF1060604	1	ADD      r6,r6,#4	false	
Instruction	5315	S:0xC0020F1C	0xF1070704	0	ADD      r7,r7,#4	false	
Instruction	5316	S:0xC0020F20	0xD1CB	1	BNE      {pc}-0x66 ; 0xc0020eba	true	
Instruction	5317	S:0xC0020EBA	0xF2460380	3	MOVW     r3,#0x6080	false	
Instruction	5318	S:0xC0020EBE	0x07E0	1	LSLS     r0,r4,#31	false	
Instruction	5319	S:0xC0020EC0	0xF2CC035F	1	MOVT     r3,#0xc05f	false	
Instruction	5320	S:0xC0020EC4	0xEB030806	1	ADD      r8,r3,r6	false	
Instruction	5321	S:0xC0020EC8	0xD525	0	BPL      {pc}+0x4e ; 0xc0020f16	true	
Instruction	5322	S:0xC0020F16	0x0864	2	LSRS     r4,r4,#1	false	
Instruction	5323	S:0xC0020F18	0xF1060604	1	ADD      r6,r6,#4	false	
Instruction	5324	S:0xC0020F1C	0xF1070704	0	ADD      r7,r7,#4	false	
Instruction	5325	S:0xC0020F20	0xD1CB	1	BNE      {pc}-0x66 ; 0xc0020eba	true	
Instruction	5326	S:0xC0020EBA	0xF2460380	1	MOVW     r3,#0x6080	false	
Instruction	5327	S:0xC0020EBE	0x07E0	1	LSLS     r0,r4,#31	false	
Instruction	5328	S:0xC0020EC0	0xF2CC035F	1	MOVT     r3,#0xc05f	false	
Instruction	5329	S:0xC0020EC4	0xEB030806	1	ADD      r8,r3,r6	false	
Instruction	5330	S:0xC0020EC8	0xD525	0	BPL      {pc}+0x4e ; 0xc0020f16	true	
Instruction	5331	S:0xC0020F16	0x0864	1	LSRS     r4,r4,#1	false	
Instruction	5332	S:0xC0020F18	0xF1060604	0	ADD      r6,r6,#4	false	
Instruction	5333	S:0xC0020F1C	0xF1070704	1	ADD      r7,r7,#4	false	
Instruction	5334	S:0xC0020F20	0xD1CB	1	BNE      {pc}-0x66 ; 0xc0020eba	true	
Instruction	5335	S:0xC0020EBA	0xF2460380	8	MOVW     r3,#0x6080	false	
Instruction	5336	S:0xC0020EBE	0x07E0	1	LSLS     r0,r4,#31	false	
Instruction	5337	S:0xC0020EC0	0xF2CC035F	1	MOVT     r3,#0xc05f	false	
Instruction	5338	S:0xC0020EC4	0xEB030806	1	ADD      r8,r3,r6	false	
Instruction	5339	S:0xC0020EC8	0xD525	0	BPL      {pc}+0x4e ; 0xc0020f16	true	fail
Instruction	5340	S:0xC0020ECA	0x10B5	8	ASRS     r5,r6,#2	false	
Instruction	5341	S:0xC0020ECC	0xF8D91004	1	LDR      r1,[r9,#4]	false	
Instruction	5342	S:0xC0020ED0	0xF2407EB8	1	MOVW     lr,#0x7b8	false	
Instruction	5343	S:0xC0020ED4	0x4847	3	LDR      r0,[pc,#284] ; [0xC0020FF4]	false	
Instruction	5344	S:0xC0020ED6	0x00AB	1	LSLS     r3,r5,#2	false	
Instruction	5345	S:0xC0020ED8	0xF2CC0E5F	0	MOVT     lr,#0xc05f	false	
Instruction	5346	S:0xC0020EDC	0x9303	2	STR      r3,[sp,#0xc]	false	
Instruction	5347	S:0xC0020EDE	0x4473	1	ADD      r3,r3,lr	false	
Instruction	5348	S:0xC0020EE0	0xEE1D2F90	1	MRC      p15,#0x0,r2,c13,c0,#4	false	
Instruction	5349	S:0xC0020EE4	0x9102	1	STR      r1,[sp,#8]	false	
Instruction	5350	S:0xC0020EE6	0x3304	0	ADDS     r3,#4	false	
Instruction	5351	S:0xC0020EE8	0x58D1	3	LDR      r1,[r2,r3]	false	
Instruction	5352	S:0xC0020EEA	0x3101	2	ADDS     r1,#1	false	
Instruction	5353	S:0xC0020EEC	0x50D1	1	STR      r1,[r2,r3]	false	
Instruction	5354	S:0xC0020EEE	0xF8DA3004	1	LDR      r3,[r10,#4]	false	
Instruction	5355	S:0xC0020EF2	0x2B00	2	CMP      r3,#0	false	
Instruction	5356	S:0xC0020EF4	0xD148	0	BNE      {pc}+0x94 ; 0xc0020f88	true	fail
Instruction	5357	S:0xC0020EF6	0xF8573C04	19	LDR      r3,[r7,#-4]	false	
Instruction	5358	S:0xC0020EFA	0x4640	0	MOV      r0,r8	false	
Instruction	5359	S:0xC0020EFC	0x4798	1	BLX      r3	true	
Instruction	5360	S:0xC004639C	0xE92D4FF0	36	PUSH     {r4-r11,lr}	false	
Instruction	5361	S:0xC00463A0	0xB08F	17	SUB      sp,sp,#0x3c	false	
Instruction	5362	S:0xC00463A2	0xB500	3	PUSH     {lr}	false	
Instruction	5363	S:0xC00463A4	0xF85DEB04	2	POP      {lr}	false	
Instruction	5364	S:0xC00463A8	0x4668	1	MOV      r0,sp	false	
Instruction	5365	S:0xC00463AA	0xF42053FF	1	BIC      r3,r0,#0x1fe0	false	
Instruction	5366	S:0xC00463AE	0x4DAB	55	LDR      r5,[pc,#684] ; [0xC004665C]	false	
Instruction	5367	S:0xC00463B0	0xF023031F	0	BIC      r3,r3,#0x1f	false	
Instruction	5368	S:0xC00463B4	0x9305	2	STR      r3,[sp,#0x14]	false	
Instruction	5369	S:0xC00463B6	0x4CAA	1	LDR      r4,[pc,#680] ; [0xC0046660]	false	
Instruction	5370	S:0xC00463B8	0x6959	1	LDR      r1,[r3,#0x14]	false	
Instruction	5371	S:0xC00463BA	0x48AA	1	LDR      r0,[pc,#680] ; [0xC0046664]	false	
Instruction	5372	S:0xC00463BC	0xF8553021	2	LDR      r3,[r5,r1,LSL #2]	false	
Instruction	5373	S:0xC00463C0	0x9100	1	STR      r1,[sp,#0]	false	
Instruction	5374	S:0xC00463C2	0x18E3	1	ADDS     r3,r4,r3	false	
Instruction	5375	S:0xC00463C4	0xF8933498	5	LDRB     r3,[r3,#0x498]	false	
Instruction	5376	S:0xC00463C8	0xF1D30301	2	RSBS     r3,r3,#1	false	
Instruction	5377	S:0xC00463CC	0xBF38	0	IT       CC	false	
Instruction	5378	S:0xC00463CE	0x2300	1	MOVS     r3,#0	false	fail
Instruction	5379	S:0xC00463D0	0x9307	3	STR      r3,[sp,#0x1c]	false	
Instruction	5380	S:0xC00463D2	0xF39EF8DD	0	BL       {pc}+0x39e1be ; 0xc03e4590	true	
Cycle Count				75	Tracing disabled		
Info					Tracing enabled		
Instruction	5381	S:0xC00463D6	0x2800	1	CMP      r0,#0	false	
Instruction	5382	S:0xC00463D8	0xF00080EF	1	BEQ.W    {pc}+0x1e2 ; 0xc00465ba	true	fail
Instruction	5383	S:0xC00463DC	0xF6467360	1	MOV      r3,#0x6f60	false	
Instruction	5384	S:0xC00463E0	0xF8DFB29C	31	LDR      r11,[pc,#668] ; [0xC0046680]	false	
Instruction	5385	S:0xC00463E4	0xF2CC033E	0	MOVT     r3,#0xc03e	false	
Instruction	5386	S:0xC00463E8	0xF04F37FF	1	MOV      r7,#0xffffffff	false	
Instruction	5387	S:0xC00463EC	0x4A9E	2	LDR      r2,[pc,#632] ; [0xC0046668]	false	
Instruction	5388	S:0xC00463EE	0xF8D3A000	3	LDR      r10,[r3,#0]	false	
Instruction	5389	S:0xC00463F2	0x9403	3	STR      r4,[sp,#0xc]	false	
Instruction	5390	S:0xC00463F4	0x9409	1	STR      r4,[sp,#0x24]	false	
Instruction	5391	S:0xC00463F6	0x940A	1	STR      r4,[sp,#0x28]	false	
Instruction	5392	S:0xC00463F8	0x9206	1	STR      r2,[sp,#0x18]	false	
Instruction	5393	S:0xC00463FA	0x920B	1	STR      r2,[sp,#0x2c]	false	
Instruction	5394	S:0xC00463FC	0x1C7A	0	ADDS     r2,r7,#1	false	
Instruction	5395	S:0xC00463FE	0x4650	1	MOV      r0,r10	false	
Instruction	5396	S:0xC0046400	0x2108	19	MOVS     r1,#8	false	
Instruction	5397	S:0xC0046402	0xF20AFD6B	0	BL       {pc}+0x20aada ; 0xc0250edc	true	
Cycle Count				102	Tracing disabled		
Info					Tracing enabled		
Instruction	5398	S:0xC0046406	0xF8DB3000	1	LDR      r3,[r11,#0]	false	
Instruction	5399	S:0xC004640A	0x4298	2	CMP      r0,r3	false	
Instruction	5400	S:0xC004640C	0x4607	1	MOV      r7,r0	false	
Instruction	5401	S:0xC004640E	0xF28080C8	0	BGE.W    {pc}+0x194 ; 0xc00465a2	true	fail
Instruction	5402	S:0xC0046412	0x9803	1	LDR      r0,[sp,#0xc]	false	
Instruction	5403	S:0xC0046414	0xF8554027	2	LDR      r4,[r5,r7,LSL #2]	false	
Instruction	5404	S:0xC0046418	0x1904	2	ADDS     r4,r0,r4	false	
Instruction	5405	S:0xC004641A	0x4620	1	MOV      r0,r4	false	
Instruction	5406	S:0xC004641C	0xF39EF8E4	0	BL       {pc}+0x39e1cc ; 0xc03e45e8	true	
Cycle Count				105	Tracing disabled		
Info					Tracing enabled		
Instruction	5407	S:0xC0046420	0xF8D49078	1	LDR      r9,[r4,#0x78]	false	
Instruction	5408	S:0xC0046424	0x9001	1	STR      r0,[sp,#4]	false	
Instruction	5409	S:0xC0046426	0xF1B90F00	1	CMP      r9,#0	false	
Instruction	5410	S:0xC004642A	0xF00080B5	0	BEQ.W    {pc}+0x16e ; 0xc0046598	true	fail
Instruction	5411	S:0xC004642E	0xF8D93128	39	LDR      r3,[r9,#0x128]	false	
Instruction	5412	S:0xC0046432	0xB12B	2	CBZ      r3,{pc}+0xe ; 0xc0046440	true	
Instruction	5413	S:0xC0046440	0x4638	59	MOV      r0,r7	false	
Instruction	5414	S:0xC0046442	0xA90D	0	ADD      r1,sp,#0x34	false	
Instruction	5415	S:0xC0046444	0x464A	1	MOV      r2,r9	false	
Instruction	5416	S:0xC0046446	0xF1A90338	0	SUB      r3,r9,#0x38	false	
Instruction	5417	S:0xC004644A	0x9302	1	STR      r3,[sp,#8]	false	
Instruction	5418	S:0xC004644C	0xF7FAF8C8	0	BL       {pc}-0x5e6c ; 0xc00405e0	true	
Instruction	5419	S:0xC00405E0	0xE92D4FF0	17	PUSH     {r4-r11,lr}	false	
Instruction	5420	S:0xC00405E4	0xB083	7	SUB      sp,sp,#0xc	false	
Instruction	5421	S:0xC00405E6	0xB500	3	PUSH     {lr}	false	
Instruction	5422	S:0xC00405E8	0xF85DEB04	2	POP      {lr}	false	
Instruction	5423	S:0xC00405EC	0xF8D23128	1	LDR      r3,[r2,#0x128]	false	
Instruction	5424	S:0xC00405F0	0x4616	0	MOV      r6,r2	false	
Instruction	5425	S:0xC00405F2	0x4680	1	MOV      r8,r0	false	
Instruction	5426	S:0xC00405F4	0x460F	0	MOV      r7,r1	false	
Instruction	5427	S:0xC00405F6	0x2B00	1	CMP      r3,#0	false	
Instruction	5428	S:0xC00405F8	0xD16E	0	BNE      {pc}+0xe0 ; 0xc00406d8	true	fail
Instruction	5429	S:0xC00405FA	0xF8DF9108	3	LDR      r9,[pc,#264] ; [0xC0040704]	false	
Instruction	5430	S:0xC00405FE	0x4A3C	3	LDR      r2,[pc,#240] ; [0xC00406F0] = 0xC05F3080	false	
Instruction	5431	S:0xC0040600	0xF859A028	3	LDR      r10,[r9,r8,LSL #2]	false	
Instruction	5432	S:0xC0040604	0x4614	1	MOV      r4,r2	false	
Instruction	5433	S:0xC0040606	0x4650	1	MOV      r0,r10	false	
Instruction	5434	S:0xC0040608	0xB11F	1	CBZ      r7,{pc}+0xa ; 0xc0040612	true	fail
Instruction	5435	S:0xC004060A	0x2108	15	MOVS     r1,#8	false	
Instruction	5436	S:0xC004060C	0x6039	1	STR      r1,[r7,#0]	false	
Instruction	5437	S:0xC004060E	0xF8590028	1	LDR      r0,[r9,r8,LSL #2]	false	
Instruction	5438	S:0xC0040612	0x4D38	1	LDR      r5,[pc,#224] ; [0xC00406F4] = 0xC0607834	false	
Instruction	5439	S:0xC0040614	0x4938	1	LDR      r1,[pc,#224] ; [0xC00406F8] = 0xC05F07E8	false	
Instruction	5440	S:0xC0040616	0x580B	5	LDR      r3,[r1,r0]	false	
Instruction	5441	S:0xC0040618	0x6A29	15	LDR      r1,[r5,#0x20]	false	
Instruction	5442	S:0xC004061A	0xF1030008	1	ADD      r0,r3,#8	false	
Instruction	5443	S:0xC004061E	0x4281	1	CMP      r1,r0	false	
Instruction	5444	S:0xC0040620	0xD046	0	BEQ      {pc}+0x90 ; 0xc00406b0	true	fail
Instruction	5445	S:0xC0040622	0xF8D6014C	1	LDR      r0,[r6,#0x14c]	false	
Instruction	5446	S:0xC0040626	0x6AA9	1	LDR      r1,[r5,#0x28]	false	
Instruction	5447	S:0xC0040628	0x4288	2	CMP      r0,r1	false	
Instruction	5448	S:0xC004062A	0xD341	0	BCC      {pc}+0x86 ; 0xc00406b0	true	
Instruction	5449	S:0xC00406B0	0x2000	20	MOVS     r0,#0	false	
Instruction	5450	S:0xC00406B2	0xB003	0	ADD      sp,sp,#0xc	false	
Instruction	5451	S:0xC00406B4	0xE8BD8FF0	3	POP      {r4-r11,pc}	true	
Instruction	5452	S:0xC0046450	0x2800	16	CMP      r0,#0	false	
Instruction	5453	S:0xC0046452	0xD033	0	BEQ      {pc}+0x6a ; 0xc00464bc	true	
Instruction	5454	S:0xC00464BC	0xF8D434A0	36	LDR      r3,[r4,#0x4a0]	false	
Instruction	5455	S:0xC00464C0	0x2B00	18	CMP      r3,#0	false	
Instruction	5456	S:0xC00464C2	0xD169	0	BNE      {pc}+0xd6 ; 0xc0046598	true	fail
Instruction	5457	S:0xC00464C4	0xF8553027	24	LDR      r3,[r5,r7,LSL #2]	false	
Instruction	5458	S:0xC00464C8	0x9806	1	LDR      r0,[sp,#0x18]	false	
Instruction	5459	S:0xC00464CA	0x4A6A	3	LDR      r2,[pc,#424] ; [0xC0046674]	false	
Instruction	5460	S:0xC00464CC	0x58C6	3	LDR      r6,[r0,r3]	false	
Instruction	5461	S:0xC00464CE	0x68B3	5	LDR      r3,[r6,#8]	false	
Instruction	5462	S:0xC00464D0	0x4293	2	CMP      r3,r2	false	
Instruction	5463	S:0xC00464D2	0xD05E	0	BEQ      {pc}+0xc0 ; 0xc0046592	true	
Instruction	5464	S:0xC0046592	0x2308	8	MOVS     r3,#8	false	
Instruction	5465	S:0xC0046594	0xF8C434A4	3	STR      r3,[r4,#0x4a4]	false	
Instruction	5466	S:0xC0046598	0x4620	1	MOV      r0,r4	false	
Instruction	5467	S:0xC004659A	0x9901	2	LDR      r1,[sp,#4]	false	
Instruction	5468	S:0xC004659C	0xF39EF85C	0	BL       {pc}+0x39e0bc ; 0xc03e4658	true	
Cycle Count				88	Tracing disabled		
Info					Tracing enabled		
Instruction	5469	S:0xC00465A0	0xE72C	1	B        {pc}-0x1a4 ; 0xc00463fc	true	
Instruction	5470	S:0xC00463FC	0x1C7A	1	ADDS     r2,r7,#1	false	
Instruction	5471	S:0xC00463FE	0x4650	0	MOV      r0,r10	false	
Instruction	5472	S:0xC0046400	0x2108	1	MOVS     r1,#8	false	
Instruction	5473	S:0xC0046402	0xF20AFD6B	0	BL       {pc}+0x20aada ; 0xc0250edc	true	
Cycle Count				49	Tracing disabled		
Info					Tracing enabled		
Instruction	5474	S:0xC0046406	0xF8DB3000	1	LDR      r3,[r11,#0]	false	
Instruction	5475	S:0xC004640A	0x4298	2	CMP      r0,r3	false	
Instruction	5476	S:0xC004640C	0x4607	1	MOV      r7,r0	false	
Instruction	5477	S:0xC004640E	0xF28080C8	0	BGE.W    {pc}+0x194 ; 0xc00465a2	true	fail
Instruction	5478	S:0xC0046412	0x9803	1	LDR      r0,[sp,#0xc]	false	
Instruction	5479	S:0xC0046414	0xF8554027	2	LDR      r4,[r5,r7,LSL #2]	false	
Instruction	5480	S:0xC0046418	0x1904	2	ADDS     r4,r0,r4	false	
Instruction	5481	S:0xC004641A	0x4620	1	MOV      r0,r4	false	
Instruction	5482	S:0xC004641C	0xF39EF8E4	0	BL       {pc}+0x39e1cc ; 0xc03e45e8	true	
Cycle Count				1740	Tracing disabled		
Info					Tracing enabled		
Instruction	5483	S:0xC0046420	0xF8D49078	1	LDR      r9,[r4,#0x78]	false	
Instruction	5484	S:0xC0046424	0x9001	1	STR      r0,[sp,#4]	false	
Instruction	5485	S:0xC0046426	0xF1B90F00	1	CMP      r9,#0	false	
Instruction	5486	S:0xC004642A	0xF00080B5	0	BEQ.W    {pc}+0x16e ; 0xc0046598	true	fail
Instruction	5487	S:0xC004642E	0xF8D93128	15	LDR      r3,[r9,#0x128]	false	
Instruction	5488	S:0xC0046432	0xB12B	2	CBZ      r3,{pc}+0xe ; 0xc0046440	true	
Instruction	5489	S:0xC0046440	0x4638	1	MOV      r0,r7	false	
Instruction	5490	S:0xC0046442	0xA90D	0	ADD      r1,sp,#0x34	false	
Instruction	5491	S:0xC0046444	0x464A	1	MOV      r2,r9	false	
Instruction	5492	S:0xC0046446	0xF1A90338	0	SUB      r3,r9,#0x38	false	
Instruction	5493	S:0xC004644A	0x9302	1	STR      r3,[sp,#8]	false	
Instruction	5494	S:0xC004644C	0xF7FAF8C8	0	BL       {pc}-0x5e6c ; 0xc00405e0	true	
Instruction	5495	S:0xC00405E0	0xE92D4FF0	1	PUSH     {r4-r11,lr}	false	
Instruction	5496	S:0xC00405E4	0xB083	7	SUB      sp,sp,#0xc	false	
Instruction	5497	S:0xC00405E6	0xB500	3	PUSH     {lr}	false	
Instruction	5498	S:0xC00405E8	0xF85DEB04	2	POP      {lr}	false	
Instruction	5499	S:0xC00405EC	0xF8D23128	1	LDR      r3,[r2,#0x128]	false	
Instruction	5500	S:0xC00405F0	0x4616	0	MOV      r6,r2	false	
Instruction	5501	S:0xC00405F2	0x4680	1	MOV      r8,r0	false	
Instruction	5502	S:0xC00405F4	0x460F	0	MOV      r7,r1	false	
Instruction	5503	S:0xC00405F6	0x2B00	1	CMP      r3,#0	false	
Instruction	5504	S:0xC00405F8	0xD16E	0	BNE      {pc}+0xe0 ; 0xc00406d8	true	fail
Instruction	5505	S:0xC00405FA	0xF8DF9108	3	LDR      r9,[pc,#264] ; [0xC0040704]	false	
Instruction	5506	S:0xC00405FE	0x4A3C	3	LDR      r2,[pc,#240] ; [0xC00406F0] = 0xC05F3080	false	
Instruction	5507	S:0xC0040600	0xF859A028	3	LDR      r10,[r9,r8,LSL #2]	false	
Instruction	5508	S:0xC0040604	0x4614	1	MOV      r4,r2	false	
Instruction	5509	S:0xC0040606	0x4650	1	MOV      r0,r10	false	
Instruction	5510	S:0xC0040608	0xB11F	1	CBZ      r7,{pc}+0xa ; 0xc0040612	true	fail
Instruction	5511	S:0xC004060A	0x2108	1	MOVS     r1,#8	false	
Instruction	5512	S:0xC004060C	0x6039	1	STR      r1,[r7,#0]	false	
Instruction	5513	S:0xC004060E	0xF8590028	1	LDR      r0,[r9,r8,LSL #2]	false	
Instruction	5514	S:0xC0040612	0x4D38	1	LDR      r5,[pc,#224] ; [0xC00406F4] = 0xC0607834	false	
Instruction	5515	S:0xC0040614	0x4938	1	LDR      r1,[pc,#224] ; [0xC00406F8] = 0xC05F07E8	false	
Instruction	5516	S:0xC0040616	0x580B	17	LDR      r3,[r1,r0]	false	
Instruction	5517	S:0xC0040618	0x6A29	3	LDR      r1,[r5,#0x20]	false	
Instruction	5518	S:0xC004061A	0xF1030008	1	ADD      r0,r3,#8	false	
Instruction	5519	S:0xC004061E	0x4281	1	CMP      r1,r0	false	
Instruction	5520	S:0xC0040620	0xD046	0	BEQ      {pc}+0x90 ; 0xc00406b0	true	fail
Instruction	5521	S:0xC0040622	0xF8D6014C	13	LDR      r0,[r6,#0x14c]	false	
Instruction	5522	S:0xC0040626	0x6AA9	1	LDR      r1,[r5,#0x28]	false	
Instruction	5523	S:0xC0040628	0x4288	2	CMP      r0,r1	false	
Instruction	5524	S:0xC004062A	0xD341	0	BCC      {pc}+0x86 ; 0xc00406b0	true	
Instruction	5525	S:0xC00406B0	0x2000	1	MOVS     r0,#0	false	
Instruction	5526	S:0xC00406B2	0xB003	0	ADD      sp,sp,#0xc	false	
Instruction	5527	S:0xC00406B4	0xE8BD8FF0	3	POP      {r4-r11,pc}	true	
Instruction	5528	S:0xC0046450	0x2800	5	CMP      r0,#0	false	
Instruction	5529	S:0xC0046452	0xD033	0	BEQ      {pc}+0x6a ; 0xc00464bc	true	
Instruction	5530	S:0xC00464BC	0xF8D434A0	33	LDR      r3,[r4,#0x4a0]	false	
Instruction	5531	S:0xC00464C0	0x2B00	2	CMP      r3,#0	false	
Instruction	5532	S:0xC00464C2	0xD169	0	BNE      {pc}+0xd6 ; 0xc0046598	true	fail
Instruction	5533	S:0xC00464C4	0xF8553027	8	LDR      r3,[r5,r7,LSL #2]	false	
Instruction	5534	S:0xC00464C8	0x9806	1	LDR      r0,[sp,#0x18]	false	
Instruction	5535	S:0xC00464CA	0x4A6A	3	LDR      r2,[pc,#424] ; [0xC0046674]	false	
Instruction	5536	S:0xC00464CC	0x58C6	3	LDR      r6,[r0,r3]	false	
Instruction	5537	S:0xC00464CE	0x68B3	5	LDR      r3,[r6,#8]	false	
Instruction	5538	S:0xC00464D0	0x4293	2	CMP      r3,r2	false	
Instruction	5539	S:0xC00464D2	0xD05E	0	BEQ      {pc}+0xc0 ; 0xc0046592	true	
Instruction	5540	S:0xC0046592	0x2308	12	MOVS     r3,#8	false	
Instruction	5541	S:0xC0046594	0xF8C434A4	1	STR      r3,[r4,#0x4a4]	false	
Instruction	5542	S:0xC0046598	0x4620	1	MOV      r0,r4	false	
Instruction	5543	S:0xC004659A	0x9901	1	LDR      r1,[sp,#4]	false	
Instruction	5544	S:0xC004659C	0xF39EF85C	0	BL       {pc}+0x39e0bc ; 0xc03e4658	true	
Cycle Count				101	Tracing disabled		
Info					Tracing enabled		
Instruction	5545	S:0xC00465A0	0xE72C	1	B        {pc}-0x1a4 ; 0xc00463fc	true	
Instruction	5546	S:0xC00463FC	0x1C7A	1	ADDS     r2,r7,#1	false	
Instruction	5547	S:0xC00463FE	0x4650	0	MOV      r0,r10	false	
Instruction	5548	S:0xC0046400	0x2108	1	MOVS     r1,#8	false	
Instruction	5549	S:0xC0046402	0xF20AFD6B	0	BL       {pc}+0x20aada ; 0xc0250edc	true	
Cycle Count				33	Tracing disabled		
Info					Tracing enabled		
Instruction	5550	S:0xC0046406	0xF8DB3000	1	LDR      r3,[r11,#0]	false	
Instruction	5551	S:0xC004640A	0x4298	2	CMP      r0,r3	false	
Instruction	5552	S:0xC004640C	0x4607	1	MOV      r7,r0	false	
Instruction	5553	S:0xC004640E	0xF28080C8	0	BGE.W    {pc}+0x194 ; 0xc00465a2	true	fail
Instruction	5554	S:0xC0046412	0x9803	1	LDR      r0,[sp,#0xc]	false	
Instruction	5555	S:0xC0046414	0xF8554027	2	LDR      r4,[r5,r7,LSL #2]	false	
Instruction	5556	S:0xC0046418	0x1904	2	ADDS     r4,r0,r4	false	
Instruction	5557	S:0xC004641A	0x4620	1	MOV      r0,r4	false	
Instruction	5558	S:0xC004641C	0xF39EF8E4	0	BL       {pc}+0x39e1cc ; 0xc03e45e8	true	
Cycle Count				106	Tracing disabled		
Info					Tracing enabled		
Instruction	5559	S:0xC0046420	0xF8D49078	1	LDR      r9,[r4,#0x78]	false	
Instruction	5560	S:0xC0046424	0x9001	1	STR      r0,[sp,#4]	false	
Instruction	5561	S:0xC0046426	0xF1B90F00	1	CMP      r9,#0	false	
Instruction	5562	S:0xC004642A	0xF00080B5	0	BEQ.W    {pc}+0x16e ; 0xc0046598	true	fail
Instruction	5563	S:0xC004642E	0xF8D93128	23	LDR      r3,[r9,#0x128]	false	
Instruction	5564	S:0xC0046432	0xB12B	2	CBZ      r3,{pc}+0xe ; 0xc0046440	true	
Instruction	5565	S:0xC0046440	0x4638	8	MOV      r0,r7	false	
Instruction	5566	S:0xC0046442	0xA90D	0	ADD      r1,sp,#0x34	false	
Instruction	5567	S:0xC0046444	0x464A	1	MOV      r2,r9	false	
Instruction	5568	S:0xC0046446	0xF1A90338	0	SUB      r3,r9,#0x38	false	
Instruction	5569	S:0xC004644A	0x9302	1	STR      r3,[sp,#8]	false	
Instruction	5570	S:0xC004644C	0xF7FAF8C8	0	BL       {pc}-0x5e6c ; 0xc00405e0	true	
Instruction	5571	S:0xC00405E0	0xE92D4FF0	3	PUSH     {r4-r11,lr}	false	
Instruction	5572	S:0xC00405E4	0xB083	7	SUB      sp,sp,#0xc	false	
Instruction	5573	S:0xC00405E6	0xB500	3	PUSH     {lr}	false	
Instruction	5574	S:0xC00405E8	0xF85DEB04	2	POP      {lr}	false	
Instruction	5575	S:0xC00405EC	0xF8D23128	1	LDR      r3,[r2,#0x128]	false	
Instruction	5576	S:0xC00405F0	0x4616	0	MOV      r6,r2	false	
Instruction	5577	S:0xC00405F2	0x4680	1	MOV      r8,r0	false	
Instruction	5578	S:0xC00405F4	0x460F	0	MOV      r7,r1	false	
Instruction	5579	S:0xC00405F6	0x2B00	1	CMP      r3,#0	false	
Instruction	5580	S:0xC00405F8	0xD16E	0	BNE      {pc}+0xe0 ; 0xc00406d8	true	fail
Instruction	5581	S:0xC00405FA	0xF8DF9108	1	LDR      r9,[pc,#264] ; [0xC0040704]	false	
Instruction	5582	S:0xC00405FE	0x4A3C	1	LDR      r2,[pc,#240] ; [0xC00406F0] = 0xC05F3080	false	
Instruction	5583	S:0xC0040600	0xF859A028	2	LDR      r10,[r9,r8,LSL #2]	false	
Instruction	5584	S:0xC0040604	0x4614	1	MOV      r4,r2	false	
Instruction	5585	S:0xC0040606	0x4650	1	MOV      r0,r10	false	
Instruction	5586	S:0xC0040608	0xB11F	1	CBZ      r7,{pc}+0xa ; 0xc0040612	true	fail
Instruction	5587	S:0xC004060A	0x2108	1	MOVS     r1,#8	false	
Instruction	5588	S:0xC004060C	0x6039	1	STR      r1,[r7,#0]	false	
Instruction	5589	S:0xC004060E	0xF8590028	1	LDR      r0,[r9,r8,LSL #2]	false	
Instruction	5590	S:0xC0040612	0x4D38	1	LDR      r5,[pc,#224] ; [0xC00406F4] = 0xC0607834	false	
Instruction	5591	S:0xC0040614	0x4938	1	LDR      r1,[pc,#224] ; [0xC00406F8] = 0xC05F07E8	false	
Instruction	5592	S:0xC0040616	0x580B	18	LDR      r3,[r1,r0]	false	
Instruction	5593	S:0xC0040618	0x6A29	3	LDR      r1,[r5,#0x20]	false	
Instruction	5594	S:0xC004061A	0xF1030008	1	ADD      r0,r3,#8	false	
Instruction	5595	S:0xC004061E	0x4281	1	CMP      r1,r0	false	
Instruction	5596	S:0xC0040620	0xD046	0	BEQ      {pc}+0x90 ; 0xc00406b0	true	fail
Instruction	5597	S:0xC0040622	0xF8D6014C	13	LDR      r0,[r6,#0x14c]	false	
Instruction	5598	S:0xC0040626	0x6AA9	1	LDR      r1,[r5,#0x28]	false	
Instruction	5599	S:0xC0040628	0x4288	2	CMP      r0,r1	false	
Instruction	5600	S:0xC004062A	0xD341	0	BCC      {pc}+0x86 ; 0xc00406b0	true	
Instruction	5601	S:0xC00406B0	0x2000	8	MOVS     r0,#0	false	
Instruction	5602	S:0xC00406B2	0xB003	0	ADD      sp,sp,#0xc	false	
Instruction	5603	S:0xC00406B4	0xE8BD8FF0	3	POP      {r4-r11,pc}	true	
Instruction	5604	S:0xC0046450	0x2800	5	CMP      r0,#0	false	
Instruction	5605	S:0xC0046452	0xD033	0	BEQ      {pc}+0x6a ; 0xc00464bc	true	
Instruction	5606	S:0xC00464BC	0xF8D434A0	20	LDR      r3,[r4,#0x4a0]	false	
Instruction	5607	S:0xC00464C0	0x2B00	2	CMP      r3,#0	false	
Instruction	5608	S:0xC00464C2	0xD169	0	BNE      {pc}+0xd6 ; 0xc0046598	true	fail
Instruction	5609	S:0xC00464C4	0xF8553027	11	LDR      r3,[r5,r7,LSL #2]	false	
Instruction	5610	S:0xC00464C8	0x9806	1	LDR      r0,[sp,#0x18]	false	
Instruction	5611	S:0xC00464CA	0x4A6A	1	LDR      r2,[pc,#424] ; [0xC0046674]	false	
Instruction	5612	S:0xC00464CC	0x58C6	2	LDR      r6,[r0,r3]	false	
Instruction	5613	S:0xC00464CE	0x68B3	3	LDR      r3,[r6,#8]	false	
Instruction	5614	S:0xC00464D0	0x4293	2	CMP      r3,r2	false	
Instruction	5615	S:0xC00464D2	0xD05E	0	BEQ      {pc}+0xc0 ; 0xc0046592	true	
Instruction	5616	S:0xC0046592	0x2308	1	MOVS     r3,#8	false	
Instruction	5617	S:0xC0046594	0xF8C434A4	1	STR      r3,[r4,#0x4a4]	false	
Instruction	5618	S:0xC0046598	0x4620	0	MOV      r0,r4	false	
Instruction	5619	S:0xC004659A	0x9901	1	LDR      r1,[sp,#4]	false	
Instruction	5620	S:0xC004659C	0xF39EF85C	0	BL       {pc}+0x39e0bc ; 0xc03e4658	true	
Cycle Count				125	Tracing disabled		
Info					Tracing enabled		
Instruction	5621	S:0xC00465A0	0xE72C	1	B        {pc}-0x1a4 ; 0xc00463fc	true	
Instruction	5622	S:0xC00463FC	0x1C7A	1	ADDS     r2,r7,#1	false	
Instruction	5623	S:0xC00463FE	0x4650	0	MOV      r0,r10	false	
Instruction	5624	S:0xC0046400	0x2108	1	MOVS     r1,#8	false	
Instruction	5625	S:0xC0046402	0xF20AFD6B	0	BL       {pc}+0x20aada ; 0xc0250edc	true	
Cycle Count				28	Tracing disabled		
Info					Tracing enabled		
Instruction	5626	S:0xC0046406	0xF8DB3000	1	LDR      r3,[r11,#0]	false	
Instruction	5627	S:0xC004640A	0x4298	2	CMP      r0,r3	false	
Instruction	5628	S:0xC004640C	0x4607	1	MOV      r7,r0	false	
Instruction	5629	S:0xC004640E	0xF28080C8	0	BGE.W    {pc}+0x194 ; 0xc00465a2	true	fail
Instruction	5630	S:0xC0046412	0x9803	1	LDR      r0,[sp,#0xc]	false	
Instruction	5631	S:0xC0046414	0xF8554027	2	LDR      r4,[r5,r7,LSL #2]	false	
Instruction	5632	S:0xC0046418	0x1904	2	ADDS     r4,r0,r4	false	
Instruction	5633	S:0xC004641A	0x4620	1	MOV      r0,r4	false	
Instruction	5634	S:0xC004641C	0xF39EF8E4	0	BL       {pc}+0x39e1cc ; 0xc03e45e8	true	
Cycle Count				96	Tracing disabled		
Info					Tracing enabled		
Instruction	5635	S:0xC0046420	0xF8D49078	1	LDR      r9,[r4,#0x78]	false	
Instruction	5636	S:0xC0046424	0x9001	1	STR      r0,[sp,#4]	false	
Instruction	5637	S:0xC0046426	0xF1B90F00	1	CMP      r9,#0	false	
Instruction	5638	S:0xC004642A	0xF00080B5	0	BEQ.W    {pc}+0x16e ; 0xc0046598	true	
Instruction	5639	S:0xC0046598	0x4620	8	MOV      r0,r4	false	
Instruction	5640	S:0xC004659A	0x9901	1	LDR      r1,[sp,#4]	false	
Instruction	5641	S:0xC004659C	0xF39EF85C	1	BL       {pc}+0x39e0bc ; 0xc03e4658	true	
Cycle Count				75	Tracing disabled		
Info					Tracing enabled		
Instruction	5642	S:0xC00465A0	0xE72C	1	B        {pc}-0x1a4 ; 0xc00463fc	true	
Instruction	5643	S:0xC00463FC	0x1C7A	1	ADDS     r2,r7,#1	false	
Instruction	5644	S:0xC00463FE	0x4650	0	MOV      r0,r10	false	
Instruction	5645	S:0xC0046400	0x2108	1	MOVS     r1,#8	false	
Instruction	5646	S:0xC0046402	0xF20AFD6B	0	BL       {pc}+0x20aada ; 0xc0250edc	true	
Cycle Count				34	Tracing disabled		
Info					Tracing enabled		
Instruction	5647	S:0xC0046406	0xF8DB3000	1	LDR      r3,[r11,#0]	false	
Instruction	5648	S:0xC004640A	0x4298	2	CMP      r0,r3	false	
Instruction	5649	S:0xC004640C	0x4607	1	MOV      r7,r0	false	
Instruction	5650	S:0xC004640E	0xF28080C8	0	BGE.W    {pc}+0x194 ; 0xc00465a2	true	fail
Instruction	5651	S:0xC0046412	0x9803	71	LDR      r0,[sp,#0xc]	false	
Instruction	5652	S:0xC0046414	0xF8554027	3	LDR      r4,[r5,r7,LSL #2]	false	
Instruction	5653	S:0xC0046418	0x1904	2	ADDS     r4,r0,r4	false	
Instruction	5654	S:0xC004641A	0x4620	1	MOV      r0,r4	false	
Instruction	5655	S:0xC004641C	0xF39EF8E4	0	BL       {pc}+0x39e1cc ; 0xc03e45e8	true	
Cycle Count				90	Tracing disabled		
Info					Tracing enabled		
Instruction	5656	S:0xC0046420	0xF8D49078	1	LDR      r9,[r4,#0x78]	false	
Instruction	5657	S:0xC0046424	0x9001	1	STR      r0,[sp,#4]	false	
Instruction	5658	S:0xC0046426	0xF1B90F00	1	CMP      r9,#0	false	
Instruction	5659	S:0xC004642A	0xF00080B5	0	BEQ.W    {pc}+0x16e ; 0xc0046598	true	
Instruction	5660	S:0xC0046598	0x4620	1	MOV      r0,r4	false	
Instruction	5661	S:0xC004659A	0x9901	1	LDR      r1,[sp,#4]	false	
Instruction	5662	S:0xC004659C	0xF39EF85C	0	BL       {pc}+0x39e0bc ; 0xc03e4658	true	
Cycle Count				72	Tracing disabled		
Info					Tracing enabled		
Instruction	5663	S:0xC00465A0	0xE72C	1	B        {pc}-0x1a4 ; 0xc00463fc	true	
Instruction	5664	S:0xC00463FC	0x1C7A	1	ADDS     r2,r7,#1	false	
Instruction	5665	S:0xC00463FE	0x4650	0	MOV      r0,r10	false	
Instruction	5666	S:0xC0046400	0x2108	1	MOVS     r1,#8	false	
Instruction	5667	S:0xC0046402	0xF20AFD6B	0	BL       {pc}+0x20aada ; 0xc0250edc	true	
Cycle Count				39	Tracing disabled		
Info					Tracing enabled		
Instruction	5668	S:0xC0046406	0xF8DB3000	1	LDR      r3,[r11,#0]	false	
Instruction	5669	S:0xC004640A	0x4298	2	CMP      r0,r3	false	
Instruction	5670	S:0xC004640C	0x4607	1	MOV      r7,r0	false	
Instruction	5671	S:0xC004640E	0xF28080C8	0	BGE.W    {pc}+0x194 ; 0xc00465a2	true	
Instruction	5672	S:0xC00465A2	0xF3BF8F5F	8	DMB      	false	
Instruction	5673	S:0xC00465A6	0x4B34	28	LDR      r3,[pc,#208] ; [0xC0046678] = 0xC064BF40	false	
Instruction	5674	S:0xC00465A8	0xF8B32150	15	LDRH     r2,[r3,#0x150]	false	
Instruction	5675	S:0xC00465AC	0x3201	2	ADDS     r2,#1	false	
Instruction	5676	S:0xC00465AE	0xF8A32150	1	STRH     r2,[r3,#0x150]	false	
Instruction	5677	S:0xC00465B2	0xF3BF8F4F	61	DSB      	false	
Instruction	5678	S:0xC00465B6	0xF3AF8004	1	SEV.W    	false	
Instruction	5679	S:0xC00465BA	0x9800	3	LDR      r0,[sp,#0]	false	
Instruction	5680	S:0xC00465BC	0x9907	1	LDR      r1,[sp,#0x1c]	false	
Instruction	5681	S:0xC00465BE	0xF7FFFE5B	0	BL       {pc}-0x346 ; 0xc0046278	true	
Instruction	5682	S:0xC0046278	0xE92D4FF0	1	PUSH     {r4-r11,lr}	false	
Instruction	5683	S:0xC004627C	0xB087	7	SUB      sp,sp,#0x1c	false	
Instruction	5684	S:0xC004627E	0xB500	3	PUSH     {lr}	false	
Instruction	5685	S:0xC0046280	0xF85DEB04	2	POP      {lr}	false	
Instruction	5686	S:0xC0046284	0xF8DF910C	12	LDR      r9,[pc,#268] ; [0xC0046394]	false	
Instruction	5687	S:0xC0046288	0x4E3F	3	LDR      r6,[pc,#252] ; [0xC0046388]	false	
Instruction	5688	S:0xC004628A	0x2201	0	MOVS     r2,#1	false	
Instruction	5689	S:0xC004628C	0x9002	1	STR      r0,[sp,#8]	false	
Instruction	5690	S:0xC004628E	0x4688	0	MOV      r8,r1	false	
Instruction	5691	S:0xC0046290	0xF8D95000	2	LDR      r5,[r9,#0]	false	
Instruction	5692	S:0xC0046294	0xF8563020	2	LDR      r3,[r6,r0,LSL #2]	false	
Instruction	5693	S:0xC0046298	0xF50555BB	1	ADD      r5,r5,#0x1760	false	
Instruction	5694	S:0xC004629C	0x9205	3	STR      r2,[sp,#0x14]	false	
Instruction	5695	S:0xC004629E	0x4C3B	3	LDR      r4,[pc,#236] ; [0xC004638C]	false	
Instruction	5696	S:0xC00462A0	0x3510	0	ADDS     r5,r5,#0x10	false	
Instruction	5697	S:0xC00462A2	0x18E3	2	ADDS     r3,r4,r3	false	
Instruction	5698	S:0xC00462A4	0x9303	1	STR      r3,[sp,#0xc]	false	
Instruction	5699	S:0xC00462A6	0xF7FBFA83	0	BL       {pc}-0x4af6 ; 0xc00417b0	true	
Instruction	5700	S:0xC00417B0	0xE92D4FF0	1	PUSH     {r4-r11,lr}	false	
Instruction	5701	S:0xC00417B4	0xB09B	7	SUB      sp,sp,#0x6c	false	
Instruction	5702	S:0xC00417B6	0xB500	3	PUSH     {lr}	false	
Instruction	5703	S:0xC00417B8	0xF85DEB04	2	POP      {lr}	false	
Instruction	5704	S:0xC00417BC	0x4AB1	12	LDR      r2,[pc,#708] ; [0xC0041A84]	false	
Instruction	5705	S:0xC00417BE	0x4BB2	2	LDR      r3,[pc,#712] ; [0xC0041A88]	false	
Instruction	5706	S:0xC00417C0	0xF8522020	1	LDR      r2,[r2,r0,LSL #2]	false	
Instruction	5707	S:0xC00417C4	0xEB030802	2	ADD      r8,r3,r2	false	
Instruction	5708	S:0xC00417C8	0x4640	1	MOV      r0,r8	false	
Instruction	5709	S:0xC00417CA	0xF508658A	0	ADD      r5,r8,#0x450	false	
Instruction	5710	S:0xC00417CE	0x950A	1	STR      r5,[sp,#0x28]	false	
Instruction	5711	S:0xC00417D0	0xF3A2FF0A	0	BL       {pc}+0x3a2e18 ; 0xc03e45e8	true	
Cycle Count				86	Tracing disabled		
Info					Tracing enabled		
Instruction	5712	S:0xC00417D4	0x9012	1	STR      r0,[sp,#0x48]	false	
Instruction	5713	S:0xC00417D6	0x4640	0	MOV      r0,r8	false	
Instruction	5714	S:0xC00417D8	0xF7F9FFD6	1	BL       {pc}-0x6050 ; 0xc003b788	true	
Instruction	5715	S:0xC003B788	0xE92D43C8	1	PUSH     {r3,r6-r9,lr}	false	
Instruction	5716	S:0xC003B78C	0xAF00	3	ADD      r7,sp,#0	false	
Instruction	5717	S:0xC003B78E	0xB500	3	PUSH     {lr}	false	
Instruction	5718	S:0xC003B790	0xF85DEB04	2	POP      {lr}	false	
Instruction	5719	S:0xC003B794	0x6AC3	1	LDR      r3,[r0,#0x2c]	false	
Instruction	5720	S:0xC003B796	0x4606	0	MOV      r6,r0	false	
Instruction	5721	S:0xC003B798	0x2B00	2	CMP      r3,#0	false	
Instruction	5722	S:0xC003B79A	0xDD01	0	BLE      {pc}+6 ; 0xc003b7a0	true	
Instruction	5723	S:0xC003B7A0	0xF8D004C0	63	LDR      r0,[r0,#0x4c0]	false	
Instruction	5724	S:0xC003B7A4	0xF003FD86	0	BL       {pc}+0x3b10 ; 0xc003f2b4	true	
Instruction	5725	S:0xC003F2B4	0x4B03	5	LDR      r3,[pc,#12] ; [0xC003F2C4] = 0xC05FC57C	false	
Instruction	5726	S:0xC003F2B6	0x6818	5	LDR      r0,[r3,#0]	false	
Instruction	5727	S:0xC003F2B8	0xB108	2	CBZ      r0,{pc}+6 ; 0xc003f2be	true	fail
Instruction	5728	S:0xC003F2BA	0xF7CFBD35	1	B        {pc}-0x30592 ; 0xc000ed28	true	
Instruction	5729	S:0xC000ED28	0xB508	1	PUSH     {r3,lr}	false	
Instruction	5730	S:0xC000ED2A	0xF24C43CC	1	MOV      r3,#0xc4cc	false	
Instruction	5731	S:0xC000ED2E	0xF2CC035F	1	MOVT     r3,#0xc05f	false	
Instruction	5732	S:0xC000ED32	0x689B	3	LDR      r3,[r3,#8]	false	
Instruction	5733	S:0xC000ED34	0x4798	1	BLX      r3	true	
Instruction	5734	S:0xC00113EC	0xF24A2340	9	MOV      r3,#0xa240	false	
Instruction	5735	S:0xC00113F0	0xF2CC0362	1	MOVT     r3,#0xc062	false	
Instruction	5736	S:0xC00113F4	0xB510	1	PUSH     {r4,lr}	false	
Instruction	5737	S:0xC00113F6	0x681B	6	LDR      r3,[r3,#0]	false	
Instruction	5738	S:0xC00113F8	0x4798	1	BLX      r3	true	
Timestamp					Timestamp: 562536984973		
Cycle Count				24	Tracing disabled		
Info					Tracing enabled		
Instruction	5739	S:0xC00113FA	0xF24C5320	1	MOV      r3,#0xc520	false	
Instruction	5740	S:0xC00113FE	0xF2CC035F	1	MOVT     r3,#0xc05f	false	
Instruction	5741	S:0xC0011402	0x681C	3	LDR      r4,[r3,#0]	false	
Instruction	5742	S:0xC0011404	0xFBA02304	3	UMULL    r2,r3,r0,r4	false	
Instruction	5743	S:0xC0011408	0x4610	2	MOV      r0,r2	false	
Timestamp					Timestamp: 562536984976		
Instruction	5744	S:0xC001140A	0xFB043101	1	MLA      r1,r4,r1,r3	false	
Instruction	5745	S:0xC001140E	0xBD10	1	POP      {r4,pc}	true	
Instruction	5746	S:0xC000ED36	0xBD08	3	POP      {r3,pc}	true	
Instruction	5747	S:0xC003B7A8	0xF506638F	1	ADD      r3,r6,#0x478	false	
Instruction	5748	S:0xC003B7AC	0xF5066690	0	ADD      r6,r6,#0x480	false	
Instruction	5749	S:0xC003B7B0	0xE9D38900	3	LDRD     r8,r9,[r3,#0]	false	
Instruction	5750	S:0xC003B7B4	0xE9C30100	1	STRD     r0,r1,[r3,#0]	false	
Instruction	5751	S:0xC003B7B8	0xE9D62300	1	LDRD     r2,r3,[r6,#0]	false	
Instruction	5752	S:0xC003B7BC	0xEBB20208	2	SUBS     r2,r2,r8	false	
Instruction	5753	S:0xC003B7C0	0xEB630309	2	SBC      r3,r3,r9	false	
Instruction	5754	S:0xC003B7C4	0x1812	1	ADDS     r2,r2,r0	false	
Instruction	5755	S:0xC003B7C6	0xEB430301	1	ADC      r3,r3,r1	false	
Instruction	5756	S:0xC003B7CA	0xE9C62300	1	STRD     r2,r3,[r6,#0]	false	
Instruction	5757	S:0xC003B7CE	0xE8BD83C8	1	POP      {r3,r6-r9,pc}	true	
Instruction	5758	S:0xC00417DC	0xF8D83450	5	LDR      r3,[r8,#0x450]	false	
Instruction	5759	S:0xC00417E0	0x9319	1	STR      r3,[sp,#0x64]	false	
Instruction	5760	S:0xC00417E2	0x9B19	2	LDR      r3,[sp,#0x64]	false	
Instruction	5761	S:0xC00417E4	0x429D	2	CMP      r5,r3	false	
Instruction	5762	S:0xC00417E6	0xF1A3098C	1	SUB      r9,r3,#0x8c	false	
Instruction	5763	S:0xC00417EA	0xBF1F	0	ITTTT    NE	false	
Instruction	5764	S:0xC00417EC	0xF44F7600	1	MOV      r6,#0x200	false	
Instruction	5765	S:0xC00417F0	0xF8CD802C	1	STR      r8,[sp,#0x2c]	false	
Instruction	5766	S:0xC00417F4	0xF2C00620	0	MOVT     r6,#0x20	false	
Instruction	5767	S:0xC00417F8	0x9611	1	STR      r6,[sp,#0x44]	false	
Instruction	5768	S:0xC00417FA	0xF000812B	0	BEQ.W    {pc}+0x25a ; 0xc0041a54	true	fail
Instruction	5769	S:0xC00417FE	0xF8D92094	1	LDR      r2,[r9,#0x94]	false	
Instruction	5770	S:0xC0041802	0x2101	0	MOVS     r1,#1	false	
Instruction	5771	S:0xC0041804	0x9D0B	1	LDR      r5,[sp,#0x2c]	false	
Instruction	5772	S:0xC0041806	0x6A50	16	LDR      r0,[r2,#0x24]	false	
Instruction	5773	S:0xC0041808	0xF8D534C0	3	LDR      r3,[r5,#0x4c0]	false	
Instruction	5774	S:0xC004180C	0x6A12	1	LDR      r2,[r2,#0x20]	false	
Instruction	5775	S:0xC004180E	0xF8507023	14	LDR      r7,[r0,r3,LSL #2]	false	
Instruction	5776	S:0xC0041812	0xF8526023	3	LDR      r6,[r2,r3,LSL #2]	false	
Instruction	5777	S:0xC0041816	0x4638	1	MOV      r0,r7	false	
Instruction	5778	S:0xC0041818	0xF7FEF9C0	0	BL       {pc}-0x1c7c ; 0xc003fb9c	true	
Instruction	5779	S:0xC003FB9C	0xE92D0FF0	1	PUSH     {r4-r11}	false	
Instruction	5780	S:0xC003FBA0	0xB500	7	PUSH     {lr}	false	
Instruction	5781	S:0xC003FBA2	0xF85DEB04	2	POP      {lr}	false	
Instruction	5782	S:0xC003FBA6	0xF8D06084	1	LDR      r6,[r0,#0x84]	false	
Instruction	5783	S:0xC003FBAA	0xE9D0451A	2	LDRD     r4,r5,[r0,#0x68]	false	
Instruction	5784	S:0xC003FBAE	0xF8D67480	1	LDR      r7,[r6,#0x480]	false	
Instruction	5785	S:0xC003FBB2	0xF8D66484	1	LDR      r6,[r6,#0x484]	false	
Instruction	5786	S:0xC003FBB6	0x0D3A	2	LSRS     r2,r7,#20	false	
Instruction	5787	S:0xC003FBB8	0xEA423206	1	ORR      r2,r2,r6,LSL #12	false	
Instruction	5788	S:0xC003FBBC	0x0D33	1	LSRS     r3,r6,#20	false	
Instruction	5789	S:0xC003FBBE	0x1B14	1	SUBS     r4,r2,r4	false	
Instruction	5790	S:0xC003FBC0	0xEB630505	1	SBC      r5,r3,r5	false	
Instruction	5791	S:0xC003FBC4	0xEA540605	1	ORRS     r6,r4,r5	false	
Instruction	5792	S:0xC003FBC8	0xBF14	0	ITE      NE	false	
Instruction	5793	S:0xC003FBCA	0x2600	1	MOVS     r6,#0	false	fail
Instruction	5794	S:0xC003FBCC	0x2601	0	MOVS     r6,#1	false	
Instruction	5795	S:0xC003FBCE	0x2900	1	CMP      r1,#0	false	
Instruction	5796	S:0xC003FBD0	0xBF14	0	ITE      NE	false	
Instruction	5797	S:0xC003FBD2	0x2600	1	MOVS     r6,#0	false	
Instruction	5798	S:0xC003FBD4	0xF0060601	1	AND      r6,r6,#1	false	fail
Instruction	5799	S:0xC003FBD8	0x2E00	1	CMP      r6,#0	false	
Instruction	5800	S:0xC003FBDA	0xD167	0	BNE      {pc}+0xd2 ; 0xc003fcac	true	fail
Instruction	5801	S:0xC003FBDC	0xF1000C60	19	ADD      r12,r0,#0x60	false	
Instruction	5802	S:0xC003FBE0	0xE8DC677F	7	LDREXD   r6,r7,[r12]	false	
Instruction	5803	S:0xC003FBE4	0xEA560807	2	ORRS     r8,r6,r7	false	
Instruction	5804	S:0xC003FBE8	0xD163	1	BNE      {pc}+0xca ; 0xc003fcb2	true	fail
Instruction	5805	S:0xC003FBEA	0xE9D06714	1	LDRD     r6,r7,[r0,#0x50]	false	
Instruction	5806	S:0xC003FBEE	0xEA540C05	1	ORRS     r12,r4,r5	false	
Instruction	5807	S:0xC003FBF2	0xD027	0	BEQ      {pc}+0x52 ; 0xc003fc44	true	
Instruction	5808	S:0xC003FC44	0xE9D0451E	8	LDRD     r4,r5,[r0,#0x78]	false	
Instruction	5809	S:0xC003FC48	0xE9D02312	1	LDRD     r2,r3,[r0,#0x48]	false	
Instruction	5810	S:0xC003FC4C	0xF8D0C094	1	LDR      r12,[r0,#0x94]	false	
Instruction	5811	S:0xC003FC50	0x1B12	1	SUBS     r2,r2,r4	false	
Instruction	5812	S:0xC003FC52	0xEB630305	1	SBC      r3,r3,r5	false	
Instruction	5813	S:0xC003FC56	0x1992	1	ADDS     r2,r2,r6	false	
Instruction	5814	S:0xC003FC58	0xEB430307	1	ADC      r3,r3,r7	false	
Instruction	5815	S:0xC003FC5C	0xB999	1	CBNZ     r1,{pc}+0x2a ; 0xc003fc86	true	
Instruction	5816	S:0xC003FC86	0xF10C0130	1	ADD      r1,r12,#0x30	false	
Instruction	5817	S:0xC003FC8A	0xE8D1457F	5	LDREXD   r4,r5,[r1]	false	
Instruction	5818	S:0xC003FC8E	0x18A4	2	ADDS     r4,r4,r2	false	
Instruction	5819	S:0xC003FC90	0xEB450503	1	ADC      r5,r5,r3	false	
Instruction	5820	S:0xC003FC94	0xE8C14576	22	STREXD   r6,r4,r5,[r1]	false	
Instruction	5821	S:0xC003FC98	0xF0960F00	2	TEQ      r6,#0	false	
Instruction	5822	S:0xC003FC9C	0xD1F5	0	BNE      {pc}-0x12 ; 0xc003fc8a	true	fail
Instruction	5823	S:0xC003FC9E	0xE9D0451E	1	LDRD     r4,r5,[r0,#0x78]	false	
Instruction	5824	S:0xC003FCA2	0x18A4	2	ADDS     r4,r4,r2	false	
Instruction	5825	S:0xC003FCA4	0xEB450503	1	ADC      r5,r5,r3	false	
Instruction	5826	S:0xC003FCA8	0xE9C0451E	1	STRD     r4,r5,[r0,#0x78]	false	
Instruction	5827	S:0xC003FCAC	0xE8BD0FF0	1	POP      {r4-r11}	false	
Instruction	5828	S:0xC003FCB0	0x4770	4	BX       lr	true	
Instruction	5829	S:0xC004181C	0x2E00	1	CMP      r6,#0	false	
Instruction	5830	S:0xC004181E	0xF0008147	0	BEQ.W    {pc}+0x292 ; 0xc0041ab0	true	
Instruction	5831	S:0xC0041AB0	0xF8D75084	75	LDR      r5,[r7,#0x84]	false	
Instruction	5832	S:0xC0041AB4	0xF5056390	2	ADD      r3,r5,#0x480	false	
Instruction	5833	S:0xC0041AB8	0xF50567B4	1	ADD      r7,r5,#0x5a0	false	
Instruction	5834	S:0xC0041ABC	0x686E	1	LDR      r6,[r5,#4]	false	
Instruction	5835	S:0xC0041ABE	0xE9D32300	17	LDRD     r2,r3,[r3,#0]	false	
Instruction	5836	S:0xC0041AC2	0xE9D70100	1	LDRD     r0,r1,[r7,#0]	false	
Instruction	5837	S:0xC0041AC6	0xF8D544C0	1	LDR      r4,[r5,#0x4c0]	false	
Instruction	5838	S:0xC0041ACA	0x1A10	1	SUBS     r0,r2,r0	false	
Instruction	5839	S:0xC0041ACC	0xEB630101	1	SBC      r1,r3,r1	false	
Instruction	5840	S:0xC0041AD0	0x9203	1	STR      r2,[sp,#0xc]	false	
Instruction	5841	S:0xC0041AD2	0x9302	1	STR      r3,[sp,#8]	false	
Instruction	5842	S:0xC0041AD4	0xF7FDFF42	0	BL       {pc}-0x2178 ; 0xc003f95c	true	
Instruction	5843	S:0xC003F95C	0xE92D03F0	32	PUSH     {r4-r9}	false	
Instruction	5844	S:0xC003F960	0xB500	19	PUSH     {lr}	false	
Instruction	5845	S:0xC003F962	0xF85DEB04	2	POP      {lr}	false	
Instruction	5846	S:0xC003F966	0xF64B7640	1	MOV      r6,#0xbf40	false	
Instruction	5847	S:0xC003F96A	0xF2CC0664	1	MOVT     r6,#0xc064	false	
Instruction	5848	S:0xC003F96E	0x6876	3	LDR      r6,[r6,#4]	false	
Instruction	5849	S:0xC003F970	0xFBA18906	3	UMULL    r8,r9,r1,r6	false	
Instruction	5850	S:0xC003F974	0xEA4F7CE6	1	ASR      r12,r6,#31	false	
Instruction	5851	S:0xC003F978	0xFBA06706	1	UMULL    r6,r7,r0,r6	false	
Instruction	5852	S:0xC003F97C	0xFB01990C	1	MLA      r9,r1,r12,r9	false	
Instruction	5853	S:0xC003F980	0xEA4F4408	1	LSL      r4,r8,#16	false	
Instruction	5854	S:0xC003F984	0xFB00770C	1	MLA      r7,r0,r12,r7	false	
Instruction	5855	S:0xC003F988	0x0C32	1	LSRS     r2,r6,#16	false	
Instruction	5856	S:0xC003F98A	0xEA4F4509	1	LSL      r5,r9,#16	false	
Instruction	5857	S:0xC003F98E	0xEA454518	1	ORR      r5,r5,r8,LSR #16	false	
Instruction	5858	S:0xC003F992	0xEA424207	1	ORR      r2,r2,r7,LSL #16	false	
Instruction	5859	S:0xC003F996	0x0C3B	1	LSRS     r3,r7,#16	false	
Instruction	5860	S:0xC003F998	0x1912	1	ADDS     r2,r2,r4	false	
Instruction	5861	S:0xC003F99A	0xEB430305	1	ADC      r3,r3,r5	false	
Instruction	5862	S:0xC003F99E	0x4610	0	MOV      r0,r2	false	
Instruction	5863	S:0xC003F9A0	0x4619	1	MOV      r1,r3	false	
Instruction	5864	S:0xC003F9A2	0xE8BD03F0	1	POP      {r4-r9}	false	
Instruction	5865	S:0xC003F9A6	0x4770	3	BX       lr	true	
Instruction	5866	S:0xC0041AD8	0x9A03	2	LDR      r2,[sp,#0xc]	false	
Instruction	5867	S:0xC0041ADA	0x9B02	1	LDR      r3,[sp,#8]	false	
Instruction	5868	S:0xC0041ADC	0x2800	0	CMP      r0,#0	false	
Instruction	5869	S:0xC0041ADE	0xF1710E00	1	SBCS     lr,r1,#0	false	
Instruction	5870	S:0xC0041AE2	0xF2C080AC	0	BLT.W    {pc}+0x15c ; 0xc0041c3e	true	fail
Instruction	5871	S:0xC0041AE6	0xEA4F2E90	1	LSR      lr,r0,#10	false	
Instruction	5872	S:0xC0041AEA	0xEA4E5E81	1	ORR      lr,lr,r1,LSL #22	false	
Instruction	5873	S:0xC0041AEE	0xF8CDE038	1	STR      lr,[sp,#0x38]	false	
Instruction	5874	S:0xC0041AF2	0xEA4F2E91	1	LSR      lr,r1,#10	false	
Instruction	5875	S:0xC0041AF6	0xF8CDE03C	1	STR      lr,[sp,#0x3c]	false	
Instruction	5876	S:0xC0041AFA	0xE9DD010E	2	LDRD     r0,r1,[sp,#0x38]	false	
Instruction	5877	S:0xC0041AFE	0x4301	2	ORRS     r1,r1,r0	false	
Instruction	5878	S:0xC0041B00	0xD174	6	BNE      {pc}+0xec ; 0xc0041bec	true	
Instruction	5879	S:0xC0041BEC	0xF64B7E40	18	MOV      lr,#0xbf40	false	
Instruction	5880	S:0xC0041BF0	0xE9C72300	1	STRD     r2,r3,[r7,#0]	false	
Instruction	5881	S:0xC0041BF4	0xF2CC0E64	1	MOVT     lr,#0xc064	false	
Instruction	5882	S:0xC0041BF8	0xF8DE1000	3	LDR      r1,[lr,#0]	false	
Instruction	5883	S:0xC0041BFC	0xBB41	2	CBNZ     r1,{pc}+0x54 ; 0xc0041c50	true	
Instruction	5884	S:0xC0041C50	0xEB0E1404	30	ADD      r4,lr,r4,LSL #4	false	
Instruction	5885	S:0xC0041C54	0x2100	0	MOVS     r1,#0	false	
Instruction	5886	S:0xC0041C56	0x9105	1	STR      r1,[sp,#0x14]	false	
Instruction	5887	S:0xC0041C58	0xF8D4C098	13	LDR      r12,[r4,#0x98]	false	
Instruction	5888	S:0xC0041C5C	0xF8CDC010	1	STR      r12,[sp,#0x10]	false	
Instruction	5889	S:0xC0041C60	0xE7D4	3	B        {pc}-0x54 ; 0xc0041c0c	true	
Instruction	5890	S:0xC0041C0C	0xF8D5459C	2	LDR      r4,[r5,#0x59c]	false	
Instruction	5891	S:0xC0041C10	0xE9DD230E	1	LDRD     r2,r3,[sp,#0x38]	false	
Instruction	5892	S:0xC0041C14	0x05A1	2	LSLS     r1,r4,#22	false	
Instruction	5893	S:0xC0041C16	0x0D89	2	LSRS     r1,r1,#22	false	
Instruction	5894	S:0xC0041C18	0x1852	1	ADDS     r2,r2,r1	false	
Instruction	5895	S:0xC0041C1A	0xF1430300	1	ADC      r3,r3,#0	false	
Instruction	5896	S:0xC0041C1E	0x2B00	1	CMP      r3,#0	false	
Instruction	5897	S:0xC0041C20	0xBF08	10	IT       EQ	false	
Instruction	5898	S:0xC0041C22	0xF5B26F80	1	CMP      r2,#0x400	false	
Instruction	5899	S:0xC0041C26	0xD21C	0	BCS      {pc}+0x3c ; 0xc0041c62	true	fail
Instruction	5900	S:0xC0041C28	0xF8D53598	1	LDR      r3,[r5,#0x598]	false	
Instruction	5901	S:0xC0041C2C	0x2E00	0	CMP      r6,#0	false	
Instruction	5902	S:0xC0041C2E	0xD17B	1	BNE      {pc}+0xfa ; 0xc0041d28	true	
Instruction	5903	S:0xC0041D28	0x980E	3	LDR      r0,[sp,#0x38]	false	
Instruction	5904	S:0xC0041D2A	0x9905	1	LDR      r1,[sp,#0x14]	false	
Instruction	5905	S:0xC0041D2C	0xF8DDE010	1	LDR      lr,[sp,#0x10]	false	
Instruction	5906	S:0xC0041D30	0x9E0F	1	LDR      r6,[sp,#0x3c]	false	
Instruction	5907	S:0xC0041D32	0xFB00F201	1	MUL      r2,r0,r1	false	
Instruction	5908	S:0xC0041D36	0xF8D575C8	12	LDR      r7,[r5,#0x5c8]	false	
Instruction	5909	S:0xC0041D3A	0xFBA0010E	1	UMULL    r0,r1,r0,lr	false	
Instruction	5910	S:0xC0041D3E	0xFB0E2206	3	MLA      r2,lr,r6,r2	false	
Instruction	5911	S:0xC0041D42	0x1851	2	ADDS     r1,r2,r1	false	
Instruction	5912	S:0xC0041D44	0x0A82	1	LSRS     r2,r0,#10	false	
Instruction	5913	S:0xC0041D46	0xEA425281	1	ORR      r2,r2,r1,LSL #22	false	
Instruction	5914	S:0xC0041D4A	0x189B	1	ADDS     r3,r3,r2	false	
Instruction	5915	S:0xC0041D4C	0x18BF	1	ADDS     r7,r7,r2	false	
Instruction	5916	S:0xC0041D4E	0xF8C53598	1	STR      r3,[r5,#0x598]	false	
Instruction	5917	S:0xC0041D52	0xF8C575C8	1	STR      r7,[r5,#0x5c8]	false	
Instruction	5918	S:0xC0041D56	0xE76D	0	B        {pc}-0x122 ; 0xc0041c34	true	
Instruction	5919	S:0xC0041C34	0x980E	1	LDR      r0,[sp,#0x38]	false	
Instruction	5920	S:0xC0041C36	0x1824	2	ADDS     r4,r4,r0	false	
Instruction	5921	S:0xC0041C38	0xF8C5459C	1	STR      r4,[r5,#0x59c]	false	
Instruction	5922	S:0xC0041C3C	0xE767	0	B        {pc}-0x12e ; 0xc0041b0e	true	
Instruction	5923	S:0xC0041B0E	0x029B	1	LSLS     r3,r3,#10	false	
Instruction	5924	S:0xC0041B10	0x3401	0	ADDS     r4,#1	false	
Instruction	5925	S:0xC0041B12	0x4618	1	MOV      r0,r3	false	
Instruction	5926	S:0xC0041B14	0x2100	0	MOVS     r1,#0	false	
Instruction	5927	S:0xC0041B16	0xF20FF93B	1	BL       {pc}+0x20f27a ; 0xc0250d90	true	
Cycle Count				288	Tracing disabled		
Info					Tracing enabled		
Instruction	5928	S:0xC0041B1A	0xF8D510B8	1	LDR      r1,[r5,#0xb8]	false	
Instruction	5929	S:0xC0041B1E	0x02B8	1	LSLS     r0,r7,#10	false	
Instruction	5930	S:0xC0041B20	0xF8D580BC	1	LDR      r8,[r5,#0xbc]	false	
Instruction	5931	S:0xC0041B24	0x1A56	1	SUBS     r6,r2,r1	false	
Instruction	5932	S:0xC0041B26	0x2100	0	MOVS     r1,#0	false	
Instruction	5933	S:0xC0041B28	0xF20FF932	1	BL       {pc}+0x20f268 ; 0xc0250d90	true	
Cycle Count				210	Tracing disabled		
Info					Tracing enabled		
Instruction	5934	S:0xC0041B2C	0xF8D540B8	1	LDR      r4,[r5,#0xb8]	false	
Instruction	5935	S:0xC0041B30	0xEA8677E6	1	EOR      r7,r6,r6,ASR #31	false	
Instruction	5936	S:0xC0041B34	0xEBA777E6	1	SUB      r7,r7,r6,ASR #31	false	
Instruction	5937	S:0xC0041B38	0xF8D530DC	1	LDR      r3,[r5,#0xdc]	false	
Instruction	5938	S:0xC0041B3C	0xEBC80202	1	RSB      r2,r8,r2	false	
Instruction	5939	S:0xC0041B40	0xEBB71F94	12	CMP      r7,r4,LSR #6	false	
Instruction	5940	S:0xC0041B44	0xD833	0	BHI      {pc}+0x6a ; 0xc0041bae	true	fail
Instruction	5941	S:0xC0041B46	0xEA8271E2	22	EOR      r1,r2,r2,ASR #31	false	
Instruction	5942	S:0xC0041B4A	0xEBA171E2	1	SUB      r1,r1,r2,ASR #31	false	
Instruction	5943	S:0xC0041B4E	0xEBB11F98	1	CMP      r1,r8,LSR #6	false	
Instruction	5944	S:0xC0041B52	0xD82C	0	BHI      {pc}+0x5c ; 0xc0041bae	true	fail
Instruction	5945	S:0xC0041B54	0xF64576CC	1	MOV      r6,#0x5fcc	false	
Instruction	5946	S:0xC0041B58	0xF8D50598	1	LDR      r0,[r5,#0x598]	false	
Instruction	5947	S:0xC0041B5C	0xF2CC0663	0	MOVT     r6,#0xc063	false	
Instruction	5948	S:0xC0041B60	0xF8D5159C	16	LDR      r1,[r5,#0x59c]	false	
Instruction	5949	S:0xC0041B64	0x6873	3	LDR      r3,[r6,#4]	false	
Instruction	5950	S:0xC0041B66	0xF8D564C0	3	LDR      r6,[r5,#0x4c0]	false	
Instruction	5951	S:0xC0041B6A	0x2B00	1	CMP      r3,#0	false	
Instruction	5952	S:0xC0041B6C	0xF0408141	0	BNE.W    {pc}+0x286 ; 0xc0041df2	true	fail
Instruction	5953	S:0xC0041B70	0xF64577B8	23	MOV      r7,#0x5fb8	false	
Instruction	5954	S:0xC0041B74	0xE9D54524	1	LDRD     r4,r5,[r5,#0x90]	false	
Instruction	5955	S:0xC0041B78	0xF2CC0763	1	MOVT     r7,#0xc063	false	
Instruction	5956	S:0xC0041B7C	0x687B	3	LDR      r3,[r7,#4]	false	
Instruction	5957	S:0xC0041B7E	0x2B00	2	CMP      r3,#0	false	
Instruction	5958	S:0xC0041B80	0xF43FAF5C	11	BEQ      {pc}-0x144 ; 0xc0041a3c	true	
Instruction	5959	S:0xC0041A3C	0xF8D9308C	66	LDR      r3,[r9,#0x8c]	false	
Instruction	5960	S:0xC0041A40	0x9D0A	25	LDR      r5,[sp,#0x28]	false	
Instruction	5961	S:0xC0041A42	0x9319	1	STR      r3,[sp,#0x64]	false	
Instruction	5962	S:0xC0041A44	0x9B19	2	LDR      r3,[sp,#0x64]	false	
Instruction	5963	S:0xC0041A46	0x429D	2	CMP      r5,r3	false	
Instruction	5964	S:0xC0041A48	0xF1A3098C	1	SUB      r9,r3,#0x8c	false	
Instruction	5965	S:0xC0041A4C	0xF47FAED7	0	BNE      {pc}-0x24e ; 0xc00417fe	true	fail
Instruction	5966	S:0xC0041A50	0xF8DD802C	8	LDR      r8,[sp,#0x2c]	false	
Instruction	5967	S:0xC0041A54	0x4640	2	MOV      r0,r8	false	
Instruction	5968	S:0xC0041A56	0x9912	1	LDR      r1,[sp,#0x48]	false	
Instruction	5969	S:0xC0041A58	0xB01B	0	ADD      sp,sp,#0x6c	false	
Instruction	5970	S:0xC0041A5A	0xE8BD4FF0	3	POP      {r4-r11,lr}	false	
Instruction	5971	S:0xC0041A5E	0xF3A2BDFB	5	B.W      {pc}+0x3a2bfa ; 0xc03e4658	true	
Cycle Count				105	Tracing disabled		
Info					Tracing enabled		
Instruction	5972	S:0xC00462AA	0x9902	1	LDR      r1,[sp,#8]	false	
Instruction	5973	S:0xC00462AC	0xF8563021	5	LDR      r3,[r6,r1,LSL #2]	false	
Instruction	5974	S:0xC00462B0	0x18E4	2	ADDS     r4,r4,r3	false	
Instruction	5975	S:0xC00462B2	0xF8D44490	3	LDR      r4,[r4,#0x490]	false	
Instruction	5976	S:0xC00462B6	0x2C00	2	CMP      r4,#0	false	
Instruction	5977	S:0xC00462B8	0xD064	0	BEQ      {pc}+0xcc ; 0xc0046384	true	fail
Instruction	5978	S:0xC00462BA	0xF8DFA0DC	10	LDR      r10,[pc,#220] ; [0xC0046398]	false	
Instruction	5979	S:0xC00462BE	0x2600	0	MOVS     r6,#0	false	
Instruction	5980	S:0xC00462C0	0x6BE3	3	LDR      r3,[r4,#0x3c]	false	
Instruction	5981	S:0xC00462C2	0x07DB	3	LSLS     r3,r3,#31	false	
Instruction	5982	S:0xC00462C4	0xD545	1	BPL      {pc}+0x8e ; 0xc0046352	true	fail
Instruction	5983	S:0xC00462C6	0x6CA0	54	LDR      r0,[r4,#0x48]	false	
Instruction	5984	S:0xC00462C8	0xF1B80F00	0	CMP      r8,#0	false	
Instruction	5985	S:0xC00462CC	0xD002	1	BEQ      {pc}+8 ; 0xc00462d4	true	fail
Instruction	5986	S:0xC00462CE	0x6963	1	LDR      r3,[r4,#0x14]	false	
Instruction	5987	S:0xC00462D0	0xFB03F000	3	MUL      r0,r3,r0	false	
Instruction	5988	S:0xC00462D4	0xF7D9FFF8	1	BL       {pc}-0x2600c ; 0xc00202c8	true	
Instruction	5989	S:0xC00202C8	0xB500	3	PUSH     {lr}	false	
Instruction	5990	S:0xC00202CA	0xF85DEB04	3	POP      {lr}	false	
Instruction	5991	S:0xC00202CE	0x2800	0	CMP      r0,#0	false	
Instruction	5992	S:0xC00202D0	0xBFA1	1	ITTTT    GE	false	
Instruction	5993	S:0xC00202D2	0xF64C43CD	1	MOV      r3,#0xcccd	false	
Instruction	5994	S:0xC00202D6	0x3009	0	ADDS     r0,r0,#9	false	
Instruction	5995	S:0xC00202D8	0xF6CC43CC	1	MOVT     r3,#0xcccc	false	
Instruction	5996	S:0xC00202DC	0xFBA32000	2	UMULL    r2,r0,r3,r0	false	
Instruction	5997	S:0xC00202E0	0xBFAE	1	ITEE     GE	false	
Instruction	5998	S:0xC00202E2	0x08C0	2	LSRS     r0,r0,#3	false	
Instruction	5999	S:0xC00202E4	0xF64F70FE	0	MOV      r0,#0xfffe	false	fail
Instruction	6000	S:0xC00202E8	0xF6C370FF	1	MOVT     r0,#0x3fff	false	fail
Instruction	6001	S:0xC00202EC	0x4770	1	BX       lr	true	
Instruction	6002	S:0xC00462D8	0xF8DA3008	1	LDR      r3,[r10,#8]	false	
Instruction	6003	S:0xC00462DC	0x6BE7	1	LDR      r7,[r4,#0x3c]	false	
Instruction	6004	S:0xC00462DE	0x2801	0	CMP      r0,#1	false	
Instruction	6005	S:0xC00462E0	0xBF38	7	IT       CC	false	
Instruction	6006	S:0xC00462E2	0x2001	1	MOVS     r0,#1	false	fail
Instruction	6007	S:0xC00462E4	0x4298	1	CMP      r0,r3	false	
Instruction	6008	S:0xC00462E6	0xBF34	1	ITE      CC	false	
Instruction	6009	S:0xC00462E8	0x4683	1	MOV      r11,r0	false	
Instruction	6010	S:0xC00462EA	0x469B	0	MOV      r11,r3	false	fail
Instruction	6011	S:0xC00462EC	0xF4176780	1	ANDS     r7,r7,#0x400	false	
Instruction	6012	S:0xC00462F0	0xD139	0	BNE      {pc}+0x76 ; 0xc0046366	true	fail
Instruction	6013	S:0xC00462F2	0x6C63	16	LDR      r3,[r4,#0x44]	false	
Instruction	6014	S:0xC00462F4	0xF8D92000	3	LDR      r2,[r9,#0]	false	
Instruction	6015	S:0xC00462F8	0x445B	1	ADD      r3,r3,r11	false	
Instruction	6016	S:0xC00462FA	0x1AD3	1	SUBS     r3,r2,r3	false	
Instruction	6017	S:0xC00462FC	0x2B00	1	CMP      r3,#0	false	
Instruction	6018	S:0xC00462FE	0xDB0C	0	BLT      {pc}+0x1c ; 0xc004631a	true	
Instruction	6019	S:0xC004631A	0xB177	15	CBZ      r7,{pc}+0x20 ; 0xc004633a	true	
Instruction	6020	S:0xC004633A	0x6C62	20	LDR      r2,[r4,#0x44]	false	
Instruction	6021	S:0xC004633C	0x9B05	1	LDR      r3,[sp,#0x14]	false	
Instruction	6022	S:0xC004633E	0xEB0B0C02	18	ADD      r12,r11,r2	false	
Instruction	6023	S:0xC0046342	0xEBC5020C	1	RSB      r2,r5,r12	false	
Instruction	6024	S:0xC0046346	0x2A00	1	CMP      r2,#0	false	
Instruction	6025	S:0xC0046348	0xBFB8	0	IT       LT	false	
Instruction	6026	S:0xC004634A	0x4665	1	MOV      r5,r12	false	
Instruction	6027	S:0xC004634C	0xBFB8	0	IT       LT	false	
Instruction	6028	S:0xC004634E	0x2601	1	MOVS     r6,#1	false	
Instruction	6029	S:0xC0046350	0xB113	1	CBZ      r3,{pc}+8 ; 0xc0046358	true	fail
Instruction	6030	S:0xC0046352	0x6824	1	LDR      r4,[r4,#0]	false	
Instruction	6031	S:0xC0046354	0x2C00	2	CMP      r4,#0	false	
Instruction	6032	S:0xC0046356	0xD1B3	0	BNE      {pc}-0x96 ; 0xc00462c0	true	
Instruction	6033	S:0xC00462C0	0x6BE3	8	LDR      r3,[r4,#0x3c]	false	
Instruction	6034	S:0xC00462C2	0x07DB	3	LSLS     r3,r3,#31	false	
Instruction	6035	S:0xC00462C4	0xD545	1	BPL      {pc}+0x8e ; 0xc0046352	true	
Instruction	6036	S:0xC0046352	0x6824	8	LDR      r4,[r4,#0]	false	
Instruction	6037	S:0xC0046354	0x2C00	2	CMP      r4,#0	false	
Instruction	6038	S:0xC0046356	0xD1B3	1	BNE      {pc}-0x96 ; 0xc00462c0	true	fail
Instruction	6039	S:0xC0046358	0xB116	1	CBZ      r6,{pc}+8 ; 0xc0046360	true	fail
Instruction	6040	S:0xC004635A	0x9A03	8	LDR      r2,[sp,#0xc]	false	
Instruction	6041	S:0xC004635C	0xF8C2546C	5	STR      r5,[r2,#0x46c]	false	
Instruction	6042	S:0xC0046360	0xB007	1	ADD      sp,sp,#0x1c	false	
Instruction	6043	S:0xC0046362	0xE8BD8FF0	3	POP      {r4-r11,pc}	true	
Instruction	6044	S:0xC00465C2	0x9800	27	LDR      r0,[sp,#0]	false	
Instruction	6045	S:0xC00465C4	0x9907	1	LDR      r1,[sp,#0x1c]	false	
Instruction	6046	S:0xC00465C6	0x4E26	1	LDR      r6,[pc,#152] ; [0xC0046660] = 0xC05F3080	false	
Instruction	6047	S:0xC00465C8	0xF8552020	1	LDR      r2,[r5,r0,LSL #2]	false	
Instruction	6048	S:0xC00465CC	0x2900	0	CMP      r1,#0	false	
Instruction	6049	S:0xC00465CE	0xD161	1	BNE      {pc}+0xc6 ; 0xc0046694	true	
Instruction	6050	S:0xC0046694	0x4B3C	68	LDR      r3,[pc,#240] ; [0xC0046788]	false	
Instruction	6051	S:0xC0046696	0x2001	0	MOVS     r0,#1	false	
Instruction	6052	S:0xC0046698	0x18D1	2	ADDS     r1,r2,r3	false	
Instruction	6053	S:0xC004669A	0x3128	1	ADDS     r1,r1,#0x28	false	
Instruction	6054	S:0xC004669C	0xF209FA4C	1	BL       {pc}+0x20949c ; 0xc024fb38	true	
Cycle Count				28	Tracing disabled		
Info					Tracing enabled		
Instruction	6055	S:0xC00466A0	0xB00F	1	ADD      sp,sp,#0x3c	false	
Instruction	6056	S:0xC00466A2	0xE8BD8FF0	3	POP      {r4-r11,pc}	true	
Instruction	6057	S:0xC0020EFE	0xF8DA3018	29	LDR      r3,[r10,#0x18]	false	
Instruction	6058	S:0xC0020F02	0x2B00	2	CMP      r3,#0	false	
Instruction	6059	S:0xC0020F04	0xD165	1	BNE      {pc}+0xce ; 0xc0020fd2	true	fail
Instruction	6060	S:0xC0020F06	0xF8D93004	3	LDR      r3,[r9,#4]	false	
Instruction	6061	S:0xC0020F0A	0x9902	3	LDR      r1,[sp,#8]	false	
Instruction	6062	S:0xC0020F0C	0x4299	2	CMP      r1,r3	false	
Instruction	6063	S:0xC0020F0E	0xD149	0	BNE      {pc}+0x96 ; 0xc0020fa4	true	fail
Instruction	6064	S:0xC0020F10	0x9804	20	LDR      r0,[sp,#0x10]	false	
Instruction	6065	S:0xC0020F12	0xF04FF8C1	0	BL       {pc}+0x4f186 ; 0xc0070098	true	
Cycle Count				31	Tracing disabled		
Info					Tracing enabled		
Instruction	6066	S:0xC0020F16	0x0864	1	LSRS     r4,r4,#1	false	
Instruction	6067	S:0xC0020F18	0xF1060604	0	ADD      r6,r6,#4	false	
Instruction	6068	S:0xC0020F1C	0xF1070704	1	ADD      r7,r7,#4	false	
Instruction	6069	S:0xC0020F20	0xD1CB	1	BNE      {pc}-0x66 ; 0xc0020eba	true	
Instruction	6070	S:0xC0020EBA	0xF2460380	19	MOVW     r3,#0x6080	false	
Instruction	6071	S:0xC0020EBE	0x07E0	1	LSLS     r0,r4,#31	false	
Instruction	6072	S:0xC0020EC0	0xF2CC035F	16	MOVT     r3,#0xc05f	false	
Instruction	6073	S:0xC0020EC4	0xEB030806	1	ADD      r8,r3,r6	false	
Instruction	6074	S:0xC0020EC8	0xD525	1	BPL      {pc}+0x4e ; 0xc0020f16	true	
Instruction	6075	S:0xC0020F16	0x0864	2	LSRS     r4,r4,#1	false	
Instruction	6076	S:0xC0020F18	0xF1060604	1	ADD      r6,r6,#4	false	
Instruction	6077	S:0xC0020F1C	0xF1070704	0	ADD      r7,r7,#4	false	
Instruction	6078	S:0xC0020F20	0xD1CB	1	BNE      {pc}-0x66 ; 0xc0020eba	true	
Instruction	6079	S:0xC0020EBA	0xF2460380	3	MOVW     r3,#0x6080	false	
Instruction	6080	S:0xC0020EBE	0x07E0	1	LSLS     r0,r4,#31	false	
Instruction	6081	S:0xC0020EC0	0xF2CC035F	1	MOVT     r3,#0xc05f	false	
Instruction	6082	S:0xC0020EC4	0xEB030806	1	ADD      r8,r3,r6	false	
Instruction	6083	S:0xC0020EC8	0xD525	0	BPL      {pc}+0x4e ; 0xc0020f16	true	fail
Instruction	6084	S:0xC0020ECA	0x10B5	1	ASRS     r5,r6,#2	false	
Instruction	6085	S:0xC0020ECC	0xF8D91004	1	LDR      r1,[r9,#4]	false	
Instruction	6086	S:0xC0020ED0	0xF2407EB8	0	MOVW     lr,#0x7b8	false	
Instruction	6087	S:0xC0020ED4	0x4847	3	LDR      r0,[pc,#284] ; [0xC0020FF4]	false	
Instruction	6088	S:0xC0020ED6	0x00AB	1	LSLS     r3,r5,#2	false	
Instruction	6089	S:0xC0020ED8	0xF2CC0E5F	0	MOVT     lr,#0xc05f	false	
Instruction	6090	S:0xC0020EDC	0x9303	2	STR      r3,[sp,#0xc]	false	
Instruction	6091	S:0xC0020EDE	0x4473	1	ADD      r3,r3,lr	false	
Instruction	6092	S:0xC0020EE0	0xEE1D2F90	1	MRC      p15,#0x0,r2,c13,c0,#4	false	
Instruction	6093	S:0xC0020EE4	0x9102	1	STR      r1,[sp,#8]	false	
Instruction	6094	S:0xC0020EE6	0x3304	0	ADDS     r3,#4	false	
Instruction	6095	S:0xC0020EE8	0x58D1	3	LDR      r1,[r2,r3]	false	
Instruction	6096	S:0xC0020EEA	0x3101	2	ADDS     r1,#1	false	
Instruction	6097	S:0xC0020EEC	0x50D1	1	STR      r1,[r2,r3]	false	
Instruction	6098	S:0xC0020EEE	0xF8DA3004	3	LDR      r3,[r10,#4]	false	
Instruction	6099	S:0xC0020EF2	0x2B00	2	CMP      r3,#0	false	
Instruction	6100	S:0xC0020EF4	0xD148	0	BNE      {pc}+0x94 ; 0xc0020f88	true	fail
Instruction	6101	S:0xC0020EF6	0xF8573C04	1	LDR      r3,[r7,#-4]	false	
Instruction	6102	S:0xC0020EFA	0x4640	0	MOV      r0,r8	false	
Instruction	6103	S:0xC0020EFC	0x4798	1	BLX      r3	true	
Cycle Count				949	Tracing disabled		
Info					Tracing enabled		
Instruction	6104	S:0xC0020EFE	0xF8DA3018	1	LDR      r3,[r10,#0x18]	false	
Instruction	6105	S:0xC0020F02	0x2B00	2	CMP      r3,#0	false	
Instruction	6106	S:0xC0020F04	0xD165	0	BNE      {pc}+0xce ; 0xc0020fd2	true	fail
Instruction	6107	S:0xC0020F06	0xF8D93004	9	LDR      r3,[r9,#4]	false	
Instruction	6108	S:0xC0020F0A	0x9902	1	LDR      r1,[sp,#8]	false	
Instruction	6109	S:0xC0020F0C	0x4299	2	CMP      r1,r3	false	
Instruction	6110	S:0xC0020F0E	0xD149	0	BNE      {pc}+0x96 ; 0xc0020fa4	true	fail
Instruction	6111	S:0xC0020F10	0x9804	8	LDR      r0,[sp,#0x10]	false	
Instruction	6112	S:0xC0020F12	0xF04FF8C1	0	BL       {pc}+0x4f186 ; 0xc0070098	true	
Cycle Count				18	Tracing disabled		
Info					Tracing enabled		
Instruction	6113	S:0xC0020F16	0x0864	1	LSRS     r4,r4,#1	false	
Instruction	6114	S:0xC0020F18	0xF1060604	0	ADD      r6,r6,#4	false	
Instruction	6115	S:0xC0020F1C	0xF1070704	1	ADD      r7,r7,#4	false	
Instruction	6116	S:0xC0020F20	0xD1CB	0	BNE      {pc}-0x66 ; 0xc0020eba	true	fail
Instruction	6117	S:0xC0020F22	0xB672	1	CPSID    i	false	
Instruction	6118	S:0xC0020F24	0xF8D93014	3	LDR      r3,[r9,#0x14]	false	
Instruction	6119	S:0xC0020F28	0xF64902C0	0	MOV      r2,#0x98c0	false	
Instruction	6120	S:0xC0020F2C	0xF2CC0264	1	MOVT     r2,#0xc064	false	
Instruction	6121	S:0xC0020F30	0x019B	2	LSLS     r3,r3,#6	false	
Instruction	6122	S:0xC0020F32	0x58D4	5	LDR      r4,[r2,r3]	false	
Instruction	6123	S:0xC0020F34	0x2C00	2	CMP      r4,#0	false	
Instruction	6124	S:0xC0020F36	0xD025	0	BEQ      {pc}+0x4e ; 0xc0020f84	true	
Instruction	6125	S:0xC0020F84	0x46C8	1	MOV      r8,r9	false	
Instruction	6126	S:0xC0020F86	0xE7EC	0	B        {pc}-0x24 ; 0xc0020f62	true	
Instruction	6127	S:0xC0020F62	0xF44F7080	6	MOV      r0,#0x100	false	
Instruction	6128	S:0xC0020F66	0xF7FFFF2F	1	BL       {pc}-0x19e ; 0xc0020dc8	true	
Instruction	6129	S:0xC0020DC8	0xB570	17	PUSH     {r4-r6,lr}	false	
Instruction	6130	S:0xC0020DCA	0xB500	4	PUSH     {lr}	false	
Instruction	6131	S:0xC0020DCC	0xF85DEB04	2	POP      {lr}	false	
Instruction	6132	S:0xC0020DD0	0x466B	1	MOV      r3,sp	false	
Instruction	6133	S:0xC0020DD2	0xF42354FF	1	BIC      r4,r3,#0x1fe0	false	
Instruction	6134	S:0xC0020DD6	0x2300	0	MOVS     r3,#0	false	
Instruction	6135	S:0xC0020DD8	0xF024041F	1	BIC      r4,r4,#0x1f	false	
Instruction	6136	S:0xC0020DDC	0xF2C033FF	0	MOVT     r3,#0x3ff	false	
Instruction	6137	S:0xC0020DE0	0x4605	10	MOV      r5,r0	false	
Instruction	6138	S:0xC0020DE2	0x6862	1	LDR      r2,[r4,#4]	false	
Instruction	6139	S:0xC0020DE4	0x4013	2	ANDS     r3,r3,r2	false	
Instruction	6140	S:0xC0020DE6	0xB93B	1	CBNZ     r3,{pc}+0x12 ; 0xc0020df8	true	fail
Instruction	6141	S:0xC0020DE8	0xF3EF8300	1	MRS      r3,APSR ; formerly CPSR	false	
Instruction	6142	S:0xC0020DEC	0x061A	3	LSLS     r2,r3,#24	false	
Instruction	6143	S:0xC0020DEE	0xD50E	0	BPL      {pc}+0x20 ; 0xc0020e0e	true	fail
Instruction	6144	S:0xC0020DF0	0x6863	1	LDR      r3,[r4,#4]	false	
Instruction	6145	S:0xC0020DF2	0x1B5B	2	SUBS     r3,r3,r5	false	
Instruction	6146	S:0xC0020DF4	0x6063	1	STR      r3,[r4,#4]	false	
Instruction	6147	S:0xC0020DF6	0xBD70	1	POP      {r4-r6,pc}	true	
Instruction	6148	S:0xC0020F6A	0xF8D8300C	8	LDR      r3,[r8,#0xc]	false	
Instruction	6149	S:0xC0020F6E	0x9C07	1	LDR      r4,[sp,#0x1c]	false	
Instruction	6150	S:0xC0020F70	0x68DA	4	LDR      r2,[r3,#0xc]	false	
Instruction	6151	S:0xC0020F72	0xF4046100	1	AND      r1,r4,#0x800	false	
Instruction	6152	S:0xC0020F76	0xF4226200	1	BIC      r2,r2,#0x800	false	
Instruction	6153	S:0xC0020F7A	0x430A	1	ORRS     r2,r2,r1	false	
Instruction	6154	S:0xC0020F7C	0x60DA	1	STR      r2,[r3,#0xc]	false	
Instruction	6155	S:0xC0020F7E	0xB009	0	ADD      sp,sp,#0x24	false	
Instruction	6156	S:0xC0020F80	0xE8BD8FF0	6	POP      {r4-r11,pc}	true	
Instruction	6157	S:0xC0021226	0xE7E8	15	B        {pc}-0x2c ; 0xc00211fa	true	
Instruction	6158	S:0xC00211FA	0x6960	3	LDR      r0,[r4,#0x14]	false	
Instruction	6159	S:0xC00211FC	0xF01BFE86	0	BL       {pc}+0x1bd10 ; 0xc003cf0c	true	
Instruction	6160	S:0xC003CF0C	0xB488	17	PUSH     {r3,r7}	false	
Instruction	6161	S:0xC003CF0E	0xAF00	1	ADD      r7,sp,#0	false	
Instruction	6162	S:0xC003CF10	0xB500	2	PUSH     {lr}	false	
Instruction	6163	S:0xC003CF12	0xF85DEB04	2	POP      {lr}	false	
Instruction	6164	S:0xC003CF16	0x4A0C	2	LDR      r2,[pc,#48] ; [0xC003CF48] = 0xC05FD5C0	false	
Instruction	6165	S:0xC003CF18	0x4B0C	2	LDR      r3,[pc,#48] ; [0xC003CF4C] = 0xC05F3080	false	
Instruction	6166	S:0xC003CF1A	0xF8522020	1	LDR      r2,[r2,r0,LSL #2]	false	
Instruction	6167	S:0xC003CF1E	0x189B	2	ADDS     r3,r3,r2	false	
Instruction	6168	S:0xC003CF20	0xF8D31460	8	LDR      r1,[r3,#0x460]	false	
Instruction	6169	S:0xC003CF24	0xF8D32464	3	LDR      r2,[r3,#0x464]	false	
Instruction	6170	S:0xC003CF28	0x4291	2	CMP      r1,r2	false	
Instruction	6171	S:0xC003CF2A	0xD003	0	BEQ      {pc}+0xa ; 0xc003cf34	true	fail
Instruction	6172	S:0xC003CF2C	0x2000	1	MOVS     r0,#0	false	
Instruction	6173	S:0xC003CF2E	0x46BD	0	MOV      sp,r7	false	
Instruction	6174	S:0xC003CF30	0xBC88	3	POP      {r3,r7}	false	
Instruction	6175	S:0xC003CF32	0x4770	1	BX       lr	true	
Instruction	6176	S:0xC0021200	0xB140	8	CBZ      r0,{pc}+0x14 ; 0xc0021214	true	
Instruction	6177	S:0xC0021214	0xE8BD4010	8	POP      {r4,lr}	false	
Instruction	6178	S:0xC0021218	0xF04EBF4E	1	B.W      {pc}+0x4eea0 ; 0xc00700b8	true	
Cycle Count				57	Tracing disabled		
Info					Tracing enabled		
Instruction	6179	S:0xC000D610	0x4623	1	MOV      r3,r4	false	
Instruction	6180	S:0xC000D612	0xEE1D2F90	1	MRC      p15,#0x0,r2,c13,c0,#4	false	
Instruction	6181	S:0xC000D616	0x50D6	7	STR      r6,[r2,r3]	false	
Instruction	6182	S:0xC000D618	0xBD70	3	POP      {r4-r6,pc}	true	
Instruction	6183	S:0xC00083F6	0x6822	49	LDR      r2,[r4,#0]	false	
Instruction	6184	S:0xC00083F8	0xF42250E0	2	BIC      r0,r2,#0x1c00	false	
Instruction	6185	S:0xC00083FC	0xF1A00510	1	SUB      r5,r0,#0x10	false	
Instruction	6186	S:0xC0008400	0x4601	1	MOV      r1,r0	false	
Instruction	6187	S:0xC0008402	0xF5B57F7B	0	CMP      r5,#0x3ec	false	
Instruction	6188	S:0xC0008406	0xD9EF	1	BLS      {pc}-0x1e ; 0xc00083e8	true	fail
Instruction	6189	S:0xC0008408	0x280F	1	CMP      r0,#0xf	false	
Instruction	6190	S:0xC000840A	0xD901	0	BLS      {pc}+6 ; 0xc0008410	true	fail
Instruction	6191	S:0xC000840C	0xE8BD81F0	1	POP      {r4-r8,pc}	true	
Instruction	6192	S:0xC000CAE8	0x46E9	11	MOV      r9,sp	false	
Instruction	6193	S:0xC000CAEA	0xEA4F3959	2	LSR      r9,r9,#13	false	
Instruction	6194	S:0xC000CAEE	0xEA4F3949	2	LSL      r9,r9,#13	false	
Instruction	6195	S:0xC000CAF2	0xF04F0800	0	MOV      r8,#0	false	
Instruction	6196	S:0xC000CAF6	0xF000B957	1	B.W      {pc}+0x2b2 ; 0xc000cda8	true	
Instruction	6197	S:0xC000CDA8	0xF8D91000	15	LDR      r1,[r9,#0]	false	
Instruction	6198	S:0xC000CDAC	0xF0110F07	2	TST      r1,#7	false	
Instruction	6199	S:0xC000CDB0	0xF47FAFEB	1	BNE.W    {pc}-0x26 ; 0xc000cd8a	true	fail
Instruction	6200	S:0xC000CDB4	0xF3BF8F2F	1	CLREX    	false	
Instruction	6201	S:0xC000CDB8	0x466A	1	MOV      r2,sp	false	
Instruction	6202	S:0xC000CDBA	0xF3EF8300	1	MRS      r3,APSR ; formerly CPSR	false	
Instruction	6203	S:0xC000CDBE	0xF083030C	12	EOR      r3,r3,#0xc	false	
Instruction	6204	S:0xC000CDC2	0xF3838100	3	MSR      CPSR_c,r3	false	
Instruction	6205	S:0xC000CDC6	0xF8D2D034	19	LDR      sp,[r2,#0x34]	false	
Instruction	6206	S:0xC000CDCA	0xF8D2E038	1	LDR      lr,[r2,#0x38]	false	
Instruction	6207	S:0xC000CDCE	0xF083030C	0	EOR      r3,r3,#0xc	false	
Instruction	6208	S:0xC000CDD2	0xF3838100	3	MSR      CPSR_c,r3	false	
Instruction	6209	S:0xC000CDD6	0x9910	5	LDR      r1,[sp,#0x40]	false	
Instruction	6210	S:0xC000CDD8	0xF8DDE03C	1	LDR      lr,[sp,#0x3c]	false	
Instruction	6211	S:0xC000CDDC	0xB00D	0	ADD      sp,sp,#0x34	false	
Instruction	6212	S:0xC000CDDE	0xF3918F00	2	MSR      SPSR_cxsf,r1	false	
Instruction	6213	S:0xC000CDE2	0xE91D1FFF	5	LDMDB    sp,{r0-r12}	false	
Instruction	6214	S:0xC000CDE6	0xB005	7	ADD      sp,sp,#0x14	false	
Instruction	6215	S:0xC000CDE8	0xF3DE8F00	1	SUBS     pc,lr,#0	true	
Info					Return from exception		
Timestamp					Timestamp: 562536985202		
Cycle Count				379992	Tracing disabled		
Info					Tracing enabled		
Instruction	6216	S:0xC000CAA0	0xB092	1	SUB      sp,sp,#0x48	false	
Timestamp					Timestamp: 562537011316		
Instruction	6217	S:0xC000CAA2	0xE88D1FFF	24	STM      sp,{r0-r12}	false	
Instruction	6218	S:0xC000CAA6	0xE8900038	11	LDM      r0,{r3-r5}	false	
Instruction	6219	S:0xC000CAAA	0xA80F	2	ADD      r0,sp,#0x3c	false	
Instruction	6220	S:0xC000CAAC	0xF04F36FF	0	MOV      r6,#0xffffffff	false	
Instruction	6221	S:0xC000CAB0	0x9300	1	STR      r3,[sp,#0]	false	
Instruction	6222	S:0xC000CAB2	0xE8800070	2	STM      r0,{r4-r6}	false	
Instruction	6223	S:0xC000CAB6	0xF3EF8100	2	MRS      r1,APSR ; formerly CPSR	false	
Instruction	6224	S:0xC000CABA	0xF081010C	2	EOR      r1,r1,#0xc	false	
Instruction	6225	S:0xC000CABE	0xF3818100	3	MSR      CPSR_c,r1	false	
Instruction	6226	S:0xC000CAC2	0xF840DC08	5	STR      sp,[r0,#-8]	false	
Instruction	6227	S:0xC000CAC6	0xF840EC04	1	STR      lr,[r0,#-4]	false	
Instruction	6228	S:0xC000CACA	0xF081010C	0	EOR      r1,r1,#0xc	false	
Instruction	6229	S:0xC000CACE	0xF3818100	3	MSR      CPSR_c,r1	false	
Instruction	6230	S:0xC000CAD2	0xF85F00B4	7	LDR      r0,[pc,#-180] ; [0xC000CA20] = 0xC06013D4	false	
Instruction	6231	S:0xC000CAD6	0x6800	15	LDR      r0,[r0,#0]	false	
Instruction	6232	S:0xC000CAD8	0xEE010F10	1	MCR      p15,#0x0,r0,c1,c0,#0	false	
Instruction	6233	S:0xC000CADC	0x4907	16	LDR      r1,[pc,#28] ; [0xC000CAFC] = 0xC06013DC	false	
Instruction	6234	S:0xC000CADE	0x4668	0	MOV      r0,sp	false	
Instruction	6235	S:0xC000CAE0	0xF20F0E05	1	ADR.W    lr,{pc}+9 ; 0xc000cae9	false	
Instruction	6236	S:0xC000CAE4	0xF8D1F000	2	LDR      pc,[r1,#0]	true	
Instruction	6237	S:0xC00083D0	0xE92D41F0	9	PUSH     {r4-r8,lr}	false	
Instruction	6238	S:0xC00083D4	0xB500	5	PUSH     {lr}	false	
Instruction	6239	S:0xC00083D6	0xF004FD19	1	BL       {pc}+0x4a36 ; 0xc000ce0c	true	
Instruction	6240	S:0xC000CE0C	0x46F4	11	MOV      r12,lr	false	
Instruction	6241	S:0xC000CE0E	0xF85DEB04	1	POP      {lr}	false	
Instruction	6242	S:0xC000CE12	0x46E7	1	MOV      pc,r12	true	
Instruction	6243	S:0xC00083DA	0x4607	19	MOV      r7,r0	false	
Instruction	6244	S:0xC00083DC	0x4E0F	13	LDR      r6,[pc,#60] ; [0xC000841C] = 0xC05FD730	false	
Instruction	6245	S:0xC00083DE	0xF8D6800C	23	LDR      r8,[r6,#0xc]	false	
Instruction	6246	S:0xC00083E2	0xF108040C	2	ADD      r4,r8,#0xc	false	
Instruction	6247	S:0xC00083E6	0xE006	0	B        {pc}+0x10 ; 0xc00083f6	true	
Instruction	6248	S:0xC00083F6	0x6822	63	LDR      r2,[r4,#0]	false	
Instruction	6249	S:0xC00083F8	0xF42250E0	2	BIC      r0,r2,#0x1c00	false	
Instruction	6250	S:0xC00083FC	0xF1A00510	1	SUB      r5,r0,#0x10	false	
Instruction	6251	S:0xC0008400	0x4601	0	MOV      r1,r0	false	
Instruction	6252	S:0xC0008402	0xF5B57F7B	1	CMP      r5,#0x3ec	false	
Instruction	6253	S:0xC0008406	0xD9EF	0	BLS      {pc}-0x1e ; 0xc00083e8	true	fail
Instruction	6254	S:0xC0008408	0x280F	1	CMP      r0,#0xf	false	
Instruction	6255	S:0xC000840A	0xD901	0	BLS      {pc}+6 ; 0xc0008410	true	
Instruction	6256	S:0xC0008410	0xF8C82010	1	STR      r2,[r8,#0x10]	false	
Instruction	6257	S:0xC0008414	0x4639	0	MOV      r1,r7	false	
Instruction	6258	S:0xC0008416	0xF008FC25	1	BL       {pc}+0x884e ; 0xc0010c64	true	
Instruction	6259	S:0xC0010C64	0xE92D43F8	1	PUSH     {r3-r9,lr}	false	
Instruction	6260	S:0xC0010C68	0xB500	6	PUSH     {lr}	false	
Instruction	6261	S:0xC0010C6A	0xF85DEB04	2	POP      {lr}	false	
Instruction	6262	S:0xC0010C6E	0x466B	1	MOV      r3,sp	false	
Instruction	6263	S:0xC0010C70	0xF42354FF	1	BIC      r4,r3,#0x1fe0	false	
Instruction	6264	S:0xC0010C74	0x4E4A	37	LDR      r6,[pc,#296] ; [0xC0010DA0] = 0xC05F1F34	false	
Instruction	6265	S:0xC0010C76	0xF024041F	0	BIC      r4,r4,#0x1f	false	
Instruction	6266	S:0xC0010C7A	0x2807	1	CMP      r0,#7	false	
Instruction	6267	S:0xC0010C7C	0x4689	0	MOV      r9,r1	false	
Instruction	6268	S:0xC0010C7E	0x4633	1	MOV      r3,r6	false	
Instruction	6269	S:0xC0010C80	0xEE1D1F90	1	MRC      p15,#0x0,r1,c13,c0,#4	false	
Instruction	6270	S:0xC0010C84	0x6964	13	LDR      r4,[r4,#0x14]	false	
Instruction	6271	S:0xC0010C86	0x4602	0	MOV      r2,r0	false	
Instruction	6272	S:0xC0010C88	0x58CF	25	LDR      r7,[r1,r3]	false	
Instruction	6273	S:0xC0010C8A	0xF8419003	3	STR      r9,[r1,r3]	false	
Instruction	6274	S:0xC0010C8E	0xDC07	0	BGT      {pc}+0x12 ; 0xc0010ca0	true	fail
Instruction	6275	S:0xC0010C90	0xEB001104	14	ADD      r1,r0,r4,LSL #4	false	
Instruction	6276	S:0xC0010C94	0x4B43	1	LDR      r3,[pc,#268] ; [0xC0010DA4] = 0xC06498C0	false	
Instruction	6277	S:0xC0010C96	0xEB030381	2	ADD      r3,r3,r1,LSL #2	false	
Instruction	6278	S:0xC0010C9A	0x6859	16	LDR      r1,[r3,#4]	false	
Instruction	6279	S:0xC0010C9C	0x3101	2	ADDS     r1,#1	false	
Instruction	6280	S:0xC0010C9E	0x6059	1	STR      r1,[r3,#4]	false	
Instruction	6281	S:0xC0010CA0	0x2A07	0	CMP      r2,#7	false	
Instruction	6282	S:0xC0010CA2	0xD827	1	BHI      {pc}+0x52 ; 0xc0010cf4	true	fail
Instruction	6283	S:0xC0010CA4	0xE8DFF002	13	TBB      [pc,r2]	true	
Instruction	6284	S:0xC0010CEE	0xF02CF92F	10	BL       {pc}+0x2c262 ; 0xc003cf50	true	
Instruction	6285	S:0xC003CF50	0xE92D43F8	3	PUSH     {r3-r9,lr}	false	
Instruction	6286	S:0xC003CF54	0xAF00	4	ADD      r7,sp,#0	false	
Instruction	6287	S:0xC003CF56	0xB500	2	PUSH     {lr}	false	
Instruction	6288	S:0xC003CF58	0xF85DEB04	2	POP      {lr}	false	
Instruction	6289	S:0xC003CF5C	0x4E2C	36	LDR      r6,[pc,#176] ; [0xC003D010] = 0xC05F3080	false	
Instruction	6290	S:0xC003CF5E	0xEE1D2F90	4	MRC      p15,#0x0,r2,c13,c0,#4	false	
Instruction	6291	S:0xC003CF62	0x4633	1	MOV      r3,r6	false	
Instruction	6292	S:0xC003CF64	0x18D2	3	ADDS     r2,r2,r3	false	
Instruction	6293	S:0xC003CF66	0xF8D22594	50	LDR      r2,[r2,#0x594]	false	
Instruction	6294	S:0xC003CF6A	0xB1BA	2	CBZ      r2,{pc}+0x32 ; 0xc003cf9c	true	fail
Instruction	6295	S:0xC003CF6C	0x466A	8	MOV      r2,sp	false	
Instruction	6296	S:0xC003CF6E	0xF8DF80A4	1	LDR      r8,[pc,#164] ; [0xC003D014] = 0xC05FD5C0	false	
Instruction	6297	S:0xC003CF72	0xF42254FF	0	BIC      r4,r2,#0x1fe0	false	
Instruction	6298	S:0xC003CF76	0xF024041F	1	BIC      r4,r4,#0x1f	false	
Instruction	6299	S:0xC003CF7A	0xF7E4F8FF	0	BL       {pc}-0x1bdfe ; 0xc002117c	true	
Instruction	6300	S:0xC002117C	0xB538	20	PUSH     {r3-r5,lr}	false	
Instruction	6301	S:0xC002117E	0xB500	6	PUSH     {lr}	false	
Instruction	6302	S:0xC0021180	0xF85DEB04	10	POP      {lr}	false	
Instruction	6303	S:0xC0021184	0x466B	1	MOV      r3,sp	false	
Instruction	6304	S:0xC0021186	0xF42354FF	1	BIC      r4,r3,#0x1fe0	false	
Instruction	6305	S:0xC002118A	0xF024041F	1	BIC      r4,r4,#0x1f	false	
Instruction	6306	S:0xC002118E	0x6965	3	LDR      r5,[r4,#0x14]	false	
Instruction	6307	S:0xC0021190	0xF04EFFCE	0	BL       {pc}+0x4efa0 ; 0xc0070130	true	
Cycle Count				56	Tracing disabled		
Info					Tracing enabled		
Instruction	6308	S:0xC0021194	0x68E3	1	LDR      r3,[r4,#0xc]	false	
Instruction	6309	S:0xC0021196	0xF8D33240	23	LDR      r3,[r3,#0x240]	false	
Instruction	6310	S:0xC002119A	0xB92B	2	CBNZ     r3,{pc}+0xe ; 0xc00211a8	true	
Instruction	6311	S:0xC00211A8	0x6863	8	LDR      r3,[r4,#4]	false	
Instruction	6312	S:0xC00211AA	0xF5033380	2	ADD      r3,r3,#0x10000	false	
Instruction	6313	S:0xC00211AE	0x6063	1	STR      r3,[r4,#4]	false	
Instruction	6314	S:0xC00211B0	0xBD38	1	POP      {r3-r5,pc}	true	
Instruction	6315	S:0xC003CF7E	0x4635	2	MOV      r5,r6	false	
Instruction	6316	S:0xC003CF80	0xF7FFF870	1	BL       {pc}-0xf1c ; 0xc003c064	true	
Instruction	6317	S:0xC003C064	0xE92D41F0	14	PUSH     {r4-r8,lr}	false	
Instruction	6318	S:0xC003C068	0xAF00	3	ADD      r7,sp,#0	false	
Instruction	6319	S:0xC003C06A	0xB500	2	PUSH     {lr}	false	
Instruction	6320	S:0xC003C06C	0xF85DEB04	2	POP      {lr}	false	
Instruction	6321	S:0xC003C070	0x4E15	12	LDR      r6,[pc,#84] ; [0xC003C0C8] = 0xC05F3080	false	
Instruction	6322	S:0xC003C072	0xEE1D8F90	1	MRC      p15,#0x0,r8,c13,c0,#4	false	
Instruction	6323	S:0xC003C076	0xEB080506	4	ADD      r5,r8,r6	false	
Instruction	6324	S:0xC003C07A	0xF3BF8F5F	1	DMB      	false	
Instruction	6325	S:0xC003C07E	0x2300	1	MOVS     r3,#0	false	
Instruction	6326	S:0xC003C080	0xF2055294	0	ADD      r2,r5,#0x594	false	
Instruction	6327	S:0xC003C084	0xE8524F00	38	LDREX    r4,[r2]	false	
Instruction	6328	S:0xC003C088	0xE8423100	74	STREX    r1,r3,[r2]	false	
Instruction	6329	S:0xC003C08C	0xF0910F00	2	TEQ      r1,#0	false	
Instruction	6330	S:0xC003C090	0xD1F8	0	BNE      {pc}-0xc ; 0xc003c084	true	fail
Instruction	6331	S:0xC003C092	0xF3BF8F5F	8	DMB      	false	
Instruction	6332	S:0xC003C096	0x4628	1	MOV      r0,r5	false	
Instruction	6333	S:0xC003C098	0xF3A8FA8E	1	BL       {pc}+0x3a8520 ; 0xc03e45b8	true	
Cycle Count				69	Tracing disabled		
Info					Tracing enabled		
Instruction	6334	S:0xC003C09C	0xB13C	1	CBZ      r4,{pc}+0x12 ; 0xc003c0ae	true	fail
Instruction	6335	S:0xC003C09E	0xF1A40114	1	SUB      r1,r4,#0x14	false	
Instruction	6336	S:0xC003C0A2	0x6824	73	LDR      r4,[r4,#0]	false	
Instruction	6337	S:0xC003C0A4	0x4628	0	MOV      r0,r5	false	
Instruction	6338	S:0xC003C0A6	0xF7FFFFB7	1	BL       {pc}-0x8e ; 0xc003c018	true	
Instruction	6339	S:0xC003C018	0xB5B0	2	PUSH     {r4,r5,r7,lr}	false	
Instruction	6340	S:0xC003C01A	0xAF00	2	ADD      r7,sp,#0	false	
Instruction	6341	S:0xC003C01C	0xB500	2	PUSH     {lr}	false	
Instruction	6342	S:0xC003C01E	0xF85DEB04	2	POP      {lr}	false	
Instruction	6343	S:0xC003C022	0xF891323C	42	LDRB     r3,[r1,#0x23c]	false	
Instruction	6344	S:0xC003C026	0x460C	0	MOV      r4,r1	false	
Instruction	6345	S:0xC003C028	0x2205	1	MOVS     r2,#5	false	
Instruction	6346	S:0xC003C02A	0x0699	2	LSLS     r1,r3,#26	false	
Instruction	6347	S:0xC003C02C	0x4621	0	MOV      r1,r4	false	
Instruction	6348	S:0xC003C02E	0x4605	1	MOV      r5,r0	false	
Instruction	6349	S:0xC003C030	0xBF42	0	ITTT     MI	false	
Instruction	6350	S:0xC003C032	0xF8D0345C	1	LDR      r3,[r0,#0x45c]	false	fail
Instruction	6351	S:0xC003C036	0xF10333FF	2	ADD      r3,r3,#0xffffffff	false	fail
Instruction	6352	S:0xC003C03A	0xF8C0345C	1	STR      r3,[r0,#0x45c]	false	fail
Instruction	6353	S:0xC003C03E	0xF7FFFEE3	0	BL       {pc}-0x236 ; 0xc003be08	true	
Instruction	6354	S:0xC003BE08	0xB488	1	PUSH     {r3,r7}	false	
Instruction	6355	S:0xC003BE0A	0xAF00	1	ADD      r7,sp,#0	false	
Instruction	6356	S:0xC003BE0C	0xB500	2	PUSH     {lr}	false	
Instruction	6357	S:0xC003BE0E	0xF85DEB04	2	POP      {lr}	false	
Instruction	6358	S:0xC003BE12	0x680B	1	LDR      r3,[r1,#0]	false	
Instruction	6359	S:0xC003BE14	0x079B	3	LSLS     r3,r3,#30	false	
Instruction	6360	S:0xC003BE16	0xD508	0	BPL      {pc}+0x14 ; 0xc003be2a	true	
Instruction	6361	S:0xC003BE2A	0x46BD	8	MOV      sp,r7	false	
Instruction	6362	S:0xC003BE2C	0xBC88	3	POP      {r3,r7}	false	
Instruction	6363	S:0xC003BE2E	0xF7FFBD1B	1	B.W      {pc}-0x5c6 ; 0xc003b868	true	
Instruction	6364	S:0xC003B868	0xE92D43F8	2	PUSH     {r3-r9,lr}	false	
Instruction	6365	S:0xC003B86C	0xAF00	4	ADD      r7,sp,#0	false	
Instruction	6366	S:0xC003B86E	0xB500	2	PUSH     {lr}	false	
Instruction	6367	S:0xC003B870	0xF85DEB04	2	POP      {lr}	false	
Instruction	6368	S:0xC003B874	0x460E	0	MOV      r6,r1	false	
Instruction	6369	S:0xC003B876	0x4690	1	MOV      r8,r2	false	
Instruction	6370	S:0xC003B878	0x4681	0	MOV      r9,r0	false	
Instruction	6371	S:0xC003B87A	0xF7FFFF85	1	BL       {pc}-0xf2 ; 0xc003b788	true	
Instruction	6372	S:0xC003B788	0xE92D43C8	24	PUSH     {r3,r6-r9,lr}	false	
Instruction	6373	S:0xC003B78C	0xAF00	3	ADD      r7,sp,#0	false	
Instruction	6374	S:0xC003B78E	0xB500	2	PUSH     {lr}	false	
Instruction	6375	S:0xC003B790	0xF85DEB04	2	POP      {lr}	false	
Instruction	6376	S:0xC003B794	0x6AC3	1	LDR      r3,[r0,#0x2c]	false	
Instruction	6377	S:0xC003B796	0x4606	0	MOV      r6,r0	false	
Instruction	6378	S:0xC003B798	0x2B00	2	CMP      r3,#0	false	
Instruction	6379	S:0xC003B79A	0xDD01	0	BLE      {pc}+6 ; 0xc003b7a0	true	
Instruction	6380	S:0xC003B7A0	0xF8D004C0	11	LDR      r0,[r0,#0x4c0]	false	
Instruction	6381	S:0xC003B7A4	0xF003FD86	0	BL       {pc}+0x3b10 ; 0xc003f2b4	true	
Instruction	6382	S:0xC003F2B4	0x4B03	1	LDR      r3,[pc,#12] ; [0xC003F2C4] = 0xC05FC57C	false	
Instruction	6383	S:0xC003F2B6	0x6818	5	LDR      r0,[r3,#0]	false	
Instruction	6384	S:0xC003F2B8	0xB108	2	CBZ      r0,{pc}+6 ; 0xc003f2be	true	fail
Instruction	6385	S:0xC003F2BA	0xF7CFBD35	8	B        {pc}-0x30592 ; 0xc000ed28	true	
Instruction	6386	S:0xC000ED28	0xB508	16	PUSH     {r3,lr}	false	
Instruction	6387	S:0xC000ED2A	0xF24C43CC	1	MOV      r3,#0xc4cc	false	
Instruction	6388	S:0xC000ED2E	0xF2CC035F	1	MOVT     r3,#0xc05f	false	
Instruction	6389	S:0xC000ED32	0x689B	26	LDR      r3,[r3,#8]	false	
Instruction	6390	S:0xC000ED34	0x4798	1	BLX      r3	true	
Instruction	6391	S:0xC00113EC	0xF24A2340	21	MOV      r3,#0xa240	false	
Instruction	6392	S:0xC00113F0	0xF2CC0362	1	MOVT     r3,#0xc062	false	
Instruction	6393	S:0xC00113F4	0xB510	1	PUSH     {r4,lr}	false	
Instruction	6394	S:0xC00113F6	0x681B	6	LDR      r3,[r3,#0]	false	
Instruction	6395	S:0xC00113F8	0x4798	1	BLX      r3	true	
Timestamp					Timestamp: 562537011398		
Cycle Count				24	Tracing disabled		
Info					Tracing enabled		
Instruction	6396	S:0xC00113FA	0xF24C5320	1	MOV      r3,#0xc520	false	
Instruction	6397	S:0xC00113FE	0xF2CC035F	1	MOVT     r3,#0xc05f	false	
Instruction	6398	S:0xC0011402	0x681C	15	LDR      r4,[r3,#0]	false	
Instruction	6399	S:0xC0011404	0xFBA02304	3	UMULL    r2,r3,r0,r4	false	
Instruction	6400	S:0xC0011408	0x4610	2	MOV      r0,r2	false	
Instruction	6401	S:0xC001140A	0xFB043101	1	MLA      r1,r4,r1,r3	false	
Instruction	6402	S:0xC001140E	0xBD10	1	POP      {r4,pc}	true	
Instruction	6403	S:0xC000ED36	0xBD08	3	POP      {r3,pc}	true	
Instruction	6404	S:0xC003B7A8	0xF506638F	1	ADD      r3,r6,#0x478	false	
Instruction	6405	S:0xC003B7AC	0xF5066690	0	ADD      r6,r6,#0x480	false	
Timestamp					Timestamp: 562537011402		
Instruction	6406	S:0xC003B7B0	0xE9D38900	13	LDRD     r8,r9,[r3,#0]	false	
Instruction	6407	S:0xC003B7B4	0xE9C30100	1	STRD     r0,r1,[r3,#0]	false	
Instruction	6408	S:0xC003B7B8	0xE9D62300	42	LDRD     r2,r3,[r6,#0]	false	
Instruction	6409	S:0xC003B7BC	0xEBB20208	2	SUBS     r2,r2,r8	false	
Instruction	6410	S:0xC003B7C0	0xEB630309	1	SBC      r3,r3,r9	false	
Instruction	6411	S:0xC003B7C4	0x1812	1	ADDS     r2,r2,r0	false	
Instruction	6412	S:0xC003B7C6	0xEB430301	1	ADC      r3,r3,r1	false	
Instruction	6413	S:0xC003B7CA	0xE9C62300	1	STRD     r2,r3,[r6,#0]	false	
Instruction	6414	S:0xC003B7CE	0xE8BD83C8	1	POP      {r3,r6-r9,pc}	true	
Instruction	6415	S:0xC003B87E	0x4633	3	MOV      r3,r6	false	
Instruction	6416	S:0xC003B880	0xE9F3457A	15	LDRD     r4,r5,[r3,#0x1e8]!	false	
Instruction	6417	S:0xC003B884	0xEA540205	2	ORRS     r2,r4,r5	false	
Instruction	6418	S:0xC003B888	0xD10C	0	BNE      {pc}+0x1c ; 0xc003b8a4	true	fail
Instruction	6419	S:0xC003B88A	0x6872	8	LDR      r2,[r6,#4]	false	
Instruction	6420	S:0xC003B88C	0x4809	13	LDR      r0,[pc,#36] ; [0xC003B8B4] = 0xC05FD5C0	false	
Instruction	6421	S:0xC003B88E	0x490A	3	LDR      r1,[pc,#40] ; [0xC003B8B8] = 0xC05F3080	false	
Instruction	6422	S:0xC003B890	0x6952	44	LDR      r2,[r2,#0x14]	false	
Instruction	6423	S:0xC003B892	0xF8502022	5	LDR      r2,[r0,r2,LSL #2]	false	
Instruction	6424	S:0xC003B896	0x1889	2	ADDS     r1,r1,r2	false	
Instruction	6425	S:0xC003B898	0xF501618F	1	ADD      r1,r1,#0x478	false	
Instruction	6426	S:0xC003B89C	0xE9D14500	5	LDRD     r4,r5,[r1,#0]	false	
Instruction	6427	S:0xC003B8A0	0xE9C34500	3	STRD     r4,r5,[r3,#0]	false	
Instruction	6428	S:0xC003B8A4	0x6B33	1	LDR      r3,[r6,#0x30]	false	
Instruction	6429	S:0xC003B8A6	0x4648	0	MOV      r0,r9	false	
Instruction	6430	S:0xC003B8A8	0x4642	1	MOV      r2,r8	false	
Instruction	6431	S:0xC003B8AA	0x4631	0	MOV      r1,r6	false	
Instruction	6432	S:0xC003B8AC	0x685B	17	LDR      r3,[r3,#4]	false	
Instruction	6433	S:0xC003B8AE	0x4798	1	BLX      r3	true	
Instruction	6434	S:0xC0043DE4	0xE92D4FF0	21	PUSH     {r4-r11,lr}	false	
Instruction	6435	S:0xC0043DE8	0xB0A5	8	SUB      sp,sp,#0x94	false	
Instruction	6436	S:0xC0043DEA	0xB500	3	PUSH     {lr}	false	
Instruction	6437	S:0xC0043DEC	0xF85DEB04	2	POP      {lr}	false	
Instruction	6438	S:0xC0043DF0	0xF1110B38	0	ADDS     r11,r1,#0x38	false	
Instruction	6439	S:0xC0043DF4	0x9013	3	STR      r0,[sp,#0x4c]	false	
Instruction	6440	S:0xC0043DF6	0xF0008380	0	BEQ.W    {pc}+0x704 ; 0xc00444fa	true	fail
Instruction	6441	S:0xC0043DFA	0x6D4B	48	LDR      r3,[r1,#0x54]	false	
Instruction	6442	S:0xC0043DFC	0x2B00	2	CMP      r3,#0	false	
Instruction	6443	S:0xC0043DFE	0xF0408273	2	BNE.W    {pc}+0x4ea ; 0xc00442e8	true	fail
Instruction	6444	S:0xC0043E02	0x465F	8	MOV      r7,r11	false	
Instruction	6445	S:0xC0043E04	0x4615	0	MOV      r5,r2	false	
Instruction	6446	S:0xC0043E06	0xF0050305	1	AND      r3,r5,#5	false	
Instruction	6447	S:0xC0043E0A	0xF8D76124	13	LDR      r6,[r7,#0x124]	false	
Instruction	6448	S:0xC0043E0E	0x2B01	1	CMP      r3,#1	false	
Instruction	6449	S:0xC0043E10	0xD008	0	BEQ      {pc}+0x14 ; 0xc0043e24	true	fail
Instruction	6450	S:0xC0043E12	0xE9D7010C	1	LDRD     r0,r1,[r7,#0x30]	false	
Instruction	6451	S:0xC0043E16	0xE9D62306	11	LDRD     r2,r3,[r6,#0x18]	false	
Instruction	6452	S:0xC0043E1A	0x1880	2	ADDS     r0,r0,r2	false	
Instruction	6453	S:0xC0043E1C	0xEB410103	1	ADC      r1,r1,r3	false	
Instruction	6454	S:0xC0043E20	0xE9C7010C	1	STRD     r0,r1,[r7,#0x30]	false	
Instruction	6455	S:0xC0043E24	0x46B8	1	MOV      r8,r7	false	
Instruction	6456	S:0xC0043E26	0x4630	0	MOV      r0,r6	false	
Instruction	6457	S:0xC0043E28	0xF7FCF96E	1	BL       {pc}-0x3d20 ; 0xc0040108	true	
Instruction	6458	S:0xC0040108	0xE92D4FF0	5	PUSH     {r4-r11,lr}	false	
Instruction	6459	S:0xC004010C	0xB085	8	SUB      sp,sp,#0x14	false	
Instruction	6460	S:0xC004010E	0xB500	3	PUSH     {lr}	false	
Instruction	6461	S:0xC0040110	0xF85DEB04	2	POP      {lr}	false	
Instruction	6462	S:0xC0040114	0xF8D02084	11	LDR      r2,[r0,#0x84]	false	
Instruction	6463	S:0xC0040118	0xF8D0A030	2	LDR      r10,[r0,#0x30]	false	
Instruction	6464	S:0xC004011C	0x4683	0	MOV      r11,r0	false	
Instruction	6465	S:0xC004011E	0xF8D23480	2	LDR      r3,[r2,#0x480]	false	
Instruction	6466	S:0xC0040122	0xF8D2C484	1	LDR      r12,[r2,#0x484]	false	
Instruction	6467	S:0xC0040126	0xF1BA0F00	0	CMP      r10,#0	false	
Instruction	6468	S:0xC004012A	0xD041	1	BEQ      {pc}+0x86 ; 0xc00401b0	true	fail
Instruction	6469	S:0xC004012C	0xF8DA2020	13	LDR      r2,[r10,#0x20]	false	
Instruction	6470	S:0xC0040130	0x1A9A	2	SUBS     r2,r3,r2	false	
Instruction	6471	S:0xC0040132	0xD03D	0	BEQ      {pc}+0x7e ; 0xc00401b0	true	fail
Instruction	6472	S:0xC0040134	0xE9DA6728	1	LDRD     r6,r7,[r10,#0xa0]	false	
Instruction	6473	S:0xC0040138	0x2500	1	MOVS     r5,#0	false	
Instruction	6474	S:0xC004013A	0x4614	0	MOV      r4,r2	false	
Instruction	6475	S:0xC004013C	0x4629	1	MOV      r1,r5	false	
Instruction	6476	S:0xC004013E	0x42BD	1	CMP      r5,r7	false	
Instruction	6477	S:0xC0040140	0xBF08	0	IT       EQ	false	
Instruction	6478	S:0xC0040142	0x42B4	1	CMP      r4,r6	false	
Instruction	6479	S:0xC0040144	0x4610	0	MOV      r0,r2	false	
Instruction	6480	S:0xC0040146	0xBF3C	1	ITT      CC	false	
Instruction	6481	S:0xC0040148	0x4639	1	MOV      r1,r7	false	
Instruction	6482	S:0xC004014A	0x4630	0	MOV      r0,r6	false	
Instruction	6483	S:0xC004014C	0xE9DA670A	1	LDRD     r6,r7,[r10,#0x28]	false	
Instruction	6484	S:0xC0040150	0xF8CA10A4	1	STR      r1,[r10,#0xa4]	false	
Instruction	6485	S:0xC0040154	0x18B6	1	ADDS     r6,r6,r2	false	
Instruction	6486	S:0xC0040156	0xF8CA00A0	1	STR      r0,[r10,#0xa0]	false	
Instruction	6487	S:0xC004015A	0xEB470705	1	ADC      r7,r7,r5	false	
Instruction	6488	S:0xC004015E	0xE9CA670A	10	STRD     r6,r7,[r10,#0x28]	false	
Instruction	6489	S:0xC0040162	0xE9DB6704	1	LDRD     r6,r7,[r11,#0x10]	false	
Instruction	6490	S:0xC0040166	0x18B6	2	ADDS     r6,r6,r2	false	
Instruction	6491	S:0xC0040168	0xEB470705	1	ADC      r7,r7,r5	false	
Instruction	6492	S:0xC004016C	0xE9CB6704	1	STRD     r6,r7,[r11,#0x10]	false	
Instruction	6493	S:0xC0040170	0xF8DA1000	13	LDR      r1,[r10,#0]	false	
Instruction	6494	S:0xC0040174	0xF5B16F80	2	CMP      r1,#0x400	false	
Instruction	6495	S:0xC0040178	0xBF04	0	ITT      EQ	false	
Instruction	6496	S:0xC004017A	0x4690	1	MOV      r8,r2	false	
Instruction	6497	S:0xC004017C	0x46A9	0	MOV      r9,r5	false	
Instruction	6498	S:0xC004017E	0xD13D	1	BNE      {pc}+0x7e ; 0xc00401fc	true	fail
Instruction	6499	S:0xC0040180	0xE9DA670C	1	LDRD     r6,r7,[r10,#0x30]	false	
Instruction	6500	S:0xC0040184	0x4658	1	MOV      r0,r11	false	
Instruction	6501	S:0xC0040186	0xEB160608	1	ADDS     r6,r6,r8	false	
Instruction	6502	S:0xC004018A	0xEB470709	1	ADC      r7,r7,r9	false	
Instruction	6503	S:0xC004018E	0xE9CA670C	1	STRD     r6,r7,[r10,#0x30]	false	
Instruction	6504	S:0xC0040192	0x9303	1	STR      r3,[sp,#0xc]	false	
Instruction	6505	S:0xC0040194	0xF8CDC008	1	STR      r12,[sp,#8]	false	
Instruction	6506	S:0xC0040198	0xF7FFFB06	0	BL       {pc}-0x9f0 ; 0xc003f7a8	true	
Instruction	6507	S:0xC003F7A8	0xE92D03F0	1	PUSH     {r4-r9}	false	
Instruction	6508	S:0xC003F7AC	0xB500	6	PUSH     {lr}	false	
Instruction	6509	S:0xC003F7AE	0xF85DEB04	2	POP      {lr}	false	
Instruction	6510	S:0xC003F7B2	0x6B03	1	LDR      r3,[r0,#0x30]	false	
Instruction	6511	S:0xC003F7B4	0xE9D04506	2	LDRD     r4,r5,[r0,#0x18]	false	
Instruction	6512	S:0xC003F7B8	0x2B00	1	CMP      r3,#0	false	
Instruction	6513	S:0xC003F7BA	0xD029	0	BEQ      {pc}+0x56 ; 0xc003f810	true	fail
Instruction	6514	S:0xC003F7BC	0x6AC1	1	LDR      r1,[r0,#0x2c]	false	
Instruction	6515	S:0xC003F7BE	0xE9D3230C	1	LDRD     r2,r3,[r3,#0x30]	false	
Instruction	6516	S:0xC003F7C2	0xB171	1	CBZ      r1,{pc}+0x20 ; 0xc003f7e2	true	
Instruction	6517	S:0xC003F7E2	0x4616	8	MOV      r6,r2	false	
Instruction	6518	S:0xC003F7E4	0x461F	0	MOV      r7,r3	false	
Instruction	6519	S:0xC003F7E6	0x1B36	1	SUBS     r6,r6,r4	false	
Instruction	6520	S:0xC003F7E8	0xEB670705	1	SBC      r7,r7,r5	false	
Instruction	6521	S:0xC003F7EC	0x2E01	1	CMP      r6,#1	false	
Instruction	6522	S:0xC003F7EE	0xF1770100	1	SBCS     r1,r7,#0	false	
Instruction	6523	S:0xC003F7F2	0xDB0A	0	BLT      {pc}+0x18 ; 0xc003f80a	true	fail
Instruction	6524	S:0xC003F7F4	0xE9C02306	8	STRD     r2,r3,[r0,#0x18]	false	
Instruction	6525	S:0xC003F7F8	0xF3BF8F5F	1	DMB      	false	
Instruction	6526	S:0xC003F7FC	0xE9D02306	80	LDRD     r2,r3,[r0,#0x18]	false	
Instruction	6527	S:0xC003F800	0xE9C02308	3	STRD     r2,r3,[r0,#0x20]	false	
Instruction	6528	S:0xC003F804	0xE8BD03F0	1	POP      {r4-r9}	false	
Instruction	6529	S:0xC003F808	0x4770	3	BX       lr	true	
Instruction	6530	S:0xC004019C	0x9B03	2	LDR      r3,[sp,#0xc]	false	
Instruction	6531	S:0xC004019E	0xF8DA2128	11	LDR      r2,[r10,#0x128]	false	
Instruction	6532	S:0xC00401A2	0xF8CA3020	1	STR      r3,[r10,#0x20]	false	
Instruction	6533	S:0xC00401A6	0xF8DDC008	1	LDR      r12,[sp,#8]	false	
Instruction	6534	S:0xC00401AA	0xF8CAC024	1	STR      r12,[r10,#0x24]	false	
Instruction	6535	S:0xC00401AE	0xB112	1	CBZ      r2,{pc}+8 ; 0xc00401b6	true	
Instruction	6536	S:0xC00401B6	0x4B24	22	LDR      r3,[pc,#144] ; [0xC0040248] = 0xC0636008	false	
Instruction	6537	S:0xC00401B8	0xE9DA670C	3	LDRD     r6,r7,[r10,#0x30]	false	
Instruction	6538	S:0xC00401BC	0x685A	13	LDR      r2,[r3,#4]	false	
Instruction	6539	S:0xC00401BE	0x2A00	2	CMP      r2,#0	false	
Instruction	6540	S:0xC00401C0	0xD12C	0	BNE      {pc}+0x5c ; 0xc004021c	true	fail
Instruction	6541	S:0xC00401C2	0xF8DA639C	1	LDR      r6,[r10,#0x39c]	false	
Instruction	6542	S:0xC00401C6	0xF8D630D8	23	LDR      r3,[r6,#0xd8]	false	
Instruction	6543	S:0xC00401CA	0x2B00	2	CMP      r3,#0	false	
Instruction	6544	S:0xC00401CC	0xD0F0	0	BEQ      {pc}-0x1c ; 0xc00401b0	true	
Instruction	6545	S:0xC00401B0	0xB005	8	ADD      sp,sp,#0x14	false	
Instruction	6546	S:0xC00401B2	0xE8BD8FF0	3	POP      {r4-r11,pc}	true	
Instruction	6547	S:0xC0043E2C	0xF0050501	5	AND      r5,r5,#1	false	
Instruction	6548	S:0xC0043E30	0xE9F80150	3	LDRD     r0,r1,[r8,#0x140]!	false	
Instruction	6549	S:0xC0043E34	0xE9CD010A	3	STRD     r0,r1,[sp,#0x28]	false	
Instruction	6550	S:0xC0043E38	0x2801	1	CMP      r0,#1	false	
Instruction	6551	S:0xC0043E3A	0xF1710100	1	SBCS     r1,r1,#0	false	
Instruction	6552	S:0xC0043E3E	0xF2C0857A	0	BLT.W    {pc}+0xaf8 ; 0xc0044936	true	fail
Instruction	6553	S:0xC0043E42	0xF8D73124	11	LDR      r3,[r7,#0x124]	false	
Instruction	6554	S:0xC0043E46	0xF1030458	2	ADD      r4,r3,#0x58	false	
Instruction	6555	S:0xC0043E4A	0xE8D4017F	16	LDREXD   r0,r1,[r4]	false	
Instruction	6556	S:0xC0043E4E	0x4602	2	MOV      r2,r0	false	
Instruction	6557	S:0xC0043E50	0x460B	1	MOV      r3,r1	false	
Instruction	6558	S:0xC0043E52	0xE9DD010A	1	LDRD     r0,r1,[sp,#0x28]	false	
Instruction	6559	S:0xC0043E56	0x1A12	2	SUBS     r2,r2,r0	false	
Instruction	6560	S:0xC0043E58	0xEB630301	1	SBC      r3,r3,r1	false	
Instruction	6561	S:0xC0043E5C	0xEA520103	1	ORRS     r1,r2,r3	false	
Instruction	6562	S:0xC0043E60	0xF04083D8	0	BNE.W    {pc}+0x7b4 ; 0xc0044614	true	
Instruction	6563	S:0xC0044614	0xF44F60FC	15	MOV      r0,#0x7e0	false	
Instruction	6564	S:0xC0044618	0x2100	1	MOVS     r1,#0	false	
Instruction	6565	S:0xC004461A	0x4299	1	CMP      r1,r3	false	
Instruction	6566	S:0xC004461C	0xBF08	1	IT       EQ	false	
Instruction	6567	S:0xC004461E	0x4290	1	CMP      r0,r2	false	
Instruction	6568	S:0xC0044620	0xF8D74148	57	LDR      r4,[r7,#0x148]	false	
Instruction	6569	S:0xC0044624	0xF0C0830A	0	BCC.W    {pc}+0x618 ; 0xc0044c3c	true	fail
Instruction	6570	S:0xC0044628	0x2A1F	1	CMP      r2,#0x1f	false	
Instruction	6571	S:0xC004462A	0x4611	0	MOV      r1,r2	false	
Instruction	6572	S:0xC004462C	0xBF82	1	ITTT     HI	false	
Instruction	6573	S:0xC004462E	0x0953	1	LSRS     r3,r2,#5	false	fail
Instruction	6574	S:0xC0044630	0xF002011F	0	AND      r1,r2,#0x1f	false	fail
Instruction	6575	S:0xC0044634	0x40DC	2	LSRS     r4,r4,r3	false	fail
Instruction	6576	S:0xC0044636	0x4BA2	13	LDR      r3,[pc,#648] ; [0xC00448C0] = 0xC03E83C8	false	
Instruction	6577	S:0xC0044638	0xF8532021	14	LDR      r2,[r3,r1,LSL #2]	false	
Instruction	6578	S:0xC004463C	0xFBA22304	3	UMULL    r2,r3,r2,r4	false	
Instruction	6579	S:0xC0044640	0x4619	2	MOV      r1,r3	false	
Instruction	6580	S:0xC0044642	0xF8C71148	1	STR      r1,[r7,#0x148]	false	
Instruction	6581	S:0xC0044646	0x2200	0	MOVS     r2,#0	false	
Instruction	6582	S:0xC0044648	0x2300	1	MOVS     r3,#0	false	
Instruction	6583	S:0xC004464A	0xE9C82300	1	STRD     r2,r3,[r8,#0]	false	
Instruction	6584	S:0xC004464E	0x2D00	1	CMP      r5,#0	false	
Instruction	6585	S:0xC0044650	0xF47FAC0D	0	BNE      {pc}-0x7e2 ; 0xc0043e6e	true	
Instruction	6586	S:0xC0043E6E	0x460A	8	MOV      r2,r1	false	
Instruction	6587	S:0xC0043E70	0xE9D60114	1	LDRD     r0,r1,[r6,#0x50]	false	
Instruction	6588	S:0xC0043E74	0x17D3	1	ASRS     r3,r2,#31	false	
Instruction	6589	S:0xC0043E76	0x428B	1	CMP      r3,r1	false	
Instruction	6590	S:0xC0043E78	0xBF08	0	IT       EQ	false	
Instruction	6591	S:0xC0043E7A	0x4282	1	CMP      r2,r0	false	
Instruction	6592	S:0xC0043E7C	0xF08086D8	0	BCS.W    {pc}+0xdb4 ; 0xc0044c30	true	
Instruction	6593	S:0xC0044C30	0x2200	33	MOVS     r2,#0	false	
Instruction	6594	S:0xC0044C32	0x2300	0	MOVS     r3,#0	false	
Instruction	6595	S:0xC0044C34	0xE9C62314	1	STRD     r2,r3,[r6,#0x50]	false	
Instruction	6596	S:0xC0044C38	0xF7FFB927	1	B        {pc}-0xdae ; 0xc0043e8a	true	
Instruction	6597	S:0xC0043E8A	0xF8D73124	19	LDR      r3,[r7,#0x124]	false	
Instruction	6598	S:0xC0043E8E	0xF8D72128	1	LDR      r2,[r7,#0x128]	false	
Instruction	6599	S:0xC0043E92	0xF8D31084	2	LDR      r1,[r3,#0x84]	false	
Instruction	6600	S:0xC0043E96	0xF8D144C0	3	LDR      r4,[r1,#0x4c0]	false	
Instruction	6601	S:0xC0043E9A	0x940A	1	STR      r4,[sp,#0x28]	false	
Instruction	6602	S:0xC0043E9C	0x2A00	0	CMP      r2,#0	false	
Instruction	6603	S:0xC0043E9E	0xF0008452	15	BEQ.W    {pc}+0x8a8 ; 0xc0044746	true	
Instruction	6604	S:0xC0044746	0xF5016190	40	ADD      r1,r1,#0x480	false	
Instruction	6605	S:0xC004474A	0xE9D18900	3	LDRD     r8,r9,[r1,#0]	false	
Instruction	6606	S:0xC004474E	0xF7FFBBAE	1	B        {pc}-0x8a0 ; 0xc0043eae	true	
Instruction	6607	S:0xC0043EAE	0xF64B7540	1	MOV      r5,#0xbf40	false	
Instruction	6608	S:0xC0043EB2	0x46BE	0	MOV      lr,r7	false	
Instruction	6609	S:0xC0043EB4	0xF2CC0564	1	MOVT     r5,#0xc064	false	
Instruction	6610	S:0xC0043EB8	0x69F8	1	LDR      r0,[r7,#0x1c]	false	
Instruction	6611	S:0xC0043EBA	0x6B1B	1	LDR      r3,[r3,#0x30]	false	
Instruction	6612	S:0xC0043EBC	0x686A	3	LDR      r2,[r5,#4]	false	
Instruction	6613	S:0xC0043EBE	0xE9FE454E	3	LDRD     r4,r5,[lr,#0x138]!	false	
Instruction	6614	S:0xC0043EC2	0x9010	1	STR      r0,[sp,#0x40]	false	
Instruction	6615	S:0xC0043EC4	0xEBB80404	1	SUBS     r4,r8,r4	false	
Instruction	6616	S:0xC0043EC8	0xEB690505	1	SBC      r5,r9,r5	false	
Instruction	6617	S:0xC0043ECC	0xEA4F7CE2	1	ASR      r12,r2,#31	false	
Instruction	6618	S:0xC0043ED0	0x930C	1	STR      r3,[sp,#0x30]	false	
Instruction	6619	S:0xC0043ED2	0xFBA50102	1	UMULL    r0,r1,r5,r2	false	
Instruction	6620	S:0xC0043ED6	0xFBA42302	1	UMULL    r2,r3,r4,r2	false	
Instruction	6621	S:0xC0043EDA	0xFB05110C	1	MLA      r1,r5,r12,r1	false	
Instruction	6622	S:0xC0043EDE	0xFB04330C	6	MLA      r3,r4,r12,r3	false	
Instruction	6623	S:0xC0043EE2	0xEA4F4C00	1	LSL      r12,r0,#16	false	
Instruction	6624	S:0xC0043EE6	0xF8CDC018	1	STR      r12,[sp,#0x18]	false	
Instruction	6625	S:0xC0043EEA	0x040C	1	LSLS     r4,r1,#16	false	
Instruction	6626	S:0xC0043EEC	0xEA444510	1	ORR      r5,r4,r0,LSR #16	false	
Instruction	6627	S:0xC0043EF0	0x0C10	1	LSRS     r0,r2,#16	false	
Instruction	6628	S:0xC0043EF2	0x9507	1	STR      r5,[sp,#0x1c]	false	
Instruction	6629	S:0xC0043EF4	0x0C1C	1	LSRS     r4,r3,#16	false	
Instruction	6630	S:0xC0043EF6	0xEA404103	1	ORR      r1,r0,r3,LSL #16	false	
Instruction	6631	S:0xC0043EFA	0x9409	1	STR      r4,[sp,#0x24]	false	
Instruction	6632	S:0xC0043EFC	0x9108	1	STR      r1,[sp,#0x20]	false	
Instruction	6633	S:0xC0043EFE	0xE9DD4508	11	LDRD     r4,r5,[sp,#0x20]	false	
Instruction	6634	S:0xC0043F02	0xE9DD2306	1	LDRD     r2,r3,[sp,#0x18]	false	
Instruction	6635	S:0xC0043F06	0x1912	2	ADDS     r2,r2,r4	false	
Instruction	6636	S:0xC0043F08	0xEB430305	1	ADC      r3,r3,r5	false	
Instruction	6637	S:0xC0043F0C	0x2A00	0	CMP      r2,#0	false	
Instruction	6638	S:0xC0043F0E	0xF1730500	1	SBCS     r5,r3,#0	false	
Instruction	6639	S:0xC0043F12	0xF2C083DD	0	BLT.W    {pc}+0x7be ; 0xc00446d0	true	fail
Instruction	6640	S:0xC0043F16	0xEA4F2C92	1	LSR      r12,r2,#10	false	
Instruction	6641	S:0xC0043F1A	0x0A99	1	LSRS     r1,r3,#10	false	
Instruction	6642	S:0xC0043F1C	0xEA4C5083	1	ORR      r0,r12,r3,LSL #22	false	
Instruction	6643	S:0xC0043F20	0x9105	13	STR      r1,[sp,#0x14]	false	
Instruction	6644	S:0xC0043F22	0x9004	1	STR      r0,[sp,#0x10]	false	
Instruction	6645	S:0xC0043F24	0xE9DD4504	2	LDRD     r4,r5,[sp,#0x10]	false	
Instruction	6646	S:0xC0043F28	0x4325	2	ORRS     r5,r5,r4	false	
Instruction	6647	S:0xC0043F2A	0xF00080CE	0	BEQ.W    {pc}+0x1a0 ; 0xc00440ca	true	fail
Instruction	6648	S:0xC0043F2E	0xF64B7C40	45	MOV      r12,#0xbf40	false	
Instruction	6649	S:0xC0043F32	0xE9CE8900	1	STRD     r8,r9,[lr,#0]	false	
Instruction	6650	S:0xC0043F36	0xF2CC0C64	1	MOVT     r12,#0xc064	false	
Instruction	6651	S:0xC0043F3A	0xF8DC3000	3	LDR      r3,[r12,#0]	false	
Instruction	6652	S:0xC0043F3E	0x2B00	2	CMP      r3,#0	false	
Instruction	6653	S:0xC0043F40	0xF00083D9	11	BEQ.W    {pc}+0x7b6 ; 0xc00446f6	true	fail
Instruction	6654	S:0xC0043F44	0x980A	1	LDR      r0,[sp,#0x28]	false	
Instruction	6655	S:0xC0043F46	0x4661	1	MOV      r1,r12	false	
Instruction	6656	S:0xC0043F48	0x2300	0	MOVS     r3,#0	false	
Instruction	6657	S:0xC0043F4A	0x930B	1	STR      r3,[sp,#0x2c]	false	
Instruction	6658	S:0xC0043F4C	0xEB0C1C00	1	ADD      r12,r12,r0,LSL #4	false	
Instruction	6659	S:0xC0043F50	0xF8DC5098	14	LDR      r5,[r12,#0x98]	false	
Instruction	6660	S:0xC0043F54	0x950A	1	STR      r5,[sp,#0x28]	false	
Instruction	6661	S:0xC0043F56	0x980C	1	LDR      r0,[sp,#0x30]	false	
Instruction	6662	S:0xC0043F58	0xF8D74134	1	LDR      r4,[r7,#0x134]	false	
Instruction	6663	S:0xC0043F5C	0x1A38	1	SUBS     r0,r7,r0	false	
Instruction	6664	S:0xC0043F5E	0xE9DD2304	1	LDRD     r2,r3,[sp,#0x10]	false	
Instruction	6665	S:0xC0043F62	0xF1D00900	1	RSBS     r9,r0,#0	false	
Instruction	6666	S:0xC0043F66	0xEB590900	1	ADCS     r9,r9,r0	false	
Instruction	6667	S:0xC0043F6A	0x05A0	1	LSLS     r0,r4,#22	false	
Instruction	6668	S:0xC0043F6C	0x0D80	2	LSRS     r0,r0,#22	false	
Instruction	6669	S:0xC0043F6E	0x1812	1	ADDS     r2,r2,r0	false	
Instruction	6670	S:0xC0043F70	0xF1430300	1	ADC      r3,r3,#0	false	
Instruction	6671	S:0xC0043F74	0x2B00	1	CMP      r3,#0	false	
Instruction	6672	S:0xC0043F76	0xBF08	0	IT       EQ	false	
Instruction	6673	S:0xC0043F78	0xF5B26F80	1	CMP      r2,#0x400	false	
Instruction	6674	S:0xC0043F7C	0xBF38	0	IT       CC	false	
Instruction	6675	S:0xC0043F7E	0x2100	1	MOVS     r1,#0	false	fail
Instruction	6676	S:0xC0043F80	0xD37B	9	BCC      {pc}+0xfa ; 0xc004407a	true	fail
Instruction	6677	S:0xC0043F82	0xF5C06080	1	RSB      r0,r0,#0x400	false	
Instruction	6678	S:0xC0043F86	0x9B10	1	LDR      r3,[sp,#0x40]	false	
Instruction	6679	S:0xC0043F88	0xF8D71130	1	LDR      r1,[r7,#0x130]	false	
Instruction	6680	S:0xC0043F8C	0xFB00F205	1	MUL      r2,r0,r5	false	
Instruction	6681	S:0xC0043F90	0x0A92	3	LSRS     r2,r2,#10	false	
Instruction	6682	S:0xC0043F92	0x2B00	0	CMP      r3,#0	false	
Instruction	6683	S:0xC0043F94	0xF00083DD	1	BEQ.W    {pc}+0x7be ; 0xc0044752	true	
Instruction	6684	S:0xC0044752	0x9122	15	STR      r1,[sp,#0x88]	false	
Instruction	6685	S:0xC0044754	0xE424	0	B        {pc}-0x7b4 ; 0xc0043fa0	true	
Instruction	6686	S:0xC0043FA0	0xF1B90F00	3	CMP      r9,#0	false	
Instruction	6687	S:0xC0043FA4	0xD004	0	BEQ      {pc}+0xc ; 0xc0043fb0	true	
Instruction	6688	S:0xC0043FB0	0xE9DD2304	21	LDRD     r2,r3,[sp,#0x10]	false	
Instruction	6689	S:0xC0043FB4	0x1904	1	ADDS     r4,r0,r4	false	
Instruction	6690	S:0xC0043FB6	0x9423	1	STR      r4,[sp,#0x8c]	false	
Instruction	6691	S:0xC0043FB8	0x1A12	1	SUBS     r2,r2,r0	false	
Instruction	6692	S:0xC0043FBA	0xEB6373E0	1	SBC      r3,r3,r0,ASR #31	false	
Instruction	6693	S:0xC0043FBE	0xE9CD2300	1	STRD     r2,r3,[sp,#0]	false	
Instruction	6694	S:0xC0043FC2	0x9B00	2	LDR      r3,[sp,#0]	false	
Instruction	6695	S:0xC0043FC4	0xF24032FF	0	MOV      r2,#0x3ff	false	
Instruction	6696	S:0xC0043FC8	0xF8DDC004	1	LDR      r12,[sp,#4]	false	
Instruction	6697	S:0xC0043FCC	0xE9DD0100	2	LDRD     r0,r1,[sp,#0]	false	
Instruction	6698	S:0xC0043FD0	0x0A9B	1	LSRS     r3,r3,#10	false	
Instruction	6699	S:0xC0043FD2	0xF8C74134	1	STR      r4,[r7,#0x134]	false	
Instruction	6700	S:0xC0043FD6	0xEA43548C	1	ORR      r4,r3,r12,LSL #22	false	
Instruction	6701	S:0xC0043FDA	0x2300	0	MOVS     r3,#0	false	
Instruction	6702	S:0xC0043FDC	0x4019	1	ANDS     r1,r1,r3	false	
Instruction	6703	S:0xC0043FDE	0x9414	1	STR      r4,[sp,#0x50]	false	
Instruction	6704	S:0xC0043FE0	0xEA4F239C	5	LSR      r3,r12,#10	false	
Instruction	6705	S:0xC0043FE4	0x9315	1	STR      r3,[sp,#0x54]	false	
Instruction	6706	S:0xC0043FE6	0x4010	1	ANDS     r0,r0,r2	false	
Instruction	6707	S:0xC0043FE8	0xE9CD0104	1	STRD     r0,r1,[sp,#0x10]	false	
Instruction	6708	S:0xC0043FEC	0xE9DD0114	1	LDRD     r0,r1,[sp,#0x50]	false	
Instruction	6709	S:0xC0043FF0	0x2201	1	MOVS     r2,#1	false	
Instruction	6710	S:0xC0043FF2	0x2300	0	MOVS     r3,#0	false	
Instruction	6711	S:0xC0043FF4	0x1880	1	ADDS     r0,r0,r2	false	
Instruction	6712	S:0xC0043FF6	0xF44F62FC	0	MOV      r2,#0x7e0	false	
Instruction	6713	S:0xC0043FFA	0xEB410103	1	ADC      r1,r1,r3	false	
Instruction	6714	S:0xC0043FFE	0x2300	0	MOVS     r3,#0	false	
Instruction	6715	S:0xC0044000	0x428B	13	CMP      r3,r1	false	
Instruction	6716	S:0xC0044002	0xBF08	0	IT       EQ	false	
Instruction	6717	S:0xC0044004	0x4282	1	CMP      r2,r0	false	
Instruction	6718	S:0xC0044006	0xE9CD010C	1	STRD     r0,r1,[sp,#0x30]	false	
Instruction	6719	S:0xC004400A	0xF0C086BF	1	BCC.W    {pc}+0xd82 ; 0xc0044d8c	true	fail
Instruction	6720	S:0xC004400E	0x9B0C	1	LDR      r3,[sp,#0x30]	false	
Instruction	6721	S:0xC0044010	0x4680	0	MOV      r8,r0	false	
Instruction	6722	S:0xC0044012	0xF8DFC8AC	1	LDR      r12,[pc,#2220] ; [0xC00448C0]	false	
Instruction	6723	S:0xC0044016	0x2B1F	1	CMP      r3,#0x1f	false	
Instruction	6724	S:0xC0044018	0xF20086C1	0	BHI.W    {pc}+0xd86 ; 0xc0044d9e	true	fail
Instruction	6725	S:0xC004401C	0xF85C0020	15	LDR      r0,[r12,r0,LSL #2]	false	
Instruction	6726	S:0xC0044020	0x9922	1	LDR      r1,[sp,#0x88]	false	
Instruction	6727	S:0xC0044022	0x9C23	1	LDR      r4,[sp,#0x8c]	false	
Instruction	6728	S:0xC0044024	0xF8D7E160	1	LDR      lr,[r7,#0x160]	false	
Instruction	6729	S:0xC0044028	0xFBA02301	1	UMULL    r2,r3,r0,r1	false	
Instruction	6730	S:0xC004402C	0xFBA00104	1	UMULL    r0,r1,r0,r4	false	
Instruction	6731	S:0xC0044030	0x461C	1	MOV      r4,r3	false	
Instruction	6732	S:0xC0044032	0xF8C73130	1	STR      r3,[r7,#0x130]	false	
Instruction	6733	S:0xC0044036	0xF8C71134	1	STR      r1,[r7,#0x134]	false	
Instruction	6734	S:0xC004403A	0xF85C2028	1	LDR      r2,[r12,r8,LSL #2]	false	
Instruction	6735	S:0xC004403E	0xFBA2230E	13	UMULL    r2,r3,r2,lr	false	
Instruction	6736	S:0xC0044042	0xF8C73160	1	STR      r3,[r7,#0x160]	false	
Instruction	6737	S:0xC0044046	0xE9DD0114	1	LDRD     r0,r1,[sp,#0x50]	false	
Instruction	6738	S:0xC004404A	0xF7FDFB41	1	BL       {pc}-0x297a ; 0xc00416d0	true	
Instruction	6739	S:0xC00416D0	0xE92D03F0	17	PUSH     {r4-r9}	false	
Instruction	6740	S:0xC00416D4	0xB500	5	PUSH     {lr}	false	
Instruction	6741	S:0xC00416D6	0xF85DEB04	2	POP      {lr}	false	
Instruction	6742	S:0xC00416DA	0x2620	0	MOVS     r6,#0x20	false	
Instruction	6743	S:0xC00416DC	0x2700	1	MOVS     r7,#0	false	
Instruction	6744	S:0xC00416DE	0x428F	1	CMP      r7,r1	false	
Instruction	6745	S:0xC00416E0	0xBF08	0	IT       EQ	false	
Instruction	6746	S:0xC00416E2	0x4286	1	CMP      r6,r0	false	
Instruction	6747	S:0xC00416E4	0xD307	0	BCC      {pc}+0x12 ; 0xc00416f6	true	fail
Instruction	6748	S:0xC00416E6	0x4B31	3	LDR      r3,[pc,#196] ; [0xC00417AC]	false	
Instruction	6749	S:0xC00416E8	0xEB030080	2	ADD      r0,r3,r0,LSL #2	false	
Instruction	6750	S:0xC00416EC	0xF8D000FC	14	LDR      r0,[r0,#0xfc]	false	
Instruction	6751	S:0xC00416F0	0xE8BD03F0	1	POP      {r4-r9}	false	
Instruction	6752	S:0xC00416F4	0x4770	3	BX       lr	true	
Instruction	6753	S:0xC004404E	0xFB05F300	1	MUL      r3,r5,r0	false	
Instruction	6754	S:0xC0044052	0x9D10	1	LDR      r5,[sp,#0x40]	false	
Instruction	6755	S:0xC0044054	0x0A9B	2	LSRS     r3,r3,#10	false	
Instruction	6756	S:0xC0044056	0xB115	1	CBZ      r5,{pc}+8 ; 0xc004405e	true	
Instruction	6757	S:0xC004405E	0xF1B90F00	18	CMP      r9,#0	false	
Instruction	6758	S:0xC0044062	0xD004	0	BEQ      {pc}+0xc ; 0xc004406e	true	
Instruction	6759	S:0xC004406E	0xF8D74134	4	LDR      r4,[r7,#0x134]	false	
Instruction	6760	S:0xC0044072	0x2101	0	MOVS     r1,#1	false	
Instruction	6761	S:0xC0044074	0x1824	2	ADDS     r4,r4,r0	false	
Instruction	6762	S:0xC0044076	0xF8C74134	1	STR      r4,[r7,#0x134]	false	
Instruction	6763	S:0xC004407A	0xF8DDC010	1	LDR      r12,[sp,#0x10]	false	
Instruction	6764	S:0xC004407E	0xF8DDE02C	1	LDR      lr,[sp,#0x2c]	false	
Instruction	6765	S:0xC0044082	0x9A05	1	LDR      r2,[sp,#0x14]	false	
Instruction	6766	S:0xC0044084	0x4665	1	MOV      r5,r12	false	
Instruction	6767	S:0xC0044086	0x9B0A	1	LDR      r3,[sp,#0x28]	false	
Instruction	6768	S:0xC0044088	0xFB0CF00E	1	MUL      r0,r12,lr	false	
Instruction	6769	S:0xC004408C	0xFB030002	2	MLA      r0,r3,r2,r0	false	
Instruction	6770	S:0xC0044090	0xFBA52303	1	UMULL    r2,r3,r5,r3	false	
Instruction	6771	S:0xC0044094	0x18C3	2	ADDS     r3,r0,r3	false	
Instruction	6772	S:0xC0044096	0x0A92	1	LSRS     r2,r2,#10	false	
Instruction	6773	S:0xC0044098	0xEA425283	1	ORR      r2,r2,r3,LSL #22	false	
Instruction	6774	S:0xC004409C	0x9B10	1	LDR      r3,[sp,#0x40]	false	
Instruction	6775	S:0xC004409E	0xB123	2	CBZ      r3,{pc}+0xc ; 0xc00440aa	true	
Instruction	6776	S:0xC00440AA	0xF1B90F00	6	CMP      r9,#0	false	
Instruction	6777	S:0xC00440AE	0xD004	0	BEQ      {pc}+0xc ; 0xc00440ba	true	
Instruction	6778	S:0xC00440BA	0x9D04	3	LDR      r5,[sp,#0x10]	false	
Instruction	6779	S:0xC00440BC	0x1964	2	ADDS     r4,r4,r5	false	
Instruction	6780	S:0xC00440BE	0xF8C74134	1	STR      r4,[r7,#0x134]	false	
Instruction	6781	S:0xC00440C2	0xB111	1	CBZ      r1,{pc}+8 ; 0xc00440ca	true	fail
Instruction	6782	S:0xC00440C4	0x4638	1	MOV      r0,r7	false	
Instruction	6783	S:0xC00440C6	0xF7FCF901	0	BL       {pc}-0x3dfa ; 0xc00402cc	true	
Instruction	6784	S:0xC00402CC	0xE92D4FF8	16	PUSH     {r3-r11,lr}	false	
Instruction	6785	S:0xC00402D0	0xB500	7	PUSH     {lr}	false	
Instruction	6786	S:0xC00402D2	0xF85DEB04	2	POP      {lr}	false	
Instruction	6787	S:0xC00402D6	0x4606	0	MOV      r6,r0	false	
Instruction	6788	S:0xC00402D8	0xF8D05128	1	LDR      r5,[r0,#0x128]	false	
Instruction	6789	S:0xC00402DC	0xF8D0A148	2	LDR      r10,[r0,#0x148]	false	
Instruction	6790	S:0xC00402E0	0x2D00	6	CMP      r5,#0	false	
Instruction	6791	S:0xC00402E2	0xD067	0	BEQ      {pc}+0xd2 ; 0xc00403b4	true	
Instruction	6792	S:0xC00403B4	0xF8D04134	8	LDR      r4,[r0,#0x134]	false	
Instruction	6793	S:0xC00403B8	0xF1A00538	1	SUB      r5,r0,#0x38	false	
Instruction	6794	S:0xC00403BC	0xF8D08130	1	LDR      r8,[r0,#0x130]	false	
Instruction	6795	S:0xC00403C0	0x6800	15	LDR      r0,[r0,#0]	false	
Instruction	6796	S:0xC00403C2	0x3401	0	ADDS     r4,#1	false	
Instruction	6797	S:0xC00403C4	0x4621	1	MOV      r1,r4	false	
Instruction	6798	S:0xC00403C6	0xFB00F008	2	MUL      r0,r0,r8	false	
Instruction	6799	S:0xC00403CA	0xF211F883	1	BL       {pc}+0x21110a ; 0xc02514d4	true	
Cycle Count				72	Tracing disabled		
Info					Tracing enabled		
Instruction	6800	S:0xC00403CE	0x4B27	1	LDR      r3,[pc,#156] ; [0xC004046C] = 0xC0635FF4	false	
Instruction	6801	S:0xC00403D0	0x685A	15	LDR      r2,[r3,#4]	false	
Instruction	6802	S:0xC00403D2	0x4607	0	MOV      r7,r0	false	
Instruction	6803	S:0xC00403D4	0xF8C60148	3	STR      r0,[r6,#0x148]	false	
Instruction	6804	S:0xC00403D8	0xB98A	1	CBNZ     r2,{pc}+0x26 ; 0xc00403fe	true	fail
Instruction	6805	S:0xC00403DA	0xEA4F2088	1	LSL      r0,r8,#10	false	
Instruction	6806	S:0xC00403DE	0x4621	0	MOV      r1,r4	false	
Instruction	6807	S:0xC00403E0	0xF211F878	1	BL       {pc}+0x2110f4 ; 0xc02514d4	true	
Cycle Count				43	Tracing disabled		
Info					Tracing enabled		
Instruction	6808	S:0xC00403E4	0x4607	1	MOV      r7,r0	false	
Instruction	6809	S:0xC00403E6	0xF8C6014C	1	STR      r0,[r6,#0x14c]	false	
Instruction	6810	S:0xC00403EA	0x4B21	1	LDR      r3,[pc,#132] ; [0xC0040470] = 0xC0635FE0	false	
Instruction	6811	S:0xC00403EC	0x685A	3	LDR      r2,[r3,#4]	false	
Instruction	6812	S:0xC00403EE	0x2A00	2	CMP      r2,#0	false	
Instruction	6813	S:0xC00403F0	0xD12E	0	BNE      {pc}+0x60 ; 0xc0040450	true	fail
Instruction	6814	S:0xC00403F2	0xF8D60148	1	LDR      r0,[r6,#0x148]	false	
Instruction	6815	S:0xC00403F6	0xEBCA0000	2	RSB      r0,r10,r0	false	
Instruction	6816	S:0xC00403FA	0xE8BD8FF8	1	POP      {r3-r11,pc}	true	
Instruction	6817	S:0xC00440CA	0xE9D62312	15	LDRD     r2,r3,[r6,#0x48]	false	
Instruction	6818	S:0xC00440CE	0x4630	1	MOV      r0,r6	false	
Instruction	6819	S:0xC00440D0	0xF8D74148	2	LDR      r4,[r7,#0x148]	false	
Instruction	6820	S:0xC00440D4	0x2100	0	MOVS     r1,#0	false	
Instruction	6821	S:0xC00440D6	0x1912	2	ADDS     r2,r2,r4	false	
Instruction	6822	S:0xC00440D8	0xF1430300	1	ADC      r3,r3,#0	false	
Instruction	6823	S:0xC00440DC	0xE9C62312	1	STRD     r2,r3,[r6,#0x48]	false	
Instruction	6824	S:0xC00440E0	0xF7FBFD5C	8	BL       {pc}-0x4544 ; 0xc003fb9c	true	
Instruction	6825	S:0xC003FB9C	0xE92D0FF0	6	PUSH     {r4-r11}	false	
Instruction	6826	S:0xC003FBA0	0xB500	8	PUSH     {lr}	false	
Instruction	6827	S:0xC003FBA2	0xF85DEB04	2	POP      {lr}	false	
Instruction	6828	S:0xC003FBA6	0xF8D06084	1	LDR      r6,[r0,#0x84]	false	
Instruction	6829	S:0xC003FBAA	0xE9D0451A	2	LDRD     r4,r5,[r0,#0x68]	false	
Instruction	6830	S:0xC003FBAE	0xF8D67480	1	LDR      r7,[r6,#0x480]	false	
Instruction	6831	S:0xC003FBB2	0xF8D66484	1	LDR      r6,[r6,#0x484]	false	
Instruction	6832	S:0xC003FBB6	0x0D3A	2	LSRS     r2,r7,#20	false	
Instruction	6833	S:0xC003FBB8	0xEA423206	1	ORR      r2,r2,r6,LSL #12	false	
Instruction	6834	S:0xC003FBBC	0x0D33	1	LSRS     r3,r6,#20	false	
Instruction	6835	S:0xC003FBBE	0x1B14	1	SUBS     r4,r2,r4	false	
Instruction	6836	S:0xC003FBC0	0xEB630505	1	SBC      r5,r3,r5	false	
Instruction	6837	S:0xC003FBC4	0xEA540605	1	ORRS     r6,r4,r5	false	
Instruction	6838	S:0xC003FBC8	0xBF14	0	ITE      NE	false	
Instruction	6839	S:0xC003FBCA	0x2600	1	MOVS     r6,#0	false	
Instruction	6840	S:0xC003FBCC	0x2601	0	MOVS     r6,#1	false	fail
Instruction	6841	S:0xC003FBCE	0x2900	1	CMP      r1,#0	false	
Instruction	6842	S:0xC003FBD0	0xBF14	0	ITE      NE	false	
Instruction	6843	S:0xC003FBD2	0x2600	1	MOVS     r6,#0	false	fail
Instruction	6844	S:0xC003FBD4	0xF0060601	1	AND      r6,r6,#1	false	
Instruction	6845	S:0xC003FBD8	0x2E00	1	CMP      r6,#0	false	
Instruction	6846	S:0xC003FBDA	0xD167	0	BNE      {pc}+0xd2 ; 0xc003fcac	true	fail
Instruction	6847	S:0xC003FBDC	0xF1000C60	8	ADD      r12,r0,#0x60	false	
Instruction	6848	S:0xC003FBE0	0xE8DC677F	7	LDREXD   r6,r7,[r12]	false	
Instruction	6849	S:0xC003FBE4	0xEA560807	2	ORRS     r8,r6,r7	false	
Instruction	6850	S:0xC003FBE8	0xD163	1	BNE      {pc}+0xca ; 0xc003fcb2	true	fail
Instruction	6851	S:0xC003FBEA	0xE9D06714	1	LDRD     r6,r7,[r0,#0x50]	false	
Instruction	6852	S:0xC003FBEE	0xEA540C05	1	ORRS     r12,r4,r5	false	
Instruction	6853	S:0xC003FBF2	0xD027	0	BEQ      {pc}+0x52 ; 0xc003fc44	true	fail
Instruction	6854	S:0xC003FBF4	0xF44F68FC	1	MOV      r8,#0x7e0	false	
Instruction	6855	S:0xC003FBF8	0xF04F0900	0	MOV      r9,#0	false	
Instruction	6856	S:0xC003FBFC	0x45A9	1	CMP      r9,r5	false	
Instruction	6857	S:0xC003FBFE	0xBF08	0	IT       EQ	false	
Instruction	6858	S:0xC003FC00	0x45A0	1	CMP      r8,r4	false	
Instruction	6859	S:0xC003FC02	0xF0C0808F	0	BCC.W    {pc}+0x122 ; 0xc003fd24	true	fail
Instruction	6860	S:0xC003FC06	0x2C1F	1	CMP      r4,#0x1f	false	
Instruction	6861	S:0xC003FC08	0x46A4	0	MOV      r12,r4	false	
Instruction	6862	S:0xC003FC0A	0xD871	1	BHI      {pc}+0xe6 ; 0xc003fcf0	true	fail
Instruction	6863	S:0xC003FC0C	0xF8DF8120	13	LDR      r8,[pc,#288] ; [0xC003FD30] = 0xC03E83C8	false	
Instruction	6864	S:0xC003FC10	0xF04F0B00	0	MOV      r11,#0	false	
Instruction	6865	S:0xC003FC14	0xF858C02C	5	LDR      r12,[r8,r12,LSL #2]	false	
Instruction	6866	S:0xC003FC18	0xFBAC8906	3	UMULL    r8,r9,r12,r6	false	
Instruction	6867	S:0xC003FC1C	0xFB0C9A07	2	MLA      r10,r12,r7,r9	false	
Instruction	6868	S:0xC003FC20	0xE9C0AB14	1	STRD     r10,r11,[r0,#0x50]	false	
Instruction	6869	S:0xC003FC24	0xF1000C58	1	ADD      r12,r0,#0x58	false	
Instruction	6870	S:0xC003FC28	0xE8DC677F	8	LDREXD   r6,r7,[r12]	false	
Instruction	6871	S:0xC003FC2C	0x1936	2	ADDS     r6,r6,r4	false	
Instruction	6872	S:0xC003FC2E	0xEB470705	1	ADC      r7,r7,r5	false	
Instruction	6873	S:0xC003FC32	0xE8CC6778	7	STREXD   r8,r6,r7,[r12]	false	
Instruction	6874	S:0xC003FC36	0xF0980F00	2	TEQ      r8,#0	false	
Instruction	6875	S:0xC003FC3A	0xD1F5	0	BNE      {pc}-0x12 ; 0xc003fc28	true	fail
Instruction	6876	S:0xC003FC3C	0x4656	1	MOV      r6,r10	false	
Instruction	6877	S:0xC003FC3E	0x465F	0	MOV      r7,r11	false	
Instruction	6878	S:0xC003FC40	0xE9C0231A	1	STRD     r2,r3,[r0,#0x68]	false	
Instruction	6879	S:0xC003FC44	0xE9D0451E	1	LDRD     r4,r5,[r0,#0x78]	false	
Instruction	6880	S:0xC003FC48	0xE9D02312	1	LDRD     r2,r3,[r0,#0x48]	false	
Instruction	6881	S:0xC003FC4C	0xF8D0C094	1	LDR      r12,[r0,#0x94]	false	
Instruction	6882	S:0xC003FC50	0x1B12	1	SUBS     r2,r2,r4	false	
Instruction	6883	S:0xC003FC52	0xEB630305	1	SBC      r3,r3,r5	false	
Instruction	6884	S:0xC003FC56	0x1992	1	ADDS     r2,r2,r6	false	
Instruction	6885	S:0xC003FC58	0xEB430307	1	ADC      r3,r3,r7	false	
Instruction	6886	S:0xC003FC5C	0xB999	1	CBNZ     r1,{pc}+0x2a ; 0xc003fc86	true	fail
Instruction	6887	S:0xC003FC5E	0x17DE	1	ASRS     r6,r3,#31	false	
Instruction	6888	S:0xC003FC60	0xEA4F0AD4	1	LSR      r10,r4,#3	false	
Instruction	6889	S:0xC003FC64	0x4637	0	MOV      r7,r6	false	
Instruction	6890	S:0xC003FC66	0xEA860802	1	EOR      r8,r6,r2	false	
Instruction	6891	S:0xC003FC6A	0xEA860903	1	EOR      r9,r6,r3	false	
Instruction	6892	S:0xC003FC6E	0xEA4A7A45	1	ORR      r10,r10,r5,LSL #29	false	
Instruction	6893	S:0xC003FC72	0xEA4F0BD5	1	LSR      r11,r5,#3	false	
Instruction	6894	S:0xC003FC76	0xEBB80806	1	SUBS     r8,r8,r6	false	
Instruction	6895	S:0xC003FC7A	0xEB690907	1	SBC      r9,r9,r7	false	
Instruction	6896	S:0xC003FC7E	0x45CB	1	CMP      r11,r9	false	
Instruction	6897	S:0xC003FC80	0xBF08	0	IT       EQ	false	
Instruction	6898	S:0xC003FC82	0x45C2	1	CMP      r10,r8	false	
Instruction	6899	S:0xC003FC84	0xD212	0	BCS      {pc}+0x28 ; 0xc003fcac	true	
Instruction	6900	S:0xC003FCAC	0xE8BD0FF0	8	POP      {r4-r11}	false	
Instruction	6901	S:0xC003FCB0	0x4770	4	BX       lr	true	
Instruction	6902	S:0xC00440E4	0x4630	9	MOV      r0,r6	false	
Instruction	6903	S:0xC00440E6	0x4639	0	MOV      r1,r7	false	
Instruction	6904	S:0xC00440E8	0xF7FBFB98	1	BL       {pc}-0x48cc ; 0xc003f81c	true	
Instruction	6905	S:0xC003F81C	0xB430	3	PUSH     {r4,r5}	false	
Instruction	6906	S:0xC003F81E	0xB500	1	PUSH     {lr}	false	
Instruction	6907	S:0xC003F820	0xF85DEB04	12	POP      {lr}	false	
Instruction	6908	S:0xC003F824	0x2400	0	MOVS     r4,#0	false	
Instruction	6909	S:0xC003F826	0x680A	1	LDR      r2,[r1,#0]	false	
Instruction	6910	S:0xC003F828	0x6803	1	LDR      r3,[r0,#0]	false	
Instruction	6911	S:0xC003F82A	0x6044	1	STR      r4,[r0,#4]	false	
Instruction	6912	S:0xC003F82C	0x189B	1	ADDS     r3,r3,r2	false	
Instruction	6913	S:0xC003F82E	0x6003	1	STR      r3,[r0,#0]	false	
Instruction	6914	S:0xC003F830	0xF8D13120	1	LDR      r3,[r1,#0x120]	false	
Instruction	6915	S:0xC003F834	0xB1AB	2	CBZ      r3,{pc}+0x2e ; 0xc003f862	true	
Instruction	6916	S:0xC003F862	0xF8D02084	20	LDR      r2,[r0,#0x84]	false	
Instruction	6917	S:0xC003F866	0x680D	1	LDR      r5,[r1,#0]	false	
Instruction	6918	S:0xC003F868	0x6B14	2	LDR      r4,[r2,#0x30]	false	
Instruction	6919	S:0xC003F86A	0x6353	1	STR      r3,[r2,#0x34]	false	
Instruction	6920	S:0xC003F86C	0x1964	1	ADDS     r4,r4,r5	false	
Instruction	6921	S:0xC003F86E	0x6314	1	STR      r4,[r2,#0x30]	false	
Instruction	6922	S:0xC003F870	0xE7E1	0	B        {pc}-0x3a ; 0xc003f836	true	
Instruction	6923	S:0xC003F836	0xF8D13128	1	LDR      r3,[r1,#0x128]	false	
Instruction	6924	S:0xC003F83A	0xB123	2	CBZ      r3,{pc}+0xc ; 0xc003f846	true	
Instruction	6925	S:0xC003F846	0xF8D03084	2	LDR      r3,[r0,#0x84]	false	
Instruction	6926	S:0xC003F84A	0xF1010214	0	ADD      r2,r1,#0x14	false	
Instruction	6927	S:0xC003F84E	0xF5036599	2	ADD      r5,r3,#0x4c8	false	
Instruction	6928	S:0xC003F852	0xF8D344C8	1	LDR      r4,[r3,#0x4c8]	false	
Instruction	6929	S:0xC003F856	0x6062	5	STR      r2,[r4,#4]	false	
Instruction	6930	S:0xC003F858	0x614C	3	STR      r4,[r1,#0x14]	false	
Instruction	6931	S:0xC003F85A	0x618D	1	STR      r5,[r1,#0x18]	false	
Instruction	6932	S:0xC003F85C	0xF8C324C8	2	STR      r2,[r3,#0x4c8]	false	
Instruction	6933	S:0xC003F860	0xE7EC	0	B        {pc}-0x24 ; 0xc003f83c	true	
Instruction	6934	S:0xC003F83C	0x6883	1	LDR      r3,[r0,#8]	false	
Instruction	6935	S:0xC003F83E	0x3301	2	ADDS     r3,#1	false	
Instruction	6936	S:0xC003F840	0x6083	1	STR      r3,[r0,#8]	false	
Instruction	6937	S:0xC003F842	0xBC30	1	POP      {r4,r5}	false	
Instruction	6938	S:0xC003F844	0x4770	1	BX       lr	true	
Instruction	6939	S:0xC00440EC	0x4630	9	MOV      r0,r6	false	
Instruction	6940	S:0xC00440EE	0xF7FCF8AD	1	BL       {pc}-0x3ea2 ; 0xc004024c	true	
Instruction	6941	S:0xC004024C	0xB570	3	PUSH     {r4-r6,lr}	false	
Instruction	6942	S:0xC004024E	0xB500	4	PUSH     {lr}	false	
Instruction	6943	S:0xC0040250	0xF85DEB04	2	POP      {lr}	false	
Instruction	6944	S:0xC0040254	0xF8D01094	1	LDR      r1,[r0,#0x94]	false	
Instruction	6945	S:0xC0040258	0xF8D02084	2	LDR      r2,[r0,#0x84]	false	
Instruction	6946	S:0xC004025C	0x6A0B	42	LDR      r3,[r1,#0x20]	false	
Instruction	6947	S:0xC004025E	0xF8D224C0	2	LDR      r2,[r2,#0x4c0]	false	
Instruction	6948	S:0xC0040262	0xF8534022	34	LDR      r4,[r3,r2,LSL #2]	false	
Instruction	6949	S:0xC0040266	0x2C00	2	CMP      r4,#0	false	
Instruction	6950	S:0xC0040268	0xD02B	0	BEQ      {pc}+0x5a ; 0xc00402c2	true	
Instruction	6951	S:0xC00402C2	0xBD70	1	POP      {r4-r6,pc}	true	
Instruction	6952	S:0xC00440F2	0xF24C5968	2	MOV      r9,#0xc568	false	
Instruction	6953	S:0xC00440F6	0xF6470C34	0	MOV      r12,#0x7834	false	
Instruction	6954	S:0xC00440FA	0xF2CC095F	1	MOVT     r9,#0xc05f	false	
Instruction	6955	S:0xC00440FE	0xF2CC0C60	0	MOVT     r12,#0xc060	false	
Instruction	6956	S:0xC0044102	0xE9D62306	1	LDRD     r2,r3,[r6,#0x18]	false	
Instruction	6957	S:0xC0044106	0xF1A70838	1	SUB      r8,r7,#0x38	false	
Instruction	6958	S:0xC004410A	0xF8DC4000	13	LDR      r4,[r12,#0]	false	
Instruction	6959	S:0xC004410E	0xF8D91000	3	LDR      r1,[r9,#0]	false	
Instruction	6960	S:0xC0044112	0x07C9	3	LSLS     r1,r1,#31	false	
Instruction	6961	S:0xC0044114	0xE9D7010C	3	LDRD     r0,r1,[r7,#0x30]	false	
Instruction	6962	S:0xC0044118	0xBF48	1	IT       MI	false	
Instruction	6963	S:0xC004411A	0x0864	1	LSRS     r4,r4,#1	false	
Instruction	6964	S:0xC004411C	0x1B12	1	SUBS     r2,r2,r4	false	
Instruction	6965	S:0xC004411E	0xF1630300	1	SBC      r3,r3,#0	false	
Instruction	6966	S:0xC0044122	0x4614	0	MOV      r4,r2	false	
Instruction	6967	S:0xC0044124	0x461D	1	MOV      r5,r3	false	
Instruction	6968	S:0xC0044126	0x1A24	1	SUBS     r4,r4,r0	false	
Instruction	6969	S:0xC0044128	0xEB650501	1	SBC      r5,r5,r1	false	
Instruction	6970	S:0xC004412C	0x2C01	0	CMP      r4,#1	false	
Instruction	6971	S:0xC004412E	0xF1750E00	1	SBCS     lr,r5,#0	false	
Instruction	6972	S:0xC0044132	0xBFB8	0	IT       LT	false	
Instruction	6973	S:0xC0044134	0x460B	1	MOV      r3,r1	false	fail
Instruction	6974	S:0xC0044136	0xF8D71128	1	LDR      r1,[r7,#0x128]	false	
Instruction	6975	S:0xC004413A	0xBFB8	0	IT       LT	false	
Instruction	6976	S:0xC004413C	0x4602	1	MOV      r2,r0	false	fail
Instruction	6977	S:0xC004413E	0xE9C7230C	8	STRD     r2,r3,[r7,#0x30]	false	
Instruction	6978	S:0xC0044142	0xB109	1	CBZ      r1,{pc}+6 ; 0xc0044148	true	
Instruction	6979	S:0xC0044148	0xE9D7231E	32	LDRD     r2,r3,[r7,#0x78]	false	
Instruction	6980	S:0xC004414C	0xEA520003	2	ORRS     r0,r2,r3	false	
Instruction	6981	S:0xC0044150	0xD02A	1	BEQ      {pc}+0x58 ; 0xc00441a8	true	fail
Instruction	6982	S:0xC0044152	0xF8D61084	1	LDR      r1,[r6,#0x84]	false	
Instruction	6983	S:0xC0044156	0xF501618F	2	ADD      r1,r1,#0x478	false	
Instruction	6984	S:0xC004415A	0xE9D14500	13	LDRD     r4,r5,[r1,#0]	false	
Instruction	6985	S:0xC004415E	0x1AA4	2	SUBS     r4,r4,r2	false	
Instruction	6986	S:0xC0044160	0xEB650503	1	SBC      r5,r5,r3	false	
Instruction	6987	S:0xC0044164	0x2C00	0	CMP      r4,#0	false	
Instruction	6988	S:0xC0044166	0xF1750100	1	SBCS     r1,r5,#0	false	
Instruction	6989	S:0xC004416A	0xF2C082F7	0	BLT.W    {pc}+0x5f2 ; 0xc004475c	true	fail
Instruction	6990	S:0xC004416E	0xE9D72320	1	LDRD     r2,r3,[r7,#0x80]	false	
Instruction	6991	S:0xC0044172	0x42AB	2	CMP      r3,r5	false	
Instruction	6992	S:0xC0044174	0xBF08	0	IT       EQ	false	
Instruction	6993	S:0xC0044176	0x42A2	1	CMP      r2,r4	false	fail
Instruction	6994	S:0xC0044178	0xF0C08562	0	BCC.W    {pc}+0xac8 ; 0xc0044c40	true	fail
Instruction	6995	S:0xC004417C	0xE9D72322	11	LDRD     r2,r3,[r7,#0x88]	false	
Instruction	6996	S:0xC0044180	0x2000	4	MOVS     r0,#0	false	
Instruction	6997	S:0xC0044182	0x2100	0	MOVS     r1,#0	false	
Instruction	6998	S:0xC0044184	0xE9C7011E	1	STRD     r0,r1,[r7,#0x78]	false	
Instruction	6999	S:0xC0044188	0x1912	1	ADDS     r2,r2,r4	false	
Instruction	7000	S:0xC004418A	0xEB430305	1	ADC      r3,r3,r5	false	
Instruction	7001	S:0xC004418E	0xE9C72322	1	STRD     r2,r3,[r7,#0x88]	false	
Instruction	7002	S:0xC0044192	0xF1B80F00	1	CMP      r8,#0	false	
Instruction	7003	S:0xC0044196	0xD007	0	BEQ      {pc}+0x12 ; 0xc00441a8	true	fail
Instruction	7004	S:0xC0044198	0xF2460244	1	MOV      r2,#0x6044	false	
Instruction	7005	S:0xC004419C	0xF2CC0263	1	MOVT     r2,#0xc063	false	
Instruction	7006	S:0xC00441A0	0x6853	18	LDR      r3,[r2,#4]	false	
Instruction	7007	S:0xC00441A2	0x2B00	2	CMP      r3,#0	false	
Instruction	7008	S:0xC00441A4	0xF04085D6	0	BNE.W    {pc}+0xbb0 ; 0xc0044d54	true	fail
Instruction	7009	S:0xC00441A8	0xE9D72324	1	LDRD     r2,r3,[r7,#0x90]	false	
Instruction	7010	S:0xC00441AC	0xEA520403	2	ORRS     r4,r2,r3	false	
Instruction	7011	S:0xC00441B0	0xD051	0	BEQ      {pc}+0xa6 ; 0xc0044256	true	
Instruction	7012	S:0xC0044256	0x6B34	34	LDR      r4,[r6,#0x30]	false	
Instruction	7013	S:0xC0044258	0x42A7	2	CMP      r7,r4	false	
Instruction	7014	S:0xC004425A	0xD008	0	BEQ      {pc}+0x14 ; 0xc004426e	true	fail
Instruction	7015	S:0xC004425C	0xF8D63084	18	LDR      r3,[r6,#0x84]	false	
Instruction	7016	S:0xC0044260	0xF503638F	2	ADD      r3,r3,#0x478	false	
Instruction	7017	S:0xC0044264	0xE9D32300	3	LDRD     r2,r3,[r3,#0]	false	
Instruction	7018	S:0xC0044268	0xE9C72312	1	STRD     r2,r3,[r7,#0x48]	false	
Instruction	7019	S:0xC004426C	0x6B34	1	LDR      r4,[r6,#0x30]	false	
Instruction	7020	S:0xC004426E	0xF6470934	0	MOV      r9,#0x7834	false	
Instruction	7021	S:0xC0044272	0xE9D62306	1	LDRD     r2,r3,[r6,#0x18]	false	
Instruction	7022	S:0xC0044276	0xE9D7010C	1	LDRD     r0,r1,[r7,#0x30]	false	
Instruction	7023	S:0xC004427A	0xF2CC0960	1	MOVT     r9,#0xc060	false	
Instruction	7024	S:0xC004427E	0x1A80	1	SUBS     r0,r0,r2	false	
Instruction	7025	S:0xC0044280	0xEB610103	9	SBC      r1,r1,r3	false	
Instruction	7026	S:0xC0044284	0xF8D95000	1	LDR      r5,[r9,#0]	false	
Instruction	7027	S:0xC0044288	0x2300	1	MOVS     r3,#0	false	
Instruction	7028	S:0xC004428A	0xEA4F7AE1	1	ASR      r10,r1,#31	false	
Instruction	7029	S:0xC004428E	0xEB050545	1	ADD      r5,r5,r5,LSL #1	false	
Instruction	7030	S:0xC0044292	0x46D3	0	MOV      r11,r10	false	
Instruction	7031	S:0xC0044294	0xEA80000A	1	EOR      r0,r0,r10	false	
Instruction	7032	S:0xC0044298	0xEA81010A	1	EOR      r1,r1,r10	false	
Instruction	7033	S:0xC004429C	0x462A	0	MOV      r2,r5	false	
Instruction	7034	S:0xC004429E	0xEBB0000A	16	SUBS     r0,r0,r10	false	
Instruction	7035	S:0xC00442A2	0xEB61010B	1	SBC      r1,r1,r11	false	
Instruction	7036	S:0xC00442A6	0x4282	1	CMP      r2,r0	false	
Instruction	7037	S:0xC00442A8	0xEB730C01	1	SBCS     r12,r3,r1	false	
Instruction	7038	S:0xC00442AC	0xBFBE	0	ITTT     LT	false	
Instruction	7039	S:0xC00442AE	0x6C33	1	LDR      r3,[r6,#0x40]	false	fail
Instruction	7040	S:0xC00442B0	0x3301	2	ADDS     r3,#1	false	fail
Instruction	7041	S:0xC00442B2	0x6433	1	STR      r3,[r6,#0x40]	false	fail
Instruction	7042	S:0xC00442B4	0x42BC	1	CMP      r4,r7	false	
Instruction	7043	S:0xC00442B6	0xD003	0	BEQ      {pc}+0xa ; 0xc00442c0	true	fail
Instruction	7044	S:0xC00442B8	0x4630	1	MOV      r0,r6	false	
Instruction	7045	S:0xC00442BA	0x4639	0	MOV      r1,r7	false	
Instruction	7046	S:0xC00442BC	0xF7FCFEC4	1	BL       {pc}-0x3274 ; 0xc0041048	true	
Instruction	7047	S:0xC0041048	0xE92D03F0	28	PUSH     {r4-r9}	false	
Instruction	7048	S:0xC004104C	0xB500	5	PUSH     {lr}	false	
Instruction	7049	S:0xC004104E	0xF85DEB04	2	POP      {lr}	false	
Instruction	7050	S:0xC0041052	0x468C	0	MOV      r12,r1	false	
Instruction	7051	S:0xC0041054	0xF1000128	1	ADD      r1,r0,#0x28	false	
Instruction	7052	S:0xC0041058	0x2401	0	MOVS     r4,#1	false	
Instruction	7053	S:0xC004105A	0x460F	1	MOV      r7,r1	false	
Instruction	7054	S:0xC004105C	0x2300	0	MOVS     r3,#0	false	
Instruction	7055	S:0xC004105E	0xE010	1	B        {pc}+0x24 ; 0xc0041082	true	
Instruction	7056	S:0xC0041082	0x683E	28	LDR      r6,[r7,#0]	false	
Instruction	7057	S:0xC0041084	0x2E00	2	CMP      r6,#0	false	
Instruction	7058	S:0xC0041086	0xD1EB	1	BNE      {pc}-0x26 ; 0xc0041060	true	fail
Instruction	7059	S:0xC0041088	0xF10C0208	8	ADD      r2,r12,#8	false	
Instruction	7060	S:0xC004108C	0xB104	1	CBZ      r4,{pc}+4 ; 0xc0041090	true	fail
Instruction	7061	S:0xC004108E	0x62C2	1	STR      r2,[r0,#0x2c]	false	
Instruction	7062	S:0xC0041090	0xF8CC3008	1	STR      r3,[r12,#8]	false	
Instruction	7063	S:0xC0041094	0x4610	0	MOV      r0,r2	false	
Instruction	7064	S:0xC0041096	0x2300	1	MOVS     r3,#0	false	
Instruction	7065	S:0xC0041098	0xF8CC300C	1	STR      r3,[r12,#0xc]	false	
Instruction	7066	S:0xC004109C	0xF8CC3010	1	STR      r3,[r12,#0x10]	false	
Instruction	7067	S:0xC00410A0	0x603A	11	STR      r2,[r7,#0]	false	
Instruction	7068	S:0xC00410A2	0xE8BD03F0	1	POP      {r4-r9}	false	
Instruction	7069	S:0xC00410A6	0xF215B865	3	B.W      {pc}+0x2150ce ; 0xc0256174	true	
Cycle Count				61	Tracing disabled		
Info					Tracing enabled		
Instruction	7070	S:0xC00442C0	0x2301	1	MOVS     r3,#1	false	
Instruction	7071	S:0xC00442C2	0x61FB	1	STR      r3,[r7,#0x1c]	false	
Instruction	7072	S:0xC00442C4	0x68B3	3	LDR      r3,[r6,#8]	false	
Instruction	7073	S:0xC00442C6	0x2B01	2	CMP      r3,#1	false	
Instruction	7074	S:0xC00442C8	0xF00081D8	0	BEQ.W    {pc}+0x3b4 ; 0xc004467c	true	fail
Instruction	7075	S:0xC00442CC	0x68F3	1	LDR      r3,[r6,#0xc]	false	
Instruction	7076	S:0xC00442CE	0x3301	2	ADDS     r3,#1	false	
Instruction	7077	S:0xC00442D0	0x60F3	1	STR      r3,[r6,#0xc]	false	
Instruction	7078	S:0xC00442D2	0xF8D77120	1	LDR      r7,[r7,#0x120]	false	
Instruction	7079	S:0xC00442D6	0x2F00	2	CMP      r7,#0	false	
Instruction	7080	S:0xC00442D8	0xF000810F	0	BEQ.W    {pc}+0x222 ; 0xc00444fa	true	
Instruction	7081	S:0xC00444FA	0x9D13	24	LDR      r5,[sp,#0x4c]	false	
Instruction	7082	S:0xC00444FC	0x9E13	1	LDR      r6,[sp,#0x4c]	false	
Instruction	7083	S:0xC00444FE	0xF5056390	19	ADD      r3,r5,#0x480	false	
Instruction	7084	S:0xC0044502	0xF5056AB4	0	ADD      r10,r5,#0x5a0	false	
Instruction	7085	S:0xC0044506	0x686D	1	LDR      r5,[r5,#4]	false	
Instruction	7086	S:0xC0044508	0xE9D38900	2	LDRD     r8,r9,[r3,#0]	false	
Instruction	7087	S:0xC004450C	0xE9DA0100	1	LDRD     r0,r1,[r10,#0]	false	
Instruction	7088	S:0xC0044510	0xF8D644C0	1	LDR      r4,[r6,#0x4c0]	false	
Instruction	7089	S:0xC0044514	0xEBB80000	1	SUBS     r0,r8,r0	false	
Instruction	7090	S:0xC0044518	0xEB690101	1	SBC      r1,r9,r1	false	
Instruction	7091	S:0xC004451C	0xF7FBFA1E	0	BL       {pc}-0x4bc0 ; 0xc003f95c	true	
Instruction	7092	S:0xC003F95C	0xE92D03F0	16	PUSH     {r4-r9}	false	
Instruction	7093	S:0xC003F960	0xB500	5	PUSH     {lr}	false	
Instruction	7094	S:0xC003F962	0xF85DEB04	2	POP      {lr}	false	
Instruction	7095	S:0xC003F966	0xF64B7640	0	MOV      r6,#0xbf40	false	
Instruction	7096	S:0xC003F96A	0xF2CC0664	1	MOVT     r6,#0xc064	false	
Instruction	7097	S:0xC003F96E	0x6876	5	LDR      r6,[r6,#4]	false	
Instruction	7098	S:0xC003F970	0xFBA18906	3	UMULL    r8,r9,r1,r6	false	
Instruction	7099	S:0xC003F974	0xEA4F7CE6	1	ASR      r12,r6,#31	false	
Instruction	7100	S:0xC003F978	0xFBA06706	1	UMULL    r6,r7,r0,r6	false	
Instruction	7101	S:0xC003F97C	0xFB01990C	1	MLA      r9,r1,r12,r9	false	
Instruction	7102	S:0xC003F980	0xEA4F4408	1	LSL      r4,r8,#16	false	
Instruction	7103	S:0xC003F984	0xFB00770C	1	MLA      r7,r0,r12,r7	false	
Instruction	7104	S:0xC003F988	0x0C32	1	LSRS     r2,r6,#16	false	
Instruction	7105	S:0xC003F98A	0xEA4F4509	1	LSL      r5,r9,#16	false	
Instruction	7106	S:0xC003F98E	0xEA454518	1	ORR      r5,r5,r8,LSR #16	false	
Instruction	7107	S:0xC003F992	0xEA424207	1	ORR      r2,r2,r7,LSL #16	false	
Instruction	7108	S:0xC003F996	0x0C3B	1	LSRS     r3,r7,#16	false	
Instruction	7109	S:0xC003F998	0x1912	1	ADDS     r2,r2,r4	false	
Instruction	7110	S:0xC003F99A	0xEB430305	1	ADC      r3,r3,r5	false	
Instruction	7111	S:0xC003F99E	0x4610	0	MOV      r0,r2	false	
Instruction	7112	S:0xC003F9A0	0x4619	1	MOV      r1,r3	false	
Instruction	7113	S:0xC003F9A2	0xE8BD03F0	3	POP      {r4-r9}	false	
Instruction	7114	S:0xC003F9A6	0x4770	5	BX       lr	true	
Instruction	7115	S:0xC0044520	0x2800	1	CMP      r0,#0	false	
Instruction	7116	S:0xC0044522	0xF1710700	1	SBCS     r7,r1,#0	false	
Instruction	7117	S:0xC0044526	0xF2C08147	0	BLT.W    {pc}+0x292 ; 0xc00447b8	true	fail
Instruction	7118	S:0xC004452A	0x0A86	1	LSRS     r6,r0,#10	false	
Instruction	7119	S:0xC004452C	0x0A8F	1	LSRS     r7,r1,#10	false	
Instruction	7120	S:0xC004452E	0xEA465681	1	ORR      r6,r6,r1,LSL #22	false	
Instruction	7121	S:0xC0044532	0xEA560B07	1	ORRS     r11,r6,r7	false	
Instruction	7122	S:0xC0044536	0xF0408114	0	BNE.W    {pc}+0x22c ; 0xc0044762	true	
Instruction	7123	S:0xC0044762	0x4B58	24	LDR      r3,[pc,#352] ; [0xC00448C4] = 0xC064BF40	false	
Instruction	7124	S:0xC0044764	0xE9CA8900	3	STRD     r8,r9,[r10,#0]	false	
Instruction	7125	S:0xC0044768	0x681A	1	LDR      r2,[r3,#0]	false	
Instruction	7126	S:0xC004476A	0xB372	2	CBZ      r2,{pc}+0x60 ; 0xc00447ca	true	fail
Instruction	7127	S:0xC004476C	0xEB031304	1	ADD      r3,r3,r4,LSL #4	false	
Instruction	7128	S:0xC0044770	0xF04F0A00	0	MOV      r10,#0	false	
Instruction	7129	S:0xC0044774	0xF8CDA01C	1	STR      r10,[sp,#0x1c]	false	
Instruction	7130	S:0xC0044778	0xF8D3C098	2	LDR      r12,[r3,#0x98]	false	
Instruction	7131	S:0xC004477C	0xF8CDC018	1	STR      r12,[sp,#0x18]	false	
Instruction	7132	S:0xC0044780	0xF8DD904C	6	LDR      r9,[sp,#0x4c]	false	
Instruction	7133	S:0xC0044784	0xF8D9459C	3	LDR      r4,[r9,#0x59c]	false	
Instruction	7134	S:0xC0044788	0x05A1	3	LSLS     r1,r4,#22	false	
Instruction	7135	S:0xC004478A	0x0D89	2	LSRS     r1,r1,#22	false	
Instruction	7136	S:0xC004478C	0x1872	1	ADDS     r2,r6,r1	false	
Instruction	7137	S:0xC004478E	0xF1470300	1	ADC      r3,r7,#0	false	
Instruction	7138	S:0xC0044792	0x2B00	1	CMP      r3,#0	false	
Instruction	7139	S:0xC0044794	0xBF08	0	IT       EQ	false	
Instruction	7140	S:0xC0044796	0xF5B26F80	1	CMP      r2,#0x400	false	
Instruction	7141	S:0xC004479A	0xD21E	0	BCS      {pc}+0x40 ; 0xc00447da	true	
Instruction	7142	S:0xC00447DA	0xF5C16380	9	RSB      r3,r1,#0x400	false	
Instruction	7143	S:0xC00447DE	0x2D00	0	CMP      r5,#0	false	
Instruction	7144	S:0xC00447E0	0xF0408099	17	BNE.W    {pc}+0x136 ; 0xc0044916	true	
Instruction	7145	S:0xC0044916	0xFB03F10C	39	MUL      r1,r3,r12	false	
Instruction	7146	S:0xC004491A	0xF8DDB04C	1	LDR      r11,[sp,#0x4c]	false	
Instruction	7147	S:0xC004491E	0xF8DB0598	3	LDR      r0,[r11,#0x598]	false	
Instruction	7148	S:0xC0044922	0xF8DB25C8	1	LDR      r2,[r11,#0x5c8]	false	
Instruction	7149	S:0xC0044926	0x0A89	1	LSRS     r1,r1,#10	false	
Instruction	7150	S:0xC0044928	0x1808	1	ADDS     r0,r1,r0	false	
Instruction	7151	S:0xC004492A	0x1852	1	ADDS     r2,r2,r1	false	
Instruction	7152	S:0xC004492C	0xF8CB0598	1	STR      r0,[r11,#0x598]	false	
Instruction	7153	S:0xC0044930	0xF8CB25C8	1	STR      r2,[r11,#0x5c8]	false	
Instruction	7154	S:0xC0044934	0xE75A	0	B        {pc}-0x148 ; 0xc00447ec	true	
Instruction	7155	S:0xC00447EC	0xEBB60A03	1	SUBS     r10,r6,r3	false	
Instruction	7156	S:0xC00447F0	0xEB677BE3	1	SBC      r11,r7,r3,ASR #31	false	
Instruction	7157	S:0xC00447F4	0x2600	0	MOVS     r6,#0	false	
Instruction	7158	S:0xC00447F6	0x2700	1	MOVS     r7,#0	false	
Instruction	7159	S:0xC00447F8	0xE9CD6704	1	STRD     r6,r7,[sp,#0x10]	false	
Instruction	7160	S:0xC00447FC	0xEA4F279A	1	LSR      r7,r10,#10	false	
Instruction	7161	S:0xC0044800	0x9704	1	STR      r7,[sp,#0x10]	false	
Instruction	7162	S:0xC0044802	0xF8DDE010	2	LDR      lr,[sp,#0x10]	false	
Instruction	7163	S:0xC0044806	0xEA4F229B	1	LSR      r2,r11,#10	false	
Instruction	7164	S:0xC004480A	0xF24036FF	0	MOV      r6,#0x3ff	false	
Instruction	7165	S:0xC004480E	0x2700	1	MOVS     r7,#0	false	
Instruction	7166	S:0xC0044810	0xEA4E5E8B	1	ORR      lr,lr,r11,LSL #22	false	
Instruction	7167	S:0xC0044814	0x9205	1	STR      r2,[sp,#0x14]	false	
Instruction	7168	S:0xC0044816	0xF8CDE010	1	STR      lr,[sp,#0x10]	false	
Instruction	7169	S:0xC004481A	0xEA06060A	1	AND      r6,r6,r10	false	
Instruction	7170	S:0xC004481E	0xEA07070B	9	AND      r7,r7,r11	false	
Instruction	7171	S:0xC0044822	0xE9DDAB04	1	LDRD     r10,r11,[sp,#0x10]	false	
Instruction	7172	S:0xC0044826	0xF04F0801	1	MOV      r8,#1	false	
Instruction	7173	S:0xC004482A	0xF04F0900	0	MOV      r9,#0	false	
Instruction	7174	S:0xC004482E	0xEB18080A	1	ADDS     r8,r8,r10	false	
Instruction	7175	S:0xC0044832	0x9913	1	LDR      r1,[sp,#0x4c]	false	
Instruction	7176	S:0xC0044834	0xEB49090B	1	ADC      r9,r9,r11	false	
Instruction	7177	S:0xC0044838	0xF44F6AFC	0	MOV      r10,#0x7e0	false	
Instruction	7178	S:0xC004483C	0xF04F0B00	1	MOV      r11,#0	false	
Instruction	7179	S:0xC0044840	0x191B	14	ADDS     r3,r3,r4	false	
Instruction	7180	S:0xC0044842	0x45CB	1	CMP      r11,r9	false	
Instruction	7181	S:0xC0044844	0xBF08	1	IT       EQ	false	
Instruction	7182	S:0xC0044846	0x45C2	1	CMP      r10,r8	false	
Instruction	7183	S:0xC0044848	0xF8C1359C	1	STR      r3,[r1,#0x59c]	false	
Instruction	7184	S:0xC004484C	0xF0C08307	0	BCC.W    {pc}+0x612 ; 0xc0044e5e	true	fail
Instruction	7185	S:0xC0044850	0xF1B80F1F	18	CMP      r8,#0x1f	false	
Instruction	7186	S:0xC0044854	0x46C6	0	MOV      lr,r8	false	
Instruction	7187	S:0xC0044856	0x4C1A	1	LDR      r4,[pc,#104] ; [0xC00448C0] = 0xC03E83C8	false	
Instruction	7188	S:0xC0044858	0xF20082E7	0	BHI.W    {pc}+0x5d2 ; 0xc0044e2a	true	fail
Instruction	7189	S:0xC004485C	0xF8542028	5	LDR      r2,[r4,r8,LSL #2]	false	
Instruction	7190	S:0xC0044860	0xF8DD904C	11	LDR      r9,[sp,#0x4c]	false	
Instruction	7191	S:0xC0044864	0xF8DDB04C	1	LDR      r11,[sp,#0x4c]	false	
Instruction	7192	S:0xC0044868	0xFBA00102	1	UMULL    r0,r1,r0,r2	false	
Instruction	7193	S:0xC004486C	0xF8D9A5C8	1	LDR      r10,[r9,#0x5c8]	false	
Instruction	7194	S:0xC0044870	0xFBA32302	1	UMULL    r2,r3,r3,r2	false	
Instruction	7195	S:0xC0044874	0x4688	1	MOV      r8,r1	false	
Instruction	7196	S:0xC0044876	0xF8C91598	1	STR      r1,[r9,#0x598]	false	
Instruction	7197	S:0xC004487A	0x4699	0	MOV      r9,r3	false	
Instruction	7198	S:0xC004487C	0xF8CB359C	1	STR      r3,[r11,#0x59c]	false	
Instruction	7199	S:0xC0044880	0xF854302E	12	LDR      r3,[r4,lr,LSL #2]	false	
Instruction	7200	S:0xC0044884	0xFBA3AB0A	3	UMULL    r10,r11,r3,r10	false	
Instruction	7201	S:0xC0044888	0x465C	2	MOV      r4,r11	false	
Instruction	7202	S:0xC004488A	0xF8DDA04C	1	LDR      r10,[sp,#0x4c]	false	
Instruction	7203	S:0xC004488E	0xE9DD0104	1	LDRD     r0,r1,[sp,#0x10]	false	
Instruction	7204	S:0xC0044892	0xF8CA45C8	2	STR      r4,[r10,#0x5c8]	false	
