Record Type	Index	Address	0x + Opcode	Cycles	Detail	Branch	Condition Failure
Debug stop					Debug stop		
Timestamp					Timestamp: 562537008076		
Function	0	S:0xC0018D82			<Unknown>		
Instruction	0	S:0xC0018D82	0xEB020385	0	ADD      r3,r2,r5,LSL #2	false	
Instruction	1	S:0xC0018D86	0x68DB	0	LDR      r3,[r3,#0xc]	false	
Instruction	2	S:0xC0018D88	0xB1F3	522	CBZ      r3,{pc}+0x40 ; 0xc0018dc8	true	
Instruction	3	S:0xC0018DC8	0xEB020285	0	ADD      r2,r2,r5,LSL #2	false	
Instruction	4	S:0xC0018DCC	0xF8D28014	0	LDR      r8,[r2,#0x14]	false	
Instruction	5	S:0xC0018DD0	0xF1B80F00	0	CMP      r8,#0	false	
Instruction	6	S:0xC0018DD4	0xD1D9	23	BNE      {pc}-0x4a ; 0xc0018d8a	true	fail
Instruction	7	S:0xC0018DD6	0x4628	0	MOV      r0,r5	false	
Instruction	8	S:0xC0018DD8	0x4641	0	MOV      r1,r8	false	
Instruction	9	S:0xC0018DDA	0xF281F8B9	15	BL       {pc}+0x281176 ; 0xc0299f50	true	
Cycle Count				51	Tracing disabled		
Info					Tracing enabled		
Instruction	10	S:0xC0018DDE	0x4640	0	MOV      r0,r8	false	
Instruction	11	S:0xC0018DE0	0xF281F87E	1	BL       {pc}+0x281100 ; 0xc0299ee0	true	
Cycle Count				121	Tracing disabled		
Info					Tracing enabled		
Instruction	12	S:0xC0018DE4	0xE7D1	1	B        {pc}-0x5a ; 0xc0018d8a	true	
Instruction	13	S:0xC0018D8A	0xEB050346	0	ADD      r3,r5,r6,LSL #1	false	
Instruction	14	S:0xC0018D8E	0xEB040383	0	ADD      r3,r4,r3,LSL #2	false	
Instruction	15	S:0xC0018D92	0x685A	0	LDR      r2,[r3,#4]	false	
Instruction	16	S:0xC0018D94	0xB90A	16	CBNZ     r2,{pc}+6 ; 0xc0018d9a	true	fail
Instruction	17	S:0xC0018D96	0x2201	0	MOVS     r2,#1	false	
Instruction	18	S:0xC0018D98	0x605A	0	STR      r2,[r3,#4]	false	
Instruction	19	S:0xC0018D9A	0x4630	0	MOV      r0,r6	false	
Instruction	20	S:0xC0018D9C	0x4629	0	MOV      r1,r5	false	
Instruction	21	S:0xC0018D9E	0x2200	0	MOVS     r2,#0	false	
Instruction	22	S:0xC0018DA0	0xF281F8B6	3	BL       {pc}+0x281170 ; 0xc0299f10	true	
Cycle Count				129	Tracing disabled		
Info					Tracing enabled		
Instruction	23	S:0xC0018DA4	0x4628	0	MOV      r0,r5	false	
Instruction	24	S:0xC0018DA6	0x4631	0	MOV      r1,r6	false	
Instruction	25	S:0xC0018DA8	0x2200	0	MOVS     r2,#0	false	
Instruction	26	S:0xC0018DAA	0xF281F86F	1	BL       {pc}+0x2810e2 ; 0xc0299e8c	true	
Cycle Count				63	Tracing disabled		
Info					Tracing enabled		
Instruction	27	S:0xC0018DAE	0xF3BF8F5F	0	DMB      	false	
Instruction	28	S:0xC0018DB2	0x8823	0	LDRH     r3,[r4,#0]	false	
Instruction	29	S:0xC0018DB4	0x3301	0	ADDS     r3,#1	false	
Instruction	30	S:0xC0018DB6	0x8023	0	STRH     r3,[r4,#0]	false	
Instruction	31	S:0xC0018DB8	0xF3BF8F4F	0	DSB      	false	
Instruction	32	S:0xC0018DBC	0xF3AF8004	0	SEV.W    	false	
Instruction	33	S:0xC0018DC0	0xF3878100	0	MSR      CPSR_c,r7	false	
Instruction	34	S:0xC0018DC4	0xE8BD81F0	378	POP      {r4-r8,pc}	true	
Instruction	35	S:0xC00185A2	0x2000	0	MOVS     r0,#0	false	
Instruction	36	S:0xC00185A4	0xBD08	1	POP      {r3,pc}	true	
Instruction	37	S:0xC02F5B3A	0x?	2	Cannot access target memory	false	
Instruction	38	S:?	0x?	10	Unknown instruction address	false	
Cycle Count				421	Tracing disabled		
Info					Tracing enabled		
Instruction	39	S:0xC0053F54	0x4621	0	MOV      r1,r4	false	
Instruction	40	S:0xC0053F56	0x463A	0	MOV      r2,r7	false	
Instruction	41	S:0xC0053F58	0x4683	0	MOV      r11,r0	false	
Instruction	42	S:0xC0053F5A	0x4838	0	LDR      r0,[pc,#224] ; [0xC005403C] = 0xC064D47C	false	
Instruction	43	S:0xC0053F5C	0xF7E2FD22	1	BL       {pc}-0x1d5b8 ; 0xc00369a4	true	
Instruction	44	S:0xC00369A4	0xB510	0	PUSH     {r4,lr}	false	
Instruction	45	S:0xC00369A6	0xB082	0	SUB      sp,sp,#8	false	
Instruction	46	S:0xC00369A8	0xB500	0	PUSH     {lr}	false	
Instruction	47	S:0xC00369AA	0xF85DEB04	0	POP      {lr}	false	
Instruction	48	S:0xC00369AE	0x2400	0	MOVS     r4,#0	false	
Instruction	49	S:0xC00369B0	0xF04F33FF	0	MOV      r3,#0xffffffff	false	
Instruction	50	S:0xC00369B4	0x9400	0	STR      r4,[sp,#0]	false	
Instruction	51	S:0xC00369B6	0xF7FFFFEF	108	BL       {pc}-0x1e ; 0xc0036998	true	
Instruction	52	S:0xC0036998	0xB500	0	PUSH     {lr}	false	
Instruction	53	S:0xC003699A	0xF85DEB04	0	POP      {lr}	false	
Instruction	54	S:0xC003699E	0xF7FFBF83	6	B.W      {pc}-0xf6 ; 0xc00368a8	true	
Instruction	55	S:0xC00368A8	0xE92D41F0	0	PUSH     {r4-r8,lr}	false	
Instruction	56	S:0xC00368AC	0xB500	0	PUSH     {lr}	false	
Instruction	57	S:0xC00368AE	0xF85DEB04	0	POP      {lr}	false	
Instruction	58	S:0xC00368B2	0x461D	0	MOV      r5,r3	false	
Instruction	59	S:0xC00368B4	0x6804	0	LDR      r4,[r0,#0]	false	
Instruction	60	S:0xC00368B6	0x460F	0	MOV      r7,r1	false	
Instruction	61	S:0xC00368B8	0x4690	0	MOV      r8,r2	false	
Instruction	62	S:0xC00368BA	0x9E06	0	LDR      r6,[sp,#0x18]	false	
Instruction	63	S:0xC00368BC	0x2B00	0	CMP      r3,#0	false	
Instruction	64	S:0xC00368BE	0xBF18	0	IT       NE	false	
Instruction	65	S:0xC00368C0	0x2C00	0	CMP      r4,#0	false	
Instruction	66	S:0xC00368C2	0xBF0C	0	ITE      EQ	false	
Instruction	67	S:0xC00368C4	0x2000	0	MOVS     r0,#0	false	
Instruction	68	S:0xC00368C6	0x2001	0	MOVS     r0,#1	false	
Instruction	69	S:0xC00368C8	0xD10A	243	BNE      {pc}+0x18 ; 0xc00368e0	true	
Instruction	70	S:0xC00368E0	0x6823	0	LDR      r3,[r4,#0]	false	
Instruction	71	S:0xC00368E2	0x4620	0	MOV      r0,r4	false	
Instruction	72	S:0xC00368E4	0x4639	0	MOV      r1,r7	false	
Instruction	73	S:0xC00368E6	0x4642	0	MOV      r2,r8	false	
Instruction	74	S:0xC00368E8	0x6864	0	LDR      r4,[r4,#4]	false	
Instruction	75	S:0xC00368EA	0x4798	142	BLX      r3	true	
Instruction	76	S:0xC00546A8	0xE92D4FF0	0	PUSH     {r4-r11,lr}	false	
Instruction	77	S:0xC00546AC	0xB085	0	SUB      sp,sp,#0x14	false	
Instruction	78	S:0xC00546AE	0xB500	0	PUSH     {lr}	false	
Instruction	79	S:0xC00546B0	0xF85DEB04	0	POP      {lr}	false	
Instruction	80	S:0xC00546B4	0x4614	0	MOV      r4,r2	false	
Instruction	81	S:0xC00546B6	0x2909	0	CMP      r1,#9	false	
Instruction	82	S:0xC00546B8	0xD811	146	BHI      {pc}+0x26 ; 0xc00546de	true	fail
Instruction	83	S:0xC00546BA	0xE8DFF011	57	TBH      [pc,r1,LSL #1]	true	
Instruction	84	S:0xC005482E	0x4608	0	MOV      r0,r1	false	
Instruction	85	S:0xC0054830	0x2401	0	MOVS     r4,#1	false	
Instruction	86	S:0xC0054832	0xF000FBA5	297	BL       {pc}+0x74e ; 0xc0054f80	true	
Instruction	87	S:0xC0054F80	0xE92D47F0	0	PUSH     {r4-r10,lr}	false	
Instruction	88	S:0xC0054F84	0xB084	0	SUB      sp,sp,#0x10	false	
Instruction	89	S:0xC0054F86	0xB500	0	PUSH     {lr}	false	
Instruction	90	S:0xC0054F88	0xF85DEB04	0	POP      {lr}	false	
Instruction	91	S:0xC0054F8C	0x4D49	0	LDR      r5,[pc,#292] ; [0xC00550B4] = 0xC064D498	false	
Instruction	92	S:0xC0054F8E	0x4604	0	MOV      r4,r0	false	
Instruction	93	S:0xC0054F90	0x6A2B	0	LDR      r3,[r5,#0x20]	false	
Instruction	94	S:0xC0054F92	0xB17B	428	CBZ      r3,{pc}+0x22 ; 0xc0054fb4	true	fail
Instruction	95	S:0xC0054F94	0x466B	0	MOV      r3,sp	false	
Instruction	96	S:0xC0054F96	0x4A48	0	LDR      r2,[pc,#288] ; [0xC00550B8] = 0xC05FD5C0	false	
Instruction	97	S:0xC0054F98	0xF42351FF	0	BIC      r1,r3,#0x1fe0	false	
Instruction	98	S:0xC0054F9C	0x4B47	0	LDR      r3,[pc,#284] ; [0xC00550BC] = 0xC05F0800	false	
Instruction	99	S:0xC0054F9E	0xF021011F	0	BIC      r1,r1,#0x1f	false	
Instruction	100	S:0xC0054FA2	0x694F	0	LDR      r7,[r1,#0x14]	false	
Instruction	101	S:0xC0054FA4	0xF8522027	0	LDR      r2,[r2,r7,LSL #2]	false	
Instruction	102	S:0xC0054FA8	0xF853A002	0	LDR      r10,[r3,r2]	false	
Instruction	103	S:0xC0054FAC	0xF8DA3034	0	LDR      r3,[r10,#0x34]	false	
Instruction	104	S:0xC0054FB0	0x071A	0	LSLS     r2,r3,#28	false	
Instruction	105	S:0xC0054FB2	0xD402	662	BMI      {pc}+8 ; 0xc0054fba	true	
Instruction	106	S:0xC0054FBA	0xF1050008	0	ADD      r0,r5,#8	false	
Instruction	107	S:0xC0054FBE	0xF8D5901C	0	LDR      r9,[r5,#0x1c]	false	
Instruction	108	S:0xC0054FC2	0xF38FFB11	21	BL       {pc}+0x38f626 ; 0xc03e45e8	true	
Cycle Count				443	Tracing disabled		
Info					Tracing enabled		
Instruction	109	S:0xC0054FC6	0x2C04	0	CMP      r4,#4	false	
Instruction	110	S:0xC0054FC8	0xF1050110	0	ADD      r1,r5,#0x10	false	
Instruction	111	S:0xC0054FCC	0x4606	0	MOV      r6,r0	false	
Instruction	112	S:0xC0054FCE	0x4638	0	MOV      r0,r7	false	
Instruction	113	S:0xC0054FD0	0xD02F	1	BEQ      {pc}+0x62 ; 0xc0055032	true	fail
Instruction	114	S:0xC0054FD2	0xF1FDF837	2	BL       {pc}+0x1fd072 ; 0xc0252044	true	
Cycle Count				112	Tracing disabled		
Info					Tracing enabled		
Instruction	115	S:0xC0054FD6	0xB930	1	CBNZ     r0,{pc}+0x10 ; 0xc0054fe6	true	
Instruction	116	S:0xC0054FE6	0x4650	0	MOV      r0,r10	false	
Instruction	117	S:0xC0054FE8	0x2103	0	MOVS     r1,#3	false	
Instruction	118	S:0xC0054FEA	0xF7FFF909	17	BL       {pc}-0xdea ; 0xc0054200	true	
Instruction	119	S:0xC0054200	0xB538	0	PUSH     {r3-r5,lr}	false	
Instruction	120	S:0xC0054202	0xB500	0	PUSH     {lr}	false	
Instruction	121	S:0xC0054204	0xF85DEB04	0	POP      {lr}	false	
Instruction	122	S:0xC0054208	0x4604	0	MOV      r4,r0	false	
Instruction	123	S:0xC005420A	0x6B03	0	LDR      r3,[r0,#0x30]	false	
Instruction	124	S:0xC005420C	0x460D	0	MOV      r5,r1	false	
Instruction	125	S:0xC005420E	0x428B	0	CMP      r3,r1	false	
Instruction	126	S:0xC0054210	0xD006	450	BEQ      {pc}+0x10 ; 0xc0054220	true	fail
Instruction	127	S:0xC0054212	0x6C03	0	LDR      r3,[r0,#0x40]	false	
Instruction	128	S:0xC0054214	0x4608	0	MOV      r0,r1	false	
Instruction	129	S:0xC0054216	0x4621	0	MOV      r1,r4	false	
Instruction	130	S:0xC0054218	0x4798	481	BLX      r3	true	
Cycle Count				146	Tracing disabled		
Info					Tracing enabled		
Instruction	131	S:0xC005421A	0x2D03	0	CMP      r5,#3	false	
Instruction	132	S:0xC005421C	0x6325	0	STR      r5,[r4,#0x30]	false	
Instruction	133	S:0xC005421E	0xD000	10	BEQ      {pc}+4 ; 0xc0054222	true	
Instruction	134	S:0xC0054222	0x6AA3	0	LDR      r3,[r4,#0x28]	false	
Instruction	135	S:0xC0054224	0x2B00	0	CMP      r3,#0	false	
Instruction	136	S:0xC0054226	0xD1FB	20	BNE      {pc}-6 ; 0xc0054220	true	
Instruction	137	S:0xC0054220	0xBD38	6	POP      {r3-r5,pc}	true	
Instruction	138	S:0xC0054FEE	0x4638	0	MOV      r0,r7	false	
Instruction	139	S:0xC0054FF0	0xF105010C	0	ADD      r1,r5,#0xc	false	
Instruction	140	S:0xC0054FF4	0xF1FDF826	2	BL       {pc}+0x1fd050 ; 0xc0252044	true	
Cycle Count				221	Tracing disabled		
Info					Tracing enabled		
Instruction	141	S:0xC0054FF8	0x2800	0	CMP      r0,#0	false	
Instruction	142	S:0xC0054FFA	0xD1ED	1	BNE      {pc}-0x22 ; 0xc0054fd8	true	fail
Instruction	143	S:0xC0054FFC	0xE9DA0104	0	LDRD     r0,r1,[r10,#0x10]	false	
Instruction	144	S:0xC0055000	0xF04F32FF	0	MOV      r2,#0xffffffff	false	
Instruction	145	S:0xC0055004	0xF06F4300	0	MVN      r3,#0x80000000	false	
Instruction	146	S:0xC0055008	0x4299	0	CMP      r1,r3	false	
Instruction	147	S:0xC005500A	0xBF08	0	IT       EQ	false	
Instruction	148	S:0xC005500C	0x4290	0	CMP      r0,r2	false	
Instruction	149	S:0xC005500E	0xD0E3	77	BEQ      {pc}-0x36 ; 0xc0054fd8	true	fail
Instruction	150	S:0xC0055010	0xA802	0	ADD      r0,sp,#8	false	
Instruction	151	S:0xC0055012	0xF7FAFA8B	13	BL       {pc}-0x5ae6 ; 0xc004f52c	true	
Instruction	152	S:0xC004F52C	0xE92D4FF0	0	PUSH     {r4-r11,lr}	false	
Instruction	153	S:0xC004F530	0xB08B	0	SUB      sp,sp,#0x2c	false	
Instruction	154	S:0xC004F532	0xB500	0	PUSH     {lr}	false	
Instruction	155	S:0xC004F534	0xF85DEB04	0	POP      {lr}	false	
Instruction	156	S:0xC004F538	0x4B3D	0	LDR      r3,[pc,#244] ; [0xC004F630] = 0xC05FC59C	false	
Instruction	157	S:0xC004F53A	0x4682	0	MOV      r10,r0	false	
Instruction	158	S:0xC004F53C	0x681B	0	LDR      r3,[r3,#0]	false	
Instruction	159	S:0xC004F53E	0x2B00	0	CMP      r3,#0	false	
Instruction	160	S:0xC004F540	0xD16F	344	BNE      {pc}+0xe2 ; 0xc004f622	true	fail
Instruction	161	S:0xC004F542	0xF8DF90F4	0	LDR      r9,[pc,#244] ; [0xC004F638] = 0xC064D1C0	false	
Instruction	162	S:0xC004F546	0xF8DFB0F0	0	LDR      r11,[pc,#240] ; [0xC004F638] = 0xC064D1C0	false	
Instruction	163	S:0xC004F54A	0x464F	0	MOV      r7,r9	false	
Instruction	164	S:0xC004F54C	0xF8D75090	0	LDR      r5,[r7,#0x90]	false	
Instruction	165	S:0xC004F550	0x07EA	0	LSLS     r2,r5,#31	false	
Instruction	166	S:0xC004F552	0xD46C	89	BMI      {pc}+0xdc ; 0xc004f62e	true	fail
Instruction	167	S:0xC004F554	0xF3BF8F5F	0	DMB      	false	
Instruction	168	S:0xC004F558	0xF8DB6000	0	LDR      r6,[r11,#0]	false	
Instruction	169	S:0xC004F55C	0xF8DB4054	0	LDR      r4,[r11,#0x54]	false	
Instruction	170	S:0xC004F560	0xE9DB230E	0	LDRD     r2,r3,[r11,#0x38]	false	
Instruction	171	S:0xC004F564	0x4630	0	MOV      r0,r6	false	
Instruction	172	S:0xC004F566	0x6831	0	LDR      r1,[r6,#0]	false	
Instruction	173	S:0xC004F568	0x1912	0	ADDS     r2,r2,r4	false	
Instruction	174	S:0xC004F56A	0xEB4373E4	0	ADC      r3,r3,r4,ASR #31	false	
Instruction	175	S:0xC004F56E	0xE9CD2306	0	STRD     r2,r3,[sp,#0x18]	false	
Instruction	176	S:0xC004F572	0x4788	398	BLX      r1	true	
Cycle Count				511	Tracing disabled		
Info					Tracing enabled		
Instruction	177	S:0xC004F574	0xE9D62302	0	LDRD     r2,r3,[r6,#8]	false	
Instruction	178	S:0xC004F578	0xF8DBC004	0	LDR      r12,[r11,#4]	false	
Instruction	179	S:0xC004F57C	0xF8DB4008	0	LDR      r4,[r11,#8]	false	
Instruction	180	S:0xC004F580	0xE9CD2300	0	STRD     r2,r3,[sp,#0]	false	
Instruction	181	S:0xC004F584	0xE9D62304	0	LDRD     r2,r3,[r6,#0x10]	false	
Instruction	182	S:0xC004F588	0xF8DB6058	0	LDR      r6,[r11,#0x58]	false	
Instruction	183	S:0xC004F58C	0xE9CD2308	0	STRD     r2,r3,[sp,#0x20]	false	
Instruction	184	S:0xC004F590	0xE9DB2310	0	LDRD     r2,r3,[r11,#0x40]	false	
Instruction	185	S:0xC004F594	0x9604	0	STR      r6,[sp,#0x10]	false	
Instruction	186	S:0xC004F596	0xE9CD2302	0	STRD     r2,r3,[sp,#8]	false	
Instruction	187	S:0xC004F59A	0x17F3	0	ASRS     r3,r6,#31	false	
Instruction	188	S:0xC004F59C	0x9305	0	STR      r3,[sp,#0x14]	false	
Instruction	189	S:0xC004F59E	0xF1C40620	0	RSB      r6,r4,#0x20	false	
Instruction	190	S:0xC004F5A2	0xE9DD2300	0	LDRD     r2,r3,[sp,#0]	false	
Instruction	191	S:0xC004F5A6	0x1A80	0	SUBS     r0,r0,r2	false	
Instruction	192	S:0xC004F5A8	0xEB610103	0	SBC      r1,r1,r3	false	
Instruction	193	S:0xC004F5AC	0xE9DD2308	0	LDRD     r2,r3,[sp,#0x20]	false	
Instruction	194	S:0xC004F5B0	0x4010	0	ANDS     r0,r0,r2	false	
Instruction	195	S:0xC004F5B2	0x4019	0	ANDS     r1,r1,r3	false	
Instruction	196	S:0xC004F5B4	0xFBA0230C	0	UMULL    r2,r3,r0,r12	false	
Instruction	197	S:0xC004F5B8	0xFB0C3301	0	MLA      r3,r12,r1,r3	false	
Instruction	198	S:0xC004F5BC	0xE9DD0102	0	LDRD     r0,r1,[sp,#8]	false	
Instruction	199	S:0xC004F5C0	0x1880	0	ADDS     r0,r0,r2	false	
Instruction	200	S:0xC004F5C2	0xEB410103	0	ADC      r1,r1,r3	false	
Instruction	201	S:0xC004F5C6	0xF1B40320	0	SUBS     r3,r4,#0x20	false	
Instruction	202	S:0xC004F5CA	0xE9CD0102	0	STRD     r0,r1,[sp,#8]	false	
Instruction	203	S:0xC004F5CE	0xFA20F804	0	LSR      r8,r0,r4	false	
Instruction	204	S:0xC004F5D2	0xFA41F303	0	ASR      r3,r1,r3	false	
Instruction	205	S:0xC004F5D6	0x9903	0	LDR      r1,[sp,#0xc]	false	
Instruction	206	S:0xC004F5D8	0x9A03	0	LDR      r2,[sp,#0xc]	false	
Instruction	207	S:0xC004F5DA	0xFA01F606	0	LSL      r6,r1,r6	false	
Instruction	208	S:0xC004F5DE	0xEA480806	0	ORR      r8,r8,r6	false	
Instruction	209	S:0xC004F5E2	0xFA42F904	0	ASR      r9,r2,r4	false	
Instruction	210	S:0xC004F5E6	0xBF58	0	IT       PL	false	
Instruction	211	S:0xC004F5E8	0xEA480803	0	ORR      r8,r8,r3	false	
Instruction	212	S:0xC004F5EC	0xE9DD2304	0	LDRD     r2,r3,[sp,#0x10]	false	
Instruction	213	S:0xC004F5F0	0xEB120208	0	ADDS     r2,r2,r8	false	
Instruction	214	S:0xC004F5F4	0xEB430309	0	ADC      r3,r3,r9	false	
Instruction	215	S:0xC004F5F8	0xF3BF8F5F	0	DMB      	false	
Instruction	216	S:0xC004F5FC	0xF8D71090	0	LDR      r1,[r7,#0x90]	false	
Instruction	217	S:0xC004F600	0x428D	0	CMP      r5,r1	false	
Instruction	218	S:0xC004F602	0xD1A3	102	BNE      {pc}-0xb6 ; 0xc004f54c	true	fail
Instruction	219	S:0xC004F604	0x461D	0	MOV      r5,r3	false	
Instruction	220	S:0xC004F606	0x9906	0	LDR      r1,[sp,#0x18]	false	
Instruction	221	S:0xC004F608	0xF44F434A	0	MOV      r3,#0xca00	false	
Instruction	222	S:0xC004F60C	0x4614	0	MOV      r4,r2	false	
Instruction	223	S:0xC004F60E	0xF6C3339A	0	MOVT     r3,#0x3b9a	false	
Instruction	224	S:0xC004F612	0x4650	0	MOV      r0,r10	false	
Instruction	225	S:0xC004F614	0xFBC34501	0	SMLAL    r4,r5,r3,r1	false	
Instruction	226	S:0xC004F618	0xE9CA4500	0	STRD     r4,r5,[r10,#0]	false	
Instruction	227	S:0xC004F61C	0xB00B	0	ADD      sp,sp,#0x2c	false	
Instruction	228	S:0xC004F61E	0xE8BD8FF0	32	POP      {r4-r11,pc}	true	
Instruction	229	S:0xC0055016	0xE9DD2302	0	LDRD     r2,r3,[sp,#8]	false	
Instruction	230	S:0xC005501A	0xE9DA0104	0	LDRD     r0,r1,[r10,#0x10]	false	
Instruction	231	S:0xC005501E	0x4282	0	CMP      r2,r0	false	
Instruction	232	S:0xC0055020	0xEB730401	0	SBCS     r4,r3,r1	false	
Instruction	233	S:0xC0055024	0xDB33	4	BLT      {pc}+0x6a ; 0xc005508e	true	
Instruction	234	S:0xC005508E	0x2201	0	MOVS     r2,#1	false	
Instruction	235	S:0xC0055090	0xF000F96C	31	BL       {pc}+0x2dc ; 0xc005536c	true	
Instruction	236	S:0xC005536C	0xB530	0	PUSH     {r4,r5,lr}	false	
Instruction	237	S:0xC005536E	0xB083	0	SUB      sp,sp,#0xc	false	
Instruction	238	S:0xC0055370	0xB500	0	PUSH     {lr}	false	
Instruction	239	S:0xC0055372	0xF85DEB04	0	POP      {lr}	false	
Instruction	240	S:0xC0055376	0xF6400300	0	MOVW     r3,#0x800	false	
Instruction	241	S:0xC005537A	0x1C15	0	ADDS     r5,r2,#0	false	
Instruction	242	S:0xC005537C	0xF2CC035F	0	MOVT     r3,#0xc05f	false	
Instruction	243	S:0xC0055380	0xEE1D2F90	0	MRC      p15,#0x0,r2,c13,c0,#4	false	
Instruction	244	S:0xC0055384	0x58D4	0	LDR      r4,[r2,r3]	false	
Instruction	245	S:0xC0055386	0xBF18	0	IT       NE	false	
Instruction	246	S:0xC0055388	0x2501	0	MOVS     r5,#1	false	
Instruction	247	S:0xC005538A	0x4602	0	MOV      r2,r0	false	
Instruction	248	S:0xC005538C	0x460B	0	MOV      r3,r1	false	
Instruction	249	S:0xC005538E	0x9500	0	STR      r5,[sp,#0]	false	
Instruction	250	S:0xC0055390	0x4620	0	MOV      r0,r4	false	
Instruction	251	S:0xC0055392	0xF7FEFF63	153	BL       {pc}-0x1136 ; 0xc005425c	true	
Instruction	252	S:0xC005425C	0xE92D43F0	0	PUSH     {r4-r9,lr}	false	
Instruction	253	S:0xC0054260	0xB083	0	SUB      sp,sp,#0xc	false	
Instruction	254	S:0xC0054262	0xB500	0	PUSH     {lr}	false	
Instruction	255	S:0xC0054264	0xF85DEB04	0	POP      {lr}	false	
Instruction	256	S:0xC0054268	0x4614	0	MOV      r4,r2	false	
Instruction	257	S:0xC005426A	0x461D	0	MOV      r5,r3	false	
Instruction	258	S:0xC005426C	0x4680	0	MOV      r8,r0	false	
Instruction	259	S:0xC005426E	0x2C00	0	CMP      r4,#0	false	
Instruction	260	S:0xC0054270	0xF1750100	0	SBCS     r1,r5,#0	false	
Instruction	261	S:0xC0054274	0xF89D9028	0	LDRB     r9,[sp,#0x28]	false	
Instruction	262	S:0xC0054278	0xDB59	7	BLT      {pc}+0xb6 ; 0xc005432e	true	fail
Instruction	263	S:0xC005427A	0x6B01	0	LDR      r1,[r0,#0x30]	false	
Instruction	264	S:0xC005427C	0x6102	0	STR      r2,[r0,#0x10]	false	
Instruction	265	S:0xC005427E	0x2901	0	CMP      r1,#1	false	
Instruction	266	S:0xC0054280	0x6143	0	STR      r3,[r0,#0x14]	false	
Instruction	267	S:0xC0054282	0xD052	5	BEQ      {pc}+0xa8 ; 0xc005432a	true	fail
Instruction	268	S:0xC0054284	0x6B41	0	LDR      r1,[r0,#0x34]	false	
Instruction	269	S:0xC0054286	0x0749	0	LSLS     r1,r1,#29	false	
Instruction	270	S:0xC0054288	0xD440	5	BMI      {pc}+0x84 ; 0xc005430c	true	fail
Instruction	271	S:0xC005428A	0x4668	0	MOV      r0,sp	false	
Instruction	272	S:0xC005428C	0xF7FBF94E	3	BL       {pc}-0x4d60 ; 0xc004f52c	true	
Instruction	273	S:0xC004F52C	0xE92D4FF0	0	PUSH     {r4-r11,lr}	false	
Instruction	274	S:0xC004F530	0xB08B	0	SUB      sp,sp,#0x2c	false	
Instruction	275	S:0xC004F532	0xB500	0	PUSH     {lr}	false	
Instruction	276	S:0xC004F534	0xF85DEB04	0	POP      {lr}	false	
Instruction	277	S:0xC004F538	0x4B3D	0	LDR      r3,[pc,#244] ; [0xC004F630] = 0xC05FC59C	false	
Instruction	278	S:0xC004F53A	0x4682	0	MOV      r10,r0	false	
Instruction	279	S:0xC004F53C	0x681B	0	LDR      r3,[r3,#0]	false	
Instruction	280	S:0xC004F53E	0x2B00	0	CMP      r3,#0	false	
Instruction	281	S:0xC004F540	0xD16F	18	BNE      {pc}+0xe2 ; 0xc004f622	true	fail
Instruction	282	S:0xC004F542	0xF8DF90F4	0	LDR      r9,[pc,#244] ; [0xC004F638] = 0xC064D1C0	false	
Instruction	283	S:0xC004F546	0xF8DFB0F0	0	LDR      r11,[pc,#240] ; [0xC004F638] = 0xC064D1C0	false	
Instruction	284	S:0xC004F54A	0x464F	0	MOV      r7,r9	false	
Instruction	285	S:0xC004F54C	0xF8D75090	0	LDR      r5,[r7,#0x90]	false	
Instruction	286	S:0xC004F550	0x07EA	0	LSLS     r2,r5,#31	false	
Instruction	287	S:0xC004F552	0xD46C	3	BMI      {pc}+0xdc ; 0xc004f62e	true	fail
Instruction	288	S:0xC004F554	0xF3BF8F5F	0	DMB      	false	
Instruction	289	S:0xC004F558	0xF8DB6000	0	LDR      r6,[r11,#0]	false	
Instruction	290	S:0xC004F55C	0xF8DB4054	0	LDR      r4,[r11,#0x54]	false	
Instruction	291	S:0xC004F560	0xE9DB230E	0	LDRD     r2,r3,[r11,#0x38]	false	
Instruction	292	S:0xC004F564	0x4630	0	MOV      r0,r6	false	
Instruction	293	S:0xC004F566	0x6831	0	LDR      r1,[r6,#0]	false	
Instruction	294	S:0xC004F568	0x1912	0	ADDS     r2,r2,r4	false	
Instruction	295	S:0xC004F56A	0xEB4373E4	0	ADC      r3,r3,r4,ASR #31	false	
Instruction	296	S:0xC004F56E	0xE9CD2306	0	STRD     r2,r3,[sp,#0x18]	false	
Instruction	297	S:0xC004F572	0x4788	321	BLX      r1	true	
Cycle Count				61	Tracing disabled		
Info					Tracing enabled		
Instruction	298	S:0xC004F574	0xE9D62302	0	LDRD     r2,r3,[r6,#8]	false	
Instruction	299	S:0xC004F578	0xF8DBC004	0	LDR      r12,[r11,#4]	false	
Instruction	300	S:0xC004F57C	0xF8DB4008	0	LDR      r4,[r11,#8]	false	
Instruction	301	S:0xC004F580	0xE9CD2300	0	STRD     r2,r3,[sp,#0]	false	
Instruction	302	S:0xC004F584	0xE9D62304	0	LDRD     r2,r3,[r6,#0x10]	false	
Instruction	303	S:0xC004F588	0xF8DB6058	0	LDR      r6,[r11,#0x58]	false	
Instruction	304	S:0xC004F58C	0xE9CD2308	0	STRD     r2,r3,[sp,#0x20]	false	
Instruction	305	S:0xC004F590	0xE9DB2310	0	LDRD     r2,r3,[r11,#0x40]	false	
Instruction	306	S:0xC004F594	0x9604	0	STR      r6,[sp,#0x10]	false	
Instruction	307	S:0xC004F596	0xE9CD2302	0	STRD     r2,r3,[sp,#8]	false	
Instruction	308	S:0xC004F59A	0x17F3	0	ASRS     r3,r6,#31	false	
Instruction	309	S:0xC004F59C	0x9305	0	STR      r3,[sp,#0x14]	false	
Instruction	310	S:0xC004F59E	0xF1C40620	0	RSB      r6,r4,#0x20	false	
Instruction	311	S:0xC004F5A2	0xE9DD2300	0	LDRD     r2,r3,[sp,#0]	false	
Instruction	312	S:0xC004F5A6	0x1A80	0	SUBS     r0,r0,r2	false	
Instruction	313	S:0xC004F5A8	0xEB610103	0	SBC      r1,r1,r3	false	
Instruction	314	S:0xC004F5AC	0xE9DD2308	0	LDRD     r2,r3,[sp,#0x20]	false	
Instruction	315	S:0xC004F5B0	0x4010	0	ANDS     r0,r0,r2	false	
Instruction	316	S:0xC004F5B2	0x4019	0	ANDS     r1,r1,r3	false	
Instruction	317	S:0xC004F5B4	0xFBA0230C	0	UMULL    r2,r3,r0,r12	false	
Instruction	318	S:0xC004F5B8	0xFB0C3301	0	MLA      r3,r12,r1,r3	false	
Instruction	319	S:0xC004F5BC	0xE9DD0102	0	LDRD     r0,r1,[sp,#8]	false	
Instruction	320	S:0xC004F5C0	0x1880	0	ADDS     r0,r0,r2	false	
Instruction	321	S:0xC004F5C2	0xEB410103	0	ADC      r1,r1,r3	false	
Instruction	322	S:0xC004F5C6	0xF1B40320	0	SUBS     r3,r4,#0x20	false	
Instruction	323	S:0xC004F5CA	0xE9CD0102	0	STRD     r0,r1,[sp,#8]	false	
Instruction	324	S:0xC004F5CE	0xFA20F804	0	LSR      r8,r0,r4	false	
Instruction	325	S:0xC004F5D2	0xFA41F303	0	ASR      r3,r1,r3	false	
Instruction	326	S:0xC004F5D6	0x9903	0	LDR      r1,[sp,#0xc]	false	
Instruction	327	S:0xC004F5D8	0x9A03	0	LDR      r2,[sp,#0xc]	false	
Instruction	328	S:0xC004F5DA	0xFA01F606	0	LSL      r6,r1,r6	false	
Instruction	329	S:0xC004F5DE	0xEA480806	0	ORR      r8,r8,r6	false	
Instruction	330	S:0xC004F5E2	0xFA42F904	0	ASR      r9,r2,r4	false	
Instruction	331	S:0xC004F5E6	0xBF58	0	IT       PL	false	
Instruction	332	S:0xC004F5E8	0xEA480803	0	ORR      r8,r8,r3	false	
Instruction	333	S:0xC004F5EC	0xE9DD2304	0	LDRD     r2,r3,[sp,#0x10]	false	
Instruction	334	S:0xC004F5F0	0xEB120208	0	ADDS     r2,r2,r8	false	
Instruction	335	S:0xC004F5F4	0xEB430309	0	ADC      r3,r3,r9	false	
Instruction	336	S:0xC004F5F8	0xF3BF8F5F	0	DMB      	false	
Instruction	337	S:0xC004F5FC	0xF8D71090	0	LDR      r1,[r7,#0x90]	false	
Instruction	338	S:0xC004F600	0x428D	0	CMP      r5,r1	false	
Instruction	339	S:0xC004F602	0xD1A3	91	BNE      {pc}-0xb6 ; 0xc004f54c	true	fail
Instruction	340	S:0xC004F604	0x461D	0	MOV      r5,r3	false	
Instruction	341	S:0xC004F606	0x9906	0	LDR      r1,[sp,#0x18]	false	
Instruction	342	S:0xC004F608	0xF44F434A	0	MOV      r3,#0xca00	false	
Instruction	343	S:0xC004F60C	0x4614	0	MOV      r4,r2	false	
Instruction	344	S:0xC004F60E	0xF6C3339A	0	MOVT     r3,#0x3b9a	false	
Instruction	345	S:0xC004F612	0x4650	0	MOV      r0,r10	false	
Instruction	346	S:0xC004F614	0xFBC34501	0	SMLAL    r4,r5,r3,r1	false	
Instruction	347	S:0xC004F618	0xE9CA4500	0	STRD     r4,r5,[r10,#0]	false	
Instruction	348	S:0xC004F61C	0xB00B	0	ADD      sp,sp,#0x2c	false	
Instruction	349	S:0xC004F61E	0xE8BD8FF0	6	POP      {r4-r11,pc}	true	
Instruction	350	S:0xC0054290	0xE9DD6700	0	LDRD     r6,r7,[sp,#0]	false	
Instruction	351	S:0xC0054294	0x1BA4	0	SUBS     r4,r4,r6	false	
Instruction	352	S:0xC0054296	0xEB650507	0	SBC      r5,r5,r7	false	
Instruction	353	S:0xC005429A	0x2C01	0	CMP      r4,#1	false	
Instruction	354	S:0xC005429C	0xF1750200	0	SBCS     r2,r5,#0	false	
Instruction	355	S:0xC00542A0	0xDB3D	6	BLT      {pc}+0x7e ; 0xc005431e	true	fail
Instruction	356	S:0xC00542A2	0xE9D86706	0	LDRD     r6,r7,[r8,#0x18]	false	
Instruction	357	S:0xC00542A6	0xF8D8002C	0	LDR      r0,[r8,#0x2c]	false	
Instruction	358	S:0xC00542AA	0x42B4	0	CMP      r4,r6	false	
Instruction	359	S:0xC00542AC	0xEB750307	0	SBCS     r3,r5,r7	false	
Instruction	360	S:0xC00542B0	0xE9D82308	0	LDRD     r2,r3,[r8,#0x20]	false	
Instruction	361	S:0xC00542B4	0xBFBC	0	ITT      LT	false	
Instruction	362	S:0xC00542B6	0x4626	0	MOV      r6,r4	false	
Instruction	363	S:0xC00542B8	0x462F	0	MOV      r7,r5	false	
Instruction	364	S:0xC00542BA	0x4296	0	CMP      r6,r2	false	
Instruction	365	S:0xC00542BC	0xEB770103	0	SBCS     r1,r7,r3	false	
Instruction	366	S:0xC00542C0	0x4641	0	MOV      r1,r8	false	
Instruction	367	S:0xC00542C2	0xBFB8	0	IT       LT	false	
Instruction	368	S:0xC00542C4	0x461F	0	MOV      r7,r3	false	
Instruction	369	S:0xC00542C6	0xF8D83028	0	LDR      r3,[r8,#0x28]	false	
Instruction	370	S:0xC00542CA	0xBFB8	0	IT       LT	false	
Instruction	371	S:0xC00542CC	0x4616	0	MOV      r6,r2	false	
Instruction	372	S:0xC00542CE	0xF1A00220	0	SUB      r2,r0,#0x20	false	
Instruction	373	S:0xC00542D2	0xFBA64503	0	UMULL    r4,r5,r6,r3	false	
Instruction	374	S:0xC00542D6	0xF1C00620	0	RSB      r6,r0,#0x20	false	
Instruction	375	S:0xC00542DA	0xFB035507	0	MLA      r5,r3,r7,r5	false	
Instruction	376	S:0xC00542DE	0xFA24F000	0	LSR      r0,r4,r0	false	
Instruction	377	S:0xC00542E2	0xFA05F606	0	LSL      r6,r5,r6	false	
Instruction	378	S:0xC00542E6	0xFA25F202	0	LSR      r2,r5,r2	false	
Instruction	379	S:0xC00542EA	0x4330	0	ORRS     r0,r0,r6	false	
Instruction	380	S:0xC00542EC	0x4310	0	ORRS     r0,r0,r2	false	
Instruction	381	S:0xC00542EE	0xF8D82004	0	LDR      r2,[r8,#4]	false	
Instruction	382	S:0xC00542F2	0x4790	19	BLX      r2	true	
Cycle Count				118	Tracing disabled		
Info					Tracing enabled		
Instruction	383	S:0xC00542F4	0x2800	0	CMP      r0,#0	false	
Instruction	384	S:0xC00542F6	0xBF0C	0	ITE      EQ	false	
Instruction	385	S:0xC00542F8	0x2300	0	MOVS     r3,#0	false	
Instruction	386	S:0xC00542FA	0xF0090301	0	AND      r3,r9,#1	false	
Instruction	387	S:0xC00542FE	0xB15B	5	CBZ      r3,{pc}+0x1a ; 0xc0054318	true	
Instruction	388	S:0xC0054318	0xB003	0	ADD      sp,sp,#0xc	false	
Instruction	389	S:0xC005431A	0xE8BD83F0	15	POP      {r4-r9,pc}	true	
Instruction	390	S:0xC0055396	0xB003	0	ADD      sp,sp,#0xc	false	
Instruction	391	S:0xC0055398	0xBD30	1	POP      {r4,r5,pc}	true	
Instruction	392	S:0xC0055094	0xE7A0	1	B        {pc}-0xbc ; 0xc0054fd8	true	
Instruction	393	S:0xC0054FD8	0x4631	0	MOV      r1,r6	false	
Instruction	394	S:0xC0054FDA	0x4839	0	LDR      r0,[pc,#228] ; [0xC00550C0] = 0xC064D4A0	false	
Instruction	395	S:0xC0054FDC	0xB004	0	ADD      sp,sp,#0x10	false	
Instruction	396	S:0xC0054FDE	0xE8BD47F0	0	POP      {r4-r10,lr}	false	
Instruction	397	S:0xC0054FE2	0xF38FBB39	14	B.W      {pc}+0x38f676 ; 0xc03e4658	true	
Instruction	398	S:0xC03E4658	0x?	376	Cannot access target memory	false	
Instruction	399	S:0xC0054836	0xE753	3	B        {pc}-0x156 ; 0xc00546e0	true	
Instruction	400	S:0xC00546E0	0x4620	0	MOV      r0,r4	false	
Instruction	401	S:0xC00546E2	0xB005	0	ADD      sp,sp,#0x14	false	
Instruction	402	S:0xC00546E4	0xE8BD8FF0	19	POP      {r4-r11,pc}	true	
Instruction	403	S:0xC00368EC	0xB116	1	CBZ      r6,{pc}+8 ; 0xc00368f4	true	
Instruction	404	S:0xC00368F4	0x0403	0	LSLS     r3,r0,#16	false	
Instruction	405	S:0xC00368F6	0xD5E9	1	BPL      {pc}-0x2a ; 0xc00368cc	true	
Instruction	406	S:0xC00368CC	0x3D01	0	SUBS     r5,#1	false	
Instruction	407	S:0xC00368CE	0xBF0C	0	ITE      EQ	false	
Instruction	408	S:0xC00368D0	0x2300	0	MOVS     r3,#0	false	
Instruction	409	S:0xC00368D2	0x2301	0	MOVS     r3,#1	false	
Instruction	410	S:0xC00368D4	0x2C00	0	CMP      r4,#0	false	
Instruction	411	S:0xC00368D6	0xBF0C	0	ITE      EQ	false	
Instruction	412	S:0xC00368D8	0x2300	0	MOVS     r3,#0	false	
Instruction	413	S:0xC00368DA	0xF0030301	0	AND      r3,r3,#1	false	
Instruction	414	S:0xC00368DE	0xB15B	2	CBZ      r3,{pc}+0x1a ; 0xc00368f8	true	
Instruction	415	S:0xC00368F8	0xE8BD81F0	6	POP      {r4-r8,pc}	true	
Instruction	416	S:0xC00369BA	0xB002	0	ADD      sp,sp,#8	false	
Instruction	417	S:0xC00369BC	0xBD10	1	POP      {r4,pc}	true	
Instruction	418	S:0xC0053F60	0x2C09	0	CMP      r4,#9	false	
Instruction	419	S:0xC0053F62	0xD005	1	BEQ      {pc}+0xe ; 0xc0053f70	true	fail
Instruction	420	S:0xC0053F64	0x4659	0	MOV      r1,r11	false	
Instruction	421	S:0xC0053F66	0x4834	0	LDR      r0,[pc,#208] ; [0xC0054038] = 0xC064D478	false	
Instruction	422	S:0xC0053F68	0xE8BD4FF8	0	POP      {r3-r11,lr}	false	
Instruction	423	S:0xC0053F6C	0xF390BB74	10	B.W      {pc}+0x3906ec ; 0xc03e4658	true	
Cycle Count				1764	Tracing disabled		
Info					Tracing enabled		
Instruction	424	S:0xC0036998	0xB500	0	PUSH     {lr}	false	
Instruction	425	S:0xC003699A	0xF85DEB04	0	POP      {lr}	false	
Instruction	426	S:0xC003699E	0xF7FFBF83	1	B.W      {pc}-0xf6 ; 0xc00368a8	true	
Instruction	427	S:0xC00368A8	0xE92D41F0	0	PUSH     {r4-r8,lr}	false	
Instruction	428	S:0xC00368AC	0xB500	0	PUSH     {lr}	false	
Instruction	429	S:0xC00368AE	0xF85DEB04	0	POP      {lr}	false	
Instruction	430	S:0xC00368B2	0x461D	0	MOV      r5,r3	false	
Instruction	431	S:0xC00368B4	0x6804	0	LDR      r4,[r0,#0]	false	
Instruction	432	S:0xC00368B6	0x460F	0	MOV      r7,r1	false	
Instruction	433	S:0xC00368B8	0x4690	0	MOV      r8,r2	false	
Instruction	434	S:0xC00368BA	0x9E06	0	LDR      r6,[sp,#0x18]	false	
Instruction	435	S:0xC00368BC	0x2B00	0	CMP      r3,#0	false	
Instruction	436	S:0xC00368BE	0xBF18	0	IT       NE	false	
Instruction	437	S:0xC00368C0	0x2C00	0	CMP      r4,#0	false	
Instruction	438	S:0xC00368C2	0xBF0C	0	ITE      EQ	false	
Instruction	439	S:0xC00368C4	0x2000	0	MOVS     r0,#0	false	
Instruction	440	S:0xC00368C6	0x2001	0	MOVS     r0,#1	false	
Instruction	441	S:0xC00368C8	0xD10A	7	BNE      {pc}+0x18 ; 0xc00368e0	true	
Instruction	442	S:0xC00368E0	0x6823	0	LDR      r3,[r4,#0]	false	
Instruction	443	S:0xC00368E2	0x4620	0	MOV      r0,r4	false	
Instruction	444	S:0xC00368E4	0x4639	0	MOV      r1,r7	false	
Instruction	445	S:0xC00368E6	0x4642	0	MOV      r2,r8	false	
Instruction	446	S:0xC00368E8	0x6864	0	LDR      r4,[r4,#4]	false	
Instruction	447	S:0xC00368EA	0x4798	253	BLX      r3	true	
Cycle Count				972	Tracing disabled		
Info					Tracing enabled		
Instruction	448	S:0xC00368EC	0xB116	1	CBZ      r6,{pc}+8 ; 0xc00368f4	true	
Instruction	449	S:0xC00368F4	0x0403	0	LSLS     r3,r0,#16	false	
Instruction	450	S:0xC00368F6	0xD5E9	1	BPL      {pc}-0x2a ; 0xc00368cc	true	
Instruction	451	S:0xC00368CC	0x3D01	0	SUBS     r5,#1	false	
Instruction	452	S:0xC00368CE	0xBF0C	0	ITE      EQ	false	
Instruction	453	S:0xC00368D0	0x2300	0	MOVS     r3,#0	false	
Instruction	454	S:0xC00368D2	0x2301	0	MOVS     r3,#1	false	
Instruction	455	S:0xC00368D4	0x2C00	0	CMP      r4,#0	false	
Instruction	456	S:0xC00368D6	0xBF0C	0	ITE      EQ	false	
Instruction	457	S:0xC00368D8	0x2300	0	MOVS     r3,#0	false	
Instruction	458	S:0xC00368DA	0xF0030301	0	AND      r3,r3,#1	false	
Instruction	459	S:0xC00368DE	0xB15B	4	CBZ      r3,{pc}+0x1a ; 0xc00368f8	true	fail
Instruction	460	S:0xC00368E0	0x6823	0	LDR      r3,[r4,#0]	false	
Instruction	461	S:0xC00368E2	0x4620	0	MOV      r0,r4	false	
Instruction	462	S:0xC00368E4	0x4639	0	MOV      r1,r7	false	
Instruction	463	S:0xC00368E6	0x4642	0	MOV      r2,r8	false	
Instruction	464	S:0xC00368E8	0x6864	0	LDR      r4,[r4,#4]	false	
Instruction	465	S:0xC00368EA	0x4798	211	BLX      r3	true	
Instruction	466	S:0xC0012388	0xB508	0	PUSH     {r3,lr}	false	
Instruction	467	S:0xC001238A	0xB500	0	PUSH     {lr}	false	
Instruction	468	S:0xC001238C	0xF85DEB04	0	POP      {lr}	false	
Instruction	469	S:0xC0012390	0x2902	0	CMP      r1,#2	false	
Instruction	470	S:0xC0012392	0xD001	150	BEQ      {pc}+6 ; 0xc0012398	true	
Instruction	471	S:0xC0012398	0x2000	0	MOVS     r0,#0	false	
Instruction	472	S:0xC001239A	0xF7FFFF13	11	BL       {pc}-0x1d6 ; 0xc00121c4	true	
Instruction	473	S:0xC00121C4	0xE92D43F8	0	PUSH     {r3-r9,lr}	false	
Instruction	474	S:0xC00121C8	0xB500	0	PUSH     {lr}	false	
Instruction	475	S:0xC00121CA	0xF85DEB04	0	POP      {lr}	false	
Instruction	476	S:0xC00121CE	0x466A	0	MOV      r2,sp	false	
Instruction	477	S:0xC00121D0	0x4D67	0	LDR      r5,[pc,#412] ; [0xC0012370]	false	
Instruction	478	S:0xC00121D2	0xF42258FF	0	BIC      r8,r2,#0x1fe0	false	
Instruction	479	S:0xC00121D6	0xF028081F	0	BIC      r8,r8,#0x1f	false	
Instruction	480	S:0xC00121DA	0x796B	0	LDRB     r3,[r5,#5]	false	
Instruction	481	S:0xC00121DC	0xF8D86014	0	LDR      r6,[r8,#0x14]	false	
Instruction	482	S:0xC00121E0	0x3B01	0	SUBS     r3,#1	false	
Instruction	483	S:0xC00121E2	0x2B04	0	CMP      r3,#4	false	
Instruction	484	S:0xC00121E4	0xD82B	488	BHI      {pc}+0x5a ; 0xc001223e	true	fail
Instruction	485	S:0xC00121E6	0xE8DFF003	20	TBB      [pc,r3]	true	
Instruction	486	S:0xC0012236	0xEE113E93	0	MRC      p14,#0x0,r3,c1,c3,#4	false	
Instruction	487	S:0xC001223A	0x07D9	0	LSLS     r1,r3,#31	false	
Instruction	488	S:0xC001223C	0xD434	30	BMI      {pc}+0x6c ; 0xc00122a8	true	fail
Instruction	489	S:0xC001223E	0xF24313AA	0	MOV      r3,#0x31aa	false	
Instruction	490	S:0xC0012242	0xF6C32353	0	MOVT     r3,#0x3a53	false	
Instruction	491	S:0xC0012246	0xEE013E90	0	MCR      p14,#0x0,r3,c1,c0,#4	false	
Instruction	492	S:0xC001224A	0xF3BF8F6F	28	ISB      	false	
Timestamp					Timestamp: 562537008328		
Instruction	493	S:0xC001224E	0x2300	0	MOVS     r3,#0	false	
Instruction	494	S:0xC0012250	0xEE003E17	0	MCR      p14,#0x0,r3,c0,c7,#0	false	
Instruction	495	S:0xC0012254	0xF3BF8F6F	41	ISB      	false	
Timestamp					Timestamp: 562537008329		
Instruction	496	S:0xC0012258	0xF006091F	0	AND      r9,r6,#0x1f	false	
Instruction	497	S:0xC001225C	0x4A45	0	LDR      r2,[pc,#276] ; [0xC0012374]	false	
Instruction	498	S:0xC001225E	0xF1090901	0	ADD      r9,r9,#1	false	
Instruction	499	S:0xC0012262	0x0973	0	LSRS     r3,r6,#5	false	
Instruction	500	S:0xC0012264	0x782C	0	LDRB     r4,[r5,#0]	false	
Instruction	501	S:0xC0012266	0xEB020989	0	ADD      r9,r2,r9,LSL #2	false	
Instruction	502	S:0xC001226A	0x4A41	0	LDR      r2,[pc,#260] ; [0xC0012370]	false	
Instruction	503	S:0xC001226C	0xEBA90983	0	SUB      r9,r9,r3,LSL #2	false	
Instruction	504	S:0xC0012270	0xF8D93000	0	LDR      r3,[r9,#0]	false	
Instruction	505	S:0xC0012274	0x401C	0	ANDS     r4,r4,r3	false	
Instruction	506	S:0xC0012276	0xD0BB	56	BEQ      {pc}-0x86 ; 0xc00121f0	true	
Instruction	507	S:0xC00121F0	0xEE107E10	0	MRC      p14,#0x0,r7,c0,c0,#0	false	
Instruction	508	S:0xC00121F4	0xF3C76703	0	UBFX     r7,r7,#24,#4	false	
Instruction	509	S:0xC00121F8	0x3701	0	ADDS     r7,#1	false	
Instruction	510	S:0xC00121FA	0xF1040050	0	ADD      r0,r4,#0x50	false	
Instruction	511	S:0xC00121FE	0x2100	0	MOVS     r1,#0	false	
Instruction	512	S:0xC0012200	0xF7FFFD78	7	BL       {pc}-0x50c ; 0xc0011cf4	true	
Instruction	513	S:0xC0011CF4	0xB508	0	PUSH     {r3,lr}	false	
Instruction	514	S:0xC0011CF6	0xB500	0	PUSH     {lr}	false	
Instruction	515	S:0xC0011CF8	0xF85DEB04	0	POP      {lr}	false	
Instruction	516	S:0xC0011CFC	0xF1A00340	0	SUB      r3,r0,#0x40	false	
Instruction	517	S:0xC0011D00	0x2B3F	0	CMP      r3,#0x3f	false	
Instruction	518	S:0xC0011D02	0xF2008104	1	BHI.W    {pc}+0x20c ; 0xc0011f0e	true	fail
Instruction	519	S:0xC0011D06	0xE8DFF013	37	TBH      [pc,r3,LSL #1]	true	
Instruction	520	S:0xC0011EA8	0xEE001EB0	0	MCR      p14,#0x0,r1,c0,c0,#5	false	
Instruction	521	S:0xC0011EAC	0xE76F	199	B        {pc}-0x11e ; 0xc0011d8e	true	
Instruction	522	S:0xC0011D8E	0xF3BF8F6F	18	ISB      	false	
Timestamp					Timestamp: 562537008335		
Instruction	523	S:0xC0011D92	0xBD08	24	POP      {r3,pc}	true	
Instruction	524	S:0xC0012204	0xF1040040	0	ADD      r0,r4,#0x40	false	
Instruction	525	S:0xC0012208	0x2100	0	MOVS     r1,#0	false	
Instruction	526	S:0xC001220A	0x3401	0	ADDS     r4,#1	false	
Instruction	527	S:0xC001220C	0xF7FFFD72	2	BL       {pc}-0x518 ; 0xc0011cf4	true	
Instruction	528	S:0xC0011CF4	0xB508	0	PUSH     {r3,lr}	false	
Instruction	529	S:0xC0011CF6	0xB500	0	PUSH     {lr}	false	
Instruction	530	S:0xC0011CF8	0xF85DEB04	0	POP      {lr}	false	
Instruction	531	S:0xC0011CFC	0xF1A00340	0	SUB      r3,r0,#0x40	false	
Instruction	532	S:0xC0011D00	0x2B3F	0	CMP      r3,#0x3f	false	
Instruction	533	S:0xC0011D02	0xF2008104	13	BHI.W    {pc}+0x20c ; 0xc0011f0e	true	fail
Instruction	534	S:0xC0011D06	0xE8DFF013	4	TBH      [pc,r3,LSL #1]	true	
Instruction	535	S:0xC0011F08	0xEE001E90	0	MCR      p14,#0x0,r1,c0,c0,#4	false	
Instruction	536	S:0xC0011F0C	0xE73F	17	B        {pc}-0x17e ; 0xc0011d8e	true	
Instruction	537	S:0xC0011D8E	0xF3BF8F6F	18	ISB      	false	
Timestamp					Timestamp: 562537008337		
Instruction	538	S:0xC0011D92	0xBD08	24	POP      {r3,pc}	true	
Instruction	539	S:0xC0012210	0x42BC	0	CMP      r4,r7	false	
Instruction	540	S:0xC0012212	0xDBF2	2	BLT      {pc}-0x18 ; 0xc00121fa	true	
Instruction	541	S:0xC00121FA	0xF1040050	0	ADD      r0,r4,#0x50	false	
Instruction	542	S:0xC00121FE	0x2100	0	MOVS     r1,#0	false	
Instruction	543	S:0xC0012200	0xF7FFFD78	1	BL       {pc}-0x50c ; 0xc0011cf4	true	
Instruction	544	S:0xC0011CF4	0xB508	0	PUSH     {r3,lr}	false	
Instruction	545	S:0xC0011CF6	0xB500	0	PUSH     {lr}	false	
Instruction	546	S:0xC0011CF8	0xF85DEB04	0	POP      {lr}	false	
Instruction	547	S:0xC0011CFC	0xF1A00340	0	SUB      r3,r0,#0x40	false	
Instruction	548	S:0xC0011D00	0x2B3F	0	CMP      r3,#0x3f	false	
Instruction	549	S:0xC0011D02	0xF2008104	7	BHI.W    {pc}+0x20c ; 0xc0011f0e	true	fail
Instruction	550	S:0xC0011D06	0xE8DFF013	3	TBH      [pc,r3,LSL #1]	true	
Instruction	551	S:0xC0011EA2	0xEE001EB1	0	MCR      p14,#0x0,r1,c0,c1,#5	false	
Instruction	552	S:0xC0011EA6	0xE772	17	B        {pc}-0x118 ; 0xc0011d8e	true	
Instruction	553	S:0xC0011D8E	0xF3BF8F6F	18	ISB      	false	
Timestamp					Timestamp: 562537008338		
Instruction	554	S:0xC0011D92	0xBD08	24	POP      {r3,pc}	true	
Instruction	555	S:0xC0012204	0xF1040040	0	ADD      r0,r4,#0x40	false	
Instruction	556	S:0xC0012208	0x2100	0	MOVS     r1,#0	false	
Instruction	557	S:0xC001220A	0x3401	0	ADDS     r4,#1	false	
Instruction	558	S:0xC001220C	0xF7FFFD72	2	BL       {pc}-0x518 ; 0xc0011cf4	true	
Instruction	559	S:0xC0011CF4	0xB508	0	PUSH     {r3,lr}	false	
Instruction	560	S:0xC0011CF6	0xB500	0	PUSH     {lr}	false	
Instruction	561	S:0xC0011CF8	0xF85DEB04	0	POP      {lr}	false	
Instruction	562	S:0xC0011CFC	0xF1A00340	0	SUB      r3,r0,#0x40	false	
Instruction	563	S:0xC0011D00	0x2B3F	0	CMP      r3,#0x3f	false	
Instruction	564	S:0xC0011D02	0xF2008104	5	BHI.W    {pc}+0x20c ; 0xc0011f0e	true	fail
Instruction	565	S:0xC0011D06	0xE8DFF013	4	TBH      [pc,r3,LSL #1]	true	
Instruction	566	S:0xC0011F02	0xEE001E91	0	MCR      p14,#0x0,r1,c0,c1,#4	false	
Instruction	567	S:0xC0011F06	0xE742	17	B        {pc}-0x178 ; 0xc0011d8e	true	
Instruction	568	S:0xC0011D8E	0xF3BF8F6F	18	ISB      	false	
Timestamp					Timestamp: 562537008340		
Instruction	569	S:0xC0011D92	0xBD08	24	POP      {r3,pc}	true	
Instruction	570	S:0xC0012210	0x42BC	0	CMP      r4,r7	false	
Instruction	571	S:0xC0012212	0xDBF2	2	BLT      {pc}-0x18 ; 0xc00121fa	true	
Instruction	572	S:0xC00121FA	0xF1040050	0	ADD      r0,r4,#0x50	false	
Instruction	573	S:0xC00121FE	0x2100	0	MOVS     r1,#0	false	
Instruction	574	S:0xC0012200	0xF7FFFD78	1	BL       {pc}-0x50c ; 0xc0011cf4	true	
Instruction	575	S:0xC0011CF4	0xB508	0	PUSH     {r3,lr}	false	
Instruction	576	S:0xC0011CF6	0xB500	0	PUSH     {lr}	false	
Instruction	577	S:0xC0011CF8	0xF85DEB04	0	POP      {lr}	false	
Instruction	578	S:0xC0011CFC	0xF1A00340	0	SUB      r3,r0,#0x40	false	
Instruction	579	S:0xC0011D00	0x2B3F	0	CMP      r3,#0x3f	false	
Instruction	580	S:0xC0011D02	0xF2008104	6	BHI.W    {pc}+0x20c ; 0xc0011f0e	true	fail
Instruction	581	S:0xC0011D06	0xE8DFF013	3	TBH      [pc,r3,LSL #1]	true	
Instruction	582	S:0xC0011E9C	0xEE001EB2	0	MCR      p14,#0x0,r1,c0,c2,#5	false	
Instruction	583	S:0xC0011EA0	0xE775	17	B        {pc}-0x112 ; 0xc0011d8e	true	
Instruction	584	S:0xC0011D8E	0xF3BF8F6F	18	ISB      	false	
Timestamp					Timestamp: 562537008341		
Instruction	585	S:0xC0011D92	0xBD08	24	POP      {r3,pc}	true	
Instruction	586	S:0xC0012204	0xF1040040	0	ADD      r0,r4,#0x40	false	
Instruction	587	S:0xC0012208	0x2100	0	MOVS     r1,#0	false	
Instruction	588	S:0xC001220A	0x3401	0	ADDS     r4,#1	false	
Instruction	589	S:0xC001220C	0xF7FFFD72	2	BL       {pc}-0x518 ; 0xc0011cf4	true	
Instruction	590	S:0xC0011CF4	0xB508	0	PUSH     {r3,lr}	false	
Instruction	591	S:0xC0011CF6	0xB500	0	PUSH     {lr}	false	
Instruction	592	S:0xC0011CF8	0xF85DEB04	0	POP      {lr}	false	
Instruction	593	S:0xC0011CFC	0xF1A00340	0	SUB      r3,r0,#0x40	false	
Instruction	594	S:0xC0011D00	0x2B3F	0	CMP      r3,#0x3f	false	
Instruction	595	S:0xC0011D02	0xF2008104	5	BHI.W    {pc}+0x20c ; 0xc0011f0e	true	fail
Instruction	596	S:0xC0011D06	0xE8DFF013	4	TBH      [pc,r3,LSL #1]	true	
Instruction	597	S:0xC0011EFC	0xEE001E92	0	MCR      p14,#0x0,r1,c0,c2,#4	false	
Instruction	598	S:0xC0011F00	0xE745	17	B        {pc}-0x172 ; 0xc0011d8e	true	
Instruction	599	S:0xC0011D8E	0xF3BF8F6F	18	ISB      	false	
Timestamp					Timestamp: 562537008342		
Instruction	600	S:0xC0011D92	0xBD08	24	POP      {r3,pc}	true	
Instruction	601	S:0xC0012210	0x42BC	0	CMP      r4,r7	false	
Instruction	602	S:0xC0012212	0xDBF2	2	BLT      {pc}-0x18 ; 0xc00121fa	true	
Instruction	603	S:0xC00121FA	0xF1040050	0	ADD      r0,r4,#0x50	false	
Instruction	604	S:0xC00121FE	0x2100	0	MOVS     r1,#0	false	
Instruction	605	S:0xC0012200	0xF7FFFD78	1	BL       {pc}-0x50c ; 0xc0011cf4	true	
Instruction	606	S:0xC0011CF4	0xB508	0	PUSH     {r3,lr}	false	
Instruction	607	S:0xC0011CF6	0xB500	0	PUSH     {lr}	false	
Instruction	608	S:0xC0011CF8	0xF85DEB04	0	POP      {lr}	false	
Instruction	609	S:0xC0011CFC	0xF1A00340	0	SUB      r3,r0,#0x40	false	
Instruction	610	S:0xC0011D00	0x2B3F	0	CMP      r3,#0x3f	false	
Instruction	611	S:0xC0011D02	0xF2008104	6	BHI.W    {pc}+0x20c ; 0xc0011f0e	true	fail
Instruction	612	S:0xC0011D06	0xE8DFF013	3	TBH      [pc,r3,LSL #1]	true	
Instruction	613	S:0xC0011E96	0xEE001EB3	0	MCR      p14,#0x0,r1,c0,c3,#5	false	
Instruction	614	S:0xC0011E9A	0xE778	17	B        {pc}-0x10c ; 0xc0011d8e	true	
Instruction	615	S:0xC0011D8E	0xF3BF8F6F	18	ISB      	false	
Timestamp					Timestamp: 562537008344		
Instruction	616	S:0xC0011D92	0xBD08	24	POP      {r3,pc}	true	
Instruction	617	S:0xC0012204	0xF1040040	0	ADD      r0,r4,#0x40	false	
Instruction	618	S:0xC0012208	0x2100	0	MOVS     r1,#0	false	
Instruction	619	S:0xC001220A	0x3401	0	ADDS     r4,#1	false	
Instruction	620	S:0xC001220C	0xF7FFFD72	2	BL       {pc}-0x518 ; 0xc0011cf4	true	
Instruction	621	S:0xC0011CF4	0xB508	0	PUSH     {r3,lr}	false	
Instruction	622	S:0xC0011CF6	0xB500	0	PUSH     {lr}	false	
Instruction	623	S:0xC0011CF8	0xF85DEB04	0	POP      {lr}	false	
Instruction	624	S:0xC0011CFC	0xF1A00340	0	SUB      r3,r0,#0x40	false	
Instruction	625	S:0xC0011D00	0x2B3F	0	CMP      r3,#0x3f	false	
Instruction	626	S:0xC0011D02	0xF2008104	5	BHI.W    {pc}+0x20c ; 0xc0011f0e	true	fail
Instruction	627	S:0xC0011D06	0xE8DFF013	4	TBH      [pc,r3,LSL #1]	true	
Instruction	628	S:0xC0011EF6	0xEE001E93	0	MCR      p14,#0x0,r1,c0,c3,#4	false	
Instruction	629	S:0xC0011EFA	0xE748	17	B        {pc}-0x16c ; 0xc0011d8e	true	
Instruction	630	S:0xC0011D8E	0xF3BF8F6F	18	ISB      	false	
Timestamp					Timestamp: 562537008345		
Instruction	631	S:0xC0011D92	0xBD08	24	POP      {r3,pc}	true	
Instruction	632	S:0xC0012210	0x42BC	0	CMP      r4,r7	false	
Instruction	633	S:0xC0012212	0xDBF2	2	BLT      {pc}-0x18 ; 0xc00121fa	true	
Instruction	634	S:0xC00121FA	0xF1040050	0	ADD      r0,r4,#0x50	false	
Instruction	635	S:0xC00121FE	0x2100	0	MOVS     r1,#0	false	
Instruction	636	S:0xC0012200	0xF7FFFD78	1	BL       {pc}-0x50c ; 0xc0011cf4	true	
Instruction	637	S:0xC0011CF4	0xB508	0	PUSH     {r3,lr}	false	
Instruction	638	S:0xC0011CF6	0xB500	0	PUSH     {lr}	false	
Instruction	639	S:0xC0011CF8	0xF85DEB04	0	POP      {lr}	false	
Instruction	640	S:0xC0011CFC	0xF1A00340	0	SUB      r3,r0,#0x40	false	
Instruction	641	S:0xC0011D00	0x2B3F	0	CMP      r3,#0x3f	false	
Instruction	642	S:0xC0011D02	0xF2008104	6	BHI.W    {pc}+0x20c ; 0xc0011f0e	true	fail
Instruction	643	S:0xC0011D06	0xE8DFF013	3	TBH      [pc,r3,LSL #1]	true	
Instruction	644	S:0xC0011E90	0xEE001EB4	0	MCR      p14,#0x0,r1,c0,c4,#5	false	
Instruction	645	S:0xC0011E94	0xE77B	17	B        {pc}-0x106 ; 0xc0011d8e	true	
Instruction	646	S:0xC0011D8E	0xF3BF8F6F	18	ISB      	false	
Timestamp					Timestamp: 562537008347		
Instruction	647	S:0xC0011D92	0xBD08	24	POP      {r3,pc}	true	
Instruction	648	S:0xC0012204	0xF1040040	0	ADD      r0,r4,#0x40	false	
Instruction	649	S:0xC0012208	0x2100	0	MOVS     r1,#0	false	
Instruction	650	S:0xC001220A	0x3401	0	ADDS     r4,#1	false	
Instruction	651	S:0xC001220C	0xF7FFFD72	2	BL       {pc}-0x518 ; 0xc0011cf4	true	
Instruction	652	S:0xC0011CF4	0xB508	0	PUSH     {r3,lr}	false	
Instruction	653	S:0xC0011CF6	0xB500	0	PUSH     {lr}	false	
Instruction	654	S:0xC0011CF8	0xF85DEB04	0	POP      {lr}	false	
Instruction	655	S:0xC0011CFC	0xF1A00340	0	SUB      r3,r0,#0x40	false	
Instruction	656	S:0xC0011D00	0x2B3F	0	CMP      r3,#0x3f	false	
Instruction	657	S:0xC0011D02	0xF2008104	5	BHI.W    {pc}+0x20c ; 0xc0011f0e	true	fail
Instruction	658	S:0xC0011D06	0xE8DFF013	4	TBH      [pc,r3,LSL #1]	true	
Instruction	659	S:0xC0011EF0	0xEE001E94	0	MCR      p14,#0x0,r1,c0,c4,#4	false	
Instruction	660	S:0xC0011EF4	0xE74B	17	B        {pc}-0x166 ; 0xc0011d8e	true	
Instruction	661	S:0xC0011D8E	0xF3BF8F6F	18	ISB      	false	
Timestamp					Timestamp: 562537008348		
Instruction	662	S:0xC0011D92	0xBD08	24	POP      {r3,pc}	true	
Instruction	663	S:0xC0012210	0x42BC	0	CMP      r4,r7	false	
Instruction	664	S:0xC0012212	0xDBF2	2	BLT      {pc}-0x18 ; 0xc00121fa	true	
Instruction	665	S:0xC00121FA	0xF1040050	0	ADD      r0,r4,#0x50	false	
Instruction	666	S:0xC00121FE	0x2100	0	MOVS     r1,#0	false	
Instruction	667	S:0xC0012200	0xF7FFFD78	1	BL       {pc}-0x50c ; 0xc0011cf4	true	
Instruction	668	S:0xC0011CF4	0xB508	0	PUSH     {r3,lr}	false	
Instruction	669	S:0xC0011CF6	0xB500	0	PUSH     {lr}	false	
Instruction	670	S:0xC0011CF8	0xF85DEB04	0	POP      {lr}	false	
Instruction	671	S:0xC0011CFC	0xF1A00340	0	SUB      r3,r0,#0x40	false	
Instruction	672	S:0xC0011D00	0x2B3F	0	CMP      r3,#0x3f	false	
Instruction	673	S:0xC0011D02	0xF2008104	6	BHI.W    {pc}+0x20c ; 0xc0011f0e	true	fail
Instruction	674	S:0xC0011D06	0xE8DFF013	3	TBH      [pc,r3,LSL #1]	true	
Instruction	675	S:0xC0011E8A	0xEE001EB5	0	MCR      p14,#0x0,r1,c0,c5,#5	false	
Instruction	676	S:0xC0011E8E	0xE77E	17	B        {pc}-0x100 ; 0xc0011d8e	true	
Instruction	677	S:0xC0011D8E	0xF3BF8F6F	18	ISB      	false	
Timestamp					Timestamp: 562537008349		
Instruction	678	S:0xC0011D92	0xBD08	24	POP      {r3,pc}	true	
Instruction	679	S:0xC0012204	0xF1040040	0	ADD      r0,r4,#0x40	false	
Instruction	680	S:0xC0012208	0x2100	0	MOVS     r1,#0	false	
Instruction	681	S:0xC001220A	0x3401	0	ADDS     r4,#1	false	
Instruction	682	S:0xC001220C	0xF7FFFD72	2	BL       {pc}-0x518 ; 0xc0011cf4	true	
Instruction	683	S:0xC0011CF4	0xB508	0	PUSH     {r3,lr}	false	
Instruction	684	S:0xC0011CF6	0xB500	0	PUSH     {lr}	false	
Instruction	685	S:0xC0011CF8	0xF85DEB04	0	POP      {lr}	false	
Instruction	686	S:0xC0011CFC	0xF1A00340	0	SUB      r3,r0,#0x40	false	
Instruction	687	S:0xC0011D00	0x2B3F	0	CMP      r3,#0x3f	false	
Instruction	688	S:0xC0011D02	0xF2008104	5	BHI.W    {pc}+0x20c ; 0xc0011f0e	true	fail
Instruction	689	S:0xC0011D06	0xE8DFF013	4	TBH      [pc,r3,LSL #1]	true	
Instruction	690	S:0xC0011EEA	0xEE001E95	0	MCR      p14,#0x0,r1,c0,c5,#4	false	
Instruction	691	S:0xC0011EEE	0xE74E	17	B        {pc}-0x160 ; 0xc0011d8e	true	
Instruction	692	S:0xC0011D8E	0xF3BF8F6F	18	ISB      	false	
Timestamp					Timestamp: 562537008351		
Instruction	693	S:0xC0011D92	0xBD08	24	POP      {r3,pc}	true	
Instruction	694	S:0xC0012210	0x42BC	0	CMP      r4,r7	false	
Instruction	695	S:0xC0012212	0xDBF2	2	BLT      {pc}-0x18 ; 0xc00121fa	true	fail
Instruction	696	S:0xC0012214	0x68EB	0	LDR      r3,[r5,#0xc]	false	
Instruction	697	S:0xC0012216	0x2B00	0	CMP      r3,#0	false	
Instruction	698	S:0xC0012218	0xBFC8	0	IT       GT	false	
Instruction	699	S:0xC001221A	0x2400	0	MOVS     r4,#0	false	
Instruction	700	S:0xC001221C	0xDC57	17	BGT      {pc}+0xb2 ; 0xc00122ce	true	
Instruction	701	S:0xC00122CE	0xF1040070	0	ADD      r0,r4,#0x70	false	
Instruction	702	S:0xC00122D2	0x2100	0	MOVS     r1,#0	false	
Instruction	703	S:0xC00122D4	0xF7FFFD0E	31	BL       {pc}-0x5e0 ; 0xc0011cf4	true	
Instruction	704	S:0xC0011CF4	0xB508	0	PUSH     {r3,lr}	false	
Instruction	705	S:0xC0011CF6	0xB500	0	PUSH     {lr}	false	
Instruction	706	S:0xC0011CF8	0xF85DEB04	0	POP      {lr}	false	
Instruction	707	S:0xC0011CFC	0xF1A00340	0	SUB      r3,r0,#0x40	false	
Instruction	708	S:0xC0011D00	0x2B3F	0	CMP      r3,#0x3f	false	
Instruction	709	S:0xC0011D02	0xF2008104	16	BHI.W    {pc}+0x20c ; 0xc0011f0e	true	fail
Instruction	710	S:0xC0011D06	0xE8DFF013	16	TBH      [pc,r3,LSL #1]	true	
Instruction	711	S:0xC0011DE8	0xEE001EF0	0	MCR      p14,#0x0,r1,c0,c0,#7	false	
Instruction	712	S:0xC0011DEC	0xE7CF	35	B        {pc}-0x5e ; 0xc0011d8e	true	
Instruction	713	S:0xC0011D8E	0xF3BF8F6F	18	ISB      	false	
Timestamp					Timestamp: 562537008354		
Instruction	714	S:0xC0011D92	0xBD08	24	POP      {r3,pc}	true	
Instruction	715	S:0xC00122D8	0xF1040060	0	ADD      r0,r4,#0x60	false	
Instruction	716	S:0xC00122DC	0x2100	0	MOVS     r1,#0	false	
Instruction	717	S:0xC00122DE	0x3401	0	ADDS     r4,#1	false	
Instruction	718	S:0xC00122E0	0xF7FFFD08	2	BL       {pc}-0x5ec ; 0xc0011cf4	true	
Instruction	719	S:0xC0011CF4	0xB508	0	PUSH     {r3,lr}	false	
Instruction	720	S:0xC0011CF6	0xB500	0	PUSH     {lr}	false	
Instruction	721	S:0xC0011CF8	0xF85DEB04	0	POP      {lr}	false	
Instruction	722	S:0xC0011CFC	0xF1A00340	0	SUB      r3,r0,#0x40	false	
Instruction	723	S:0xC0011D00	0x2B3F	0	CMP      r3,#0x3f	false	
Instruction	724	S:0xC0011D02	0xF2008104	6	BHI.W    {pc}+0x20c ; 0xc0011f0e	true	fail
Instruction	725	S:0xC0011D06	0xE8DFF013	3	TBH      [pc,r3,LSL #1]	true	
Instruction	726	S:0xC0011E48	0xEE001ED0	0	MCR      p14,#0x0,r1,c0,c0,#6	false	
Instruction	727	S:0xC0011E4C	0xE79F	35	B        {pc}-0xbe ; 0xc0011d8e	true	
Instruction	728	S:0xC0011D8E	0xF3BF8F6F	18	ISB      	false	
Timestamp					Timestamp: 562537008356		
Instruction	729	S:0xC0011D92	0xBD08	24	POP      {r3,pc}	true	
Instruction	730	S:0xC00122E4	0x68EB	0	LDR      r3,[r5,#0xc]	false	
Instruction	731	S:0xC00122E6	0x42A3	0	CMP      r3,r4	false	
Instruction	732	S:0xC00122E8	0xDCF1	2	BGT      {pc}-0x1a ; 0xc00122ce	true	
Instruction	733	S:0xC00122CE	0xF1040070	0	ADD      r0,r4,#0x70	false	
Instruction	734	S:0xC00122D2	0x2100	0	MOVS     r1,#0	false	
Instruction	735	S:0xC00122D4	0xF7FFFD0E	1	BL       {pc}-0x5e0 ; 0xc0011cf4	true	
Instruction	736	S:0xC0011CF4	0xB508	0	PUSH     {r3,lr}	false	
Instruction	737	S:0xC0011CF6	0xB500	0	PUSH     {lr}	false	
Instruction	738	S:0xC0011CF8	0xF85DEB04	0	POP      {lr}	false	
Instruction	739	S:0xC0011CFC	0xF1A00340	0	SUB      r3,r0,#0x40	false	
Instruction	740	S:0xC0011D00	0x2B3F	0	CMP      r3,#0x3f	false	
Instruction	741	S:0xC0011D02	0xF2008104	10	BHI.W    {pc}+0x20c ; 0xc0011f0e	true	fail
Instruction	742	S:0xC0011D06	0xE8DFF013	4	TBH      [pc,r3,LSL #1]	true	
Instruction	743	S:0xC0011DE2	0xEE001EF1	0	MCR      p14,#0x0,r1,c0,c1,#7	false	
Instruction	744	S:0xC0011DE6	0xE7D2	17	B        {pc}-0x58 ; 0xc0011d8e	true	
Instruction	745	S:0xC0011D8E	0xF3BF8F6F	18	ISB      	false	
Timestamp					Timestamp: 562537008357		
Instruction	746	S:0xC0011D92	0xBD08	24	POP      {r3,pc}	true	
Instruction	747	S:0xC00122D8	0xF1040060	0	ADD      r0,r4,#0x60	false	
Instruction	748	S:0xC00122DC	0x2100	0	MOVS     r1,#0	false	
Instruction	749	S:0xC00122DE	0x3401	0	ADDS     r4,#1	false	
Instruction	750	S:0xC00122E0	0xF7FFFD08	2	BL       {pc}-0x5ec ; 0xc0011cf4	true	
Instruction	751	S:0xC0011CF4	0xB508	0	PUSH     {r3,lr}	false	
Instruction	752	S:0xC0011CF6	0xB500	0	PUSH     {lr}	false	
Instruction	753	S:0xC0011CF8	0xF85DEB04	0	POP      {lr}	false	
Instruction	754	S:0xC0011CFC	0xF1A00340	0	SUB      r3,r0,#0x40	false	
Instruction	755	S:0xC0011D00	0x2B3F	0	CMP      r3,#0x3f	false	
Instruction	756	S:0xC0011D02	0xF2008104	5	BHI.W    {pc}+0x20c ; 0xc0011f0e	true	fail
Instruction	757	S:0xC0011D06	0xE8DFF013	4	TBH      [pc,r3,LSL #1]	true	
Instruction	758	S:0xC0011E42	0xEE001ED1	0	MCR      p14,#0x0,r1,c0,c1,#6	false	
Instruction	759	S:0xC0011E46	0xE7A2	17	B        {pc}-0xb8 ; 0xc0011d8e	true	
Instruction	760	S:0xC0011D8E	0xF3BF8F6F	18	ISB      	false	
Timestamp					Timestamp: 562537008359		
Instruction	761	S:0xC0011D92	0xBD08	24	POP      {r3,pc}	true	
Instruction	762	S:0xC00122E4	0x68EB	0	LDR      r3,[r5,#0xc]	false	
Instruction	763	S:0xC00122E6	0x42A3	0	CMP      r3,r4	false	
Instruction	764	S:0xC00122E8	0xDCF1	2	BGT      {pc}-0x1a ; 0xc00122ce	true	
Instruction	765	S:0xC00122CE	0xF1040070	0	ADD      r0,r4,#0x70	false	
Instruction	766	S:0xC00122D2	0x2100	0	MOVS     r1,#0	false	
Instruction	767	S:0xC00122D4	0xF7FFFD0E	1	BL       {pc}-0x5e0 ; 0xc0011cf4	true	
Instruction	768	S:0xC0011CF4	0xB508	0	PUSH     {r3,lr}	false	
Instruction	769	S:0xC0011CF6	0xB500	0	PUSH     {lr}	false	
Instruction	770	S:0xC0011CF8	0xF85DEB04	0	POP      {lr}	false	
Instruction	771	S:0xC0011CFC	0xF1A00340	0	SUB      r3,r0,#0x40	false	
Instruction	772	S:0xC0011D00	0x2B3F	0	CMP      r3,#0x3f	false	
Instruction	773	S:0xC0011D02	0xF2008104	6	BHI.W    {pc}+0x20c ; 0xc0011f0e	true	fail
Instruction	774	S:0xC0011D06	0xE8DFF013	4	TBH      [pc,r3,LSL #1]	true	
Instruction	775	S:0xC0011DDC	0xEE001EF2	0	MCR      p14,#0x0,r1,c0,c2,#7	false	
Instruction	776	S:0xC0011DE0	0xE7D5	17	B        {pc}-0x52 ; 0xc0011d8e	true	
Instruction	777	S:0xC0011D8E	0xF3BF8F6F	18	ISB      	false	
Timestamp					Timestamp: 562537008360		
Instruction	778	S:0xC0011D92	0xBD08	24	POP      {r3,pc}	true	
Instruction	779	S:0xC00122D8	0xF1040060	0	ADD      r0,r4,#0x60	false	
Instruction	780	S:0xC00122DC	0x2100	0	MOVS     r1,#0	false	
Instruction	781	S:0xC00122DE	0x3401	0	ADDS     r4,#1	false	
Instruction	782	S:0xC00122E0	0xF7FFFD08	2	BL       {pc}-0x5ec ; 0xc0011cf4	true	
Instruction	783	S:0xC0011CF4	0xB508	0	PUSH     {r3,lr}	false	
Instruction	784	S:0xC0011CF6	0xB500	0	PUSH     {lr}	false	
Instruction	785	S:0xC0011CF8	0xF85DEB04	0	POP      {lr}	false	
Instruction	786	S:0xC0011CFC	0xF1A00340	0	SUB      r3,r0,#0x40	false	
Instruction	787	S:0xC0011D00	0x2B3F	0	CMP      r3,#0x3f	false	
Instruction	788	S:0xC0011D02	0xF2008104	5	BHI.W    {pc}+0x20c ; 0xc0011f0e	true	fail
Instruction	789	S:0xC0011D06	0xE8DFF013	4	TBH      [pc,r3,LSL #1]	true	
Instruction	790	S:0xC0011E3C	0xEE001ED2	0	MCR      p14,#0x0,r1,c0,c2,#6	false	
Instruction	791	S:0xC0011E40	0xE7A5	17	B        {pc}-0xb2 ; 0xc0011d8e	true	
Instruction	792	S:0xC0011D8E	0xF3BF8F6F	18	ISB      	false	
Timestamp					Timestamp: 562537008362		
Instruction	793	S:0xC0011D92	0xBD08	24	POP      {r3,pc}	true	
Instruction	794	S:0xC00122E4	0x68EB	0	LDR      r3,[r5,#0xc]	false	
Instruction	795	S:0xC00122E6	0x42A3	0	CMP      r3,r4	false	
Instruction	796	S:0xC00122E8	0xDCF1	2	BGT      {pc}-0x1a ; 0xc00122ce	true	
Instruction	797	S:0xC00122CE	0xF1040070	0	ADD      r0,r4,#0x70	false	
Instruction	798	S:0xC00122D2	0x2100	0	MOVS     r1,#0	false	
Instruction	799	S:0xC00122D4	0xF7FFFD0E	1	BL       {pc}-0x5e0 ; 0xc0011cf4	true	
Instruction	800	S:0xC0011CF4	0xB508	0	PUSH     {r3,lr}	false	
Instruction	801	S:0xC0011CF6	0xB500	0	PUSH     {lr}	false	
Instruction	802	S:0xC0011CF8	0xF85DEB04	0	POP      {lr}	false	
Instruction	803	S:0xC0011CFC	0xF1A00340	0	SUB      r3,r0,#0x40	false	
Instruction	804	S:0xC0011D00	0x2B3F	0	CMP      r3,#0x3f	false	
Instruction	805	S:0xC0011D02	0xF2008104	6	BHI.W    {pc}+0x20c ; 0xc0011f0e	true	fail
Instruction	806	S:0xC0011D06	0xE8DFF013	4	TBH      [pc,r3,LSL #1]	true	
Instruction	807	S:0xC0011DD6	0xEE001EF3	0	MCR      p14,#0x0,r1,c0,c3,#7	false	
Instruction	808	S:0xC0011DDA	0xE7D8	17	B        {pc}-0x4c ; 0xc0011d8e	true	
Instruction	809	S:0xC0011D8E	0xF3BF8F6F	18	ISB      	false	
Timestamp					Timestamp: 562537008363		
Instruction	810	S:0xC0011D92	0xBD08	24	POP      {r3,pc}	true	
Instruction	811	S:0xC00122D8	0xF1040060	0	ADD      r0,r4,#0x60	false	
Instruction	812	S:0xC00122DC	0x2100	0	MOVS     r1,#0	false	
Instruction	813	S:0xC00122DE	0x3401	0	ADDS     r4,#1	false	
Instruction	814	S:0xC00122E0	0xF7FFFD08	2	BL       {pc}-0x5ec ; 0xc0011cf4	true	
Instruction	815	S:0xC0011CF4	0xB508	0	PUSH     {r3,lr}	false	
Instruction	816	S:0xC0011CF6	0xB500	0	PUSH     {lr}	false	
Instruction	817	S:0xC0011CF8	0xF85DEB04	0	POP      {lr}	false	
Instruction	818	S:0xC0011CFC	0xF1A00340	0	SUB      r3,r0,#0x40	false	
Instruction	819	S:0xC0011D00	0x2B3F	0	CMP      r3,#0x3f	false	
Instruction	820	S:0xC0011D02	0xF2008104	5	BHI.W    {pc}+0x20c ; 0xc0011f0e	true	fail
Instruction	821	S:0xC0011D06	0xE8DFF013	4	TBH      [pc,r3,LSL #1]	true	
Instruction	822	S:0xC0011E36	0xEE001ED3	0	MCR      p14,#0x0,r1,c0,c3,#6	false	
Instruction	823	S:0xC0011E3A	0xE7A8	17	B        {pc}-0xac ; 0xc0011d8e	true	
Instruction	824	S:0xC0011D8E	0xF3BF8F6F	18	ISB      	false	
Timestamp					Timestamp: 562537008364		
Instruction	825	S:0xC0011D92	0xBD08	26	POP      {r3,pc}	true	
Instruction	826	S:0xC00122E4	0x68EB	0	LDR      r3,[r5,#0xc]	false	
Instruction	827	S:0xC00122E6	0x42A3	0	CMP      r3,r4	false	
Instruction	828	S:0xC00122E8	0xDCF1	1	BGT      {pc}-0x1a ; 0xc00122ce	true	fail
Instruction	829	S:0xC00122EA	0xE798	11	B        {pc}-0xcc ; 0xc001221e	true	
Instruction	830	S:0xC001221E	0xF8D93000	0	LDR      r3,[r9,#0]	false	
Instruction	831	S:0xC0012222	0x782A	0	LDRB     r2,[r5,#0]	false	
Instruction	832	S:0xC0012224	0x4C52	0	LDR      r4,[pc,#328] ; [0xC0012370]	false	
Instruction	833	S:0xC0012226	0x421A	0	TST      r2,r3	false	
Instruction	834	S:0xC0012228	0xD160	16	BNE      {pc}+0xc4 ; 0xc00122ec	true	fail
Instruction	835	S:0xC001222A	0xEE104E11	0	MRC      p14,#0x0,r4,c0,c1,#0	false	
Instruction	836	S:0xC001222E	0x0422	0	LSLS     r2,r4,#16	false	
Instruction	837	S:0xC0012230	0xD567	10	BPL      {pc}+0xd2 ; 0xc0012302	true	fail
Instruction	838	S:0xC0012232	0xE8BD83F8	5	POP      {r3-r9,pc}	true	
Instruction	839	S:0xC001239E	0x2001	0	MOVS     r0,#1	false	
Instruction	840	S:0xC00123A0	0xBD08	1	POP      {r3,pc}	true	
Instruction	841	S:0xC00368EC	0xB116	1	CBZ      r6,{pc}+8 ; 0xc00368f4	true	
Instruction	842	S:0xC00368F4	0x0403	0	LSLS     r3,r0,#16	false	
Instruction	843	S:0xC00368F6	0xD5E9	1	BPL      {pc}-0x2a ; 0xc00368cc	true	
Instruction	844	S:0xC00368CC	0x3D01	0	SUBS     r5,#1	false	
Instruction	845	S:0xC00368CE	0xBF0C	0	ITE      EQ	false	
Instruction	846	S:0xC00368D0	0x2300	0	MOVS     r3,#0	false	
Instruction	847	S:0xC00368D2	0x2301	0	MOVS     r3,#1	false	
Instruction	848	S:0xC00368D4	0x2C00	0	CMP      r4,#0	false	
Instruction	849	S:0xC00368D6	0xBF0C	0	ITE      EQ	false	
Instruction	850	S:0xC00368D8	0x2300	0	MOVS     r3,#0	false	
Instruction	851	S:0xC00368DA	0xF0030301	0	AND      r3,r3,#1	false	
Instruction	852	S:0xC00368DE	0xB15B	3	CBZ      r3,{pc}+0x1a ; 0xc00368f8	true	fail
Instruction	853	S:0xC00368E0	0x6823	0	LDR      r3,[r4,#0]	false	
Instruction	854	S:0xC00368E2	0x4620	0	MOV      r0,r4	false	
Instruction	855	S:0xC00368E4	0x4639	0	MOV      r1,r7	false	
Instruction	856	S:0xC00368E6	0x4642	0	MOV      r2,r8	false	
Instruction	857	S:0xC00368E8	0x6864	0	LDR      r4,[r4,#4]	false	
Instruction	858	S:0xC00368EA	0x4798	195	BLX      r3	true	
Instruction	859	S:0xC00139B4	0xB510	0	PUSH     {r4,lr}	false	
Instruction	860	S:0xC00139B6	0xB500	0	PUSH     {lr}	false	
Instruction	861	S:0xC00139B8	0xF85DEB04	0	POP      {lr}	false	
Instruction	862	S:0xC00139BC	0x466A	0	MOV      r2,sp	false	
Instruction	863	S:0xC00139BE	0xF42253FF	0	BIC      r3,r2,#0x1fe0	false	
Instruction	864	S:0xC00139C2	0x480E	0	LDR      r0,[pc,#56] ; [0xC00139FC] = 0xC05FD5C0	false	
Instruction	865	S:0xC00139C4	0xF023031F	0	BIC      r3,r3,#0x1f	false	
Instruction	866	S:0xC00139C8	0x4A0D	0	LDR      r2,[pc,#52] ; [0xC0013A00] = 0xC05F02C4	false	
Instruction	867	S:0xC00139CA	0x695C	0	LDR      r4,[r3,#0x14]	false	
Instruction	868	S:0xC00139CC	0x4613	0	MOV      r3,r2	false	
Instruction	869	S:0xC00139CE	0x3210	0	ADDS     r2,r2,#0x10	false	
Instruction	870	S:0xC00139D0	0xF8500024	0	LDR      r0,[r0,r4,LSL #2]	false	
Instruction	871	S:0xC00139D4	0x1812	0	ADDS     r2,r2,r0	false	
Instruction	872	S:0xC00139D6	0x5818	0	LDR      r0,[r3,r0]	false	
Instruction	873	S:0xC00139D8	0xB170	341	CBZ      r0,{pc}+0x20 ; 0xc00139f8	true	fail
Instruction	874	S:0xC00139DA	0xB931	1	CBNZ     r1,{pc}+0x10 ; 0xc00139ea	true	
Instruction	875	S:0xC00139EA	0x2902	0	CMP      r1,#2	false	
Instruction	876	S:0xC00139EC	0xD103	1	BNE      {pc}+0xa ; 0xc00139f6	true	fail
Instruction	877	S:0xC00139EE	0xF8D0309C	0	LDR      r3,[r0,#0x9c]	false	
Instruction	878	S:0xC00139F2	0x2B00	0	CMP      r3,#0	false	
Instruction	879	S:0xC00139F4	0xD1F5	233	BNE      {pc}-0x12 ; 0xc00139e2	true	
Instruction	880	S:0xC00139E2	0x4611	0	MOV      r1,r2	false	
Instruction	881	S:0xC00139E4	0x4798	1	BLX      r3	true	
Instruction	882	S:0xC0014270	0xB418	0	PUSH     {r3,r4}	false	
Instruction	883	S:0xC0014272	0xB500	0	PUSH     {lr}	false	
Instruction	884	S:0xC0014274	0xF85DEB04	0	POP      {lr}	false	
Instruction	885	S:0xC0014278	0x680B	0	LDR      r3,[r1,#0]	false	
Instruction	886	S:0xC001427A	0x07DA	0	LSLS     r2,r3,#31	false	
Instruction	887	S:0xC001427C	0xD528	152	BPL      {pc}+0x54 ; 0xc00142d0	true	fail
Instruction	888	S:0xC001427E	0x684A	0	LDR      r2,[r1,#4]	false	
Instruction	889	S:0xC0014280	0xEE092F3C	0	MCR      p15,#0x0,r2,c9,c12,#1	false	
Instruction	890	S:0xC0014284	0x688A	0	LDR      r2,[r1,#8]	false	
Instruction	891	S:0xC0014286	0xEE092F1E	0	MCR      p15,#0x0,r2,c9,c14,#0	false	
Instruction	892	S:0xC001428A	0x68CA	0	LDR      r2,[r1,#0xc]	false	
Instruction	893	S:0xC001428C	0xEE092F3E	0	MCR      p15,#0x0,r2,c9,c14,#1	false	
Instruction	894	S:0xC0014290	0x6B0A	0	LDR      r2,[r1,#0x30]	false	
Instruction	895	S:0xC0014292	0xEE092F1D	0	MCR      p15,#0x0,r2,c9,c13,#0	false	
Instruction	896	S:0xC0014296	0xF8D020A0	0	LDR      r2,[r0,#0xa0]	false	
Instruction	897	S:0xC001429A	0x2A01	0	CMP      r2,#1	false	
Instruction	898	S:0xC001429C	0xD016	221	BEQ      {pc}+0x30 ; 0xc00142cc	true	fail
Instruction	899	S:0xC001429E	0x460A	0	MOV      r2,r1	false	
Instruction	900	S:0xC00142A0	0x2301	0	MOVS     r3,#1	false	
Instruction	901	S:0xC00142A2	0x1E5C	0	SUBS     r4,r3,#1	false	
Instruction	902	S:0xC00142A4	0xF004041F	0	AND      r4,r4,#0x1f	false	
Instruction	903	S:0xC00142A8	0xEE094FBC	0	MCR      p15,#0x0,r4,c9,c12,#5	false	
Instruction	904	S:0xC00142AC	0xF3BF8F6F	23	ISB      	false	
Timestamp					Timestamp: 562537008389		
Instruction	905	S:0xC00142B0	0x6954	0	LDR      r4,[r2,#0x14]	false	
Instruction	906	S:0xC00142B2	0xEE094F3D	0	MCR      p15,#0x0,r4,c9,c13,#1	false	
Instruction	907	S:0xC00142B6	0x6B54	0	LDR      r4,[r2,#0x34]	false	
Instruction	908	S:0xC00142B8	0xEE094F5D	0	MCR      p15,#0x0,r4,c9,c13,#2	false	
Instruction	909	S:0xC00142BC	0xF8D040A0	0	LDR      r4,[r0,#0xa0]	false	
Instruction	910	S:0xC00142C0	0x3301	0	ADDS     r3,#1	false	
Instruction	911	S:0xC00142C2	0x3204	0	ADDS     r2,#4	false	
Instruction	912	S:0xC00142C4	0x3C01	0	SUBS     r4,#1	false	
Instruction	913	S:0xC00142C6	0x42A3	0	CMP      r3,r4	false	
Instruction	914	S:0xC00142C8	0xD9EB	30	BLS      {pc}-0x26 ; 0xc00142a2	true	
Instruction	915	S:0xC00142A2	0x1E5C	0	SUBS     r4,r3,#1	false	
Instruction	916	S:0xC00142A4	0xF004041F	0	AND      r4,r4,#0x1f	false	
Instruction	917	S:0xC00142A8	0xEE094FBC	0	MCR      p15,#0x0,r4,c9,c12,#5	false	
Instruction	918	S:0xC00142AC	0xF3BF8F6F	22	ISB      	false	
Timestamp					Timestamp: 562537008390		
Instruction	919	S:0xC00142B0	0x6954	0	LDR      r4,[r2,#0x14]	false	
Instruction	920	S:0xC00142B2	0xEE094F3D	0	MCR      p15,#0x0,r4,c9,c13,#1	false	
Instruction	921	S:0xC00142B6	0x6B54	0	LDR      r4,[r2,#0x34]	false	
Instruction	922	S:0xC00142B8	0xEE094F5D	0	MCR      p15,#0x0,r4,c9,c13,#2	false	
Instruction	923	S:0xC00142BC	0xF8D040A0	0	LDR      r4,[r0,#0xa0]	false	
Instruction	924	S:0xC00142C0	0x3301	0	ADDS     r3,#1	false	
Instruction	925	S:0xC00142C2	0x3204	0	ADDS     r2,#4	false	
Instruction	926	S:0xC00142C4	0x3C01	0	SUBS     r4,#1	false	
Instruction	927	S:0xC00142C6	0x42A3	0	CMP      r3,r4	false	
Instruction	928	S:0xC00142C8	0xD9EB	30	BLS      {pc}-0x26 ; 0xc00142a2	true	
Instruction	929	S:0xC00142A2	0x1E5C	0	SUBS     r4,r3,#1	false	
Instruction	930	S:0xC00142A4	0xF004041F	0	AND      r4,r4,#0x1f	false	
Instruction	931	S:0xC00142A8	0xEE094FBC	0	MCR      p15,#0x0,r4,c9,c12,#5	false	
Instruction	932	S:0xC00142AC	0xF3BF8F6F	22	ISB      	false	
Timestamp					Timestamp: 562537008391		
Instruction	933	S:0xC00142B0	0x6954	0	LDR      r4,[r2,#0x14]	false	
Instruction	934	S:0xC00142B2	0xEE094F3D	0	MCR      p15,#0x0,r4,c9,c13,#1	false	
Instruction	935	S:0xC00142B6	0x6B54	0	LDR      r4,[r2,#0x34]	false	
Instruction	936	S:0xC00142B8	0xEE094F5D	0	MCR      p15,#0x0,r4,c9,c13,#2	false	
Instruction	937	S:0xC00142BC	0xF8D040A0	0	LDR      r4,[r0,#0xa0]	false	
Instruction	938	S:0xC00142C0	0x3301	0	ADDS     r3,#1	false	
Instruction	939	S:0xC00142C2	0x3204	0	ADDS     r2,#4	false	
Instruction	940	S:0xC00142C4	0x3C01	0	SUBS     r4,#1	false	
Instruction	941	S:0xC00142C6	0x42A3	0	CMP      r3,r4	false	
Instruction	942	S:0xC00142C8	0xD9EB	30	BLS      {pc}-0x26 ; 0xc00142a2	true	
Instruction	943	S:0xC00142A2	0x1E5C	0	SUBS     r4,r3,#1	false	
Instruction	944	S:0xC00142A4	0xF004041F	0	AND      r4,r4,#0x1f	false	
Instruction	945	S:0xC00142A8	0xEE094FBC	0	MCR      p15,#0x0,r4,c9,c12,#5	false	
Instruction	946	S:0xC00142AC	0xF3BF8F6F	22	ISB      	false	
Timestamp					Timestamp: 562537008392		
Instruction	947	S:0xC00142B0	0x6954	0	LDR      r4,[r2,#0x14]	false	
Instruction	948	S:0xC00142B2	0xEE094F3D	0	MCR      p15,#0x0,r4,c9,c13,#1	false	
Instruction	949	S:0xC00142B6	0x6B54	0	LDR      r4,[r2,#0x34]	false	
Instruction	950	S:0xC00142B8	0xEE094F5D	0	MCR      p15,#0x0,r4,c9,c13,#2	false	
Instruction	951	S:0xC00142BC	0xF8D040A0	0	LDR      r4,[r0,#0xa0]	false	
Instruction	952	S:0xC00142C0	0x3301	0	ADDS     r3,#1	false	
Instruction	953	S:0xC00142C2	0x3204	0	ADDS     r2,#4	false	
Instruction	954	S:0xC00142C4	0x3C01	0	SUBS     r4,#1	false	
Instruction	955	S:0xC00142C6	0x42A3	0	CMP      r3,r4	false	
Instruction	956	S:0xC00142C8	0xD9EB	30	BLS      {pc}-0x26 ; 0xc00142a2	true	
Instruction	957	S:0xC00142A2	0x1E5C	0	SUBS     r4,r3,#1	false	
Instruction	958	S:0xC00142A4	0xF004041F	0	AND      r4,r4,#0x1f	false	
Instruction	959	S:0xC00142A8	0xEE094FBC	0	MCR      p15,#0x0,r4,c9,c12,#5	false	
Instruction	960	S:0xC00142AC	0xF3BF8F6F	22	ISB      	false	
Timestamp					Timestamp: 562537008393		
Instruction	961	S:0xC00142B0	0x6954	0	LDR      r4,[r2,#0x14]	false	
Instruction	962	S:0xC00142B2	0xEE094F3D	0	MCR      p15,#0x0,r4,c9,c13,#1	false	
Instruction	963	S:0xC00142B6	0x6B54	0	LDR      r4,[r2,#0x34]	false	
Instruction	964	S:0xC00142B8	0xEE094F5D	0	MCR      p15,#0x0,r4,c9,c13,#2	false	
Instruction	965	S:0xC00142BC	0xF8D040A0	0	LDR      r4,[r0,#0xa0]	false	
Instruction	966	S:0xC00142C0	0x3301	0	ADDS     r3,#1	false	
Instruction	967	S:0xC00142C2	0x3204	0	ADDS     r2,#4	false	
Instruction	968	S:0xC00142C4	0x3C01	0	SUBS     r4,#1	false	
Instruction	969	S:0xC00142C6	0x42A3	0	CMP      r3,r4	false	
Instruction	970	S:0xC00142C8	0xD9EB	34	BLS      {pc}-0x26 ; 0xc00142a2	true	
Instruction	971	S:0xC00142A2	0x1E5C	0	SUBS     r4,r3,#1	false	
Instruction	972	S:0xC00142A4	0xF004041F	0	AND      r4,r4,#0x1f	false	
Instruction	973	S:0xC00142A8	0xEE094FBC	0	MCR      p15,#0x0,r4,c9,c12,#5	false	
Instruction	974	S:0xC00142AC	0xF3BF8F6F	18	ISB      	false	
Timestamp					Timestamp: 562537008394		
Instruction	975	S:0xC00142B0	0x6954	0	LDR      r4,[r2,#0x14]	false	
Instruction	976	S:0xC00142B2	0xEE094F3D	0	MCR      p15,#0x0,r4,c9,c13,#1	false	
Instruction	977	S:0xC00142B6	0x6B54	0	LDR      r4,[r2,#0x34]	false	
Instruction	978	S:0xC00142B8	0xEE094F5D	0	MCR      p15,#0x0,r4,c9,c13,#2	false	
Instruction	979	S:0xC00142BC	0xF8D040A0	0	LDR      r4,[r0,#0xa0]	false	
Instruction	980	S:0xC00142C0	0x3301	0	ADDS     r3,#1	false	
Instruction	981	S:0xC00142C2	0x3204	0	ADDS     r2,#4	false	
Instruction	982	S:0xC00142C4	0x3C01	0	SUBS     r4,#1	false	
Instruction	983	S:0xC00142C6	0x42A3	0	CMP      r3,r4	false	
Instruction	984	S:0xC00142C8	0xD9EB	30	BLS      {pc}-0x26 ; 0xc00142a2	true	fail
Instruction	985	S:0xC00142CA	0x680B	0	LDR      r3,[r1,#0]	false	
Instruction	986	S:0xC00142CC	0xEE093F1C	0	MCR      p15,#0x0,r3,c9,c12,#0	false	
Instruction	987	S:0xC00142D0	0xBC18	0	POP      {r3,r4}	false	
Instruction	988	S:0xC00142D2	0x4770	4	BX       lr	true	
Instruction	989	S:0xC00139E6	0x2001	0	MOVS     r0,#1	false	
Instruction	990	S:0xC00139E8	0xBD10	1	POP      {r4,pc}	true	
Instruction	991	S:0xC00368EC	0xB116	1	CBZ      r6,{pc}+8 ; 0xc00368f4	true	
Instruction	992	S:0xC00368F4	0x0403	0	LSLS     r3,r0,#16	false	
Instruction	993	S:0xC00368F6	0xD5E9	1	BPL      {pc}-0x2a ; 0xc00368cc	true	
Instruction	994	S:0xC00368CC	0x3D01	0	SUBS     r5,#1	false	
Instruction	995	S:0xC00368CE	0xBF0C	0	ITE      EQ	false	
Instruction	996	S:0xC00368D0	0x2300	0	MOVS     r3,#0	false	
Instruction	997	S:0xC00368D2	0x2301	0	MOVS     r3,#1	false	
Instruction	998	S:0xC00368D4	0x2C00	0	CMP      r4,#0	false	
Instruction	999	S:0xC00368D6	0xBF0C	0	ITE      EQ	false	
Instruction	1000	S:0xC00368D8	0x2300	0	MOVS     r3,#0	false	
Instruction	1001	S:0xC00368DA	0xF0030301	0	AND      r3,r3,#1	false	
Instruction	1002	S:0xC00368DE	0xB15B	5	CBZ      r3,{pc}+0x1a ; 0xc00368f8	true	fail
Instruction	1003	S:0xC00368E0	0x6823	0	LDR      r3,[r4,#0]	false	
Instruction	1004	S:0xC00368E2	0x4620	0	MOV      r0,r4	false	
Instruction	1005	S:0xC00368E4	0x4639	0	MOV      r1,r7	false	
Instruction	1006	S:0xC00368E6	0x4642	0	MOV      r2,r8	false	
Instruction	1007	S:0xC00368E8	0x6864	0	LDR      r4,[r4,#4]	false	
Instruction	1008	S:0xC00368EA	0x4798	28	BLX      r3	true	
Instruction	1009	S:0xC0008994	0xB538	0	PUSH     {r3-r5,lr}	false	
Instruction	1010	S:0xC0008996	0xB500	0	PUSH     {lr}	false	
Instruction	1011	S:0xC0008998	0xF85DEB04	0	POP      {lr}	false	
Instruction	1012	S:0xC000899C	0xB981	23	CBNZ     r1,{pc}+0x24 ; 0xc00089c0	true	
Instruction	1013	S:0xC00089C0	0x2902	0	CMP      r1,#2	false	
Instruction	1014	S:0xC00089C2	0xD8FB	1	BHI      {pc}-6 ; 0xc00089bc	true	fail
Instruction	1015	S:0xC00089C4	0xEE113F50	0	MRC      p15,#0x0,r3,c1,c0,#2	false	
Instruction	1016	S:0xC00089C8	0xF4430370	0	ORR      r3,r3,#0xf00000	false	
Instruction	1017	S:0xC00089CC	0xEE013F50	0	MCR      p15,#0x0,r3,c1,c0,#2	false	
Instruction	1018	S:0xC00089D0	0xF3BF8F6F	24	ISB      	false	
Timestamp					Timestamp: 562537008397		
Instruction	1019	S:0xC00089D4	0xEEF83A10	0	VMRS     r3,FPEXC	false	
Instruction	1020	S:0xC00089D8	0xF0234380	0	BIC      r3,r3,#0x40000000	false	
Instruction	1021	S:0xC00089DC	0xEEE83A10	0	VMSR     FPEXC,r3	false	
Instruction	1022	S:0xC00089E0	0x2001	0	MOVS     r0,#1	false	
Instruction	1023	S:0xC00089E2	0xBD38	79	POP      {r3-r5,pc}	true	
Instruction	1024	S:0xC00368EC	0xB116	1	CBZ      r6,{pc}+8 ; 0xc00368f4	true	
Instruction	1025	S:0xC00368F4	0x0403	0	LSLS     r3,r0,#16	false	
Instruction	1026	S:0xC00368F6	0xD5E9	1	BPL      {pc}-0x2a ; 0xc00368cc	true	
Instruction	1027	S:0xC00368CC	0x3D01	0	SUBS     r5,#1	false	
Instruction	1028	S:0xC00368CE	0xBF0C	0	ITE      EQ	false	
Instruction	1029	S:0xC00368D0	0x2300	0	MOVS     r3,#0	false	
Instruction	1030	S:0xC00368D2	0x2301	0	MOVS     r3,#1	false	
Instruction	1031	S:0xC00368D4	0x2C00	0	CMP      r4,#0	false	
Instruction	1032	S:0xC00368D6	0xBF0C	0	ITE      EQ	false	
Instruction	1033	S:0xC00368D8	0x2300	0	MOVS     r3,#0	false	
Instruction	1034	S:0xC00368DA	0xF0030301	0	AND      r3,r3,#1	false	
Instruction	1035	S:0xC00368DE	0xB15B	3	CBZ      r3,{pc}+0x1a ; 0xc00368f8	true	
Instruction	1036	S:0xC00368F8	0xE8BD81F0	8	POP      {r4-r8,pc}	true	
Cycle Count				473	Tracing disabled		
Info					Tracing enabled		
Instruction	1037	S:0xC004F674	0xB508	0	PUSH     {r3,lr}	false	
Instruction	1038	S:0xC004F676	0xB500	0	PUSH     {lr}	false	
Instruction	1039	S:0xC004F678	0xF85DEB04	0	POP      {lr}	false	
Instruction	1040	S:0xC004F67C	0xF7FFFC84	3	BL       {pc}-0x6f4 ; 0xc004ef88	true	
Instruction	1041	S:0xC004EF88	0xE92D47F0	0	PUSH     {r4-r10,lr}	false	
Instruction	1042	S:0xC004EF8C	0xB084	0	SUB      sp,sp,#0x10	false	
Instruction	1043	S:0xC004EF8E	0xB500	0	PUSH     {lr}	false	
Instruction	1044	S:0xC004EF90	0xF85DEB04	0	POP      {lr}	false	
Instruction	1045	S:0xC004EF94	0x4D3E	0	LDR      r5,[pc,#248] ; [0xC004F090] = 0xC064D1C0	false	
Instruction	1046	S:0xC004EF96	0x4682	0	MOV      r10,r0	false	
Instruction	1047	S:0xC004EF98	0x462C	0	MOV      r4,r5	false	
Instruction	1048	S:0xC004EF9A	0xF8D57090	0	LDR      r7,[r5,#0x90]	false	
Instruction	1049	S:0xC004EF9E	0x07FE	0	LSLS     r6,r7,#31	false	
Instruction	1050	S:0xC004EFA0	0xD46A	115	BMI      {pc}+0xd8 ; 0xc004f078	true	fail
Instruction	1051	S:0xC004EFA2	0xF3BF8F5F	0	DMB      	false	
Instruction	1052	S:0xC004EFA6	0x6BA3	0	LDR      r3,[r4,#0x38]	false	
Instruction	1053	S:0xC004EFA8	0xF8CA3000	0	STR      r3,[r10,#0]	false	
Instruction	1054	S:0xC004EFAC	0x6826	0	LDR      r6,[r4,#0]	false	
Instruction	1055	S:0xC004EFAE	0x4630	0	MOV      r0,r6	false	
Instruction	1056	S:0xC004EFB0	0x6833	0	LDR      r3,[r6,#0]	false	
Instruction	1057	S:0xC004EFB2	0x4798	106	BLX      r3	true	
Cycle Count				84	Tracing disabled		
Info					Tracing enabled		
Instruction	1058	S:0xC004EFB4	0xE9D62302	0	LDRD     r2,r3,[r6,#8]	false	
Instruction	1059	S:0xC004EFB8	0xE9CD2300	0	STRD     r2,r3,[sp,#0]	false	
Instruction	1060	S:0xC004EFBC	0xE9D62304	0	LDRD     r2,r3,[r6,#0x10]	false	
Instruction	1061	S:0xC004EFC0	0xE9CD2302	0	STRD     r2,r3,[sp,#8]	false	
Instruction	1062	S:0xC004EFC4	0x6862	0	LDR      r2,[r4,#4]	false	
Instruction	1063	S:0xC004EFC6	0x6C63	0	LDR      r3,[r4,#0x44]	false	
Instruction	1064	S:0xC004EFC8	0x4680	0	MOV      r8,r0	false	
Instruction	1065	S:0xC004EFCA	0x4689	0	MOV      r9,r1	false	
Instruction	1066	S:0xC004EFCC	0x6C20	0	LDR      r0,[r4,#0x40]	false	
Instruction	1067	S:0xC004EFCE	0x68A1	0	LDR      r1,[r4,#8]	false	
Instruction	1068	S:0xC004EFD0	0xF3BF8F5F	0	DMB      	false	
Instruction	1069	S:0xC004EFD4	0xF8D46090	0	LDR      r6,[r4,#0x90]	false	
Instruction	1070	S:0xC004EFD8	0x42B7	0	CMP      r7,r6	false	
Instruction	1071	S:0xC004EFDA	0xD1DE	67	BNE      {pc}-0x40 ; 0xc004ef9a	true	fail
Instruction	1072	S:0xC004EFDC	0xE9DD4500	0	LDRD     r4,r5,[sp,#0]	false	
Instruction	1073	S:0xC004EFE0	0xE9DD6702	0	LDRD     r6,r7,[sp,#8]	false	
Instruction	1074	S:0xC004EFE4	0xEBB80804	0	SUBS     r8,r8,r4	false	
Instruction	1075	S:0xC004EFE8	0xEB690905	0	SBC      r9,r9,r5	false	
Instruction	1076	S:0xC004EFEC	0x4604	0	MOV      r4,r0	false	
Instruction	1077	S:0xC004EFEE	0xEA080806	0	AND      r8,r8,r6	false	
Instruction	1078	S:0xC004EFF2	0xEA090907	0	AND      r9,r9,r7	false	
Instruction	1079	S:0xC004EFF6	0xF1C10020	0	RSB      r0,r1,#0x20	false	
Instruction	1080	S:0xC004EFFA	0xF8DAC000	0	LDR      r12,[r10,#0]	false	
Instruction	1081	S:0xC004EFFE	0xFBA86702	0	UMULL    r6,r7,r8,r2	false	
Instruction	1082	S:0xC004F002	0x19A4	0	ADDS     r4,r4,r6	false	
Instruction	1083	S:0xC004F004	0xFB027709	0	MLA      r7,r2,r9,r7	false	
Instruction	1084	S:0xC004F008	0xFA24F201	0	LSR      r2,r4,r1	false	
Instruction	1085	S:0xC004F00C	0xEB430507	0	ADC      r5,r3,r7	false	
Instruction	1086	S:0xC004F010	0xF1B10620	0	SUBS     r6,r1,#0x20	false	
Instruction	1087	S:0xC004F014	0xFA05F000	0	LSL      r0,r5,r0	false	
Instruction	1088	S:0xC004F018	0xBF58	0	IT       PL	false	
Instruction	1089	S:0xC004F01A	0xFA45F606	0	ASR      r6,r5,r6	false	
Instruction	1090	S:0xC004F01E	0xEA420200	0	ORR      r2,r2,r0	false	
Instruction	1091	S:0xC004F022	0xFA45F301	0	ASR      r3,r5,r1	false	
Instruction	1092	S:0xC004F026	0xBF58	0	IT       PL	false	
Instruction	1093	S:0xC004F028	0x4332	0	ORRS     r2,r2,r6	false	
Instruction	1094	S:0xC004F02A	0xA715	0	ADR      r7,{pc}+0x56 ; 0xc004f080	false	
Instruction	1095	S:0xC004F02C	0xE9D76700	0	LDRD     r6,r7,[r7,#0]	false	
Instruction	1096	S:0xC004F030	0x429F	0	CMP      r7,r3	false	
Instruction	1097	S:0xC004F032	0xBF08	0	IT       EQ	false	
Instruction	1098	S:0xC004F034	0x4296	0	CMP      r6,r2	false	
Instruction	1099	S:0xC004F036	0xD21D	146	BCS      {pc}+0x3e ; 0xc004f074	true	
Instruction	1100	S:0xC004F074	0x2600	0	MOVS     r6,#0	false	
Instruction	1101	S:0xC004F076	0xE7EE	37	B        {pc}-0x20 ; 0xc004f056	true	
Instruction	1102	S:0xC004F056	0x4B0F	0	LDR      r3,[pc,#60] ; [0xC004F094] = 0xC05FC59C	false	
Instruction	1103	S:0xC004F058	0x4466	0	ADD      r6,r6,r12	false	
Instruction	1104	S:0xC004F05A	0xF8CA6000	0	STR      r6,[r10,#0]	false	
Instruction	1105	S:0xC004F05E	0xF8CA2004	0	STR      r2,[r10,#4]	false	
Instruction	1106	S:0xC004F062	0x681B	0	LDR      r3,[r3,#0]	false	
Instruction	1107	S:0xC004F064	0x2B00	0	CMP      r3,#0	false	
Instruction	1108	S:0xC004F066	0xBF14	0	ITE      NE	false	
Instruction	1109	S:0xC004F068	0xF06F000A	0	MVN      r0,#0xa	false	
Instruction	1110	S:0xC004F06C	0x2000	0	MOVS     r0,#0	false	
Instruction	1111	S:0xC004F06E	0xB004	0	ADD      sp,sp,#0x10	false	
Instruction	1112	S:0xC004F070	0xE8BD87F0	23	POP      {r4-r10,pc}	true	
Instruction	1113	S:0xC004F680	0xB900	1	CBNZ     r0,{pc}+4 ; 0xc004f684	true	fail
Instruction	1114	S:0xC004F682	0xBD08	1	POP      {r3,pc}	true	
Cycle Count				740	Tracing disabled		
Info					Tracing enabled		
Instruction	1115	S:0xC000C8A0	0xB091	0	SUB      sp,sp,#0x44	false	
Instruction	1116	S:0xC000C8A2	0x9000	0	STR      r0,[sp,#0]	false	
Instruction	1117	S:0xC000C8A4	0x4668	0	MOV      r0,sp	false	
Instruction	1118	S:0xC000C8A6	0xF0100F04	0	TST      r0,#4	false	
Instruction	1119	S:0xC000C8AA	0x9800	0	LDR      r0,[sp,#0]	false	
Instruction	1120	S:0xC000C8AC	0xBF08	0	IT       EQ	false	
Instruction	1121	S:0xC000C8AE	0xB081	0	SUB      sp,sp,#4	false	
Instruction	1122	S:0xC000C8B0	0xE88D1FFE	0	STM      sp,{r1-r12}	false	
Instruction	1123	S:0xC000C8B4	0xE8900038	0	LDM      r0,{r3-r5}	false	
Instruction	1124	S:0xC000C8B8	0xAF0C	0	ADD      r7,sp,#0x30	false	
Instruction	1125	S:0xC000C8BA	0xF04F36FF	0	MOV      r6,#0xffffffff	false	
Instruction	1126	S:0xC000C8BE	0xAA11	0	ADD      r2,sp,#0x44	false	
Instruction	1127	S:0xC000C8C0	0xBF08	0	IT       EQ	false	
Instruction	1128	S:0xC000C8C2	0x3204	0	ADDS     r2,#4	false	
Instruction	1129	S:0xC000C8C4	0xF84D3D04	0	PUSH.W   {r3}	false	
Instruction	1130	S:0xC000C8C8	0x4673	0	MOV      r3,lr	false	
Instruction	1131	S:0xC000C8CA	0xE887007C	0	STM      r7,{r2-r6}	false	
Instruction	1132	S:0xC000C8CE	0x490A	0	LDR      r1,[pc,#40] ; [0xC000C8F8] = 0xC06013DC	false	
Instruction	1133	S:0xC000C8D0	0x4668	0	MOV      r0,sp	false	
Instruction	1134	S:0xC000C8D2	0xF20F0E07	0	ADR.W    lr,{pc}+9 ; 0xc000c8db	false	
Instruction	1135	S:0xC000C8D6	0xF8D1F000	425	LDR      pc,[r1,#0]	true	
Instruction	1136	S:0xC00083D0	0xE92D41F0	0	PUSH     {r4-r8,lr}	false	
Instruction	1137	S:0xC00083D4	0xB500	0	PUSH     {lr}	false	
Instruction	1138	S:0xC00083D6	0xF004FD19	145	BL       {pc}+0x4a36 ; 0xc000ce0c	true	
Instruction	1139	S:0xC000CE0C	0x46F4	0	MOV      r12,lr	false	
Instruction	1140	S:0xC000CE0E	0xF85DEB04	0	POP      {lr}	false	
Instruction	1141	S:0xC000CE12	0x46E7	2	MOV      pc,r12	true	
Instruction	1142	S:0xC00083DA	0x4607	0	MOV      r7,r0	false	
Instruction	1143	S:0xC00083DC	0x4E0F	0	LDR      r6,[pc,#60] ; [0xC000841C] = 0xC05FD730	false	
Instruction	1144	S:0xC00083DE	0xF8D6800C	0	LDR      r8,[r6,#0xc]	false	
Instruction	1145	S:0xC00083E2	0xF108040C	0	ADD      r4,r8,#0xc	false	
Instruction	1146	S:0xC00083E6	0xE006	177	B        {pc}+0x10 ; 0xc00083f6	true	
Instruction	1147	S:0xC00083F6	0x6822	0	LDR      r2,[r4,#0]	false	
Instruction	1148	S:0xC00083F8	0xF42250E0	0	BIC      r0,r2,#0x1c00	false	
Instruction	1149	S:0xC00083FC	0xF1A00510	0	SUB      r5,r0,#0x10	false	
Instruction	1150	S:0xC0008400	0x4601	0	MOV      r1,r0	false	
Instruction	1151	S:0xC0008402	0xF5B57F7B	0	CMP      r5,#0x3ec	false	
Instruction	1152	S:0xC0008406	0xD9EF	114	BLS      {pc}-0x1e ; 0xc00083e8	true	fail
Instruction	1153	S:0xC0008408	0x280F	0	CMP      r0,#0xf	false	
Instruction	1154	S:0xC000840A	0xD901	17	BLS      {pc}+6 ; 0xc0008410	true	
Instruction	1155	S:0xC0008410	0xF8C82010	0	STR      r2,[r8,#0x10]	false	
Instruction	1156	S:0xC0008414	0x4639	0	MOV      r1,r7	false	
Instruction	1157	S:0xC0008416	0xF008FC25	18	BL       {pc}+0x884e ; 0xc0010c64	true	
Instruction	1158	S:0xC0010C64	0xE92D43F8	0	PUSH     {r3-r9,lr}	false	
Instruction	1159	S:0xC0010C68	0xB500	0	PUSH     {lr}	false	
Instruction	1160	S:0xC0010C6A	0xF85DEB04	0	POP      {lr}	false	
Instruction	1161	S:0xC0010C6E	0x466B	0	MOV      r3,sp	false	
Instruction	1162	S:0xC0010C70	0xF42354FF	0	BIC      r4,r3,#0x1fe0	false	
Instruction	1163	S:0xC0010C74	0x4E4A	0	LDR      r6,[pc,#296] ; [0xC0010DA0] = 0xC05F1F34	false	
Instruction	1164	S:0xC0010C76	0xF024041F	0	BIC      r4,r4,#0x1f	false	
Instruction	1165	S:0xC0010C7A	0x2807	0	CMP      r0,#7	false	
Instruction	1166	S:0xC0010C7C	0x4689	0	MOV      r9,r1	false	
Instruction	1167	S:0xC0010C7E	0x4633	0	MOV      r3,r6	false	
Instruction	1168	S:0xC0010C80	0xEE1D1F90	0	MRC      p15,#0x0,r1,c13,c0,#4	false	
Instruction	1169	S:0xC0010C84	0x6964	0	LDR      r4,[r4,#0x14]	false	
Instruction	1170	S:0xC0010C86	0x4602	0	MOV      r2,r0	false	
Instruction	1171	S:0xC0010C88	0x58CF	0	LDR      r7,[r1,r3]	false	
Instruction	1172	S:0xC0010C8A	0xF8419003	0	STR      r9,[r1,r3]	false	
Instruction	1173	S:0xC0010C8E	0xDC07	938	BGT      {pc}+0x12 ; 0xc0010ca0	true	fail
Instruction	1174	S:0xC0010C90	0xEB001104	0	ADD      r1,r0,r4,LSL #4	false	
Instruction	1175	S:0xC0010C94	0x4B43	0	LDR      r3,[pc,#268] ; [0xC0010DA4] = 0xC06498C0	false	
Instruction	1176	S:0xC0010C96	0xEB030381	0	ADD      r3,r3,r1,LSL #2	false	
Instruction	1177	S:0xC0010C9A	0x6859	0	LDR      r1,[r3,#4]	false	
Instruction	1178	S:0xC0010C9C	0x3101	0	ADDS     r1,#1	false	
Instruction	1179	S:0xC0010C9E	0x6059	0	STR      r1,[r3,#4]	false	
Instruction	1180	S:0xC0010CA0	0x2A07	0	CMP      r2,#7	false	
Instruction	1181	S:0xC0010CA2	0xD827	144	BHI      {pc}+0x52 ; 0xc0010cf4	true	fail
Instruction	1182	S:0xC0010CA4	0xE8DFF002	1	TBB      [pc,r2]	true	
Instruction	1183	S:0xC0010CEE	0xF02CF92F	1	BL       {pc}+0x2c262 ; 0xc003cf50	true	
Instruction	1184	S:0xC003CF50	0xE92D43F8	0	PUSH     {r3-r9,lr}	false	
Instruction	1185	S:0xC003CF54	0xAF00	0	ADD      r7,sp,#0	false	
Instruction	1186	S:0xC003CF56	0xB500	0	PUSH     {lr}	false	
Instruction	1187	S:0xC003CF58	0xF85DEB04	0	POP      {lr}	false	
Instruction	1188	S:0xC003CF5C	0x4E2C	0	LDR      r6,[pc,#176] ; [0xC003D010] = 0xC05F3080	false	
Instruction	1189	S:0xC003CF5E	0xEE1D2F90	0	MRC      p15,#0x0,r2,c13,c0,#4	false	
Instruction	1190	S:0xC003CF62	0x4633	0	MOV      r3,r6	false	
Instruction	1191	S:0xC003CF64	0x18D2	0	ADDS     r2,r2,r3	false	
Instruction	1192	S:0xC003CF66	0xF8D22594	0	LDR      r2,[r2,#0x594]	false	
Instruction	1193	S:0xC003CF6A	0xB1BA	171	CBZ      r2,{pc}+0x32 ; 0xc003cf9c	true	fail
Instruction	1194	S:0xC003CF6C	0x466A	0	MOV      r2,sp	false	
Instruction	1195	S:0xC003CF6E	0xF8DF80A4	0	LDR      r8,[pc,#164] ; [0xC003D014] = 0xC05FD5C0	false	
Instruction	1196	S:0xC003CF72	0xF42254FF	0	BIC      r4,r2,#0x1fe0	false	
Instruction	1197	S:0xC003CF76	0xF024041F	0	BIC      r4,r4,#0x1f	false	
Instruction	1198	S:0xC003CF7A	0xF7E4F8FF	2	BL       {pc}-0x1bdfe ; 0xc002117c	true	
Instruction	1199	S:0xC002117C	0xB538	0	PUSH     {r3-r5,lr}	false	
Instruction	1200	S:0xC002117E	0xB500	0	PUSH     {lr}	false	
Instruction	1201	S:0xC0021180	0xF85DEB04	0	POP      {lr}	false	
Instruction	1202	S:0xC0021184	0x466B	0	MOV      r3,sp	false	
Instruction	1203	S:0xC0021186	0xF42354FF	0	BIC      r4,r3,#0x1fe0	false	
Instruction	1204	S:0xC002118A	0xF024041F	0	BIC      r4,r4,#0x1f	false	
Instruction	1205	S:0xC002118E	0x6965	0	LDR      r5,[r4,#0x14]	false	
Instruction	1206	S:0xC0021190	0xF04EFFCE	3	BL       {pc}+0x4efa0 ; 0xc0070130	true	
Cycle Count				930	Tracing disabled		
Info					Tracing enabled		
Instruction	1207	S:0xC0021194	0x68E3	0	LDR      r3,[r4,#0xc]	false	
Instruction	1208	S:0xC0021196	0xF8D33240	0	LDR      r3,[r3,#0x240]	false	
Instruction	1209	S:0xC002119A	0xB92B	5	CBNZ     r3,{pc}+0xe ; 0xc00211a8	true	fail
Instruction	1210	S:0xC002119C	0x6863	0	LDR      r3,[r4,#4]	false	
Instruction	1211	S:0xC002119E	0xF0234278	0	BIC      r2,r3,#0xf8000000	false	
Instruction	1212	S:0xC00211A2	0xF02202FF	0	BIC      r2,r2,#0xff	false	
Instruction	1213	S:0xC00211A6	0xB122	2	CBZ      r2,{pc}+0xc ; 0xc00211b2	true	
Instruction	1214	S:0xC00211B2	0xF5037300	0	ADD      r3,r3,#0x200	false	
Instruction	1215	S:0xC00211B6	0x6063	0	STR      r3,[r4,#4]	false	
Instruction	1216	S:0xC00211B8	0x4628	0	MOV      r0,r5	false	
Instruction	1217	S:0xC00211BA	0xF034FE99	1	BL       {pc}+0x34d36 ; 0xc0055ef0	true	
Instruction	1218	S:0xC0055EF0	0xE92D47F0	0	PUSH     {r4-r10,lr}	false	
Instruction	1219	S:0xC0055EF4	0xB084	0	SUB      sp,sp,#0x10	false	
Instruction	1220	S:0xC0055EF6	0xB500	0	PUSH     {lr}	false	
Instruction	1221	S:0xC0055EF8	0xF85DEB04	0	POP      {lr}	false	
Instruction	1222	S:0xC0055EFC	0x4D22	0	LDR      r5,[pc,#136] ; [0xC0055F88]	false	
Instruction	1223	S:0xC0055EFE	0x4607	0	MOV      r7,r0	false	
Instruction	1224	S:0xC0055F00	0x4E22	0	LDR      r6,[pc,#136] ; [0xC0055F8C]	false	
Instruction	1225	S:0xC0055F02	0xF7FFF81B	7	BL       {pc}-0xfc6 ; 0xc0054f3c	true	
Instruction	1226	S:0xC0054F3C	0xB500	0	PUSH     {lr}	false	
Instruction	1227	S:0xC0054F3E	0xF85DEB04	0	POP      {lr}	false	
Instruction	1228	S:0xC0054F42	0xF100011F	0	ADD      r1,r0,#0x1f	false	
Instruction	1229	S:0xC0054F46	0x4A0B	0	LDR      r2,[pc,#44] ; [0xC0054F74] = 0xC064D4A8	false	
Instruction	1230	S:0xC0054F48	0xEA110120	0	ANDS     r1,r1,r0,ASR #32	false	
Instruction	1231	S:0xC0054F4C	0xBF38	0	IT       CC	false	
Instruction	1232	S:0xC0054F4E	0x4601	0	MOV      r1,r0	false	
Instruction	1233	S:0xC0054F50	0xF000031F	0	AND      r3,r0,#0x1f	false	
Instruction	1234	S:0xC0054F54	0x1149	0	ASRS     r1,r1,#5	false	
Instruction	1235	S:0xC0054F56	0xF8522021	0	LDR      r2,[r2,r1,LSL #2]	false	
Instruction	1236	S:0xC0054F5A	0xFA22F303	0	LSR      r3,r2,r3	false	
Instruction	1237	S:0xC0054F5E	0x07D9	0	LSLS     r1,r3,#31	false	
Instruction	1238	S:0xC0054F60	0xD400	84	BMI      {pc}+4 ; 0xc0054f64	true	fail
Instruction	1239	S:0xC0054F62	0x4770	2	BX       lr	true	
Instruction	1240	S:0xC0055F06	0xF8554027	0	LDR      r4,[r5,r7,LSL #2]	false	
Instruction	1241	S:0xC0055F0A	0x4633	0	MOV      r3,r6	false	
Instruction	1242	S:0xC0055F0C	0x191C	0	ADDS     r4,r3,r4	false	
Instruction	1243	S:0xC0055F0E	0x6EE3	0	LDR      r3,[r4,#0x6c]	false	
Instruction	1244	S:0xC0055F10	0xB923	159	CBNZ     r3,{pc}+0xc ; 0xc0055f1c	true	
Instruction	1245	S:0xC0055F1C	0xA802	0	ADD      r0,sp,#8	false	
Instruction	1246	S:0xC0055F1E	0xF7F9FB05	15	BL       {pc}-0x69f2 ; 0xc004f52c	true	
Instruction	1247	S:0xC004F52C	0xE92D4FF0	0	PUSH     {r4-r11,lr}	false	
Instruction	1248	S:0xC004F530	0xB08B	0	SUB      sp,sp,#0x2c	false	
Instruction	1249	S:0xC004F532	0xB500	0	PUSH     {lr}	false	
Instruction	1250	S:0xC004F534	0xF85DEB04	0	POP      {lr}	false	
Instruction	1251	S:0xC004F538	0x4B3D	0	LDR      r3,[pc,#244] ; [0xC004F630] = 0xC05FC59C	false	
Instruction	1252	S:0xC004F53A	0x4682	0	MOV      r10,r0	false	
Instruction	1253	S:0xC004F53C	0x681B	0	LDR      r3,[r3,#0]	false	
Instruction	1254	S:0xC004F53E	0x2B00	0	CMP      r3,#0	false	
Instruction	1255	S:0xC004F540	0xD16F	27	BNE      {pc}+0xe2 ; 0xc004f622	true	fail
Instruction	1256	S:0xC004F542	0xF8DF90F4	0	LDR      r9,[pc,#244] ; [0xC004F638] = 0xC064D1C0	false	
Instruction	1257	S:0xC004F546	0xF8DFB0F0	0	LDR      r11,[pc,#240] ; [0xC004F638] = 0xC064D1C0	false	
Instruction	1258	S:0xC004F54A	0x464F	0	MOV      r7,r9	false	
Instruction	1259	S:0xC004F54C	0xF8D75090	0	LDR      r5,[r7,#0x90]	false	
Instruction	1260	S:0xC004F550	0x07EA	0	LSLS     r2,r5,#31	false	
Instruction	1261	S:0xC004F552	0xD46C	3	BMI      {pc}+0xdc ; 0xc004f62e	true	fail
Instruction	1262	S:0xC004F554	0xF3BF8F5F	0	DMB      	false	
Instruction	1263	S:0xC004F558	0xF8DB6000	0	LDR      r6,[r11,#0]	false	
Instruction	1264	S:0xC004F55C	0xF8DB4054	0	LDR      r4,[r11,#0x54]	false	
Instruction	1265	S:0xC004F560	0xE9DB230E	0	LDRD     r2,r3,[r11,#0x38]	false	
Instruction	1266	S:0xC004F564	0x4630	0	MOV      r0,r6	false	
Instruction	1267	S:0xC004F566	0x6831	0	LDR      r1,[r6,#0]	false	
Instruction	1268	S:0xC004F568	0x1912	0	ADDS     r2,r2,r4	false	
Instruction	1269	S:0xC004F56A	0xEB4373E4	0	ADC      r3,r3,r4,ASR #31	false	
Instruction	1270	S:0xC004F56E	0xE9CD2306	0	STRD     r2,r3,[sp,#0x18]	false	
Instruction	1271	S:0xC004F572	0x4788	141	BLX      r1	true	
Cycle Count				61	Tracing disabled		
Info					Tracing enabled		
Instruction	1272	S:0xC004F574	0xE9D62302	0	LDRD     r2,r3,[r6,#8]	false	
Instruction	1273	S:0xC004F578	0xF8DBC004	0	LDR      r12,[r11,#4]	false	
Instruction	1274	S:0xC004F57C	0xF8DB4008	0	LDR      r4,[r11,#8]	false	
Instruction	1275	S:0xC004F580	0xE9CD2300	0	STRD     r2,r3,[sp,#0]	false	
Instruction	1276	S:0xC004F584	0xE9D62304	0	LDRD     r2,r3,[r6,#0x10]	false	
Instruction	1277	S:0xC004F588	0xF8DB6058	0	LDR      r6,[r11,#0x58]	false	
Instruction	1278	S:0xC004F58C	0xE9CD2308	0	STRD     r2,r3,[sp,#0x20]	false	
Instruction	1279	S:0xC004F590	0xE9DB2310	0	LDRD     r2,r3,[r11,#0x40]	false	
Instruction	1280	S:0xC004F594	0x9604	0	STR      r6,[sp,#0x10]	false	
Instruction	1281	S:0xC004F596	0xE9CD2302	0	STRD     r2,r3,[sp,#8]	false	
Instruction	1282	S:0xC004F59A	0x17F3	0	ASRS     r3,r6,#31	false	
Instruction	1283	S:0xC004F59C	0x9305	0	STR      r3,[sp,#0x14]	false	
Instruction	1284	S:0xC004F59E	0xF1C40620	0	RSB      r6,r4,#0x20	false	
Instruction	1285	S:0xC004F5A2	0xE9DD2300	0	LDRD     r2,r3,[sp,#0]	false	
Instruction	1286	S:0xC004F5A6	0x1A80	0	SUBS     r0,r0,r2	false	
Instruction	1287	S:0xC004F5A8	0xEB610103	0	SBC      r1,r1,r3	false	
Instruction	1288	S:0xC004F5AC	0xE9DD2308	0	LDRD     r2,r3,[sp,#0x20]	false	
Instruction	1289	S:0xC004F5B0	0x4010	0	ANDS     r0,r0,r2	false	
Instruction	1290	S:0xC004F5B2	0x4019	0	ANDS     r1,r1,r3	false	
Instruction	1291	S:0xC004F5B4	0xFBA0230C	0	UMULL    r2,r3,r0,r12	false	
Instruction	1292	S:0xC004F5B8	0xFB0C3301	0	MLA      r3,r12,r1,r3	false	
Instruction	1293	S:0xC004F5BC	0xE9DD0102	0	LDRD     r0,r1,[sp,#8]	false	
Instruction	1294	S:0xC004F5C0	0x1880	0	ADDS     r0,r0,r2	false	
Instruction	1295	S:0xC004F5C2	0xEB410103	0	ADC      r1,r1,r3	false	
Instruction	1296	S:0xC004F5C6	0xF1B40320	0	SUBS     r3,r4,#0x20	false	
Instruction	1297	S:0xC004F5CA	0xE9CD0102	0	STRD     r0,r1,[sp,#8]	false	
Instruction	1298	S:0xC004F5CE	0xFA20F804	0	LSR      r8,r0,r4	false	
Instruction	1299	S:0xC004F5D2	0xFA41F303	0	ASR      r3,r1,r3	false	
Instruction	1300	S:0xC004F5D6	0x9903	0	LDR      r1,[sp,#0xc]	false	
Instruction	1301	S:0xC004F5D8	0x9A03	0	LDR      r2,[sp,#0xc]	false	
Instruction	1302	S:0xC004F5DA	0xFA01F606	0	LSL      r6,r1,r6	false	
Instruction	1303	S:0xC004F5DE	0xEA480806	0	ORR      r8,r8,r6	false	
Instruction	1304	S:0xC004F5E2	0xFA42F904	0	ASR      r9,r2,r4	false	
Instruction	1305	S:0xC004F5E6	0xBF58	0	IT       PL	false	
Instruction	1306	S:0xC004F5E8	0xEA480803	0	ORR      r8,r8,r3	false	
Instruction	1307	S:0xC004F5EC	0xE9DD2304	0	LDRD     r2,r3,[sp,#0x10]	false	
Instruction	1308	S:0xC004F5F0	0xEB120208	0	ADDS     r2,r2,r8	false	
Instruction	1309	S:0xC004F5F4	0xEB430309	0	ADC      r3,r3,r9	false	
Instruction	1310	S:0xC004F5F8	0xF3BF8F5F	0	DMB      	false	
Instruction	1311	S:0xC004F5FC	0xF8D71090	0	LDR      r1,[r7,#0x90]	false	
Instruction	1312	S:0xC004F600	0x428D	0	CMP      r5,r1	false	
Instruction	1313	S:0xC004F602	0xD1A3	143	BNE      {pc}-0xb6 ; 0xc004f54c	true	fail
Instruction	1314	S:0xC004F604	0x461D	0	MOV      r5,r3	false	
Instruction	1315	S:0xC004F606	0x9906	0	LDR      r1,[sp,#0x18]	false	
Instruction	1316	S:0xC004F608	0xF44F434A	0	MOV      r3,#0xca00	false	
Instruction	1317	S:0xC004F60C	0x4614	0	MOV      r4,r2	false	
Instruction	1318	S:0xC004F60E	0xF6C3339A	0	MOVT     r3,#0x3b9a	false	
Instruction	1319	S:0xC004F612	0x4650	0	MOV      r0,r10	false	
Instruction	1320	S:0xC004F614	0xFBC34501	0	SMLAL    r4,r5,r3,r1	false	
Instruction	1321	S:0xC004F618	0xE9CA4500	0	STRD     r4,r5,[r10,#0]	false	
Instruction	1322	S:0xC004F61C	0xB00B	0	ADD      sp,sp,#0x2c	false	
Instruction	1323	S:0xC004F61E	0xE8BD8FF0	10	POP      {r4-r11,pc}	true	
Instruction	1324	S:0xC0055F22	0x6EE3	0	LDR      r3,[r4,#0x6c]	false	
Instruction	1325	S:0xC0055F24	0xF8DD9008	0	LDR      r9,[sp,#8]	false	
Instruction	1326	S:0xC0055F28	0xF8DD800C	0	LDR      r8,[sp,#0xc]	false	
Instruction	1327	S:0xC0055F2C	0xB9CB	1	CBNZ     r3,{pc}+0x36 ; 0xc0055f62	true	
Instruction	1328	S:0xC0055F62	0xF8552027	0	LDR      r2,[r5,r7,LSL #2]	false	
Instruction	1329	S:0xC0055F66	0x4633	0	MOV      r3,r6	false	
Instruction	1330	S:0xC0055F68	0xEB030A02	0	ADD      r10,r3,r2	false	
Instruction	1331	S:0xC0055F6C	0x4638	0	MOV      r0,r7	false	
Instruction	1332	S:0xC0055F6E	0x4643	0	MOV      r3,r8	false	
Instruction	1333	S:0xC0055F70	0x2700	0	MOVS     r7,#0	false	
Instruction	1334	S:0xC0055F72	0x4651	0	MOV      r1,r10	false	
Instruction	1335	S:0xC0055F74	0x464A	0	MOV      r2,r9	false	
Instruction	1336	S:0xC0055F76	0x9700	0	STR      r7,[sp,#0]	false	
Instruction	1337	S:0xC0055F78	0xF7FFFC00	13	BL       {pc}-0x7fc ; 0xc005577c	true	
Instruction	1338	S:0xC005577C	0xB5F0	0	PUSH     {r4-r7,lr}	false	
Instruction	1339	S:0xC005577E	0xB085	0	SUB      sp,sp,#0x14	false	
Instruction	1340	S:0xC0055780	0xB500	0	PUSH     {lr}	false	
Instruction	1341	S:0xC0055782	0xF85DEB04	0	POP      {lr}	false	
Instruction	1342	S:0xC0055786	0x460F	0	MOV      r7,r1	false	
Instruction	1343	S:0xC0055788	0x6EC9	0	LDR      r1,[r1,#0x6c]	false	
Instruction	1344	S:0xC005578A	0x9E0A	0	LDR      r6,[sp,#0x28]	false	
Instruction	1345	S:0xC005578C	0xB989	139	CBNZ     r1,{pc}+0x26 ; 0xc00557b2	true	
Instruction	1346	S:0xC00557B2	0xE9D7451C	0	LDRD     r4,r5,[r7,#0x70]	false	
Instruction	1347	S:0xC00557B6	0x9201	0	STR      r2,[sp,#4]	false	
Instruction	1348	S:0xC00557B8	0x1B14	0	SUBS     r4,r2,r4	false	
Instruction	1349	S:0xC00557BA	0xEB630505	0	SBC      r5,r3,r5	false	
Instruction	1350	S:0xC00557BE	0x9300	0	STR      r3,[sp,#0]	false	
Instruction	1351	S:0xC00557C0	0xF7E6FF9C	31	BL       {pc}-0x190c4 ; 0xc003c6fc	true	
Instruction	1352	S:0xC003C6FC	0xB488	0	PUSH     {r3,r7}	false	
Instruction	1353	S:0xC003C6FE	0xAF00	0	ADD      r7,sp,#0	false	
Instruction	1354	S:0xC003C700	0xB500	0	PUSH     {lr}	false	
Instruction	1355	S:0xC003C702	0xF85DEB04	0	POP      {lr}	false	
Instruction	1356	S:0xC003C706	0xF24D52C0	0	MOV      r2,#0xd5c0	false	
Instruction	1357	S:0xC003C70A	0xF2CC025F	0	MOVT     r2,#0xc05f	false	
Instruction	1358	S:0xC003C70E	0xF2430380	0	MOVW     r3,#0x3080	false	
Instruction	1359	S:0xC003C712	0xF2CC035F	0	MOVT     r3,#0xc05f	false	
Instruction	1360	S:0xC003C716	0xF8522020	0	LDR      r2,[r2,r0,LSL #2]	false	
Instruction	1361	S:0xC003C71A	0x189B	0	ADDS     r3,r3,r2	false	
Instruction	1362	S:0xC003C71C	0xF8D30488	0	LDR      r0,[r3,#0x488]	false	
Instruction	1363	S:0xC003C720	0x46BD	0	MOV      sp,r7	false	
Instruction	1364	S:0xC003C722	0xBC88	0	POP      {r3,r7}	false	
Instruction	1365	S:0xC003C724	0x4770	388	BX       lr	true	
Instruction	1366	S:0xC00557C4	0x9A01	0	LDR      r2,[sp,#4]	false	
Instruction	1367	S:0xC00557C6	0x9B00	0	LDR      r3,[sp,#0]	false	
Instruction	1368	S:0xC00557C8	0xB948	1	CBNZ     r0,{pc}+0x16 ; 0xc00557de	true	fail
Instruction	1369	S:0xC00557CA	0xE9D70122	0	LDRD     r0,r1,[r7,#0x88]	false	
Instruction	1370	S:0xC00557CE	0x1900	0	ADDS     r0,r0,r4	false	
Instruction	1371	S:0xC00557D0	0xEB410105	0	ADC      r1,r1,r5	false	
Instruction	1372	S:0xC00557D4	0xE9C70122	0	STRD     r0,r1,[r7,#0x88]	false	
Instruction	1373	S:0xC00557D8	0xE9C7231C	0	STRD     r2,r3,[r7,#0x70]	false	
Instruction	1374	S:0xC00557DC	0xE7D7	113	B        {pc}-0x4e ; 0xc005578e	true	
Instruction	1375	S:0xC005578E	0xB176	1	CBZ      r6,{pc}+0x20 ; 0xc00557ae	true	
Instruction	1376	S:0xC00557AE	0xB005	0	ADD      sp,sp,#0x14	false	
Instruction	1377	S:0xC00557B0	0xBDF0	1	POP      {r4-r7,pc}	true	
Instruction	1378	S:0xC0055F7C	0xF8CA706C	0	STR      r7,[r10,#0x6c]	false	
Instruction	1379	S:0xC0055F80	0x6DE3	0	LDR      r3,[r4,#0x5c]	false	
Instruction	1380	S:0xC0055F82	0x2B00	0	CMP      r3,#0	false	
Instruction	1381	S:0xC0055F84	0xD0C7	1	BEQ      {pc}-0x6e ; 0xc0055f16	true	fail
Instruction	1382	S:0xC0055F86	0xE7D5	1	B        {pc}-0x52 ; 0xc0055f34	true	
Instruction	1383	S:0xC0055F34	0x466A	0	MOV      r2,sp	false	
Instruction	1384	S:0xC0055F36	0xF42253FF	0	BIC      r3,r2,#0x1fe0	false	
Instruction	1385	S:0xC0055F3A	0xF023031F	0	BIC      r3,r3,#0x1f	false	
Instruction	1386	S:0xC0055F3E	0x695B	0	LDR      r3,[r3,#0x14]	false	
Instruction	1387	S:0xC0055F40	0xF8553023	0	LDR      r3,[r5,r3,LSL #2]	false	
Instruction	1388	S:0xC0055F44	0x18F6	0	ADDS     r6,r6,r3	false	
Instruction	1389	S:0xC0055F46	0xF8C69078	0	STR      r9,[r6,#0x78]	false	
Instruction	1390	S:0xC0055F4A	0xF8C6807C	0	STR      r8,[r6,#0x7c]	false	
Instruction	1391	S:0xC0055F4E	0xF3EF8400	0	MRS      r4,APSR ; formerly CPSR	false	
Instruction	1392	S:0xC0055F52	0xB672	0	CPSID    i	false	
Instruction	1393	S:0xC0055F54	0x4648	0	MOV      r0,r9	false	
Instruction	1394	S:0xC0055F56	0x4641	0	MOV      r1,r8	false	
Instruction	1395	S:0xC0055F58	0xF7FFFB0C	63	BL       {pc}-0x9e4 ; 0xc0055574	true	
Instruction	1396	S:0xC0055574	0xE92D47F0	0	PUSH     {r4-r10,lr}	false	
Instruction	1397	S:0xC0055578	0xB500	0	PUSH     {lr}	false	
Instruction	1398	S:0xC005557A	0xF85DEB04	0	POP      {lr}	false	
Instruction	1399	S:0xC005557E	0x4604	0	MOV      r4,r0	false	
Instruction	1400	S:0xC0055580	0xF8DF80D8	0	LDR      r8,[pc,#216] ; [0xC005565C] = 0xC064D4C8	false	
Instruction	1401	S:0xC0055584	0x460D	0	MOV      r5,r1	false	
Instruction	1402	S:0xC0055586	0xF8DF90D8	0	LDR      r9,[pc,#216] ; [0xC0055660] = 0xC064D488	false	
Instruction	1403	S:0xC005558A	0xE9D82302	0	LDRD     r2,r3,[r8,#8]	false	
Instruction	1404	S:0xC005558E	0xE9D90100	0	LDRD     r0,r1,[r9,#0]	false	
Instruction	1405	S:0xC0055592	0x1AA2	0	SUBS     r2,r4,r2	false	
Instruction	1406	S:0xC0055594	0xEB650303	0	SBC      r3,r5,r3	false	
Instruction	1407	S:0xC0055598	0x4282	0	CMP      r2,r0	false	
Instruction	1408	S:0xC005559A	0xEB730601	0	SBCS     r6,r3,r1	false	
Instruction	1409	S:0xC005559E	0xDA01	326	BGE      {pc}+6 ; 0xc00555a4	true	fail
Instruction	1410	S:0xC00555A0	0xE8BD87F0	4	POP      {r4-r10,pc}	true	
Instruction	1411	S:0xC0055F5C	0xF3848100	0	MSR      CPSR_c,r4	false	
Instruction	1412	S:0xC0055F60	0xE7D9	40	B        {pc}-0x4a ; 0xc0055f16	true	
Instruction	1413	S:0xC0055F16	0xB004	0	ADD      sp,sp,#0x10	false	
Instruction	1414	S:0xC0055F18	0xE8BD87F0	18	POP      {r4-r10,pc}	true	
Instruction	1415	S:0xC00211BE	0xF7FFFE35	1	BL       {pc}-0x392 ; 0xc0020e2c	true	
Instruction	1416	S:0xC0020E2C	0xB500	0	PUSH     {lr}	false	
Instruction	1417	S:0xC0020E2E	0xF85DEB04	0	POP      {lr}	false	
Instruction	1418	S:0xC0020E32	0xF44F7000	0	MOV      r0,#0x200	false	
Instruction	1419	S:0xC0020E36	0xF7FFBFC7	1	B.W      {pc}-0x6e ; 0xc0020dc8	true	
Instruction	1420	S:0xC0020DC8	0xB570	0	PUSH     {r4-r6,lr}	false	
Instruction	1421	S:0xC0020DCA	0xB500	0	PUSH     {lr}	false	
Instruction	1422	S:0xC0020DCC	0xF85DEB04	0	POP      {lr}	false	
Instruction	1423	S:0xC0020DD0	0x466B	0	MOV      r3,sp	false	
Instruction	1424	S:0xC0020DD2	0xF42354FF	0	BIC      r4,r3,#0x1fe0	false	
Instruction	1425	S:0xC0020DD6	0x2300	0	MOVS     r3,#0	false	
Instruction	1426	S:0xC0020DD8	0xF024041F	0	BIC      r4,r4,#0x1f	false	
Instruction	1427	S:0xC0020DDC	0xF2C033FF	0	MOVT     r3,#0x3ff	false	
Instruction	1428	S:0xC0020DE0	0x4605	0	MOV      r5,r0	false	
Instruction	1429	S:0xC0020DE2	0x6862	0	LDR      r2,[r4,#4]	false	
Instruction	1430	S:0xC0020DE4	0x4013	0	ANDS     r3,r3,r2	false	
Instruction	1431	S:0xC0020DE6	0xB93B	8	CBNZ     r3,{pc}+0x12 ; 0xc0020df8	true	fail
Instruction	1432	S:0xC0020DE8	0xF3EF8300	0	MRS      r3,APSR ; formerly CPSR	false	
Instruction	1433	S:0xC0020DEC	0x061A	0	LSLS     r2,r3,#24	false	
Instruction	1434	S:0xC0020DEE	0xD50E	21	BPL      {pc}+0x20 ; 0xc0020e0e	true	fail
Instruction	1435	S:0xC0020DF0	0x6863	0	LDR      r3,[r4,#4]	false	
Instruction	1436	S:0xC0020DF2	0x1B5B	0	SUBS     r3,r3,r5	false	
Instruction	1437	S:0xC0020DF4	0x6063	0	STR      r3,[r4,#4]	false	
Instruction	1438	S:0xC0020DF6	0xBD70	5	POP      {r4-r6,pc}	true	
Instruction	1439	S:0xC00211C2	0xE7F1	1	B        {pc}-0x1a ; 0xc00211a8	true	
Instruction	1440	S:0xC00211A8	0x6863	0	LDR      r3,[r4,#4]	false	
Instruction	1441	S:0xC00211AA	0xF5033380	0	ADD      r3,r3,#0x10000	false	
Instruction	1442	S:0xC00211AE	0x6063	0	STR      r3,[r4,#4]	false	
Instruction	1443	S:0xC00211B0	0xBD38	1	POP      {r3-r5,pc}	true	
Instruction	1444	S:0xC003CF7E	0x4635	0	MOV      r5,r6	false	
Instruction	1445	S:0xC003CF80	0xF7FFF870	1	BL       {pc}-0xf1c ; 0xc003c064	true	
Instruction	1446	S:0xC003C064	0xE92D41F0	0	PUSH     {r4-r8,lr}	false	
Instruction	1447	S:0xC003C068	0xAF00	0	ADD      r7,sp,#0	false	
Instruction	1448	S:0xC003C06A	0xB500	0	PUSH     {lr}	false	
Instruction	1449	S:0xC003C06C	0xF85DEB04	0	POP      {lr}	false	
Instruction	1450	S:0xC003C070	0x4E15	0	LDR      r6,[pc,#84] ; [0xC003C0C8] = 0xC05F3080	false	
Instruction	1451	S:0xC003C072	0xEE1D8F90	0	MRC      p15,#0x0,r8,c13,c0,#4	false	
Instruction	1452	S:0xC003C076	0xEB080506	0	ADD      r5,r8,r6	false	
Instruction	1453	S:0xC003C07A	0xF3BF8F5F	0	DMB      	false	
Instruction	1454	S:0xC003C07E	0x2300	0	MOVS     r3,#0	false	
Instruction	1455	S:0xC003C080	0xF2055294	0	ADD      r2,r5,#0x594	false	
Instruction	1456	S:0xC003C084	0xE8524F00	0	LDREX    r4,[r2]	false	
Instruction	1457	S:0xC003C088	0xE8423100	0	STREX    r1,r3,[r2]	false	
Instruction	1458	S:0xC003C08C	0xF0910F00	0	TEQ      r1,#0	false	
Instruction	1459	S:0xC003C090	0xD1F8	236	BNE      {pc}-0xc ; 0xc003c084	true	fail
Instruction	1460	S:0xC003C092	0xF3BF8F5F	0	DMB      	false	
Instruction	1461	S:0xC003C096	0x4628	0	MOV      r0,r5	false	
Instruction	1462	S:0xC003C098	0xF3A8FA8E	20	BL       {pc}+0x3a8520 ; 0xc03e45b8	true	
Cycle Count				562	Tracing disabled		
Info					Tracing enabled		
Instruction	1463	S:0xC003C09C	0xB13C	2	CBZ      r4,{pc}+0x12 ; 0xc003c0ae	true	fail
Instruction	1464	S:0xC003C09E	0xF1A40114	0	SUB      r1,r4,#0x14	false	
Instruction	1465	S:0xC003C0A2	0x6824	0	LDR      r4,[r4,#0]	false	
Instruction	1466	S:0xC003C0A4	0x4628	0	MOV      r0,r5	false	
Instruction	1467	S:0xC003C0A6	0xF7FFFFB7	795	BL       {pc}-0x8e ; 0xc003c018	true	
Instruction	1468	S:0xC003C018	0xB5B0	0	PUSH     {r4,r5,r7,lr}	false	
Instruction	1469	S:0xC003C01A	0xAF00	0	ADD      r7,sp,#0	false	
Instruction	1470	S:0xC003C01C	0xB500	0	PUSH     {lr}	false	
Instruction	1471	S:0xC003C01E	0xF85DEB04	0	POP      {lr}	false	
Instruction	1472	S:0xC003C022	0xF891323C	0	LDRB     r3,[r1,#0x23c]	false	
Instruction	1473	S:0xC003C026	0x460C	0	MOV      r4,r1	false	
Instruction	1474	S:0xC003C028	0x2205	0	MOVS     r2,#5	false	
Instruction	1475	S:0xC003C02A	0x0699	0	LSLS     r1,r3,#26	false	
Instruction	1476	S:0xC003C02C	0x4621	0	MOV      r1,r4	false	
Instruction	1477	S:0xC003C02E	0x4605	0	MOV      r5,r0	false	
Instruction	1478	S:0xC003C030	0xBF42	0	ITTT     MI	false	
Instruction	1479	S:0xC003C032	0xF8D0345C	0	LDR      r3,[r0,#0x45c]	false	
Instruction	1480	S:0xC003C036	0xF10333FF	0	ADD      r3,r3,#0xffffffff	false	
Instruction	1481	S:0xC003C03A	0xF8C0345C	0	STR      r3,[r0,#0x45c]	false	
Instruction	1482	S:0xC003C03E	0xF7FFFEE3	19	BL       {pc}-0x236 ; 0xc003be08	true	
Instruction	1483	S:0xC003BE08	0xB488	0	PUSH     {r3,r7}	false	
Instruction	1484	S:0xC003BE0A	0xAF00	0	ADD      r7,sp,#0	false	
Instruction	1485	S:0xC003BE0C	0xB500	0	PUSH     {lr}	false	
Instruction	1486	S:0xC003BE0E	0xF85DEB04	0	POP      {lr}	false	
Instruction	1487	S:0xC003BE12	0x680B	0	LDR      r3,[r1,#0]	false	
Instruction	1488	S:0xC003BE14	0x079B	0	LSLS     r3,r3,#30	false	
Instruction	1489	S:0xC003BE16	0xD508	13	BPL      {pc}+0x14 ; 0xc003be2a	true	
Instruction	1490	S:0xC003BE2A	0x46BD	0	MOV      sp,r7	false	
Instruction	1491	S:0xC003BE2C	0xBC88	0	POP      {r3,r7}	false	
Instruction	1492	S:0xC003BE2E	0xF7FFBD1B	22	B.W      {pc}-0x5c6 ; 0xc003b868	true	
Instruction	1493	S:0xC003B868	0xE92D43F8	0	PUSH     {r3-r9,lr}	false	
Instruction	1494	S:0xC003B86C	0xAF00	0	ADD      r7,sp,#0	false	
Instruction	1495	S:0xC003B86E	0xB500	0	PUSH     {lr}	false	
Instruction	1496	S:0xC003B870	0xF85DEB04	0	POP      {lr}	false	
Instruction	1497	S:0xC003B874	0x460E	0	MOV      r6,r1	false	
Instruction	1498	S:0xC003B876	0x4690	0	MOV      r8,r2	false	
Instruction	1499	S:0xC003B878	0x4681	0	MOV      r9,r0	false	
Instruction	1500	S:0xC003B87A	0xF7FFFF85	8	BL       {pc}-0xf2 ; 0xc003b788	true	
Instruction	1501	S:0xC003B788	0xE92D43C8	0	PUSH     {r3,r6-r9,lr}	false	
Instruction	1502	S:0xC003B78C	0xAF00	0	ADD      r7,sp,#0	false	
Instruction	1503	S:0xC003B78E	0xB500	0	PUSH     {lr}	false	
Instruction	1504	S:0xC003B790	0xF85DEB04	0	POP      {lr}	false	
Instruction	1505	S:0xC003B794	0x6AC3	0	LDR      r3,[r0,#0x2c]	false	
Instruction	1506	S:0xC003B796	0x4606	0	MOV      r6,r0	false	
Instruction	1507	S:0xC003B798	0x2B00	0	CMP      r3,#0	false	
Instruction	1508	S:0xC003B79A	0xDD01	9	BLE      {pc}+6 ; 0xc003b7a0	true	
Instruction	1509	S:0xC003B7A0	0xF8D004C0	0	LDR      r0,[r0,#0x4c0]	false	
Instruction	1510	S:0xC003B7A4	0xF003FD86	231	BL       {pc}+0x3b10 ; 0xc003f2b4	true	
Instruction	1511	S:0xC003F2B4	0x4B03	0	LDR      r3,[pc,#12] ; [0xC003F2C4] = 0xC05FC57C	false	
Instruction	1512	S:0xC003F2B6	0x6818	0	LDR      r0,[r3,#0]	false	
Instruction	1513	S:0xC003F2B8	0xB108	142	CBZ      r0,{pc}+6 ; 0xc003f2be	true	fail
Instruction	1514	S:0xC003F2BA	0xF7CFBD35	1	B        {pc}-0x30592 ; 0xc000ed28	true	
Instruction	1515	S:0xC000ED28	0xB508	0	PUSH     {r3,lr}	false	
Instruction	1516	S:0xC000ED2A	0xF24C43CC	0	MOV      r3,#0xc4cc	false	
Instruction	1517	S:0xC000ED2E	0xF2CC035F	0	MOVT     r3,#0xc05f	false	
Instruction	1518	S:0xC000ED32	0x689B	0	LDR      r3,[r3,#8]	false	
Instruction	1519	S:0xC000ED34	0x4798	2	BLX      r3	true	
Instruction	1520	S:0xC00113EC	0xF24A2340	0	MOV      r3,#0xa240	false	
Instruction	1521	S:0xC00113F0	0xF2CC0362	0	MOVT     r3,#0xc062	false	
Instruction	1522	S:0xC00113F4	0xB510	0	PUSH     {r4,lr}	false	
Instruction	1523	S:0xC00113F6	0x681B	0	LDR      r3,[r3,#0]	false	
Instruction	1524	S:0xC00113F8	0x4798	159	BLX      r3	true	
Cycle Count				70	Tracing disabled		
Info					Tracing enabled		
Instruction	1525	S:0xC00113FA	0xF24C5320	0	MOV      r3,#0xc520	false	
Instruction	1526	S:0xC00113FE	0xF2CC035F	0	MOVT     r3,#0xc05f	false	
Instruction	1527	S:0xC0011402	0x681C	0	LDR      r4,[r3,#0]	false	
Instruction	1528	S:0xC0011404	0xFBA02304	0	UMULL    r2,r3,r0,r4	false	
Instruction	1529	S:0xC0011408	0x4610	0	MOV      r0,r2	false	
Instruction	1530	S:0xC001140A	0xFB043101	0	MLA      r1,r4,r1,r3	false	
Instruction	1531	S:0xC001140E	0xBD10	99	POP      {r4,pc}	true	
Instruction	1532	S:0xC000ED36	0xBD08	1	POP      {r3,pc}	true	
Instruction	1533	S:0xC003B7A8	0xF506638F	0	ADD      r3,r6,#0x478	false	
Instruction	1534	S:0xC003B7AC	0xF5066690	0	ADD      r6,r6,#0x480	false	
Instruction	1535	S:0xC003B7B0	0xE9D38900	0	LDRD     r8,r9,[r3,#0]	false	
Instruction	1536	S:0xC003B7B4	0xE9C30100	0	STRD     r0,r1,[r3,#0]	false	
Instruction	1537	S:0xC003B7B8	0xE9D62300	0	LDRD     r2,r3,[r6,#0]	false	
Instruction	1538	S:0xC003B7BC	0xEBB20208	0	SUBS     r2,r2,r8	false	
Instruction	1539	S:0xC003B7C0	0xEB630309	0	SBC      r3,r3,r9	false	
Instruction	1540	S:0xC003B7C4	0x1812	0	ADDS     r2,r2,r0	false	
Instruction	1541	S:0xC003B7C6	0xEB430301	0	ADC      r3,r3,r1	false	
Instruction	1542	S:0xC003B7CA	0xE9C62300	0	STRD     r2,r3,[r6,#0]	false	
Instruction	1543	S:0xC003B7CE	0xE8BD83C8	3	POP      {r3,r6-r9,pc}	true	
Instruction	1544	S:0xC003B87E	0x4633	0	MOV      r3,r6	false	
Instruction	1545	S:0xC003B880	0xE9F3457A	0	LDRD     r4,r5,[r3,#0x1e8]!	false	
Instruction	1546	S:0xC003B884	0xEA540205	0	ORRS     r2,r4,r5	false	
Instruction	1547	S:0xC003B888	0xD10C	35	BNE      {pc}+0x1c ; 0xc003b8a4	true	fail
Instruction	1548	S:0xC003B88A	0x6872	0	LDR      r2,[r6,#4]	false	
Instruction	1549	S:0xC003B88C	0x4809	0	LDR      r0,[pc,#36] ; [0xC003B8B4] = 0xC05FD5C0	false	
Instruction	1550	S:0xC003B88E	0x490A	0	LDR      r1,[pc,#40] ; [0xC003B8B8] = 0xC05F3080	false	
Instruction	1551	S:0xC003B890	0x6952	0	LDR      r2,[r2,#0x14]	false	
Instruction	1552	S:0xC003B892	0xF8502022	0	LDR      r2,[r0,r2,LSL #2]	false	
Instruction	1553	S:0xC003B896	0x1889	0	ADDS     r1,r1,r2	false	
Instruction	1554	S:0xC003B898	0xF501618F	0	ADD      r1,r1,#0x478	false	
Instruction	1555	S:0xC003B89C	0xE9D14500	0	LDRD     r4,r5,[r1,#0]	false	
Instruction	1556	S:0xC003B8A0	0xE9C34500	0	STRD     r4,r5,[r3,#0]	false	
Instruction	1557	S:0xC003B8A4	0x6B33	0	LDR      r3,[r6,#0x30]	false	
Instruction	1558	S:0xC003B8A6	0x4648	0	MOV      r0,r9	false	
Instruction	1559	S:0xC003B8A8	0x4642	0	MOV      r2,r8	false	
Instruction	1560	S:0xC003B8AA	0x4631	0	MOV      r1,r6	false	
Instruction	1561	S:0xC003B8AC	0x685B	0	LDR      r3,[r3,#4]	false	
Instruction	1562	S:0xC003B8AE	0x4798	344	BLX      r3	true	
Instruction	1563	S:0xC0043DE4	0xE92D4FF0	0	PUSH     {r4-r11,lr}	false	
Instruction	1564	S:0xC0043DE8	0xB0A5	0	SUB      sp,sp,#0x94	false	
Instruction	1565	S:0xC0043DEA	0xB500	0	PUSH     {lr}	false	
Instruction	1566	S:0xC0043DEC	0xF85DEB04	0	POP      {lr}	false	
Instruction	1567	S:0xC0043DF0	0xF1110B38	0	ADDS     r11,r1,#0x38	false	
Instruction	1568	S:0xC0043DF4	0x9013	0	STR      r0,[sp,#0x4c]	false	
Instruction	1569	S:0xC0043DF6	0xF0008380	329	BEQ.W    {pc}+0x704 ; 0xc00444fa	true	fail
Instruction	1570	S:0xC0043DFA	0x6D4B	0	LDR      r3,[r1,#0x54]	false	
Instruction	1571	S:0xC0043DFC	0x2B00	0	CMP      r3,#0	false	
Instruction	1572	S:0xC0043DFE	0xF0408273	182	BNE.W    {pc}+0x4ea ; 0xc00442e8	true	fail
Instruction	1573	S:0xC0043E02	0x465F	0	MOV      r7,r11	false	
Instruction	1574	S:0xC0043E04	0x4615	0	MOV      r5,r2	false	
Instruction	1575	S:0xC0043E06	0xF0050305	0	AND      r3,r5,#5	false	
Instruction	1576	S:0xC0043E0A	0xF8D76124	0	LDR      r6,[r7,#0x124]	false	
Instruction	1577	S:0xC0043E0E	0x2B01	0	CMP      r3,#1	false	
Instruction	1578	S:0xC0043E10	0xD008	29	BEQ      {pc}+0x14 ; 0xc0043e24	true	fail
Instruction	1579	S:0xC0043E12	0xE9D7010C	0	LDRD     r0,r1,[r7,#0x30]	false	
Instruction	1580	S:0xC0043E16	0xE9D62306	0	LDRD     r2,r3,[r6,#0x18]	false	
Instruction	1581	S:0xC0043E1A	0x1880	0	ADDS     r0,r0,r2	false	
Instruction	1582	S:0xC0043E1C	0xEB410103	0	ADC      r1,r1,r3	false	
Instruction	1583	S:0xC0043E20	0xE9C7010C	0	STRD     r0,r1,[r7,#0x30]	false	
Instruction	1584	S:0xC0043E24	0x46B8	0	MOV      r8,r7	false	
Instruction	1585	S:0xC0043E26	0x4630	0	MOV      r0,r6	false	
Instruction	1586	S:0xC0043E28	0xF7FCF96E	115	BL       {pc}-0x3d20 ; 0xc0040108	true	
Instruction	1587	S:0xC0040108	0xE92D4FF0	0	PUSH     {r4-r11,lr}	false	
Instruction	1588	S:0xC004010C	0xB085	0	SUB      sp,sp,#0x14	false	
Instruction	1589	S:0xC004010E	0xB500	0	PUSH     {lr}	false	
Instruction	1590	S:0xC0040110	0xF85DEB04	0	POP      {lr}	false	
Instruction	1591	S:0xC0040114	0xF8D02084	0	LDR      r2,[r0,#0x84]	false	
Instruction	1592	S:0xC0040118	0xF8D0A030	0	LDR      r10,[r0,#0x30]	false	
Instruction	1593	S:0xC004011C	0x4683	0	MOV      r11,r0	false	
Instruction	1594	S:0xC004011E	0xF8D23480	0	LDR      r3,[r2,#0x480]	false	
Instruction	1595	S:0xC0040122	0xF8D2C484	0	LDR      r12,[r2,#0x484]	false	
Instruction	1596	S:0xC0040126	0xF1BA0F00	0	CMP      r10,#0	false	
Instruction	1597	S:0xC004012A	0xD041	94	BEQ      {pc}+0x86 ; 0xc00401b0	true	
Instruction	1598	S:0xC00401B0	0xB005	0	ADD      sp,sp,#0x14	false	
Instruction	1599	S:0xC00401B2	0xE8BD8FF0	2	POP      {r4-r11,pc}	true	
Instruction	1600	S:0xC0043E2C	0xF0050501	0	AND      r5,r5,#1	false	
Instruction	1601	S:0xC0043E30	0xE9F80150	0	LDRD     r0,r1,[r8,#0x140]!	false	
Instruction	1602	S:0xC0043E34	0xE9CD010A	0	STRD     r0,r1,[sp,#0x28]	false	
Instruction	1603	S:0xC0043E38	0x2801	0	CMP      r0,#1	false	
Instruction	1604	S:0xC0043E3A	0xF1710100	0	SBCS     r1,r1,#0	false	
Instruction	1605	S:0xC0043E3E	0xF2C0857A	1	BLT.W    {pc}+0xaf8 ; 0xc0044936	true	fail
Instruction	1606	S:0xC0043E42	0xF8D73124	0	LDR      r3,[r7,#0x124]	false	
Instruction	1607	S:0xC0043E46	0xF1030458	0	ADD      r4,r3,#0x58	false	
Instruction	1608	S:0xC0043E4A	0xE8D4017F	0	LDREXD   r0,r1,[r4]	false	
Instruction	1609	S:0xC0043E4E	0x4602	0	MOV      r2,r0	false	
Instruction	1610	S:0xC0043E50	0x460B	0	MOV      r3,r1	false	
Instruction	1611	S:0xC0043E52	0xE9DD010A	0	LDRD     r0,r1,[sp,#0x28]	false	
Instruction	1612	S:0xC0043E56	0x1A12	0	SUBS     r2,r2,r0	false	
Instruction	1613	S:0xC0043E58	0xEB630301	0	SBC      r3,r3,r1	false	
Instruction	1614	S:0xC0043E5C	0xEA520103	0	ORRS     r1,r2,r3	false	
Instruction	1615	S:0xC0043E60	0xF04083D8	404	BNE.W    {pc}+0x7b4 ; 0xc0044614	true	
Instruction	1616	S:0xC0044614	0xF44F60FC	0	MOV      r0,#0x7e0	false	
Instruction	1617	S:0xC0044618	0x2100	0	MOVS     r1,#0	false	
Instruction	1618	S:0xC004461A	0x4299	0	CMP      r1,r3	false	
Instruction	1619	S:0xC004461C	0xBF08	0	IT       EQ	false	
Instruction	1620	S:0xC004461E	0x4290	0	CMP      r0,r2	false	
Instruction	1621	S:0xC0044620	0xF8D74148	0	LDR      r4,[r7,#0x148]	false	
Instruction	1622	S:0xC0044624	0xF0C0830A	272	BCC.W    {pc}+0x618 ; 0xc0044c3c	true	fail
Instruction	1623	S:0xC0044628	0x2A1F	0	CMP      r2,#0x1f	false	
Instruction	1624	S:0xC004462A	0x4611	0	MOV      r1,r2	false	
Instruction	1625	S:0xC004462C	0xBF82	0	ITTT     HI	false	
Instruction	1626	S:0xC004462E	0x0953	0	LSRS     r3,r2,#5	false	
Instruction	1627	S:0xC0044630	0xF002011F	0	AND      r1,r2,#0x1f	false	
Instruction	1628	S:0xC0044634	0x40DC	0	LSRS     r4,r4,r3	false	
Instruction	1629	S:0xC0044636	0x4BA2	0	LDR      r3,[pc,#648] ; [0xC00448C0] = 0xC03E83C8	false	
Instruction	1630	S:0xC0044638	0xF8532021	0	LDR      r2,[r3,r1,LSL #2]	false	
Instruction	1631	S:0xC004463C	0xFBA22304	0	UMULL    r2,r3,r2,r4	false	
Instruction	1632	S:0xC0044640	0x4619	0	MOV      r1,r3	false	
Instruction	1633	S:0xC0044642	0xF8C71148	0	STR      r1,[r7,#0x148]	false	
Instruction	1634	S:0xC0044646	0x2200	0	MOVS     r2,#0	false	
Instruction	1635	S:0xC0044648	0x2300	0	MOVS     r3,#0	false	
Instruction	1636	S:0xC004464A	0xE9C82300	0	STRD     r2,r3,[r8,#0]	false	
Instruction	1637	S:0xC004464E	0x2D00	0	CMP      r5,#0	false	
Instruction	1638	S:0xC0044650	0xF47FAC0D	259	BNE      {pc}-0x7e2 ; 0xc0043e6e	true	
Instruction	1639	S:0xC0043E6E	0x460A	0	MOV      r2,r1	false	
Instruction	1640	S:0xC0043E70	0xE9D60114	0	LDRD     r0,r1,[r6,#0x50]	false	
Instruction	1641	S:0xC0043E74	0x17D3	0	ASRS     r3,r2,#31	false	
Instruction	1642	S:0xC0043E76	0x428B	0	CMP      r3,r1	false	
Instruction	1643	S:0xC0043E78	0xBF08	0	IT       EQ	false	
Instruction	1644	S:0xC0043E7A	0x4282	0	CMP      r2,r0	false	
Instruction	1645	S:0xC0043E7C	0xF08086D8	4	BCS.W    {pc}+0xdb4 ; 0xc0044c30	true	
Instruction	1646	S:0xC0044C30	0x2200	0	MOVS     r2,#0	false	
Instruction	1647	S:0xC0044C32	0x2300	0	MOVS     r3,#0	false	
Instruction	1648	S:0xC0044C34	0xE9C62314	0	STRD     r2,r3,[r6,#0x50]	false	
Instruction	1649	S:0xC0044C38	0xF7FFB927	4	B        {pc}-0xdae ; 0xc0043e8a	true	
Instruction	1650	S:0xC0043E8A	0xF8D73124	0	LDR      r3,[r7,#0x124]	false	
Instruction	1651	S:0xC0043E8E	0xF8D72128	0	LDR      r2,[r7,#0x128]	false	
Instruction	1652	S:0xC0043E92	0xF8D31084	0	LDR      r1,[r3,#0x84]	false	
Instruction	1653	S:0xC0043E96	0xF8D144C0	0	LDR      r4,[r1,#0x4c0]	false	
Instruction	1654	S:0xC0043E9A	0x940A	0	STR      r4,[sp,#0x28]	false	
Instruction	1655	S:0xC0043E9C	0x2A00	0	CMP      r2,#0	false	
Instruction	1656	S:0xC0043E9E	0xF0008452	3	BEQ.W    {pc}+0x8a8 ; 0xc0044746	true	
Instruction	1657	S:0xC0044746	0xF5016190	0	ADD      r1,r1,#0x480	false	
Instruction	1658	S:0xC004474A	0xE9D18900	0	LDRD     r8,r9,[r1,#0]	false	
Instruction	1659	S:0xC004474E	0xF7FFBBAE	1	B        {pc}-0x8a0 ; 0xc0043eae	true	
Instruction	1660	S:0xC0043EAE	0xF64B7540	0	MOV      r5,#0xbf40	false	
Instruction	1661	S:0xC0043EB2	0x46BE	0	MOV      lr,r7	false	
Instruction	1662	S:0xC0043EB4	0xF2CC0564	0	MOVT     r5,#0xc064	false	
Instruction	1663	S:0xC0043EB8	0x69F8	0	LDR      r0,[r7,#0x1c]	false	
Instruction	1664	S:0xC0043EBA	0x6B1B	0	LDR      r3,[r3,#0x30]	false	
Instruction	1665	S:0xC0043EBC	0x686A	0	LDR      r2,[r5,#4]	false	
Instruction	1666	S:0xC0043EBE	0xE9FE454E	0	LDRD     r4,r5,[lr,#0x138]!	false	
Instruction	1667	S:0xC0043EC2	0x9010	0	STR      r0,[sp,#0x40]	false	
Instruction	1668	S:0xC0043EC4	0xEBB80404	0	SUBS     r4,r8,r4	false	
Instruction	1669	S:0xC0043EC8	0xEB690505	0	SBC      r5,r9,r5	false	
Instruction	1670	S:0xC0043ECC	0xEA4F7CE2	0	ASR      r12,r2,#31	false	
Instruction	1671	S:0xC0043ED0	0x930C	0	STR      r3,[sp,#0x30]	false	
Instruction	1672	S:0xC0043ED2	0xFBA50102	0	UMULL    r0,r1,r5,r2	false	
Instruction	1673	S:0xC0043ED6	0xFBA42302	0	UMULL    r2,r3,r4,r2	false	
Instruction	1674	S:0xC0043EDA	0xFB05110C	0	MLA      r1,r5,r12,r1	false	
Instruction	1675	S:0xC0043EDE	0xFB04330C	0	MLA      r3,r4,r12,r3	false	
Instruction	1676	S:0xC0043EE2	0xEA4F4C00	0	LSL      r12,r0,#16	false	
Instruction	1677	S:0xC0043EE6	0xF8CDC018	0	STR      r12,[sp,#0x18]	false	
Instruction	1678	S:0xC0043EEA	0x040C	0	LSLS     r4,r1,#16	false	
Instruction	1679	S:0xC0043EEC	0xEA444510	0	ORR      r5,r4,r0,LSR #16	false	
Instruction	1680	S:0xC0043EF0	0x0C10	0	LSRS     r0,r2,#16	false	
Instruction	1681	S:0xC0043EF2	0x9507	0	STR      r5,[sp,#0x1c]	false	
Instruction	1682	S:0xC0043EF4	0x0C1C	0	LSRS     r4,r3,#16	false	
Instruction	1683	S:0xC0043EF6	0xEA404103	0	ORR      r1,r0,r3,LSL #16	false	
Instruction	1684	S:0xC0043EFA	0x9409	0	STR      r4,[sp,#0x24]	false	
Instruction	1685	S:0xC0043EFC	0x9108	0	STR      r1,[sp,#0x20]	false	
Instruction	1686	S:0xC0043EFE	0xE9DD4508	0	LDRD     r4,r5,[sp,#0x20]	false	
Instruction	1687	S:0xC0043F02	0xE9DD2306	0	LDRD     r2,r3,[sp,#0x18]	false	
Instruction	1688	S:0xC0043F06	0x1912	0	ADDS     r2,r2,r4	false	
Instruction	1689	S:0xC0043F08	0xEB430305	0	ADC      r3,r3,r5	false	
Instruction	1690	S:0xC0043F0C	0x2A00	0	CMP      r2,#0	false	
Instruction	1691	S:0xC0043F0E	0xF1730500	0	SBCS     r5,r3,#0	false	
Instruction	1692	S:0xC0043F12	0xF2C083DD	8	BLT.W    {pc}+0x7be ; 0xc00446d0	true	fail
Instruction	1693	S:0xC0043F16	0xEA4F2C92	0	LSR      r12,r2,#10	false	
Instruction	1694	S:0xC0043F1A	0x0A99	0	LSRS     r1,r3,#10	false	
Instruction	1695	S:0xC0043F1C	0xEA4C5083	0	ORR      r0,r12,r3,LSL #22	false	
Instruction	1696	S:0xC0043F20	0x9105	0	STR      r1,[sp,#0x14]	false	
Instruction	1697	S:0xC0043F22	0x9004	0	STR      r0,[sp,#0x10]	false	
Instruction	1698	S:0xC0043F24	0xE9DD4504	0	LDRD     r4,r5,[sp,#0x10]	false	
Instruction	1699	S:0xC0043F28	0x4325	0	ORRS     r5,r5,r4	false	
Instruction	1700	S:0xC0043F2A	0xF00080CE	2	BEQ.W    {pc}+0x1a0 ; 0xc00440ca	true	fail
Instruction	1701	S:0xC0043F2E	0xF64B7C40	0	MOV      r12,#0xbf40	false	
Instruction	1702	S:0xC0043F32	0xE9CE8900	0	STRD     r8,r9,[lr,#0]	false	
Instruction	1703	S:0xC0043F36	0xF2CC0C64	0	MOVT     r12,#0xc064	false	
Instruction	1704	S:0xC0043F3A	0xF8DC3000	0	LDR      r3,[r12,#0]	false	
Instruction	1705	S:0xC0043F3E	0x2B00	0	CMP      r3,#0	false	
Instruction	1706	S:0xC0043F40	0xF00083D9	1	BEQ.W    {pc}+0x7b6 ; 0xc00446f6	true	fail
Timestamp					Timestamp: 562537008623		
Instruction	1707	S:0xC0043F44	0x980A	0	LDR      r0,[sp,#0x28]	false	
Instruction	1708	S:0xC0043F46	0x4661	0	MOV      r1,r12	false	
Instruction	1709	S:0xC0043F48	0x2300	0	MOVS     r3,#0	false	
Instruction	1710	S:0xC0043F4A	0x930B	0	STR      r3,[sp,#0x2c]	false	
Instruction	1711	S:0xC0043F4C	0xEB0C1C00	0	ADD      r12,r12,r0,LSL #4	false	
Instruction	1712	S:0xC0043F50	0xF8DC5098	0	LDR      r5,[r12,#0x98]	false	
Instruction	1713	S:0xC0043F54	0x950A	0	STR      r5,[sp,#0x28]	false	
Instruction	1714	S:0xC0043F56	0x980C	0	LDR      r0,[sp,#0x30]	false	
Instruction	1715	S:0xC0043F58	0xF8D74134	0	LDR      r4,[r7,#0x134]	false	
Instruction	1716	S:0xC0043F5C	0x1A38	0	SUBS     r0,r7,r0	false	
Instruction	1717	S:0xC0043F5E	0xE9DD2304	0	LDRD     r2,r3,[sp,#0x10]	false	
Instruction	1718	S:0xC0043F62	0xF1D00900	0	RSBS     r9,r0,#0	false	
Instruction	1719	S:0xC0043F66	0xEB590900	0	ADCS     r9,r9,r0	false	
Instruction	1720	S:0xC0043F6A	0x05A0	0	LSLS     r0,r4,#22	false	
Instruction	1721	S:0xC0043F6C	0x0D80	0	LSRS     r0,r0,#22	false	
Instruction	1722	S:0xC0043F6E	0x1812	0	ADDS     r2,r2,r0	false	
Instruction	1723	S:0xC0043F70	0xF1430300	0	ADC      r3,r3,#0	false	
Instruction	1724	S:0xC0043F74	0x2B00	0	CMP      r3,#0	false	
Instruction	1725	S:0xC0043F76	0xBF08	0	IT       EQ	false	
Instruction	1726	S:0xC0043F78	0xF5B26F80	0	CMP      r2,#0x400	false	
Instruction	1727	S:0xC0043F7C	0xBF38	0	IT       CC	false	
Instruction	1728	S:0xC0043F7E	0x2100	0	MOVS     r1,#0	false	
Instruction	1729	S:0xC0043F80	0xD37B	249	BCC      {pc}+0xfa ; 0xc004407a	true	fail
Instruction	1730	S:0xC0043F82	0xF5C06080	0	RSB      r0,r0,#0x400	false	
Instruction	1731	S:0xC0043F86	0x9B10	0	LDR      r3,[sp,#0x40]	false	
Instruction	1732	S:0xC0043F88	0xF8D71130	0	LDR      r1,[r7,#0x130]	false	
Instruction	1733	S:0xC0043F8C	0xFB00F205	0	MUL      r2,r0,r5	false	
Instruction	1734	S:0xC0043F90	0x0A92	0	LSRS     r2,r2,#10	false	
Instruction	1735	S:0xC0043F92	0x2B00	0	CMP      r3,#0	false	
Instruction	1736	S:0xC0043F94	0xF00083DD	2	BEQ.W    {pc}+0x7be ; 0xc0044752	true	
Instruction	1737	S:0xC0044752	0x9122	0	STR      r1,[sp,#0x88]	false	
Instruction	1738	S:0xC0044754	0xE424	1	B        {pc}-0x7b4 ; 0xc0043fa0	true	
Instruction	1739	S:0xC0043FA0	0xF1B90F00	0	CMP      r9,#0	false	
Instruction	1740	S:0xC0043FA4	0xD004	1	BEQ      {pc}+0xc ; 0xc0043fb0	true	
Instruction	1741	S:0xC0043FB0	0xE9DD2304	0	LDRD     r2,r3,[sp,#0x10]	false	
Instruction	1742	S:0xC0043FB4	0x1904	0	ADDS     r4,r0,r4	false	
Instruction	1743	S:0xC0043FB6	0x9423	0	STR      r4,[sp,#0x8c]	false	
Instruction	1744	S:0xC0043FB8	0x1A12	0	SUBS     r2,r2,r0	false	
Instruction	1745	S:0xC0043FBA	0xEB6373E0	0	SBC      r3,r3,r0,ASR #31	false	
Instruction	1746	S:0xC0043FBE	0xE9CD2300	0	STRD     r2,r3,[sp,#0]	false	
Instruction	1747	S:0xC0043FC2	0x9B00	0	LDR      r3,[sp,#0]	false	
Instruction	1748	S:0xC0043FC4	0xF24032FF	0	MOV      r2,#0x3ff	false	
Instruction	1749	S:0xC0043FC8	0xF8DDC004	0	LDR      r12,[sp,#4]	false	
Instruction	1750	S:0xC0043FCC	0xE9DD0100	0	LDRD     r0,r1,[sp,#0]	false	
Instruction	1751	S:0xC0043FD0	0x0A9B	0	LSRS     r3,r3,#10	false	
Instruction	1752	S:0xC0043FD2	0xF8C74134	0	STR      r4,[r7,#0x134]	false	
Instruction	1753	S:0xC0043FD6	0xEA43548C	0	ORR      r4,r3,r12,LSL #22	false	
Instruction	1754	S:0xC0043FDA	0x2300	0	MOVS     r3,#0	false	
Instruction	1755	S:0xC0043FDC	0x4019	0	ANDS     r1,r1,r3	false	
Instruction	1756	S:0xC0043FDE	0x9414	0	STR      r4,[sp,#0x50]	false	
Instruction	1757	S:0xC0043FE0	0xEA4F239C	0	LSR      r3,r12,#10	false	
Instruction	1758	S:0xC0043FE4	0x9315	0	STR      r3,[sp,#0x54]	false	
Instruction	1759	S:0xC0043FE6	0x4010	0	ANDS     r0,r0,r2	false	
Instruction	1760	S:0xC0043FE8	0xE9CD0104	0	STRD     r0,r1,[sp,#0x10]	false	
Instruction	1761	S:0xC0043FEC	0xE9DD0114	0	LDRD     r0,r1,[sp,#0x50]	false	
Instruction	1762	S:0xC0043FF0	0x2201	0	MOVS     r2,#1	false	
Instruction	1763	S:0xC0043FF2	0x2300	0	MOVS     r3,#0	false	
Instruction	1764	S:0xC0043FF4	0x1880	0	ADDS     r0,r0,r2	false	
Instruction	1765	S:0xC0043FF6	0xF44F62FC	0	MOV      r2,#0x7e0	false	
Instruction	1766	S:0xC0043FFA	0xEB410103	0	ADC      r1,r1,r3	false	
Instruction	1767	S:0xC0043FFE	0x2300	0	MOVS     r3,#0	false	
Instruction	1768	S:0xC0044000	0x428B	0	CMP      r3,r1	false	
Instruction	1769	S:0xC0044002	0xBF08	0	IT       EQ	false	
Instruction	1770	S:0xC0044004	0x4282	0	CMP      r2,r0	false	
Instruction	1771	S:0xC0044006	0xE9CD010C	0	STRD     r0,r1,[sp,#0x30]	false	
Instruction	1772	S:0xC004400A	0xF0C086BF	10	BCC.W    {pc}+0xd82 ; 0xc0044d8c	true	fail
Instruction	1773	S:0xC004400E	0x9B0C	0	LDR      r3,[sp,#0x30]	false	
Instruction	1774	S:0xC0044010	0x4680	0	MOV      r8,r0	false	
Instruction	1775	S:0xC0044012	0xF8DFC8AC	0	LDR      r12,[pc,#2220] ; [0xC00448C0]	false	
Instruction	1776	S:0xC0044016	0x2B1F	0	CMP      r3,#0x1f	false	
Instruction	1777	S:0xC0044018	0xF20086C1	1	BHI.W    {pc}+0xd86 ; 0xc0044d9e	true	
Instruction	1778	S:0xC0044D9E	0x9922	0	LDR      r1,[sp,#0x88]	false	
Instruction	1779	S:0xC0044DA0	0xF003081F	0	AND      r8,r3,#0x1f	false	
Instruction	1780	S:0xC0044DA4	0x9C23	0	LDR      r4,[sp,#0x8c]	false	
Instruction	1781	S:0xC0044DA6	0xEA4F1E53	0	LSR      lr,r3,#5	false	
Instruction	1782	S:0xC0044DAA	0xF8D73160	0	LDR      r3,[r7,#0x160]	false	
Instruction	1783	S:0xC0044DAE	0xFA21F20E	0	LSR      r2,r1,lr	false	
Instruction	1784	S:0xC0044DB2	0xF85C1028	0	LDR      r1,[r12,r8,LSL #2]	false	
Instruction	1785	S:0xC0044DB6	0xFA24F00E	0	LSR      r0,r4,lr	false	
Instruction	1786	S:0xC0044DBA	0xFA23FE0E	0	LSR      lr,r3,lr	false	
Instruction	1787	S:0xC0044DBE	0xFBA22301	0	UMULL    r2,r3,r2,r1	false	
Instruction	1788	S:0xC0044DC2	0xFBA10100	0	UMULL    r0,r1,r1,r0	false	
Instruction	1789	S:0xC0044DC6	0x461C	0	MOV      r4,r3	false	
Instruction	1790	S:0xC0044DC8	0xF8C73130	0	STR      r3,[r7,#0x130]	false	
Instruction	1791	S:0xC0044DCC	0xF8C71134	0	STR      r1,[r7,#0x134]	false	
Instruction	1792	S:0xC0044DD0	0xF7FFB933	239	B        {pc}-0xd96 ; 0xc004403a	true	
Instruction	1793	S:0xC004403A	0xF85C2028	0	LDR      r2,[r12,r8,LSL #2]	false	
Instruction	1794	S:0xC004403E	0xFBA2230E	0	UMULL    r2,r3,r2,lr	false	
Instruction	1795	S:0xC0044042	0xF8C73160	0	STR      r3,[r7,#0x160]	false	
Instruction	1796	S:0xC0044046	0xE9DD0114	0	LDRD     r0,r1,[sp,#0x50]	false	
Instruction	1797	S:0xC004404A	0xF7FDFB41	2	BL       {pc}-0x297a ; 0xc00416d0	true	
Instruction	1798	S:0xC00416D0	0xE92D03F0	0	PUSH     {r4-r9}	false	
Instruction	1799	S:0xC00416D4	0xB500	0	PUSH     {lr}	false	
Instruction	1800	S:0xC00416D6	0xF85DEB04	0	POP      {lr}	false	
Instruction	1801	S:0xC00416DA	0x2620	0	MOVS     r6,#0x20	false	
Instruction	1802	S:0xC00416DC	0x2700	0	MOVS     r7,#0	false	
Instruction	1803	S:0xC00416DE	0x428F	0	CMP      r7,r1	false	
Instruction	1804	S:0xC00416E0	0xBF08	0	IT       EQ	false	
Instruction	1805	S:0xC00416E2	0x4286	0	CMP      r6,r0	false	
Instruction	1806	S:0xC00416E4	0xD307	2	BCC      {pc}+0x12 ; 0xc00416f6	true	
Instruction	1807	S:0xC00416F6	0xF44F72AC	0	MOV      r2,#0x158	false	
Instruction	1808	S:0xC00416FA	0x2300	0	MOVS     r3,#0	false	
Instruction	1809	S:0xC00416FC	0x428B	0	CMP      r3,r1	false	
Instruction	1810	S:0xC00416FE	0xBF08	0	IT       EQ	false	
Instruction	1811	S:0xC0041700	0x4282	0	CMP      r2,r0	false	
Instruction	1812	S:0xC0041702	0xD34A	2	BCC      {pc}+0x98 ; 0xc004179a	true	
Instruction	1813	S:0xC004179A	0xF64B207E	0	MOV      r0,#0xba7e	false	
Instruction	1814	S:0xC004179E	0xE7A7	1	B        {pc}-0xae ; 0xc00416f0	true	
Instruction	1815	S:0xC00416F0	0xE8BD03F0	0	POP      {r4-r9}	false	
Instruction	1816	S:0xC00416F4	0x4770	8	BX       lr	true	
Instruction	1817	S:0xC004404E	0xFB05F300	0	MUL      r3,r5,r0	false	
Instruction	1818	S:0xC0044052	0x9D10	0	LDR      r5,[sp,#0x40]	false	
Instruction	1819	S:0xC0044054	0x0A9B	0	LSRS     r3,r3,#10	false	
Instruction	1820	S:0xC0044056	0xB115	1	CBZ      r5,{pc}+8 ; 0xc004405e	true	
Instruction	1821	S:0xC004405E	0xF1B90F00	0	CMP      r9,#0	false	
Instruction	1822	S:0xC0044062	0xD004	14	BEQ      {pc}+0xc ; 0xc004406e	true	
Instruction	1823	S:0xC004406E	0xF8D74134	0	LDR      r4,[r7,#0x134]	false	
Instruction	1824	S:0xC0044072	0x2101	0	MOVS     r1,#1	false	
Instruction	1825	S:0xC0044074	0x1824	0	ADDS     r4,r4,r0	false	
Instruction	1826	S:0xC0044076	0xF8C74134	0	STR      r4,[r7,#0x134]	false	
Instruction	1827	S:0xC004407A	0xF8DDC010	0	LDR      r12,[sp,#0x10]	false	
Instruction	1828	S:0xC004407E	0xF8DDE02C	0	LDR      lr,[sp,#0x2c]	false	
Instruction	1829	S:0xC0044082	0x9A05	0	LDR      r2,[sp,#0x14]	false	
Instruction	1830	S:0xC0044084	0x4665	0	MOV      r5,r12	false	
Instruction	1831	S:0xC0044086	0x9B0A	0	LDR      r3,[sp,#0x28]	false	
Instruction	1832	S:0xC0044088	0xFB0CF00E	0	MUL      r0,r12,lr	false	
Instruction	1833	S:0xC004408C	0xFB030002	0	MLA      r0,r3,r2,r0	false	
Instruction	1834	S:0xC0044090	0xFBA52303	0	UMULL    r2,r3,r5,r3	false	
Instruction	1835	S:0xC0044094	0x18C3	0	ADDS     r3,r0,r3	false	
Instruction	1836	S:0xC0044096	0x0A92	0	LSRS     r2,r2,#10	false	
Instruction	1837	S:0xC0044098	0xEA425283	0	ORR      r2,r2,r3,LSL #22	false	
Instruction	1838	S:0xC004409C	0x9B10	0	LDR      r3,[sp,#0x40]	false	
Instruction	1839	S:0xC004409E	0xB123	35	CBZ      r3,{pc}+0xc ; 0xc00440aa	true	
Instruction	1840	S:0xC00440AA	0xF1B90F00	0	CMP      r9,#0	false	
Instruction	1841	S:0xC00440AE	0xD004	7	BEQ      {pc}+0xc ; 0xc00440ba	true	
Instruction	1842	S:0xC00440BA	0x9D04	0	LDR      r5,[sp,#0x10]	false	
Instruction	1843	S:0xC00440BC	0x1964	0	ADDS     r4,r4,r5	false	
Instruction	1844	S:0xC00440BE	0xF8C74134	0	STR      r4,[r7,#0x134]	false	
Instruction	1845	S:0xC00440C2	0xB111	9	CBZ      r1,{pc}+8 ; 0xc00440ca	true	fail
Instruction	1846	S:0xC00440C4	0x4638	0	MOV      r0,r7	false	
Instruction	1847	S:0xC00440C6	0xF7FCF901	1	BL       {pc}-0x3dfa ; 0xc00402cc	true	
Instruction	1848	S:0xC00402CC	0xE92D4FF8	0	PUSH     {r3-r11,lr}	false	
Instruction	1849	S:0xC00402D0	0xB500	0	PUSH     {lr}	false	
Instruction	1850	S:0xC00402D2	0xF85DEB04	0	POP      {lr}	false	
Instruction	1851	S:0xC00402D6	0x4606	0	MOV      r6,r0	false	
Instruction	1852	S:0xC00402D8	0xF8D05128	0	LDR      r5,[r0,#0x128]	false	
Instruction	1853	S:0xC00402DC	0xF8D0A148	0	LDR      r10,[r0,#0x148]	false	
Instruction	1854	S:0xC00402E0	0x2D00	0	CMP      r5,#0	false	
Instruction	1855	S:0xC00402E2	0xD067	115	BEQ      {pc}+0xd2 ; 0xc00403b4	true	
Instruction	1856	S:0xC00403B4	0xF8D04134	0	LDR      r4,[r0,#0x134]	false	
Instruction	1857	S:0xC00403B8	0xF1A00538	0	SUB      r5,r0,#0x38	false	
Instruction	1858	S:0xC00403BC	0xF8D08130	0	LDR      r8,[r0,#0x130]	false	
Instruction	1859	S:0xC00403C0	0x6800	0	LDR      r0,[r0,#0]	false	
Instruction	1860	S:0xC00403C2	0x3401	0	ADDS     r4,#1	false	
Instruction	1861	S:0xC00403C4	0x4621	0	MOV      r1,r4	false	
Instruction	1862	S:0xC00403C6	0xFB00F008	0	MUL      r0,r0,r8	false	
Instruction	1863	S:0xC00403CA	0xF211F883	170	BL       {pc}+0x21110a ; 0xc02514d4	true	
Cycle Count				189	Tracing disabled		
Info					Tracing enabled		
Instruction	1864	S:0xC00403CE	0x4B27	0	LDR      r3,[pc,#156] ; [0xC004046C] = 0xC0635FF4	false	
Instruction	1865	S:0xC00403D0	0x685A	0	LDR      r2,[r3,#4]	false	
Instruction	1866	S:0xC00403D2	0x4607	0	MOV      r7,r0	false	
Instruction	1867	S:0xC00403D4	0xF8C60148	0	STR      r0,[r6,#0x148]	false	
Instruction	1868	S:0xC00403D8	0xB98A	480	CBNZ     r2,{pc}+0x26 ; 0xc00403fe	true	fail
Instruction	1869	S:0xC00403DA	0xEA4F2088	0	LSL      r0,r8,#10	false	
Instruction	1870	S:0xC00403DE	0x4621	0	MOV      r1,r4	false	
Instruction	1871	S:0xC00403E0	0xF211F878	2	BL       {pc}+0x2110f4 ; 0xc02514d4	true	
Cycle Count				4	Tracing disabled		
Info					Tracing enabled		
Instruction	1872	S:0xC00403E4	0x4607	0	MOV      r7,r0	false	
Instruction	1873	S:0xC00403E6	0xF8C6014C	0	STR      r0,[r6,#0x14c]	false	
Instruction	1874	S:0xC00403EA	0x4B21	0	LDR      r3,[pc,#132] ; [0xC0040470] = 0xC0635FE0	false	
Instruction	1875	S:0xC00403EC	0x685A	0	LDR      r2,[r3,#4]	false	
Instruction	1876	S:0xC00403EE	0x2A00	0	CMP      r2,#0	false	
Instruction	1877	S:0xC00403F0	0xD12E	3	BNE      {pc}+0x60 ; 0xc0040450	true	fail
Instruction	1878	S:0xC00403F2	0xF8D60148	0	LDR      r0,[r6,#0x148]	false	
Instruction	1879	S:0xC00403F6	0xEBCA0000	0	RSB      r0,r10,r0	false	
Instruction	1880	S:0xC00403FA	0xE8BD8FF8	4	POP      {r3-r11,pc}	true	
Instruction	1881	S:0xC00440CA	0xE9D62312	0	LDRD     r2,r3,[r6,#0x48]	false	
Instruction	1882	S:0xC00440CE	0x4630	0	MOV      r0,r6	false	
Instruction	1883	S:0xC00440D0	0xF8D74148	0	LDR      r4,[r7,#0x148]	false	
Instruction	1884	S:0xC00440D4	0x2100	0	MOVS     r1,#0	false	
Instruction	1885	S:0xC00440D6	0x1912	0	ADDS     r2,r2,r4	false	
Instruction	1886	S:0xC00440D8	0xF1430300	0	ADC      r3,r3,#0	false	
Instruction	1887	S:0xC00440DC	0xE9C62312	0	STRD     r2,r3,[r6,#0x48]	false	
Instruction	1888	S:0xC00440E0	0xF7FBFD5C	1	BL       {pc}-0x4544 ; 0xc003fb9c	true	
Instruction	1889	S:0xC003FB9C	0xE92D0FF0	0	PUSH     {r4-r11}	false	
Instruction	1890	S:0xC003FBA0	0xB500	0	PUSH     {lr}	false	
Instruction	1891	S:0xC003FBA2	0xF85DEB04	0	POP      {lr}	false	
Instruction	1892	S:0xC003FBA6	0xF8D06084	0	LDR      r6,[r0,#0x84]	false	
Instruction	1893	S:0xC003FBAA	0xE9D0451A	0	LDRD     r4,r5,[r0,#0x68]	false	
Instruction	1894	S:0xC003FBAE	0xF8D67480	0	LDR      r7,[r6,#0x480]	false	
Instruction	1895	S:0xC003FBB2	0xF8D66484	0	LDR      r6,[r6,#0x484]	false	
Instruction	1896	S:0xC003FBB6	0x0D3A	0	LSRS     r2,r7,#20	false	
Instruction	1897	S:0xC003FBB8	0xEA423206	0	ORR      r2,r2,r6,LSL #12	false	
Instruction	1898	S:0xC003FBBC	0x0D33	0	LSRS     r3,r6,#20	false	
Instruction	1899	S:0xC003FBBE	0x1B14	0	SUBS     r4,r2,r4	false	
Instruction	1900	S:0xC003FBC0	0xEB630505	0	SBC      r5,r3,r5	false	
Instruction	1901	S:0xC003FBC4	0xEA540605	0	ORRS     r6,r4,r5	false	
Instruction	1902	S:0xC003FBC8	0xBF14	0	ITE      NE	false	
Instruction	1903	S:0xC003FBCA	0x2600	0	MOVS     r6,#0	false	
Instruction	1904	S:0xC003FBCC	0x2601	0	MOVS     r6,#1	false	
Instruction	1905	S:0xC003FBCE	0x2900	0	CMP      r1,#0	false	
Instruction	1906	S:0xC003FBD0	0xBF14	0	ITE      NE	false	
Instruction	1907	S:0xC003FBD2	0x2600	0	MOVS     r6,#0	false	
Instruction	1908	S:0xC003FBD4	0xF0060601	0	AND      r6,r6,#1	false	
Instruction	1909	S:0xC003FBD8	0x2E00	0	CMP      r6,#0	false	
Instruction	1910	S:0xC003FBDA	0xD167	51	BNE      {pc}+0xd2 ; 0xc003fcac	true	fail
Instruction	1911	S:0xC003FBDC	0xF1000C60	0	ADD      r12,r0,#0x60	false	
Instruction	1912	S:0xC003FBE0	0xE8DC677F	0	LDREXD   r6,r7,[r12]	false	
Instruction	1913	S:0xC003FBE4	0xEA560807	0	ORRS     r8,r6,r7	false	
Instruction	1914	S:0xC003FBE8	0xD163	8	BNE      {pc}+0xca ; 0xc003fcb2	true	fail
Instruction	1915	S:0xC003FBEA	0xE9D06714	0	LDRD     r6,r7,[r0,#0x50]	false	
Instruction	1916	S:0xC003FBEE	0xEA540C05	0	ORRS     r12,r4,r5	false	
Instruction	1917	S:0xC003FBF2	0xD027	3	BEQ      {pc}+0x52 ; 0xc003fc44	true	fail
Instruction	1918	S:0xC003FBF4	0xF44F68FC	0	MOV      r8,#0x7e0	false	
Instruction	1919	S:0xC003FBF8	0xF04F0900	0	MOV      r9,#0	false	
Instruction	1920	S:0xC003FBFC	0x45A9	0	CMP      r9,r5	false	
Instruction	1921	S:0xC003FBFE	0xBF08	0	IT       EQ	false	
Instruction	1922	S:0xC003FC00	0x45A0	0	CMP      r8,r4	false	
Instruction	1923	S:0xC003FC02	0xF0C0808F	21	BCC.W    {pc}+0x122 ; 0xc003fd24	true	fail
Instruction	1924	S:0xC003FC06	0x2C1F	0	CMP      r4,#0x1f	false	
Instruction	1925	S:0xC003FC08	0x46A4	0	MOV      r12,r4	false	
Instruction	1926	S:0xC003FC0A	0xD871	4	BHI      {pc}+0xe6 ; 0xc003fcf0	true	
Instruction	1927	S:0xC003FCF0	0xEA4F1854	0	LSR      r8,r4,#5	false	
Instruction	1928	S:0xC003FCF4	0xF0040C1F	0	AND      r12,r4,#0x1f	false	
Instruction	1929	S:0xC003FCF8	0xF1C80A20	0	RSB      r10,r8,#0x20	false	
Instruction	1930	S:0xC003FCFC	0xFA26F608	0	LSR      r6,r6,r8	false	
Instruction	1931	S:0xC003FD00	0xFA07FA0A	0	LSL      r10,r7,r10	false	
Instruction	1932	S:0xC003FD04	0xF1A80920	0	SUB      r9,r8,#0x20	false	
Instruction	1933	S:0xC003FD08	0xFA27F909	0	LSR      r9,r7,r9	false	
Instruction	1934	S:0xC003FD0C	0xEA46060A	0	ORR      r6,r6,r10	false	
Instruction	1935	S:0xC003FD10	0xEA460609	0	ORR      r6,r6,r9	false	
Instruction	1936	S:0xC003FD14	0xFA27F708	0	LSR      r7,r7,r8	false	
Instruction	1937	S:0xC003FD18	0xE778	265	B        {pc}-0x10c ; 0xc003fc0c	true	
Instruction	1938	S:0xC003FC0C	0xF8DF8120	0	LDR      r8,[pc,#288] ; [0xC003FD30] = 0xC03E83C8	false	
Instruction	1939	S:0xC003FC10	0xF04F0B00	0	MOV      r11,#0	false	
Instruction	1940	S:0xC003FC14	0xF858C02C	0	LDR      r12,[r8,r12,LSL #2]	false	
Instruction	1941	S:0xC003FC18	0xFBAC8906	0	UMULL    r8,r9,r12,r6	false	
Instruction	1942	S:0xC003FC1C	0xFB0C9A07	0	MLA      r10,r12,r7,r9	false	
Instruction	1943	S:0xC003FC20	0xE9C0AB14	0	STRD     r10,r11,[r0,#0x50]	false	
Instruction	1944	S:0xC003FC24	0xF1000C58	0	ADD      r12,r0,#0x58	false	
Instruction	1945	S:0xC003FC28	0xE8DC677F	0	LDREXD   r6,r7,[r12]	false	
Instruction	1946	S:0xC003FC2C	0x1936	0	ADDS     r6,r6,r4	false	
Instruction	1947	S:0xC003FC2E	0xEB470705	0	ADC      r7,r7,r5	false	
Instruction	1948	S:0xC003FC32	0xE8CC6778	0	STREXD   r8,r6,r7,[r12]	false	
Instruction	1949	S:0xC003FC36	0xF0980F00	0	TEQ      r8,#0	false	
Instruction	1950	S:0xC003FC3A	0xD1F5	66	BNE      {pc}-0x12 ; 0xc003fc28	true	fail
Instruction	1951	S:0xC003FC3C	0x4656	0	MOV      r6,r10	false	
Instruction	1952	S:0xC003FC3E	0x465F	0	MOV      r7,r11	false	
Instruction	1953	S:0xC003FC40	0xE9C0231A	0	STRD     r2,r3,[r0,#0x68]	false	
Instruction	1954	S:0xC003FC44	0xE9D0451E	0	LDRD     r4,r5,[r0,#0x78]	false	
Instruction	1955	S:0xC003FC48	0xE9D02312	0	LDRD     r2,r3,[r0,#0x48]	false	
Instruction	1956	S:0xC003FC4C	0xF8D0C094	0	LDR      r12,[r0,#0x94]	false	
Instruction	1957	S:0xC003FC50	0x1B12	0	SUBS     r2,r2,r4	false	
Instruction	1958	S:0xC003FC52	0xEB630305	0	SBC      r3,r3,r5	false	
Instruction	1959	S:0xC003FC56	0x1992	0	ADDS     r2,r2,r6	false	
Instruction	1960	S:0xC003FC58	0xEB430307	0	ADC      r3,r3,r7	false	
Instruction	1961	S:0xC003FC5C	0xB999	24	CBNZ     r1,{pc}+0x2a ; 0xc003fc86	true	fail
Instruction	1962	S:0xC003FC5E	0x17DE	0	ASRS     r6,r3,#31	false	
Instruction	1963	S:0xC003FC60	0xEA4F0AD4	0	LSR      r10,r4,#3	false	
Instruction	1964	S:0xC003FC64	0x4637	0	MOV      r7,r6	false	
Instruction	1965	S:0xC003FC66	0xEA860802	0	EOR      r8,r6,r2	false	
Instruction	1966	S:0xC003FC6A	0xEA860903	0	EOR      r9,r6,r3	false	
Instruction	1967	S:0xC003FC6E	0xEA4A7A45	0	ORR      r10,r10,r5,LSL #29	false	
Instruction	1968	S:0xC003FC72	0xEA4F0BD5	0	LSR      r11,r5,#3	false	
Instruction	1969	S:0xC003FC76	0xEBB80806	0	SUBS     r8,r8,r6	false	
Instruction	1970	S:0xC003FC7A	0xEB690907	0	SBC      r9,r9,r7	false	
Instruction	1971	S:0xC003FC7E	0x45CB	0	CMP      r11,r9	false	
Instruction	1972	S:0xC003FC80	0xBF08	0	IT       EQ	false	
Instruction	1973	S:0xC003FC82	0x45C2	0	CMP      r10,r8	false	
Instruction	1974	S:0xC003FC84	0xD212	15	BCS      {pc}+0x28 ; 0xc003fcac	true	
Instruction	1975	S:0xC003FCAC	0xE8BD0FF0	0	POP      {r4-r11}	false	
Instruction	1976	S:0xC003FCB0	0x4770	26	BX       lr	true	
Instruction	1977	S:0xC00440E4	0x4630	0	MOV      r0,r6	false	
Instruction	1978	S:0xC00440E6	0x4639	0	MOV      r1,r7	false	
Instruction	1979	S:0xC00440E8	0xF7FBFB98	1	BL       {pc}-0x48cc ; 0xc003f81c	true	
Instruction	1980	S:0xC003F81C	0xB430	0	PUSH     {r4,r5}	false	
Instruction	1981	S:0xC003F81E	0xB500	0	PUSH     {lr}	false	
Instruction	1982	S:0xC003F820	0xF85DEB04	0	POP      {lr}	false	
Instruction	1983	S:0xC003F824	0x2400	0	MOVS     r4,#0	false	
Instruction	1984	S:0xC003F826	0x680A	0	LDR      r2,[r1,#0]	false	
Instruction	1985	S:0xC003F828	0x6803	0	LDR      r3,[r0,#0]	false	
Instruction	1986	S:0xC003F82A	0x6044	0	STR      r4,[r0,#4]	false	
Instruction	1987	S:0xC003F82C	0x189B	0	ADDS     r3,r3,r2	false	
Instruction	1988	S:0xC003F82E	0x6003	0	STR      r3,[r0,#0]	false	
Instruction	1989	S:0xC003F830	0xF8D13120	0	LDR      r3,[r1,#0x120]	false	
Instruction	1990	S:0xC003F834	0xB1AB	125	CBZ      r3,{pc}+0x2e ; 0xc003f862	true	
Instruction	1991	S:0xC003F862	0xF8D02084	0	LDR      r2,[r0,#0x84]	false	
Instruction	1992	S:0xC003F866	0x680D	0	LDR      r5,[r1,#0]	false	
Instruction	1993	S:0xC003F868	0x6B14	0	LDR      r4,[r2,#0x30]	false	
Instruction	1994	S:0xC003F86A	0x6353	0	STR      r3,[r2,#0x34]	false	
Instruction	1995	S:0xC003F86C	0x1964	0	ADDS     r4,r4,r5	false	
Instruction	1996	S:0xC003F86E	0x6314	0	STR      r4,[r2,#0x30]	false	
Instruction	1997	S:0xC003F870	0xE7E1	23	B        {pc}-0x3a ; 0xc003f836	true	
Instruction	1998	S:0xC003F836	0xF8D13128	0	LDR      r3,[r1,#0x128]	false	
Instruction	1999	S:0xC003F83A	0xB123	3	CBZ      r3,{pc}+0xc ; 0xc003f846	true	
Instruction	2000	S:0xC003F846	0xF8D03084	0	LDR      r3,[r0,#0x84]	false	
Instruction	2001	S:0xC003F84A	0xF1010214	0	ADD      r2,r1,#0x14	false	
Instruction	2002	S:0xC003F84E	0xF5036599	0	ADD      r5,r3,#0x4c8	false	
Instruction	2003	S:0xC003F852	0xF8D344C8	0	LDR      r4,[r3,#0x4c8]	false	
Instruction	2004	S:0xC003F856	0x6062	0	STR      r2,[r4,#4]	false	
Instruction	2005	S:0xC003F858	0x614C	0	STR      r4,[r1,#0x14]	false	
Instruction	2006	S:0xC003F85A	0x618D	0	STR      r5,[r1,#0x18]	false	
Instruction	2007	S:0xC003F85C	0xF8C324C8	0	STR      r2,[r3,#0x4c8]	false	
Instruction	2008	S:0xC003F860	0xE7EC	26	B        {pc}-0x24 ; 0xc003f83c	true	
Instruction	2009	S:0xC003F83C	0x6883	0	LDR      r3,[r0,#8]	false	
Instruction	2010	S:0xC003F83E	0x3301	0	ADDS     r3,#1	false	
Instruction	2011	S:0xC003F840	0x6083	0	STR      r3,[r0,#8]	false	
Instruction	2012	S:0xC003F842	0xBC30	0	POP      {r4,r5}	false	
Instruction	2013	S:0xC003F844	0x4770	6	BX       lr	true	
Instruction	2014	S:0xC00440EC	0x4630	0	MOV      r0,r6	false	
Instruction	2015	S:0xC00440EE	0xF7FCF8AD	1	BL       {pc}-0x3ea2 ; 0xc004024c	true	
Instruction	2016	S:0xC004024C	0xB570	0	PUSH     {r4-r6,lr}	false	
Instruction	2017	S:0xC004024E	0xB500	0	PUSH     {lr}	false	
Instruction	2018	S:0xC0040250	0xF85DEB04	0	POP      {lr}	false	
Instruction	2019	S:0xC0040254	0xF8D01094	0	LDR      r1,[r0,#0x94]	false	
Instruction	2020	S:0xC0040258	0xF8D02084	0	LDR      r2,[r0,#0x84]	false	
Instruction	2021	S:0xC004025C	0x6A0B	0	LDR      r3,[r1,#0x20]	false	
Instruction	2022	S:0xC004025E	0xF8D224C0	0	LDR      r2,[r2,#0x4c0]	false	
Instruction	2023	S:0xC0040262	0xF8534022	0	LDR      r4,[r3,r2,LSL #2]	false	
Instruction	2024	S:0xC0040266	0x2C00	0	CMP      r4,#0	false	
Instruction	2025	S:0xC0040268	0xD02B	236	BEQ      {pc}+0x5a ; 0xc00402c2	true	
Instruction	2026	S:0xC00402C2	0xBD70	22	POP      {r4-r6,pc}	true	
Instruction	2027	S:0xC00440F2	0xF24C5968	0	MOV      r9,#0xc568	false	
Instruction	2028	S:0xC00440F6	0xF6470C34	0	MOV      r12,#0x7834	false	
Instruction	2029	S:0xC00440FA	0xF2CC095F	0	MOVT     r9,#0xc05f	false	
Instruction	2030	S:0xC00440FE	0xF2CC0C60	0	MOVT     r12,#0xc060	false	
Instruction	2031	S:0xC0044102	0xE9D62306	0	LDRD     r2,r3,[r6,#0x18]	false	
Instruction	2032	S:0xC0044106	0xF1A70838	0	SUB      r8,r7,#0x38	false	
Instruction	2033	S:0xC004410A	0xF8DC4000	0	LDR      r4,[r12,#0]	false	
Instruction	2034	S:0xC004410E	0xF8D91000	0	LDR      r1,[r9,#0]	false	
Instruction	2035	S:0xC0044112	0x07C9	0	LSLS     r1,r1,#31	false	
Instruction	2036	S:0xC0044114	0xE9D7010C	0	LDRD     r0,r1,[r7,#0x30]	false	
Instruction	2037	S:0xC0044118	0xBF48	0	IT       MI	false	
Instruction	2038	S:0xC004411A	0x0864	0	LSRS     r4,r4,#1	false	
Instruction	2039	S:0xC004411C	0x1B12	0	SUBS     r2,r2,r4	false	
Instruction	2040	S:0xC004411E	0xF1630300	0	SBC      r3,r3,#0	false	
Instruction	2041	S:0xC0044122	0x4614	0	MOV      r4,r2	false	
Instruction	2042	S:0xC0044124	0x461D	0	MOV      r5,r3	false	
Instruction	2043	S:0xC0044126	0x1A24	0	SUBS     r4,r4,r0	false	
Instruction	2044	S:0xC0044128	0xEB650501	0	SBC      r5,r5,r1	false	
Instruction	2045	S:0xC004412C	0x2C01	0	CMP      r4,#1	false	
Instruction	2046	S:0xC004412E	0xF1750E00	0	SBCS     lr,r5,#0	false	
Instruction	2047	S:0xC0044132	0xBFB8	0	IT       LT	false	
Instruction	2048	S:0xC0044134	0x460B	0	MOV      r3,r1	false	
Instruction	2049	S:0xC0044136	0xF8D71128	0	LDR      r1,[r7,#0x128]	false	
Instruction	2050	S:0xC004413A	0xBFB8	0	IT       LT	false	
Instruction	2051	S:0xC004413C	0x4602	0	MOV      r2,r0	false	
Instruction	2052	S:0xC004413E	0xE9C7230C	0	STRD     r2,r3,[r7,#0x30]	false	
Instruction	2053	S:0xC0044142	0xB109	179	CBZ      r1,{pc}+6 ; 0xc0044148	true	
Instruction	2054	S:0xC0044148	0xE9D7231E	0	LDRD     r2,r3,[r7,#0x78]	false	
Instruction	2055	S:0xC004414C	0xEA520003	0	ORRS     r0,r2,r3	false	
Instruction	2056	S:0xC0044150	0xD02A	101	BEQ      {pc}+0x58 ; 0xc00441a8	true	fail
Instruction	2057	S:0xC0044152	0xF8D61084	0	LDR      r1,[r6,#0x84]	false	
Instruction	2058	S:0xC0044156	0xF501618F	0	ADD      r1,r1,#0x478	false	
Instruction	2059	S:0xC004415A	0xE9D14500	0	LDRD     r4,r5,[r1,#0]	false	
Instruction	2060	S:0xC004415E	0x1AA4	0	SUBS     r4,r4,r2	false	
Instruction	2061	S:0xC0044160	0xEB650503	0	SBC      r5,r5,r3	false	
Instruction	2062	S:0xC0044164	0x2C00	0	CMP      r4,#0	false	
Instruction	2063	S:0xC0044166	0xF1750100	0	SBCS     r1,r5,#0	false	
Instruction	2064	S:0xC004416A	0xF2C082F7	7	BLT.W    {pc}+0x5f2 ; 0xc004475c	true	fail
Instruction	2065	S:0xC004416E	0xE9D72320	0	LDRD     r2,r3,[r7,#0x80]	false	
Instruction	2066	S:0xC0044172	0x42AB	0	CMP      r3,r5	false	
Instruction	2067	S:0xC0044174	0xBF08	0	IT       EQ	false	
Instruction	2068	S:0xC0044176	0x42A2	0	CMP      r2,r4	false	
Instruction	2069	S:0xC0044178	0xF0C08562	1	BCC.W    {pc}+0xac8 ; 0xc0044c40	true	
Instruction	2070	S:0xC0044C40	0xE9C74520	0	STRD     r4,r5,[r7,#0x80]	false	
Instruction	2071	S:0xC0044C44	0xF7FFBA9A	12	B        {pc}-0xac8 ; 0xc004417c	true	
Instruction	2072	S:0xC004417C	0xE9D72322	0	LDRD     r2,r3,[r7,#0x88]	false	
Instruction	2073	S:0xC0044180	0x2000	0	MOVS     r0,#0	false	
Instruction	2074	S:0xC0044182	0x2100	0	MOVS     r1,#0	false	
Instruction	2075	S:0xC0044184	0xE9C7011E	0	STRD     r0,r1,[r7,#0x78]	false	
Instruction	2076	S:0xC0044188	0x1912	0	ADDS     r2,r2,r4	false	
Instruction	2077	S:0xC004418A	0xEB430305	0	ADC      r3,r3,r5	false	
Instruction	2078	S:0xC004418E	0xE9C72322	0	STRD     r2,r3,[r7,#0x88]	false	
Instruction	2079	S:0xC0044192	0xF1B80F00	0	CMP      r8,#0	false	
Instruction	2080	S:0xC0044196	0xD007	77	BEQ      {pc}+0x12 ; 0xc00441a8	true	fail
Instruction	2081	S:0xC0044198	0xF2460244	0	MOV      r2,#0x6044	false	
Instruction	2082	S:0xC004419C	0xF2CC0263	0	MOVT     r2,#0xc063	false	
Instruction	2083	S:0xC00441A0	0x6853	0	LDR      r3,[r2,#4]	false	
Instruction	2084	S:0xC00441A2	0x2B00	0	CMP      r3,#0	false	
Instruction	2085	S:0xC00441A4	0xF04085D6	34	BNE.W    {pc}+0xbb0 ; 0xc0044d54	true	fail
Instruction	2086	S:0xC00441A8	0xE9D72324	0	LDRD     r2,r3,[r7,#0x90]	false	
Instruction	2087	S:0xC00441AC	0xEA520403	0	ORRS     r4,r2,r3	false	
Instruction	2088	S:0xC00441B0	0xD051	1	BEQ      {pc}+0xa6 ; 0xc0044256	true	
Instruction	2089	S:0xC0044256	0x6B34	0	LDR      r4,[r6,#0x30]	false	
Instruction	2090	S:0xC0044258	0x42A7	0	CMP      r7,r4	false	
Instruction	2091	S:0xC004425A	0xD008	18	BEQ      {pc}+0x14 ; 0xc004426e	true	fail
Instruction	2092	S:0xC004425C	0xF8D63084	0	LDR      r3,[r6,#0x84]	false	
Instruction	2093	S:0xC0044260	0xF503638F	0	ADD      r3,r3,#0x478	false	
Instruction	2094	S:0xC0044264	0xE9D32300	0	LDRD     r2,r3,[r3,#0]	false	
Instruction	2095	S:0xC0044268	0xE9C72312	0	STRD     r2,r3,[r7,#0x48]	false	
Instruction	2096	S:0xC004426C	0x6B34	0	LDR      r4,[r6,#0x30]	false	
Instruction	2097	S:0xC004426E	0xF6470934	0	MOV      r9,#0x7834	false	
Instruction	2098	S:0xC0044272	0xE9D62306	0	LDRD     r2,r3,[r6,#0x18]	false	
Instruction	2099	S:0xC0044276	0xE9D7010C	0	LDRD     r0,r1,[r7,#0x30]	false	
Instruction	2100	S:0xC004427A	0xF2CC0960	0	MOVT     r9,#0xc060	false	
Instruction	2101	S:0xC004427E	0x1A80	0	SUBS     r0,r0,r2	false	
Instruction	2102	S:0xC0044280	0xEB610103	0	SBC      r1,r1,r3	false	
Instruction	2103	S:0xC0044284	0xF8D95000	0	LDR      r5,[r9,#0]	false	
Instruction	2104	S:0xC0044288	0x2300	0	MOVS     r3,#0	false	
Instruction	2105	S:0xC004428A	0xEA4F7AE1	0	ASR      r10,r1,#31	false	
Instruction	2106	S:0xC004428E	0xEB050545	0	ADD      r5,r5,r5,LSL #1	false	
Instruction	2107	S:0xC0044292	0x46D3	0	MOV      r11,r10	false	
Instruction	2108	S:0xC0044294	0xEA80000A	0	EOR      r0,r0,r10	false	
Instruction	2109	S:0xC0044298	0xEA81010A	0	EOR      r1,r1,r10	false	
Instruction	2110	S:0xC004429C	0x462A	0	MOV      r2,r5	false	
Instruction	2111	S:0xC004429E	0xEBB0000A	0	SUBS     r0,r0,r10	false	
Instruction	2112	S:0xC00442A2	0xEB61010B	0	SBC      r1,r1,r11	false	
Instruction	2113	S:0xC00442A6	0x4282	0	CMP      r2,r0	false	
Instruction	2114	S:0xC00442A8	0xEB730C01	0	SBCS     r12,r3,r1	false	
Instruction	2115	S:0xC00442AC	0xBFBE	0	ITTT     LT	false	
Instruction	2116	S:0xC00442AE	0x6C33	0	LDR      r3,[r6,#0x40]	false	
Instruction	2117	S:0xC00442B0	0x3301	0	ADDS     r3,#1	false	
Instruction	2118	S:0xC00442B2	0x6433	0	STR      r3,[r6,#0x40]	false	
Instruction	2119	S:0xC00442B4	0x42BC	0	CMP      r4,r7	false	
Instruction	2120	S:0xC00442B6	0xD003	19	BEQ      {pc}+0xa ; 0xc00442c0	true	fail
Instruction	2121	S:0xC00442B8	0x4630	0	MOV      r0,r6	false	
Instruction	2122	S:0xC00442BA	0x4639	0	MOV      r1,r7	false	
Instruction	2123	S:0xC00442BC	0xF7FCFEC4	1	BL       {pc}-0x3274 ; 0xc0041048	true	
Instruction	2124	S:0xC0041048	0xE92D03F0	0	PUSH     {r4-r9}	false	
Instruction	2125	S:0xC004104C	0xB500	0	PUSH     {lr}	false	
Instruction	2126	S:0xC004104E	0xF85DEB04	0	POP      {lr}	false	
Instruction	2127	S:0xC0041052	0x468C	0	MOV      r12,r1	false	
Instruction	2128	S:0xC0041054	0xF1000128	0	ADD      r1,r0,#0x28	false	
Instruction	2129	S:0xC0041058	0x2401	0	MOVS     r4,#1	false	
Instruction	2130	S:0xC004105A	0x460F	0	MOV      r7,r1	false	
Instruction	2131	S:0xC004105C	0x2300	0	MOVS     r3,#0	false	
Instruction	2132	S:0xC004105E	0xE010	39	B        {pc}+0x24 ; 0xc0041082	true	
Instruction	2133	S:0xC0041082	0x683E	0	LDR      r6,[r7,#0]	false	
Instruction	2134	S:0xC0041084	0x2E00	0	CMP      r6,#0	false	
Instruction	2135	S:0xC0041086	0xD1EB	39	BNE      {pc}-0x26 ; 0xc0041060	true	fail
Instruction	2136	S:0xC0041088	0xF10C0208	0	ADD      r2,r12,#8	false	
Instruction	2137	S:0xC004108C	0xB104	14	CBZ      r4,{pc}+4 ; 0xc0041090	true	fail
Instruction	2138	S:0xC004108E	0x62C2	0	STR      r2,[r0,#0x2c]	false	
Instruction	2139	S:0xC0041090	0xF8CC3008	0	STR      r3,[r12,#8]	false	
Instruction	2140	S:0xC0041094	0x4610	0	MOV      r0,r2	false	
Instruction	2141	S:0xC0041096	0x2300	0	MOVS     r3,#0	false	
Instruction	2142	S:0xC0041098	0xF8CC300C	0	STR      r3,[r12,#0xc]	false	
Instruction	2143	S:0xC004109C	0xF8CC3010	0	STR      r3,[r12,#0x10]	false	
Instruction	2144	S:0xC00410A0	0x603A	0	STR      r2,[r7,#0]	false	
Instruction	2145	S:0xC00410A2	0xE8BD03F0	0	POP      {r4-r9}	false	
Instruction	2146	S:0xC00410A6	0xF215B865	14	B.W      {pc}+0x2150ce ; 0xc0256174	true	
Cycle Count				311	Tracing disabled		
Info					Tracing enabled		
Instruction	2147	S:0xC00442C0	0x2301	0	MOVS     r3,#1	false	
Instruction	2148	S:0xC00442C2	0x61FB	0	STR      r3,[r7,#0x1c]	false	
Instruction	2149	S:0xC00442C4	0x68B3	0	LDR      r3,[r6,#8]	false	
Instruction	2150	S:0xC00442C6	0x2B01	0	CMP      r3,#1	false	
Instruction	2151	S:0xC00442C8	0xF00081D8	7	BEQ.W    {pc}+0x3b4 ; 0xc004467c	true	
Instruction	2152	S:0xC004467C	0xF8D63088	0	LDR      r3,[r6,#0x88]	false	
Instruction	2153	S:0xC0044680	0x2B00	0	CMP      r3,#0	false	
Instruction	2154	S:0xC0044682	0xF47FAE23	30	BNE      {pc}-0x3b6 ; 0xc00442cc	true	
Instruction	2155	S:0xC00442CC	0x68F3	0	LDR      r3,[r6,#0xc]	false	
Instruction	2156	S:0xC00442CE	0x3301	0	ADDS     r3,#1	false	
Instruction	2157	S:0xC00442D0	0x60F3	0	STR      r3,[r6,#0xc]	false	
Instruction	2158	S:0xC00442D2	0xF8D77120	0	LDR      r7,[r7,#0x120]	false	
Instruction	2159	S:0xC00442D6	0x2F00	0	CMP      r7,#0	false	
Instruction	2160	S:0xC00442D8	0xF000810F	15	BEQ.W    {pc}+0x222 ; 0xc00444fa	true	
Instruction	2161	S:0xC00444FA	0x9D13	0	LDR      r5,[sp,#0x4c]	false	
Instruction	2162	S:0xC00444FC	0x9E13	0	LDR      r6,[sp,#0x4c]	false	
Instruction	2163	S:0xC00444FE	0xF5056390	0	ADD      r3,r5,#0x480	false	
Instruction	2164	S:0xC0044502	0xF5056AB4	0	ADD      r10,r5,#0x5a0	false	
Instruction	2165	S:0xC0044506	0x686D	0	LDR      r5,[r5,#4]	false	
Instruction	2166	S:0xC0044508	0xE9D38900	0	LDRD     r8,r9,[r3,#0]	false	
Instruction	2167	S:0xC004450C	0xE9DA0100	0	LDRD     r0,r1,[r10,#0]	false	
Instruction	2168	S:0xC0044510	0xF8D644C0	0	LDR      r4,[r6,#0x4c0]	false	
Instruction	2169	S:0xC0044514	0xEBB80000	0	SUBS     r0,r8,r0	false	
Instruction	2170	S:0xC0044518	0xEB690101	0	SBC      r1,r9,r1	false	
Instruction	2171	S:0xC004451C	0xF7FBFA1E	150	BL       {pc}-0x4bc0 ; 0xc003f95c	true	
Instruction	2172	S:0xC003F95C	0xE92D03F0	0	PUSH     {r4-r9}	false	
Instruction	2173	S:0xC003F960	0xB500	0	PUSH     {lr}	false	
Instruction	2174	S:0xC003F962	0xF85DEB04	0	POP      {lr}	false	
Instruction	2175	S:0xC003F966	0xF64B7640	0	MOV      r6,#0xbf40	false	
Instruction	2176	S:0xC003F96A	0xF2CC0664	0	MOVT     r6,#0xc064	false	
Instruction	2177	S:0xC003F96E	0x6876	0	LDR      r6,[r6,#4]	false	
Instruction	2178	S:0xC003F970	0xFBA18906	0	UMULL    r8,r9,r1,r6	false	
Instruction	2179	S:0xC003F974	0xEA4F7CE6	0	ASR      r12,r6,#31	false	
Instruction	2180	S:0xC003F978	0xFBA06706	0	UMULL    r6,r7,r0,r6	false	
Instruction	2181	S:0xC003F97C	0xFB01990C	0	MLA      r9,r1,r12,r9	false	
Instruction	2182	S:0xC003F980	0xEA4F4408	0	LSL      r4,r8,#16	false	
Instruction	2183	S:0xC003F984	0xFB00770C	0	MLA      r7,r0,r12,r7	false	
Instruction	2184	S:0xC003F988	0x0C32	0	LSRS     r2,r6,#16	false	
Instruction	2185	S:0xC003F98A	0xEA4F4509	0	LSL      r5,r9,#16	false	
Instruction	2186	S:0xC003F98E	0xEA454518	0	ORR      r5,r5,r8,LSR #16	false	
Instruction	2187	S:0xC003F992	0xEA424207	0	ORR      r2,r2,r7,LSL #16	false	
Instruction	2188	S:0xC003F996	0x0C3B	0	LSRS     r3,r7,#16	false	
Instruction	2189	S:0xC003F998	0x1912	0	ADDS     r2,r2,r4	false	
Instruction	2190	S:0xC003F99A	0xEB430305	0	ADC      r3,r3,r5	false	
Instruction	2191	S:0xC003F99E	0x4610	0	MOV      r0,r2	false	
Instruction	2192	S:0xC003F9A0	0x4619	0	MOV      r1,r3	false	
Instruction	2193	S:0xC003F9A2	0xE8BD03F0	0	POP      {r4-r9}	false	
Instruction	2194	S:0xC003F9A6	0x4770	271	BX       lr	true	
Instruction	2195	S:0xC0044520	0x2800	0	CMP      r0,#0	false	
Instruction	2196	S:0xC0044522	0xF1710700	0	SBCS     r7,r1,#0	false	
Instruction	2197	S:0xC0044526	0xF2C08147	1	BLT.W    {pc}+0x292 ; 0xc00447b8	true	fail
Instruction	2198	S:0xC004452A	0x0A86	0	LSRS     r6,r0,#10	false	
Instruction	2199	S:0xC004452C	0x0A8F	0	LSRS     r7,r1,#10	false	
Instruction	2200	S:0xC004452E	0xEA465681	0	ORR      r6,r6,r1,LSL #22	false	
Instruction	2201	S:0xC0044532	0xEA560B07	0	ORRS     r11,r6,r7	false	
Instruction	2202	S:0xC0044536	0xF0408114	1	BNE.W    {pc}+0x22c ; 0xc0044762	true	
Instruction	2203	S:0xC0044762	0x4B58	0	LDR      r3,[pc,#352] ; [0xC00448C4] = 0xC064BF40	false	
Instruction	2204	S:0xC0044764	0xE9CA8900	0	STRD     r8,r9,[r10,#0]	false	
Instruction	2205	S:0xC0044768	0x681A	0	LDR      r2,[r3,#0]	false	
Instruction	2206	S:0xC004476A	0xB372	20	CBZ      r2,{pc}+0x60 ; 0xc00447ca	true	fail
Instruction	2207	S:0xC004476C	0xEB031304	0	ADD      r3,r3,r4,LSL #4	false	
Instruction	2208	S:0xC0044770	0xF04F0A00	0	MOV      r10,#0	false	
Instruction	2209	S:0xC0044774	0xF8CDA01C	0	STR      r10,[sp,#0x1c]	false	
Instruction	2210	S:0xC0044778	0xF8D3C098	0	LDR      r12,[r3,#0x98]	false	
Instruction	2211	S:0xC004477C	0xF8CDC018	0	STR      r12,[sp,#0x18]	false	
Instruction	2212	S:0xC0044780	0xF8DD904C	0	LDR      r9,[sp,#0x4c]	false	
Instruction	2213	S:0xC0044784	0xF8D9459C	0	LDR      r4,[r9,#0x59c]	false	
Instruction	2214	S:0xC0044788	0x05A1	0	LSLS     r1,r4,#22	false	
Instruction	2215	S:0xC004478A	0x0D89	0	LSRS     r1,r1,#22	false	
Instruction	2216	S:0xC004478C	0x1872	0	ADDS     r2,r6,r1	false	
Instruction	2217	S:0xC004478E	0xF1470300	0	ADC      r3,r7,#0	false	
Instruction	2218	S:0xC0044792	0x2B00	0	CMP      r3,#0	false	
Instruction	2219	S:0xC0044794	0xBF08	0	IT       EQ	false	
Instruction	2220	S:0xC0044796	0xF5B26F80	0	CMP      r2,#0x400	false	
Instruction	2221	S:0xC004479A	0xD21E	115	BCS      {pc}+0x40 ; 0xc00447da	true	
Instruction	2222	S:0xC00447DA	0xF5C16380	0	RSB      r3,r1,#0x400	false	
Instruction	2223	S:0xC00447DE	0x2D00	0	CMP      r5,#0	false	
Instruction	2224	S:0xC00447E0	0xF0408099	20	BNE.W    {pc}+0x136 ; 0xc0044916	true	fail
Instruction	2225	S:0xC00447E4	0xF8DDA04C	0	LDR      r10,[sp,#0x4c]	false	
Instruction	2226	S:0xC00447E8	0xF8DA0598	0	LDR      r0,[r10,#0x598]	false	
Instruction	2227	S:0xC00447EC	0xEBB60A03	0	SUBS     r10,r6,r3	false	
Instruction	2228	S:0xC00447F0	0xEB677BE3	0	SBC      r11,r7,r3,ASR #31	false	
Instruction	2229	S:0xC00447F4	0x2600	0	MOVS     r6,#0	false	
Instruction	2230	S:0xC00447F6	0x2700	0	MOVS     r7,#0	false	
Instruction	2231	S:0xC00447F8	0xE9CD6704	0	STRD     r6,r7,[sp,#0x10]	false	
Instruction	2232	S:0xC00447FC	0xEA4F279A	0	LSR      r7,r10,#10	false	
Instruction	2233	S:0xC0044800	0x9704	0	STR      r7,[sp,#0x10]	false	
Instruction	2234	S:0xC0044802	0xF8DDE010	0	LDR      lr,[sp,#0x10]	false	
Instruction	2235	S:0xC0044806	0xEA4F229B	0	LSR      r2,r11,#10	false	
Instruction	2236	S:0xC004480A	0xF24036FF	0	MOV      r6,#0x3ff	false	
Instruction	2237	S:0xC004480E	0x2700	0	MOVS     r7,#0	false	
Instruction	2238	S:0xC0044810	0xEA4E5E8B	0	ORR      lr,lr,r11,LSL #22	false	
Instruction	2239	S:0xC0044814	0x9205	0	STR      r2,[sp,#0x14]	false	
Instruction	2240	S:0xC0044816	0xF8CDE010	0	STR      lr,[sp,#0x10]	false	
Instruction	2241	S:0xC004481A	0xEA06060A	0	AND      r6,r6,r10	false	
Instruction	2242	S:0xC004481E	0xEA07070B	0	AND      r7,r7,r11	false	
Instruction	2243	S:0xC0044822	0xE9DDAB04	0	LDRD     r10,r11,[sp,#0x10]	false	
Instruction	2244	S:0xC0044826	0xF04F0801	0	MOV      r8,#1	false	
Instruction	2245	S:0xC004482A	0xF04F0900	0	MOV      r9,#0	false	
Instruction	2246	S:0xC004482E	0xEB18080A	0	ADDS     r8,r8,r10	false	
Instruction	2247	S:0xC0044832	0x9913	0	LDR      r1,[sp,#0x4c]	false	
Instruction	2248	S:0xC0044834	0xEB49090B	0	ADC      r9,r9,r11	false	
Instruction	2249	S:0xC0044838	0xF44F6AFC	0	MOV      r10,#0x7e0	false	
Instruction	2250	S:0xC004483C	0xF04F0B00	0	MOV      r11,#0	false	
Instruction	2251	S:0xC0044840	0x191B	0	ADDS     r3,r3,r4	false	
Instruction	2252	S:0xC0044842	0x45CB	0	CMP      r11,r9	false	
Instruction	2253	S:0xC0044844	0xBF08	0	IT       EQ	false	
Instruction	2254	S:0xC0044846	0x45C2	0	CMP      r10,r8	false	
Instruction	2255	S:0xC0044848	0xF8C1359C	0	STR      r3,[r1,#0x59c]	false	
Instruction	2256	S:0xC004484C	0xF0C08307	46	BCC.W    {pc}+0x612 ; 0xc0044e5e	true	fail
Instruction	2257	S:0xC0044850	0xF1B80F1F	0	CMP      r8,#0x1f	false	
Instruction	2258	S:0xC0044854	0x46C6	0	MOV      lr,r8	false	
Instruction	2259	S:0xC0044856	0x4C1A	0	LDR      r4,[pc,#104] ; [0xC00448C0] = 0xC03E83C8	false	
Instruction	2260	S:0xC0044858	0xF20082E7	5	BHI.W    {pc}+0x5d2 ; 0xc0044e2a	true	
Instruction	2261	S:0xC0044E2A	0xF0080E1F	0	AND      lr,r8,#0x1f	false	
Instruction	2262	S:0xC0044E2E	0x468B	0	MOV      r11,r1	false	
Instruction	2263	S:0xC0044E30	0xEA4F1858	0	LSR      r8,r8,#5	false	
Instruction	2264	S:0xC0044E34	0xF8D115C8	0	LDR      r1,[r1,#0x5c8]	false	
Instruction	2265	S:0xC0044E38	0xF854202E	0	LDR      r2,[r4,lr,LSL #2]	false	
Instruction	2266	S:0xC0044E3C	0xFA20F008	0	LSR      r0,r0,r8	false	
Instruction	2267	S:0xC0044E40	0xFA23F308	0	LSR      r3,r3,r8	false	
Instruction	2268	S:0xC0044E44	0xFA21FA08	0	LSR      r10,r1,r8	false	
Instruction	2269	S:0xC0044E48	0xFBA00102	0	UMULL    r0,r1,r0,r2	false	
Instruction	2270	S:0xC0044E4C	0xFBA32302	0	UMULL    r2,r3,r3,r2	false	
Instruction	2271	S:0xC0044E50	0x4688	0	MOV      r8,r1	false	
Instruction	2272	S:0xC0044E52	0xF8CB1598	0	STR      r1,[r11,#0x598]	false	
Instruction	2273	S:0xC0044E56	0x4699	0	MOV      r9,r3	false	
Instruction	2274	S:0xC0044E58	0xF8CB359C	0	STR      r3,[r11,#0x59c]	false	
Instruction	2275	S:0xC0044E5C	0xE510	140	B        {pc}-0x5dc ; 0xc0044880	true	
Instruction	2276	S:0xC0044880	0xF854302E	0	LDR      r3,[r4,lr,LSL #2]	false	
Instruction	2277	S:0xC0044884	0xFBA3AB0A	0	UMULL    r10,r11,r3,r10	false	
Instruction	2278	S:0xC0044888	0x465C	0	MOV      r4,r11	false	
Instruction	2279	S:0xC004488A	0xF8DDA04C	0	LDR      r10,[sp,#0x4c]	false	
Instruction	2280	S:0xC004488E	0xE9DD0104	0	LDRD     r0,r1,[sp,#0x10]	false	
Instruction	2281	S:0xC0044892	0xF8CA45C8	0	STR      r4,[r10,#0x5c8]	false	
Instruction	2282	S:0xC0044896	0xF8CDC00C	0	STR      r12,[sp,#0xc]	false	
Instruction	2283	S:0xC004489A	0xF7FCFF19	4	BL       {pc}-0x31ca ; 0xc00416d0	true	
Instruction	2284	S:0xC00416D0	0xE92D03F0	0	PUSH     {r4-r9}	false	
Instruction	2285	S:0xC00416D4	0xB500	0	PUSH     {lr}	false	
Instruction	2286	S:0xC00416D6	0xF85DEB04	0	POP      {lr}	false	
Instruction	2287	S:0xC00416DA	0x2620	0	MOVS     r6,#0x20	false	
Instruction	2288	S:0xC00416DC	0x2700	0	MOVS     r7,#0	false	
Instruction	2289	S:0xC00416DE	0x428F	0	CMP      r7,r1	false	
Instruction	2290	S:0xC00416E0	0xBF08	0	IT       EQ	false	
Instruction	2291	S:0xC00416E2	0x4286	0	CMP      r6,r0	false	
Instruction	2292	S:0xC00416E4	0xD307	2	BCC      {pc}+0x12 ; 0xc00416f6	true	
Instruction	2293	S:0xC00416F6	0xF44F72AC	0	MOV      r2,#0x158	false	
Instruction	2294	S:0xC00416FA	0x2300	0	MOVS     r3,#0	false	
Instruction	2295	S:0xC00416FC	0x428B	0	CMP      r3,r1	false	
Instruction	2296	S:0xC00416FE	0xBF08	0	IT       EQ	false	
Instruction	2297	S:0xC0041700	0x4282	0	CMP      r2,r0	false	
Instruction	2298	S:0xC0041702	0xD34A	2	BCC      {pc}+0x98 ; 0xc004179a	true	fail
Instruction	2299	S:0xC0041704	0x4602	0	MOV      r2,r0	false	
Instruction	2300	S:0xC0041706	0x460B	0	MOV      r3,r1	false	
Instruction	2301	S:0xC0041708	0xF04F0C00	0	MOV      r12,#0	false	
Instruction	2302	S:0xC004170C	0xF06F041F	0	MVN      r4,#0x1f	false	
Instruction	2303	S:0xC0041710	0xF04F35FF	0	MOV      r5,#0xffffffff	false	
Instruction	2304	S:0xC0041714	0x1912	0	ADDS     r2,r2,r4	false	
Instruction	2305	S:0xC0041716	0xEA4F0C5C	0	LSR      r12,r12,#1	false	
Instruction	2306	S:0xC004171A	0xEB430305	0	ADC      r3,r3,r5	false	
Instruction	2307	S:0xC004171E	0xF50C4CB6	0	ADD      r12,r12,#0x5b00	false	
Instruction	2308	S:0xC0041722	0x429F	0	CMP      r7,r3	false	
Instruction	2309	S:0xC0041724	0xBF08	0	IT       EQ	false	
Instruction	2310	S:0xC0041726	0x4296	0	CMP      r6,r2	false	
Instruction	2311	S:0xC0041728	0xF04F0820	0	MOV      r8,#0x20	false	
Instruction	2312	S:0xC004172C	0xF04F0900	0	MOV      r9,#0	false	
Instruction	2313	S:0xC0041730	0xF10C0C4B	0	ADD      r12,r12,#0x4b	false	
Instruction	2314	S:0xC0041734	0xD3EE	3	BCC      {pc}-0x20 ; 0xc0041714	true	
Instruction	2315	S:0xC0041714	0x1912	0	ADDS     r2,r2,r4	false	
Instruction	2316	S:0xC0041716	0xEA4F0C5C	0	LSR      r12,r12,#1	false	
Instruction	2317	S:0xC004171A	0xEB430305	0	ADC      r3,r3,r5	false	
Instruction	2318	S:0xC004171E	0xF50C4CB6	0	ADD      r12,r12,#0x5b00	false	
Instruction	2319	S:0xC0041722	0x429F	0	CMP      r7,r3	false	
Instruction	2320	S:0xC0041724	0xBF08	0	IT       EQ	false	
Instruction	2321	S:0xC0041726	0x4296	0	CMP      r6,r2	false	
Instruction	2322	S:0xC0041728	0xF04F0820	0	MOV      r8,#0x20	false	
Instruction	2323	S:0xC004172C	0xF04F0900	0	MOV      r9,#0	false	
Instruction	2324	S:0xC0041730	0xF10C0C4B	0	ADD      r12,r12,#0x4b	false	
Instruction	2325	S:0xC0041734	0xD3EE	2	BCC      {pc}-0x20 ; 0xc0041714	true	
Instruction	2326	S:0xC0041714	0x1912	0	ADDS     r2,r2,r4	false	
Instruction	2327	S:0xC0041716	0xEA4F0C5C	0	LSR      r12,r12,#1	false	
Instruction	2328	S:0xC004171A	0xEB430305	0	ADC      r3,r3,r5	false	
Instruction	2329	S:0xC004171E	0xF50C4CB6	0	ADD      r12,r12,#0x5b00	false	
Instruction	2330	S:0xC0041722	0x429F	0	CMP      r7,r3	false	
Instruction	2331	S:0xC0041724	0xBF08	0	IT       EQ	false	
Instruction	2332	S:0xC0041726	0x4296	0	CMP      r6,r2	false	
Instruction	2333	S:0xC0041728	0xF04F0820	0	MOV      r8,#0x20	false	
Instruction	2334	S:0xC004172C	0xF04F0900	0	MOV      r9,#0	false	
Instruction	2335	S:0xC0041730	0xF10C0C4B	0	ADD      r12,r12,#0x4b	false	
Instruction	2336	S:0xC0041734	0xD3EE	3	BCC      {pc}-0x20 ; 0xc0041714	true	
Instruction	2337	S:0xC0041714	0x1912	0	ADDS     r2,r2,r4	false	
Instruction	2338	S:0xC0041716	0xEA4F0C5C	0	LSR      r12,r12,#1	false	
Instruction	2339	S:0xC004171A	0xEB430305	0	ADC      r3,r3,r5	false	
Instruction	2340	S:0xC004171E	0xF50C4CB6	0	ADD      r12,r12,#0x5b00	false	
Instruction	2341	S:0xC0041722	0x429F	0	CMP      r7,r3	false	
Instruction	2342	S:0xC0041724	0xBF08	0	IT       EQ	false	
Instruction	2343	S:0xC0041726	0x4296	0	CMP      r6,r2	false	
Instruction	2344	S:0xC0041728	0xF04F0820	0	MOV      r8,#0x20	false	
Instruction	2345	S:0xC004172C	0xF04F0900	0	MOV      r9,#0	false	
Instruction	2346	S:0xC0041730	0xF10C0C4B	0	ADD      r12,r12,#0x4b	false	
Instruction	2347	S:0xC0041734	0xD3EE	2	BCC      {pc}-0x20 ; 0xc0041714	true	
Instruction	2348	S:0xC0041714	0x1912	0	ADDS     r2,r2,r4	false	
Instruction	2349	S:0xC0041716	0xEA4F0C5C	0	LSR      r12,r12,#1	false	
Instruction	2350	S:0xC004171A	0xEB430305	0	ADC      r3,r3,r5	false	
Instruction	2351	S:0xC004171E	0xF50C4CB6	0	ADD      r12,r12,#0x5b00	false	
Instruction	2352	S:0xC0041722	0x429F	0	CMP      r7,r3	false	
Instruction	2353	S:0xC0041724	0xBF08	0	IT       EQ	false	
Instruction	2354	S:0xC0041726	0x4296	0	CMP      r6,r2	false	
Instruction	2355	S:0xC0041728	0xF04F0820	0	MOV      r8,#0x20	false	
Instruction	2356	S:0xC004172C	0xF04F0900	0	MOV      r9,#0	false	
Instruction	2357	S:0xC0041730	0xF10C0C4B	0	ADD      r12,r12,#0x4b	false	
Instruction	2358	S:0xC0041734	0xD3EE	3	BCC      {pc}-0x20 ; 0xc0041714	true	
Instruction	2359	S:0xC0041714	0x1912	0	ADDS     r2,r2,r4	false	
Instruction	2360	S:0xC0041716	0xEA4F0C5C	0	LSR      r12,r12,#1	false	
Instruction	2361	S:0xC004171A	0xEB430305	0	ADC      r3,r3,r5	false	
Instruction	2362	S:0xC004171E	0xF50C4CB6	0	ADD      r12,r12,#0x5b00	false	
Instruction	2363	S:0xC0041722	0x429F	0	CMP      r7,r3	false	
Instruction	2364	S:0xC0041724	0xBF08	0	IT       EQ	false	
Instruction	2365	S:0xC0041726	0x4296	0	CMP      r6,r2	false	
Instruction	2366	S:0xC0041728	0xF04F0820	0	MOV      r8,#0x20	false	
Instruction	2367	S:0xC004172C	0xF04F0900	0	MOV      r9,#0	false	
Instruction	2368	S:0xC0041730	0xF10C0C4B	0	ADD      r12,r12,#0x4b	false	
Instruction	2369	S:0xC0041734	0xD3EE	3	BCC      {pc}-0x20 ; 0xc0041714	true	
Instruction	2370	S:0xC0041714	0x1912	0	ADDS     r2,r2,r4	false	
Instruction	2371	S:0xC0041716	0xEA4F0C5C	0	LSR      r12,r12,#1	false	
Instruction	2372	S:0xC004171A	0xEB430305	0	ADC      r3,r3,r5	false	
Instruction	2373	S:0xC004171E	0xF50C4CB6	0	ADD      r12,r12,#0x5b00	false	
Instruction	2374	S:0xC0041722	0x429F	0	CMP      r7,r3	false	
Instruction	2375	S:0xC0041724	0xBF08	0	IT       EQ	false	
Instruction	2376	S:0xC0041726	0x4296	0	CMP      r6,r2	false	
Instruction	2377	S:0xC0041728	0xF04F0820	0	MOV      r8,#0x20	false	
Instruction	2378	S:0xC004172C	0xF04F0900	0	MOV      r9,#0	false	
Instruction	2379	S:0xC0041730	0xF10C0C4B	0	ADD      r12,r12,#0x4b	false	
Instruction	2380	S:0xC0041734	0xD3EE	5	BCC      {pc}-0x20 ; 0xc0041714	true	
Instruction	2381	S:0xC0041714	0x1912	0	ADDS     r2,r2,r4	false	
Instruction	2382	S:0xC0041716	0xEA4F0C5C	0	LSR      r12,r12,#1	false	
Instruction	2383	S:0xC004171A	0xEB430305	0	ADC      r3,r3,r5	false	
Instruction	2384	S:0xC004171E	0xF50C4CB6	0	ADD      r12,r12,#0x5b00	false	
Instruction	2385	S:0xC0041722	0x429F	0	CMP      r7,r3	false	
Instruction	2386	S:0xC0041724	0xBF08	0	IT       EQ	false	
Instruction	2387	S:0xC0041726	0x4296	0	CMP      r6,r2	false	
Instruction	2388	S:0xC0041728	0xF04F0820	0	MOV      r8,#0x20	false	
Instruction	2389	S:0xC004172C	0xF04F0900	0	MOV      r9,#0	false	
Instruction	2390	S:0xC0041730	0xF10C0C4B	0	ADD      r12,r12,#0x4b	false	
Instruction	2391	S:0xC0041734	0xD3EE	5	BCC      {pc}-0x20 ; 0xc0041714	true	
Instruction	2392	S:0xC0041714	0x1912	0	ADDS     r2,r2,r4	false	
Instruction	2393	S:0xC0041716	0xEA4F0C5C	0	LSR      r12,r12,#1	false	
Instruction	2394	S:0xC004171A	0xEB430305	0	ADC      r3,r3,r5	false	
Instruction	2395	S:0xC004171E	0xF50C4CB6	0	ADD      r12,r12,#0x5b00	false	
Instruction	2396	S:0xC0041722	0x429F	0	CMP      r7,r3	false	
Instruction	2397	S:0xC0041724	0xBF08	0	IT       EQ	false	
Instruction	2398	S:0xC0041726	0x4296	0	CMP      r6,r2	false	
Instruction	2399	S:0xC0041728	0xF04F0820	0	MOV      r8,#0x20	false	
Instruction	2400	S:0xC004172C	0xF04F0900	0	MOV      r9,#0	false	
Instruction	2401	S:0xC0041730	0xF10C0C4B	0	ADD      r12,r12,#0x4b	false	
Instruction	2402	S:0xC0041734	0xD3EE	5	BCC      {pc}-0x20 ; 0xc0041714	true	
Instruction	2403	S:0xC0041714	0x1912	0	ADDS     r2,r2,r4	false	
Instruction	2404	S:0xC0041716	0xEA4F0C5C	0	LSR      r12,r12,#1	false	
Instruction	2405	S:0xC004171A	0xEB430305	0	ADC      r3,r3,r5	false	
Instruction	2406	S:0xC004171E	0xF50C4CB6	0	ADD      r12,r12,#0x5b00	false	
Instruction	2407	S:0xC0041722	0x429F	0	CMP      r7,r3	false	
Instruction	2408	S:0xC0041724	0xBF08	0	IT       EQ	false	
Instruction	2409	S:0xC0041726	0x4296	0	CMP      r6,r2	false	
Instruction	2410	S:0xC0041728	0xF04F0820	0	MOV      r8,#0x20	false	
Instruction	2411	S:0xC004172C	0xF04F0900	0	MOV      r9,#0	false	
Instruction	2412	S:0xC0041730	0xF10C0C4B	0	ADD      r12,r12,#0x4b	false	
Instruction	2413	S:0xC0041734	0xD3EE	7	BCC      {pc}-0x20 ; 0xc0041714	true	fail
Instruction	2414	S:0xC0041736	0xF06F0420	0	MVN      r4,#0x20	false	
Instruction	2415	S:0xC004173A	0xF04F35FF	0	MOV      r5,#0xffffffff	false	
Instruction	2416	S:0xC004173E	0x1824	0	ADDS     r4,r4,r0	false	
Instruction	2417	S:0xC0041740	0xF06F061F	0	MVN      r6,#0x1f	false	
Instruction	2418	S:0xC0041744	0xEB450501	0	ADC      r5,r5,r1	false	
Instruction	2419	S:0xC0041748	0x0964	0	LSRS     r4,r4,#5	false	
Instruction	2420	S:0xC004174A	0x4662	0	MOV      r2,r12	false	
Instruction	2421	S:0xC004174C	0xEBB00008	0	SUBS     r0,r0,r8	false	
Instruction	2422	S:0xC0041750	0xEB610109	0	SBC      r1,r1,r9	false	
Instruction	2423	S:0xC0041754	0xEA4464C5	0	ORR      r4,r4,r5,LSL #27	false	
Instruction	2424	S:0xC0041758	0xEA4F1C55	0	LSR      r12,r5,#5	false	
Instruction	2425	S:0xC004175C	0x4267	0	RSBS     r7,r4,#0	false	
Instruction	2426	S:0xC004175E	0x2300	0	MOVS     r3,#0	false	
Instruction	2427	S:0xC0041760	0xFBA44506	0	UMULL    r4,r5,r4,r6	false	
Instruction	2428	S:0xC0041764	0xFB06760C	0	MLA      r6,r6,r12,r7	false	
Instruction	2429	S:0xC0041768	0x1900	0	ADDS     r0,r0,r4	false	
Instruction	2430	S:0xC004176A	0x4435	0	ADD      r5,r5,r6	false	
Instruction	2431	S:0xC004176C	0xEB410105	0	ADC      r1,r1,r5	false	
Instruction	2432	S:0xC0041770	0xEA500401	0	ORRS     r4,r0,r1	false	
Instruction	2433	S:0xC0041774	0xD106	31	BNE      {pc}+0x10 ; 0xc0041784	true	
Instruction	2434	S:0xC0041784	0x2820	0	CMP      r0,#0x20	false	
Instruction	2435	S:0xC0041786	0x4604	0	MOV      r4,r0	false	
Instruction	2436	S:0xC0041788	0xD00A	14	BEQ      {pc}+0x18 ; 0xc00417a0	true	fail
Instruction	2437	S:0xC004178A	0x4E08	0	LDR      r6,[pc,#32] ; [0xC00417AC] = 0xC03E83C8	false	
Instruction	2438	S:0xC004178C	0xF8567024	0	LDR      r7,[r6,r4,LSL #2]	false	
Instruction	2439	S:0xC0041790	0xFBA74502	0	UMULL    r4,r5,r7,r2	false	
Instruction	2440	S:0xC0041794	0xFB075203	0	MLA      r2,r7,r3,r5	false	
Instruction	2441	S:0xC0041798	0xE7EE	16	B        {pc}-0x20 ; 0xc0041778	true	
Instruction	2442	S:0xC0041778	0xEB060080	0	ADD      r0,r6,r0,LSL #2	false	
Instruction	2443	S:0xC004177C	0xF8D000FC	0	LDR      r0,[r0,#0xfc]	false	
Instruction	2444	S:0xC0041780	0x1880	0	ADDS     r0,r0,r2	false	
Instruction	2445	S:0xC0041782	0xE7B5	121	B        {pc}-0x92 ; 0xc00416f0	true	
Instruction	2446	S:0xC00416F0	0xE8BD03F0	0	POP      {r4-r9}	false	
Instruction	2447	S:0xC00416F4	0x4770	1	BX       lr	true	
Instruction	2448	S:0xC004489E	0xF8DDC00C	0	LDR      r12,[sp,#0xc]	false	
Instruction	2449	S:0xC00448A2	0xBB5D	1	CBNZ     r5,{pc}+0x5a ; 0xc00448fc	true	fail
Instruction	2450	S:0xC00448A4	0xF8DA1598	0	LDR      r1,[r10,#0x598]	false	
Instruction	2451	S:0xC00448A8	0xEB090400	0	ADD      r4,r9,r0	false	
Instruction	2452	S:0xC00448AC	0xF8DD904C	0	LDR      r9,[sp,#0x4c]	false	
Instruction	2453	S:0xC00448B0	0xF8C9459C	0	STR      r4,[r9,#0x59c]	false	
Instruction	2454	S:0xC00448B4	0xE774	1	B        {pc}-0x114 ; 0xc00447a0	true	
Instruction	2455	S:0xC00447A0	0x2D00	0	CMP      r5,#0	false	
Instruction	2456	S:0xC00447A2	0xF0408091	4	BNE.W    {pc}+0x126 ; 0xc00448c8	true	fail
Instruction	2457	S:0xC00447A6	0xF8DDA04C	0	LDR      r10,[sp,#0x4c]	false	
Instruction	2458	S:0xC00447AA	0xF8DA55C8	0	LDR      r5,[r10,#0x5c8]	false	
Instruction	2459	S:0xC00447AE	0x19A4	0	ADDS     r4,r4,r6	false	
Instruction	2460	S:0xC00447B0	0x9E13	0	LDR      r6,[sp,#0x4c]	false	
Instruction	2461	S:0xC00447B2	0xF8C6459C	0	STR      r4,[r6,#0x59c]	false	
Instruction	2462	S:0xC00447B6	0xE6C7	2	B        {pc}-0x26e ; 0xc0044548	true	
Instruction	2463	S:0xC0044548	0xF8DD904C	0	LDR      r9,[sp,#0x4c]	false	
Instruction	2464	S:0xC004454C	0x028B	0	LSLS     r3,r1,#10	false	
Instruction	2465	S:0xC004454E	0x3401	0	ADDS     r4,#1	false	
Instruction	2466	S:0xC0044550	0x4618	0	MOV      r0,r3	false	
Instruction	2467	S:0xC0044552	0x2100	0	MOVS     r1,#0	false	
Instruction	2468	S:0xC0044554	0xF8DDA04C	0	LDR      r10,[sp,#0x4c]	false	
Instruction	2469	S:0xC0044558	0xF8D970B8	0	LDR      r7,[r9,#0xb8]	false	
Instruction	2470	S:0xC004455C	0xF20CFC18	2	BL       {pc}+0x20c834 ; 0xc0250d90	true	
Cycle Count				10	Tracing disabled		
Info					Tracing enabled		
Instruction	2471	S:0xC0044560	0x1BD6	0	SUBS     r6,r2,r7	false	
Instruction	2472	S:0xC0044562	0xF8D980BC	0	LDR      r8,[r9,#0xbc]	false	
Instruction	2473	S:0xC0044566	0xEA8679E6	0	EOR      r9,r6,r6,ASR #31	false	
Instruction	2474	S:0xC004456A	0xEBA979E6	0	SUB      r9,r9,r6,ASR #31	false	
Instruction	2475	S:0xC004456E	0x02A8	0	LSLS     r0,r5,#10	false	
Instruction	2476	S:0xC0044570	0x2100	0	MOVS     r1,#0	false	
Instruction	2477	S:0xC0044572	0xF8DA50DC	0	LDR      r5,[r10,#0xdc]	false	
Instruction	2478	S:0xC0044576	0xF20CFC0B	13	BL       {pc}+0x20c81a ; 0xc0250d90	true	
Cycle Count				7	Tracing disabled		
Info					Tracing enabled		
Instruction	2479	S:0xC004457A	0xEBB91F97	0	CMP      r9,r7,LSR #6	false	
Instruction	2480	S:0xC004457E	0xEBC80202	0	RSB      r2,r8,r2	false	
Instruction	2481	S:0xC0044582	0xD806	1	BHI      {pc}+0x10 ; 0xc0044592	true	fail
Instruction	2482	S:0xC0044584	0xEA8273E2	0	EOR      r3,r2,r2,ASR #31	false	
Instruction	2483	S:0xC0044588	0xEBA373E2	0	SUB      r3,r3,r2,ASR #31	false	
Instruction	2484	S:0xC004458C	0xEBB31F98	0	CMP      r3,r8,LSR #6	false	
Instruction	2485	S:0xC0044590	0xD91F	8	BLS      {pc}+0x42 ; 0xc00445d2	true	
Instruction	2486	S:0xC00445D2	0x4BB9	0	LDR      r3,[pc,#740] ; [0xC00448B8] = 0xC0635FCC	false	
Instruction	2487	S:0xC00445D4	0x9D13	0	LDR      r5,[sp,#0x4c]	false	
Instruction	2488	S:0xC00445D6	0x685A	0	LDR      r2,[r3,#4]	false	
Instruction	2489	S:0xC00445D8	0xF8D50598	0	LDR      r0,[r5,#0x598]	false	
Instruction	2490	S:0xC00445DC	0xF8D5159C	0	LDR      r1,[r5,#0x59c]	false	
Instruction	2491	S:0xC00445E0	0xF8D584C0	0	LDR      r8,[r5,#0x4c0]	false	
Instruction	2492	S:0xC00445E4	0x2A00	0	CMP      r2,#0	false	
Instruction	2493	S:0xC00445E6	0xF0408455	40	BNE.W    {pc}+0x8ae ; 0xc0044e94	true	fail
Instruction	2494	S:0xC00445EA	0x4BB4	0	LDR      r3,[pc,#720] ; [0xC00448BC] = 0xC0635FB8	false	
Instruction	2495	S:0xC00445EC	0x9F13	0	LDR      r7,[sp,#0x4c]	false	
Instruction	2496	S:0xC00445EE	0x685A	0	LDR      r2,[r3,#4]	false	
Instruction	2497	S:0xC00445F0	0xE9D74524	0	LDRD     r4,r5,[r7,#0x90]	false	
Instruction	2498	S:0xC00445F4	0x2A00	0	CMP      r2,#0	false	
Instruction	2499	S:0xC00445F6	0xF040843D	109	BNE.W    {pc}+0x87e ; 0xc0044e74	true	fail
Instruction	2500	S:0xC00445FA	0xF8DD904C	0	LDR      r9,[sp,#0x4c]	false	
Instruction	2501	S:0xC00445FE	0x4648	0	MOV      r0,r9	false	
Instruction	2502	S:0xC0044600	0xF8D93004	0	LDR      r3,[r9,#4]	false	
Instruction	2503	S:0xC0044604	0x3301	0	ADDS     r3,#1	false	
Instruction	2504	S:0xC0044606	0xF8C93004	0	STR      r3,[r9,#4]	false	
Instruction	2505	S:0xC004460A	0xB025	0	ADD      sp,sp,#0x94	false	
Instruction	2506	S:0xC004460C	0xE8BD4FF0	0	POP      {r4-r11,lr}	false	
Instruction	2507	S:0xC0044610	0xF7FCBD9E	4	B        {pc}-0x34c0 ; 0xc0041150	true	
Instruction	2508	S:0xC0041150	0xB478	0	PUSH     {r3-r6}	false	
Instruction	2509	S:0xC0041152	0xB500	0	PUSH     {lr}	false	
Instruction	2510	S:0xC0041154	0xF85DEB04	0	POP      {lr}	false	
Instruction	2511	S:0xC0041158	0x4A16	0	LDR      r2,[pc,#88] ; [0xC00411B4] = 0xC05FC568	false	
Instruction	2512	S:0xC004115A	0xF8D01460	0	LDR      r1,[r0,#0x460]	false	
Instruction	2513	S:0xC004115E	0x6812	0	LDR      r2,[r2,#0]	false	
Instruction	2514	S:0xC0041160	0x0612	0	LSLS     r2,r2,#24	false	
Instruction	2515	S:0xC0041162	0xD51A	3	BPL      {pc}+0x38 ; 0xc004119a	true	
Instruction	2516	S:0xC004119A	0xBC78	0	POP      {r3-r6}	false	
Instruction	2517	S:0xC004119C	0x4770	1	BX       lr	true	
Instruction	2518	S:0xC003B8B0	0xE8BD83F8	1	POP      {r3-r9,pc}	true	
Instruction	2519	S:0xC003C042	0x68E3	0	LDR      r3,[r4,#0xc]	false	
Instruction	2520	S:0xC003C044	0x2201	0	MOVS     r2,#1	false	
Instruction	2521	S:0xC003C046	0x61E2	0	STR      r2,[r4,#0x1c]	false	
Instruction	2522	S:0xC003C048	0x069A	0	LSLS     r2,r3,#26	false	
Instruction	2523	S:0xC003C04A	0xD504	1	BPL      {pc}+0xc ; 0xc003c056	true	
Instruction	2524	S:0xC003C056	0x4628	0	MOV      r0,r5	false	
Instruction	2525	S:0xC003C058	0x4621	0	MOV      r1,r4	false	
Instruction	2526	S:0xC003C05A	0x2200	0	MOVS     r2,#0	false	
Instruction	2527	S:0xC003C05C	0xE8BD40B0	0	POP      {r4,r5,r7,lr}	false	
Instruction	2528	S:0xC003C060	0xF7FFBF42	5	B.W      {pc}-0x178 ; 0xc003bee8	true	
Instruction	2529	S:0xC003BEE8	0xE92D43F8	0	PUSH     {r3-r9,lr}	false	
Instruction	2530	S:0xC003BEEC	0xAF00	0	ADD      r7,sp,#0	false	
Instruction	2531	S:0xC003BEEE	0xB500	0	PUSH     {lr}	false	
Instruction	2532	S:0xC003BEF0	0xF85DEB04	0	POP      {lr}	false	
Instruction	2533	S:0xC003BEF4	0x4606	0	MOV      r6,r0	false	
Instruction	2534	S:0xC003BEF6	0x460D	0	MOV      r5,r1	false	
Instruction	2535	S:0xC003BEF8	0xF7FFFFC8	10	BL       {pc}-0x6c ; 0xc003be8c	true	
Instruction	2536	S:0xC003BE8C	0xE92D41F0	0	PUSH     {r4-r8,lr}	false	
Instruction	2537	S:0xC003BE90	0xAF00	0	ADD      r7,sp,#0	false	
Instruction	2538	S:0xC003BE92	0xB500	0	PUSH     {lr}	false	
Instruction	2539	S:0xC003BE94	0xF85DEB04	0	POP      {lr}	false	
Instruction	2540	S:0xC003BE98	0xF8D06460	0	LDR      r6,[r0,#0x460]	false	
Instruction	2541	S:0xC003BE9C	0x6B0D	0	LDR      r5,[r1,#0x30]	false	
Instruction	2542	S:0xC003BE9E	0x4680	0	MOV      r8,r0	false	
Instruction	2543	S:0xC003BEA0	0x6B34	0	LDR      r4,[r6,#0x30]	false	
Instruction	2544	S:0xC003BEA2	0x42A5	0	CMP      r5,r4	false	
Instruction	2545	S:0xC003BEA4	0xD019	3	BEQ      {pc}+0x36 ; 0xc003beda	true	fail
Instruction	2546	S:0xC003BEA6	0x4B0F	0	LDR      r3,[pc,#60] ; [0xC003BEE4] = 0xC03E85AC	false	
Instruction	2547	S:0xC003BEA8	0x429C	0	CMP      r4,r3	false	
Instruction	2548	S:0xC003BEAA	0xD104	1	BNE      {pc}+0xc ; 0xc003beb6	true	
Instruction	2549	S:0xC003BEB6	0x429D	0	CMP      r5,r3	false	
Instruction	2550	S:0xC003BEB8	0xD1F9	9	BNE      {pc}-0xa ; 0xc003beae	true	
Instruction	2551	S:0xC003BEAE	0x681B	0	LDR      r3,[r3,#0]	false	
Instruction	2552	S:0xC003BEB0	0xB143	219	CBZ      r3,{pc}+0x14 ; 0xc003bec4	true	fail
Instruction	2553	S:0xC003BEB2	0x429C	0	CMP      r4,r3	false	
Instruction	2554	S:0xC003BEB4	0xD006	2	BEQ      {pc}+0x10 ; 0xc003bec4	true	fail
Instruction	2555	S:0xC003BEB6	0x429D	0	CMP      r5,r3	false	
Instruction	2556	S:0xC003BEB8	0xD1F9	1	BNE      {pc}-0xa ; 0xc003beae	true	
Instruction	2557	S:0xC003BEAE	0x681B	0	LDR      r3,[r3,#0]	false	
Instruction	2558	S:0xC003BEB0	0xB143	110	CBZ      r3,{pc}+0x14 ; 0xc003bec4	true	fail
Instruction	2559	S:0xC003BEB2	0x429C	0	CMP      r4,r3	false	
Instruction	2560	S:0xC003BEB4	0xD006	1	BEQ      {pc}+0x10 ; 0xc003bec4	true	fail
Instruction	2561	S:0xC003BEB6	0x429D	0	CMP      r5,r3	false	
Instruction	2562	S:0xC003BEB8	0xD1F9	1	BNE      {pc}-0xa ; 0xc003beae	true	fail
Instruction	2563	S:0xC003BEBA	0x4630	0	MOV      r0,r6	false	
Instruction	2564	S:0xC003BEBC	0xF7FFFD84	13	BL       {pc}-0x4f4 ; 0xc003b9c8	true	
Instruction	2565	S:0xC003B9C8	0xB590	0	PUSH     {r4,r7,lr}	false	
Instruction	2566	S:0xC003B9CA	0xB083	0	SUB      sp,sp,#0xc	false	
Instruction	2567	S:0xC003B9CC	0xAF00	0	ADD      r7,sp,#0	false	
Instruction	2568	S:0xC003B9CE	0xB500	0	PUSH     {lr}	false	
Instruction	2569	S:0xC003B9D0	0xF85DEB04	0	POP      {lr}	false	
Instruction	2570	S:0xC003B9D4	0x4604	0	MOV      r4,r0	false	
Instruction	2571	S:0xC003B9D6	0x4815	0	LDR      r0,[pc,#84] ; [0xC003BA2C] = 0xC05FD5C0	false	
Instruction	2572	S:0xC003B9D8	0x4B15	0	LDR      r3,[pc,#84] ; [0xC003BA30] = 0xC05F3080	false	
Instruction	2573	S:0xC003B9DA	0x6861	0	LDR      r1,[r4,#4]	false	
Instruction	2574	S:0xC003B9DC	0x694A	0	LDR      r2,[r1,#0x14]	false	
Instruction	2575	S:0xC003B9DE	0xF8502022	0	LDR      r2,[r0,r2,LSL #2]	false	
Instruction	2576	S:0xC003B9E2	0x589B	0	LDR      r3,[r3,r2]	false	
Instruction	2577	S:0xC003B9E4	0xB29A	0	UXTH     r2,r3	false	
Instruction	2578	S:0xC003B9E6	0x607B	0	STR      r3,[r7,#4]	false	
Instruction	2579	S:0xC003B9E8	0xEBB24F13	0	CMP      r2,r3,LSR #16	false	
Instruction	2580	S:0xC003B9EC	0xD01C	172	BEQ      {pc}+0x3c ; 0xc003ba28	true	fail
Instruction	2581	S:0xC003B9EE	0x680B	0	LDR      r3,[r1,#0]	false	
Instruction	2582	S:0xC003B9F0	0x0798	0	LSLS     r0,r3,#30	false	
Instruction	2583	S:0xC003B9F2	0xD415	4	BMI      {pc}+0x2e ; 0xc003ba20	true	fail
Instruction	2584	S:0xC003B9F4	0x2001	0	MOVS     r0,#1	false	
Instruction	2585	S:0xC003B9F6	0xF216FAC9	2	BL       {pc}+0x216596 ; 0xc0251f8c	true	
Cycle Count				66	Tracing disabled		
Info					Tracing enabled		
Instruction	2586	S:0xC003B9FA	0x4669	0	MOV      r1,sp	false	
Instruction	2587	S:0xC003B9FC	0x6862	0	LDR      r2,[r4,#4]	false	
Instruction	2588	S:0xC003B9FE	0xF42153FF	0	BIC      r3,r1,#0x1fe0	false	
Instruction	2589	S:0xC003BA02	0xF023031F	0	BIC      r3,r3,#0x1f	false	
Instruction	2590	S:0xC003BA06	0x6950	0	LDR      r0,[r2,#0x14]	false	
Instruction	2591	S:0xC003BA08	0x695B	0	LDR      r3,[r3,#0x14]	false	
Instruction	2592	S:0xC003BA0A	0x4283	0	CMP      r3,r0	false	
Instruction	2593	S:0xC003BA0C	0xD008	20	BEQ      {pc}+0x14 ; 0xc003ba20	true	
Instruction	2594	S:0xC003BA20	0xF107070C	0	ADD      r7,r7,#0xc	false	
Instruction	2595	S:0xC003BA24	0x46BD	0	MOV      sp,r7	false	
Instruction	2596	S:0xC003BA26	0xBD90	24	POP      {r4,r7,pc}	true	
Instruction	2597	S:0xC003BEC0	0xF8D86460	0	LDR      r6,[r8,#0x460]	false	
Instruction	2598	S:0xC003BEC4	0x69F3	0	LDR      r3,[r6,#0x1c]	false	
Instruction	2599	S:0xC003BEC6	0xB133	6	CBZ      r3,{pc}+0x10 ; 0xc003bed6	true	
Instruction	2600	S:0xC003BED6	0xE8BD81F0	24	POP      {r4-r8,pc}	true	
Instruction	2601	S:0xC003BEFC	0x4B25	0	LDR      r3,[pc,#148] ; [0xC003BF94]	false	
Instruction	2602	S:0xC003BEFE	0x685A	0	LDR      r2,[r3,#4]	false	
Instruction	2603	S:0xC003BF00	0x2A00	0	CMP      r2,#0	false	
Instruction	2604	S:0xC003BF02	0xD139	123	BNE      {pc}+0x76 ; 0xc003bf78	true	fail
Instruction	2605	S:0xC003BF04	0x6B2B	0	LDR      r3,[r5,#0x30]	false	
Instruction	2606	S:0xC003BF06	0x2200	0	MOVS     r2,#0	false	
Instruction	2607	S:0xC003BF08	0x602A	0	STR      r2,[r5,#0]	false	
Instruction	2608	S:0xC003BF0A	0x6B5B	0	LDR      r3,[r3,#0x34]	false	
Instruction	2609	S:0xC003BF0C	0xB113	3	CBZ      r3,{pc}+8 ; 0xc003bf14	true	
Instruction	2610	S:0xC003BF14	0xF506619C	0	ADD      r1,r6,#0x4e0	false	
Instruction	2611	S:0xC003BF18	0xE9D14500	0	LDRD     r4,r5,[r1,#0]	false	
Instruction	2612	S:0xC003BF1C	0xEA540305	0	ORRS     r3,r4,r5	false	
Instruction	2613	S:0xC003BF20	0xD019	1	BEQ      {pc}+0x36 ; 0xc003bf56	true	fail
Instruction	2614	S:0xC003BF22	0x481D	0	LDR      r0,[pc,#116] ; [0xC003BF98]	false	
Instruction	2615	S:0xC003BF24	0xF506638F	0	ADD      r3,r6,#0x478	false	
Instruction	2616	S:0xC003BF28	0xF506669D	0	ADD      r6,r6,#0x4e8	false	
Instruction	2617	S:0xC003BF2C	0xE9D32300	0	LDRD     r2,r3,[r3,#0]	false	
Instruction	2618	S:0xC003BF30	0x6800	0	LDR      r0,[r0,#0]	false	
Instruction	2619	S:0xC003BF32	0x1B12	0	SUBS     r2,r2,r4	false	
Instruction	2620	S:0xC003BF34	0xEB630305	0	SBC      r3,r3,r5	false	
Instruction	2621	S:0xC003BF38	0x2500	0	MOVS     r5,#0	false	
Instruction	2622	S:0xC003BF3A	0x0040	0	LSLS     r0,r0,#1	false	
Instruction	2623	S:0xC003BF3C	0x4604	0	MOV      r4,r0	false	
Instruction	2624	S:0xC003BF3E	0x429D	0	CMP      r5,r3	false	
Instruction	2625	S:0xC003BF40	0xBF08	0	IT       EQ	false	
Instruction	2626	S:0xC003BF42	0x4294	0	CMP      r4,r2	false	
Instruction	2627	S:0xC003BF44	0xD209	3	BCS      {pc}+0x16 ; 0xc003bf5a	true	fail
Instruction	2628	S:0xC003BF46	0xE9C64500	0	STRD     r4,r5,[r6,#0]	false	
Instruction	2629	S:0xC003BF4A	0x2200	0	MOVS     r2,#0	false	
Instruction	2630	S:0xC003BF4C	0x2300	0	MOVS     r3,#0	false	
Instruction	2631	S:0xC003BF4E	0xE9C12300	0	STRD     r2,r3,[r1,#0]	false	
Instruction	2632	S:0xC003BF52	0xE8BD83F8	2	POP      {r3-r9,pc}	true	
Instruction	2633	S:0xC003C0AA	0x2C00	0	CMP      r4,#0	false	
Instruction	2634	S:0xC003C0AC	0xD1F7	1	BNE      {pc}-0xe ; 0xc003c09e	true	fail
Instruction	2635	S:0xC003C0AE	0xF3BF8F5F	0	DMB      	false	
Instruction	2636	S:0xC003C0B2	0xF8383006	0	LDRH     r3,[r8,r6]	false	
Instruction	2637	S:0xC003C0B6	0x3301	0	ADDS     r3,#1	false	
Instruction	2638	S:0xC003C0B8	0xF8283006	0	STRH     r3,[r8,r6]	false	
Instruction	2639	S:0xC003C0BC	0xF3BF8F4F	0	DSB      	false	
Instruction	2640	S:0xC003C0C0	0xF3AF8004	0	SEV.W    	false	
Instruction	2641	S:0xC003C0C4	0xE8BD81F0	1025	POP      {r4-r8,pc}	true	
Instruction	2642	S:0xC003CF84	0xF8D49014	0	LDR      r9,[r4,#0x14]	false	
Instruction	2643	S:0xC003CF88	0xF8583029	0	LDR      r3,[r8,r9,LSL #2]	false	
Instruction	2644	S:0xC003CF8C	0x18EB	0	ADDS     r3,r5,r3	false	
Instruction	2645	S:0xC003CF8E	0x6A9B	0	LDR      r3,[r3,#0x28]	false	
Instruction	2646	S:0xC003CF90	0x079B	0	LSLS     r3,r3,#30	false	
Instruction	2647	S:0xC003CF92	0xD413	12	BMI      {pc}+0x2a ; 0xc003cfbc	true	fail
Instruction	2648	S:0xC003CF94	0xE8BD43F8	0	POP      {r3-r9,lr}	false	
Instruction	2649	S:0xC003CF98	0xF7E4B914	6	B        {pc}-0x1bdd4 ; 0xc00211c4	true	
Instruction	2650	S:0xC00211C4	0xB510	0	PUSH     {r4,lr}	false	
Instruction	2651	S:0xC00211C6	0xB500	0	PUSH     {lr}	false	
Instruction	2652	S:0xC00211C8	0xF85DEB04	0	POP      {lr}	false	
Instruction	2653	S:0xC00211CC	0xF3EF8300	0	MRS      r3,APSR ; formerly CPSR	false	
Instruction	2654	S:0xC00211D0	0x0619	0	LSLS     r1,r3,#24	false	
Instruction	2655	S:0xC00211D2	0xD529	31	BPL      {pc}+0x56 ; 0xc0021228	true	fail
Instruction	2656	S:0xC00211D4	0x466B	0	MOV      r3,sp	false	
Instruction	2657	S:0xC00211D6	0xF42354FF	0	BIC      r4,r3,#0x1fe0	false	
Instruction	2658	S:0xC00211DA	0xF024041F	0	BIC      r4,r4,#0x1f	false	
Instruction	2659	S:0xC00211DE	0x6863	0	LDR      r3,[r4,#4]	false	
Instruction	2660	S:0xC00211E0	0xF5A33380	0	SUB      r3,r3,#0x10000	false	
Instruction	2661	S:0xC00211E4	0x6063	0	STR      r3,[r4,#4]	false	
Instruction	2662	S:0xC00211E6	0xF0234378	0	BIC      r3,r3,#0xf8000000	false	
Instruction	2663	S:0xC00211EA	0xF02303FF	0	BIC      r3,r3,#0xff	false	
Instruction	2664	S:0xC00211EE	0xB923	2	CBNZ     r3,{pc}+0xc ; 0xc00211fa	true	fail
Instruction	2665	S:0xC00211F0	0x6963	0	LDR      r3,[r4,#0x14]	false	
Instruction	2666	S:0xC00211F2	0x4A13	0	LDR      r2,[pc,#76] ; [0xC0021240] = 0xC06498C0	false	
Instruction	2667	S:0xC00211F4	0x019B	0	LSLS     r3,r3,#6	false	
Instruction	2668	S:0xC00211F6	0x58D3	0	LDR      r3,[r2,r3]	false	
Instruction	2669	S:0xC00211F8	0xB99B	11	CBNZ     r3,{pc}+0x2a ; 0xc0021222	true	fail
Instruction	2670	S:0xC00211FA	0x6960	0	LDR      r0,[r4,#0x14]	false	
Instruction	2671	S:0xC00211FC	0xF01BFE86	2	BL       {pc}+0x1bd10 ; 0xc003cf0c	true	
Instruction	2672	S:0xC003CF0C	0xB488	0	PUSH     {r3,r7}	false	
Instruction	2673	S:0xC003CF0E	0xAF00	0	ADD      r7,sp,#0	false	
Instruction	2674	S:0xC003CF10	0xB500	0	PUSH     {lr}	false	
Instruction	2675	S:0xC003CF12	0xF85DEB04	0	POP      {lr}	false	
Instruction	2676	S:0xC003CF16	0x4A0C	0	LDR      r2,[pc,#48] ; [0xC003CF48] = 0xC05FD5C0	false	
Instruction	2677	S:0xC003CF18	0x4B0C	0	LDR      r3,[pc,#48] ; [0xC003CF4C] = 0xC05F3080	false	
Instruction	2678	S:0xC003CF1A	0xF8522020	0	LDR      r2,[r2,r0,LSL #2]	false	
Instruction	2679	S:0xC003CF1E	0x189B	0	ADDS     r3,r3,r2	false	
Instruction	2680	S:0xC003CF20	0xF8D31460	0	LDR      r1,[r3,#0x460]	false	
Instruction	2681	S:0xC003CF24	0xF8D32464	0	LDR      r2,[r3,#0x464]	false	
Instruction	2682	S:0xC003CF28	0x4291	0	CMP      r1,r2	false	
Instruction	2683	S:0xC003CF2A	0xD003	7	BEQ      {pc}+0xa ; 0xc003cf34	true	
Instruction	2684	S:0xC003CF34	0x685A	0	LDR      r2,[r3,#4]	false	
Instruction	2685	S:0xC003CF36	0x2A00	0	CMP      r2,#0	false	
Instruction	2686	S:0xC003CF38	0xD1F8	1	BNE      {pc}-0xc ; 0xc003cf2c	true	
Instruction	2687	S:0xC003CF2C	0x2000	0	MOVS     r0,#0	false	
Instruction	2688	S:0xC003CF2E	0x46BD	0	MOV      sp,r7	false	
Instruction	2689	S:0xC003CF30	0xBC88	0	POP      {r3,r7}	false	
Instruction	2690	S:0xC003CF32	0x4770	1	BX       lr	true	
Instruction	2691	S:0xC0021200	0xB140	1	CBZ      r0,{pc}+0x14 ; 0xc0021214	true	
Instruction	2692	S:0xC0021214	0xE8BD4010	0	POP      {r4,lr}	false	
Instruction	2693	S:0xC0021218	0xF04EBF4E	16	B.W      {pc}+0x4eea0 ; 0xc00700b8	true	
Cycle Count				514	Tracing disabled		
Info					Tracing enabled		
Instruction	2694	S:0xC0010CF2	0xE7E3	1	B        {pc}-0x36 ; 0xc0010cbc	true	
Instruction	2695	S:0xC0010CBC	0x4633	0	MOV      r3,r6	false	
Instruction	2696	S:0xC0010CBE	0xEE1D2F90	0	MRC      p15,#0x0,r2,c13,c0,#4	false	
Instruction	2697	S:0xC0010CC2	0x50D7	0	STR      r7,[r2,r3]	false	
Instruction	2698	S:0xC0010CC4	0xE8BD83F8	13	POP      {r3-r9,pc}	true	
Instruction	2699	S:0xC000841A	0xE7EC	1	B        {pc}-0x24 ; 0xc00083f6	true	
Instruction	2700	S:0xC00083F6	0x6822	0	LDR      r2,[r4,#0]	false	
Instruction	2701	S:0xC00083F8	0xF42250E0	0	BIC      r0,r2,#0x1c00	false	
Instruction	2702	S:0xC00083FC	0xF1A00510	0	SUB      r5,r0,#0x10	false	
Instruction	2703	S:0xC0008400	0x4601	0	MOV      r1,r0	false	
Instruction	2704	S:0xC0008402	0xF5B57F7B	0	CMP      r5,#0x3ec	false	
Instruction	2705	S:0xC0008406	0xD9EF	87	BLS      {pc}-0x1e ; 0xc00083e8	true	fail
Instruction	2706	S:0xC0008408	0x280F	0	CMP      r0,#0xf	false	
Instruction	2707	S:0xC000840A	0xD901	4	BLS      {pc}+6 ; 0xc0008410	true	fail
Instruction	2708	S:0xC000840C	0xE8BD81F0	27	POP      {r4-r8,pc}	true	
Instruction	2709	S:0xC000C8DA	0xF8DDE034	0	LDR      lr,[sp,#0x34]	false	
Instruction	2710	S:0xC000C8DE	0xE9DD010E	0	LDRD     r0,r1,[sp,#0x38]	false	
Instruction	2711	S:0xC000C8E2	0xF3BF8F2F	0	CLREX    	false	
Instruction	2712	S:0xC000C8E6	0xE92E0023	0	STMDB    lr!,{r0,r1,r5}	false	
Instruction	2713	S:0xC000C8EA	0xE89D1FFF	0	LDM      sp,{r0-r12}	false	
Instruction	2714	S:0xC000C8EE	0x46F5	0	MOV      sp,lr	false	
Instruction	2715	S:0xC000C8F0	0xF85DEB04	0	POP      {lr}	false	
Instruction	2716	S:0xC000C8F4	0xE9BDC000	68	RFEIA    sp!	true	
Info					Return from exception		
Timestamp					Timestamp: 562537008768		
Instruction	2717	S:0xC02F5B4E	0x?	35	Cannot access target memory	false	
Instruction	2718	S:?	0x?	49	Unknown instruction address	false	
Instruction	2719	S:?	0x?	16	Unknown instruction address	false	
Instruction	2720	S:?	0x?	24	Unknown instruction address	false	
Cycle Count				409	Tracing disabled		
Info					Tracing enabled		
Instruction	2721	S:0xC004F52C	0xE92D4FF0	0	PUSH     {r4-r11,lr}	false	
Instruction	2722	S:0xC004F530	0xB08B	0	SUB      sp,sp,#0x2c	false	
Instruction	2723	S:0xC004F532	0xB500	0	PUSH     {lr}	false	
Instruction	2724	S:0xC004F534	0xF85DEB04	0	POP      {lr}	false	
Instruction	2725	S:0xC004F538	0x4B3D	0	LDR      r3,[pc,#244] ; [0xC004F630] = 0xC05FC59C	false	
Instruction	2726	S:0xC004F53A	0x4682	0	MOV      r10,r0	false	
Instruction	2727	S:0xC004F53C	0x681B	0	LDR      r3,[r3,#0]	false	
Instruction	2728	S:0xC004F53E	0x2B00	0	CMP      r3,#0	false	
Instruction	2729	S:0xC004F540	0xD16F	57	BNE      {pc}+0xe2 ; 0xc004f622	true	fail
Instruction	2730	S:0xC004F542	0xF8DF90F4	0	LDR      r9,[pc,#244] ; [0xC004F638] = 0xC064D1C0	false	
Instruction	2731	S:0xC004F546	0xF8DFB0F0	0	LDR      r11,[pc,#240] ; [0xC004F638] = 0xC064D1C0	false	
Instruction	2732	S:0xC004F54A	0x464F	0	MOV      r7,r9	false	
Instruction	2733	S:0xC004F54C	0xF8D75090	0	LDR      r5,[r7,#0x90]	false	
Instruction	2734	S:0xC004F550	0x07EA	0	LSLS     r2,r5,#31	false	
Instruction	2735	S:0xC004F552	0xD46C	3	BMI      {pc}+0xdc ; 0xc004f62e	true	fail
Instruction	2736	S:0xC004F554	0xF3BF8F5F	0	DMB      	false	
Instruction	2737	S:0xC004F558	0xF8DB6000	0	LDR      r6,[r11,#0]	false	
Instruction	2738	S:0xC004F55C	0xF8DB4054	0	LDR      r4,[r11,#0x54]	false	
Instruction	2739	S:0xC004F560	0xE9DB230E	0	LDRD     r2,r3,[r11,#0x38]	false	
Instruction	2740	S:0xC004F564	0x4630	0	MOV      r0,r6	false	
Instruction	2741	S:0xC004F566	0x6831	0	LDR      r1,[r6,#0]	false	
Instruction	2742	S:0xC004F568	0x1912	0	ADDS     r2,r2,r4	false	
Instruction	2743	S:0xC004F56A	0xEB4373E4	0	ADC      r3,r3,r4,ASR #31	false	
Instruction	2744	S:0xC004F56E	0xE9CD2306	0	STRD     r2,r3,[sp,#0x18]	false	
Instruction	2745	S:0xC004F572	0x4788	77	BLX      r1	true	
Cycle Count				61	Tracing disabled		
Info					Tracing enabled		
Instruction	2746	S:0xC004F574	0xE9D62302	0	LDRD     r2,r3,[r6,#8]	false	
Instruction	2747	S:0xC004F578	0xF8DBC004	0	LDR      r12,[r11,#4]	false	
Instruction	2748	S:0xC004F57C	0xF8DB4008	0	LDR      r4,[r11,#8]	false	
Instruction	2749	S:0xC004F580	0xE9CD2300	0	STRD     r2,r3,[sp,#0]	false	
Instruction	2750	S:0xC004F584	0xE9D62304	0	LDRD     r2,r3,[r6,#0x10]	false	
Instruction	2751	S:0xC004F588	0xF8DB6058	0	LDR      r6,[r11,#0x58]	false	
Instruction	2752	S:0xC004F58C	0xE9CD2308	0	STRD     r2,r3,[sp,#0x20]	false	
Instruction	2753	S:0xC004F590	0xE9DB2310	0	LDRD     r2,r3,[r11,#0x40]	false	
Instruction	2754	S:0xC004F594	0x9604	0	STR      r6,[sp,#0x10]	false	
Instruction	2755	S:0xC004F596	0xE9CD2302	0	STRD     r2,r3,[sp,#8]	false	
Instruction	2756	S:0xC004F59A	0x17F3	0	ASRS     r3,r6,#31	false	
Instruction	2757	S:0xC004F59C	0x9305	0	STR      r3,[sp,#0x14]	false	
Instruction	2758	S:0xC004F59E	0xF1C40620	0	RSB      r6,r4,#0x20	false	
Instruction	2759	S:0xC004F5A2	0xE9DD2300	0	LDRD     r2,r3,[sp,#0]	false	
Instruction	2760	S:0xC004F5A6	0x1A80	0	SUBS     r0,r0,r2	false	
Instruction	2761	S:0xC004F5A8	0xEB610103	0	SBC      r1,r1,r3	false	
Instruction	2762	S:0xC004F5AC	0xE9DD2308	0	LDRD     r2,r3,[sp,#0x20]	false	
Instruction	2763	S:0xC004F5B0	0x4010	0	ANDS     r0,r0,r2	false	
Instruction	2764	S:0xC004F5B2	0x4019	0	ANDS     r1,r1,r3	false	
Instruction	2765	S:0xC004F5B4	0xFBA0230C	0	UMULL    r2,r3,r0,r12	false	
Instruction	2766	S:0xC004F5B8	0xFB0C3301	0	MLA      r3,r12,r1,r3	false	
Instruction	2767	S:0xC004F5BC	0xE9DD0102	0	LDRD     r0,r1,[sp,#8]	false	
Instruction	2768	S:0xC004F5C0	0x1880	0	ADDS     r0,r0,r2	false	
Instruction	2769	S:0xC004F5C2	0xEB410103	0	ADC      r1,r1,r3	false	
Instruction	2770	S:0xC004F5C6	0xF1B40320	0	SUBS     r3,r4,#0x20	false	
Instruction	2771	S:0xC004F5CA	0xE9CD0102	0	STRD     r0,r1,[sp,#8]	false	
Instruction	2772	S:0xC004F5CE	0xFA20F804	0	LSR      r8,r0,r4	false	
Instruction	2773	S:0xC004F5D2	0xFA41F303	0	ASR      r3,r1,r3	false	
Instruction	2774	S:0xC004F5D6	0x9903	0	LDR      r1,[sp,#0xc]	false	
Instruction	2775	S:0xC004F5D8	0x9A03	0	LDR      r2,[sp,#0xc]	false	
Instruction	2776	S:0xC004F5DA	0xFA01F606	0	LSL      r6,r1,r6	false	
Instruction	2777	S:0xC004F5DE	0xEA480806	0	ORR      r8,r8,r6	false	
Instruction	2778	S:0xC004F5E2	0xFA42F904	0	ASR      r9,r2,r4	false	
Instruction	2779	S:0xC004F5E6	0xBF58	0	IT       PL	false	
Instruction	2780	S:0xC004F5E8	0xEA480803	0	ORR      r8,r8,r3	false	
Instruction	2781	S:0xC004F5EC	0xE9DD2304	0	LDRD     r2,r3,[sp,#0x10]	false	
Instruction	2782	S:0xC004F5F0	0xEB120208	0	ADDS     r2,r2,r8	false	
Instruction	2783	S:0xC004F5F4	0xEB430309	0	ADC      r3,r3,r9	false	
Instruction	2784	S:0xC004F5F8	0xF3BF8F5F	0	DMB      	false	
Instruction	2785	S:0xC004F5FC	0xF8D71090	0	LDR      r1,[r7,#0x90]	false	
Instruction	2786	S:0xC004F600	0x428D	0	CMP      r5,r1	false	
Instruction	2787	S:0xC004F602	0xD1A3	94	BNE      {pc}-0xb6 ; 0xc004f54c	true	fail
Instruction	2788	S:0xC004F604	0x461D	0	MOV      r5,r3	false	
Instruction	2789	S:0xC004F606	0x9906	0	LDR      r1,[sp,#0x18]	false	
Instruction	2790	S:0xC004F608	0xF44F434A	0	MOV      r3,#0xca00	false	
Instruction	2791	S:0xC004F60C	0x4614	0	MOV      r4,r2	false	
Instruction	2792	S:0xC004F60E	0xF6C3339A	0	MOVT     r3,#0x3b9a	false	
Instruction	2793	S:0xC004F612	0x4650	0	MOV      r0,r10	false	
Instruction	2794	S:0xC004F614	0xFBC34501	0	SMLAL    r4,r5,r3,r1	false	
Instruction	2795	S:0xC004F618	0xE9CA4500	0	STRD     r4,r5,[r10,#0]	false	
Instruction	2796	S:0xC004F61C	0xB00B	0	ADD      sp,sp,#0x2c	false	
Instruction	2797	S:0xC004F61E	0xE8BD8FF0	14	POP      {r4-r11,pc}	true	
Instruction	2798	S:0xC02F4642	0x?	44	Cannot access target memory	false	
Instruction	2799	S:?	0x?	14	Unknown instruction address	false	
Instruction	2800	S:?	0x?	6	Unknown instruction address	false	
Instruction	2801	S:?	0x?	1	Unknown instruction address	false	
Cycle Count				539	Tracing disabled		
Info					Tracing enabled		
Instruction	2802	S:0xC0020548	0x9B01	0	LDR      r3,[sp,#4]	false	
Instruction	2803	S:0xC002054A	0x2B00	0	CMP      r3,#0	false	
Instruction	2804	S:0xC002054C	0xBFBF	0	ITTTT    LT	false	
Instruction	2805	S:0xC002054E	0xF103536E	0	ADD      r3,r3,#0x3b800000	false	
Instruction	2806	S:0xC0020552	0xF50313D6	0	ADD      r3,r3,#0x1ac000	false	
Instruction	2807	S:0xC0020556	0xF5036320	0	ADD      r3,r3,#0xa00	false	
Instruction	2808	S:0xC002055A	0xF10030FF	0	ADD      r0,r0,#0xffffffff	false	
Instruction	2809	S:0xC002055E	0xE8860009	0	STM      r6,{r0,r3}	false	
Instruction	2810	S:0xC0020562	0xE7E5	2	B        {pc}-0x32 ; 0xc0020530	true	
Instruction	2811	S:0xC0020530	0x4630	0	MOV      r0,r6	false	
Instruction	2812	S:0xC0020532	0xB002	0	ADD      sp,sp,#8	false	
Instruction	2813	S:0xC0020534	0xBD70	9	POP      {r4-r6,pc}	true	
Instruction	2814	S:0xC0020576	0x9B01	0	LDR      r3,[sp,#4]	false	
Instruction	2815	S:0xC0020578	0xF64452D3	0	MOV      r2,#0x4dd3	false	
Instruction	2816	S:0xC002057C	0x9900	0	LDR      r1,[sp,#0]	false	
Instruction	2817	S:0xC002057E	0xF2C10262	0	MOVT     r2,#0x1062	false	
Instruction	2818	S:0xC0020582	0x4620	0	MOV      r0,r4	false	
Instruction	2819	S:0xC0020584	0xFB825203	0	SMULL    r5,r2,r2,r3	false	
Instruction	2820	S:0xC0020588	0x17DB	0	ASRS     r3,r3,#31	false	
Instruction	2821	S:0xC002058A	0x6021	0	STR      r1,[r4,#0]	false	
Instruction	2822	S:0xC002058C	0xEBC313A2	0	RSB      r3,r3,r2,ASR #6	false	
Instruction	2823	S:0xC0020590	0x6063	0	STR      r3,[r4,#4]	false	
Instruction	2824	S:0xC0020592	0xB003	0	ADD      sp,sp,#0xc	false	
Instruction	2825	S:0xC0020594	0xBD30	7	POP      {r4,r5,pc}	true	
Cycle Count				620	Tracing disabled		
Info					Tracing enabled		
Instruction	2826	S:0xC000D94C	0xB900	1	CBNZ     r0,{pc}+4 ; 0xc000d950	true	fail
Instruction	2827	S:0xC000D94E	0xBD08	1	POP      {r3,pc}	true	
Instruction	2828	S:0xC004E2F4	0xF3EF8300	0	MRS      r3,APSR ; formerly CPSR	false	
Instruction	2829	S:0xC004E2F8	0x061A	0	LSLS     r2,r3,#24	false	
Instruction	2830	S:0xC004E2FA	0xD465	21	BMI      {pc}+0xce ; 0xc004e3c8	true	fail
Instruction	2831	S:0xC004E2FC	0xF021FD9A	4	BL       {pc}+0x21b38 ; 0xc006fe34	true	
Cycle Count				860	Tracing disabled		
Info					Tracing enabled		
Instruction	2832	S:0xC004E300	0xF7BFFB0C	1	BL       {pc}-0x409e4 ; 0xc000d91c	true	
Instruction	2833	S:0xC000D91C	0xB508	0	PUSH     {r3,lr}	false	
Instruction	2834	S:0xC000D91E	0xB500	0	PUSH     {lr}	false	
Instruction	2835	S:0xC000D920	0xF85DEB04	0	POP      {lr}	false	
Instruction	2836	S:0xC000D924	0x2001	0	MOVS     r0,#1	false	
Instruction	2837	S:0xC000D926	0xF2F6FCD3	8	BL       {pc}+0x2f69aa ; 0xc03042d0	true	
Cycle Count				4437	Tracing disabled		
Info					Tracing enabled		
Instruction	2838	S:0xC000D92A	0x2002	0	MOVS     r0,#2	false	
Instruction	2839	S:0xC000D92C	0xE8BD4008	0	POP      {r3,lr}	false	
Instruction	2840	S:0xC000D930	0xF010BABA	1	B.W      {pc}+0x10578 ; 0xc001dea8	true	
Instruction	2841	S:0xC001DEA8	0xB500	0	PUSH     {lr}	false	
Instruction	2842	S:0xC001DEAA	0xF85DEB04	0	POP      {lr}	false	
Instruction	2843	S:0xC001DEAE	0x4601	0	MOV      r1,r0	false	
Instruction	2844	S:0xC001DEB0	0xF6490090	0	MOV      r0,#0x9890	false	
Instruction	2845	S:0xC001DEB4	0xF2CC0064	0	MOVT     r0,#0xc064	false	
Instruction	2846	S:0xC001DEB8	0x2200	0	MOVS     r2,#0	false	
Instruction	2847	S:0xC001DEBA	0xF018BD2B	1	B.W      {pc}+0x18a5a ; 0xc0036914	true	
Instruction	2848	S:0xC0036914	0xB510	0	PUSH     {r4,lr}	false	
Instruction	2849	S:0xC0036916	0xB082	0	SUB      sp,sp,#8	false	
Instruction	2850	S:0xC0036918	0xB500	0	PUSH     {lr}	false	
Instruction	2851	S:0xC003691A	0xF85DEB04	0	POP      {lr}	false	
Instruction	2852	S:0xC003691E	0x2400	0	MOVS     r4,#0	false	
Instruction	2853	S:0xC0036920	0xF04F33FF	0	MOV      r3,#0xffffffff	false	
Instruction	2854	S:0xC0036924	0x9400	0	STR      r4,[sp,#0]	false	
Instruction	2855	S:0xC0036926	0xF7FFFFE9	7	BL       {pc}-0x2a ; 0xc00368fc	true	
Instruction	2856	S:0xC00368FC	0xB510	0	PUSH     {r4,lr}	false	
Instruction	2857	S:0xC00368FE	0xB082	0	SUB      sp,sp,#8	false	
Instruction	2858	S:0xC0036900	0xB500	0	PUSH     {lr}	false	
Instruction	2859	S:0xC0036902	0xF85DEB04	0	POP      {lr}	false	
Instruction	2860	S:0xC0036906	0x9C04	0	LDR      r4,[sp,#0x10]	false	
Instruction	2861	S:0xC0036908	0x9400	0	STR      r4,[sp,#0]	false	
Instruction	2862	S:0xC003690A	0x3004	0	ADDS     r0,#4	false	
Instruction	2863	S:0xC003690C	0xF7FFFFCC	3	BL       {pc}-0x64 ; 0xc00368a8	true	
Instruction	2864	S:0xC00368A8	0xE92D41F0	0	PUSH     {r4-r8,lr}	false	
Instruction	2865	S:0xC00368AC	0xB500	0	PUSH     {lr}	false	
Instruction	2866	S:0xC00368AE	0xF85DEB04	0	POP      {lr}	false	
Instruction	2867	S:0xC00368B2	0x461D	0	MOV      r5,r3	false	
Instruction	2868	S:0xC00368B4	0x6804	0	LDR      r4,[r0,#0]	false	
Instruction	2869	S:0xC00368B6	0x460F	0	MOV      r7,r1	false	
Instruction	2870	S:0xC00368B8	0x4690	0	MOV      r8,r2	false	
Instruction	2871	S:0xC00368BA	0x9E06	0	LDR      r6,[sp,#0x18]	false	
Instruction	2872	S:0xC00368BC	0x2B00	0	CMP      r3,#0	false	
Instruction	2873	S:0xC00368BE	0xBF18	0	IT       NE	false	
Instruction	2874	S:0xC00368C0	0x2C00	0	CMP      r4,#0	false	
Instruction	2875	S:0xC00368C2	0xBF0C	0	ITE      EQ	false	
Instruction	2876	S:0xC00368C4	0x2000	0	MOVS     r0,#0	false	
Instruction	2877	S:0xC00368C6	0x2001	0	MOVS     r0,#1	false	
Instruction	2878	S:0xC00368C8	0xD10A	118	BNE      {pc}+0x18 ; 0xc00368e0	true	fail
Instruction	2879	S:0xC00368CA	0xE015	9	B        {pc}+0x2e ; 0xc00368f8	true	
Instruction	2880	S:0xC00368F8	0xE8BD81F0	19	POP      {r4-r8,pc}	true	
Instruction	2881	S:0xC0036910	0xB002	0	ADD      sp,sp,#8	false	
Instruction	2882	S:0xC0036912	0xBD10	2	POP      {r4,pc}	true	
Instruction	2883	S:0xC003692A	0xB002	0	ADD      sp,sp,#8	false	
Instruction	2884	S:0xC003692C	0xBD10	5	POP      {r4,pc}	true	
Instruction	2885	S:0xC004E304	0x6833	0	LDR      r3,[r6,#0]	false	
Instruction	2886	S:0xC004E306	0x46B3	0	MOV      r11,r6	false	
Instruction	2887	S:0xC004E308	0x079B	0	LSLS     r3,r3,#30	false	
Instruction	2888	S:0xC004E30A	0xD458	5	BMI      {pc}+0xb4 ; 0xc004e3be	true	
Instruction	2889	S:0xC004E3BE	0xF007FCA9	47	BL       {pc}+0x7956 ; 0xc0055d14	true	
Instruction	2890	S:0xC0055D14	0xE92D47F0	0	PUSH     {r4-r10,lr}	false	
Instruction	2891	S:0xC0055D18	0xB084	0	SUB      sp,sp,#0x10	false	
Instruction	2892	S:0xC0055D1A	0xB500	0	PUSH     {lr}	false	
Instruction	2893	S:0xC0055D1C	0xF85DEB04	0	POP      {lr}	false	
Instruction	2894	S:0xC0055D20	0x466A	0	MOV      r2,sp	false	
Instruction	2895	S:0xC0055D22	0xF42253FF	0	BIC      r3,r2,#0x1fe0	false	
Instruction	2896	S:0xC0055D26	0x4F52	0	LDR      r7,[pc,#328] ; [0xC0055E70] = 0xC05FD5C0	false	
Instruction	2897	S:0xC0055D28	0xF023031F	0	BIC      r3,r3,#0x1f	false	
Instruction	2898	S:0xC0055D2C	0x4D51	0	LDR      r5,[pc,#324] ; [0xC0055E74] = 0xC05F0808	false	
Instruction	2899	S:0xC0055D2E	0x695C	0	LDR      r4,[r3,#0x14]	false	
Instruction	2900	S:0xC0055D30	0x46A8	0	MOV      r8,r5	false	
Instruction	2901	S:0xC0055D32	0xF8573024	0	LDR      r3,[r7,r4,LSL #2]	false	
Instruction	2902	S:0xC0055D36	0x4498	0	ADD      r8,r8,r3	false	
Instruction	2903	S:0xC0055D38	0xB672	0	CPSID    i	false	
Instruction	2904	S:0xC0055D3A	0xF8D83058	0	LDR      r3,[r8,#0x58]	false	
Instruction	2905	S:0xC0055D3E	0x2B00	0	CMP      r3,#0	false	
Instruction	2906	S:0xC0055D40	0xF0008089	390	BEQ.W    {pc}+0x116 ; 0xc0055e56	true	fail
Instruction	2907	S:0xC0055D44	0x2300	0	MOVS     r3,#0	false	
Instruction	2908	S:0xC0055D46	0xF8C83058	0	STR      r3,[r8,#0x58]	false	
Instruction	2909	S:0xC0055D4A	0xF29FFC6F	2	BL       {pc}+0x29f8e2 ; 0xc02f562c	true	
Cycle Count				472	Tracing disabled		
Info					Tracing enabled		
Instruction	2910	S:0xC0055D4E	0xF8D8306C	0	LDR      r3,[r8,#0x6c]	false	
Instruction	2911	S:0xC0055D52	0xB91B	3	CBNZ     r3,{pc}+0xa ; 0xc0055d5c	true	fail
Instruction	2912	S:0xC0055D54	0xF8D8305C	0	LDR      r3,[r8,#0x5c]	false	
Instruction	2913	S:0xC0055D58	0x2B00	0	CMP      r3,#0	false	
Instruction	2914	S:0xC0055D5A	0xD064	2	BEQ      {pc}+0xcc ; 0xc0055e26	true	fail
Instruction	2915	S:0xC0055D5C	0xA802	0	ADD      r0,sp,#8	false	
Instruction	2916	S:0xC0055D5E	0xF7F9FBE5	1	BL       {pc}-0x6832 ; 0xc004f52c	true	
Instruction	2917	S:0xC004F52C	0xE92D4FF0	0	PUSH     {r4-r11,lr}	false	
Instruction	2918	S:0xC004F530	0xB08B	0	SUB      sp,sp,#0x2c	false	
Instruction	2919	S:0xC004F532	0xB500	0	PUSH     {lr}	false	
Instruction	2920	S:0xC004F534	0xF85DEB04	0	POP      {lr}	false	
Instruction	2921	S:0xC004F538	0x4B3D	0	LDR      r3,[pc,#244] ; [0xC004F630] = 0xC05FC59C	false	
Instruction	2922	S:0xC004F53A	0x4682	0	MOV      r10,r0	false	
Instruction	2923	S:0xC004F53C	0x681B	0	LDR      r3,[r3,#0]	false	
Instruction	2924	S:0xC004F53E	0x2B00	0	CMP      r3,#0	false	
Instruction	2925	S:0xC004F540	0xD16F	19	BNE      {pc}+0xe2 ; 0xc004f622	true	fail
Instruction	2926	S:0xC004F542	0xF8DF90F4	0	LDR      r9,[pc,#244] ; [0xC004F638] = 0xC064D1C0	false	
Instruction	2927	S:0xC004F546	0xF8DFB0F0	0	LDR      r11,[pc,#240] ; [0xC004F638] = 0xC064D1C0	false	
Instruction	2928	S:0xC004F54A	0x464F	0	MOV      r7,r9	false	
Instruction	2929	S:0xC004F54C	0xF8D75090	0	LDR      r5,[r7,#0x90]	false	
Instruction	2930	S:0xC004F550	0x07EA	0	LSLS     r2,r5,#31	false	
Instruction	2931	S:0xC004F552	0xD46C	3	BMI      {pc}+0xdc ; 0xc004f62e	true	fail
Instruction	2932	S:0xC004F554	0xF3BF8F5F	0	DMB      	false	
Instruction	2933	S:0xC004F558	0xF8DB6000	0	LDR      r6,[r11,#0]	false	
Instruction	2934	S:0xC004F55C	0xF8DB4054	0	LDR      r4,[r11,#0x54]	false	
Instruction	2935	S:0xC004F560	0xE9DB230E	0	LDRD     r2,r3,[r11,#0x38]	false	
Instruction	2936	S:0xC004F564	0x4630	0	MOV      r0,r6	false	
Instruction	2937	S:0xC004F566	0x6831	0	LDR      r1,[r6,#0]	false	
Instruction	2938	S:0xC004F568	0x1912	0	ADDS     r2,r2,r4	false	
Instruction	2939	S:0xC004F56A	0xEB4373E4	0	ADC      r3,r3,r4,ASR #31	false	
Instruction	2940	S:0xC004F56E	0xE9CD2306	0	STRD     r2,r3,[sp,#0x18]	false	
Instruction	2941	S:0xC004F572	0x4788	309	BLX      r1	true	
Cycle Count				61	Tracing disabled		
Info					Tracing enabled		
Instruction	2942	S:0xC004F574	0xE9D62302	0	LDRD     r2,r3,[r6,#8]	false	
Instruction	2943	S:0xC004F578	0xF8DBC004	0	LDR      r12,[r11,#4]	false	
Instruction	2944	S:0xC004F57C	0xF8DB4008	0	LDR      r4,[r11,#8]	false	
Instruction	2945	S:0xC004F580	0xE9CD2300	0	STRD     r2,r3,[sp,#0]	false	
Instruction	2946	S:0xC004F584	0xE9D62304	0	LDRD     r2,r3,[r6,#0x10]	false	
Instruction	2947	S:0xC004F588	0xF8DB6058	0	LDR      r6,[r11,#0x58]	false	
Instruction	2948	S:0xC004F58C	0xE9CD2308	0	STRD     r2,r3,[sp,#0x20]	false	
Instruction	2949	S:0xC004F590	0xE9DB2310	0	LDRD     r2,r3,[r11,#0x40]	false	
Instruction	2950	S:0xC004F594	0x9604	0	STR      r6,[sp,#0x10]	false	
Instruction	2951	S:0xC004F596	0xE9CD2302	0	STRD     r2,r3,[sp,#8]	false	
Instruction	2952	S:0xC004F59A	0x17F3	0	ASRS     r3,r6,#31	false	
Instruction	2953	S:0xC004F59C	0x9305	0	STR      r3,[sp,#0x14]	false	
Instruction	2954	S:0xC004F59E	0xF1C40620	0	RSB      r6,r4,#0x20	false	
Instruction	2955	S:0xC004F5A2	0xE9DD2300	0	LDRD     r2,r3,[sp,#0]	false	
Instruction	2956	S:0xC004F5A6	0x1A80	0	SUBS     r0,r0,r2	false	
Instruction	2957	S:0xC004F5A8	0xEB610103	0	SBC      r1,r1,r3	false	
Instruction	2958	S:0xC004F5AC	0xE9DD2308	0	LDRD     r2,r3,[sp,#0x20]	false	
Instruction	2959	S:0xC004F5B0	0x4010	0	ANDS     r0,r0,r2	false	
Instruction	2960	S:0xC004F5B2	0x4019	0	ANDS     r1,r1,r3	false	
Instruction	2961	S:0xC004F5B4	0xFBA0230C	0	UMULL    r2,r3,r0,r12	false	
Instruction	2962	S:0xC004F5B8	0xFB0C3301	0	MLA      r3,r12,r1,r3	false	
Instruction	2963	S:0xC004F5BC	0xE9DD0102	0	LDRD     r0,r1,[sp,#8]	false	
Instruction	2964	S:0xC004F5C0	0x1880	0	ADDS     r0,r0,r2	false	
Instruction	2965	S:0xC004F5C2	0xEB410103	0	ADC      r1,r1,r3	false	
Instruction	2966	S:0xC004F5C6	0xF1B40320	0	SUBS     r3,r4,#0x20	false	
Instruction	2967	S:0xC004F5CA	0xE9CD0102	0	STRD     r0,r1,[sp,#8]	false	
Instruction	2968	S:0xC004F5CE	0xFA20F804	0	LSR      r8,r0,r4	false	
Instruction	2969	S:0xC004F5D2	0xFA41F303	0	ASR      r3,r1,r3	false	
Instruction	2970	S:0xC004F5D6	0x9903	0	LDR      r1,[sp,#0xc]	false	
Instruction	2971	S:0xC004F5D8	0x9A03	0	LDR      r2,[sp,#0xc]	false	
Instruction	2972	S:0xC004F5DA	0xFA01F606	0	LSL      r6,r1,r6	false	
Instruction	2973	S:0xC004F5DE	0xEA480806	0	ORR      r8,r8,r6	false	
Instruction	2974	S:0xC004F5E2	0xFA42F904	0	ASR      r9,r2,r4	false	
Instruction	2975	S:0xC004F5E6	0xBF58	0	IT       PL	false	
Instruction	2976	S:0xC004F5E8	0xEA480803	0	ORR      r8,r8,r3	false	
Instruction	2977	S:0xC004F5EC	0xE9DD2304	0	LDRD     r2,r3,[sp,#0x10]	false	
Instruction	2978	S:0xC004F5F0	0xEB120208	0	ADDS     r2,r2,r8	false	
Instruction	2979	S:0xC004F5F4	0xEB430309	0	ADC      r3,r3,r9	false	
Instruction	2980	S:0xC004F5F8	0xF3BF8F5F	0	DMB      	false	
Instruction	2981	S:0xC004F5FC	0xF8D71090	0	LDR      r1,[r7,#0x90]	false	
Instruction	2982	S:0xC004F600	0x428D	0	CMP      r5,r1	false	
Instruction	2983	S:0xC004F602	0xD1A3	89	BNE      {pc}-0xb6 ; 0xc004f54c	true	fail
Instruction	2984	S:0xC004F604	0x461D	0	MOV      r5,r3	false	
Instruction	2985	S:0xC004F606	0x9906	0	LDR      r1,[sp,#0x18]	false	
Instruction	2986	S:0xC004F608	0xF44F434A	0	MOV      r3,#0xca00	false	
Instruction	2987	S:0xC004F60C	0x4614	0	MOV      r4,r2	false	
Instruction	2988	S:0xC004F60E	0xF6C3339A	0	MOVT     r3,#0x3b9a	false	
Instruction	2989	S:0xC004F612	0x4650	0	MOV      r0,r10	false	
Instruction	2990	S:0xC004F614	0xFBC34501	0	SMLAL    r4,r5,r3,r1	false	
Instruction	2991	S:0xC004F618	0xE9CA4500	0	STRD     r4,r5,[r10,#0]	false	
Instruction	2992	S:0xC004F61C	0xB00B	0	ADD      sp,sp,#0x2c	false	
Instruction	2993	S:0xC004F61E	0xE8BD8FF0	6	POP      {r4-r11,pc}	true	
Instruction	2994	S:0xC0055D62	0xF8D8306C	0	LDR      r3,[r8,#0x6c]	false	
Instruction	2995	S:0xC0055D66	0xF8DDA008	0	LDR      r10,[sp,#8]	false	
Instruction	2996	S:0xC0055D6A	0x9E03	0	LDR      r6,[sp,#0xc]	false	
Instruction	2997	S:0xC0055D6C	0x2B00	0	CMP      r3,#0	false	
Instruction	2998	S:0xC0055D6E	0xD15E	7	BNE      {pc}+0xc0 ; 0xc0055e2e	true	fail
Instruction	2999	S:0xC0055D70	0xF8D8305C	0	LDR      r3,[r8,#0x5c]	false	
Instruction	3000	S:0xC0055D74	0x2B00	0	CMP      r3,#0	false	
Instruction	3001	S:0xC0055D76	0xD056	1	BEQ      {pc}+0xb0 ; 0xc0055e26	true	fail
Instruction	3002	S:0xC0055D78	0x4650	0	MOV      r0,r10	false	
Instruction	3003	S:0xC0055D7A	0x4631	0	MOV      r1,r6	false	
Instruction	3004	S:0xC0055D7C	0xF7FFFBFA	1	BL       {pc}-0x808 ; 0xc0055574	true	
Instruction	3005	S:0xC0055574	0xE92D47F0	0	PUSH     {r4-r10,lr}	false	
Instruction	3006	S:0xC0055578	0xB500	0	PUSH     {lr}	false	
Instruction	3007	S:0xC005557A	0xF85DEB04	0	POP      {lr}	false	
Instruction	3008	S:0xC005557E	0x4604	0	MOV      r4,r0	false	
Instruction	3009	S:0xC0055580	0xF8DF80D8	0	LDR      r8,[pc,#216] ; [0xC005565C] = 0xC064D4C8	false	
Instruction	3010	S:0xC0055584	0x460D	0	MOV      r5,r1	false	
Instruction	3011	S:0xC0055586	0xF8DF90D8	0	LDR      r9,[pc,#216] ; [0xC0055660] = 0xC064D488	false	
Instruction	3012	S:0xC005558A	0xE9D82302	0	LDRD     r2,r3,[r8,#8]	false	
Instruction	3013	S:0xC005558E	0xE9D90100	0	LDRD     r0,r1,[r9,#0]	false	
Instruction	3014	S:0xC0055592	0x1AA2	0	SUBS     r2,r4,r2	false	
Instruction	3015	S:0xC0055594	0xEB650303	0	SBC      r3,r5,r3	false	
Instruction	3016	S:0xC0055598	0x4282	0	CMP      r2,r0	false	
Instruction	3017	S:0xC005559A	0xEB730601	0	SBCS     r6,r3,r1	false	
Instruction	3018	S:0xC005559E	0xDA01	20	BGE      {pc}+6 ; 0xc00555a4	true	fail
Instruction	3019	S:0xC00555A0	0xE8BD87F0	5	POP      {r4-r10,pc}	true	
Instruction	3020	S:0xC0055D80	0xF8DF9100	0	LDR      r9,[pc,#256] ; [0xC0055E84] = 0xC064D488	false	
Instruction	3021	S:0xC0055D84	0xF7E6FE24	1	BL       {pc}-0x193b4 ; 0xc003c9d0	true	
Instruction	3022	S:0xC003C9D0	0xE92D41F0	0	PUSH     {r4-r8,lr}	false	
Instruction	3023	S:0xC003C9D4	0xAF00	0	ADD      r7,sp,#0	false	
Instruction	3024	S:0xC003C9D6	0xB500	0	PUSH     {lr}	false	
Instruction	3025	S:0xC003C9D8	0xF85DEB04	0	POP      {lr}	false	
Instruction	3026	S:0xC003C9DC	0x4B11	0	LDR      r3,[pc,#68] ; [0xC003CA24] = 0xC05F60C0	false	
Instruction	3027	S:0xC003C9DE	0x4C12	0	LDR      r4,[pc,#72] ; [0xC003CA28] = 0xC05F3080	false	
Instruction	3028	S:0xC003C9E0	0xEE1D8F90	0	MRC      p15,#0x0,r8,c13,c0,#4	false	
Instruction	3029	S:0xC003C9E4	0xEB080504	0	ADD      r5,r8,r4	false	
Instruction	3030	S:0xC003C9E8	0x681E	0	LDR      r6,[r3,#0]	false	
Instruction	3031	S:0xC003C9EA	0x69EB	0	LDR      r3,[r5,#0x1c]	false	
Instruction	3032	S:0xC003C9EC	0x42B3	0	CMP      r3,r6	false	
Instruction	3033	S:0xC003C9EE	0xD010	119	BEQ      {pc}+0x24 ; 0xc003ca12	true	fail
Instruction	3034	S:0xC003C9F0	0x4628	0	MOV      r0,r5	false	
Instruction	3035	S:0xC003C9F2	0xF3A7FDE1	2	BL       {pc}+0x3a7bc6 ; 0xc03e45b8	true	
Cycle Count				36	Tracing disabled		
Info					Tracing enabled		
Instruction	3036	S:0xC003C9F6	0x69EA	0	LDR      r2,[r5,#0x1c]	false	
Instruction	3037	S:0xC003C9F8	0x1AB2	0	SUBS     r2,r6,r2	false	
Instruction	3038	S:0xC003C9FA	0xD10C	156	BNE      {pc}+0x1c ; 0xc003ca16	true	
Instruction	3039	S:0xC003CA16	0x61EE	0	STR      r6,[r5,#0x1c]	false	
Instruction	3040	S:0xC003CA18	0x4628	0	MOV      r0,r5	false	
Instruction	3041	S:0xC003CA1A	0x2100	0	MOVS     r1,#0	false	
Instruction	3042	S:0xC003CA1C	0xF7FFF958	17	BL       {pc}-0xd4c ; 0xc003bcd0	true	
Instruction	3043	S:0xC003BCD0	0xE92D0FF0	0	PUSH     {r4-r11}	false	
Instruction	3044	S:0xC003BCD4	0xB082	0	SUB      sp,sp,#8	false	
Instruction	3045	S:0xC003BCD6	0xAF00	0	ADD      r7,sp,#0	false	
Instruction	3046	S:0xC003BCD8	0xB500	0	PUSH     {lr}	false	
Instruction	3047	S:0xC003BCDA	0xF85DEB04	0	POP      {lr}	false	
Instruction	3048	S:0xC003BCDE	0xF8DF8094	0	LDR      r8,[pc,#148] ; [0xC003BD74] = 0xC03E7C64	false	
Instruction	3049	S:0xC003BCE2	0x3A01	0	SUBS     r2,#1	false	
Instruction	3050	S:0xC003BCE4	0x6B83	0	LDR      r3,[r0,#0x38]	false	
Instruction	3051	S:0xC003BCE6	0x4684	0	MOV      r12,r0	false	
Instruction	3052	S:0xC003BCE8	0xF1080A20	0	ADD      r10,r8,#0x20	false	
Instruction	3053	S:0xC003BCEC	0xF04F0902	0	MOV      r9,#2	false	
Instruction	3054	S:0xC003BCF0	0x2601	0	MOVS     r6,#1	false	
Instruction	3055	S:0xC003BCF2	0x1E4C	0	SUBS     r4,r1,#1	false	
Instruction	3056	S:0xC003BCF4	0x199B	0	ADDS     r3,r3,r6	false	
Instruction	3057	S:0xC003BCF6	0x607C	0	STR      r4,[r7,#4]	false	
Instruction	3058	S:0xC003BCF8	0x6081	0	STR      r1,[r0,#8]	false	
Instruction	3059	S:0xC003BCFA	0x6383	0	STR      r3,[r0,#0x38]	false	
Instruction	3060	S:0xC003BCFC	0xF8DC500C	0	LDR      r5,[r12,#0xc]	false	
Instruction	3061	S:0xC003BD00	0xB1C2	152	CBZ      r2,{pc}+0x34 ; 0xc003bd34	true	fail
Instruction	3062	S:0xC003BD02	0xF816300A	0	LDRB     r3,[r6,r10]	false	
Instruction	3063	S:0xC003BD06	0x429A	0	CMP      r2,r3	false	
Instruction	3064	S:0xC003BD08	0xBF24	0	ITT      CS	false	
Instruction	3065	S:0xC003BD0A	0x2300	0	MOVS     r3,#0	false	
Instruction	3066	S:0xC003BD0C	0x461D	0	MOV      r5,r3	false	
Instruction	3067	S:0xC003BD0E	0xD215	266	BCS      {pc}+0x2e ; 0xc003bd3c	true	
Instruction	3068	S:0xC003BD3C	0x42A9	0	CMP      r1,r5	false	
Instruction	3069	S:0xC003BD3E	0xF1080808	0	ADD      r8,r8,#8	false	
Instruction	3070	S:0xC003BD42	0xBF92	0	ITEE     LS	false	
Instruction	3071	S:0xC003BD44	0x460C	0	MOV      r4,r1	false	
Instruction	3072	S:0xC003BD46	0x687D	0	LDR      r5,[r7,#4]	false	
Instruction	3073	S:0xC003BD48	0xEB050409	0	ADD      r4,r5,r9	false	
Instruction	3074	S:0xC003BD4C	0xEA4F0949	0	LSL      r9,r9,#1	false	
Instruction	3075	S:0xC003BD50	0x18E3	0	ADDS     r3,r4,r3	false	
Instruction	3076	S:0xC003BD52	0x40F3	0	LSRS     r3,r3,r6	false	
Instruction	3077	S:0xC003BD54	0x3601	0	ADDS     r6,#1	false	
Instruction	3078	S:0xC003BD56	0x2E05	0	CMP      r6,#5	false	
Instruction	3079	S:0xC003BD58	0xF8CC300C	0	STR      r3,[r12,#0xc]	false	
Instruction	3080	S:0xC003BD5C	0xF10C0C04	0	ADD      r12,r12,#4	false	
Instruction	3081	S:0xC003BD60	0xD1CC	21	BNE      {pc}-0x64 ; 0xc003bcfc	true	
Instruction	3082	S:0xC003BCFC	0xF8DC500C	0	LDR      r5,[r12,#0xc]	false	
Instruction	3083	S:0xC003BD00	0xB1C2	4	CBZ      r2,{pc}+0x34 ; 0xc003bd34	true	fail
Instruction	3084	S:0xC003BD02	0xF816300A	0	LDRB     r3,[r6,r10]	false	
Instruction	3085	S:0xC003BD06	0x429A	0	CMP      r2,r3	false	
Instruction	3086	S:0xC003BD08	0xBF24	0	ITT      CS	false	
Instruction	3087	S:0xC003BD0A	0x2300	0	MOVS     r3,#0	false	
Instruction	3088	S:0xC003BD0C	0x461D	0	MOV      r5,r3	false	
Instruction	3089	S:0xC003BD0E	0xD215	1	BCS      {pc}+0x2e ; 0xc003bd3c	true	
Instruction	3090	S:0xC003BD3C	0x42A9	0	CMP      r1,r5	false	
Instruction	3091	S:0xC003BD3E	0xF1080808	0	ADD      r8,r8,#8	false	
Instruction	3092	S:0xC003BD42	0xBF92	0	ITEE     LS	false	
Instruction	3093	S:0xC003BD44	0x460C	0	MOV      r4,r1	false	
Instruction	3094	S:0xC003BD46	0x687D	0	LDR      r5,[r7,#4]	false	
Instruction	3095	S:0xC003BD48	0xEB050409	0	ADD      r4,r5,r9	false	
Instruction	3096	S:0xC003BD4C	0xEA4F0949	0	LSL      r9,r9,#1	false	
Instruction	3097	S:0xC003BD50	0x18E3	0	ADDS     r3,r4,r3	false	
Instruction	3098	S:0xC003BD52	0x40F3	0	LSRS     r3,r3,r6	false	
Instruction	3099	S:0xC003BD54	0x3601	0	ADDS     r6,#1	false	
Instruction	3100	S:0xC003BD56	0x2E05	0	CMP      r6,#5	false	
Instruction	3101	S:0xC003BD58	0xF8CC300C	0	STR      r3,[r12,#0xc]	false	
Instruction	3102	S:0xC003BD5C	0xF10C0C04	0	ADD      r12,r12,#4	false	
Instruction	3103	S:0xC003BD60	0xD1CC	11	BNE      {pc}-0x64 ; 0xc003bcfc	true	
Instruction	3104	S:0xC003BCFC	0xF8DC500C	0	LDR      r5,[r12,#0xc]	false	
Instruction	3105	S:0xC003BD00	0xB1C2	1	CBZ      r2,{pc}+0x34 ; 0xc003bd34	true	fail
Instruction	3106	S:0xC003BD02	0xF816300A	0	LDRB     r3,[r6,r10]	false	
Instruction	3107	S:0xC003BD06	0x429A	0	CMP      r2,r3	false	
Instruction	3108	S:0xC003BD08	0xBF24	0	ITT      CS	false	
Instruction	3109	S:0xC003BD0A	0x2300	0	MOVS     r3,#0	false	
Instruction	3110	S:0xC003BD0C	0x461D	0	MOV      r5,r3	false	
Instruction	3111	S:0xC003BD0E	0xD215	1	BCS      {pc}+0x2e ; 0xc003bd3c	true	fail
Instruction	3112	S:0xC003BD10	0x2E01	0	CMP      r6,#1	false	
Instruction	3113	S:0xC003BD12	0xBF1C	0	ITT      NE	false	
Instruction	3114	S:0xC003BD14	0x4613	0	MOV      r3,r2	false	
Instruction	3115	S:0xC003BD16	0x2400	0	MOVS     r4,#0	false	
Instruction	3116	S:0xC003BD18	0xD02A	11	BEQ      {pc}+0x58 ; 0xc003bd70	true	fail
Instruction	3117	S:0xC003BD1A	0xF0130F01	0	TST      r3,#1	false	
Instruction	3118	S:0xC003BD1E	0xBF18	0	IT       NE	false	
Instruction	3119	S:0xC003BD20	0xF818B004	0	LDRB     r11,[r8,r4]	false	
Instruction	3120	S:0xC003BD24	0xF1040401	0	ADD      r4,r4,#1	false	
Instruction	3121	S:0xC003BD28	0xBF1C	0	ITT      NE	false	
Instruction	3122	S:0xC003BD2A	0xFB05F50B	0	MUL      r5,r5,r11	false	
Instruction	3123	S:0xC003BD2E	0x09ED	0	LSRS     r5,r5,#7	false	
Instruction	3124	S:0xC003BD30	0x085B	0	LSRS     r3,r3,#1	false	
Instruction	3125	S:0xC003BD32	0xD1F2	156	BNE      {pc}-0x18 ; 0xc003bd1a	true	
Instruction	3126	S:0xC003BD1A	0xF0130F01	0	TST      r3,#1	false	
Instruction	3127	S:0xC003BD1E	0xBF18	0	IT       NE	false	
Instruction	3128	S:0xC003BD20	0xF818B004	0	LDRB     r11,[r8,r4]	false	
Instruction	3129	S:0xC003BD24	0xF1040401	0	ADD      r4,r4,#1	false	
Instruction	3130	S:0xC003BD28	0xBF1C	0	ITT      NE	false	
Instruction	3131	S:0xC003BD2A	0xFB05F50B	0	MUL      r5,r5,r11	false	
Instruction	3132	S:0xC003BD2E	0x09ED	0	LSRS     r5,r5,#7	false	
Instruction	3133	S:0xC003BD30	0x085B	0	LSRS     r3,r3,#1	false	
Instruction	3134	S:0xC003BD32	0xD1F2	6	BNE      {pc}-0x18 ; 0xc003bd1a	true	
Instruction	3135	S:0xC003BD1A	0xF0130F01	0	TST      r3,#1	false	
Instruction	3136	S:0xC003BD1E	0xBF18	0	IT       NE	false	
Instruction	3137	S:0xC003BD20	0xF818B004	0	LDRB     r11,[r8,r4]	false	
Instruction	3138	S:0xC003BD24	0xF1040401	0	ADD      r4,r4,#1	false	
Instruction	3139	S:0xC003BD28	0xBF1C	0	ITT      NE	false	
Instruction	3140	S:0xC003BD2A	0xFB05F50B	0	MUL      r5,r5,r11	false	
Instruction	3141	S:0xC003BD2E	0x09ED	0	LSRS     r5,r5,#7	false	
Instruction	3142	S:0xC003BD30	0x085B	0	LSRS     r3,r3,#1	false	
Instruction	3143	S:0xC003BD32	0xD1F2	6	BNE      {pc}-0x18 ; 0xc003bd1a	true	
Instruction	3144	S:0xC003BD1A	0xF0130F01	0	TST      r3,#1	false	
Instruction	3145	S:0xC003BD1E	0xBF18	0	IT       NE	false	
Instruction	3146	S:0xC003BD20	0xF818B004	0	LDRB     r11,[r8,r4]	false	
Instruction	3147	S:0xC003BD24	0xF1040401	0	ADD      r4,r4,#1	false	
Instruction	3148	S:0xC003BD28	0xBF1C	0	ITT      NE	false	
Instruction	3149	S:0xC003BD2A	0xFB05F50B	0	MUL      r5,r5,r11	false	
Instruction	3150	S:0xC003BD2E	0x09ED	0	LSRS     r5,r5,#7	false	
Instruction	3151	S:0xC003BD30	0x085B	0	LSRS     r3,r3,#1	false	
Instruction	3152	S:0xC003BD32	0xD1F2	13	BNE      {pc}-0x18 ; 0xc003bd1a	true	
Instruction	3153	S:0xC003BD1A	0xF0130F01	0	TST      r3,#1	false	
Instruction	3154	S:0xC003BD1E	0xBF18	0	IT       NE	false	
Instruction	3155	S:0xC003BD20	0xF818B004	0	LDRB     r11,[r8,r4]	false	
Instruction	3156	S:0xC003BD24	0xF1040401	0	ADD      r4,r4,#1	false	
Instruction	3157	S:0xC003BD28	0xBF1C	0	ITT      NE	false	
Instruction	3158	S:0xC003BD2A	0xFB05F50B	0	MUL      r5,r5,r11	false	
Instruction	3159	S:0xC003BD2E	0x09ED	0	LSRS     r5,r5,#7	false	
Instruction	3160	S:0xC003BD30	0x085B	0	LSRS     r3,r3,#1	false	
Instruction	3161	S:0xC003BD32	0xD1F2	2	BNE      {pc}-0x18 ; 0xc003bd1a	true	
Instruction	3162	S:0xC003BD1A	0xF0130F01	0	TST      r3,#1	false	
Instruction	3163	S:0xC003BD1E	0xBF18	0	IT       NE	false	
Instruction	3164	S:0xC003BD20	0xF818B004	0	LDRB     r11,[r8,r4]	false	
Instruction	3165	S:0xC003BD24	0xF1040401	0	ADD      r4,r4,#1	false	
Instruction	3166	S:0xC003BD28	0xBF1C	0	ITT      NE	false	
Instruction	3167	S:0xC003BD2A	0xFB05F50B	0	MUL      r5,r5,r11	false	
Instruction	3168	S:0xC003BD2E	0x09ED	0	LSRS     r5,r5,#7	false	
Instruction	3169	S:0xC003BD30	0x085B	0	LSRS     r3,r3,#1	false	
Instruction	3170	S:0xC003BD32	0xD1F2	3	BNE      {pc}-0x18 ; 0xc003bd1a	true	fail
Instruction	3171	S:0xC003BD34	0xF10933FF	0	ADD      r3,r9,#0xffffffff	false	
Instruction	3172	S:0xC003BD38	0xFB03F305	0	MUL      r3,r3,r5	false	
Instruction	3173	S:0xC003BD3C	0x42A9	0	CMP      r1,r5	false	
Instruction	3174	S:0xC003BD3E	0xF1080808	0	ADD      r8,r8,#8	false	
Instruction	3175	S:0xC003BD42	0xBF92	0	ITEE     LS	false	
Instruction	3176	S:0xC003BD44	0x460C	0	MOV      r4,r1	false	
Instruction	3177	S:0xC003BD46	0x687D	0	LDR      r5,[r7,#4]	false	
Instruction	3178	S:0xC003BD48	0xEB050409	0	ADD      r4,r5,r9	false	
Instruction	3179	S:0xC003BD4C	0xEA4F0949	0	LSL      r9,r9,#1	false	
Instruction	3180	S:0xC003BD50	0x18E3	0	ADDS     r3,r4,r3	false	
Instruction	3181	S:0xC003BD52	0x40F3	0	LSRS     r3,r3,r6	false	
Instruction	3182	S:0xC003BD54	0x3601	0	ADDS     r6,#1	false	
Instruction	3183	S:0xC003BD56	0x2E05	0	CMP      r6,#5	false	
Instruction	3184	S:0xC003BD58	0xF8CC300C	0	STR      r3,[r12,#0xc]	false	
Instruction	3185	S:0xC003BD5C	0xF10C0C04	0	ADD      r12,r12,#4	false	
Instruction	3186	S:0xC003BD60	0xD1CC	10	BNE      {pc}-0x64 ; 0xc003bcfc	true	
Instruction	3187	S:0xC003BCFC	0xF8DC500C	0	LDR      r5,[r12,#0xc]	false	
Instruction	3188	S:0xC003BD00	0xB1C2	1	CBZ      r2,{pc}+0x34 ; 0xc003bd34	true	fail
Instruction	3189	S:0xC003BD02	0xF816300A	0	LDRB     r3,[r6,r10]	false	
Instruction	3190	S:0xC003BD06	0x429A	0	CMP      r2,r3	false	
Instruction	3191	S:0xC003BD08	0xBF24	0	ITT      CS	false	
Instruction	3192	S:0xC003BD0A	0x2300	0	MOVS     r3,#0	false	
Instruction	3193	S:0xC003BD0C	0x461D	0	MOV      r5,r3	false	
Instruction	3194	S:0xC003BD0E	0xD215	1	BCS      {pc}+0x2e ; 0xc003bd3c	true	fail
Instruction	3195	S:0xC003BD10	0x2E01	0	CMP      r6,#1	false	
Instruction	3196	S:0xC003BD12	0xBF1C	0	ITT      NE	false	
Instruction	3197	S:0xC003BD14	0x4613	0	MOV      r3,r2	false	
Instruction	3198	S:0xC003BD16	0x2400	0	MOVS     r4,#0	false	
Instruction	3199	S:0xC003BD18	0xD02A	2	BEQ      {pc}+0x58 ; 0xc003bd70	true	fail
Instruction	3200	S:0xC003BD1A	0xF0130F01	0	TST      r3,#1	false	
Instruction	3201	S:0xC003BD1E	0xBF18	0	IT       NE	false	
Instruction	3202	S:0xC003BD20	0xF818B004	0	LDRB     r11,[r8,r4]	false	
Instruction	3203	S:0xC003BD24	0xF1040401	0	ADD      r4,r4,#1	false	
Instruction	3204	S:0xC003BD28	0xBF1C	0	ITT      NE	false	
Instruction	3205	S:0xC003BD2A	0xFB05F50B	0	MUL      r5,r5,r11	false	
Instruction	3206	S:0xC003BD2E	0x09ED	0	LSRS     r5,r5,#7	false	
Instruction	3207	S:0xC003BD30	0x085B	0	LSRS     r3,r3,#1	false	
Instruction	3208	S:0xC003BD32	0xD1F2	6	BNE      {pc}-0x18 ; 0xc003bd1a	true	
Instruction	3209	S:0xC003BD1A	0xF0130F01	0	TST      r3,#1	false	
Instruction	3210	S:0xC003BD1E	0xBF18	0	IT       NE	false	
Instruction	3211	S:0xC003BD20	0xF818B004	0	LDRB     r11,[r8,r4]	false	
Instruction	3212	S:0xC003BD24	0xF1040401	0	ADD      r4,r4,#1	false	
Instruction	3213	S:0xC003BD28	0xBF1C	0	ITT      NE	false	
Instruction	3214	S:0xC003BD2A	0xFB05F50B	0	MUL      r5,r5,r11	false	
Instruction	3215	S:0xC003BD2E	0x09ED	0	LSRS     r5,r5,#7	false	
Instruction	3216	S:0xC003BD30	0x085B	0	LSRS     r3,r3,#1	false	
Instruction	3217	S:0xC003BD32	0xD1F2	11	BNE      {pc}-0x18 ; 0xc003bd1a	true	
Instruction	3218	S:0xC003BD1A	0xF0130F01	0	TST      r3,#1	false	
Instruction	3219	S:0xC003BD1E	0xBF18	0	IT       NE	false	
Instruction	3220	S:0xC003BD20	0xF818B004	0	LDRB     r11,[r8,r4]	false	
Instruction	3221	S:0xC003BD24	0xF1040401	0	ADD      r4,r4,#1	false	
Instruction	3222	S:0xC003BD28	0xBF1C	0	ITT      NE	false	
Instruction	3223	S:0xC003BD2A	0xFB05F50B	0	MUL      r5,r5,r11	false	
Instruction	3224	S:0xC003BD2E	0x09ED	0	LSRS     r5,r5,#7	false	
Instruction	3225	S:0xC003BD30	0x085B	0	LSRS     r3,r3,#1	false	
Instruction	3226	S:0xC003BD32	0xD1F2	2	BNE      {pc}-0x18 ; 0xc003bd1a	true	
Instruction	3227	S:0xC003BD1A	0xF0130F01	0	TST      r3,#1	false	
Instruction	3228	S:0xC003BD1E	0xBF18	0	IT       NE	false	
Instruction	3229	S:0xC003BD20	0xF818B004	0	LDRB     r11,[r8,r4]	false	
Instruction	3230	S:0xC003BD24	0xF1040401	0	ADD      r4,r4,#1	false	
Instruction	3231	S:0xC003BD28	0xBF1C	0	ITT      NE	false	
Instruction	3232	S:0xC003BD2A	0xFB05F50B	0	MUL      r5,r5,r11	false	
Instruction	3233	S:0xC003BD2E	0x09ED	0	LSRS     r5,r5,#7	false	
Instruction	3234	S:0xC003BD30	0x085B	0	LSRS     r3,r3,#1	false	
Instruction	3235	S:0xC003BD32	0xD1F2	6	BNE      {pc}-0x18 ; 0xc003bd1a	true	
Instruction	3236	S:0xC003BD1A	0xF0130F01	0	TST      r3,#1	false	
Instruction	3237	S:0xC003BD1E	0xBF18	0	IT       NE	false	
Instruction	3238	S:0xC003BD20	0xF818B004	0	LDRB     r11,[r8,r4]	false	
Instruction	3239	S:0xC003BD24	0xF1040401	0	ADD      r4,r4,#1	false	
Instruction	3240	S:0xC003BD28	0xBF1C	0	ITT      NE	false	
Instruction	3241	S:0xC003BD2A	0xFB05F50B	0	MUL      r5,r5,r11	false	
Instruction	3242	S:0xC003BD2E	0x09ED	0	LSRS     r5,r5,#7	false	
Instruction	3243	S:0xC003BD30	0x085B	0	LSRS     r3,r3,#1	false	
Instruction	3244	S:0xC003BD32	0xD1F2	6	BNE      {pc}-0x18 ; 0xc003bd1a	true	
Instruction	3245	S:0xC003BD1A	0xF0130F01	0	TST      r3,#1	false	
Instruction	3246	S:0xC003BD1E	0xBF18	0	IT       NE	false	
Instruction	3247	S:0xC003BD20	0xF818B004	0	LDRB     r11,[r8,r4]	false	
Instruction	3248	S:0xC003BD24	0xF1040401	0	ADD      r4,r4,#1	false	
Instruction	3249	S:0xC003BD28	0xBF1C	0	ITT      NE	false	
Instruction	3250	S:0xC003BD2A	0xFB05F50B	0	MUL      r5,r5,r11	false	
Instruction	3251	S:0xC003BD2E	0x09ED	0	LSRS     r5,r5,#7	false	
Instruction	3252	S:0xC003BD30	0x085B	0	LSRS     r3,r3,#1	false	
Instruction	3253	S:0xC003BD32	0xD1F2	8	BNE      {pc}-0x18 ; 0xc003bd1a	true	fail
Instruction	3254	S:0xC003BD34	0xF10933FF	0	ADD      r3,r9,#0xffffffff	false	
Instruction	3255	S:0xC003BD38	0xFB03F305	0	MUL      r3,r3,r5	false	
Instruction	3256	S:0xC003BD3C	0x42A9	0	CMP      r1,r5	false	
Instruction	3257	S:0xC003BD3E	0xF1080808	0	ADD      r8,r8,#8	false	
Instruction	3258	S:0xC003BD42	0xBF92	0	ITEE     LS	false	
Instruction	3259	S:0xC003BD44	0x460C	0	MOV      r4,r1	false	
Instruction	3260	S:0xC003BD46	0x687D	0	LDR      r5,[r7,#4]	false	
Instruction	3261	S:0xC003BD48	0xEB050409	0	ADD      r4,r5,r9	false	
Instruction	3262	S:0xC003BD4C	0xEA4F0949	0	LSL      r9,r9,#1	false	
Instruction	3263	S:0xC003BD50	0x18E3	0	ADDS     r3,r4,r3	false	
Instruction	3264	S:0xC003BD52	0x40F3	0	LSRS     r3,r3,r6	false	
Instruction	3265	S:0xC003BD54	0x3601	0	ADDS     r6,#1	false	
Instruction	3266	S:0xC003BD56	0x2E05	0	CMP      r6,#5	false	
Instruction	3267	S:0xC003BD58	0xF8CC300C	0	STR      r3,[r12,#0xc]	false	
Instruction	3268	S:0xC003BD5C	0xF10C0C04	0	ADD      r12,r12,#4	false	
Instruction	3269	S:0xC003BD60	0xD1CC	8	BNE      {pc}-0x64 ; 0xc003bcfc	true	fail
Instruction	3270	S:0xC003BD62	0xF1070708	0	ADD      r7,r7,#8	false	
Instruction	3271	S:0xC003BD66	0x46BD	0	MOV      sp,r7	false	
Instruction	3272	S:0xC003BD68	0xE8BD0FF0	0	POP      {r4-r11}	false	
Instruction	3273	S:0xC003BD6C	0xF7FFBF70	18	B.W      {pc}-0x11c ; 0xc003bc50	true	
Instruction	3274	S:0xC003BC50	0xE92D03F0	0	PUSH     {r4-r9}	false	
Instruction	3275	S:0xC003BC54	0xAF00	0	ADD      r7,sp,#0	false	
Instruction	3276	S:0xC003BC56	0xB500	0	PUSH     {lr}	false	
Instruction	3277	S:0xC003BC58	0xF85DEB04	0	POP      {lr}	false	
Instruction	3278	S:0xC003BC5C	0x4B1B	0	LDR      r3,[pc,#108] ; [0xC003BCCC] = 0xC05FC564	false	
Instruction	3279	S:0xC003BC5E	0xF2442C40	0	MOV      r12,#0x4240	false	
Instruction	3280	S:0xC003BC62	0xF500619B	0	ADD      r1,r0,#0x4d8	false	
Instruction	3281	S:0xC003BC66	0xF2C00C0F	0	MOVT     r12,#0xf	false	
Instruction	3282	S:0xC003BC6A	0xF500668F	0	ADD      r6,r0,#0x478	false	
Instruction	3283	S:0xC003BC6E	0xF8D38008	0	LDR      r8,[r3,#8]	false	
Instruction	3284	S:0xC003BC72	0xE9D64500	0	LDRD     r4,r5,[r6,#0]	false	
Instruction	3285	S:0xC003BC76	0xE9D12300	0	LDRD     r2,r3,[r1,#0]	false	
Instruction	3286	S:0xC003BC7A	0xFBA8890C	0	UMULL    r8,r9,r8,r12	false	
Instruction	3287	S:0xC003BC7E	0x1AA4	0	SUBS     r4,r4,r2	false	
Instruction	3288	S:0xC003BC80	0xEB650503	0	SBC      r5,r5,r3	false	
Instruction	3289	S:0xC003BC84	0xEA5F0959	0	LSRS     r9,r9,#1	false	
Instruction	3290	S:0xC003BC88	0xEA4F0838	0	RRX      r8,r8	false	
Instruction	3291	S:0xC003BC8C	0x45A0	0	CMP      r8,r4	false	
Instruction	3292	S:0xC003BC8E	0xEB790C05	0	SBCS     r12,r9,r5	false	
Instruction	3293	S:0xC003BC92	0xDA17	150	BGE      {pc}+0x32 ; 0xc003bcc4	true	fail
Instruction	3294	S:0xC003BC94	0xF500609A	0	ADD      r0,r0,#0x4d0	false	
Instruction	3295	S:0xC003BC98	0xEB120208	0	ADDS     r2,r2,r8	false	
Instruction	3296	S:0xC003BC9C	0xEB430309	0	ADC      r3,r3,r9	false	
Instruction	3297	S:0xC003BCA0	0xE9C12300	0	STRD     r2,r3,[r1,#0]	false	
Instruction	3298	S:0xC003BCA4	0xE9D04500	0	LDRD     r4,r5,[r0,#0]	false	
Instruction	3299	S:0xC003BCA8	0x086D	0	LSRS     r5,r5,#1	false	
Instruction	3300	S:0xC003BCAA	0xEA4F0434	0	RRX      r4,r4	false	
Instruction	3301	S:0xC003BCAE	0xE9C04500	0	STRD     r4,r5,[r0,#0]	false	
Instruction	3302	S:0xC003BCB2	0xE9D64500	0	LDRD     r4,r5,[r6,#0]	false	
Instruction	3303	S:0xC003BCB6	0x1AA4	0	SUBS     r4,r4,r2	false	
Instruction	3304	S:0xC003BCB8	0xEB650503	0	SBC      r5,r5,r3	false	
Instruction	3305	S:0xC003BCBC	0x45A0	0	CMP      r8,r4	false	
Instruction	3306	S:0xC003BCBE	0xEB790C05	0	SBCS     r12,r9,r5	false	
Instruction	3307	S:0xC003BCC2	0xDBE9	11	BLT      {pc}-0x2a ; 0xc003bc98	true	fail
Instruction	3308	S:0xC003BCC4	0x46BD	0	MOV      sp,r7	false	
Instruction	3309	S:0xC003BCC6	0xE8BD03F0	0	POP      {r4-r9}	false	
Instruction	3310	S:0xC003BCCA	0x4770	27	BX       lr	true	
Instruction	3311	S:0xC003CA20	0xE7EC	1	B        {pc}-0x24 ; 0xc003c9fc	true	
Instruction	3312	S:0xC003C9FC	0xF3BF8F5F	0	DMB      	false	
Instruction	3313	S:0xC003CA00	0xF8383004	0	LDRH     r3,[r8,r4]	false	
Instruction	3314	S:0xC003CA04	0x3301	0	ADDS     r3,#1	false	
Instruction	3315	S:0xC003CA06	0xF8283004	0	STRH     r3,[r8,r4]	false	
Instruction	3316	S:0xC003CA0A	0xF3BF8F4F	0	DSB      	false	
Instruction	3317	S:0xC003CA0E	0xF3AF8004	0	SEV.W    	false	
Instruction	3318	S:0xC003CA12	0xE8BD81F0	708	POP      {r4-r8,pc}	true	
Instruction	3319	S:0xC0055D88	0x4657	0	MOV      r7,r10	false	
Instruction	3320	S:0xC0055D8A	0xF7E6FD2F	1	BL       {pc}-0x1959e ; 0xc003c7ec	true	
Instruction	3321	S:0xC003C7EC	0xB490	0	PUSH     {r4,r7}	false	
Instruction	3322	S:0xC003C7EE	0xAF00	0	ADD      r7,sp,#0	false	
Instruction	3323	S:0xC003C7F0	0xB500	0	PUSH     {lr}	false	
Instruction	3324	S:0xC003C7F2	0xF85DEB04	0	POP      {lr}	false	
Instruction	3325	S:0xC003C7F6	0x490F	0	LDR      r1,[pc,#60] ; [0xC003C834] = 0xC05F60C0	false	
Instruction	3326	S:0xC003C7F8	0x4B0F	0	LDR      r3,[pc,#60] ; [0xC003C838] = 0xC05F3080	false	
Instruction	3327	S:0xC003C7FA	0xEE1D2F90	0	MRC      p15,#0x0,r2,c13,c0,#4	false	
Instruction	3328	S:0xC003C7FE	0x18D2	0	ADDS     r2,r2,r3	false	
Instruction	3329	S:0xC003C800	0x6808	0	LDR      r0,[r1,#0]	false	
Instruction	3330	S:0xC003C802	0xF8D234F0	0	LDR      r3,[r2,#0x4f0]	false	
Instruction	3331	S:0xC003C806	0x1AC3	0	SUBS     r3,r0,r3	false	
Instruction	3332	S:0xC003C808	0x2B00	0	CMP      r3,#0	false	
Instruction	3333	S:0xC003C80A	0xDB0F	26	BLT      {pc}+0x22 ; 0xc003c82c	true	
Instruction	3334	S:0xC003C82C	0x46BD	0	MOV      sp,r7	false	
Instruction	3335	S:0xC003C82E	0xBC90	0	POP      {r4,r7}	false	
Instruction	3336	S:0xC003C830	0x4770	22	BX       lr	true	
Instruction	3337	S:0xC0055D8E	0x2300	0	MOVS     r3,#0	false	
Instruction	3338	S:0xC0055D90	0xF8C8A080	0	STR      r10,[r8,#0x80]	false	
Instruction	3339	S:0xC0055D94	0x4640	0	MOV      r0,r8	false	
Instruction	3340	S:0xC0055D96	0xF8C86084	0	STR      r6,[r8,#0x84]	false	
Instruction	3341	S:0xC0055D9A	0xF8C8305C	0	STR      r3,[r8,#0x5c]	false	
Instruction	3342	S:0xC0055D9E	0xF7DFFA65	2	BL       {pc}-0x20b32 ; 0xc003526c	true	
Instruction	3343	S:0xC003526C	0xB510	0	PUSH     {r4,lr}	false	
Instruction	3344	S:0xC003526E	0xB500	0	PUSH     {lr}	false	
Instruction	3345	S:0xC0035270	0xF85DEB04	0	POP      {lr}	false	
Instruction	3346	S:0xC0035274	0x4604	0	MOV      r4,r0	false	
Instruction	3347	S:0xC0035276	0xE7FF	7	B        {pc}+2 ; 0xc0035278	true	
Instruction	3348	S:0xC0035278	0x4620	0	MOV      r0,r4	false	
Instruction	3349	S:0xC003527A	0xF7FFFFB5	1	BL       {pc}-0x92 ; 0xc00351e8	true	
Instruction	3350	S:0xC00351E8	0xB570	0	PUSH     {r4-r6,lr}	false	
Instruction	3351	S:0xC00351EA	0xB082	0	SUB      sp,sp,#8	false	
Instruction	3352	S:0xC00351EC	0xB500	0	PUSH     {lr}	false	
Instruction	3353	S:0xC00351EE	0xF85DEB04	0	POP      {lr}	false	
Instruction	3354	S:0xC00351F2	0xA901	0	ADD      r1,sp,#4	false	
Instruction	3355	S:0xC00351F4	0x4604	0	MOV      r4,r0	false	
Instruction	3356	S:0xC00351F6	0xF7FFFE93	7	BL       {pc}-0x2d6 ; 0xc0034f20	true	
Instruction	3357	S:0xC0034F20	0xB570	0	PUSH     {r4-r6,lr}	false	
Instruction	3358	S:0xC0034F22	0xB500	0	PUSH     {lr}	false	
Instruction	3359	S:0xC0034F24	0xF85DEB04	0	POP      {lr}	false	
Instruction	3360	S:0xC0034F28	0x4605	0	MOV      r5,r0	false	
Instruction	3361	S:0xC0034F2A	0x460E	0	MOV      r6,r1	false	
Instruction	3362	S:0xC0034F2C	0x6A6C	0	LDR      r4,[r5,#0x24]	false	
Instruction	3363	S:0xC0034F2E	0xB164	20	CBZ      r4,{pc}+0x1c ; 0xc0034f4a	true	fail
Instruction	3364	S:0xC0034F30	0x6820	0	LDR      r0,[r4,#0]	false	
Instruction	3365	S:0xC0034F32	0xF3AFFB59	202	BL       {pc}+0x3af6b6 ; 0xc03e45e8	true	
Cycle Count				175	Tracing disabled		
Info					Tracing enabled		
Instruction	3366	S:0xC0034F36	0x6030	0	STR      r0,[r6,#0]	false	
Instruction	3367	S:0xC0034F38	0x4601	0	MOV      r1,r0	false	
Instruction	3368	S:0xC0034F3A	0x6A6A	0	LDR      r2,[r5,#0x24]	false	
Instruction	3369	S:0xC0034F3C	0x4294	0	CMP      r4,r2	false	
Instruction	3370	S:0xC0034F3E	0xD101	2	BNE      {pc}+6 ; 0xc0034f44	true	fail
Instruction	3371	S:0xC0034F40	0x4620	0	MOV      r0,r4	false	
Instruction	3372	S:0xC0034F42	0xBD70	3	POP      {r4-r6,pc}	true	
Instruction	3373	S:0xC00351FA	0x6AA2	0	LDR      r2,[r4,#0x28]	false	
Instruction	3374	S:0xC00351FC	0x0793	0	LSLS     r3,r2,#30	false	
Instruction	3375	S:0xC00351FE	0x4606	0	MOV      r6,r0	false	
Instruction	3376	S:0xC0035200	0xD41E	1	BMI      {pc}+0x40 ; 0xc0035240	true	fail
Instruction	3377	S:0xC0035202	0xF0120501	0	ANDS     r5,r2,#1	false	
Instruction	3378	S:0xC0035206	0xD013	1	BEQ      {pc}+0x2a ; 0xc0035230	true	fail
Instruction	3379	S:0xC0035208	0x4B16	0	LDR      r3,[pc,#88] ; [0xC0035264] = 0xC0635E28	false	
Instruction	3380	S:0xC003520A	0x6859	0	LDR      r1,[r3,#4]	false	
Instruction	3381	S:0xC003520C	0xB9D9	123	CBNZ     r1,{pc}+0x3a ; 0xc0035246	true	fail
Instruction	3382	S:0xC003520E	0x2300	0	MOVS     r3,#0	false	
Instruction	3383	S:0xC0035210	0x6323	0	STR      r3,[r4,#0x30]	false	
Instruction	3384	S:0xC0035212	0x6835	0	LDR      r5,[r6,#0]	false	
Instruction	3385	S:0xC0035214	0xF0020202	0	AND      r2,r2,#2	false	
Instruction	3386	S:0xC0035218	0x4813	0	LDR      r0,[pc,#76] ; [0xC0035268] = 0xC05F0640	false	
Instruction	3387	S:0xC003521A	0x4631	0	MOV      r1,r6	false	
Instruction	3388	S:0xC003521C	0xEE1D3F90	0	MRC      p15,#0x0,r3,c13,c0,#4	false	
Instruction	3389	S:0xC0035220	0x181B	0	ADDS     r3,r3,r0	false	
Instruction	3390	S:0xC0035222	0x4620	0	MOV      r0,r4	false	
Instruction	3391	S:0xC0035224	0x1AED	0	SUBS     r5,r5,r3	false	
Instruction	3392	S:0xC0035226	0x426B	0	RSBS     r3,r5,#0	false	
Instruction	3393	S:0xC0035228	0x416B	0	ADCS     r3,r3,r5	false	
Instruction	3394	S:0xC003522A	0x2501	0	MOVS     r5,#1	false	
Instruction	3395	S:0xC003522C	0xF7FFFEF8	5	BL       {pc}-0x20c ; 0xc0035020	true	
Instruction	3396	S:0xC0035020	0xE92D4F70	0	PUSH     {r4-r6,r8-r11,lr}	false	
Instruction	3397	S:0xC0035024	0xB500	0	PUSH     {lr}	false	
Instruction	3398	S:0xC0035026	0xF85DEB04	0	POP      {lr}	false	
Instruction	3399	S:0xC003502A	0x468B	0	MOV      r11,r1	false	
Instruction	3400	S:0xC003502C	0x6A81	0	LDR      r1,[r0,#0x28]	false	
Instruction	3401	S:0xC003502E	0x4616	0	MOV      r6,r2	false	
Instruction	3402	S:0xC0035030	0x4682	0	MOV      r10,r0	false	
Instruction	3403	S:0xC0035032	0x461C	0	MOV      r4,r3	false	
Instruction	3404	S:0xC0035034	0x07CA	0	LSLS     r2,r1,#31	false	
Instruction	3405	S:0xC0035036	0xD403	2	BMI      {pc}+0xa ; 0xc0035040	true	
Instruction	3406	S:0xC0035040	0xF8DB5010	0	LDR      r5,[r11,#0x10]	false	
Instruction	3407	S:0xC0035044	0xF10B000C	0	ADD      r0,r11,#0xc	false	
Instruction	3408	S:0xC0035048	0x4651	0	MOV      r1,r10	false	
Instruction	3409	S:0xC003504A	0xF221FF6B	169	BL       {pc}+0x221eda ; 0xc0256f24	true	
Cycle Count				190	Tracing disabled		
Info					Tracing enabled		
Instruction	3410	S:0xC003504E	0x45AA	0	CMP      r10,r5	false	
Instruction	3411	S:0xC0035050	0xD00F	1	BEQ      {pc}+0x22 ; 0xc0035072	true	
Instruction	3412	S:0xC0035072	0x2C00	0	CMP      r4,#0	false	
Instruction	3413	S:0xC0035074	0xD0ED	13	BEQ      {pc}-0x22 ; 0xc0035052	true	fail
Instruction	3414	S:0xC0035076	0x4B0D	0	LDR      r3,[pc,#52] ; [0xC00350AC] = 0xC05F0658	false	
Instruction	3415	S:0xC0035078	0xEE1D1F90	0	MRC      p15,#0x0,r1,c13,c0,#4	false	
Instruction	3416	S:0xC003507C	0x58CB	0	LDR      r3,[r1,r3]	false	
Instruction	3417	S:0xC003507E	0x2B00	0	CMP      r3,#0	false	
Instruction	3418	S:0xC0035080	0xD0E7	38	BEQ      {pc}-0x2e ; 0xc0035052	true	fail
Instruction	3419	S:0xC0035082	0xF8DB0000	0	LDR      r0,[r11,#0]	false	
Instruction	3420	S:0xC0035086	0xE9DA8904	0	LDRD     r8,r9,[r10,#0x10]	false	
Instruction	3421	S:0xC003508A	0xE9DB230C	0	LDRD     r2,r3,[r11,#0x30]	false	
Instruction	3422	S:0xC003508E	0xE9D04504	0	LDRD     r4,r5,[r0,#0x10]	false	
Instruction	3423	S:0xC0035092	0xEBB80802	0	SUBS     r8,r8,r2	false	
Instruction	3424	S:0xC0035096	0xEB690903	0	SBC      r9,r9,r3	false	
Instruction	3425	S:0xC003509A	0x45A9	0	CMP      r9,r5	false	
Instruction	3426	S:0xC003509C	0xBF08	0	IT       EQ	false	
Instruction	3427	S:0xC003509E	0x45A0	0	CMP      r8,r4	false	
Instruction	3428	S:0xC00350A0	0xD1D7	27	BNE      {pc}-0x4e ; 0xc0035052	true	fail
Instruction	3429	S:0xC00350A2	0x2101	0	MOVS     r1,#1	false	
Instruction	3430	S:0xC00350A4	0xF7FFFF72	14	BL       {pc}-0x118 ; 0xc0034f8c	true	
Instruction	3431	S:0xC0034F8C	0xE92D07F8	0	PUSH     {r3-r10}	false	
Instruction	3432	S:0xC0034F90	0xB500	0	PUSH     {lr}	false	
Instruction	3433	S:0xC0034F92	0xF85DEB04	0	POP      {lr}	false	
Instruction	3434	S:0xC0034F96	0xF04F36FF	0	MOV      r6,#0xffffffff	false	
Instruction	3435	S:0xC0034F9A	0xF1000A38	0	ADD      r10,r0,#0x38	false	
Instruction	3436	S:0xC0034F9E	0xF1000C70	0	ADD      r12,r0,#0x70	false	
Instruction	3437	S:0xC0034FA2	0xF50079A8	0	ADD      r9,r0,#0x150	false	
Instruction	3438	S:0xC0034FA6	0xF1000844	0	ADD      r8,r0,#0x44	false	
Instruction	3439	S:0xC0034FAA	0xF06F4700	0	MVN      r7,#0x80000000	false	
Instruction	3440	S:0xC0034FAE	0xEBCA030C	0	RSB      r3,r10,r12	false	
Instruction	3441	S:0xC0034FB2	0x4443	0	ADD      r3,r3,r8	false	
Instruction	3442	S:0xC0034FB4	0xF8533C34	0	LDR      r3,[r3,#-0x34]	false	
Instruction	3443	S:0xC0034FB8	0xB193	44	CBZ      r3,{pc}+0x28 ; 0xc0034fe0	true	
Instruction	3444	S:0xC0034FE0	0xF10C0C38	0	ADD      r12,r12,#0x38	false	
Instruction	3445	S:0xC0034FE4	0x45CC	0	CMP      r12,r9	false	
Instruction	3446	S:0xC0034FE6	0xD1E2	14	BNE      {pc}-0x38 ; 0xc0034fae	true	
Instruction	3447	S:0xC0034FAE	0xEBCA030C	0	RSB      r3,r10,r12	false	
Instruction	3448	S:0xC0034FB2	0x4443	0	ADD      r3,r3,r8	false	
Instruction	3449	S:0xC0034FB4	0xF8533C34	0	LDR      r3,[r3,#-0x34]	false	
Instruction	3450	S:0xC0034FB8	0xB193	251	CBZ      r3,{pc}+0x28 ; 0xc0034fe0	true	
Instruction	3451	S:0xC0034FE0	0xF10C0C38	0	ADD      r12,r12,#0x38	false	
Instruction	3452	S:0xC0034FE4	0x45CC	0	CMP      r12,r9	false	
Instruction	3453	S:0xC0034FE6	0xD1E2	2	BNE      {pc}-0x38 ; 0xc0034fae	true	
Instruction	3454	S:0xC0034FAE	0xEBCA030C	0	RSB      r3,r10,r12	false	
Instruction	3455	S:0xC0034FB2	0x4443	0	ADD      r3,r3,r8	false	
Instruction	3456	S:0xC0034FB4	0xF8533C34	0	LDR      r3,[r3,#-0x34]	false	
Instruction	3457	S:0xC0034FB8	0xB193	38	CBZ      r3,{pc}+0x28 ; 0xc0034fe0	true	
Instruction	3458	S:0xC0034FE0	0xF10C0C38	0	ADD      r12,r12,#0x38	false	
Instruction	3459	S:0xC0034FE4	0x45CC	0	CMP      r12,r9	false	
Instruction	3460	S:0xC0034FE6	0xD1E2	2	BNE      {pc}-0x38 ; 0xc0034fae	true	
Instruction	3461	S:0xC0034FAE	0xEBCA030C	0	RSB      r3,r10,r12	false	
Instruction	3462	S:0xC0034FB2	0x4443	0	ADD      r3,r3,r8	false	
Instruction	3463	S:0xC0034FB4	0xF8533C34	0	LDR      r3,[r3,#-0x34]	false	
Instruction	3464	S:0xC0034FB8	0xB193	16	CBZ      r3,{pc}+0x28 ; 0xc0034fe0	true	
Instruction	3465	S:0xC0034FE0	0xF10C0C38	0	ADD      r12,r12,#0x38	false	
Instruction	3466	S:0xC0034FE4	0x45CC	0	CMP      r12,r9	false	
Instruction	3467	S:0xC0034FE6	0xD1E2	2	BNE      {pc}-0x38 ; 0xc0034fae	true	fail
Instruction	3468	S:0xC0034FE8	0xB129	1	CBZ      r1,{pc}+0xe ; 0xc0034ff6	true	fail
Instruction	3469	S:0xC0034FEA	0xE9D02304	0	LDRD     r2,r3,[r0,#0x10]	false	
Instruction	3470	S:0xC0034FEE	0x42BB	0	CMP      r3,r7	false	
Instruction	3471	S:0xC0034FF0	0xBF08	0	IT       EQ	false	
Instruction	3472	S:0xC0034FF2	0x42B2	0	CMP      r2,r6	false	
Instruction	3473	S:0xC0034FF4	0xD010	1	BEQ      {pc}+0x24 ; 0xc0035018	true	fail
Instruction	3474	S:0xC0034FF6	0xF04F32FF	0	MOV      r2,#0xffffffff	false	
Instruction	3475	S:0xC0034FFA	0xF06F4300	0	MVN      r3,#0x80000000	false	
Instruction	3476	S:0xC0034FFE	0x429F	0	CMP      r7,r3	false	
Instruction	3477	S:0xC0035000	0xBF08	0	IT       EQ	false	
Instruction	3478	S:0xC0035002	0x4296	0	CMP      r6,r2	false	
Instruction	3479	S:0xC0035004	0xE9C06704	0	STRD     r6,r7,[r0,#0x10]	false	
Instruction	3480	S:0xC0035008	0xD006	2	BEQ      {pc}+0x10 ; 0xc0035018	true	
Instruction	3481	S:0xC0035018	0xE8BD07F8	0	POP      {r3-r10}	false	
Instruction	3482	S:0xC003501C	0x4770	1	BX       lr	true	
Instruction	3483	S:0xC00350A8	0xE7D3	1	B        {pc}-0x56 ; 0xc0035052	true	
Instruction	3484	S:0xC0035052	0xF8DB3010	0	LDR      r3,[r11,#0x10]	false	
Instruction	3485	S:0xC0035056	0x2B00	0	CMP      r3,#0	false	
Instruction	3486	S:0xC0035058	0xD1EE	1	BNE      {pc}-0x20 ; 0xc0035038	true	fail
Instruction	3487	S:0xC003505A	0xF8DB3000	0	LDR      r3,[r11,#0]	false	
Instruction	3488	S:0xC003505E	0x2401	0	MOVS     r4,#1	false	
Instruction	3489	S:0xC0035060	0xF8DB0004	0	LDR      r0,[r11,#4]	false	
Instruction	3490	S:0xC0035064	0x6859	0	LDR      r1,[r3,#4]	false	
Instruction	3491	S:0xC0035066	0xFA04F000	0	LSL      r0,r4,r0	false	
Instruction	3492	S:0xC003506A	0xEA210100	0	BIC      r1,r1,r0	false	
Instruction	3493	S:0xC003506E	0x6059	0	STR      r1,[r3,#4]	false	
Instruction	3494	S:0xC0035070	0xE7E2	2	B        {pc}-0x38 ; 0xc0035038	true	
Instruction	3495	S:0xC0035038	0xF8CA6028	0	STR      r6,[r10,#0x28]	false	
Instruction	3496	S:0xC003503C	0xE8BD8F70	1	POP      {r4-r6,r8-r11,pc}	true	
Instruction	3497	S:0xC0035230	0x6A63	0	LDR      r3,[r4,#0x24]	false	
Instruction	3498	S:0xC0035232	0x9901	0	LDR      r1,[sp,#4]	false	
Instruction	3499	S:0xC0035234	0x6818	0	LDR      r0,[r3,#0]	false	
Instruction	3500	S:0xC0035236	0xF3AFFA0F	1	BL       {pc}+0x3af422 ; 0xc03e4658	true	
Instruction	3501	S:0xC03E4658	0x?	1040	Cannot access target memory	false	
Instruction	3502	S:0xC003523A	0x4628	0	MOV      r0,r5	false	
Instruction	3503	S:0xC003523C	0xB002	0	ADD      sp,sp,#8	false	
Instruction	3504	S:0xC003523E	0xBD70	15	POP      {r4-r6,pc}	true	
Instruction	3505	S:0xC003527E	0x2800	0	CMP      r0,#0	false	
Instruction	3506	S:0xC0035280	0xDBFA	2	BLT      {pc}-8 ; 0xc0035278	true	fail
Instruction	3507	S:0xC0035282	0xBD10	1	POP      {r4,pc}	true	
Instruction	3508	S:0xC0055DA2	0xE9D84514	0	LDRD     r4,r5,[r8,#0x50]	false	
Instruction	3509	S:0xC0055DA6	0xE9C84504	0	STRD     r4,r5,[r8,#0x10]	false	
Instruction	3510	S:0xC0055DAA	0xE9C84506	0	STRD     r4,r5,[r8,#0x18]	false	
Instruction	3511	S:0xC0055DAE	0xE00E	3	B        {pc}+0x20 ; 0xc0055dce	true	
Instruction	3512	S:0xC0055DCE	0xE9D94500	0	LDRD     r4,r5,[r9,#0]	false	
Instruction	3513	S:0xC0055DD2	0x463A	0	MOV      r2,r7	false	
Instruction	3514	S:0xC0055DD4	0x4633	0	MOV      r3,r6	false	
Instruction	3515	S:0xC0055DD6	0x4640	0	MOV      r0,r8	false	
Instruction	3516	S:0xC0055DD8	0xE9CD4500	0	STRD     r4,r5,[sp,#0]	false	
Instruction	3517	S:0xC0055DDC	0xF7DFFAAE	1	BL       {pc}-0x20aa0 ; 0xc003533c	true	
Instruction	3518	S:0xC003533C	0xE92D47F0	0	PUSH     {r4-r10,lr}	false	
Instruction	3519	S:0xC0035340	0xB08A	0	SUB      sp,sp,#0x28	false	
Instruction	3520	S:0xC0035342	0xB500	0	PUSH     {lr}	false	
Instruction	3521	S:0xC0035344	0xF85DEB04	0	POP      {lr}	false	
Instruction	3522	S:0xC0035348	0x4682	0	MOV      r10,r0	false	
Instruction	3523	S:0xC003534A	0x4616	0	MOV      r6,r2	false	
Instruction	3524	S:0xC003534C	0x461F	0	MOV      r7,r3	false	
Instruction	3525	S:0xC003534E	0xE9DA2304	0	LDRD     r2,r3,[r10,#0x10]	false	
Instruction	3526	S:0xC0035352	0x9812	0	LDR      r0,[sp,#0x48]	false	
Instruction	3527	S:0xC0035354	0x1AB2	0	SUBS     r2,r6,r2	false	
Instruction	3528	S:0xC0035356	0xEB670303	0	SBC      r3,r7,r3	false	
Instruction	3529	S:0xC003535A	0x9913	0	LDR      r1,[sp,#0x4c]	false	
Instruction	3530	S:0xC003535C	0x2A00	0	CMP      r2,#0	false	
Instruction	3531	S:0xC003535E	0xF1730400	0	SBCS     r4,r3,#0	false	
Instruction	3532	S:0xC0035362	0xDB2F	14	BLT      {pc}+0x62 ; 0xc00353c4	true	fail
Instruction	3533	S:0xC0035364	0xF8DAE024	0	LDR      lr,[r10,#0x24]	false	
Instruction	3534	S:0xC0035368	0x4604	0	MOV      r4,r0	false	
Instruction	3535	S:0xC003536A	0x460D	0	MOV      r5,r1	false	
Instruction	3536	S:0xC003536C	0xE9DE0106	0	LDRD     r0,r1,[lr,#0x18]	false	
Instruction	3537	S:0xC0035370	0x4284	0	CMP      r4,r0	false	
Instruction	3538	S:0xC0035372	0xEB750E01	0	SBCS     lr,r5,r1	false	
Instruction	3539	S:0xC0035376	0xBFBC	0	ITT      LT	false	
Instruction	3540	S:0xC0035378	0x4604	0	MOV      r4,r0	false	
Instruction	3541	S:0xC003537A	0x460D	0	MOV      r5,r1	false	
Instruction	3542	S:0xC003537C	0x42A2	0	CMP      r2,r4	false	
Instruction	3543	S:0xC003537E	0xEB730005	0	SBCS     r0,r3,r5	false	
Instruction	3544	S:0xC0035382	0xBFBC	0	ITT      LT	false	
Instruction	3545	S:0xC0035384	0xF04F0801	0	MOV      r8,#1	false	
Instruction	3546	S:0xC0035388	0xF04F0900	0	MOV      r9,#0	false	
Instruction	3547	S:0xC003538C	0xDA1F	10	BGE      {pc}+0x42 ; 0xc00353ce	true	
Instruction	3548	S:0xC00353CE	0x4610	0	MOV      r0,r2	false	
Instruction	3549	S:0xC00353D0	0x4619	0	MOV      r1,r3	false	
Instruction	3550	S:0xC00353D2	0x4622	0	MOV      r2,r4	false	
Instruction	3551	S:0xC00353D4	0x462B	0	MOV      r3,r5	false	
Instruction	3552	S:0xC00353D6	0xF7FFFF7F	15	BL       {pc}-0xfe ; 0xc00352d8	true	
Instruction	3553	S:0xC00352D8	0xE92D41F0	0	PUSH     {r4-r8,lr}	false	
Instruction	3554	S:0xC00352DC	0xB500	0	PUSH     {lr}	false	
Instruction	3555	S:0xC00352DE	0xF85DEB04	0	POP      {lr}	false	
Instruction	3556	S:0xC00352E2	0x461E	0	MOV      r6,r3	false	
Instruction	3557	S:0xC00352E4	0x17DF	0	ASRS     r7,r3,#31	false	
Instruction	3558	S:0xC00352E6	0x4686	0	MOV      lr,r0	false	
Instruction	3559	S:0xC00352E8	0xEA560807	0	ORRS     r8,r6,r7	false	
Instruction	3560	S:0xC00352EC	0x468C	0	MOV      r12,r1	false	
Instruction	3561	S:0xC00352EE	0xD022	37	BEQ      {pc}+0x48 ; 0xc0035336	true	
Instruction	3562	S:0xC0035336	0x4614	0	MOV      r4,r2	false	
Instruction	3563	S:0xC0035338	0xE7F5	9	B        {pc}-0x12 ; 0xc0035326	true	
Instruction	3564	S:0xC0035326	0x4670	0	MOV      r0,lr	false	
Instruction	3565	S:0xC0035328	0x4661	0	MOV      r1,r12	false	
Instruction	3566	S:0xC003532A	0xF21BFD31	7	BL       {pc}+0x21ba66 ; 0xc0250d90	true	
Cycle Count				282	Tracing disabled		
Info					Tracing enabled		
Instruction	3567	S:0xC003532E	0x4610	0	MOV      r0,r2	false	
Instruction	3568	S:0xC0035330	0x4619	0	MOV      r1,r3	false	
Instruction	3569	S:0xC0035332	0xE8BD81F0	17	POP      {r4-r8,pc}	true	
Instruction	3570	S:0xC00353DA	0xE9DA2304	0	LDRD     r2,r3,[r10,#0x10]	false	
Instruction	3571	S:0xC00353DE	0xE9CD2302	0	STRD     r2,r3,[sp,#8]	false	
Instruction	3572	S:0xC00353E2	0x4680	0	MOV      r8,r0	false	
Instruction	3573	S:0xC00353E4	0x4689	0	MOV      r9,r1	false	
Instruction	3574	S:0xC00353E6	0xFB00FC05	0	MUL      r12,r0,r5	false	
Instruction	3575	S:0xC00353EA	0xE9DA0106	0	LDRD     r0,r1,[r10,#0x18]	false	
Instruction	3576	S:0xC00353EE	0xFBA82304	0	UMULL    r2,r3,r8,r4	false	
Instruction	3577	S:0xC00353F2	0xE9CD0106	0	STRD     r0,r1,[sp,#0x18]	false	
Instruction	3578	S:0xC00353F6	0xFB04CC09	0	MLA      r12,r4,r9,r12	false	
Instruction	3579	S:0xC00353FA	0xE9DD0102	0	LDRD     r0,r1,[sp,#8]	false	
Instruction	3580	S:0xC00353FE	0xE9CD2304	0	STRD     r2,r3,[sp,#0x10]	false	
Instruction	3581	S:0xC0035402	0x4463	0	ADD      r3,r3,r12	false	
Instruction	3582	S:0xC0035404	0x9305	0	STR      r3,[sp,#0x14]	false	
Instruction	3583	S:0xC0035406	0xE9DD2304	0	LDRD     r2,r3,[sp,#0x10]	false	
Instruction	3584	S:0xC003540A	0x1880	0	ADDS     r0,r0,r2	false	
Instruction	3585	S:0xC003540C	0xEB410103	0	ADC      r1,r1,r3	false	
Instruction	3586	S:0xC0035410	0xE9CD0102	0	STRD     r0,r1,[sp,#8]	false	
Instruction	3587	S:0xC0035414	0xE9DD0106	0	LDRD     r0,r1,[sp,#0x18]	false	
Instruction	3588	S:0xC0035418	0x1880	0	ADDS     r0,r0,r2	false	
Instruction	3589	S:0xC003541A	0xEB410103	0	ADC      r1,r1,r3	false	
Instruction	3590	S:0xC003541E	0xE9DD2302	0	LDRD     r2,r3,[sp,#8]	false	
Instruction	3591	S:0xC0035422	0xE9CA0106	0	STRD     r0,r1,[r10,#0x18]	false	
Instruction	3592	S:0xC0035426	0xE9CA2304	0	STRD     r2,r3,[r10,#0x10]	false	
Instruction	3593	S:0xC003542A	0x4296	0	CMP      r6,r2	false	
Instruction	3594	S:0xC003542C	0xEB770303	0	SBCS     r3,r7,r3	false	
Instruction	3595	S:0xC0035430	0xDBC3	23	BLT      {pc}-0x76 ; 0xc00353ba	true	fail
Instruction	3596	S:0xC0035432	0x2201	0	MOVS     r2,#1	false	
Instruction	3597	S:0xC0035434	0x2300	0	MOVS     r3,#0	false	
Instruction	3598	S:0xC0035436	0xEB180802	0	ADDS     r8,r8,r2	false	
Instruction	3599	S:0xC003543A	0xEB490903	0	ADC      r9,r9,r3	false	
Instruction	3600	S:0xC003543E	0xE7A6	15	B        {pc}-0xb0 ; 0xc003538e	true	
Instruction	3601	S:0xC003538E	0xE9DA2304	0	LDRD     r2,r3,[r10,#0x10]	false	
Instruction	3602	S:0xC0035392	0xA808	0	ADD      r0,sp,#0x20	false	
Instruction	3603	S:0xC0035394	0x9400	0	STR      r4,[sp,#0]	false	
Instruction	3604	S:0xC0035396	0x9501	0	STR      r5,[sp,#4]	false	
Instruction	3605	S:0xC0035398	0xF7FFFCAA	12	BL       {pc}-0x6a8 ; 0xc0034cf0	true	
Instruction	3606	S:0xC0034CF0	0xE92D03F0	0	PUSH     {r4-r9}	false	
Instruction	3607	S:0xC0034CF4	0xB500	0	PUSH     {lr}	false	
Instruction	3608	S:0xC0034CF6	0xF85DEB04	0	POP      {lr}	false	
Instruction	3609	S:0xC0034CFA	0x461F	0	MOV      r7,r3	false	
Instruction	3610	S:0xC0034CFC	0xF8DD8018	0	LDR      r8,[sp,#0x18]	false	
Instruction	3611	S:0xC0034D00	0x4616	0	MOV      r6,r2	false	
Instruction	3612	S:0xC0034D02	0xF8DD901C	0	LDR      r9,[sp,#0x1c]	false	
Instruction	3613	S:0xC0034D06	0xEB120408	0	ADDS     r4,r2,r8	false	
Instruction	3614	S:0xC0034D0A	0xEB430509	0	ADC      r5,r3,r9	false	
Instruction	3615	S:0xC0034D0E	0x2C00	0	CMP      r4,#0	false	
Instruction	3616	S:0xC0034D10	0xF1750300	0	SBCS     r3,r5,#0	false	
Instruction	3617	S:0xC0034D14	0xDB03	13	BLT      {pc}+0xa ; 0xc0034d1e	true	fail
Instruction	3618	S:0xC0034D16	0x42B4	0	CMP      r4,r6	false	
Instruction	3619	S:0xC0034D18	0xEB750307	0	SBCS     r3,r5,r7	false	
Instruction	3620	S:0xC0034D1C	0xDA07	1	BGE      {pc}+0x12 ; 0xc0034d2e	true	
Instruction	3621	S:0xC0034D2E	0x4544	0	CMP      r4,r8	false	
Instruction	3622	S:0xC0034D30	0xEB750309	0	SBCS     r3,r5,r9	false	
Instruction	3623	S:0xC0034D34	0xDBF3	16	BLT      {pc}-0x16 ; 0xc0034d1e	true	fail
Instruction	3624	S:0xC0034D36	0xE7F5	13	B        {pc}-0x12 ; 0xc0034d24	true	
Instruction	3625	S:0xC0034D24	0xE9C04500	0	STRD     r4,r5,[r0,#0]	false	
Instruction	3626	S:0xC0034D28	0xE8BD03F0	0	POP      {r4-r9}	false	
Instruction	3627	S:0xC0034D2C	0x4770	19	BX       lr	true	
Instruction	3628	S:0xC003539C	0xE9DD6708	0	LDRD     r6,r7,[sp,#0x20]	false	
Instruction	3629	S:0xC00353A0	0xE9DA2306	0	LDRD     r2,r3,[r10,#0x18]	false	
Instruction	3630	S:0xC00353A4	0xA808	0	ADD      r0,sp,#0x20	false	
Instruction	3631	S:0xC00353A6	0xE88D0030	0	STM      sp,{r4,r5}	false	
Instruction	3632	S:0xC00353AA	0xE9CA6704	0	STRD     r6,r7,[r10,#0x10]	false	
Instruction	3633	S:0xC00353AE	0xF7FFFC9F	2	BL       {pc}-0x6be ; 0xc0034cf0	true	
Instruction	3634	S:0xC0034CF0	0xE92D03F0	0	PUSH     {r4-r9}	false	
Instruction	3635	S:0xC0034CF4	0xB500	0	PUSH     {lr}	false	
Instruction	3636	S:0xC0034CF6	0xF85DEB04	0	POP      {lr}	false	
Instruction	3637	S:0xC0034CFA	0x461F	0	MOV      r7,r3	false	
Instruction	3638	S:0xC0034CFC	0xF8DD8018	0	LDR      r8,[sp,#0x18]	false	
Instruction	3639	S:0xC0034D00	0x4616	0	MOV      r6,r2	false	
Instruction	3640	S:0xC0034D02	0xF8DD901C	0	LDR      r9,[sp,#0x1c]	false	
Instruction	3641	S:0xC0034D06	0xEB120408	0	ADDS     r4,r2,r8	false	
Instruction	3642	S:0xC0034D0A	0xEB430509	0	ADC      r5,r3,r9	false	
Instruction	3643	S:0xC0034D0E	0x2C00	0	CMP      r4,#0	false	
Instruction	3644	S:0xC0034D10	0xF1750300	0	SBCS     r3,r5,#0	false	
Instruction	3645	S:0xC0034D14	0xDB03	12	BLT      {pc}+0xa ; 0xc0034d1e	true	fail
Instruction	3646	S:0xC0034D16	0x42B4	0	CMP      r4,r6	false	
Instruction	3647	S:0xC0034D18	0xEB750307	0	SBCS     r3,r5,r7	false	
Instruction	3648	S:0xC0034D1C	0xDA07	3	BGE      {pc}+0x12 ; 0xc0034d2e	true	
Instruction	3649	S:0xC0034D2E	0x4544	0	CMP      r4,r8	false	
Instruction	3650	S:0xC0034D30	0xEB750309	0	SBCS     r3,r5,r9	false	
Instruction	3651	S:0xC0034D34	0xDBF3	2	BLT      {pc}-0x16 ; 0xc0034d1e	true	fail
Instruction	3652	S:0xC0034D36	0xE7F5	1	B        {pc}-0x12 ; 0xc0034d24	true	
Instruction	3653	S:0xC0034D24	0xE9C04500	0	STRD     r4,r5,[r0,#0]	false	
Instruction	3654	S:0xC0034D28	0xE8BD03F0	0	POP      {r4-r9}	false	
Instruction	3655	S:0xC0034D2C	0x4770	2	BX       lr	true	
Instruction	3656	S:0xC00353B2	0xE9DD2308	0	LDRD     r2,r3,[sp,#0x20]	false	
Instruction	3657	S:0xC00353B6	0xE9CA2306	0	STRD     r2,r3,[r10,#0x18]	false	
Instruction	3658	S:0xC00353BA	0x4640	0	MOV      r0,r8	false	
Instruction	3659	S:0xC00353BC	0x4649	0	MOV      r1,r9	false	
Instruction	3660	S:0xC00353BE	0xB00A	0	ADD      sp,sp,#0x28	false	
Instruction	3661	S:0xC00353C0	0xE8BD87F0	10	POP      {r4-r10,pc}	true	
Instruction	3662	S:0xC0055DE0	0xF8D8104C	0	LDR      r1,[r8,#0x4c]	false	
Instruction	3663	S:0xC0055DE4	0x2200	0	MOVS     r2,#0	false	
Instruction	3664	S:0xC0055DE6	0x2902	0	CMP      r1,#2	false	
Instruction	3665	S:0xC0055DE8	0xD1E2	1	BNE      {pc}-0x38 ; 0xc0055db0	true	fail
Instruction	3666	S:0xC0055DEA	0xE9D86706	0	LDRD     r6,r7,[r8,#0x18]	false	
Instruction	3667	S:0xC0055DEE	0x4640	0	MOV      r0,r8	false	
Instruction	3668	S:0xC0055DF0	0xE9D84504	0	LDRD     r4,r5,[r8,#0x10]	false	
Instruction	3669	S:0xC0055DF4	0x463B	0	MOV      r3,r7	false	
Instruction	3670	S:0xC0055DF6	0x4632	0	MOV      r2,r6	false	
Instruction	3671	S:0xC0055DF8	0x9101	0	STR      r1,[sp,#4]	false	
Instruction	3672	S:0xC0055DFA	0x1BA4	0	SUBS     r4,r4,r6	false	
Instruction	3673	S:0xC0055DFC	0xEB650507	0	SBC      r5,r5,r7	false	
Instruction	3674	S:0xC0055E00	0x9400	0	STR      r4,[sp,#0]	false	
Instruction	3675	S:0xC0055E02	0xF7DFFD11	22	BL       {pc}-0x205da ; 0xc0035828	true	
Instruction	3676	S:0xC0035828	0xB530	0	PUSH     {r4,r5,lr}	false	
Instruction	3677	S:0xC003582A	0xB085	0	SUB      sp,sp,#0x14	false	
Instruction	3678	S:0xC003582C	0xB500	0	PUSH     {lr}	false	
Instruction	3679	S:0xC003582E	0xF85DEB04	0	POP      {lr}	false	
Instruction	3680	S:0xC0035832	0x9C08	0	LDR      r4,[sp,#0x20]	false	
Instruction	3681	S:0xC0035834	0x9909	0	LDR      r1,[sp,#0x24]	false	
Instruction	3682	S:0xC0035836	0x2501	0	MOVS     r5,#1	false	
Instruction	3683	S:0xC0035838	0x9502	0	STR      r5,[sp,#8]	false	
Instruction	3684	S:0xC003583A	0x9400	0	STR      r4,[sp,#0]	false	
Instruction	3685	S:0xC003583C	0x9101	0	STR      r1,[sp,#4]	false	
Instruction	3686	S:0xC003583E	0xF7FFFE41	152	BL       {pc}-0x37a ; 0xc00354c4	true	
Instruction	3687	S:0xC00354C4	0xE92D4FF0	0	PUSH     {r4-r11,lr}	false	
Instruction	3688	S:0xC00354C8	0xB08D	0	SUB      sp,sp,#0x34	false	
Instruction	3689	S:0xC00354CA	0xB500	0	PUSH     {lr}	false	
Instruction	3690	S:0xC00354CC	0xF85DEB04	0	POP      {lr}	false	
Instruction	3691	S:0xC00354D0	0xA90B	0	ADD      r1,sp,#0x2c	false	
Instruction	3692	S:0xC00354D2	0x4682	0	MOV      r10,r0	false	
Instruction	3693	S:0xC00354D4	0x9202	0	STR      r2,[sp,#8]	false	
Instruction	3694	S:0xC00354D6	0x9303	0	STR      r3,[sp,#0xc]	false	
Instruction	3695	S:0xC00354D8	0xF8CDE01C	0	STR      lr,[sp,#0x1c]	false	
Instruction	3696	S:0xC00354DC	0xF7FFFD20	40	BL       {pc}-0x5bc ; 0xc0034f20	true	
Instruction	3697	S:0xC0034F20	0xB570	0	PUSH     {r4-r6,lr}	false	
Instruction	3698	S:0xC0034F22	0xB500	0	PUSH     {lr}	false	
Instruction	3699	S:0xC0034F24	0xF85DEB04	0	POP      {lr}	false	
Instruction	3700	S:0xC0034F28	0x4605	0	MOV      r5,r0	false	
Instruction	3701	S:0xC0034F2A	0x460E	0	MOV      r6,r1	false	
Instruction	3702	S:0xC0034F2C	0x6A6C	0	LDR      r4,[r5,#0x24]	false	
Instruction	3703	S:0xC0034F2E	0xB164	11	CBZ      r4,{pc}+0x1c ; 0xc0034f4a	true	fail
Instruction	3704	S:0xC0034F30	0x6820	0	LDR      r0,[r4,#0]	false	
Instruction	3705	S:0xC0034F32	0xF3AFFB59	4	BL       {pc}+0x3af6b6 ; 0xc03e45e8	true	
Cycle Count				271	Tracing disabled		
Info					Tracing enabled		
Instruction	3706	S:0xC0034F36	0x6030	0	STR      r0,[r6,#0]	false	
Instruction	3707	S:0xC0034F38	0x4601	0	MOV      r1,r0	false	
Instruction	3708	S:0xC0034F3A	0x6A6A	0	LDR      r2,[r5,#0x24]	false	
Instruction	3709	S:0xC0034F3C	0x4294	0	CMP      r4,r2	false	
Instruction	3710	S:0xC0034F3E	0xD101	5	BNE      {pc}+6 ; 0xc0034f44	true	fail
Instruction	3711	S:0xC0034F40	0x4620	0	MOV      r0,r4	false	
Instruction	3712	S:0xC0034F42	0xBD70	1	POP      {r4-r6,pc}	true	
Instruction	3713	S:0xC00354E0	0xF8DA2028	0	LDR      r2,[r10,#0x28]	false	
Instruction	3714	S:0xC00354E4	0xF0120301	0	ANDS     r3,r2,#1	false	
Instruction	3715	S:0xC00354E8	0x4606	0	MOV      r6,r0	false	
Instruction	3716	S:0xC00354EA	0xF00080C2	1	BEQ.W    {pc}+0x188 ; 0xc0035672	true	
Instruction	3717	S:0xC0035672	0x4F20	0	LDR      r7,[pc,#128] ; [0xC00356F4] = 0xC05F0640	false	
Instruction	3718	S:0xC0035674	0x9305	0	STR      r3,[sp,#0x14]	false	
Instruction	3719	S:0xC0035676	0x9704	0	STR      r7,[sp,#0x10]	false	
Instruction	3720	S:0xC0035678	0xE756	183	B        {pc}-0x150 ; 0xc0035528	true	
Instruction	3721	S:0xC0035528	0x4668	0	MOV      r0,sp	false	
Instruction	3722	S:0xC003552A	0x9C17	0	LDR      r4,[sp,#0x5c]	false	
Instruction	3723	S:0xC003552C	0xF42053FF	0	BIC      r3,r0,#0x1fe0	false	
Instruction	3724	S:0xC0035530	0xF023031F	0	BIC      r3,r3,#0x1f	false	
Instruction	3725	S:0xC0035534	0x07A7	0	LSLS     r7,r4,#30	false	
Instruction	3726	S:0xC0035536	0x9306	0	STR      r3,[sp,#0x18]	false	
Instruction	3727	S:0xC0035538	0xF8D38014	0	LDR      r8,[r3,#0x14]	false	
Instruction	3728	S:0xC003553C	0xD404	9	BMI      {pc}+0xc ; 0xc0035548	true	
Instruction	3729	S:0xC0035548	0x4644	0	MOV      r4,r8	false	
Instruction	3730	S:0xC003554A	0x6872	0	LDR      r2,[r6,#4]	false	
Instruction	3731	S:0xC003554C	0xF8DF91AC	0	LDR      r9,[pc,#428] ; [0xC00356FC]	false	
Instruction	3732	S:0xC0035550	0x3201	0	ADDS     r2,#1	false	
Instruction	3733	S:0xC0035552	0x9B04	0	LDR      r3,[sp,#0x10]	false	
Instruction	3734	S:0xC0035554	0xEBC202C2	0	RSB      r2,r2,r2,LSL #3	false	
Instruction	3735	S:0xC0035558	0xF8590024	0	LDR      r0,[r9,r4,LSL #2]	false	
Instruction	3736	S:0xC003555C	0x00D2	0	LSLS     r2,r2,#3	false	
Instruction	3737	S:0xC003555E	0x1818	0	ADDS     r0,r3,r0	false	
Instruction	3738	S:0xC0035560	0x1885	0	ADDS     r5,r0,r2	false	
Instruction	3739	S:0xC0035562	0x42AE	0	CMP      r6,r5	false	
Instruction	3740	S:0xC0035564	0xD049	25	BEQ      {pc}+0x96 ; 0xc00355fa	true	
Instruction	3741	S:0xC00355FA	0x9C17	0	LDR      r4,[sp,#0x5c]	false	
Instruction	3742	S:0xC00355FC	0x07E0	0	LSLS     r0,r4,#31	false	
Instruction	3743	S:0xC00355FE	0xD445	26	BMI      {pc}+0x8e ; 0xc003568c	true	fail
Instruction	3744	S:0xC0035600	0x9A03	0	LDR      r2,[sp,#0xc]	false	
Instruction	3745	S:0xC0035602	0x2100	0	MOVS     r1,#0	false	
Instruction	3746	S:0xC0035604	0x9816	0	LDR      r0,[sp,#0x58]	false	
Instruction	3747	S:0xC0035606	0x9F02	0	LDR      r7,[sp,#8]	false	
Instruction	3748	S:0xC0035608	0xF8CA201C	0	STR      r2,[r10,#0x1c]	false	
Instruction	3749	S:0xC003560C	0xE9DD2302	0	LDRD     r2,r3,[sp,#8]	false	
Instruction	3750	S:0xC0035610	0xF8CA7018	0	STR      r7,[r10,#0x18]	false	
Instruction	3751	S:0xC0035614	0x1812	0	ADDS     r2,r2,r0	false	
Instruction	3752	S:0xC0035616	0xEB430301	0	ADC      r3,r3,r1	false	
Instruction	3753	S:0xC003561A	0x2A00	0	CMP      r2,#0	false	
Instruction	3754	S:0xC003561C	0xF1730400	0	SBCS     r4,r3,#0	false	
Instruction	3755	S:0xC0035620	0xDB05	16	BLT      {pc}+0xe ; 0xc003562e	true	fail
Instruction	3756	S:0xC0035622	0xE9DD6702	0	LDRD     r6,r7,[sp,#8]	false	
Instruction	3757	S:0xC0035626	0x42B2	0	CMP      r2,r6	false	
Instruction	3758	S:0xC0035628	0xEB730707	0	SBCS     r7,r3,r7	false	
Instruction	3759	S:0xC003562C	0xDA25	4	BGE      {pc}+0x4e ; 0xc003567a	true	
Instruction	3760	S:0xC003567A	0x4282	0	CMP      r2,r0	false	
Instruction	3761	S:0xC003567C	0xEB730401	0	SBCS     r4,r3,r1	false	
Instruction	3762	S:0xC0035680	0xDBD5	16	BLT      {pc}-0x52 ; 0xc003562e	true	fail
Instruction	3763	S:0xC0035682	0xE7D7	13	B        {pc}-0x4e ; 0xc0035634	true	
Instruction	3764	S:0xC0035634	0xF8DA1030	0	LDR      r1,[r10,#0x30]	false	
Instruction	3765	S:0xC0035638	0xF8CA2010	0	STR      r2,[r10,#0x10]	false	
Instruction	3766	S:0xC003563C	0xF8CA3014	0	STR      r3,[r10,#0x14]	false	
Instruction	3767	S:0xC0035640	0x2900	0	CMP      r1,#0	false	
Instruction	3768	S:0xC0035642	0xF00080A1	16	BEQ.W    {pc}+0x146 ; 0xc0035788	true	
Instruction	3769	S:0xC0035788	0x9E06	0	LDR      r6,[sp,#0x18]	false	
Instruction	3770	S:0xC003578A	0x9F07	0	LDR      r7,[sp,#0x1c]	false	
Instruction	3771	S:0xC003578C	0x68F1	0	LDR      r1,[r6,#0xc]	false	
Instruction	3772	S:0xC003578E	0xF8CA7030	0	STR      r7,[r10,#0x30]	false	
Instruction	3773	S:0xC0035792	0xF8D1332C	0	LDR      r3,[r1,#0x32c]	false	
Instruction	3774	S:0xC0035796	0xF8D16320	0	LDR      r6,[r1,#0x320]	false	
Instruction	3775	S:0xC003579A	0xF8D14324	0	LDR      r4,[r1,#0x324]	false	
Instruction	3776	S:0xC003579E	0xF8D10328	0	LDR      r0,[r1,#0x328]	false	
Instruction	3777	S:0xC00357A2	0xF8CA6034	0	STR      r6,[r10,#0x34]	false	
Instruction	3778	S:0xC00357A6	0xF8CA4038	0	STR      r4,[r10,#0x38]	false	
Instruction	3779	S:0xC00357AA	0xF8CA003C	0	STR      r0,[r10,#0x3c]	false	
Instruction	3780	S:0xC00357AE	0xF8CA3040	0	STR      r3,[r10,#0x40]	false	
Instruction	3781	S:0xC00357B2	0xF8D13240	0	LDR      r3,[r1,#0x240]	false	
Instruction	3782	S:0xC00357B6	0xF8CA302C	0	STR      r3,[r10,#0x2c]	false	
Instruction	3783	S:0xC00357BA	0xE744	310	B        {pc}-0x174 ; 0xc0035646	true	
Instruction	3784	S:0xC0035646	0x4650	0	MOV      r0,r10	false	
Instruction	3785	S:0xC0035648	0x4629	0	MOV      r1,r5	false	
Instruction	3786	S:0xC003564A	0xF7FFFB83	1	BL       {pc}-0x8f6 ; 0xc0034d54	true	
Instruction	3787	S:0xC0034D54	0xB570	0	PUSH     {r4-r6,lr}	false	
Instruction	3788	S:0xC0034D56	0xB500	0	PUSH     {lr}	false	
Instruction	3789	S:0xC0034D58	0xF85DEB04	0	POP      {lr}	false	
Instruction	3790	S:0xC0034D5C	0x4605	0	MOV      r5,r0	false	
Instruction	3791	S:0xC0034D5E	0x4B13	0	LDR      r3,[pc,#76] ; [0xC0034DAC] = 0xC0635E64	false	
Instruction	3792	S:0xC0034D60	0x460E	0	MOV      r6,r1	false	
Instruction	3793	S:0xC0034D62	0x685A	0	LDR      r2,[r3,#4]	false	
Instruction	3794	S:0xC0034D64	0xB9A2	2	CBNZ     r2,{pc}+0x2c ; 0xc0034d90	true	fail
Instruction	3795	S:0xC0034D66	0xF106000C	0	ADD      r0,r6,#0xc	false	
Instruction	3796	S:0xC0034D6A	0x4629	0	MOV      r1,r5	false	
Instruction	3797	S:0xC0034D6C	0xF222F8FE	1	BL       {pc}+0x222200 ; 0xc0256f6c	true	
Cycle Count				39	Tracing disabled		
Info					Tracing enabled		
Instruction	3798	S:0xC0034D70	0x6833	0	LDR      r3,[r6,#0]	false	
Instruction	3799	S:0xC0034D72	0x6871	0	LDR      r1,[r6,#4]	false	
Instruction	3800	S:0xC0034D74	0x2001	0	MOVS     r0,#1	false	
Instruction	3801	S:0xC0034D76	0x685A	0	LDR      r2,[r3,#4]	false	
Instruction	3802	S:0xC0034D78	0xFA00F101	0	LSL      r1,r0,r1	false	
Instruction	3803	S:0xC0034D7C	0x430A	0	ORRS     r2,r2,r1	false	
Instruction	3804	S:0xC0034D7E	0x605A	0	STR      r2,[r3,#4]	false	
Instruction	3805	S:0xC0034D80	0x6AAB	0	LDR      r3,[r5,#0x28]	false	
Instruction	3806	S:0xC0034D82	0x4303	0	ORRS     r3,r3,r0	false	
Instruction	3807	S:0xC0034D84	0x62AB	0	STR      r3,[r5,#0x28]	false	
Instruction	3808	S:0xC0034D86	0x6930	0	LDR      r0,[r6,#0x10]	false	
Instruction	3809	S:0xC0034D88	0x1A2B	0	SUBS     r3,r5,r0	false	
Instruction	3810	S:0xC0034D8A	0x4258	0	RSBS     r0,r3,#0	false	
Instruction	3811	S:0xC0034D8C	0x4158	0	ADCS     r0,r0,r3	false	
Instruction	3812	S:0xC0034D8E	0xBD70	10	POP      {r4-r6,pc}	true	
Instruction	3813	S:0xC003564E	0xB130	1	CBZ      r0,{pc}+0x10 ; 0xc003565e	true	fail
Instruction	3814	S:0xC0035650	0x682A	0	LDR      r2,[r5,#0]	false	
Instruction	3815	S:0xC0035652	0x9B04	0	LDR      r3,[sp,#0x10]	false	
Instruction	3816	S:0xC0035654	0xEE1D6F90	0	MRC      p15,#0x0,r6,c13,c0,#4	false	
Instruction	3817	S:0xC0035658	0x18F6	0	ADDS     r6,r6,r3	false	
Instruction	3818	S:0xC003565A	0x42B2	0	CMP      r2,r6	false	
Instruction	3819	S:0xC003565C	0xD050	6	BEQ      {pc}+0xa4 ; 0xc0035700	true	
Instruction	3820	S:0xC0035700	0x69B3	0	LDR      r3,[r6,#0x18]	false	
Instruction	3821	S:0xC0035702	0x2B00	0	CMP      r3,#0	false	
Instruction	3822	S:0xC0035704	0xD0AB	36	BEQ      {pc}-0xa6 ; 0xc003565e	true	fail
Instruction	3823	S:0xC0035706	0xE9DA2304	0	LDRD     r2,r3,[r10,#0x10]	false	
Instruction	3824	S:0xC003570A	0xE9D5010C	0	LDRD     r0,r1,[r5,#0x30]	false	
Instruction	3825	S:0xC003570E	0x4690	0	MOV      r8,r2	false	
Instruction	3826	S:0xC0035710	0x4699	0	MOV      r9,r3	false	
Instruction	3827	S:0xC0035712	0xEBB80800	0	SUBS     r8,r8,r0	false	
Instruction	3828	S:0xC0035716	0xEB690901	0	SBC      r9,r9,r1	false	
Instruction	3829	S:0xC003571A	0x2A00	0	CMP      r2,#0	false	
Instruction	3830	S:0xC003571C	0xF1730000	0	SBCS     r0,r3,#0	false	
Instruction	3831	S:0xC0035720	0xDB52	22	BLT      {pc}+0xa8 ; 0xc00357c8	true	fail
Instruction	3832	S:0xC0035722	0xF8DA3028	0	LDR      r3,[r10,#0x28]	false	
Instruction	3833	S:0xC0035726	0x0799	0	LSLS     r1,r3,#30	false	
Instruction	3834	S:0xC0035728	0xD499	4	BMI      {pc}-0xca ; 0xc003565e	true	fail
Instruction	3835	S:0xC003572A	0xF1B80F00	0	CMP      r8,#0	false	
Instruction	3836	S:0xC003572E	0xF1790100	0	SBCS     r1,r9,#0	false	
Instruction	3837	S:0xC0035732	0xDB16	15	BLT      {pc}+0x30 ; 0xc0035762	true	fail
Instruction	3838	S:0xC0035734	0xE9D62304	0	LDRD     r2,r3,[r6,#0x10]	false	
Instruction	3839	S:0xC0035738	0x4590	0	CMP      r8,r2	false	
Instruction	3840	S:0xC003573A	0xEB790403	0	SBCS     r4,r9,r3	false	
Instruction	3841	S:0xC003573E	0xDA8E	8	BGE      {pc}-0xe0 ; 0xc003565e	true	fail
Instruction	3842	S:0xC0035740	0x69F2	0	LDR      r2,[r6,#0x1c]	false	
Instruction	3843	S:0xC0035742	0x2A00	0	CMP      r2,#0	false	
Instruction	3844	S:0xC0035744	0xD18B	20	BNE      {pc}-0xe6 ; 0xc003565e	true	fail
Instruction	3845	S:0xC0035746	0x4640	0	MOV      r0,r8	false	
Instruction	3846	S:0xC0035748	0x4649	0	MOV      r1,r9	false	
Instruction	3847	S:0xC003574A	0xF01FFE0F	15	BL       {pc}+0x1fc22 ; 0xc005536c	true	
Instruction	3848	S:0xC005536C	0xB530	0	PUSH     {r4,r5,lr}	false	
Instruction	3849	S:0xC005536E	0xB083	0	SUB      sp,sp,#0xc	false	
Instruction	3850	S:0xC0055370	0xB500	0	PUSH     {lr}	false	
Instruction	3851	S:0xC0055372	0xF85DEB04	0	POP      {lr}	false	
Instruction	3852	S:0xC0055376	0xF6400300	0	MOVW     r3,#0x800	false	
Instruction	3853	S:0xC005537A	0x1C15	0	ADDS     r5,r2,#0	false	
Instruction	3854	S:0xC005537C	0xF2CC035F	0	MOVT     r3,#0xc05f	false	
Instruction	3855	S:0xC0055380	0xEE1D2F90	0	MRC      p15,#0x0,r2,c13,c0,#4	false	
Instruction	3856	S:0xC0055384	0x58D4	0	LDR      r4,[r2,r3]	false	
Instruction	3857	S:0xC0055386	0xBF18	0	IT       NE	false	
Instruction	3858	S:0xC0055388	0x2501	0	MOVS     r5,#1	false	
Instruction	3859	S:0xC005538A	0x4602	0	MOV      r2,r0	false	
Instruction	3860	S:0xC005538C	0x460B	0	MOV      r3,r1	false	
Instruction	3861	S:0xC005538E	0x9500	0	STR      r5,[sp,#0]	false	
Instruction	3862	S:0xC0055390	0x4620	0	MOV      r0,r4	false	
Instruction	3863	S:0xC0055392	0xF7FEFF63	27	BL       {pc}-0x1136 ; 0xc005425c	true	
Instruction	3864	S:0xC005425C	0xE92D43F0	0	PUSH     {r4-r9,lr}	false	
Instruction	3865	S:0xC0054260	0xB083	0	SUB      sp,sp,#0xc	false	
Instruction	3866	S:0xC0054262	0xB500	0	PUSH     {lr}	false	
Instruction	3867	S:0xC0054264	0xF85DEB04	0	POP      {lr}	false	
Instruction	3868	S:0xC0054268	0x4614	0	MOV      r4,r2	false	
Instruction	3869	S:0xC005426A	0x461D	0	MOV      r5,r3	false	
Instruction	3870	S:0xC005426C	0x4680	0	MOV      r8,r0	false	
Instruction	3871	S:0xC005426E	0x2C00	0	CMP      r4,#0	false	
Instruction	3872	S:0xC0054270	0xF1750100	0	SBCS     r1,r5,#0	false	
Instruction	3873	S:0xC0054274	0xF89D9028	0	LDRB     r9,[sp,#0x28]	false	
Instruction	3874	S:0xC0054278	0xDB59	3	BLT      {pc}+0xb6 ; 0xc005432e	true	fail
Instruction	3875	S:0xC005427A	0x6B01	0	LDR      r1,[r0,#0x30]	false	
Instruction	3876	S:0xC005427C	0x6102	0	STR      r2,[r0,#0x10]	false	
Instruction	3877	S:0xC005427E	0x2901	0	CMP      r1,#1	false	
Instruction	3878	S:0xC0054280	0x6143	0	STR      r3,[r0,#0x14]	false	
Instruction	3879	S:0xC0054282	0xD052	10	BEQ      {pc}+0xa8 ; 0xc005432a	true	fail
Instruction	3880	S:0xC0054284	0x6B41	0	LDR      r1,[r0,#0x34]	false	
Instruction	3881	S:0xC0054286	0x0749	0	LSLS     r1,r1,#29	false	
Instruction	3882	S:0xC0054288	0xD440	1	BMI      {pc}+0x84 ; 0xc005430c	true	fail
Instruction	3883	S:0xC005428A	0x4668	0	MOV      r0,sp	false	
Instruction	3884	S:0xC005428C	0xF7FBF94E	3	BL       {pc}-0x4d60 ; 0xc004f52c	true	
Instruction	3885	S:0xC004F52C	0xE92D4FF0	0	PUSH     {r4-r11,lr}	false	
Instruction	3886	S:0xC004F530	0xB08B	0	SUB      sp,sp,#0x2c	false	
Instruction	3887	S:0xC004F532	0xB500	0	PUSH     {lr}	false	
Instruction	3888	S:0xC004F534	0xF85DEB04	0	POP      {lr}	false	
Instruction	3889	S:0xC004F538	0x4B3D	0	LDR      r3,[pc,#244] ; [0xC004F630] = 0xC05FC59C	false	
Instruction	3890	S:0xC004F53A	0x4682	0	MOV      r10,r0	false	
Instruction	3891	S:0xC004F53C	0x681B	0	LDR      r3,[r3,#0]	false	
Instruction	3892	S:0xC004F53E	0x2B00	0	CMP      r3,#0	false	
Instruction	3893	S:0xC004F540	0xD16F	8	BNE      {pc}+0xe2 ; 0xc004f622	true	fail
Instruction	3894	S:0xC004F542	0xF8DF90F4	0	LDR      r9,[pc,#244] ; [0xC004F638] = 0xC064D1C0	false	
Instruction	3895	S:0xC004F546	0xF8DFB0F0	0	LDR      r11,[pc,#240] ; [0xC004F638] = 0xC064D1C0	false	
Instruction	3896	S:0xC004F54A	0x464F	0	MOV      r7,r9	false	
Instruction	3897	S:0xC004F54C	0xF8D75090	0	LDR      r5,[r7,#0x90]	false	
Instruction	3898	S:0xC004F550	0x07EA	0	LSLS     r2,r5,#31	false	
Instruction	3899	S:0xC004F552	0xD46C	3	BMI      {pc}+0xdc ; 0xc004f62e	true	fail
Instruction	3900	S:0xC004F554	0xF3BF8F5F	0	DMB      	false	
Instruction	3901	S:0xC004F558	0xF8DB6000	0	LDR      r6,[r11,#0]	false	
Instruction	3902	S:0xC004F55C	0xF8DB4054	0	LDR      r4,[r11,#0x54]	false	
Instruction	3903	S:0xC004F560	0xE9DB230E	0	LDRD     r2,r3,[r11,#0x38]	false	
Instruction	3904	S:0xC004F564	0x4630	0	MOV      r0,r6	false	
Instruction	3905	S:0xC004F566	0x6831	0	LDR      r1,[r6,#0]	false	
Instruction	3906	S:0xC004F568	0x1912	0	ADDS     r2,r2,r4	false	
Instruction	3907	S:0xC004F56A	0xEB4373E4	0	ADC      r3,r3,r4,ASR #31	false	
Instruction	3908	S:0xC004F56E	0xE9CD2306	0	STRD     r2,r3,[sp,#0x18]	false	
Instruction	3909	S:0xC004F572	0x4788	81	BLX      r1	true	
Cycle Count				61	Tracing disabled		
Info					Tracing enabled		
Instruction	3910	S:0xC004F574	0xE9D62302	0	LDRD     r2,r3,[r6,#8]	false	
Instruction	3911	S:0xC004F578	0xF8DBC004	0	LDR      r12,[r11,#4]	false	
Instruction	3912	S:0xC004F57C	0xF8DB4008	0	LDR      r4,[r11,#8]	false	
Instruction	3913	S:0xC004F580	0xE9CD2300	0	STRD     r2,r3,[sp,#0]	false	
Instruction	3914	S:0xC004F584	0xE9D62304	0	LDRD     r2,r3,[r6,#0x10]	false	
Instruction	3915	S:0xC004F588	0xF8DB6058	0	LDR      r6,[r11,#0x58]	false	
Instruction	3916	S:0xC004F58C	0xE9CD2308	0	STRD     r2,r3,[sp,#0x20]	false	
Instruction	3917	S:0xC004F590	0xE9DB2310	0	LDRD     r2,r3,[r11,#0x40]	false	
Instruction	3918	S:0xC004F594	0x9604	0	STR      r6,[sp,#0x10]	false	
Instruction	3919	S:0xC004F596	0xE9CD2302	0	STRD     r2,r3,[sp,#8]	false	
Instruction	3920	S:0xC004F59A	0x17F3	0	ASRS     r3,r6,#31	false	
Instruction	3921	S:0xC004F59C	0x9305	0	STR      r3,[sp,#0x14]	false	
Instruction	3922	S:0xC004F59E	0xF1C40620	0	RSB      r6,r4,#0x20	false	
Instruction	3923	S:0xC004F5A2	0xE9DD2300	0	LDRD     r2,r3,[sp,#0]	false	
Instruction	3924	S:0xC004F5A6	0x1A80	0	SUBS     r0,r0,r2	false	
Instruction	3925	S:0xC004F5A8	0xEB610103	0	SBC      r1,r1,r3	false	
Instruction	3926	S:0xC004F5AC	0xE9DD2308	0	LDRD     r2,r3,[sp,#0x20]	false	
Instruction	3927	S:0xC004F5B0	0x4010	0	ANDS     r0,r0,r2	false	
Instruction	3928	S:0xC004F5B2	0x4019	0	ANDS     r1,r1,r3	false	
Instruction	3929	S:0xC004F5B4	0xFBA0230C	0	UMULL    r2,r3,r0,r12	false	
Instruction	3930	S:0xC004F5B8	0xFB0C3301	0	MLA      r3,r12,r1,r3	false	
Instruction	3931	S:0xC004F5BC	0xE9DD0102	0	LDRD     r0,r1,[sp,#8]	false	
Instruction	3932	S:0xC004F5C0	0x1880	0	ADDS     r0,r0,r2	false	
Instruction	3933	S:0xC004F5C2	0xEB410103	0	ADC      r1,r1,r3	false	
Instruction	3934	S:0xC004F5C6	0xF1B40320	0	SUBS     r3,r4,#0x20	false	
Instruction	3935	S:0xC004F5CA	0xE9CD0102	0	STRD     r0,r1,[sp,#8]	false	
Instruction	3936	S:0xC004F5CE	0xFA20F804	0	LSR      r8,r0,r4	false	
Instruction	3937	S:0xC004F5D2	0xFA41F303	0	ASR      r3,r1,r3	false	
Instruction	3938	S:0xC004F5D6	0x9903	0	LDR      r1,[sp,#0xc]	false	
Instruction	3939	S:0xC004F5D8	0x9A03	0	LDR      r2,[sp,#0xc]	false	
Instruction	3940	S:0xC004F5DA	0xFA01F606	0	LSL      r6,r1,r6	false	
Instruction	3941	S:0xC004F5DE	0xEA480806	0	ORR      r8,r8,r6	false	
Instruction	3942	S:0xC004F5E2	0xFA42F904	0	ASR      r9,r2,r4	false	
Instruction	3943	S:0xC004F5E6	0xBF58	0	IT       PL	false	
Instruction	3944	S:0xC004F5E8	0xEA480803	0	ORR      r8,r8,r3	false	
Instruction	3945	S:0xC004F5EC	0xE9DD2304	0	LDRD     r2,r3,[sp,#0x10]	false	
Instruction	3946	S:0xC004F5F0	0xEB120208	0	ADDS     r2,r2,r8	false	
Instruction	3947	S:0xC004F5F4	0xEB430309	0	ADC      r3,r3,r9	false	
Instruction	3948	S:0xC004F5F8	0xF3BF8F5F	0	DMB      	false	
Instruction	3949	S:0xC004F5FC	0xF8D71090	0	LDR      r1,[r7,#0x90]	false	
Instruction	3950	S:0xC004F600	0x428D	0	CMP      r5,r1	false	
Instruction	3951	S:0xC004F602	0xD1A3	89	BNE      {pc}-0xb6 ; 0xc004f54c	true	fail
Instruction	3952	S:0xC004F604	0x461D	0	MOV      r5,r3	false	
Instruction	3953	S:0xC004F606	0x9906	0	LDR      r1,[sp,#0x18]	false	
Instruction	3954	S:0xC004F608	0xF44F434A	0	MOV      r3,#0xca00	false	
Instruction	3955	S:0xC004F60C	0x4614	0	MOV      r4,r2	false	
Instruction	3956	S:0xC004F60E	0xF6C3339A	0	MOVT     r3,#0x3b9a	false	
Instruction	3957	S:0xC004F612	0x4650	0	MOV      r0,r10	false	
Instruction	3958	S:0xC004F614	0xFBC34501	0	SMLAL    r4,r5,r3,r1	false	
Instruction	3959	S:0xC004F618	0xE9CA4500	0	STRD     r4,r5,[r10,#0]	false	
Instruction	3960	S:0xC004F61C	0xB00B	0	ADD      sp,sp,#0x2c	false	
Instruction	3961	S:0xC004F61E	0xE8BD8FF0	5	POP      {r4-r11,pc}	true	
Instruction	3962	S:0xC0054290	0xE9DD6700	0	LDRD     r6,r7,[sp,#0]	false	
Instruction	3963	S:0xC0054294	0x1BA4	0	SUBS     r4,r4,r6	false	
Instruction	3964	S:0xC0054296	0xEB650507	0	SBC      r5,r5,r7	false	
Instruction	3965	S:0xC005429A	0x2C01	0	CMP      r4,#1	false	
Instruction	3966	S:0xC005429C	0xF1750200	0	SBCS     r2,r5,#0	false	
Instruction	3967	S:0xC00542A0	0xDB3D	6	BLT      {pc}+0x7e ; 0xc005431e	true	fail
Instruction	3968	S:0xC00542A2	0xE9D86706	0	LDRD     r6,r7,[r8,#0x18]	false	
Instruction	3969	S:0xC00542A6	0xF8D8002C	0	LDR      r0,[r8,#0x2c]	false	
Instruction	3970	S:0xC00542AA	0x42B4	0	CMP      r4,r6	false	
Instruction	3971	S:0xC00542AC	0xEB750307	0	SBCS     r3,r5,r7	false	
Instruction	3972	S:0xC00542B0	0xE9D82308	0	LDRD     r2,r3,[r8,#0x20]	false	
Instruction	3973	S:0xC00542B4	0xBFBC	0	ITT      LT	false	
Instruction	3974	S:0xC00542B6	0x4626	0	MOV      r6,r4	false	
Instruction	3975	S:0xC00542B8	0x462F	0	MOV      r7,r5	false	
Instruction	3976	S:0xC00542BA	0x4296	0	CMP      r6,r2	false	
Instruction	3977	S:0xC00542BC	0xEB770103	0	SBCS     r1,r7,r3	false	
Instruction	3978	S:0xC00542C0	0x4641	0	MOV      r1,r8	false	
Instruction	3979	S:0xC00542C2	0xBFB8	0	IT       LT	false	
Instruction	3980	S:0xC00542C4	0x461F	0	MOV      r7,r3	false	
Instruction	3981	S:0xC00542C6	0xF8D83028	0	LDR      r3,[r8,#0x28]	false	
Instruction	3982	S:0xC00542CA	0xBFB8	0	IT       LT	false	
Instruction	3983	S:0xC00542CC	0x4616	0	MOV      r6,r2	false	
Instruction	3984	S:0xC00542CE	0xF1A00220	0	SUB      r2,r0,#0x20	false	
Instruction	3985	S:0xC00542D2	0xFBA64503	0	UMULL    r4,r5,r6,r3	false	
Instruction	3986	S:0xC00542D6	0xF1C00620	0	RSB      r6,r0,#0x20	false	
Instruction	3987	S:0xC00542DA	0xFB035507	0	MLA      r5,r3,r7,r5	false	
Instruction	3988	S:0xC00542DE	0xFA24F000	0	LSR      r0,r4,r0	false	
Instruction	3989	S:0xC00542E2	0xFA05F606	0	LSL      r6,r5,r6	false	
Instruction	3990	S:0xC00542E6	0xFA25F202	0	LSR      r2,r5,r2	false	
Instruction	3991	S:0xC00542EA	0x4330	0	ORRS     r0,r0,r6	false	
Instruction	3992	S:0xC00542EC	0x4310	0	ORRS     r0,r0,r2	false	
Instruction	3993	S:0xC00542EE	0xF8D82004	0	LDR      r2,[r8,#4]	false	
Instruction	3994	S:0xC00542F2	0x4790	18	BLX      r2	true	
Cycle Count				119	Tracing disabled		
Info					Tracing enabled		
Instruction	3995	S:0xC00542F4	0x2800	0	CMP      r0,#0	false	
Instruction	3996	S:0xC00542F6	0xBF0C	0	ITE      EQ	false	
Instruction	3997	S:0xC00542F8	0x2300	0	MOVS     r3,#0	false	
Instruction	3998	S:0xC00542FA	0xF0090301	0	AND      r3,r9,#1	false	
Instruction	3999	S:0xC00542FE	0xB15B	6	CBZ      r3,{pc}+0x1a ; 0xc0054318	true	
Instruction	4000	S:0xC0054318	0xB003	0	ADD      sp,sp,#0xc	false	
Instruction	4001	S:0xC005431A	0xE8BD83F0	13	POP      {r4-r9,pc}	true	
Instruction	4002	S:0xC0055396	0xB003	0	ADD      sp,sp,#0xc	false	
Instruction	4003	S:0xC0055398	0xBD30	2	POP      {r4,r5,pc}	true	
Instruction	4004	S:0xC003574E	0xF5105F80	0	CMN      r0,#0x1000	false	
Instruction	4005	S:0xC0035752	0xD806	2	BHI      {pc}+0x10 ; 0xc0035762	true	fail
Instruction	4006	S:0xC0035754	0xF8C68010	0	STR      r8,[r6,#0x10]	false	
Instruction	4007	S:0xC0035758	0xF8C69014	0	STR      r9,[r6,#0x14]	false	
Instruction	4008	S:0xC003575C	0x2800	0	CMP      r0,#0	false	
Instruction	4009	S:0xC003575E	0xF43FAF7E	1	BEQ      {pc}-0x100 ; 0xc003565e	true	
Instruction	4010	S:0xC003565E	0xF8DA3024	0	LDR      r3,[r10,#0x24]	false	
Instruction	4011	S:0xC0035662	0x990B	0	LDR      r1,[sp,#0x2c]	false	
Instruction	4012	S:0xC0035664	0x6818	0	LDR      r0,[r3,#0]	false	
Instruction	4013	S:0xC0035666	0xF3AEFFF7	7	BL       {pc}+0x3aeff2 ; 0xc03e4658	true	
Instruction	4014	S:0xC03E4658	0x?	378	Cannot access target memory	false	
Instruction	4015	S:0xC003566A	0x9805	0	LDR      r0,[sp,#0x14]	false	
Instruction	4016	S:0xC003566C	0xB00D	0	ADD      sp,sp,#0x34	false	
Instruction	4017	S:0xC003566E	0xE8BD8FF0	19	POP      {r4-r11,pc}	true	
Instruction	4018	S:0xC0035842	0xB005	0	ADD      sp,sp,#0x14	false	
Instruction	4019	S:0xC0035844	0xBD30	2	POP      {r4,r5,pc}	true	
Instruction	4020	S:0xC0055E06	0xF8D83028	0	LDR      r3,[r8,#0x28]	false	
Instruction	4021	S:0xC0055E0A	0x2B00	0	CMP      r3,#0	false	
Instruction	4022	S:0xC0055E0C	0xD0D6	2	BEQ      {pc}-0x50 ; 0xc0055dbc	true	fail
Instruction	4023	S:0xC0055E0E	0x491A	0	LDR      r1,[pc,#104] ; [0xC0055E78] = 0xC05F60C0	false	
Instruction	4024	S:0xC0055E10	0xF64F73FD	0	MOV      r3,#0xfffd	false	
Instruction	4025	S:0xC0055E14	0xF8D82060	0	LDR      r2,[r8,#0x60]	false	
Instruction	4026	S:0xC0055E18	0xF6C773FF	0	MOVT     r3,#0x7fff	false	
Instruction	4027	S:0xC0055E1C	0x6808	0	LDR      r0,[r1,#0]	false	
Instruction	4028	S:0xC0055E1E	0x1A80	0	SUBS     r0,r0,r2	false	
Instruction	4029	S:0xC0055E20	0x1E42	0	SUBS     r2,r0,#1	false	
Instruction	4030	S:0xC0055E22	0x429A	0	CMP      r2,r3	false	
Instruction	4031	S:0xC0055E24	0xD914	6	BLS      {pc}+0x2c ; 0xc0055e50	true	
Instruction	4032	S:0xC0055E50	0xF7E9FC14	14	BL       {pc}-0x167d4 ; 0xc003f67c	true	
Instruction	4033	S:0xC003F67C	0xB500	0	PUSH     {lr}	false	
Instruction	4034	S:0xC003F67E	0xF85DEB04	0	POP      {lr}	false	
Instruction	4035	S:0xC003F682	0xF7FFBF57	266	B.W      {pc}-0x14e ; 0xc003f534	true	
Instruction	4036	S:0xC003F534	0xB500	0	PUSH     {lr}	false	
Instruction	4037	S:0xC003F536	0xF85DEB04	0	POP      {lr}	false	
Instruction	4038	S:0xC003F53A	0x4B0D	0	LDR      r3,[pc,#52] ; [0xC003F570] = 0xC05F3080	false	
Instruction	4039	S:0xC003F53C	0xEE1D1F90	0	MRC      p15,#0x0,r1,c13,c0,#4	false	
Instruction	4040	S:0xC003F540	0x18CB	0	ADDS     r3,r1,r3	false	
Instruction	4041	S:0xC003F542	0x4A0C	0	LDR      r2,[pc,#48] ; [0xC003F574] = 0xC05F0768	false	
Instruction	4042	S:0xC003F544	0xF8D33488	0	LDR      r3,[r3,#0x488]	false	
Instruction	4043	S:0xC003F548	0x1889	0	ADDS     r1,r1,r2	false	
Instruction	4044	S:0xC003F54A	0x2B00	0	CMP      r3,#0	false	
Instruction	4045	S:0xC003F54C	0xDD07	297	BLE      {pc}+0x12 ; 0xc003f55e	true	
Instruction	4046	S:0xC003F55E	0xE9D1230A	0	LDRD     r2,r3,[r1,#0x28]	false	
Instruction	4047	S:0xC003F562	0x1812	0	ADDS     r2,r2,r0	false	
Instruction	4048	S:0xC003F564	0xF1430300	0	ADC      r3,r3,#0	false	
Instruction	4049	S:0xC003F568	0xE9C1230A	0	STRD     r2,r3,[r1,#0x28]	false	
Instruction	4050	S:0xC003F56C	0x4770	274	BX       lr	true	
Instruction	4051	S:0xC0055E54	0xE7E7	1	B        {pc}-0x2e ; 0xc0055e26	true	
Instruction	4052	S:0xC0055E26	0xB662	0	CPSIE    i	false	
Instruction	4053	S:0xC0055E28	0xB004	0	ADD      sp,sp,#0x10	false	
Instruction	4054	S:0xC0055E2A	0xE8BD87F0	54	POP      {r4-r10,pc}	true	
Instruction	4055	S:0xC004E3C2	0xF395FDD1	1	BL       {pc}+0x395ba6 ; 0xc03e3f68	true	
Cycle Count				1145	Tracing disabled		
Info					Tracing enabled		
Instruction	4056	S:0xC003F754	0xB500	0	PUSH     {lr}	false	
Instruction	4057	S:0xC003F756	0xF85DEB04	0	POP      {lr}	false	
Instruction	4058	S:0xC003F75A	0xF005BD5B	38	B.W      {pc}+0x5aba ; 0xc0045214	true	
Instruction	4059	S:0xC0045214	0xE92D4FF0	0	PUSH     {r4-r11,lr}	false	
Instruction	4060	S:0xC0045218	0xB085	0	SUB      sp,sp,#0x14	false	
Instruction	4061	S:0xC004521A	0xB500	0	PUSH     {lr}	false	
Instruction	4062	S:0xC004521C	0xF85DEB04	0	POP      {lr}	false	
Instruction	4063	S:0xC0045220	0xF5006390	0	ADD      r3,r0,#0x480	false	
Instruction	4064	S:0xC0045224	0xF50069B4	0	ADD      r9,r0,#0x5a0	false	
Instruction	4065	S:0xC0045228	0x4680	0	MOV      r8,r0	false	
Instruction	4066	S:0xC004522A	0xE9D36700	0	LDRD     r6,r7,[r3,#0]	false	
Instruction	4067	S:0xC004522E	0xE9D90100	0	LDRD     r0,r1,[r9,#0]	false	
Instruction	4068	S:0xC0045232	0x1A30	0	SUBS     r0,r6,r0	false	
Instruction	4069	S:0xC0045234	0xEB670101	0	SBC      r1,r7,r1	false	
Instruction	4070	S:0xC0045238	0xF7FAFB90	144	BL       {pc}-0x58dc ; 0xc003f95c	true	
Instruction	4071	S:0xC003F95C	0xE92D03F0	0	PUSH     {r4-r9}	false	
Instruction	4072	S:0xC003F960	0xB500	0	PUSH     {lr}	false	
Instruction	4073	S:0xC003F962	0xF85DEB04	0	POP      {lr}	false	
Instruction	4074	S:0xC003F966	0xF64B7640	0	MOV      r6,#0xbf40	false	
Instruction	4075	S:0xC003F96A	0xF2CC0664	0	MOVT     r6,#0xc064	false	
Instruction	4076	S:0xC003F96E	0x6876	0	LDR      r6,[r6,#4]	false	
Instruction	4077	S:0xC003F970	0xFBA18906	0	UMULL    r8,r9,r1,r6	false	
Instruction	4078	S:0xC003F974	0xEA4F7CE6	0	ASR      r12,r6,#31	false	
Instruction	4079	S:0xC003F978	0xFBA06706	0	UMULL    r6,r7,r0,r6	false	
Instruction	4080	S:0xC003F97C	0xFB01990C	0	MLA      r9,r1,r12,r9	false	
Instruction	4081	S:0xC003F980	0xEA4F4408	0	LSL      r4,r8,#16	false	
Instruction	4082	S:0xC003F984	0xFB00770C	0	MLA      r7,r0,r12,r7	false	
Instruction	4083	S:0xC003F988	0x0C32	0	LSRS     r2,r6,#16	false	
Instruction	4084	S:0xC003F98A	0xEA4F4509	0	LSL      r5,r9,#16	false	
Instruction	4085	S:0xC003F98E	0xEA454518	0	ORR      r5,r5,r8,LSR #16	false	
Instruction	4086	S:0xC003F992	0xEA424207	0	ORR      r2,r2,r7,LSL #16	false	
Instruction	4087	S:0xC003F996	0x0C3B	0	LSRS     r3,r7,#16	false	
Instruction	4088	S:0xC003F998	0x1912	0	ADDS     r2,r2,r4	false	
Instruction	4089	S:0xC003F99A	0xEB430305	0	ADC      r3,r3,r5	false	
Instruction	4090	S:0xC003F99E	0x4610	0	MOV      r0,r2	false	
Instruction	4091	S:0xC003F9A0	0x4619	0	MOV      r1,r3	false	
Instruction	4092	S:0xC003F9A2	0xE8BD03F0	0	POP      {r4-r9}	false	
Instruction	4093	S:0xC003F9A6	0x4770	22	BX       lr	true	
Instruction	4094	S:0xC004523C	0x2800	0	CMP      r0,#0	false	
Instruction	4095	S:0xC004523E	0xF1710300	0	SBCS     r3,r1,#0	false	
Instruction	4096	S:0xC0045242	0xF2C080B5	49	BLT.W    {pc}+0x16e ; 0xc00453b0	true	fail
Instruction	4097	S:0xC0045246	0x0A84	0	LSRS     r4,r0,#10	false	
Instruction	4098	S:0xC0045248	0x0A8D	0	LSRS     r5,r1,#10	false	
Instruction	4099	S:0xC004524A	0xEA445481	0	ORR      r4,r4,r1,LSL #22	false	
Instruction	4100	S:0xC004524E	0xEA540A05	0	ORRS     r10,r4,r5	false	
Instruction	4101	S:0xC0045252	0xD15A	8	BNE      {pc}+0xb8 ; 0xc004530a	true	fail
Instruction	4102	S:0xC0045254	0xF8D8559C	0	LDR      r5,[r8,#0x59c]	false	
Instruction	4103	S:0xC0045258	0xF8D89598	0	LDR      r9,[r8,#0x598]	false	
Instruction	4104	S:0xC004525C	0x462C	0	MOV      r4,r5	false	
Instruction	4105	S:0xC004525E	0xF8D870B8	0	LDR      r7,[r8,#0xb8]	false	
Instruction	4106	S:0xC0045262	0xEA4F2989	0	LSL      r9,r9,#10	false	
Instruction	4107	S:0xC0045266	0x4648	0	MOV      r0,r9	false	
Instruction	4108	S:0xC0045268	0x3401	0	ADDS     r4,#1	false	
Instruction	4109	S:0xC004526A	0x2100	0	MOVS     r1,#0	false	
Instruction	4110	S:0xC004526C	0xF8D890BC	0	LDR      r9,[r8,#0xbc]	false	
Instruction	4111	S:0xC0045270	0xF20BFD8E	11	BL       {pc}+0x20bb20 ; 0xc0250d90	true	
Cycle Count				34	Tracing disabled		
Info					Tracing enabled		
Instruction	4112	S:0xC0045274	0xF8D835C8	0	LDR      r3,[r8,#0x5c8]	false	
Instruction	4113	S:0xC0045278	0x1BD6	0	SUBS     r6,r2,r7	false	
Instruction	4114	S:0xC004527A	0xEA867AE6	0	EOR      r10,r6,r6,ASR #31	false	
Instruction	4115	S:0xC004527E	0xEBAA7AE6	0	SUB      r10,r10,r6,ASR #31	false	
Instruction	4116	S:0xC0045282	0x1C6C	0	ADDS     r4,r5,#1	false	
Instruction	4117	S:0xC0045284	0x2100	0	MOVS     r1,#0	false	
Instruction	4118	S:0xC0045286	0xF8D850DC	0	LDR      r5,[r8,#0xdc]	false	
Instruction	4119	S:0xC004528A	0x0298	0	LSLS     r0,r3,#10	false	
Instruction	4120	S:0xC004528C	0xF20BFD80	18	BL       {pc}+0x20bb04 ; 0xc0250d90	true	
Cycle Count				9	Tracing disabled		
Info					Tracing enabled		
Instruction	4121	S:0xC0045290	0xEBBA1F97	0	CMP      r10,r7,LSR #6	false	
Instruction	4122	S:0xC0045294	0xEBC90202	0	RSB      r2,r9,r2	false	
Instruction	4123	S:0xC0045298	0xD806	11	BHI      {pc}+0x10 ; 0xc00452a8	true	fail
Instruction	4124	S:0xC004529A	0xEA8273E2	0	EOR      r3,r2,r2,ASR #31	false	
Instruction	4125	S:0xC004529E	0xEBA373E2	0	SUB      r3,r3,r2,ASR #31	false	
Instruction	4126	S:0xC00452A2	0xEBB31F99	0	CMP      r3,r9,LSR #6	false	
Instruction	4127	S:0xC00452A6	0xD91D	8	BLS      {pc}+0x3e ; 0xc00452e4	true	
Instruction	4128	S:0xC00452E4	0x4B59	0	LDR      r3,[pc,#356] ; [0xC004544C] = 0xC0635FCC	false	
Instruction	4129	S:0xC00452E6	0xF8D80598	0	LDR      r0,[r8,#0x598]	false	
Instruction	4130	S:0xC00452EA	0xF8D8159C	0	LDR      r1,[r8,#0x59c]	false	
Instruction	4131	S:0xC00452EE	0x685A	0	LDR      r2,[r3,#4]	false	
Instruction	4132	S:0xC00452F0	0xF8D894C0	0	LDR      r9,[r8,#0x4c0]	false	
Instruction	4133	S:0xC00452F4	0x2A00	0	CMP      r2,#0	false	
Instruction	4134	S:0xC00452F6	0xD179	158	BNE      {pc}+0xf6 ; 0xc00453ec	true	fail
Instruction	4135	S:0xC00452F8	0x4B55	0	LDR      r3,[pc,#340] ; [0xC0045450] = 0xC0635FB8	false	
Instruction	4136	S:0xC00452FA	0xE9D84524	0	LDRD     r4,r5,[r8,#0x90]	false	
Instruction	4137	S:0xC00452FE	0x685A	0	LDR      r2,[r3,#4]	false	
Instruction	4138	S:0xC0045300	0x2A00	0	CMP      r2,#0	false	
Instruction	4139	S:0xC0045302	0xD164	28	BNE      {pc}+0xcc ; 0xc00453ce	true	fail
Instruction	4140	S:0xC0045304	0xB005	0	ADD      sp,sp,#0x14	false	
Instruction	4141	S:0xC0045306	0xE8BD8FF0	2	POP      {r4-r11,pc}	true	
Cycle Count				4	Tracing disabled		
Info					Tracing enabled		
Instruction	4142	S:0xC003F714	0xB500	0	PUSH     {lr}	false	
Instruction	4143	S:0xC003F716	0xF85DEB04	0	POP      {lr}	false	
Instruction	4144	S:0xC003F71A	0x4770	1	BX       lr	true	
Cycle Count				2	Tracing disabled		
Info					Tracing enabled		
Instruction	4145	S:0xC00421AC	0xB5F8	0	PUSH     {r3-r7,lr}	false	
Instruction	4146	S:0xC00421AE	0xB500	0	PUSH     {lr}	false	
Instruction	4147	S:0xC00421B0	0xF85DEB04	0	POP      {lr}	false	
Instruction	4148	S:0xC00421B4	0x4607	0	MOV      r7,r0	false	
Instruction	4149	S:0xC00421B6	0x6D05	0	LDR      r5,[r0,#0x50]	false	
Instruction	4150	S:0xC00421B8	0xF1000448	0	ADD      r4,r0,#0x48	false	
Instruction	4151	S:0xC00421BC	0x2D00	0	CMP      r5,#0	false	
Instruction	4152	S:0xC00421BE	0xD043	2	BEQ      {pc}+0x8a ; 0xc0042248	true	fail
Instruction	4153	S:0xC00421C0	0x6AE6	0	LDR      r6,[r4,#0x2c]	false	
Instruction	4154	S:0xC00421C2	0xB106	1	CBZ      r6,{pc}+4 ; 0xc00421c6	true	fail
Instruction	4155	S:0xC00421C4	0x3E08	0	SUBS     r6,r6,#8	false	
Instruction	4156	S:0xC00421C6	0x6BE5	0	LDR      r5,[r4,#0x3c]	false	
Instruction	4157	S:0xC00421C8	0x42B5	0	CMP      r5,r6	false	
Instruction	4158	S:0xC00421CA	0xBF18	0	IT       NE	false	
Instruction	4159	S:0xC00421CC	0x4635	0	MOV      r5,r6	false	
Instruction	4160	S:0xC00421CE	0xD03D	2	BEQ      {pc}+0x7e ; 0xc004224c	true	fail
Instruction	4161	S:0xC00421D0	0x6BA0	0	LDR      r0,[r4,#0x38]	false	
Instruction	4162	S:0xC00421D2	0xB128	1	CBZ      r0,{pc}+0xe ; 0xc00421e0	true	
Instruction	4163	S:0xC00421E0	0x6B60	0	LDR      r0,[r4,#0x34]	false	
Instruction	4164	S:0xC00421E2	0xB128	2	CBZ      r0,{pc}+0xe ; 0xc00421f0	true	
Instruction	4165	S:0xC00421F0	0x4620	0	MOV      r0,r4	false	
Instruction	4166	S:0xC00421F2	0x4629	0	MOV      r1,r5	false	
Instruction	4167	S:0xC00421F4	0xF7FFF89E	14	BL       {pc}-0xec0 ; 0xc0041334	true	
Instruction	4168	S:0xC0041334	0xB430	0	PUSH     {r4,r5}	false	
Instruction	4169	S:0xC0041336	0xB500	0	PUSH     {lr}	false	
Instruction	4170	S:0xC0041338	0xF85DEB04	0	POP      {lr}	false	
Instruction	4171	S:0xC004133C	0x6B83	0	LDR      r3,[r0,#0x38]	false	
Instruction	4172	S:0xC004133E	0x428B	0	CMP      r3,r1	false	
Instruction	4173	S:0xC0041340	0xD038	212	BEQ      {pc}+0x74 ; 0xc00413b4	true	fail
Instruction	4174	S:0xC0041342	0x6B43	0	LDR      r3,[r0,#0x34]	false	
Instruction	4175	S:0xC0041344	0x428B	0	CMP      r3,r1	false	
Instruction	4176	S:0xC0041346	0xD01D	7	BEQ      {pc}+0x3e ; 0xc0041384	true	fail
Instruction	4177	S:0xC0041348	0x6BC3	0	LDR      r3,[r0,#0x3c]	false	
Instruction	4178	S:0xC004134A	0x428B	0	CMP      r3,r1	false	
Instruction	4179	S:0xC004134C	0xD001	2	BEQ      {pc}+6 ; 0xc0041352	true	fail
Instruction	4180	S:0xC004134E	0xBC30	0	POP      {r4,r5}	false	
Instruction	4181	S:0xC0041350	0x4770	2	BX       lr	true	
Instruction	4182	S:0xC00421F8	0x4620	0	MOV      r0,r4	false	
Instruction	4183	S:0xC00421FA	0x4629	0	MOV      r1,r5	false	
Instruction	4184	S:0xC00421FC	0xF7FFFE3E	1	BL       {pc}-0x380 ; 0xc0041e7c	true	
Instruction	4185	S:0xC0041E7C	0xE92D4FF0	0	PUSH     {r4-r11,lr}	false	
Instruction	4186	S:0xC0041E80	0xB091	0	SUB      sp,sp,#0x44	false	
Instruction	4187	S:0xC0041E82	0xB500	0	PUSH     {lr}	false	
Instruction	4188	S:0xC0041E84	0xF85DEB04	0	POP      {lr}	false	
Instruction	4189	S:0xC0041E88	0x69CB	0	LDR      r3,[r1,#0x1c]	false	
Instruction	4190	S:0xC0041E8A	0x4688	0	MOV      r8,r1	false	
Instruction	4191	S:0xC0041E8C	0x4681	0	MOV      r9,r0	false	
Instruction	4192	S:0xC0041E8E	0x2B00	0	CMP      r3,#0	false	
Instruction	4193	S:0xC0041E90	0xD127	200	BNE      {pc}+0x52 ; 0xc0041ee2	true	
Instruction	4194	S:0xC0041EE2	0xF7FEF89B	13	BL       {pc}-0x1ec6 ; 0xc004001c	true	
Instruction	4195	S:0xC004001C	0xE92D4FF8	0	PUSH     {r3-r11,lr}	false	
Instruction	4196	S:0xC0040020	0xB500	0	PUSH     {lr}	false	
Instruction	4197	S:0xC0040022	0xF85DEB04	0	POP      {lr}	false	
Instruction	4198	S:0xC0040026	0xF04F0A01	0	MOV      r10,#1	false	
Instruction	4199	S:0xC004002A	0xF8D03084	0	LDR      r3,[r0,#0x84]	false	
Instruction	4200	S:0xC004002E	0xF04F0B00	0	MOV      r11,#0	false	
Instruction	4201	S:0xC0040032	0xE9D16712	0	LDRD     r6,r7,[r1,#0x48]	false	
Instruction	4202	S:0xC0040036	0x4688	0	MOV      r8,r1	false	
Instruction	4203	S:0xC0040038	0xF503638F	0	ADD      r3,r3,#0x478	false	
Instruction	4204	S:0xC004003C	0xE9D14514	0	LDRD     r4,r5,[r1,#0x50]	false	
Instruction	4205	S:0xC0040040	0xE9D32300	0	LDRD     r2,r3,[r3,#0]	false	
Instruction	4206	S:0xC0040044	0x1B92	0	SUBS     r2,r2,r6	false	
Instruction	4207	S:0xC0040046	0xEB630307	0	SBC      r3,r3,r7	false	
Instruction	4208	S:0xC004004A	0x42AB	0	CMP      r3,r5	false	
Instruction	4209	S:0xC004004C	0xBF08	0	IT       EQ	false	
Instruction	4210	S:0xC004004E	0x42A2	0	CMP      r2,r4	false	
Instruction	4211	S:0xC0040050	0xBF3C	0	ITT      CC	false	
Instruction	4212	S:0xC0040052	0x4622	0	MOV      r2,r4	false	
Instruction	4213	S:0xC0040054	0x462B	0	MOV      r3,r5	false	
Instruction	4214	S:0xC0040056	0xE9D14516	0	LDRD     r4,r5,[r1,#0x58]	false	
Instruction	4215	S:0xC004005A	0xE9C12314	0	STRD     r2,r3,[r1,#0x50]	false	
Instruction	4216	S:0xC004005E	0xEB14040A	0	ADDS     r4,r4,r10	false	
Instruction	4217	S:0xC0040062	0xEB45050B	0	ADC      r5,r5,r11	false	
Instruction	4218	S:0xC0040066	0xE9C14516	0	STRD     r4,r5,[r1,#0x58]	false	
Instruction	4219	S:0xC004006A	0xF8D03084	0	LDR      r3,[r0,#0x84]	false	
Instruction	4220	S:0xC004006E	0xE9D14518	0	LDRD     r4,r5,[r1,#0x60]	false	
Instruction	4221	S:0xC0040072	0xF503638F	0	ADD      r3,r3,#0x478	false	
Instruction	4222	S:0xC0040076	0xF8D11128	0	LDR      r1,[r1,#0x128]	false	
Instruction	4223	S:0xC004007A	0xE9D32300	0	LDRD     r2,r3,[r3,#0]	false	
Instruction	4224	S:0xC004007E	0x1912	0	ADDS     r2,r2,r4	false	
Instruction	4225	S:0xC0040080	0xEB430305	0	ADC      r3,r3,r5	false	
Instruction	4226	S:0xC0040084	0x1B92	0	SUBS     r2,r2,r6	false	
Instruction	4227	S:0xC0040086	0xEB630307	0	SBC      r3,r3,r7	false	
Instruction	4228	S:0xC004008A	0xE9C82318	0	STRD     r2,r3,[r8,#0x60]	false	
Instruction	4229	S:0xC004008E	0xB129	203	CBZ      r1,{pc}+0xe ; 0xc004009c	true	
Instruction	4230	S:0xC004009C	0x490E	0	LDR      r1,[pc,#56] ; [0xC00400D8] = 0xC0636058	false	
Instruction	4231	S:0xC004009E	0xF8D03084	0	LDR      r3,[r0,#0x84]	false	
Instruction	4232	S:0xC00400A2	0x6848	0	LDR      r0,[r1,#4]	false	
Instruction	4233	S:0xC00400A4	0xF503638F	0	ADD      r3,r3,#0x478	false	
Instruction	4234	S:0xC00400A8	0xE9D32300	0	LDRD     r2,r3,[r3,#0]	false	
Instruction	4235	S:0xC00400AC	0x2800	0	CMP      r0,#0	false	
Instruction	4236	S:0xC00400AE	0xD0EF	42	BEQ      {pc}-0x1e ; 0xc0040090	true	
Instruction	4237	S:0xC0040090	0x2200	0	MOVS     r2,#0	false	
Instruction	4238	S:0xC0040092	0x2300	0	MOVS     r3,#0	false	
Instruction	4239	S:0xC0040094	0xE9C82312	0	STRD     r2,r3,[r8,#0x48]	false	
Instruction	4240	S:0xC0040098	0xE8BD8FF8	4	POP      {r3-r11,pc}	true	
Instruction	4241	S:0xC0041EE6	0x4648	0	MOV      r0,r9	false	
Instruction	4242	S:0xC0041EE8	0x4641	0	MOV      r1,r8	false	
Instruction	4243	S:0xC0041EEA	0xF7FEFAC7	1	BL       {pc}-0x1a6e ; 0xc004047c	true	
Instruction	4244	S:0xC004047C	0xB538	0	PUSH     {r3-r5,lr}	false	
Instruction	4245	S:0xC004047E	0xB500	0	PUSH     {lr}	false	
Instruction	4246	S:0xC0040480	0xF85DEB04	0	POP      {lr}	false	
Instruction	4247	S:0xC0040484	0xF1010508	0	ADD      r5,r1,#8	false	
Instruction	4248	S:0xC0040488	0x6AC3	0	LDR      r3,[r0,#0x2c]	false	
Instruction	4249	S:0xC004048A	0x4604	0	MOV      r4,r0	false	
Instruction	4250	S:0xC004048C	0x42AB	0	CMP      r3,r5	false	
Instruction	4251	S:0xC004048E	0xD006	28	BEQ      {pc}+0x10 ; 0xc004049e	true	
Instruction	4252	S:0xC004049E	0x4628	0	MOV      r0,r5	false	
Instruction	4253	S:0xC00404A0	0xF216F87E	13	BL       {pc}+0x216100 ; 0xc02565a0	true	
Cycle Count				17	Tracing disabled		
Info					Tracing enabled		
Instruction	4254	S:0xC00404A4	0x62E0	0	STR      r0,[r4,#0x2c]	false	
Instruction	4255	S:0xC00404A6	0xE7F3	3	B        {pc}-0x16 ; 0xc0040490	true	
Instruction	4256	S:0xC0040490	0x4628	0	MOV      r0,r5	false	
Instruction	4257	S:0xC0040492	0xF1040128	0	ADD      r1,r4,#0x28	false	
Instruction	4258	S:0xC0040496	0xE8BD4038	0	POP      {r3-r5,lr}	false	
Instruction	4259	S:0xC004049A	0xF215BECF	14	B.W      {pc}+0x215da2 ; 0xc025623c	true	
Cycle Count				20	Tracing disabled		
Info					Tracing enabled		
Instruction	4260	S:0xC0041EEE	0xF8D8A124	0	LDR      r10,[r8,#0x124]	false	
Instruction	4261	S:0xC0041EF2	0xF8D83128	0	LDR      r3,[r8,#0x128]	false	
Instruction	4262	S:0xC0041EF6	0xF8DA2084	0	LDR      r2,[r10,#0x84]	false	
Instruction	4263	S:0xC0041EFA	0xF8D274C0	0	LDR      r7,[r2,#0x4c0]	false	
Instruction	4264	S:0xC0041EFE	0x9704	0	STR      r7,[sp,#0x10]	false	
Instruction	4265	S:0xC0041F00	0x2B00	0	CMP      r3,#0	false	
Instruction	4266	S:0xC0041F02	0xF0008108	3	BEQ.W    {pc}+0x214 ; 0xc0042116	true	
Instruction	4267	S:0xC0042116	0xF5026290	0	ADD      r2,r2,#0x480	false	
Instruction	4268	S:0xC004211A	0xE9D26700	0	LDRD     r6,r7,[r2,#0]	false	
Instruction	4269	S:0xC004211E	0xE6F8	132	B        {pc}-0x20c ; 0xc0041f12	true	
Instruction	4270	S:0xC0041F12	0x46C3	0	MOV      r11,r8	false	
Instruction	4271	S:0xC0041F14	0xF8D8201C	0	LDR      r2,[r8,#0x1c]	false	
Instruction	4272	S:0xC0041F18	0xF8DA3030	0	LDR      r3,[r10,#0x30]	false	
Instruction	4273	S:0xC0041F1C	0xE9FB014E	0	LDRD     r0,r1,[r11,#0x138]!	false	
Instruction	4274	S:0xC0041F20	0x9209	0	STR      r2,[sp,#0x24]	false	
Instruction	4275	S:0xC0041F22	0x1A30	0	SUBS     r0,r6,r0	false	
Instruction	4276	S:0xC0041F24	0xEB670101	0	SBC      r1,r7,r1	false	
Instruction	4277	S:0xC0041F28	0x9306	0	STR      r3,[sp,#0x18]	false	
Instruction	4278	S:0xC0041F2A	0xF7FDFD17	7	BL       {pc}-0x25ce ; 0xc003f95c	true	
Instruction	4279	S:0xC003F95C	0xE92D03F0	0	PUSH     {r4-r9}	false	
Instruction	4280	S:0xC003F960	0xB500	0	PUSH     {lr}	false	
Instruction	4281	S:0xC003F962	0xF85DEB04	0	POP      {lr}	false	
Instruction	4282	S:0xC003F966	0xF64B7640	0	MOV      r6,#0xbf40	false	
Instruction	4283	S:0xC003F96A	0xF2CC0664	0	MOVT     r6,#0xc064	false	
Instruction	4284	S:0xC003F96E	0x6876	0	LDR      r6,[r6,#4]	false	
Instruction	4285	S:0xC003F970	0xFBA18906	0	UMULL    r8,r9,r1,r6	false	
Instruction	4286	S:0xC003F974	0xEA4F7CE6	0	ASR      r12,r6,#31	false	
Instruction	4287	S:0xC003F978	0xFBA06706	0	UMULL    r6,r7,r0,r6	false	
Instruction	4288	S:0xC003F97C	0xFB01990C	0	MLA      r9,r1,r12,r9	false	
Instruction	4289	S:0xC003F980	0xEA4F4408	0	LSL      r4,r8,#16	false	
Instruction	4290	S:0xC003F984	0xFB00770C	0	MLA      r7,r0,r12,r7	false	
Instruction	4291	S:0xC003F988	0x0C32	0	LSRS     r2,r6,#16	false	
Instruction	4292	S:0xC003F98A	0xEA4F4509	0	LSL      r5,r9,#16	false	
Instruction	4293	S:0xC003F98E	0xEA454518	0	ORR      r5,r5,r8,LSR #16	false	
Instruction	4294	S:0xC003F992	0xEA424207	0	ORR      r2,r2,r7,LSL #16	false	
Instruction	4295	S:0xC003F996	0x0C3B	0	LSRS     r3,r7,#16	false	
Instruction	4296	S:0xC003F998	0x1912	0	ADDS     r2,r2,r4	false	
Instruction	4297	S:0xC003F99A	0xEB430305	0	ADC      r3,r3,r5	false	
Instruction	4298	S:0xC003F99E	0x4610	0	MOV      r0,r2	false	
Instruction	4299	S:0xC003F9A0	0x4619	0	MOV      r1,r3	false	
Instruction	4300	S:0xC003F9A2	0xE8BD03F0	0	POP      {r4-r9}	false	
Instruction	4301	S:0xC003F9A6	0x4770	24	BX       lr	true	
Instruction	4302	S:0xC0041F2E	0x2800	0	CMP      r0,#0	false	
Instruction	4303	S:0xC0041F30	0xF1710C00	0	SBCS     r12,r1,#0	false	
Instruction	4304	S:0xC0041F34	0xF2C080D9	1	BLT.W    {pc}+0x1b6 ; 0xc00420ea	true	fail
Instruction	4305	S:0xC0041F38	0x0A84	0	LSRS     r4,r0,#10	false	
Instruction	4306	S:0xC0041F3A	0x0A8D	0	LSRS     r5,r1,#10	false	
Instruction	4307	S:0xC0041F3C	0xEA445481	0	ORR      r4,r4,r1,LSL #22	false	
Instruction	4308	S:0xC0041F40	0xEA540005	0	ORRS     r0,r4,r5	false	
Instruction	4309	S:0xC0041F44	0xD0A5	6	BEQ      {pc}-0xb2 ; 0xc0041e92	true	
Instruction	4310	S:0xC0041E92	0xF8D93084	0	LDR      r3,[r9,#0x84]	false	
Instruction	4311	S:0xC0041E96	0xF5036390	0	ADD      r3,r3,#0x480	false	
Instruction	4312	S:0xC0041E9A	0xE9D32300	0	LDRD     r2,r3,[r3,#0]	false	
Instruction	4313	S:0xC0041E9E	0xE9C82308	0	STRD     r2,r3,[r8,#0x20]	false	
Instruction	4314	S:0xC0041EA2	0xF8D92084	0	LDR      r2,[r9,#0x84]	false	
Instruction	4315	S:0xC0041EA6	0xF8C98030	0	STR      r8,[r9,#0x30]	false	
Instruction	4316	S:0xC0041EAA	0xF8D83000	0	LDR      r3,[r8,#0]	false	
Instruction	4317	S:0xC0041EAE	0x6B12	0	LDR      r2,[r2,#0x30]	false	
Instruction	4318	S:0xC0041EB0	0xEBB20F43	0	CMP      r2,r3,LSL #1	false	
Instruction	4319	S:0xC0041EB4	0xE9D8230A	0	LDRD     r2,r3,[r8,#0x28]	false	
Instruction	4320	S:0xC0041EB8	0xD30E	11	BCC      {pc}+0x20 ; 0xc0041ed8	true	
Instruction	4321	S:0xC0041ED8	0xE9C8230E	0	STRD     r2,r3,[r8,#0x38]	false	
Instruction	4322	S:0xC0041EDC	0xB011	0	ADD      sp,sp,#0x44	false	
Instruction	4323	S:0xC0041EDE	0xE8BD8FF0	2	POP      {r4-r11,pc}	true	
Instruction	4324	S:0xC0042200	0xF8D54128	0	LDR      r4,[r5,#0x128]	false	
Instruction	4325	S:0xC0042204	0x2C00	0	CMP      r4,#0	false	
Instruction	4326	S:0xC0042206	0xD1DB	1	BNE      {pc}-0x46 ; 0xc00421c0	true	fail
Instruction	4327	S:0xC0042208	0x4B18	0	LDR      r3,[pc,#96] ; [0xC004226C] = 0xC05FC568	false	
Instruction	4328	S:0xC004220A	0x3D38	0	SUBS     r5,r5,#0x38	false	
Instruction	4329	S:0xC004220C	0x681B	0	LDR      r3,[r3,#0]	false	
Instruction	4330	S:0xC004220E	0x061A	0	LSLS     r2,r3,#24	false	
Instruction	4331	S:0xC0042210	0xD51A	58	BPL      {pc}+0x38 ; 0xc0042248	true	
Instruction	4332	S:0xC0042248	0x4628	0	MOV      r0,r5	false	
Instruction	4333	S:0xC004224A	0xBDF8	24	POP      {r3-r7,pc}	true	
Cycle Count				1071	Tracing disabled		
Info					Tracing enabled		
Instruction	4334	S:0xC000CCF8	0xF1010C1C	0	ADD      r12,r1,#0x1c	false	
Instruction	4335	S:0xC000CCFC	0x6E13	0	LDR      r3,[r2,#0x60]	false	
Instruction	4336	S:0xC000CCFE	0xE8AC0FF0	0	STM      r12!,{r4-r11}	false	
Instruction	4337	S:0xC000CD02	0xF84CDB04	0	STR      sp,[r12],#4	false	
Instruction	4338	S:0xC000CD06	0xF84CEB04	0	STR      lr,[r12],#4	false	
Instruction	4339	S:0xC000CD0A	0xEE0D3F70	0	MCR      p15,#0x0,r3,c13,c0,#3	false	
Instruction	4340	S:0xC000CD0E	0xF04F0400	0	MOV      r4,#0	false	
Instruction	4341	S:0xC000CD12	0xEE0D4F50	0	MCR      p15,#0x0,r4,c13,c0,#2	false	
Instruction	4342	S:0xC000CD16	0x4605	0	MOV      r5,r0	false	
Instruction	4343	S:0xC000CD18	0xF102041C	0	ADD      r4,r2,#0x1c	false	
Instruction	4344	S:0xC000CD1C	0x4806	0	LDR      r0,[pc,#24] ; [0xC000CD38] = 0xC0637C50	false	
Instruction	4345	S:0xC000CD1E	0xF04F0102	0	MOV      r1,#2	false	
Instruction	4346	S:0xC000CD22	0xF029FDF7	272	BL       {pc}+0x29bf2 ; 0xc0036914	true	
Instruction	4347	S:0xC0036914	0xB510	0	PUSH     {r4,lr}	false	
Instruction	4348	S:0xC0036916	0xB082	0	SUB      sp,sp,#8	false	
Instruction	4349	S:0xC0036918	0xB500	0	PUSH     {lr}	false	
Instruction	4350	S:0xC003691A	0xF85DEB04	0	POP      {lr}	false	
Instruction	4351	S:0xC003691E	0x2400	0	MOVS     r4,#0	false	
Instruction	4352	S:0xC0036920	0xF04F33FF	0	MOV      r3,#0xffffffff	false	
Instruction	4353	S:0xC0036924	0x9400	0	STR      r4,[sp,#0]	false	
Instruction	4354	S:0xC0036926	0xF7FFFFE9	2	BL       {pc}-0x2a ; 0xc00368fc	true	
Instruction	4355	S:0xC00368FC	0xB510	0	PUSH     {r4,lr}	false	
Instruction	4356	S:0xC00368FE	0xB082	0	SUB      sp,sp,#8	false	
Instruction	4357	S:0xC0036900	0xB500	0	PUSH     {lr}	false	
Instruction	4358	S:0xC0036902	0xF85DEB04	0	POP      {lr}	false	
Instruction	4359	S:0xC0036906	0x9C04	0	LDR      r4,[sp,#0x10]	false	
Instruction	4360	S:0xC0036908	0x9400	0	STR      r4,[sp,#0]	false	
Instruction	4361	S:0xC003690A	0x3004	0	ADDS     r0,#4	false	
Instruction	4362	S:0xC003690C	0xF7FFFFCC	2	BL       {pc}-0x64 ; 0xc00368a8	true	
Instruction	4363	S:0xC00368A8	0xE92D41F0	0	PUSH     {r4-r8,lr}	false	
Instruction	4364	S:0xC00368AC	0xB500	0	PUSH     {lr}	false	
Instruction	4365	S:0xC00368AE	0xF85DEB04	0	POP      {lr}	false	
Instruction	4366	S:0xC00368B2	0x461D	0	MOV      r5,r3	false	
Instruction	4367	S:0xC00368B4	0x6804	0	LDR      r4,[r0,#0]	false	
Instruction	4368	S:0xC00368B6	0x460F	0	MOV      r7,r1	false	
Instruction	4369	S:0xC00368B8	0x4690	0	MOV      r8,r2	false	
Instruction	4370	S:0xC00368BA	0x9E06	0	LDR      r6,[sp,#0x18]	false	
Instruction	4371	S:0xC00368BC	0x2B00	0	CMP      r3,#0	false	
Instruction	4372	S:0xC00368BE	0xBF18	0	IT       NE	false	
Instruction	4373	S:0xC00368C0	0x2C00	0	CMP      r4,#0	false	
Instruction	4374	S:0xC00368C2	0xBF0C	0	ITE      EQ	false	
Instruction	4375	S:0xC00368C4	0x2000	0	MOVS     r0,#0	false	
Instruction	4376	S:0xC00368C6	0x2001	0	MOVS     r0,#1	false	
Instruction	4377	S:0xC00368C8	0xD10A	127	BNE      {pc}+0x18 ; 0xc00368e0	true	
Instruction	4378	S:0xC00368E0	0x6823	0	LDR      r3,[r4,#0]	false	
Instruction	4379	S:0xC00368E2	0x4620	0	MOV      r0,r4	false	
Instruction	4380	S:0xC00368E4	0x4639	0	MOV      r1,r7	false	
Instruction	4381	S:0xC00368E6	0x4642	0	MOV      r2,r8	false	
Instruction	4382	S:0xC00368E8	0x6864	0	LDR      r4,[r4,#4]	false	
Instruction	4383	S:0xC00368EA	0x4798	19	BLX      r3	true	
Instruction	4384	S:0xC0008C20	0xB538	0	PUSH     {r3-r5,lr}	false	
Instruction	4385	S:0xC0008C22	0xB500	0	PUSH     {lr}	false	
Instruction	4386	S:0xC0008C24	0xF85DEB04	0	POP      {lr}	false	
Instruction	4387	S:0xC0008C28	0x4614	0	MOV      r4,r2	false	
Instruction	4388	S:0xC0008C2A	0x2903	0	CMP      r1,#3	false	
Instruction	4389	S:0xC0008C2C	0xD816	276	BHI      {pc}+0x30 ; 0xc0008c5c	true	fail
Instruction	4390	S:0xC0008C2E	0xE8DFF001	22	TBB      [pc,r1]	true	
Instruction	4391	S:0xC0008C60	0xEEF84A10	0	VMRS     r4,FPEXC	false	
Instruction	4392	S:0xC0008C64	0x0060	0	LSLS     r0,r4,#1	false	
Instruction	4393	S:0xC0008C66	0x6953	0	LDR      r3,[r2,#0x14]	false	
Instruction	4394	S:0xC0008C68	0xD507	31	BPL      {pc}+0x12 ; 0xc0008c7a	true	
Instruction	4395	S:0xC0008C7A	0xF0244480	0	BIC      r4,r4,#0x40000000	false	
Instruction	4396	S:0xC0008C7E	0xEEE84A10	0	VMSR     FPEXC,r4	false	
Instruction	4397	S:0xC0008C82	0x2000	0	MOVS     r0,#0	false	
Instruction	4398	S:0xC0008C84	0xBD38	64	POP      {r3-r5,pc}	true	
Instruction	4399	S:0xC00368EC	0xB116	1	CBZ      r6,{pc}+8 ; 0xc00368f4	true	
Instruction	4400	S:0xC00368F4	0x0403	0	LSLS     r3,r0,#16	false	
Instruction	4401	S:0xC00368F6	0xD5E9	1	BPL      {pc}-0x2a ; 0xc00368cc	true	
Instruction	4402	S:0xC00368CC	0x3D01	0	SUBS     r5,#1	false	
Instruction	4403	S:0xC00368CE	0xBF0C	0	ITE      EQ	false	
Instruction	4404	S:0xC00368D0	0x2300	0	MOVS     r3,#0	false	
Instruction	4405	S:0xC00368D2	0x2301	0	MOVS     r3,#1	false	
Instruction	4406	S:0xC00368D4	0x2C00	0	CMP      r4,#0	false	
Instruction	4407	S:0xC00368D6	0xBF0C	0	ITE      EQ	false	
Instruction	4408	S:0xC00368D8	0x2300	0	MOVS     r3,#0	false	
Instruction	4409	S:0xC00368DA	0xF0030301	0	AND      r3,r3,#1	false	
Instruction	4410	S:0xC00368DE	0xB15B	3	CBZ      r3,{pc}+0x1a ; 0xc00368f8	true	
Instruction	4411	S:0xC00368F8	0xE8BD81F0	8	POP      {r4-r8,pc}	true	
Instruction	4412	S:0xC0036910	0xB002	0	ADD      sp,sp,#8	false	
Instruction	4413	S:0xC0036912	0xBD10	2	POP      {r4,pc}	true	
Instruction	4414	S:0xC003692A	0xB002	0	ADD      sp,sp,#8	false	
Instruction	4415	S:0xC003692C	0xBD10	3	POP      {r4,pc}	true	
Instruction	4416	S:0xC000CD26	0x46A4	0	MOV      r12,r4	false	
Instruction	4417	S:0xC000CD28	0x4628	0	MOV      r0,r5	false	
Instruction	4418	S:0xC000CD2A	0xE8BC0FF0	0	LDM      r12!,{r4-r11}	false	
Instruction	4419	S:0xC000CD2E	0xF85CDB04	0	LDR      sp,[r12],#4	false	
Instruction	4420	S:0xC000CD32	0xF8DCF000	15	LDR      pc,[r12,#0]	true	
Instruction	4421	S:0xC03E398E	0x?	675	Cannot access target memory	false	
Instruction	4422	S:?	0x?	291	Unknown instruction address	false	fail
Instruction	4423	S:?	0x?	546	Unknown instruction address	false	fail
Instruction	4424	S:?	0x?	100	Unknown instruction address	false	fail
Instruction	4425	S:?	0x?	19	Unknown instruction address	false	fail
Instruction	4426	S:?	0x?	1	Unknown instruction address	false	fail
Instruction	4427	S:?	0x?	76	Unknown instruction address	false	
Cycle Count				2206	Tracing disabled		
Info					Tracing enabled		
Instruction	4428	S:0xC002D904	0xB5F0	0	PUSH     {r4-r7,lr}	false	
Instruction	4429	S:0xC002D906	0xB089	0	SUB      sp,sp,#0x24	false	
Instruction	4430	S:0xC002D908	0xB500	0	PUSH     {lr}	false	
Instruction	4431	S:0xC002D90A	0xF85DEB04	0	POP      {lr}	false	
Instruction	4432	S:0xC002D90E	0x4604	0	MOV      r4,r0	false	
Instruction	4433	S:0xC002D910	0xB672	0	CPSID    i	false	
Instruction	4434	S:0xC002D912	0xF7FFFE59	269	BL       {pc}-0x34a ; 0xc002d5c8	true	
Instruction	4435	S:0xC002D5C8	0xB500	0	PUSH     {lr}	false	
Instruction	4436	S:0xC002D5CA	0xF85DEB04	0	POP      {lr}	false	
Instruction	4437	S:0xC002D5CE	0x6801	0	LDR      r1,[r0,#0]	false	
Instruction	4438	S:0xC002D5D0	0xF0110004	0	ANDS     r0,r1,#4	false	
Instruction	4439	S:0xC002D5D4	0xD110	297	BNE      {pc}+0x24 ; 0xc002d5f8	true	fail
Instruction	4440	S:0xC002D5D6	0x0949	0	LSRS     r1,r1,#5	false	
Instruction	4441	S:0xC002D5D8	0xF06F4378	0	MVN      r3,#0xf8000000	false	
Instruction	4442	S:0xC002D5DC	0x4299	0	CMP      r1,r3	false	
Instruction	4443	S:0xC002D5DE	0xD00A	2	BEQ      {pc}+0x18 ; 0xc002d5f6	true	fail
Instruction	4444	S:0xC002D5E0	0x4B0A	0	LDR      r3,[pc,#40] ; [0xC002D60C] = 0xC064AEB0	false	
Instruction	4445	S:0xC002D5E2	0x689B	0	LDR      r3,[r3,#8]	false	
Instruction	4446	S:0xC002D5E4	0xB123	80	CBZ      r3,{pc}+0xc ; 0xc002d5f0	true	fail
Instruction	4447	S:0xC002D5E6	0x681A	0	LDR      r2,[r3,#0]	false	
Instruction	4448	S:0xC002D5E8	0xF02100FF	0	BIC      r0,r1,#0xff	false	
Instruction	4449	S:0xC002D5EC	0x4290	0	CMP      r0,r2	false	
Instruction	4450	S:0xC002D5EE	0xD007	263	BEQ      {pc}+0x12 ; 0xc002d600	true	
Instruction	4451	S:0xC002D600	0xB2C9	0	UXTB     r1,r1	false	
Instruction	4452	S:0xC002D602	0x3108	0	ADDS     r1,r1,#8	false	
Instruction	4453	S:0xC002D604	0xEB030381	0	ADD      r3,r3,r1,LSL #2	false	
Instruction	4454	S:0xC002D608	0x6858	0	LDR      r0,[r3,#4]	false	
Instruction	4455	S:0xC002D60A	0x4770	131	BX       lr	true	
Instruction	4456	S:0xC002D916	0x4605	0	MOV      r5,r0	false	
Instruction	4457	S:0xC002D918	0x2800	0	CMP      r0,#0	false	
Instruction	4458	S:0xC002D91A	0xD037	1	BEQ      {pc}+0x72 ; 0xc002d98c	true	fail
Instruction	4459	S:0xC002D91C	0xF3B6FE4C	1	BL       {pc}+0x3b6c9c ; 0xc03e45b8	true	
Cycle Count				608	Tracing disabled		
Info					Tracing enabled		
Instruction	4460	S:0xC002D920	0x6820	0	LDR      r0,[r4,#0]	false	
Instruction	4461	S:0xC002D922	0x0742	0	LSLS     r2,r0,#29	false	
Instruction	4462	S:0xC002D924	0xD535	253	BPL      {pc}+0x6e ; 0xc002d992	true	
Instruction	4463	S:0xC002D992	0x4621	0	MOV      r1,r4	false	
Instruction	4464	S:0xC002D994	0x4628	0	MOV      r0,r5	false	
Instruction	4465	S:0xC002D996	0xF7FEFDA9	14	BL       {pc}-0x14aa ; 0xc002c4ec	true	
Instruction	4466	S:0xC002C4EC	0xB500	0	PUSH     {lr}	false	
Instruction	4467	S:0xC002C4EE	0xF85DEB04	0	POP      {lr}	false	
Instruction	4468	S:0xC002C4F2	0x2301	0	MOVS     r3,#1	false	
Instruction	4469	S:0xC002C4F4	0xF6C96337	0	MOVT     r3,#0x9e37	false	
Instruction	4470	S:0xC002C4F8	0xFB03F301	0	MUL      r3,r3,r1	false	
Instruction	4471	S:0xC002C4FC	0x0E9B	0	LSRS     r3,r3,#26	false	
Instruction	4472	S:0xC002C4FE	0xEB000083	0	ADD      r0,r0,r3,LSL #2	false	
Instruction	4473	S:0xC002C502	0xF8D00094	0	LDR      r0,[r0,#0x94]	false	
Instruction	4474	S:0xC002C506	0xB938	372	CBNZ     r0,{pc}+0x12 ; 0xc002c518	true	fail
Instruction	4475	S:0xC002C508	0x4770	1	BX       lr	true	
Instruction	4476	S:0xC002D99A	0x4604	0	MOV      r4,r0	false	
Instruction	4477	S:0xC002D99C	0xB198	1	CBZ      r0,{pc}+0x2a ; 0xc002d9c6	true	
Instruction	4478	S:0xC002D9C6	0xF3BF8F5F	0	DMB      	false	
Instruction	4479	S:0xC002D9CA	0x882B	0	LDRH     r3,[r5,#0]	false	
Instruction	4480	S:0xC002D9CC	0x3301	0	ADDS     r3,#1	false	
Instruction	4481	S:0xC002D9CE	0x802B	0	STRH     r3,[r5,#0]	false	
Instruction	4482	S:0xC002D9D0	0xF3BF8F4F	0	DSB      	false	
Instruction	4483	S:0xC002D9D4	0xF3AF8004	0	SEV.W    	false	
Instruction	4484	S:0xC002D9D8	0xB662	0	CPSIE    i	false	
Instruction	4485	S:0xC002D9DA	0xE7D8	826	B        {pc}-0x4c ; 0xc002d98e	true	
Instruction	4486	S:0xC002D98E	0x2000	0	MOVS     r0,#0	false	
Instruction	4487	S:0xC002D990	0xE7FA	5	B        {pc}-8 ; 0xc002d988	true	
Instruction	4488	S:0xC002D988	0xB009	0	ADD      sp,sp,#0x24	false	
Instruction	4489	S:0xC002D98A	0xBDF0	15	POP      {r4-r7,pc}	true	
Timestamp					Timestamp: 562537009345		
Cycle Count				4314	Tracing disabled		
Info					Tracing enabled		
Instruction	4490	S:0xC000C840	0xB091	0	SUB      sp,sp,#0x44	false	
Instruction	4491	S:0xC000C842	0x9000	0	STR      r0,[sp,#0]	false	
Instruction	4492	S:0xC000C844	0x4668	0	MOV      r0,sp	false	
Instruction	4493	S:0xC000C846	0xF0100F04	0	TST      r0,#4	false	
Instruction	4494	S:0xC000C84A	0x9800	0	LDR      r0,[sp,#0]	false	
Instruction	4495	S:0xC000C84C	0xBF08	0	IT       EQ	false	
Instruction	4496	S:0xC000C84E	0xB081	0	SUB      sp,sp,#4	false	
Instruction	4497	S:0xC000C850	0xE88D1FFE	0	STM      sp,{r1-r12}	false	
Instruction	4498	S:0xC000C854	0xE8900038	0	LDM      r0,{r3-r5}	false	
Instruction	4499	S:0xC000C858	0xAF0C	0	ADD      r7,sp,#0x30	false	
Instruction	4500	S:0xC000C85A	0xF04F36FF	0	MOV      r6,#0xffffffff	false	
Instruction	4501	S:0xC000C85E	0xAA11	0	ADD      r2,sp,#0x44	false	
Instruction	4502	S:0xC000C860	0xBF08	0	IT       EQ	false	
Instruction	4503	S:0xC000C862	0x3204	0	ADDS     r2,#4	false	
Instruction	4504	S:0xC000C864	0xF84D3D04	0	PUSH.W   {r3}	false	
Instruction	4505	S:0xC000C868	0x4673	0	MOV      r3,lr	false	
Instruction	4506	S:0xC000C86A	0xE887007C	0	STM      r7,{r2-r6}	false	
Instruction	4507	S:0xC000C86E	0x466A	0	MOV      r2,sp	false	
Instruction	4508	S:0xC000C870	0xF00AFD76	348	BL       {pc}+0xaaf0 ; 0xc0017360	true	
Timestamp					Timestamp: 562537009438		
Instruction	4509	S:0xC0017360	0xF3BF8F2F	0	CLREX    	false	
Instruction	4510	S:0xC0017364	0xEE151F10	0	MRC      p15,#0x0,r1,c5,c0,#0	false	
Instruction	4511	S:0xC0017368	0xEE160F10	0	MRC      p15,#0x0,r0,c6,c0,#0	false	
Instruction	4512	S:0xC001736C	0xF7F0BFBC	198	B        {pc}-0xf084 ; 0xc00082e8	true	
Instruction	4513	S:0xC00082E8	0xE92D43F0	0	PUSH     {r4-r9,lr}	false	
Instruction	4514	S:0xC00082EC	0xB0A3	0	SUB      sp,sp,#0x8c	false	
Instruction	4515	S:0xC00082EE	0xB500	0	PUSH     {lr}	false	
Instruction	4516	S:0xC00082F0	0xF004FD8C	242	BL       {pc}+0x4b1c ; 0xc000ce0c	true	
Instruction	4517	S:0xC000CE0C	0x46F4	0	MOV      r12,lr	false	
Instruction	4518	S:0xC000CE0E	0xF85DEB04	0	POP      {lr}	false	
Instruction	4519	S:0xC000CE12	0x46E7	29	MOV      pc,r12	true	
Instruction	4520	S:0xC00082F4	0xF4016580	0	AND      r5,r1,#0x400	false	
Instruction	4521	S:0xC00082F8	0xF001030F	0	AND      r3,r1,#0xf	false	
Instruction	4522	S:0xC00082FC	0x4E14	0	LDR      r6,[pc,#80] ; [0xC0008350] = 0xC0601FE0	false	
Instruction	4523	S:0xC00082FE	0xEA431595	0	ORR      r5,r3,r5,LSR #6	false	
Instruction	4524	S:0xC0008302	0x460C	0	MOV      r4,r1	false	
Instruction	4525	S:0xC0008304	0xF0214100	0	BIC      r1,r1,#0x80000000	false	
Instruction	4526	S:0xC0008308	0x4607	0	MOV      r7,r0	false	
Instruction	4527	S:0xC000830A	0x012D	0	LSLS     r5,r5,#4	false	
Instruction	4528	S:0xC000830C	0x4690	0	MOV      r8,r2	false	
Instruction	4529	S:0xC000830E	0xEB060905	0	ADD      r9,r6,r5	false	
Instruction	4530	S:0xC0008312	0x5975	0	LDR      r5,[r6,r5]	false	
Instruction	4531	S:0xC0008314	0x47A8	207	BLX      r5	true	
Instruction	4532	S:0xC0015428	0xE92D4FF0	0	PUSH     {r4-r11,lr}	false	
Instruction	4533	S:0xC001542C	0xB09B	0	SUB      sp,sp,#0x6c	false	
Instruction	4534	S:0xC001542E	0xB500	0	PUSH     {lr}	false	
Instruction	4535	S:0xC0015430	0xF85DEB04	0	POP      {lr}	false	
Instruction	4536	S:0xC0015434	0x466B	0	MOV      r3,sp	false	
Instruction	4537	S:0xC0015436	0xF42355FF	0	BIC      r5,r3,#0x1fe0	false	
Instruction	4538	S:0xC001543A	0x6C13	0	LDR      r3,[r2,#0x40]	false	
Instruction	4539	S:0xC001543C	0xF025051F	0	BIC      r5,r5,#0x1f	false	
Instruction	4540	S:0xC0015440	0xF4116B00	0	ANDS     r11,r1,#0x800	false	
Instruction	4541	S:0xC0015444	0xBF0C	0	ITE      EQ	false	
Instruction	4542	S:0xC0015446	0xF04F0A28	0	MOV      r10,#0x28	false	
Instruction	4543	S:0xC001544A	0xF04F0A29	0	MOV      r10,#0x29	false	
Instruction	4544	S:0xC001544E	0x061B	0	LSLS     r3,r3,#24	false	
Instruction	4545	S:0xC0015450	0x68EF	0	LDR      r7,[r5,#0xc]	false	
Instruction	4546	S:0xC0015452	0x4616	0	MOV      r6,r2	false	
Instruction	4547	S:0xC0015454	0x460C	0	MOV      r4,r1	false	
Instruction	4548	S:0xC0015456	0x4681	0	MOV      r9,r0	false	
Instruction	4549	S:0xC0015458	0xF8D7820C	0	LDR      r8,[r7,#0x20c]	false	
Instruction	4550	S:0xC001545C	0xD400	208	BMI      {pc}+4 ; 0xc0015460	true	fail
Instruction	4551	S:0xC001545E	0xB662	0	CPSIE    i	false	
Instruction	4552	S:0xC0015460	0x686B	0	LDR      r3,[r5,#4]	false	
Instruction	4553	S:0xC0015462	0xF0334180	0	BICS     r1,r3,#0x40000000	false	
Instruction	4554	S:0xC0015466	0xD103	48	BNE      {pc}+0xa ; 0xc0015470	true	fail
Instruction	4555	S:0xC0015468	0xF3EF8300	0	MRS      r3,APSR ; formerly CPSR	false	
Instruction	4556	S:0xC001546C	0x0618	0	LSLS     r0,r3,#24	false	
Instruction	4557	S:0xC001546E	0xD509	23	BPL      {pc}+0x16 ; 0xc0015484	true	
Instruction	4558	S:0xC0015484	0xF1B80F00	0	CMP      r8,#0	false	
Instruction	4559	S:0xC0015488	0xD0F2	16	BEQ      {pc}-0x18 ; 0xc0015470	true	fail
Instruction	4560	S:0xC001548A	0xF108023C	0	ADD      r2,r8,#0x3c	false	
Instruction	4561	S:0xC001548E	0x9205	0	STR      r2,[sp,#0x14]	false	
Instruction	4562	S:0xC0015490	0x4610	0	MOV      r0,r2	false	
Instruction	4563	S:0xC0015492	0xF020FD2D	19	BL       {pc}+0x20a5e ; 0xc0035ef0	true	
Instruction	4564	S:0xC0035EF0	0xB500	0	PUSH     {lr}	false	
Instruction	4565	S:0xC0035EF2	0xF85DEB04	0	POP      {lr}	false	
Instruction	4566	S:0xC0035EF6	0xF220BBB5	256	B.W      {pc}+0x22076e ; 0xc0256664	true	
Cycle Count				1195	Tracing disabled		
Info					Tracing enabled		
Instruction	4567	S:0xC0015496	0xB928	1	CBNZ     r0,{pc}+0xe ; 0xc00154a4	true	
Instruction	4568	S:0xC00154A4	0x4640	0	MOV      r0,r8	false	
Instruction	4569	S:0xC00154A6	0x4649	0	MOV      r1,r9	false	
Instruction	4570	S:0xC00154A8	0xF08FF836	1	BL       {pc}+0x8f070 ; 0xc00a4518	true	
Cycle Count				1556	Tracing disabled		
Info					Tracing enabled		
Instruction	4571	S:0xC00154AC	0x4603	0	MOV      r3,r0	false	
Instruction	4572	S:0xC00154AE	0x2800	0	CMP      r0,#0	false	
Instruction	4573	S:0xC00154B0	0xF00080AE	1	BEQ.W    {pc}+0x160 ; 0xc0015610	true	fail
Instruction	4574	S:0xC00154B4	0x6802	0	LDR      r2,[r0,#0]	false	
Instruction	4575	S:0xC00154B6	0x4591	0	CMP      r9,r2	false	
Instruction	4576	S:0xC00154B8	0xF0C0809C	4	BCC.W    {pc}+0x13c ; 0xc00155f4	true	fail
Instruction	4577	S:0xC00154BC	0xF1BB0F00	0	CMP      r11,#0	false	
Instruction	4578	S:0xC00154C0	0xBF0C	0	ITE      EQ	false	
Instruction	4579	S:0xC00154C2	0x2207	0	MOVS     r2,#7	false	
Instruction	4580	S:0xC00154C4	0x2202	0	MOVS     r2,#2	false	
Instruction	4581	S:0xC00154C6	0x6A99	0	LDR      r1,[r3,#0x28]	false	
Instruction	4582	S:0xC00154C8	0xEA320224	0	BICS     r2,r2,r4,ASR #32	false	
Instruction	4583	S:0xC00154CC	0xBF28	0	IT       CS	false	
Instruction	4584	S:0xC00154CE	0x2204	0	MOVS     r2,#4	false	
Instruction	4585	S:0xC00154D0	0x420A	0	TST      r2,r1	false	
Instruction	4586	S:0xC00154D2	0xBF04	0	ITT      EQ	false	
Instruction	4587	S:0xC00154D4	0xF44F3300	0	MOV      r3,#0x20000	false	
Instruction	4588	S:0xC00154D8	0x9306	0	STR      r3,[sp,#0x18]	false	
Instruction	4589	S:0xC00154DA	0xD155	8	BNE      {pc}+0xae ; 0xc0015588	true	
Instruction	4590	S:0xC0015588	0xF429627F	0	BIC      r2,r9,#0xff0	false	
Instruction	4591	S:0xC001558C	0x4619	0	MOV      r1,r3	false	
Instruction	4592	S:0xC001558E	0xF022020F	0	BIC      r2,r2,#0xf	false	
Instruction	4593	S:0xC0015592	0x4653	0	MOV      r3,r10	false	
Instruction	4594	S:0xC0015594	0x4640	0	MOV      r0,r8	false	
Instruction	4595	S:0xC0015596	0xF08DFDD3	31	BL       {pc}+0x8dbaa ; 0xc00a3140	true	
Cycle Count				691	Tracing disabled		
Info					Tracing enabled		
Instruction	4596	S:0xC00170F4	0xB5F8	0	PUSH     {r3-r7,lr}	false	
Instruction	4597	S:0xC00170F6	0xB500	0	PUSH     {lr}	false	
Instruction	4598	S:0xC00170F8	0xF85DEB04	0	POP      {lr}	false	
Instruction	4599	S:0xC00170FC	0x466B	0	MOV      r3,sp	false	
Instruction	4600	S:0xC00170FE	0xF42355FF	0	BIC      r5,r3,#0x1fe0	false	
Instruction	4601	S:0xC0017102	0x4604	0	MOV      r4,r0	false	
Instruction	4602	S:0xC0017104	0xF025051F	0	BIC      r5,r5,#0x1f	false	
Instruction	4603	S:0xC0017108	0x686B	0	LDR      r3,[r5,#4]	false	
Instruction	4604	S:0xC001710A	0x3301	0	ADDS     r3,#1	false	
Instruction	4605	S:0xC001710C	0x606B	0	STR      r3,[r5,#4]	false	
Instruction	4606	S:0xC001710E	0x6802	0	LDR      r2,[r0,#0]	false	
Instruction	4607	S:0xC0017110	0x4E33	0	LDR      r6,[pc,#204] ; [0xC00171E0] = 0xC06381A8	false	
Instruction	4608	S:0xC0017112	0xF3C27341	0	UBFX     r3,r2,#29,#2	false	
Instruction	4609	S:0xC0017116	0x0FD2	0	LSRS     r2,r2,#31	false	
Instruction	4610	S:0xC0017118	0xEB030343	0	ADD      r3,r3,r3,LSL #1	false	
Instruction	4611	S:0xC001711C	0xF8562022	0	LDR      r2,[r6,r2,LSL #2]	false	
Instruction	4612	S:0xC0017120	0xEB022303	0	ADD      r3,r2,r3,LSL #8	false	
Instruction	4613	S:0xC0017124	0xF8D322CC	0	LDR      r2,[r3,#0x2cc]	false	
Instruction	4614	S:0xC0017128	0x1A9B	0	SUBS     r3,r3,r2	false	
Instruction	4615	S:0xC001712A	0xF5B37F40	0	CMP      r3,#0x300	false	
Instruction	4616	S:0xC001712E	0xD00B	580	BEQ      {pc}+0x1a ; 0xc0017148	true	
Instruction	4617	S:0xC0017148	0x4620	0	MOV      r0,r4	false	
Instruction	4618	S:0xC001714A	0xF088FE05	13	BL       {pc}+0x88c0e ; 0xc009fd58	true	
Cycle Count				2629	Tracing disabled		
Info					Tracing enabled		
Instruction	4619	S:0xC001714E	0xB100	1	CBZ      r0,{pc}+4 ; 0xc0017152	true	
Instruction	4620	S:0xC0017152	0xEE1D1F90	0	MRC      p15,#0x0,r1,c13,c0,#4	false	
Instruction	4621	S:0xC0017156	0x4602	0	MOV      r2,r0	false	
Instruction	4622	S:0xC0017158	0x4B23	0	LDR      r3,[pc,#140] ; [0xC00171E8] = 0xC05F1E4C	false	
Instruction	4623	S:0xC001715A	0x58C8	0	LDR      r0,[r1,r3]	false	
Instruction	4624	S:0xC001715C	0xF8DFE094	0	LDR      lr,[pc,#148] ; [0xC00171F4] = 0xC063810C	false	
Instruction	4625	S:0xC0017160	0x3001	0	ADDS     r0,#1	false	
Instruction	4626	S:0xC0017162	0x50C8	0	STR      r0,[r1,r3]	false	
Instruction	4627	S:0xC0017164	0x6821	0	LDR      r1,[r4,#0]	false	
Instruction	4628	S:0xC0017166	0xEE1D0F90	0	MRC      p15,#0x0,r0,c13,c0,#4	false	
Instruction	4629	S:0xC001716A	0x696D	0	LDR      r5,[r5,#0x14]	false	
Instruction	4630	S:0xC001716C	0x0FCF	0	LSRS     r7,r1,#31	false	
Instruction	4631	S:0xC001716E	0x58C1	0	LDR      r1,[r0,r3]	false	
Instruction	4632	S:0xC0017170	0xF8DE0000	0	LDR      r0,[lr,#0]	false	
Instruction	4633	S:0xC0017174	0xF8563027	0	LDR      r3,[r6,r7,LSL #2]	false	
Instruction	4634	S:0xC0017178	0x3901	0	SUBS     r1,#1	false	
Instruction	4635	S:0xC001717A	0xEB011505	0	ADD      r5,r1,r5,LSL #4	false	
Instruction	4636	S:0xC001717E	0x491B	0	LDR      r1,[pc,#108] ; [0xC00171EC] = 0xC06380F4	false	
Instruction	4637	S:0xC0017180	0x6807	0	LDR      r7,[r0,#0]	false	
Instruction	4638	S:0xC0017182	0xF8D30940	0	LDR      r0,[r3,#0x940]	false	
Instruction	4639	S:0xC0017186	0x032D	0	LSLS     r5,r5,#12	false	
Instruction	4640	S:0xC0017188	0xF8D36948	0	LDR      r6,[r3,#0x948]	false	
Instruction	4641	S:0xC001718C	0xF5A51580	0	SUB      r5,r5,#0x100000	false	
Instruction	4642	S:0xC0017190	0x1A24	0	SUBS     r4,r4,r0	false	
Instruction	4643	S:0xC0017192	0x6809	0	LDR      r1,[r1,#0]	false	
Instruction	4644	S:0xC0017194	0xF3C53008	0	UBFX     r0,r5,#12,#9	false	
Instruction	4645	S:0xC0017198	0xF427637F	0	BIC      r3,r7,#0xff0	false	
Instruction	4646	S:0xC001719C	0xEB061464	0	ADD      r4,r6,r4,ASR #5	false	
Instruction	4647	S:0xC00171A0	0xF4417100	0	ORR      r1,r1,#0x200	false	
Instruction	4648	S:0xC00171A4	0xF023030F	0	BIC      r3,r3,#0xf	false	
Instruction	4649	S:0xC00171A8	0xEA413104	0	ORR      r1,r1,r4,LSL #12	false	
Instruction	4650	S:0xC00171AC	0xF1A34340	0	SUB      r3,r3,#0xc0000000	false	
Instruction	4651	S:0xC00171B0	0xEB030080	0	ADD      r0,r3,r0,LSL #2	false	
Instruction	4652	S:0xC00171B4	0xF000FC94	361	BL       {pc}+0x92c ; 0xc0017ae0	true	
Instruction	4653	S:0xC0017AE0	0x6001	0	STR      r1,[r0,#0]	false	
Instruction	4654	S:0xC0017AE2	0xF421737C	0	BIC      r3,r1,#0x3f0	false	
Instruction	4655	S:0xC0017AE6	0xF0230303	0	BIC      r3,r3,#3	false	
Instruction	4656	S:0xC0017AEA	0xEA430302	0	ORR      r3,r3,r2	false	
Instruction	4657	S:0xC0017AEE	0xF0430312	0	ORR      r3,r3,#0x12	false	
Instruction	4658	S:0xC0017AF2	0xF0110F10	0	TST      r1,#0x10	false	
Instruction	4659	S:0xC0017AF6	0xBF18	0	IT       NE	false	
Instruction	4660	S:0xC0017AF8	0xF0430340	0	ORR      r3,r3,#0x40	false	
Instruction	4661	S:0xC0017AFC	0xF0810140	0	EOR      r1,r1,#0x40	false	
Instruction	4662	S:0xC0017B00	0xF0110FC0	0	TST      r1,#0xc0	false	
Instruction	4663	S:0xC0017B04	0xBF18	0	IT       NE	false	
Instruction	4664	S:0xC0017B06	0xF4437300	0	ORR      r3,r3,#0x200	false	
Instruction	4665	S:0xC0017B0A	0xF4117F80	0	TST      r1,#0x100	false	
Instruction	4666	S:0xC0017B0E	0xBF18	0	IT       NE	false	
Instruction	4667	S:0xC0017B10	0xF0430320	0	ORR      r3,r3,#0x20	false	
Instruction	4668	S:0xC0017B14	0xF4117F00	0	TST      r1,#0x200	false	
Instruction	4669	S:0xC0017B18	0xBF18	0	IT       NE	false	
Instruction	4670	S:0xC0017B1A	0xF0430301	0	ORR      r3,r3,#1	false	
Instruction	4671	S:0xC0017B1E	0xF0110F02	0	TST      r1,#2	false	
Instruction	4672	S:0xC0017B22	0xBF1D	0	ITTTE    NE	false	
Instruction	4673	S:0xC0017B24	0xF0110F01	0	TST      r1,#1	false	
Instruction	4674	S:0xC0017B28	0xF4816100	0	EOR      r1,r1,#0x800	false	
Instruction	4675	S:0xC0017B2C	0xF4116F00	0	TST      r1,#0x800	false	
Instruction	4676	S:0xC0017B30	0x2300	0	MOVS     r3,#0	false	
Instruction	4677	S:0xC0017B32	0xF5006000	0	ADD      r0,r0,#0x800	false	
Instruction	4678	S:0xC0017B36	0x6003	0	STR      r3,[r0,#0]	false	
Instruction	4679	S:0xC0017B38	0x46F7	18	MOV      pc,lr	true	
Instruction	4680	S:0xC00171B8	0x4B0D	0	LDR      r3,[pc,#52] ; [0xC00171F0] = 0xC05FC4E0	false	
Instruction	4681	S:0xC00171BA	0x4628	0	MOV      r0,r5	false	
Instruction	4682	S:0xC00171BC	0x689B	0	LDR      r3,[r3,#8]	false	
Instruction	4683	S:0xC00171BE	0xF3BF8F4F	0	DSB      	false	
Instruction	4684	S:0xC00171C2	0xF0130F10	0	TST      r3,#0x10	false	
Instruction	4685	S:0xC00171C6	0xBF18	0	IT       NE	false	
Instruction	4686	S:0xC00171C8	0xEE085F37	0	MCR      p15,#0x0,r5,c8,c7,#1	false	
Instruction	4687	S:0xC00171CC	0xF4131F80	0	TST      r3,#0x100000	false	
Instruction	4688	S:0xC00171D0	0xBF18	0	IT       NE	false	
Instruction	4689	S:0xC00171D2	0xEE085F33	0	MCR      p15,#0x0,r5,c8,c3,#1	false	
Instruction	4690	S:0xC00171D6	0xF3BF8F4F	0	DSB      	false	
Instruction	4691	S:0xC00171DA	0xF3BF8F6F	1025	ISB      	false	
Timestamp					Timestamp: 562537009625		
Instruction	4692	S:0xC00171DE	0xBDF8	37	POP      {r3-r7,pc}	true	
Cycle Count				383	Tracing disabled		
Info					Tracing enabled		
Instruction	4693	S:0xC001703C	0xB508	0	PUSH     {r3,lr}	false	
Instruction	4694	S:0xC001703E	0xB500	0	PUSH     {lr}	false	
Instruction	4695	S:0xC0017040	0xF85DEB04	0	POP      {lr}	false	
Instruction	4696	S:0xC0017044	0xF5101F80	0	CMN      r0,#0x100000	false	
Instruction	4697	S:0xC0017048	0xD223	17	BCS      {pc}+0x4a ; 0xc0017092	true	
Instruction	4698	S:0xC0017092	0xEE1D2F90	0	MRC      p15,#0x0,r2,c13,c0,#4	false	
Instruction	4699	S:0xC0017096	0x4B04	0	LDR      r3,[pc,#16] ; [0xC00170A8] = 0xC05F1E4C	false	
Instruction	4700	S:0xC0017098	0x58D1	0	LDR      r1,[r2,r3]	false	
Instruction	4701	S:0xC001709A	0x3901	0	SUBS     r1,#1	false	
Instruction	4702	S:0xC001709C	0x50D1	0	STR      r1,[r2,r3]	false	
Instruction	4703	S:0xC001709E	0xE7DD	41	B        {pc}-0x42 ; 0xc001705c	true	
Instruction	4704	S:0xC001705C	0x466A	0	MOV      r2,sp	false	
Instruction	4705	S:0xC001705E	0xF42253FF	0	BIC      r3,r2,#0x1fe0	false	
Instruction	4706	S:0xC0017062	0xF023031F	0	BIC      r3,r3,#0x1f	false	
Instruction	4707	S:0xC0017066	0x685A	0	LDR      r2,[r3,#4]	false	
Instruction	4708	S:0xC0017068	0x3A01	0	SUBS     r2,#1	false	
Instruction	4709	S:0xC001706A	0x605A	0	STR      r2,[r3,#4]	false	
Instruction	4710	S:0xC001706C	0xBD08	2	POP      {r3,pc}	true	
Cycle Count				3160	Tracing disabled		
Info					Tracing enabled		
Instruction	4711	S:0xC001767C	0xB510	0	PUSH     {r4,lr}	false	
Instruction	4712	S:0xC001767E	0xB500	0	PUSH     {lr}	false	
Instruction	4713	S:0xC0017680	0xF85DEB04	0	POP      {lr}	false	
Instruction	4714	S:0xC0017684	0xF7FFFD36	47	BL       {pc}-0x590 ; 0xc00170f4	true	
Instruction	4715	S:0xC00170F4	0xB5F8	0	PUSH     {r3-r7,lr}	false	
Instruction	4716	S:0xC00170F6	0xB500	0	PUSH     {lr}	false	
Instruction	4717	S:0xC00170F8	0xF85DEB04	0	POP      {lr}	false	
Instruction	4718	S:0xC00170FC	0x466B	0	MOV      r3,sp	false	
Instruction	4719	S:0xC00170FE	0xF42355FF	0	BIC      r5,r3,#0x1fe0	false	
Instruction	4720	S:0xC0017102	0x4604	0	MOV      r4,r0	false	
Instruction	4721	S:0xC0017104	0xF025051F	0	BIC      r5,r5,#0x1f	false	
Instruction	4722	S:0xC0017108	0x686B	0	LDR      r3,[r5,#4]	false	
Instruction	4723	S:0xC001710A	0x3301	0	ADDS     r3,#1	false	
Instruction	4724	S:0xC001710C	0x606B	0	STR      r3,[r5,#4]	false	
Instruction	4725	S:0xC001710E	0x6802	0	LDR      r2,[r0,#0]	false	
Instruction	4726	S:0xC0017110	0x4E33	0	LDR      r6,[pc,#204] ; [0xC00171E0] = 0xC06381A8	false	
Instruction	4727	S:0xC0017112	0xF3C27341	0	UBFX     r3,r2,#29,#2	false	
Instruction	4728	S:0xC0017116	0x0FD2	0	LSRS     r2,r2,#31	false	
Instruction	4729	S:0xC0017118	0xEB030343	0	ADD      r3,r3,r3,LSL #1	false	
Instruction	4730	S:0xC001711C	0xF8562022	0	LDR      r2,[r6,r2,LSL #2]	false	
Instruction	4731	S:0xC0017120	0xEB022303	0	ADD      r3,r2,r3,LSL #8	false	
Instruction	4732	S:0xC0017124	0xF8D322CC	0	LDR      r2,[r3,#0x2cc]	false	
Instruction	4733	S:0xC0017128	0x1A9B	0	SUBS     r3,r3,r2	false	
Instruction	4734	S:0xC001712A	0xF5B37F40	0	CMP      r3,#0x300	false	
Instruction	4735	S:0xC001712E	0xD00B	31	BEQ      {pc}+0x1a ; 0xc0017148	true	
Instruction	4736	S:0xC0017148	0x4620	0	MOV      r0,r4	false	
Instruction	4737	S:0xC001714A	0xF088FE05	3	BL       {pc}+0x88c0e ; 0xc009fd58	true	
Cycle Count				1757	Tracing disabled		
Info					Tracing enabled		
Instruction	4738	S:0xC001714E	0xB100	1	CBZ      r0,{pc}+4 ; 0xc0017152	true	
Instruction	4739	S:0xC0017152	0xEE1D1F90	0	MRC      p15,#0x0,r1,c13,c0,#4	false	
Instruction	4740	S:0xC0017156	0x4602	0	MOV      r2,r0	false	
Instruction	4741	S:0xC0017158	0x4B23	0	LDR      r3,[pc,#140] ; [0xC00171E8] = 0xC05F1E4C	false	
Instruction	4742	S:0xC001715A	0x58C8	0	LDR      r0,[r1,r3]	false	
Instruction	4743	S:0xC001715C	0xF8DFE094	0	LDR      lr,[pc,#148] ; [0xC00171F4] = 0xC063810C	false	
Instruction	4744	S:0xC0017160	0x3001	0	ADDS     r0,#1	false	
Instruction	4745	S:0xC0017162	0x50C8	0	STR      r0,[r1,r3]	false	
Instruction	4746	S:0xC0017164	0x6821	0	LDR      r1,[r4,#0]	false	
Instruction	4747	S:0xC0017166	0xEE1D0F90	0	MRC      p15,#0x0,r0,c13,c0,#4	false	
Instruction	4748	S:0xC001716A	0x696D	0	LDR      r5,[r5,#0x14]	false	
Instruction	4749	S:0xC001716C	0x0FCF	0	LSRS     r7,r1,#31	false	
Instruction	4750	S:0xC001716E	0x58C1	0	LDR      r1,[r0,r3]	false	
Instruction	4751	S:0xC0017170	0xF8DE0000	0	LDR      r0,[lr,#0]	false	
Instruction	4752	S:0xC0017174	0xF8563027	0	LDR      r3,[r6,r7,LSL #2]	false	
Instruction	4753	S:0xC0017178	0x3901	0	SUBS     r1,#1	false	
Instruction	4754	S:0xC001717A	0xEB011505	0	ADD      r5,r1,r5,LSL #4	false	
Instruction	4755	S:0xC001717E	0x491B	0	LDR      r1,[pc,#108] ; [0xC00171EC] = 0xC06380F4	false	
Instruction	4756	S:0xC0017180	0x6807	0	LDR      r7,[r0,#0]	false	
Instruction	4757	S:0xC0017182	0xF8D30940	0	LDR      r0,[r3,#0x940]	false	
Instruction	4758	S:0xC0017186	0x032D	0	LSLS     r5,r5,#12	false	
Instruction	4759	S:0xC0017188	0xF8D36948	0	LDR      r6,[r3,#0x948]	false	
Instruction	4760	S:0xC001718C	0xF5A51580	0	SUB      r5,r5,#0x100000	false	
Instruction	4761	S:0xC0017190	0x1A24	0	SUBS     r4,r4,r0	false	
Instruction	4762	S:0xC0017192	0x6809	0	LDR      r1,[r1,#0]	false	
Instruction	4763	S:0xC0017194	0xF3C53008	0	UBFX     r0,r5,#12,#9	false	
Instruction	4764	S:0xC0017198	0xF427637F	0	BIC      r3,r7,#0xff0	false	
Instruction	4765	S:0xC001719C	0xEB061464	0	ADD      r4,r6,r4,ASR #5	false	
Instruction	4766	S:0xC00171A0	0xF4417100	0	ORR      r1,r1,#0x200	false	
Instruction	4767	S:0xC00171A4	0xF023030F	0	BIC      r3,r3,#0xf	false	
Instruction	4768	S:0xC00171A8	0xEA413104	0	ORR      r1,r1,r4,LSL #12	false	
Instruction	4769	S:0xC00171AC	0xF1A34340	0	SUB      r3,r3,#0xc0000000	false	
Instruction	4770	S:0xC00171B0	0xEB030080	0	ADD      r0,r3,r0,LSL #2	false	
Instruction	4771	S:0xC00171B4	0xF000FC94	29	BL       {pc}+0x92c ; 0xc0017ae0	true	
Instruction	4772	S:0xC0017AE0	0x6001	0	STR      r1,[r0,#0]	false	
Instruction	4773	S:0xC0017AE2	0xF421737C	0	BIC      r3,r1,#0x3f0	false	
Instruction	4774	S:0xC0017AE6	0xF0230303	0	BIC      r3,r3,#3	false	
Instruction	4775	S:0xC0017AEA	0xEA430302	0	ORR      r3,r3,r2	false	
Instruction	4776	S:0xC0017AEE	0xF0430312	0	ORR      r3,r3,#0x12	false	
Instruction	4777	S:0xC0017AF2	0xF0110F10	0	TST      r1,#0x10	false	
Instruction	4778	S:0xC0017AF6	0xBF18	0	IT       NE	false	
Instruction	4779	S:0xC0017AF8	0xF0430340	0	ORR      r3,r3,#0x40	false	
Instruction	4780	S:0xC0017AFC	0xF0810140	0	EOR      r1,r1,#0x40	false	
Instruction	4781	S:0xC0017B00	0xF0110FC0	0	TST      r1,#0xc0	false	
Instruction	4782	S:0xC0017B04	0xBF18	0	IT       NE	false	
Instruction	4783	S:0xC0017B06	0xF4437300	0	ORR      r3,r3,#0x200	false	
Instruction	4784	S:0xC0017B0A	0xF4117F80	0	TST      r1,#0x100	false	
Instruction	4785	S:0xC0017B0E	0xBF18	0	IT       NE	false	
Instruction	4786	S:0xC0017B10	0xF0430320	0	ORR      r3,r3,#0x20	false	
Instruction	4787	S:0xC0017B14	0xF4117F00	0	TST      r1,#0x200	false	
Instruction	4788	S:0xC0017B18	0xBF18	0	IT       NE	false	
Instruction	4789	S:0xC0017B1A	0xF0430301	0	ORR      r3,r3,#1	false	
Instruction	4790	S:0xC0017B1E	0xF0110F02	0	TST      r1,#2	false	
Instruction	4791	S:0xC0017B22	0xBF1D	0	ITTTE    NE	false	
Instruction	4792	S:0xC0017B24	0xF0110F01	0	TST      r1,#1	false	
Instruction	4793	S:0xC0017B28	0xF4816100	0	EOR      r1,r1,#0x800	false	
Instruction	4794	S:0xC0017B2C	0xF4116F00	0	TST      r1,#0x800	false	
Instruction	4795	S:0xC0017B30	0x2300	0	MOVS     r3,#0	false	
Instruction	4796	S:0xC0017B32	0xF5006000	0	ADD      r0,r0,#0x800	false	
Instruction	4797	S:0xC0017B36	0x6003	0	STR      r3,[r0,#0]	false	
Instruction	4798	S:0xC0017B38	0x46F7	18	MOV      pc,lr	true	
Instruction	4799	S:0xC00171B8	0x4B0D	0	LDR      r3,[pc,#52] ; [0xC00171F0] = 0xC05FC4E0	false	
Instruction	4800	S:0xC00171BA	0x4628	0	MOV      r0,r5	false	
Instruction	4801	S:0xC00171BC	0x689B	0	LDR      r3,[r3,#8]	false	
Instruction	4802	S:0xC00171BE	0xF3BF8F4F	0	DSB      	false	
Instruction	4803	S:0xC00171C2	0xF0130F10	0	TST      r3,#0x10	false	
Instruction	4804	S:0xC00171C6	0xBF18	0	IT       NE	false	
Instruction	4805	S:0xC00171C8	0xEE085F37	0	MCR      p15,#0x0,r5,c8,c7,#1	false	
Instruction	4806	S:0xC00171CC	0xF4131F80	0	TST      r3,#0x100000	false	
Instruction	4807	S:0xC00171D0	0xBF18	0	IT       NE	false	
Instruction	4808	S:0xC00171D2	0xEE085F33	0	MCR      p15,#0x0,r5,c8,c3,#1	false	
Instruction	4809	S:0xC00171D6	0xF3BF8F4F	0	DSB      	false	
Instruction	4810	S:0xC00171DA	0xF3BF8F6F	928	ISB      	false	
Timestamp					Timestamp: 562537009754		
Instruction	4811	S:0xC00171DE	0xBDF8	37	POP      {r3-r7,pc}	true	
Instruction	4812	S:0xC0017688	0xF44F5180	0	MOV      r1,#0x1000	false	
Instruction	4813	S:0xC001768C	0x4604	0	MOV      r4,r0	false	
Instruction	4814	S:0xC001768E	0xF23AFBE5	1	BL       {pc}+0x23a7ce ; 0xc0251e5c	true	
Cycle Count				1681	Tracing disabled		
Info					Tracing enabled		
Instruction	4815	S:0xC0017692	0x4620	0	MOV      r0,r4	false	
Instruction	4816	S:0xC0017694	0xE8BD4010	0	POP      {r4,lr}	false	
Instruction	4817	S:0xC0017698	0xF7FFBCD0	2	B.W      {pc}-0x65c ; 0xc001703c	true	
Instruction	4818	S:0xC001703C	0xB508	0	PUSH     {r3,lr}	false	
Instruction	4819	S:0xC001703E	0xB500	0	PUSH     {lr}	false	
Instruction	4820	S:0xC0017040	0xF85DEB04	0	POP      {lr}	false	
Instruction	4821	S:0xC0017044	0xF5101F80	0	CMN      r0,#0x100000	false	
Instruction	4822	S:0xC0017048	0xD223	117	BCS      {pc}+0x4a ; 0xc0017092	true	
Instruction	4823	S:0xC0017092	0xEE1D2F90	0	MRC      p15,#0x0,r2,c13,c0,#4	false	
Instruction	4824	S:0xC0017096	0x4B04	0	LDR      r3,[pc,#16] ; [0xC00170A8] = 0xC05F1E4C	false	
Instruction	4825	S:0xC0017098	0x58D1	0	LDR      r1,[r2,r3]	false	
Instruction	4826	S:0xC001709A	0x3901	0	SUBS     r1,#1	false	
Instruction	4827	S:0xC001709C	0x50D1	0	STR      r1,[r2,r3]	false	
Instruction	4828	S:0xC001709E	0xE7DD	30	B        {pc}-0x42 ; 0xc001705c	true	
Instruction	4829	S:0xC001705C	0x466A	0	MOV      r2,sp	false	
Instruction	4830	S:0xC001705E	0xF42253FF	0	BIC      r3,r2,#0x1fe0	false	
Instruction	4831	S:0xC0017062	0xF023031F	0	BIC      r3,r3,#0x1f	false	
Instruction	4832	S:0xC0017066	0x685A	0	LDR      r2,[r3,#4]	false	
Instruction	4833	S:0xC0017068	0x3A01	0	SUBS     r2,#1	false	
Instruction	4834	S:0xC001706A	0x605A	0	STR      r2,[r3,#4]	false	
Instruction	4835	S:0xC001706C	0xBD08	2	POP      {r3,pc}	true	
Instruction	4836	S:0xC00A2FC6	0x?	523	Cannot access target memory	false	
Instruction	4837	S:?	0x?	23	Unknown instruction address	false	
Instruction	4838	S:?	0x?	3	Unknown instruction address	false	
Cycle Count				1464	Tracing disabled		
Info					Tracing enabled		
Instruction	4839	S:0xC001714E	0xB100	1	CBZ      r0,{pc}+4 ; 0xc0017152	true	
Instruction	4840	S:0xC0017152	0xEE1D1F90	0	MRC      p15,#0x0,r1,c13,c0,#4	false	
Instruction	4841	S:0xC0017156	0x4602	0	MOV      r2,r0	false	
Instruction	4842	S:0xC0017158	0x4B23	0	LDR      r3,[pc,#140] ; [0xC00171E8] = 0xC05F1E4C	false	
Instruction	4843	S:0xC001715A	0x58C8	0	LDR      r0,[r1,r3]	false	
Instruction	4844	S:0xC001715C	0xF8DFE094	0	LDR      lr,[pc,#148] ; [0xC00171F4] = 0xC063810C	false	
Instruction	4845	S:0xC0017160	0x3001	0	ADDS     r0,#1	false	
Instruction	4846	S:0xC0017162	0x50C8	0	STR      r0,[r1,r3]	false	
Instruction	4847	S:0xC0017164	0x6821	0	LDR      r1,[r4,#0]	false	
Instruction	4848	S:0xC0017166	0xEE1D0F90	0	MRC      p15,#0x0,r0,c13,c0,#4	false	
Instruction	4849	S:0xC001716A	0x696D	0	LDR      r5,[r5,#0x14]	false	
Instruction	4850	S:0xC001716C	0x0FCF	0	LSRS     r7,r1,#31	false	
Instruction	4851	S:0xC001716E	0x58C1	0	LDR      r1,[r0,r3]	false	
Instruction	4852	S:0xC0017170	0xF8DE0000	0	LDR      r0,[lr,#0]	false	
Instruction	4853	S:0xC0017174	0xF8563027	0	LDR      r3,[r6,r7,LSL #2]	false	
Instruction	4854	S:0xC0017178	0x3901	0	SUBS     r1,#1	false	
Instruction	4855	S:0xC001717A	0xEB011505	0	ADD      r5,r1,r5,LSL #4	false	
Instruction	4856	S:0xC001717E	0x491B	0	LDR      r1,[pc,#108] ; [0xC00171EC] = 0xC06380F4	false	
Instruction	4857	S:0xC0017180	0x6807	0	LDR      r7,[r0,#0]	false	
Instruction	4858	S:0xC0017182	0xF8D30940	0	LDR      r0,[r3,#0x940]	false	
Instruction	4859	S:0xC0017186	0x032D	0	LSLS     r5,r5,#12	false	
Instruction	4860	S:0xC0017188	0xF8D36948	0	LDR      r6,[r3,#0x948]	false	
Instruction	4861	S:0xC001718C	0xF5A51580	0	SUB      r5,r5,#0x100000	false	
Instruction	4862	S:0xC0017190	0x1A24	0	SUBS     r4,r4,r0	false	
Instruction	4863	S:0xC0017192	0x6809	0	LDR      r1,[r1,#0]	false	
Instruction	4864	S:0xC0017194	0xF3C53008	0	UBFX     r0,r5,#12,#9	false	
Instruction	4865	S:0xC0017198	0xF427637F	0	BIC      r3,r7,#0xff0	false	
Instruction	4866	S:0xC001719C	0xEB061464	0	ADD      r4,r6,r4,ASR #5	false	
Instruction	4867	S:0xC00171A0	0xF4417100	0	ORR      r1,r1,#0x200	false	
Instruction	4868	S:0xC00171A4	0xF023030F	0	BIC      r3,r3,#0xf	false	
Instruction	4869	S:0xC00171A8	0xEA413104	0	ORR      r1,r1,r4,LSL #12	false	
Instruction	4870	S:0xC00171AC	0xF1A34340	0	SUB      r3,r3,#0xc0000000	false	
Instruction	4871	S:0xC00171B0	0xEB030080	0	ADD      r0,r3,r0,LSL #2	false	
Instruction	4872	S:0xC00171B4	0xF000FC94	29	BL       {pc}+0x92c ; 0xc0017ae0	true	
Instruction	4873	S:0xC0017AE0	0x6001	0	STR      r1,[r0,#0]	false	
Instruction	4874	S:0xC0017AE2	0xF421737C	0	BIC      r3,r1,#0x3f0	false	
Instruction	4875	S:0xC0017AE6	0xF0230303	0	BIC      r3,r3,#3	false	
Instruction	4876	S:0xC0017AEA	0xEA430302	0	ORR      r3,r3,r2	false	
Instruction	4877	S:0xC0017AEE	0xF0430312	0	ORR      r3,r3,#0x12	false	
Instruction	4878	S:0xC0017AF2	0xF0110F10	0	TST      r1,#0x10	false	
Instruction	4879	S:0xC0017AF6	0xBF18	0	IT       NE	false	
Instruction	4880	S:0xC0017AF8	0xF0430340	0	ORR      r3,r3,#0x40	false	
Instruction	4881	S:0xC0017AFC	0xF0810140	0	EOR      r1,r1,#0x40	false	
Instruction	4882	S:0xC0017B00	0xF0110FC0	0	TST      r1,#0xc0	false	
Instruction	4883	S:0xC0017B04	0xBF18	0	IT       NE	false	
Instruction	4884	S:0xC0017B06	0xF4437300	0	ORR      r3,r3,#0x200	false	
Instruction	4885	S:0xC0017B0A	0xF4117F80	0	TST      r1,#0x100	false	
Instruction	4886	S:0xC0017B0E	0xBF18	0	IT       NE	false	
Instruction	4887	S:0xC0017B10	0xF0430320	0	ORR      r3,r3,#0x20	false	
Instruction	4888	S:0xC0017B14	0xF4117F00	0	TST      r1,#0x200	false	
Instruction	4889	S:0xC0017B18	0xBF18	0	IT       NE	false	
Instruction	4890	S:0xC0017B1A	0xF0430301	0	ORR      r3,r3,#1	false	
Instruction	4891	S:0xC0017B1E	0xF0110F02	0	TST      r1,#2	false	
Instruction	4892	S:0xC0017B22	0xBF1D	0	ITTTE    NE	false	
Instruction	4893	S:0xC0017B24	0xF0110F01	0	TST      r1,#1	false	
Instruction	4894	S:0xC0017B28	0xF4816100	0	EOR      r1,r1,#0x800	false	
Instruction	4895	S:0xC0017B2C	0xF4116F00	0	TST      r1,#0x800	false	
Instruction	4896	S:0xC0017B30	0x2300	0	MOVS     r3,#0	false	
Instruction	4897	S:0xC0017B32	0xF5006000	0	ADD      r0,r0,#0x800	false	
Instruction	4898	S:0xC0017B36	0x6003	0	STR      r3,[r0,#0]	false	
Instruction	4899	S:0xC0017B38	0x46F7	18	MOV      pc,lr	true	
Instruction	4900	S:0xC00171B8	0x4B0D	0	LDR      r3,[pc,#52] ; [0xC00171F0] = 0xC05FC4E0	false	
Instruction	4901	S:0xC00171BA	0x4628	0	MOV      r0,r5	false	
Instruction	4902	S:0xC00171BC	0x689B	0	LDR      r3,[r3,#8]	false	
Instruction	4903	S:0xC00171BE	0xF3BF8F4F	0	DSB      	false	
Instruction	4904	S:0xC00171C2	0xF0130F10	0	TST      r3,#0x10	false	
Instruction	4905	S:0xC00171C6	0xBF18	0	IT       NE	false	
Instruction	4906	S:0xC00171C8	0xEE085F37	0	MCR      p15,#0x0,r5,c8,c7,#1	false	
Instruction	4907	S:0xC00171CC	0xF4131F80	0	TST      r3,#0x100000	false	
Instruction	4908	S:0xC00171D0	0xBF18	0	IT       NE	false	
Instruction	4909	S:0xC00171D2	0xEE085F33	0	MCR      p15,#0x0,r5,c8,c3,#1	false	
Instruction	4910	S:0xC00171D6	0xF3BF8F4F	0	DSB      	false	
Instruction	4911	S:0xC00171DA	0xF3BF8F6F	1125	ISB      	false	
Timestamp					Timestamp: 562537009855		
Instruction	4912	S:0xC00171DE	0xBDF8	37	POP      {r3-r7,pc}	true	
Cycle Count				1182	Tracing disabled		
Info					Tracing enabled		
Instruction	4913	S:0xC0015C28	0xB538	0	PUSH     {r3-r5,lr}	false	
Instruction	4914	S:0xC0015C2A	0xB500	0	PUSH     {lr}	false	
Instruction	4915	S:0xC0015C2C	0xF85DEB04	0	POP      {lr}	false	
Instruction	4916	S:0xC0015C30	0x4604	0	MOV      r4,r0	false	
Instruction	4917	S:0xC0015C32	0x4B12	0	LDR      r3,[pc,#72] ; [0xC0015C7C] = 0xC05FC4F4	false	
Instruction	4918	S:0xC0015C34	0x681B	0	LDR      r3,[r3,#0]	false	
Instruction	4919	S:0xC0015C36	0x0799	0	LSLS     r1,r3,#30	false	
Instruction	4920	S:0xC0015C38	0xD501	128	BPL      {pc}+6 ; 0xc0015c3e	true	fail
Instruction	4921	S:0xC0015C3A	0x0582	0	LSLS     r2,r0,#22	false	
Instruction	4922	S:0xC0015C3C	0xD404	4	BMI      {pc}+0xc ; 0xc0015c48	true	
Instruction	4923	S:0xC0015C48	0xBD38	22	POP      {r3-r5,pc}	true	
Cycle Count				4	Tracing disabled		
Info					Tracing enabled		
Instruction	4924	S:0xC0017AE0	0x6001	0	STR      r1,[r0,#0]	false	
Instruction	4925	S:0xC0017AE2	0xF421737C	0	BIC      r3,r1,#0x3f0	false	
Instruction	4926	S:0xC0017AE6	0xF0230303	0	BIC      r3,r3,#3	false	
Instruction	4927	S:0xC0017AEA	0xEA430302	0	ORR      r3,r3,r2	false	
Instruction	4928	S:0xC0017AEE	0xF0430312	0	ORR      r3,r3,#0x12	false	
Instruction	4929	S:0xC0017AF2	0xF0110F10	0	TST      r1,#0x10	false	
Instruction	4930	S:0xC0017AF6	0xBF18	0	IT       NE	false	
Instruction	4931	S:0xC0017AF8	0xF0430340	0	ORR      r3,r3,#0x40	false	
Instruction	4932	S:0xC0017AFC	0xF0810140	0	EOR      r1,r1,#0x40	false	
Instruction	4933	S:0xC0017B00	0xF0110FC0	0	TST      r1,#0xc0	false	
Instruction	4934	S:0xC0017B04	0xBF18	0	IT       NE	false	
Instruction	4935	S:0xC0017B06	0xF4437300	0	ORR      r3,r3,#0x200	false	
Instruction	4936	S:0xC0017B0A	0xF4117F80	0	TST      r1,#0x100	false	
Instruction	4937	S:0xC0017B0E	0xBF18	0	IT       NE	false	
Instruction	4938	S:0xC0017B10	0xF0430320	0	ORR      r3,r3,#0x20	false	
Instruction	4939	S:0xC0017B14	0xF4117F00	0	TST      r1,#0x200	false	
Instruction	4940	S:0xC0017B18	0xBF18	0	IT       NE	false	
Instruction	4941	S:0xC0017B1A	0xF0430301	0	ORR      r3,r3,#1	false	
Instruction	4942	S:0xC0017B1E	0xF0110F02	0	TST      r1,#2	false	
Instruction	4943	S:0xC0017B22	0xBF1D	0	ITTTE    NE	false	
Instruction	4944	S:0xC0017B24	0xF0110F01	0	TST      r1,#1	false	
Instruction	4945	S:0xC0017B28	0xF4816100	0	EOR      r1,r1,#0x800	false	
Instruction	4946	S:0xC0017B2C	0xF4116F00	0	TST      r1,#0x800	false	
Instruction	4947	S:0xC0017B30	0x2300	0	MOVS     r3,#0	false	
Instruction	4948	S:0xC0017B32	0xF5006000	0	ADD      r0,r0,#0x800	false	
Instruction	4949	S:0xC0017B36	0x6003	0	STR      r3,[r0,#0]	false	
Instruction	4950	S:0xC0017B38	0x46F7	19	MOV      pc,lr	true	
Instruction	4951	S:0xC00A2F66	0x?	766	Cannot access target memory	false	
Instruction	4952	S:?	0x?	5	Unknown instruction address	false	
Instruction	4953	S:?	0x?	12	Unknown instruction address	false	
Instruction	4954	S:?	0x?	9	Unknown instruction address	false	
Cycle Count				5	Tracing disabled		
Info					Tracing enabled		
Instruction	4955	S:0xC001559A	0xF4106380	0	ANDS     r3,r0,#0x400	false	
Instruction	4956	S:0xC001559E	0x9006	0	STR      r0,[sp,#0x18]	false	
Instruction	4957	S:0xC00155A0	0x9307	0	STR      r3,[sp,#0x1c]	false	
Instruction	4958	S:0xC00155A2	0xD09D	2	BEQ      {pc}-0xc2 ; 0xc00154e0	true	
Instruction	4959	S:0xC00154E0	0xF8DFC190	0	LDR      r12,[pc,#400] ; [0xC0015674]	false	
Instruction	4960	S:0xC00154E4	0xF8DC3008	0	LDR      r3,[r12,#8]	false	
Instruction	4961	S:0xC00154E8	0x2B00	0	CMP      r3,#0	false	
Instruction	4962	S:0xC00154EA	0xF0408095	32	BNE.W    {pc}+0x12e ; 0xc0015618	true	fail
Instruction	4963	S:0xC00154EE	0x9A06	0	LDR      r2,[sp,#0x18]	false	
Instruction	4964	S:0xC00154F0	0xF0120F33	0	TST      r2,#0x33	false	
Instruction	4965	S:0xC00154F4	0xD11B	4	BNE      {pc}+0x3a ; 0xc001552e	true	fail
Instruction	4966	S:0xC00154F6	0xF01A0F08	0	TST      r10,#8	false	
Instruction	4967	S:0xC00154FA	0xD018	1	BEQ      {pc}+0x34 ; 0xc001552e	true	fail
Instruction	4968	S:0xC00154FC	0x0752	0	LSLS     r2,r2,#29	false	
Instruction	4969	S:0xC00154FE	0xD55C	1	BPL      {pc}+0xbc ; 0xc00155ba	true	
Instruction	4970	S:0xC00155BA	0xF8D732E4	0	LDR      r3,[r7,#0x2e4]	false	
Instruction	4971	S:0xC00155BE	0xF8DC2014	0	LDR      r2,[r12,#0x14]	false	
Instruction	4972	S:0xC00155C2	0x3301	0	ADDS     r3,#1	false	
Instruction	4973	S:0xC00155C4	0xF8C732E4	0	STR      r3,[r7,#0x2e4]	false	
Instruction	4974	S:0xC00155C8	0x2A00	0	CMP      r2,#0	false	
Instruction	4975	S:0xC00155CA	0xD140	147	BNE      {pc}+0x84 ; 0xc001564e	true	fail
Instruction	4976	S:0xC00155CC	0x9A07	0	LDR      r2,[sp,#0x1c]	false	
Instruction	4977	S:0xC00155CE	0x2A00	0	CMP      r2,#0	false	
Instruction	4978	S:0xC00155D0	0xD0AD	1	BEQ      {pc}-0xa2 ; 0xc001552e	true	
Instruction	4979	S:0xC001552E	0x9805	0	LDR      r0,[sp,#0x14]	false	
Instruction	4980	S:0xC0015530	0xF020FCD2	1	BL       {pc}+0x209a8 ; 0xc0035ed8	true	
Instruction	4981	S:0xC0035ED8	0xB500	0	PUSH     {lr}	false	
Instruction	4982	S:0xC0035EDA	0xF85DEB04	0	POP      {lr}	false	
Instruction	4983	S:0xC0035EDE	0xF220BBEF	1	B.W      {pc}+0x2207e2 ; 0xc02566c0	true	
Cycle Count				918	Tracing disabled		
Info					Tracing enabled		
Instruction	4984	S:0xC0015534	0x2333	0	MOVS     r3,#0x33	false	
Instruction	4985	S:0xC0015536	0x9906	0	LDR      r1,[sp,#0x18]	false	
Instruction	4986	S:0xC0015538	0xF2C00303	0	MOVT     r3,#3	false	
Instruction	4987	S:0xC001553C	0x400B	0	ANDS     r3,r3,r1	false	
Instruction	4988	S:0xC001553E	0x2B00	0	CMP      r3,#0	false	
Instruction	4989	S:0xC0015540	0xD09C	10	BEQ      {pc}-0xc4 ; 0xc001547c	true	
Instruction	4990	S:0xC001547C	0x2000	0	MOVS     r0,#0	false	
Instruction	4991	S:0xC001547E	0xB01B	0	ADD      sp,sp,#0x6c	false	
Instruction	4992	S:0xC0015480	0xE8BD8FF0	13	POP      {r4-r11,pc}	true	
Instruction	4993	S:0xC0008316	0xB910	1	CBNZ     r0,{pc}+8 ; 0xc000831e	true	fail
Instruction	4994	S:0xC0008318	0xB023	0	ADD      sp,sp,#0x8c	false	
Instruction	4995	S:0xC000831A	0xE8BD83F0	7	POP      {r4-r9,pc}	true	
Instruction	4996	S:0xC000C874	0xB672	0	CPSID    i	false	
Instruction	4997	S:0xC000C876	0xF8DDE034	0	LDR      lr,[sp,#0x34]	false	
Instruction	4998	S:0xC000C87A	0xE9DD010E	0	LDRD     r0,r1,[sp,#0x38]	false	
Instruction	4999	S:0xC000C87E	0xF3BF8F2F	0	CLREX    	false	
Instruction	5000	S:0xC000C882	0xE92E0023	0	STMDB    lr!,{r0,r1,r5}	false	
Instruction	5001	S:0xC000C886	0xE89D1FFF	0	LDM      sp,{r0-r12}	false	
Instruction	5002	S:0xC000C88A	0x46F5	0	MOV      sp,lr	false	
Instruction	5003	S:0xC000C88C	0xF85DEB04	0	POP      {lr}	false	
Instruction	5004	S:0xC000C890	0xE9BDC000	128	RFEIA    sp!	true	
Info					Return from exception		
Timestamp					Timestamp: 562537009924		
Cycle Count				3701	Tracing disabled		
Info					Tracing enabled		
Instruction	5005	S:0xC003923C	0xE92D43F0	0	PUSH     {r4-r9,lr}	false	
Instruction	5006	S:0xC0039240	0xB083	0	SUB      sp,sp,#0xc	false	
Instruction	5007	S:0xC0039242	0xAF02	0	ADD      r7,sp,#8	false	
Instruction	5008	S:0xC0039244	0xB500	0	PUSH     {lr}	false	
Instruction	5009	S:0xC0039246	0xF85DEB04	0	POP      {lr}	false	
Instruction	5010	S:0xC003924A	0x4604	0	MOV      r4,r0	false	
Instruction	5011	S:0xC003924C	0x4699	0	MOV      r9,r3	false	
Instruction	5012	S:0xC003924E	0x4688	0	MOV      r8,r1	false	
Instruction	5013	S:0xC0039250	0x4616	0	MOV      r6,r2	false	
Instruction	5014	S:0xC0039252	0xF3ABF9C9	2	BL       {pc}+0x3ab396 ; 0xc03e45e8	true	
Cycle Count				483	Tracing disabled		
Info					Tracing enabled		
Instruction	5015	S:0xC0039256	0x4641	0	MOV      r1,r8	false	
Instruction	5016	S:0xC0039258	0xF8CD9000	0	STR      r9,[sp,#0]	false	
Instruction	5017	S:0xC003925C	0x4632	0	MOV      r2,r6	false	
Instruction	5018	S:0xC003925E	0x2300	0	MOVS     r3,#0	false	
Instruction	5019	S:0xC0039260	0x4605	0	MOV      r5,r0	false	
Instruction	5020	S:0xC0039262	0x4620	0	MOV      r0,r4	false	
Instruction	5021	S:0xC0039264	0xF7FFFB9C	1	BL       {pc}-0x8c4 ; 0xc00389a0	true	
Instruction	5022	S:0xC00389A0	0xE92D4FF0	0	PUSH     {r4-r11,lr}	false	
Instruction	5023	S:0xC00389A4	0xB083	0	SUB      sp,sp,#0xc	false	
Instruction	5024	S:0xC00389A6	0xAF00	0	ADD      r7,sp,#0	false	
Instruction	5025	S:0xC00389A8	0xB500	0	PUSH     {lr}	false	
Instruction	5026	S:0xC00389AA	0xF85DEB04	0	POP      {lr}	false	
Instruction	5027	S:0xC00389AE	0x4680	0	MOV      r8,r0	false	
Instruction	5028	S:0xC00389B0	0x469A	0	MOV      r10,r3	false	
Instruction	5029	S:0xC00389B2	0x468B	0	MOV      r11,r1	false	
Instruction	5030	S:0xC00389B4	0x607A	0	STR      r2,[r7,#4]	false	
Instruction	5031	S:0xC00389B6	0xF8583F04	0	LDR      r3,[r8,#4]!	false	
Instruction	5032	S:0xC00389BA	0xF8D79030	0	LDR      r9,[r7,#0x30]	false	
Instruction	5033	S:0xC00389BE	0x4598	0	CMP      r8,r3	false	
Instruction	5034	S:0xC00389C0	0xF1A3040C	0	SUB      r4,r3,#0xc	false	
Instruction	5035	S:0xC00389C4	0x681D	0	LDR      r5,[r3,#0]	false	
Instruction	5036	S:0xC00389C6	0xF1A5050C	0	SUB      r5,r5,#0xc	false	
Instruction	5037	S:0xC00389CA	0xD016	125	BEQ      {pc}+0x30 ; 0xc00389fa	true	fail
Instruction	5038	S:0xC00389CC	0xF8D4C008	0	LDR      r12,[r4,#8]	false	
Instruction	5039	S:0xC00389D0	0x4620	0	MOV      r0,r4	false	
Instruction	5040	S:0xC00389D2	0x464B	0	MOV      r3,r9	false	
Instruction	5041	S:0xC00389D4	0x4659	0	MOV      r1,r11	false	
Instruction	5042	S:0xC00389D6	0x4652	0	MOV      r2,r10	false	
Instruction	5043	S:0xC00389D8	0x6826	0	LDR      r6,[r4,#0]	false	
Instruction	5044	S:0xC00389DA	0x47E0	2	BLX      r12	true	
Cycle Count				218	Tracing disabled		
Info					Tracing enabled		
Instruction	5045	S:0xC00389DC	0x462C	0	MOV      r4,r5	false	
Instruction	5046	S:0xC00389DE	0xF105030C	0	ADD      r3,r5,#0xc	false	
Instruction	5047	S:0xC00389E2	0xB128	2	CBZ      r0,{pc}+0xe ; 0xc00389f0	true	
Instruction	5048	S:0xC00389F0	0x68ED	0	LDR      r5,[r5,#0xc]	false	
Instruction	5049	S:0xC00389F2	0x4598	0	CMP      r8,r3	false	
Instruction	5050	S:0xC00389F4	0xF1A5050C	0	SUB      r5,r5,#0xc	false	
Instruction	5051	S:0xC00389F8	0xD1E8	15	BNE      {pc}-0x2c ; 0xc00389cc	true	fail
Instruction	5052	S:0xC00389FA	0xF107070C	0	ADD      r7,r7,#0xc	false	
Instruction	5053	S:0xC00389FE	0x46BD	0	MOV      sp,r7	false	
Instruction	5054	S:0xC0038A00	0xE8BD8FF0	26	POP      {r4-r11,pc}	true	
Instruction	5055	S:0xC0039268	0x4620	0	MOV      r0,r4	false	
Instruction	5056	S:0xC003926A	0x4629	0	MOV      r1,r5	false	
Instruction	5057	S:0xC003926C	0xF1070704	0	ADD      r7,r7,#4	false	
Instruction	5058	S:0xC0039270	0x46BD	0	MOV      sp,r7	false	
Instruction	5059	S:0xC0039272	0xE8BD43F0	0	POP      {r4-r9,lr}	false	
Instruction	5060	S:0xC0039276	0xF3ABB9EF	9	B.W      {pc}+0x3ab3e2 ; 0xc03e4658	true	
Cycle Count				1169	Tracing disabled		
Info					Tracing enabled		
Instruction	5061	S:0xC0033154	0xB5F8	0	PUSH     {r3-r7,lr}	false	
Instruction	5062	S:0xC0033156	0xB500	0	PUSH     {lr}	false	
Instruction	5063	S:0xC0033158	0xF85DEB04	0	POP      {lr}	false	
Instruction	5064	S:0xC003315C	0x460C	0	MOV      r4,r1	false	
Instruction	5065	S:0xC003315E	0x4607	0	MOV      r7,r0	false	
Instruction	5066	S:0xC0033160	0xF3B1FA42	2	BL       {pc}+0x3b1488 ; 0xc03e45e8	true	
Cycle Count				373	Tracing disabled		
Info					Tracing enabled		
Instruction	5067	S:0xC0033164	0x6925	0	LDR      r5,[r4,#0x10]	false	
Instruction	5068	S:0xC0033166	0xF44F7280	0	MOV      r2,#0x100	false	
Instruction	5069	S:0xC003316A	0x68E6	0	LDR      r6,[r4,#0xc]	false	
Instruction	5070	S:0xC003316C	0xF44F7300	0	MOV      r3,#0x200	false	
Instruction	5071	S:0xC0033170	0xF2C00210	0	MOVT     r2,#0x10	false	
Instruction	5072	S:0xC0033174	0xF2C00320	0	MOVT     r3,#0x20	false	
Instruction	5073	S:0xC0033178	0x6075	0	STR      r5,[r6,#4]	false	
Instruction	5074	S:0xC003317A	0x602E	0	STR      r6,[r5,#0]	false	
Instruction	5075	S:0xC003317C	0x60E2	0	STR      r2,[r4,#0xc]	false	
Instruction	5076	S:0xC003317E	0x6123	0	STR      r3,[r4,#0x10]	false	
Instruction	5077	S:0xC0033180	0x4601	0	MOV      r1,r0	false	
Instruction	5078	S:0xC0033182	0x4638	0	MOV      r0,r7	false	
Instruction	5079	S:0xC0033184	0xE8BD40F8	0	POP      {r3-r7,lr}	false	
Instruction	5080	S:0xC0033188	0xF3B1BA66	200	B.W      {pc}+0x3b14d0 ; 0xc03e4658	true	
Cycle Count				2069	Tracing disabled		
Info					Tracing enabled		
Instruction	5081	S:0xC004ED70	0xB500	0	PUSH     {lr}	false	
Instruction	5082	S:0xC004ED72	0xF85DEB04	0	POP      {lr}	false	
Instruction	5083	S:0xC004ED76	0xF24D13C0	0	MOV      r3,#0xd1c0	false	
Instruction	5084	S:0xC004ED7A	0xF2CC0364	0	MOVT     r3,#0xc064	false	
Instruction	5085	S:0xC004ED7E	0x6B98	0	LDR      r0,[r3,#0x38]	false	
Instruction	5086	S:0xC004ED80	0x4770	130	BX       lr	true	
Cycle Count				1982	Tracing disabled		
Info					Tracing enabled		
Instruction	5087	S:0xC000CD40	0xB672	0	CPSID    i	false	
Instruction	5088	S:0xC000CD42	0xF8D91000	0	LDR      r1,[r9,#0]	false	
Instruction	5089	S:0xC000CD46	0xF0110F07	0	TST      r1,#7	false	
Instruction	5090	S:0xC000CD4A	0xF040801C	48	BNE.W    {pc}+0x3c ; 0xc000cd86	true	fail
Instruction	5091	S:0xC000CD4E	0xF3BF8F2F	0	CLREX    	false	
Instruction	5092	S:0xC000CD52	0x466A	0	MOV      r2,sp	false	
Instruction	5093	S:0xC000CD54	0xF3EF8300	0	MRS      r3,APSR ; formerly CPSR	false	
Instruction	5094	S:0xC000CD58	0xF083030C	0	EOR      r3,r3,#0xc	false	
Instruction	5095	S:0xC000CD5C	0xF3838100	0	MSR      CPSR_c,r3	false	
Instruction	5096	S:0xC000CD60	0xF8D2D03C	0	LDR      sp,[r2,#0x3c]	false	
Instruction	5097	S:0xC000CD64	0xF8D2E040	0	LDR      lr,[r2,#0x40]	false	
Instruction	5098	S:0xC000CD68	0xF083030C	0	EOR      r3,r3,#0xc	false	
Instruction	5099	S:0xC000CD6C	0xF3838100	0	MSR      CPSR_c,r3	false	
Instruction	5100	S:0xC000CD70	0x9912	0	LDR      r1,[sp,#0x48]	false	
Instruction	5101	S:0xC000CD72	0xF8DDE044	0	LDR      lr,[sp,#0x44]	false	
Instruction	5102	S:0xC000CD76	0xB00F	0	ADD      sp,sp,#0x3c	false	
Instruction	5103	S:0xC000CD78	0xF3918F00	0	MSR      SPSR_cxsf,r1	false	
Instruction	5104	S:0xC000CD7C	0xE91D1FFE	0	LDMDB    sp,{r1-r12}	false	
Instruction	5105	S:0xC000CD80	0xB005	0	ADD      sp,sp,#0x14	false	
Instruction	5106	S:0xC000CD82	0xF3DE8F00	397	SUBS     pc,lr,#0	true	
Info					Return from exception		
Timestamp					Timestamp: 562537010144		
Cycle Count				9198	Tracing disabled		
Info					Tracing enabled		
Instruction	5107	S:0xC000CE40	0xB092	0	SUB      sp,sp,#0x48	false	
Instruction	5108	S:0xC000CE42	0xE88D1FFF	0	STM      sp,{r0-r12}	false	
Instruction	5109	S:0xC000CE46	0x46E8	0	MOV      r8,sp	false	
Instruction	5110	S:0xC000CE48	0xF3EF8A00	0	MRS      r10,APSR ; formerly CPSR	false	
Instruction	5111	S:0xC000CE4C	0xF08A0A0C	0	EOR      r10,r10,#0xc	false	
Instruction	5112	S:0xC000CE50	0xF38A8100	0	MSR      CPSR_c,r10	false	
Instruction	5113	S:0xC000CE54	0xF8C8D034	0	STR      sp,[r8,#0x34]	false	
Instruction	5114	S:0xC000CE58	0xF8C8E038	0	STR      lr,[r8,#0x38]	false	
Instruction	5115	S:0xC000CE5C	0xF08A0A0C	0	EOR      r10,r10,#0xc	false	
Instruction	5116	S:0xC000CE60	0xF38A8100	0	MSR      CPSR_c,r10	false	
Instruction	5117	S:0xC000CE64	0xF3FF8800	0	MRS      r8,SPSR	false	
Instruction	5118	S:0xC000CE68	0xF8CDE03C	0	STR      lr,[sp,#0x3c]	false	
Instruction	5119	S:0xC000CE6C	0xF8CD8040	0	STR      r8,[sp,#0x40]	false	
Instruction	5120	S:0xC000CE70	0x9011	0	STR      r0,[sp,#0x44]	false	
Instruction	5121	S:0xC000CE72	0xF8DFC08C	0	LDR      r12,[pc,#140] ; [0xC000CF00] = 0xC06013D4	false	
Instruction	5122	S:0xC000CE76	0xF8DCC000	0	LDR      r12,[r12,#0]	false	
Instruction	5123	S:0xC000CE7A	0xEE01CF10	0	MCR      p15,#0x0,r12,c1,c0,#0	false	
Instruction	5124	S:0xC000CE7E	0xB662	0	CPSIE    i	false	
Instruction	5125	S:0xC000CE80	0x46E9	0	MOV      r9,sp	false	
Instruction	5126	S:0xC000CE82	0xEA4F3959	0	LSR      r9,r9,#13	false	
Instruction	5127	S:0xC000CE86	0xEA4F3949	0	LSL      r9,r9,#13	false	
Instruction	5128	S:0xC000CE8A	0xF20F0878	0	ADR.W    r8,{pc}+0x7a ; 0xc000cf04	false	
Instruction	5129	S:0xC000CE8E	0xF8D9A000	0	LDR      r10,[r9,#0]	false	
Instruction	5130	S:0xC000CE92	0xE92D0030	0	PUSH.W   {r4,r5}	false	
Instruction	5131	S:0xC000CE96	0xF41A6F70	0	TST      r10,#0xf00	false	
Instruction	5132	S:0xC000CE9A	0xF0408012	275	BNE.W    {pc}+0x28 ; 0xc000cec2	true	fail
Instruction	5133	S:0xC000CE9E	0xF5B77FC0	0	CMP      r7,#0x180	false	
Instruction	5134	S:0xC000CEA2	0xF2AF1E63	0	ADR      lr,{pc}-0x161 ; 0xc000cd41	false	
Instruction	5135	S:0xC000CEA6	0xBF38	0	IT       CC	false	
Instruction	5136	S:0xC000CEA8	0xF858F027	3	LDR      pc,[r8,r7,LSL #2]	true	
Cycle Count				7648	Tracing disabled		
Info					Tracing enabled		
Instruction	5137	S:0xC00331C0	0xB570	0	PUSH     {r4-r6,lr}	false	
Instruction	5138	S:0xC00331C2	0xB500	0	PUSH     {lr}	false	
Instruction	5139	S:0xC00331C4	0xF85DEB04	0	POP      {lr}	false	
Instruction	5140	S:0xC00331C8	0x460C	0	MOV      r4,r1	false	
Instruction	5141	S:0xC00331CA	0x680B	0	LDR      r3,[r1,#0]	false	
Instruction	5142	S:0xC00331CC	0x460D	0	MOV      r5,r1	false	
Instruction	5143	S:0xC00331CE	0x4606	0	MOV      r6,r0	false	
Instruction	5144	S:0xC00331D0	0xF0230301	0	BIC      r3,r3,#1	false	
Instruction	5145	S:0xC00331D4	0xF8443B0C	0	STR      r3,[r4],#0xc	false	
Instruction	5146	S:0xC00331D8	0xF3B1FA06	22	BL       {pc}+0x3b1410 ; 0xc03e45e8	true	
Cycle Count				192	Tracing disabled		
Info					Tracing enabled		
Instruction	5147	S:0xC00331DC	0x4633	0	MOV      r3,r6	false	
Instruction	5148	S:0xC00331DE	0xF8532F04	0	LDR      r2,[r3,#4]!	false	
Instruction	5149	S:0xC00331E2	0x6054	0	STR      r4,[r2,#4]	false	
Instruction	5150	S:0xC00331E4	0x60EA	0	STR      r2,[r5,#0xc]	false	
Instruction	5151	S:0xC00331E6	0x612B	0	STR      r3,[r5,#0x10]	false	
Instruction	5152	S:0xC00331E8	0x6074	0	STR      r4,[r6,#4]	false	
Instruction	5153	S:0xC00331EA	0x4601	0	MOV      r1,r0	false	
Instruction	5154	S:0xC00331EC	0x4630	0	MOV      r0,r6	false	
Instruction	5155	S:0xC00331EE	0xE8BD4070	0	POP      {r4-r6,lr}	false	
Instruction	5156	S:0xC00331F2	0xF3B1BA31	11	B.W      {pc}+0x3b1466 ; 0xc03e4658	true	
Cycle Count				4558	Tracing disabled		
Info					Tracing enabled		
Instruction	5157	S:0xC002D8CC	0xB5F8	0	PUSH     {r3-r7,lr}	false	
Instruction	5158	S:0xC002D8CE	0xB500	0	PUSH     {lr}	false	
Instruction	5159	S:0xC002D8D0	0xF85DEB04	0	POP      {lr}	false	
Instruction	5160	S:0xC002D8D4	0x4607	0	MOV      r7,r0	false	
Instruction	5161	S:0xC002D8D6	0x460E	0	MOV      r6,r1	false	
Instruction	5162	S:0xC002D8D8	0x4615	0	MOV      r5,r2	false	
Instruction	5163	S:0xC002D8DA	0xF3EF8400	0	MRS      r4,APSR ; formerly CPSR	false	
Instruction	5164	S:0xC002D8DE	0xB672	0	CPSID    i	false	
Instruction	5165	S:0xC002D8E0	0x2000	0	MOVS     r0,#0	false	
Instruction	5166	S:0xC002D8E2	0x4611	0	MOV      r1,r2	false	
Instruction	5167	S:0xC002D8E4	0xF224FBD0	64	BL       {pc}+0x2247a4 ; 0xc0252088	true	
Cycle Count				102	Tracing disabled		
Info					Tracing enabled		
Instruction	5168	S:0xC002D8E8	0xB118	1	CBZ      r0,{pc}+0xa ; 0xc002d8f2	true	
Instruction	5169	S:0xC002D8F2	0x4638	0	MOV      r0,r7	false	
Instruction	5170	S:0xC002D8F4	0x4631	0	MOV      r1,r6	false	
Instruction	5171	S:0xC002D8F6	0x462A	0	MOV      r2,r5	false	
Instruction	5172	S:0xC002D8F8	0xF7FFFEB2	1	BL       {pc}-0x298 ; 0xc002d660	true	
Instruction	5173	S:0xC002D660	0xE92D4FF0	0	PUSH     {r4-r11,lr}	false	
Instruction	5174	S:0xC002D664	0xB083	0	SUB      sp,sp,#0xc	false	
Instruction	5175	S:0xC002D666	0xB500	0	PUSH     {lr}	false	
Instruction	5176	S:0xC002D668	0xF85DEB04	0	POP      {lr}	false	
Instruction	5177	S:0xC002D66C	0x4681	0	MOV      r9,r0	false	
Instruction	5178	S:0xC002D66E	0x460F	0	MOV      r7,r1	false	
Instruction	5179	S:0xC002D670	0x4615	0	MOV      r5,r2	false	
Instruction	5180	S:0xC002D672	0x4680	0	MOV      r8,r0	false	
Instruction	5181	S:0xC002D674	0xF3EF8300	0	MRS      r3,APSR ; formerly CPSR	false	
Instruction	5182	S:0xC002D678	0x0619	0	LSLS     r1,r3,#24	false	
Instruction	5183	S:0xC002D67A	0xF1408089	239	BPL.W    {pc}+0x116 ; 0xc002d790	true	fail
Instruction	5184	S:0xC002D67E	0xF8D73080	0	LDR      r3,[r7,#0x80]	false	
Instruction	5185	S:0xC002D682	0x03DA	0	LSLS     r2,r3,#15	false	
Instruction	5186	S:0xC002D684	0xD46F	103	BMI      {pc}+0xe2 ; 0xc002d766	true	fail
Instruction	5187	S:0xC002D686	0x466A	0	MOV      r2,sp	false	
Instruction	5188	S:0xC002D688	0xF8DFA1E0	0	LDR      r10,[pc,#480] ; [0xC002D86C] = 0xC05FD5C0	false	
Instruction	5189	S:0xC002D68C	0xF4225BFF	0	BIC      r11,r2,#0x1fe0	false	
Instruction	5190	S:0xC002D690	0xF02B0B1F	0	BIC      r11,r11,#0x1f	false	
Instruction	5191	S:0xC002D694	0xF1B80F08	0	CMP      r8,#8	false	
Instruction	5192	S:0xC002D698	0xBF08	0	IT       EQ	false	
Instruction	5193	S:0xC002D69A	0xF8DB9014	0	LDR      r9,[r11,#0x14]	false	
Instruction	5194	S:0xC002D69E	0x079C	0	LSLS     r4,r3,#30	false	
Instruction	5195	S:0xC002D6A0	0xD45A	16	BMI      {pc}+0xb8 ; 0xc002d758	true	fail
Instruction	5196	S:0xC002D6A2	0xF85A4029	0	LDR      r4,[r10,r9,LSL #2]	false	
Instruction	5197	S:0xC002D6A6	0xF8D73084	0	LDR      r3,[r7,#0x84]	false	
Instruction	5198	S:0xC002D6AA	0x191C	0	ADDS     r4,r3,r4	false	
Instruction	5199	S:0xC002D6AC	0x4628	0	MOV      r0,r5	false	
Instruction	5200	S:0xC002D6AE	0xF7FFFF8B	17	BL       {pc}-0xe6 ; 0xc002d5c8	true	
Instruction	5201	S:0xC002D5C8	0xB500	0	PUSH     {lr}	false	
Instruction	5202	S:0xC002D5CA	0xF85DEB04	0	POP      {lr}	false	
Instruction	5203	S:0xC002D5CE	0x6801	0	LDR      r1,[r0,#0]	false	
Instruction	5204	S:0xC002D5D0	0xF0110004	0	ANDS     r0,r1,#4	false	
Instruction	5205	S:0xC002D5D4	0xD110	2	BNE      {pc}+0x24 ; 0xc002d5f8	true	fail
Instruction	5206	S:0xC002D5D6	0x0949	0	LSRS     r1,r1,#5	false	
Instruction	5207	S:0xC002D5D8	0xF06F4378	0	MVN      r3,#0xf8000000	false	
Instruction	5208	S:0xC002D5DC	0x4299	0	CMP      r1,r3	false	
Instruction	5209	S:0xC002D5DE	0xD00A	1	BEQ      {pc}+0x18 ; 0xc002d5f6	true	fail
Instruction	5210	S:0xC002D5E0	0x4B0A	0	LDR      r3,[pc,#40] ; [0xC002D60C] = 0xC064AEB0	false	
Instruction	5211	S:0xC002D5E2	0x689B	0	LDR      r3,[r3,#8]	false	
Instruction	5212	S:0xC002D5E4	0xB123	3	CBZ      r3,{pc}+0xc ; 0xc002d5f0	true	fail
Instruction	5213	S:0xC002D5E6	0x681A	0	LDR      r2,[r3,#0]	false	
Instruction	5214	S:0xC002D5E8	0xF02100FF	0	BIC      r0,r1,#0xff	false	
Instruction	5215	S:0xC002D5EC	0x4290	0	CMP      r0,r2	false	
Instruction	5216	S:0xC002D5EE	0xD007	1	BEQ      {pc}+0x12 ; 0xc002d600	true	
Instruction	5217	S:0xC002D600	0xB2C9	0	UXTB     r1,r1	false	
Instruction	5218	S:0xC002D602	0x3108	0	ADDS     r1,r1,#8	false	
Instruction	5219	S:0xC002D604	0xEB030381	0	ADD      r3,r3,r1,LSL #2	false	
Instruction	5220	S:0xC002D608	0x6858	0	LDR      r0,[r3,#4]	false	
Instruction	5221	S:0xC002D60A	0x4770	7	BX       lr	true	
Instruction	5222	S:0xC002D6B2	0x6823	0	LDR      r3,[r4,#0]	false	
Instruction	5223	S:0xC002D6B4	0x4606	0	MOV      r6,r0	false	
Instruction	5224	S:0xC002D6B6	0x2800	0	CMP      r0,#0	false	
Instruction	5225	S:0xC002D6B8	0xD051	205	BEQ      {pc}+0xa6 ; 0xc002d75e	true	fail
Instruction	5226	S:0xC002D6BA	0x4283	0	CMP      r3,r0	false	
Instruction	5227	S:0xC002D6BC	0xD04F	1	BEQ      {pc}+0xa2 ; 0xc002d75e	true	fail
Instruction	5228	S:0xC002D6BE	0xF3B6FF7B	1	BL       {pc}+0x3b6efa ; 0xc03e45b8	true	
Cycle Count				32	Tracing disabled		
Info					Tracing enabled		
Instruction	5229	S:0xC002D6C2	0x4630	0	MOV      r0,r6	false	
Instruction	5230	S:0xC002D6C4	0x4629	0	MOV      r1,r5	false	
Instruction	5231	S:0xC002D6C6	0xF7FEFF11	2	BL       {pc}-0x11da ; 0xc002c4ec	true	
Instruction	5232	S:0xC002C4EC	0xB500	0	PUSH     {lr}	false	
Instruction	5233	S:0xC002C4EE	0xF85DEB04	0	POP      {lr}	false	
Instruction	5234	S:0xC002C4F2	0x2301	0	MOVS     r3,#1	false	
Instruction	5235	S:0xC002C4F4	0xF6C96337	0	MOVT     r3,#0x9e37	false	
Instruction	5236	S:0xC002C4F8	0xFB03F301	0	MUL      r3,r3,r1	false	
Instruction	5237	S:0xC002C4FC	0x0E9B	0	LSRS     r3,r3,#26	false	
Instruction	5238	S:0xC002C4FE	0xEB000083	0	ADD      r0,r0,r3,LSL #2	false	
Instruction	5239	S:0xC002C502	0xF8D00094	0	LDR      r0,[r0,#0x94]	false	
Instruction	5240	S:0xC002C506	0xB938	286	CBNZ     r0,{pc}+0x12 ; 0xc002c518	true	fail
Instruction	5241	S:0xC002C508	0x4770	1	BX       lr	true	
Instruction	5242	S:0xC002D6CA	0xB128	1	CBZ      r0,{pc}+0xe ; 0xc002d6d8	true	
Instruction	5243	S:0xC002D6D8	0xF3BF8F5F	0	DMB      	false	
Instruction	5244	S:0xC002D6DC	0x8833	0	LDRH     r3,[r6,#0]	false	
Instruction	5245	S:0xC002D6DE	0x3301	0	ADDS     r3,#1	false	
Instruction	5246	S:0xC002D6E0	0x8033	0	STRH     r3,[r6,#0]	false	
Instruction	5247	S:0xC002D6E2	0xF3BF8F4F	0	DSB      	false	
Instruction	5248	S:0xC002D6E6	0xF3AF8004	0	SEV.W    	false	
Instruction	5249	S:0xC002D6EA	0x6820	0	LDR      r0,[r4,#0]	false	
Instruction	5250	S:0xC002D6EC	0xF3B6FF64	357	BL       {pc}+0x3b6ecc ; 0xc03e45b8	true	
Cycle Count				311	Tracing disabled		
Info					Tracing enabled		
Instruction	5251	S:0xC002D6F0	0x6923	0	LDR      r3,[r4,#0x10]	false	
Instruction	5252	S:0xC002D6F2	0x2B00	0	CMP      r3,#0	false	
Instruction	5253	S:0xC002D6F4	0xF0008082	74	BEQ.W    {pc}+0x108 ; 0xc002d7fc	true	fail
Instruction	5254	S:0xC002D6F8	0xF8DF9160	0	LDR      r9,[pc,#352] ; [0xC002D85C] = 0xC0635EB4	false	
Instruction	5255	S:0xC002D6FC	0xF8D93018	0	LDR      r3,[r9,#0x18]	false	
Instruction	5256	S:0xC002D700	0x2B00	0	CMP      r3,#0	false	
Instruction	5257	S:0xC002D702	0xD16B	406	BNE      {pc}+0xda ; 0xc002d7dc	true	fail
Instruction	5258	S:0xC002D704	0x686B	0	LDR      r3,[r5,#4]	false	
Instruction	5259	S:0xC002D706	0x1D2A	0	ADDS     r2,r5,#4	false	
Instruction	5260	S:0xC002D708	0x4293	0	CMP      r3,r2	false	
Instruction	5261	S:0xC002D70A	0xD161	2	BNE      {pc}+0xc6 ; 0xc002d7d0	true	fail
Instruction	5262	S:0xC002D70C	0x68A3	0	LDR      r3,[r4,#8]	false	
Instruction	5263	S:0xC002D70E	0xEB040283	0	ADD      r2,r4,r3,LSL #2	false	
Instruction	5264	S:0xC002D712	0x011F	0	LSLS     r7,r3,#4	false	
Instruction	5265	S:0xC002D714	0x6953	0	LDR      r3,[r2,#0x14]	false	
Instruction	5266	S:0xC002D716	0x3301	0	ADDS     r3,#1	false	
Instruction	5267	S:0xC002D718	0x6153	0	STR      r3,[r2,#0x14]	false	
Instruction	5268	S:0xC002D71A	0x6D21	0	LDR      r1,[r4,#0x50]	false	
Instruction	5269	S:0xC002D71C	0x6D63	0	LDR      r3,[r4,#0x54]	false	
Instruction	5270	S:0xC002D71E	0x4299	0	CMP      r1,r3	false	
Instruction	5271	S:0xC002D720	0xDA51	23	BGE      {pc}+0xa6 ; 0xc002d7c6	true	fail
Instruction	5272	S:0xC002D722	0xF8D93004	0	LDR      r3,[r9,#4]	false	
Instruction	5273	S:0xC002D726	0x4A4D	0	LDR      r2,[pc,#308] ; [0xC002D85C] = 0xC0635EB4	false	
Instruction	5274	S:0xC002D728	0x2B00	0	CMP      r3,#0	false	
Instruction	5275	S:0xC002D72A	0xD13E	2	BNE      {pc}+0x80 ; 0xc002d7aa	true	fail
Instruction	5276	S:0xC002D72C	0x6822	0	LDR      r2,[r4,#0]	false	
Instruction	5277	S:0xC002D72E	0x3101	0	ADDS     r1,#1	false	
Instruction	5278	S:0xC002D730	0x6521	0	STR      r1,[r4,#0x50]	false	
Instruction	5279	S:0xC002D732	0x3214	0	ADDS     r2,r2,#0x14	false	
Instruction	5280	S:0xC002D734	0x4629	0	MOV      r1,r5	false	
Instruction	5281	S:0xC002D736	0x463B	0	MOV      r3,r7	false	
Instruction	5282	S:0xC002D738	0x4620	0	MOV      r0,r4	false	
Instruction	5283	S:0xC002D73A	0xF7FFF805	2	BL       {pc}-0xff2 ; 0xc002c748	true	
Instruction	5284	S:0xC002C748	0xB5F0	0	PUSH     {r4-r7,lr}	false	
Instruction	5285	S:0xC002C74A	0xB083	0	SUB      sp,sp,#0xc	false	
Instruction	5286	S:0xC002C74C	0xB500	0	PUSH     {lr}	false	
Instruction	5287	S:0xC002C74E	0xF85DEB04	0	POP      {lr}	false	
Instruction	5288	S:0xC002C752	0x460C	0	MOV      r4,r1	false	
Instruction	5289	S:0xC002C754	0x6809	0	LDR      r1,[r1,#0]	false	
Instruction	5290	S:0xC002C756	0x4605	0	MOV      r5,r0	false	
Instruction	5291	S:0xC002C758	0x6806	0	LDR      r6,[r0,#0]	false	
Instruction	5292	S:0xC002C75A	0x07C9	0	LSLS     r1,r1,#31	false	
Instruction	5293	S:0xC002C75C	0xD51A	2	BPL      {pc}+0x38 ; 0xc002c794	true	fail
Instruction	5294	S:0xC002C75E	0x4621	0	MOV      r1,r4	false	
Instruction	5295	S:0xC002C760	0xF0450005	0	ORR      r0,r5,#5	false	
Instruction	5296	S:0xC002C764	0x4303	0	ORRS     r3,r3,r0	false	
Instruction	5297	S:0xC002C766	0x4628	0	MOV      r0,r5	false	
Instruction	5298	S:0xC002C768	0xF8413B04	0	STR      r3,[r1],#4	false	
Instruction	5299	S:0xC002C76C	0x6853	0	LDR      r3,[r2,#4]	false	
Instruction	5300	S:0xC002C76E	0x6051	0	STR      r1,[r2,#4]	false	
Instruction	5301	S:0xC002C770	0x6062	0	STR      r2,[r4,#4]	false	
Instruction	5302	S:0xC002C772	0x60A3	0	STR      r3,[r4,#8]	false	
Instruction	5303	S:0xC002C774	0x6019	0	STR      r1,[r3,#0]	false	
Instruction	5304	S:0xC002C776	0xF7FFFFBF	4	BL       {pc}-0x7e ; 0xc002c6f8	true	
Instruction	5305	S:0xC002C6F8	0xB538	0	PUSH     {r3-r5,lr}	false	
Instruction	5306	S:0xC002C6FA	0xB500	0	PUSH     {lr}	false	
Instruction	5307	S:0xC002C6FC	0xF85DEB04	0	POP      {lr}	false	
Instruction	5308	S:0xC002C700	0x4604	0	MOV      r4,r0	false	
Instruction	5309	S:0xC002C702	0x6903	0	LDR      r3,[r0,#0x10]	false	
Instruction	5310	S:0xC002C704	0x2B00	0	CMP      r3,#0	false	
Instruction	5311	S:0xC002C706	0xDD02	9	BLE      {pc}+8 ; 0xc002c70e	true	fail
Instruction	5312	S:0xC002C708	0x3301	0	ADDS     r3,#1	false	
Instruction	5313	S:0xC002C70A	0x6123	0	STR      r3,[r4,#0x10]	false	
Instruction	5314	S:0xC002C70C	0xBD38	3	POP      {r3-r5,pc}	true	
Instruction	5315	S:0xC002C77A	0xF3BF8F5F	0	DMB      	false	
Instruction	5316	S:0xC002C77E	0xF8D63200	0	LDR      r3,[r6,#0x200]	false	
Instruction	5317	S:0xC002C782	0xB10B	283	CBZ      r3,{pc}+6 ; 0xc002c788	true	
Instruction	5318	S:0xC002C788	0x4630	0	MOV      r0,r6	false	
Instruction	5319	S:0xC002C78A	0xB003	0	ADD      sp,sp,#0xc	false	
Instruction	5320	S:0xC002C78C	0xE8BD40F0	0	POP      {r4-r7,lr}	false	
Instruction	5321	S:0xC002C790	0xF7FFBFCE	27	B.W      {pc}-0x60 ; 0xc002c730	true	
Instruction	5322	S:0xC002C730	0xB500	0	PUSH     {lr}	false	
Instruction	5323	S:0xC002C732	0xF85DEB04	0	POP      {lr}	false	
Instruction	5324	S:0xC002C736	0xF8503F24	0	LDR      r3,[r0,#0x24]!	false	
Instruction	5325	S:0xC002C73A	0x4283	0	CMP      r3,r0	false	
Instruction	5326	S:0xC002C73C	0xD003	4	BEQ      {pc}+0xa ; 0xc002c746	true	fail
Instruction	5327	S:0xC002C73E	0xB113	1	CBZ      r3,{pc}+8 ; 0xc002c746	true	fail
Instruction	5328	S:0xC002C740	0x6A18	0	LDR      r0,[r3,#0x20]	false	
Instruction	5329	S:0xC002C742	0xF010BFB7	173	B.W      {pc}+0x10f72 ; 0xc003d6b4	true	
Instruction	5330	S:0xC003D6B4	0xB598	0	PUSH     {r3,r4,r7,lr}	false	
Instruction	5331	S:0xC003D6B6	0xAF00	0	ADD      r7,sp,#0	false	
Instruction	5332	S:0xC003D6B8	0xB500	0	PUSH     {lr}	false	
Instruction	5333	S:0xC003D6BA	0xF85DEB04	0	POP      {lr}	false	
Instruction	5334	S:0xC003D6BE	0x6803	0	LDR      r3,[r0,#0]	false	
Instruction	5335	S:0xC003D6C0	0x4604	0	MOV      r4,r0	false	
Instruction	5336	S:0xC003D6C2	0xF0130F0C	0	TST      r3,#0xc	false	
Instruction	5337	S:0xC003D6C6	0xD106	180	BNE      {pc}+0x10 ; 0xc003d6d6	true	fail
Instruction	5338	S:0xC003D6C8	0x4620	0	MOV      r0,r4	false	
Instruction	5339	S:0xC003D6CA	0x2103	0	MOVS     r1,#3	false	
Instruction	5340	S:0xC003D6CC	0x2200	0	MOVS     r2,#0	false	
Instruction	5341	S:0xC003D6CE	0xE8BD4098	0	POP      {r3,r4,r7,lr}	false	
Instruction	5342	S:0xC003D6D2	0xF7FFBECD	3	B.W      {pc}-0x262 ; 0xc003d470	true	
Instruction	5343	S:0xC003D470	0xE92D4FF0	0	PUSH     {r4-r11,lr}	false	
Instruction	5344	S:0xC003D474	0xB085	0	SUB      sp,sp,#0x14	false	
Instruction	5345	S:0xC003D476	0xAF00	0	ADD      r7,sp,#0	false	
Instruction	5346	S:0xC003D478	0xB500	0	PUSH     {lr}	false	
Instruction	5347	S:0xC003D47A	0xF85DEB04	0	POP      {lr}	false	
Instruction	5348	S:0xC003D47E	0x4604	0	MOV      r4,r0	false	
Instruction	5349	S:0xC003D480	0x460D	0	MOV      r5,r1	false	
Instruction	5350	S:0xC003D482	0x4691	0	MOV      r9,r2	false	
Instruction	5351	S:0xC003D484	0xF3BF8F5F	0	DMB      	false	
Instruction	5352	S:0xC003D488	0xF200483C	0	ADD      r8,r0,#0x43c	false	
Instruction	5353	S:0xC003D48C	0x4640	0	MOV      r0,r8	false	
Instruction	5354	S:0xC003D48E	0xF3A7F8AB	2	BL       {pc}+0x3a715a ; 0xc03e45e8	true	
Cycle Count				350	Tracing disabled		
Info					Tracing enabled		
Instruction	5355	S:0xC003D492	0x6823	0	LDR      r3,[r4,#0]	false	
Instruction	5356	S:0xC003D494	0x401D	0	ANDS     r5,r5,r3	false	
Instruction	5357	S:0xC003D496	0x4682	0	MOV      r10,r0	false	
Instruction	5358	S:0xC003D498	0xD07E	5	BEQ      {pc}+0x100 ; 0xc003d598	true	fail
Instruction	5359	S:0xC003D49A	0x6862	0	LDR      r2,[r4,#4]	false	
Instruction	5360	S:0xC003D49C	0x69E3	0	LDR      r3,[r4,#0x1c]	false	
Instruction	5361	S:0xC003D49E	0x4E7B	0	LDR      r6,[pc,#492] ; [0xC003D68C]	false	
Instruction	5362	S:0xC003D4A0	0xF8D2C014	0	LDR      r12,[r2,#0x14]	false	
Instruction	5363	S:0xC003D4A4	0x2B00	0	CMP      r3,#0	false	
Instruction	5364	S:0xC003D4A6	0xF0408081	173	BNE.W    {pc}+0x106 ; 0xc003d5ac	true	fail
Instruction	5365	S:0xC003D4AA	0x4D79	0	LDR      r5,[pc,#484] ; [0xC003D690]	false	
Instruction	5366	S:0xC003D4AC	0xE7FF	1	B        {pc}+2 ; 0xc003d4ae	true	
Instruction	5367	S:0xC003D4AE	0x69A3	0	LDR      r3,[r4,#0x18]	false	
Instruction	5368	S:0xC003D4B0	0x2B00	0	CMP      r3,#0	false	
Instruction	5369	S:0xC003D4B2	0xD1FC	1	BNE      {pc}-4 ; 0xc003d4ae	true	fail
Instruction	5370	S:0xC003D4B4	0xF3BF8F5F	0	DMB      	false	
Instruction	5371	S:0xC003D4B8	0x6823	0	LDR      r3,[r4,#0]	false	
Instruction	5372	S:0xC003D4BA	0xF0130102	0	ANDS     r1,r3,#2	false	
Instruction	5373	S:0xC003D4BE	0xD004	122	BEQ      {pc}+0xc ; 0xc003d4ca	true	
Instruction	5374	S:0xC003D4CA	0x6B23	0	LDR      r3,[r4,#0x30]	false	
Instruction	5375	S:0xC003D4CC	0xF44F7080	0	MOV      r0,#0x100	false	
Instruction	5376	S:0xC003D4D0	0xF894223C	0	LDRB     r2,[r4,#0x23c]	false	
Instruction	5377	S:0xC003D4D4	0x6020	0	STR      r0,[r4,#0]	false	
Instruction	5378	S:0xC003D4D6	0xF3611245	0	BFI      r2,r1,#5,#1	false	
Instruction	5379	S:0xC003D4DA	0xF884223C	0	STRB     r2,[r4,#0x23c]	false	
Instruction	5380	S:0xC003D4DE	0x6B1A	0	LDR      r2,[r3,#0x30]	false	
Instruction	5381	S:0xC003D4E0	0xB112	184	CBZ      r2,{pc}+8 ; 0xc003d4e8	true	fail
Instruction	5382	S:0xC003D4E2	0x4620	0	MOV      r0,r4	false	
Instruction	5383	S:0xC003D4E4	0x4790	1	BLX      r2	true	
Instruction	5384	S:0xC003F8C0	0xB430	0	PUSH     {r4,r5}	false	
Instruction	5385	S:0xC003F8C2	0xB500	0	PUSH     {lr}	false	
Instruction	5386	S:0xC003F8C4	0xF85DEB04	0	POP      {lr}	false	
Instruction	5387	S:0xC003F8C8	0xF8D0115C	0	LDR      r1,[r0,#0x15c]	false	
Instruction	5388	S:0xC003F8CC	0xE9D14508	0	LDRD     r4,r5,[r1,#0x20]	false	
Instruction	5389	S:0xC003F8D0	0xF3BF8F5F	0	DMB      	false	
Instruction	5390	S:0xC003F8D4	0xE9D12306	0	LDRD     r2,r3,[r1,#0x18]	false	
Instruction	5391	S:0xC003F8D8	0x42AB	0	CMP      r3,r5	false	
Instruction	5392	S:0xC003F8DA	0xBF08	0	IT       EQ	false	
Instruction	5393	S:0xC003F8DC	0x42A2	0	CMP      r2,r4	false	
Instruction	5394	S:0xC003F8DE	0xD1F5	178	BNE      {pc}-0x12 ; 0xc003f8cc	true	fail
Instruction	5395	S:0xC003F8E0	0xE9D0451A	0	LDRD     r4,r5,[r0,#0x68]	false	
Instruction	5396	S:0xC003F8E4	0x1AA4	0	SUBS     r4,r4,r2	false	
Instruction	5397	S:0xC003F8E6	0xEB650503	0	SBC      r5,r5,r3	false	
Instruction	5398	S:0xC003F8EA	0xE9C0451A	0	STRD     r4,r5,[r0,#0x68]	false	
Instruction	5399	S:0xC003F8EE	0xBC30	0	POP      {r4,r5}	false	
Instruction	5400	S:0xC003F8F0	0x4770	162	BX       lr	true	
Instruction	5401	S:0xC003D4E6	0x6B23	0	LDR      r3,[r4,#0x30]	false	
Instruction	5402	S:0xC003D4E8	0x6A1B	0	LDR      r3,[r3,#0x20]	false	
Instruction	5403	S:0xC003D4EA	0x2110	0	MOVS     r1,#0x10	false	
Instruction	5404	S:0xC003D4EC	0x464A	0	MOV      r2,r9	false	
Instruction	5405	S:0xC003D4EE	0x4620	0	MOV      r0,r4	false	
Instruction	5406	S:0xC003D4F0	0x4798	1	BLX      r3	true	
Instruction	5407	S:0xC0040708	0xE92D4FF0	0	PUSH     {r4-r11,lr}	false	
Instruction	5408	S:0xC004070C	0xB09B	0	SUB      sp,sp,#0x6c	false	
Instruction	5409	S:0xC004070E	0xB500	0	PUSH     {lr}	false	
Instruction	5410	S:0xC0040710	0xF85DEB04	0	POP      {lr}	false	
Instruction	5411	S:0xC0040714	0x4682	0	MOV      r10,r0	false	
Instruction	5412	S:0xC0040716	0x4668	0	MOV      r0,sp	false	
Instruction	5413	S:0xC0040718	0x920A	0	STR      r2,[sp,#0x28]	false	
Instruction	5414	S:0xC004071A	0xF4205BFF	0	BIC      r11,r0,#0x1fe0	false	
Instruction	5415	S:0xC004071E	0xF8DA3004	0	LDR      r3,[r10,#4]	false	
Instruction	5416	S:0xC0040722	0xF02B0B1F	0	BIC      r11,r11,#0x1f	false	
Instruction	5417	S:0xC0040726	0xF8DA21C4	0	LDR      r2,[r10,#0x1c4]	false	
Instruction	5418	S:0xC004072A	0xF8CDB018	0	STR      r11,[sp,#0x18]	false	
Instruction	5419	S:0xC004072E	0xF8DB4014	0	LDR      r4,[r11,#0x14]	false	
Instruction	5420	S:0xC0040732	0x2A01	0	CMP      r2,#1	false	
Instruction	5421	S:0xC0040734	0x9108	0	STR      r1,[sp,#0x20]	false	
Instruction	5422	S:0xC0040736	0x9400	0	STR      r4,[sp,#0]	false	
Instruction	5423	S:0xC0040738	0x9D00	0	LDR      r5,[sp,#0]	false	
Instruction	5424	S:0xC004073A	0x695C	0	LDR      r4,[r3,#0x14]	false	
Instruction	5425	S:0xC004073C	0x9502	0	STR      r5,[sp,#8]	false	
Instruction	5426	S:0xC004073E	0x9519	0	STR      r5,[sp,#0x64]	false	
Instruction	5427	S:0xC0040740	0x9405	0	STR      r4,[sp,#0x14]	false	
Instruction	5428	S:0xC0040742	0xF000812C	229	BEQ.W    {pc}+0x25c ; 0xc004099e	true	
Instruction	5429	S:0xC004099E	0x9805	0	LDR      r0,[sp,#0x14]	false	
Instruction	5430	S:0xC00409A0	0xB01B	0	ADD      sp,sp,#0x6c	false	
Instruction	5431	S:0xC00409A2	0xE8BD8FF0	131	POP      {r4-r11,pc}	true	
Instruction	5432	S:0xC003D4F2	0xF100011F	0	ADD      r1,r0,#0x1f	false	
Instruction	5433	S:0xC003D4F6	0xF000031F	0	AND      r3,r0,#0x1f	false	
Instruction	5434	S:0xC003D4FA	0xEA110120	0	ANDS     r1,r1,r0,ASR #32	false	
Instruction	5435	S:0xC003D4FE	0xBF38	0	IT       CC	false	
Instruction	5436	S:0xC003D500	0x4601	0	MOV      r1,r0	false	
Instruction	5437	S:0xC003D502	0x4683	0	MOV      r11,r0	false	
Instruction	5438	S:0xC003D504	0x1149	0	ASRS     r1,r1,#5	false	
Instruction	5439	S:0xC003D506	0xF1010272	0	ADD      r2,r1,#0x72	false	
Instruction	5440	S:0xC003D50A	0xF8542022	0	LDR      r2,[r4,r2,LSL #2]	false	
Instruction	5441	S:0xC003D50E	0x40DA	0	LSRS     r2,r2,r3	false	
Instruction	5442	S:0xC003D510	0x07D0	0	LSLS     r0,r2,#31	false	
Instruction	5443	S:0xC003D512	0xF14080A7	10	BPL.W    {pc}+0x152 ; 0xc003d664	true	fail
Instruction	5444	S:0xC003D516	0x4A5F	0	LDR      r2,[pc,#380] ; [0xC003D694]	false	
Instruction	5445	S:0xC003D518	0x6812	0	LDR      r2,[r2,#0]	false	
Instruction	5446	S:0xC003D51A	0xF8522021	0	LDR      r2,[r2,r1,LSL #2]	false	
Instruction	5447	S:0xC003D51E	0xFA22F303	0	LSR      r3,r2,r3	false	
Instruction	5448	S:0xC003D522	0x07D9	0	LSLS     r1,r3,#31	false	
Instruction	5449	S:0xC003D524	0xF140809E	8	BPL.W    {pc}+0x140 ; 0xc003d664	true	fail
Instruction	5450	S:0xC003D528	0x6863	0	LDR      r3,[r4,#4]	false	
Instruction	5451	S:0xC003D52A	0x695B	0	LDR      r3,[r3,#0x14]	false	
Instruction	5452	S:0xC003D52C	0x459B	0	CMP      r11,r3	false	
Instruction	5453	S:0xC003D52E	0xD005	4	BEQ      {pc}+0xe ; 0xc003d53c	true	
Instruction	5454	S:0xC003D53C	0x4A56	0	LDR      r2,[pc,#344] ; [0xC003D698] = 0xC05FC564	false	
Instruction	5455	S:0xC003D53E	0x4633	0	MOV      r3,r6	false	
Instruction	5456	S:0xC003D540	0xF855502B	0	LDR      r5,[r5,r11,LSL #2]	false	
Instruction	5457	S:0xC003D544	0x6852	0	LDR      r2,[r2,#4]	false	
Instruction	5458	S:0xC003D546	0x4E52	0	LDR      r6,[pc,#328] ; [0xC003D690] = 0xC05FD5C0	false	
Instruction	5459	S:0xC003D548	0x0512	0	LSLS     r2,r2,#20	false	
Instruction	5460	S:0xC003D54A	0xD50C	10	BPL      {pc}+0x1c ; 0xc003d566	true	fail
Instruction	5461	S:0xC003D54C	0x466A	0	MOV      r2,sp	false	
Instruction	5462	S:0xC003D54E	0xF42251FF	0	BIC      r1,r2,#0x1fe0	false	
Instruction	5463	S:0xC003D552	0x4A52	0	LDR      r2,[pc,#328] ; [0xC003D69C] = 0xC05F0764	false	
Instruction	5464	S:0xC003D554	0xF021011F	0	BIC      r1,r1,#0x1f	false	
Instruction	5465	S:0xC003D558	0x6948	0	LDR      r0,[r1,#0x14]	false	
Instruction	5466	S:0xC003D55A	0x5951	0	LDR      r1,[r2,r5]	false	
Instruction	5467	S:0xC003D55C	0xF8560020	0	LDR      r0,[r6,r0,LSL #2]	false	
Instruction	5468	S:0xC003D560	0x5812	0	LDR      r2,[r2,r0]	false	
Instruction	5469	S:0xC003D562	0x428A	0	CMP      r2,r1	false	
Instruction	5470	S:0xC003D564	0xD156	128	BNE      {pc}+0xb0 ; 0xc003d614	true	fail
Instruction	5471	S:0xC003D566	0x195E	0	ADDS     r6,r3,r5	false	
Instruction	5472	S:0xC003D568	0x60FB	0	STR      r3,[r7,#0xc]	false	
Instruction	5473	S:0xC003D56A	0x4630	0	MOV      r0,r6	false	
Instruction	5474	S:0xC003D56C	0xF3A7F824	2	BL       {pc}+0x3a704c ; 0xc03e45b8	true	
Cycle Count				37	Tracing disabled		
Info					Tracing enabled		
Instruction	5475	S:0xC003D570	0x4630	0	MOV      r0,r6	false	
Instruction	5476	S:0xC003D572	0x4621	0	MOV      r1,r4	false	
Instruction	5477	S:0xC003D574	0xF7FEFD50	2	BL       {pc}-0x155c ; 0xc003c018	true	
Instruction	5478	S:0xC003C018	0xB5B0	0	PUSH     {r4,r5,r7,lr}	false	
Instruction	5479	S:0xC003C01A	0xAF00	0	ADD      r7,sp,#0	false	
Instruction	5480	S:0xC003C01C	0xB500	0	PUSH     {lr}	false	
Instruction	5481	S:0xC003C01E	0xF85DEB04	0	POP      {lr}	false	
Instruction	5482	S:0xC003C022	0xF891323C	0	LDRB     r3,[r1,#0x23c]	false	
Instruction	5483	S:0xC003C026	0x460C	0	MOV      r4,r1	false	
Instruction	5484	S:0xC003C028	0x2205	0	MOVS     r2,#5	false	
Instruction	5485	S:0xC003C02A	0x0699	0	LSLS     r1,r3,#26	false	
Instruction	5486	S:0xC003C02C	0x4621	0	MOV      r1,r4	false	
Instruction	5487	S:0xC003C02E	0x4605	0	MOV      r5,r0	false	
Instruction	5488	S:0xC003C030	0xBF42	0	ITTT     MI	false	
Instruction	5489	S:0xC003C032	0xF8D0345C	0	LDR      r3,[r0,#0x45c]	false	
Instruction	5490	S:0xC003C036	0xF10333FF	0	ADD      r3,r3,#0xffffffff	false	
Instruction	5491	S:0xC003C03A	0xF8C0345C	0	STR      r3,[r0,#0x45c]	false	
Instruction	5492	S:0xC003C03E	0xF7FFFEE3	77	BL       {pc}-0x236 ; 0xc003be08	true	
Instruction	5493	S:0xC003BE08	0xB488	0	PUSH     {r3,r7}	false	
Instruction	5494	S:0xC003BE0A	0xAF00	0	ADD      r7,sp,#0	false	
Instruction	5495	S:0xC003BE0C	0xB500	0	PUSH     {lr}	false	
Instruction	5496	S:0xC003BE0E	0xF85DEB04	0	POP      {lr}	false	
Instruction	5497	S:0xC003BE12	0x680B	0	LDR      r3,[r1,#0]	false	
Instruction	5498	S:0xC003BE14	0x079B	0	LSLS     r3,r3,#30	false	
Instruction	5499	S:0xC003BE16	0xD508	4	BPL      {pc}+0x14 ; 0xc003be2a	true	
Instruction	5500	S:0xC003BE2A	0x46BD	0	MOV      sp,r7	false	
Instruction	5501	S:0xC003BE2C	0xBC88	0	POP      {r3,r7}	false	
Instruction	5502	S:0xC003BE2E	0xF7FFBD1B	3	B.W      {pc}-0x5c6 ; 0xc003b868	true	
Instruction	5503	S:0xC003B868	0xE92D43F8	0	PUSH     {r3-r9,lr}	false	
Instruction	5504	S:0xC003B86C	0xAF00	0	ADD      r7,sp,#0	false	
Instruction	5505	S:0xC003B86E	0xB500	0	PUSH     {lr}	false	
Instruction	5506	S:0xC003B870	0xF85DEB04	0	POP      {lr}	false	
Instruction	5507	S:0xC003B874	0x460E	0	MOV      r6,r1	false	
Instruction	5508	S:0xC003B876	0x4690	0	MOV      r8,r2	false	
Instruction	5509	S:0xC003B878	0x4681	0	MOV      r9,r0	false	
Instruction	5510	S:0xC003B87A	0xF7FFFF85	2	BL       {pc}-0xf2 ; 0xc003b788	true	
Instruction	5511	S:0xC003B788	0xE92D43C8	0	PUSH     {r3,r6-r9,lr}	false	
Instruction	5512	S:0xC003B78C	0xAF00	0	ADD      r7,sp,#0	false	
Instruction	5513	S:0xC003B78E	0xB500	0	PUSH     {lr}	false	
Instruction	5514	S:0xC003B790	0xF85DEB04	0	POP      {lr}	false	
Instruction	5515	S:0xC003B794	0x6AC3	0	LDR      r3,[r0,#0x2c]	false	
Instruction	5516	S:0xC003B796	0x4606	0	MOV      r6,r0	false	
Instruction	5517	S:0xC003B798	0x2B00	0	CMP      r3,#0	false	
Instruction	5518	S:0xC003B79A	0xDD01	4	BLE      {pc}+6 ; 0xc003b7a0	true	
Instruction	5519	S:0xC003B7A0	0xF8D004C0	0	LDR      r0,[r0,#0x4c0]	false	
Instruction	5520	S:0xC003B7A4	0xF003FD86	13	BL       {pc}+0x3b10 ; 0xc003f2b4	true	
Instruction	5521	S:0xC003F2B4	0x4B03	0	LDR      r3,[pc,#12] ; [0xC003F2C4] = 0xC05FC57C	false	
Instruction	5522	S:0xC003F2B6	0x6818	0	LDR      r0,[r3,#0]	false	
Instruction	5523	S:0xC003F2B8	0xB108	1	CBZ      r0,{pc}+6 ; 0xc003f2be	true	fail
Instruction	5524	S:0xC003F2BA	0xF7CFBD35	1	B        {pc}-0x30592 ; 0xc000ed28	true	
Instruction	5525	S:0xC000ED28	0xB508	0	PUSH     {r3,lr}	false	
Instruction	5526	S:0xC000ED2A	0xF24C43CC	0	MOV      r3,#0xc4cc	false	
Instruction	5527	S:0xC000ED2E	0xF2CC035F	0	MOVT     r3,#0xc05f	false	
Instruction	5528	S:0xC000ED32	0x689B	0	LDR      r3,[r3,#8]	false	
Instruction	5529	S:0xC000ED34	0x4798	2	BLX      r3	true	
Instruction	5530	S:0xC00113EC	0xF24A2340	0	MOV      r3,#0xa240	false	
Instruction	5531	S:0xC00113F0	0xF2CC0362	0	MOVT     r3,#0xc062	false	
Instruction	5532	S:0xC00113F4	0xB510	0	PUSH     {r4,lr}	false	
Instruction	5533	S:0xC00113F6	0x681B	0	LDR      r3,[r3,#0]	false	
Instruction	5534	S:0xC00113F8	0x4798	59	BLX      r3	true	
Cycle Count				59	Tracing disabled		
Info					Tracing enabled		
Instruction	5535	S:0xC00113FA	0xF24C5320	0	MOV      r3,#0xc520	false	
Instruction	5536	S:0xC00113FE	0xF2CC035F	0	MOVT     r3,#0xc05f	false	
Instruction	5537	S:0xC0011402	0x681C	0	LDR      r4,[r3,#0]	false	
Instruction	5538	S:0xC0011404	0xFBA02304	0	UMULL    r2,r3,r0,r4	false	
Instruction	5539	S:0xC0011408	0x4610	0	MOV      r0,r2	false	
Instruction	5540	S:0xC001140A	0xFB043101	0	MLA      r1,r4,r1,r3	false	
Instruction	5541	S:0xC001140E	0xBD10	4	POP      {r4,pc}	true	
Instruction	5542	S:0xC000ED36	0xBD08	1	POP      {r3,pc}	true	
Instruction	5543	S:0xC003B7A8	0xF506638F	0	ADD      r3,r6,#0x478	false	
Instruction	5544	S:0xC003B7AC	0xF5066690	0	ADD      r6,r6,#0x480	false	
Instruction	5545	S:0xC003B7B0	0xE9D38900	0	LDRD     r8,r9,[r3,#0]	false	
Instruction	5546	S:0xC003B7B4	0xE9C30100	0	STRD     r0,r1,[r3,#0]	false	
Instruction	5547	S:0xC003B7B8	0xE9D62300	0	LDRD     r2,r3,[r6,#0]	false	
Instruction	5548	S:0xC003B7BC	0xEBB20208	0	SUBS     r2,r2,r8	false	
Instruction	5549	S:0xC003B7C0	0xEB630309	0	SBC      r3,r3,r9	false	
Instruction	5550	S:0xC003B7C4	0x1812	0	ADDS     r2,r2,r0	false	
Instruction	5551	S:0xC003B7C6	0xEB430301	0	ADC      r3,r3,r1	false	
Instruction	5552	S:0xC003B7CA	0xE9C62300	0	STRD     r2,r3,[r6,#0]	false	
Instruction	5553	S:0xC003B7CE	0xE8BD83C8	3	POP      {r3,r6-r9,pc}	true	
Instruction	5554	S:0xC003B87E	0x4633	0	MOV      r3,r6	false	
Instruction	5555	S:0xC003B880	0xE9F3457A	0	LDRD     r4,r5,[r3,#0x1e8]!	false	
Instruction	5556	S:0xC003B884	0xEA540205	0	ORRS     r2,r4,r5	false	
Instruction	5557	S:0xC003B888	0xD10C	1	BNE      {pc}+0x1c ; 0xc003b8a4	true	fail
Instruction	5558	S:0xC003B88A	0x6872	0	LDR      r2,[r6,#4]	false	
Instruction	5559	S:0xC003B88C	0x4809	0	LDR      r0,[pc,#36] ; [0xC003B8B4] = 0xC05FD5C0	false	
Instruction	5560	S:0xC003B88E	0x490A	0	LDR      r1,[pc,#40] ; [0xC003B8B8] = 0xC05F3080	false	
Instruction	5561	S:0xC003B890	0x6952	0	LDR      r2,[r2,#0x14]	false	
Instruction	5562	S:0xC003B892	0xF8502022	0	LDR      r2,[r0,r2,LSL #2]	false	
Instruction	5563	S:0xC003B896	0x1889	0	ADDS     r1,r1,r2	false	
Instruction	5564	S:0xC003B898	0xF501618F	0	ADD      r1,r1,#0x478	false	
Instruction	5565	S:0xC003B89C	0xE9D14500	0	LDRD     r4,r5,[r1,#0]	false	
Instruction	5566	S:0xC003B8A0	0xE9C34500	0	STRD     r4,r5,[r3,#0]	false	
Instruction	5567	S:0xC003B8A4	0x6B33	0	LDR      r3,[r6,#0x30]	false	
Instruction	5568	S:0xC003B8A6	0x4648	0	MOV      r0,r9	false	
Instruction	5569	S:0xC003B8A8	0x4642	0	MOV      r2,r8	false	
Instruction	5570	S:0xC003B8AA	0x4631	0	MOV      r1,r6	false	
Instruction	5571	S:0xC003B8AC	0x685B	0	LDR      r3,[r3,#4]	false	
Instruction	5572	S:0xC003B8AE	0x4798	17	BLX      r3	true	
Instruction	5573	S:0xC0043DE4	0xE92D4FF0	0	PUSH     {r4-r11,lr}	false	
Instruction	5574	S:0xC0043DE8	0xB0A5	0	SUB      sp,sp,#0x94	false	
Instruction	5575	S:0xC0043DEA	0xB500	0	PUSH     {lr}	false	
Instruction	5576	S:0xC0043DEC	0xF85DEB04	0	POP      {lr}	false	
Instruction	5577	S:0xC0043DF0	0xF1110B38	0	ADDS     r11,r1,#0x38	false	
Instruction	5578	S:0xC0043DF4	0x9013	0	STR      r0,[sp,#0x4c]	false	
Instruction	5579	S:0xC0043DF6	0xF0008380	2	BEQ.W    {pc}+0x704 ; 0xc00444fa	true	fail
Instruction	5580	S:0xC0043DFA	0x6D4B	0	LDR      r3,[r1,#0x54]	false	
Instruction	5581	S:0xC0043DFC	0x2B00	0	CMP      r3,#0	false	
Instruction	5582	S:0xC0043DFE	0xF0408273	1	BNE.W    {pc}+0x4ea ; 0xc00442e8	true	fail
Instruction	5583	S:0xC0043E02	0x465F	0	MOV      r7,r11	false	
Instruction	5584	S:0xC0043E04	0x4615	0	MOV      r5,r2	false	
Instruction	5585	S:0xC0043E06	0xF0050305	0	AND      r3,r5,#5	false	
Instruction	5586	S:0xC0043E0A	0xF8D76124	0	LDR      r6,[r7,#0x124]	false	
Instruction	5587	S:0xC0043E0E	0x2B01	0	CMP      r3,#1	false	
Instruction	5588	S:0xC0043E10	0xD008	1	BEQ      {pc}+0x14 ; 0xc0043e24	true	fail
Instruction	5589	S:0xC0043E12	0xE9D7010C	0	LDRD     r0,r1,[r7,#0x30]	false	
Instruction	5590	S:0xC0043E16	0xE9D62306	0	LDRD     r2,r3,[r6,#0x18]	false	
Instruction	5591	S:0xC0043E1A	0x1880	0	ADDS     r0,r0,r2	false	
Instruction	5592	S:0xC0043E1C	0xEB410103	0	ADC      r1,r1,r3	false	
Instruction	5593	S:0xC0043E20	0xE9C7010C	0	STRD     r0,r1,[r7,#0x30]	false	
Instruction	5594	S:0xC0043E24	0x46B8	0	MOV      r8,r7	false	
Instruction	5595	S:0xC0043E26	0x4630	0	MOV      r0,r6	false	
Instruction	5596	S:0xC0043E28	0xF7FCF96E	1	BL       {pc}-0x3d20 ; 0xc0040108	true	
Instruction	5597	S:0xC0040108	0xE92D4FF0	0	PUSH     {r4-r11,lr}	false	
Instruction	5598	S:0xC004010C	0xB085	0	SUB      sp,sp,#0x14	false	
Instruction	5599	S:0xC004010E	0xB500	0	PUSH     {lr}	false	
Instruction	5600	S:0xC0040110	0xF85DEB04	0	POP      {lr}	false	
Instruction	5601	S:0xC0040114	0xF8D02084	0	LDR      r2,[r0,#0x84]	false	
Instruction	5602	S:0xC0040118	0xF8D0A030	0	LDR      r10,[r0,#0x30]	false	
Instruction	5603	S:0xC004011C	0x4683	0	MOV      r11,r0	false	
Instruction	5604	S:0xC004011E	0xF8D23480	0	LDR      r3,[r2,#0x480]	false	
Instruction	5605	S:0xC0040122	0xF8D2C484	0	LDR      r12,[r2,#0x484]	false	
Instruction	5606	S:0xC0040126	0xF1BA0F00	0	CMP      r10,#0	false	
Instruction	5607	S:0xC004012A	0xD041	19	BEQ      {pc}+0x86 ; 0xc00401b0	true	fail
Instruction	5608	S:0xC004012C	0xF8DA2020	0	LDR      r2,[r10,#0x20]	false	
Instruction	5609	S:0xC0040130	0x1A9A	0	SUBS     r2,r3,r2	false	
Instruction	5610	S:0xC0040132	0xD03D	24	BEQ      {pc}+0x7e ; 0xc00401b0	true	fail
Instruction	5611	S:0xC0040134	0xE9DA6728	0	LDRD     r6,r7,[r10,#0xa0]	false	
Instruction	5612	S:0xC0040138	0x2500	0	MOVS     r5,#0	false	
Instruction	5613	S:0xC004013A	0x4614	0	MOV      r4,r2	false	
Instruction	5614	S:0xC004013C	0x4629	0	MOV      r1,r5	false	
Instruction	5615	S:0xC004013E	0x42BD	0	CMP      r5,r7	false	
Instruction	5616	S:0xC0040140	0xBF08	0	IT       EQ	false	
Instruction	5617	S:0xC0040142	0x42B4	0	CMP      r4,r6	false	
Instruction	5618	S:0xC0040144	0x4610	0	MOV      r0,r2	false	
Instruction	5619	S:0xC0040146	0xBF3C	0	ITT      CC	false	
Instruction	5620	S:0xC0040148	0x4639	0	MOV      r1,r7	false	
Instruction	5621	S:0xC004014A	0x4630	0	MOV      r0,r6	false	
Instruction	5622	S:0xC004014C	0xE9DA670A	0	LDRD     r6,r7,[r10,#0x28]	false	
Instruction	5623	S:0xC0040150	0xF8CA10A4	0	STR      r1,[r10,#0xa4]	false	
Instruction	5624	S:0xC0040154	0x18B6	0	ADDS     r6,r6,r2	false	
Instruction	5625	S:0xC0040156	0xF8CA00A0	0	STR      r0,[r10,#0xa0]	false	
Instruction	5626	S:0xC004015A	0xEB470705	0	ADC      r7,r7,r5	false	
Instruction	5627	S:0xC004015E	0xE9CA670A	0	STRD     r6,r7,[r10,#0x28]	false	
Instruction	5628	S:0xC0040162	0xE9DB6704	0	LDRD     r6,r7,[r11,#0x10]	false	
Instruction	5629	S:0xC0040166	0x18B6	0	ADDS     r6,r6,r2	false	
Instruction	5630	S:0xC0040168	0xEB470705	0	ADC      r7,r7,r5	false	
Instruction	5631	S:0xC004016C	0xE9CB6704	0	STRD     r6,r7,[r11,#0x10]	false	
Instruction	5632	S:0xC0040170	0xF8DA1000	0	LDR      r1,[r10,#0]	false	
Instruction	5633	S:0xC0040174	0xF5B16F80	0	CMP      r1,#0x400	false	
Instruction	5634	S:0xC0040178	0xBF04	0	ITT      EQ	false	
Instruction	5635	S:0xC004017A	0x4690	0	MOV      r8,r2	false	
Instruction	5636	S:0xC004017C	0x46A9	0	MOV      r9,r5	false	
Instruction	5637	S:0xC004017E	0xD13D	20	BNE      {pc}+0x7e ; 0xc00401fc	true	fail
Instruction	5638	S:0xC0040180	0xE9DA670C	0	LDRD     r6,r7,[r10,#0x30]	false	
Instruction	5639	S:0xC0040184	0x4658	0	MOV      r0,r11	false	
Instruction	5640	S:0xC0040186	0xEB160608	0	ADDS     r6,r6,r8	false	
Instruction	5641	S:0xC004018A	0xEB470709	0	ADC      r7,r7,r9	false	
Instruction	5642	S:0xC004018E	0xE9CA670C	0	STRD     r6,r7,[r10,#0x30]	false	
Instruction	5643	S:0xC0040192	0x9303	0	STR      r3,[sp,#0xc]	false	
Instruction	5644	S:0xC0040194	0xF8CDC008	0	STR      r12,[sp,#8]	false	
Instruction	5645	S:0xC0040198	0xF7FFFB06	2	BL       {pc}-0x9f0 ; 0xc003f7a8	true	
Instruction	5646	S:0xC003F7A8	0xE92D03F0	0	PUSH     {r4-r9}	false	
Instruction	5647	S:0xC003F7AC	0xB500	0	PUSH     {lr}	false	
Instruction	5648	S:0xC003F7AE	0xF85DEB04	0	POP      {lr}	false	
Instruction	5649	S:0xC003F7B2	0x6B03	0	LDR      r3,[r0,#0x30]	false	
Instruction	5650	S:0xC003F7B4	0xE9D04506	0	LDRD     r4,r5,[r0,#0x18]	false	
Instruction	5651	S:0xC003F7B8	0x2B00	0	CMP      r3,#0	false	
Instruction	5652	S:0xC003F7BA	0xD029	119	BEQ      {pc}+0x56 ; 0xc003f810	true	fail
Instruction	5653	S:0xC003F7BC	0x6AC1	0	LDR      r1,[r0,#0x2c]	false	
Instruction	5654	S:0xC003F7BE	0xE9D3230C	0	LDRD     r2,r3,[r3,#0x30]	false	
Instruction	5655	S:0xC003F7C2	0xB171	9	CBZ      r1,{pc}+0x20 ; 0xc003f7e2	true	
Instruction	5656	S:0xC003F7E2	0x4616	0	MOV      r6,r2	false	
Instruction	5657	S:0xC003F7E4	0x461F	0	MOV      r7,r3	false	
Instruction	5658	S:0xC003F7E6	0x1B36	0	SUBS     r6,r6,r4	false	
Instruction	5659	S:0xC003F7E8	0xEB670705	0	SBC      r7,r7,r5	false	
Instruction	5660	S:0xC003F7EC	0x2E01	0	CMP      r6,#1	false	
Instruction	5661	S:0xC003F7EE	0xF1770100	0	SBCS     r1,r7,#0	false	
Instruction	5662	S:0xC003F7F2	0xDB0A	12	BLT      {pc}+0x18 ; 0xc003f80a	true	fail
Instruction	5663	S:0xC003F7F4	0xE9C02306	0	STRD     r2,r3,[r0,#0x18]	false	
Instruction	5664	S:0xC003F7F8	0xF3BF8F5F	0	DMB      	false	
Instruction	5665	S:0xC003F7FC	0xE9D02306	0	LDRD     r2,r3,[r0,#0x18]	false	
Instruction	5666	S:0xC003F800	0xE9C02308	0	STRD     r2,r3,[r0,#0x20]	false	
Instruction	5667	S:0xC003F804	0xE8BD03F0	0	POP      {r4-r9}	false	
Instruction	5668	S:0xC003F808	0x4770	86	BX       lr	true	
Instruction	5669	S:0xC004019C	0x9B03	0	LDR      r3,[sp,#0xc]	false	
Instruction	5670	S:0xC004019E	0xF8DA2128	0	LDR      r2,[r10,#0x128]	false	
Instruction	5671	S:0xC00401A2	0xF8CA3020	0	STR      r3,[r10,#0x20]	false	
Instruction	5672	S:0xC00401A6	0xF8DDC008	0	LDR      r12,[sp,#8]	false	
Instruction	5673	S:0xC00401AA	0xF8CAC024	0	STR      r12,[r10,#0x24]	false	
Instruction	5674	S:0xC00401AE	0xB112	2	CBZ      r2,{pc}+8 ; 0xc00401b6	true	
Instruction	5675	S:0xC00401B6	0x4B24	0	LDR      r3,[pc,#144] ; [0xC0040248] = 0xC0636008	false	
Instruction	5676	S:0xC00401B8	0xE9DA670C	0	LDRD     r6,r7,[r10,#0x30]	false	
Instruction	5677	S:0xC00401BC	0x685A	0	LDR      r2,[r3,#4]	false	
Instruction	5678	S:0xC00401BE	0x2A00	0	CMP      r2,#0	false	
Instruction	5679	S:0xC00401C0	0xD12C	46	BNE      {pc}+0x5c ; 0xc004021c	true	fail
Instruction	5680	S:0xC00401C2	0xF8DA639C	0	LDR      r6,[r10,#0x39c]	false	
Instruction	5681	S:0xC00401C6	0xF8D630D8	0	LDR      r3,[r6,#0xd8]	false	
Instruction	5682	S:0xC00401CA	0x2B00	0	CMP      r3,#0	false	
Instruction	5683	S:0xC00401CC	0xD0F0	162	BEQ      {pc}-0x1c ; 0xc00401b0	true	
Instruction	5684	S:0xC00401B0	0xB005	0	ADD      sp,sp,#0x14	false	
Instruction	5685	S:0xC00401B2	0xE8BD8FF0	3	POP      {r4-r11,pc}	true	
Instruction	5686	S:0xC0043E2C	0xF0050501	0	AND      r5,r5,#1	false	
Instruction	5687	S:0xC0043E30	0xE9F80150	0	LDRD     r0,r1,[r8,#0x140]!	false	
Instruction	5688	S:0xC0043E34	0xE9CD010A	0	STRD     r0,r1,[sp,#0x28]	false	
Instruction	5689	S:0xC0043E38	0x2801	0	CMP      r0,#1	false	
Instruction	5690	S:0xC0043E3A	0xF1710100	0	SBCS     r1,r1,#0	false	
Instruction	5691	S:0xC0043E3E	0xF2C0857A	2	BLT.W    {pc}+0xaf8 ; 0xc0044936	true	fail
Instruction	5692	S:0xC0043E42	0xF8D73124	0	LDR      r3,[r7,#0x124]	false	
Instruction	5693	S:0xC0043E46	0xF1030458	0	ADD      r4,r3,#0x58	false	
Instruction	5694	S:0xC0043E4A	0xE8D4017F	0	LDREXD   r0,r1,[r4]	false	
Instruction	5695	S:0xC0043E4E	0x4602	0	MOV      r2,r0	false	
Instruction	5696	S:0xC0043E50	0x460B	0	MOV      r3,r1	false	
Instruction	5697	S:0xC0043E52	0xE9DD010A	0	LDRD     r0,r1,[sp,#0x28]	false	
Instruction	5698	S:0xC0043E56	0x1A12	0	SUBS     r2,r2,r0	false	
Instruction	5699	S:0xC0043E58	0xEB630301	0	SBC      r3,r3,r1	false	
Instruction	5700	S:0xC0043E5C	0xEA520103	0	ORRS     r1,r2,r3	false	
Instruction	5701	S:0xC0043E60	0xF04083D8	13	BNE.W    {pc}+0x7b4 ; 0xc0044614	true	
Instruction	5702	S:0xC0044614	0xF44F60FC	0	MOV      r0,#0x7e0	false	
Instruction	5703	S:0xC0044618	0x2100	0	MOVS     r1,#0	false	
Instruction	5704	S:0xC004461A	0x4299	0	CMP      r1,r3	false	
Instruction	5705	S:0xC004461C	0xBF08	0	IT       EQ	false	
Instruction	5706	S:0xC004461E	0x4290	0	CMP      r0,r2	false	
Instruction	5707	S:0xC0044620	0xF8D74148	0	LDR      r4,[r7,#0x148]	false	
Instruction	5708	S:0xC0044624	0xF0C0830A	5	BCC.W    {pc}+0x618 ; 0xc0044c3c	true	fail
Instruction	5709	S:0xC0044628	0x2A1F	0	CMP      r2,#0x1f	false	
Instruction	5710	S:0xC004462A	0x4611	0	MOV      r1,r2	false	
Instruction	5711	S:0xC004462C	0xBF82	0	ITTT     HI	false	
Instruction	5712	S:0xC004462E	0x0953	0	LSRS     r3,r2,#5	false	
Instruction	5713	S:0xC0044630	0xF002011F	0	AND      r1,r2,#0x1f	false	
Instruction	5714	S:0xC0044634	0x40DC	0	LSRS     r4,r4,r3	false	
Instruction	5715	S:0xC0044636	0x4BA2	0	LDR      r3,[pc,#648] ; [0xC00448C0] = 0xC03E83C8	false	
Instruction	5716	S:0xC0044638	0xF8532021	0	LDR      r2,[r3,r1,LSL #2]	false	
Instruction	5717	S:0xC004463C	0xFBA22304	0	UMULL    r2,r3,r2,r4	false	
Instruction	5718	S:0xC0044640	0x4619	0	MOV      r1,r3	false	
Instruction	5719	S:0xC0044642	0xF8C71148	0	STR      r1,[r7,#0x148]	false	
Instruction	5720	S:0xC0044646	0x2200	0	MOVS     r2,#0	false	
Instruction	5721	S:0xC0044648	0x2300	0	MOVS     r3,#0	false	
Instruction	5722	S:0xC004464A	0xE9C82300	0	STRD     r2,r3,[r8,#0]	false	
Instruction	5723	S:0xC004464E	0x2D00	0	CMP      r5,#0	false	
Instruction	5724	S:0xC0044650	0xF47FAC0D	24	BNE      {pc}-0x7e2 ; 0xc0043e6e	true	
Instruction	5725	S:0xC0043E6E	0x460A	0	MOV      r2,r1	false	
Instruction	5726	S:0xC0043E70	0xE9D60114	0	LDRD     r0,r1,[r6,#0x50]	false	
Instruction	5727	S:0xC0043E74	0x17D3	0	ASRS     r3,r2,#31	false	
Instruction	5728	S:0xC0043E76	0x428B	0	CMP      r3,r1	false	
Instruction	5729	S:0xC0043E78	0xBF08	0	IT       EQ	false	
Instruction	5730	S:0xC0043E7A	0x4282	0	CMP      r2,r0	false	
Instruction	5731	S:0xC0043E7C	0xF08086D8	4	BCS.W    {pc}+0xdb4 ; 0xc0044c30	true	
Instruction	5732	S:0xC0044C30	0x2200	0	MOVS     r2,#0	false	
Instruction	5733	S:0xC0044C32	0x2300	0	MOVS     r3,#0	false	
Instruction	5734	S:0xC0044C34	0xE9C62314	0	STRD     r2,r3,[r6,#0x50]	false	
Instruction	5735	S:0xC0044C38	0xF7FFB927	4	B        {pc}-0xdae ; 0xc0043e8a	true	
Instruction	5736	S:0xC0043E8A	0xF8D73124	0	LDR      r3,[r7,#0x124]	false	
Instruction	5737	S:0xC0043E8E	0xF8D72128	0	LDR      r2,[r7,#0x128]	false	
Instruction	5738	S:0xC0043E92	0xF8D31084	0	LDR      r1,[r3,#0x84]	false	
Instruction	5739	S:0xC0043E96	0xF8D144C0	0	LDR      r4,[r1,#0x4c0]	false	
Instruction	5740	S:0xC0043E9A	0x940A	0	STR      r4,[sp,#0x28]	false	
Instruction	5741	S:0xC0043E9C	0x2A00	0	CMP      r2,#0	false	
Instruction	5742	S:0xC0043E9E	0xF0008452	3	BEQ.W    {pc}+0x8a8 ; 0xc0044746	true	
Instruction	5743	S:0xC0044746	0xF5016190	0	ADD      r1,r1,#0x480	false	
Instruction	5744	S:0xC004474A	0xE9D18900	0	LDRD     r8,r9,[r1,#0]	false	
Instruction	5745	S:0xC004474E	0xF7FFBBAE	14	B        {pc}-0x8a0 ; 0xc0043eae	true	
Instruction	5746	S:0xC0043EAE	0xF64B7540	0	MOV      r5,#0xbf40	false	
Instruction	5747	S:0xC0043EB2	0x46BE	0	MOV      lr,r7	false	
Instruction	5748	S:0xC0043EB4	0xF2CC0564	0	MOVT     r5,#0xc064	false	
Instruction	5749	S:0xC0043EB8	0x69F8	0	LDR      r0,[r7,#0x1c]	false	
Instruction	5750	S:0xC0043EBA	0x6B1B	0	LDR      r3,[r3,#0x30]	false	
Instruction	5751	S:0xC0043EBC	0x686A	0	LDR      r2,[r5,#4]	false	
Instruction	5752	S:0xC0043EBE	0xE9FE454E	0	LDRD     r4,r5,[lr,#0x138]!	false	
Instruction	5753	S:0xC0043EC2	0x9010	0	STR      r0,[sp,#0x40]	false	
Instruction	5754	S:0xC0043EC4	0xEBB80404	0	SUBS     r4,r8,r4	false	
Instruction	5755	S:0xC0043EC8	0xEB690505	0	SBC      r5,r9,r5	false	
Instruction	5756	S:0xC0043ECC	0xEA4F7CE2	0	ASR      r12,r2,#31	false	
Instruction	5757	S:0xC0043ED0	0x930C	0	STR      r3,[sp,#0x30]	false	
Instruction	5758	S:0xC0043ED2	0xFBA50102	0	UMULL    r0,r1,r5,r2	false	
Instruction	5759	S:0xC0043ED6	0xFBA42302	0	UMULL    r2,r3,r4,r2	false	
Instruction	5760	S:0xC0043EDA	0xFB05110C	0	MLA      r1,r5,r12,r1	false	
Instruction	5761	S:0xC0043EDE	0xFB04330C	0	MLA      r3,r4,r12,r3	false	
Instruction	5762	S:0xC0043EE2	0xEA4F4C00	0	LSL      r12,r0,#16	false	
Instruction	5763	S:0xC0043EE6	0xF8CDC018	0	STR      r12,[sp,#0x18]	false	
Instruction	5764	S:0xC0043EEA	0x040C	0	LSLS     r4,r1,#16	false	
Instruction	5765	S:0xC0043EEC	0xEA444510	0	ORR      r5,r4,r0,LSR #16	false	
Instruction	5766	S:0xC0043EF0	0x0C10	0	LSRS     r0,r2,#16	false	
Instruction	5767	S:0xC0043EF2	0x9507	0	STR      r5,[sp,#0x1c]	false	
Instruction	5768	S:0xC0043EF4	0x0C1C	0	LSRS     r4,r3,#16	false	
Instruction	5769	S:0xC0043EF6	0xEA404103	0	ORR      r1,r0,r3,LSL #16	false	
Instruction	5770	S:0xC0043EFA	0x9409	0	STR      r4,[sp,#0x24]	false	
Instruction	5771	S:0xC0043EFC	0x9108	0	STR      r1,[sp,#0x20]	false	
Instruction	5772	S:0xC0043EFE	0xE9DD4508	0	LDRD     r4,r5,[sp,#0x20]	false	
Instruction	5773	S:0xC0043F02	0xE9DD2306	0	LDRD     r2,r3,[sp,#0x18]	false	
Instruction	5774	S:0xC0043F06	0x1912	0	ADDS     r2,r2,r4	false	
Instruction	5775	S:0xC0043F08	0xEB430305	0	ADC      r3,r3,r5	false	
Instruction	5776	S:0xC0043F0C	0x2A00	0	CMP      r2,#0	false	
Instruction	5777	S:0xC0043F0E	0xF1730500	0	SBCS     r5,r3,#0	false	
Instruction	5778	S:0xC0043F12	0xF2C083DD	49	BLT.W    {pc}+0x7be ; 0xc00446d0	true	fail
Instruction	5779	S:0xC0043F16	0xEA4F2C92	0	LSR      r12,r2,#10	false	
Instruction	5780	S:0xC0043F1A	0x0A99	0	LSRS     r1,r3,#10	false	
Instruction	5781	S:0xC0043F1C	0xEA4C5083	0	ORR      r0,r12,r3,LSL #22	false	
Instruction	5782	S:0xC0043F20	0x9105	0	STR      r1,[sp,#0x14]	false	
Instruction	5783	S:0xC0043F22	0x9004	0	STR      r0,[sp,#0x10]	false	
Instruction	5784	S:0xC0043F24	0xE9DD4504	0	LDRD     r4,r5,[sp,#0x10]	false	
Instruction	5785	S:0xC0043F28	0x4325	0	ORRS     r5,r5,r4	false	
Instruction	5786	S:0xC0043F2A	0xF00080CE	8	BEQ.W    {pc}+0x1a0 ; 0xc00440ca	true	fail
Instruction	5787	S:0xC0043F2E	0xF64B7C40	0	MOV      r12,#0xbf40	false	
Instruction	5788	S:0xC0043F32	0xE9CE8900	0	STRD     r8,r9,[lr,#0]	false	
Instruction	5789	S:0xC0043F36	0xF2CC0C64	0	MOVT     r12,#0xc064	false	
Instruction	5790	S:0xC0043F3A	0xF8DC3000	0	LDR      r3,[r12,#0]	false	
Instruction	5791	S:0xC0043F3E	0x2B00	0	CMP      r3,#0	false	
Instruction	5792	S:0xC0043F40	0xF00083D9	4	BEQ.W    {pc}+0x7b6 ; 0xc00446f6	true	fail
Instruction	5793	S:0xC0043F44	0x980A	0	LDR      r0,[sp,#0x28]	false	
Instruction	5794	S:0xC0043F46	0x4661	0	MOV      r1,r12	false	
Instruction	5795	S:0xC0043F48	0x2300	0	MOVS     r3,#0	false	
Instruction	5796	S:0xC0043F4A	0x930B	0	STR      r3,[sp,#0x2c]	false	
Instruction	5797	S:0xC0043F4C	0xEB0C1C00	0	ADD      r12,r12,r0,LSL #4	false	
Instruction	5798	S:0xC0043F50	0xF8DC5098	0	LDR      r5,[r12,#0x98]	false	
Instruction	5799	S:0xC0043F54	0x950A	0	STR      r5,[sp,#0x28]	false	
Instruction	5800	S:0xC0043F56	0x980C	0	LDR      r0,[sp,#0x30]	false	
Instruction	5801	S:0xC0043F58	0xF8D74134	0	LDR      r4,[r7,#0x134]	false	
Instruction	5802	S:0xC0043F5C	0x1A38	0	SUBS     r0,r7,r0	false	
Instruction	5803	S:0xC0043F5E	0xE9DD2304	0	LDRD     r2,r3,[sp,#0x10]	false	
Instruction	5804	S:0xC0043F62	0xF1D00900	0	RSBS     r9,r0,#0	false	
Instruction	5805	S:0xC0043F66	0xEB590900	0	ADCS     r9,r9,r0	false	
Instruction	5806	S:0xC0043F6A	0x05A0	0	LSLS     r0,r4,#22	false	
Instruction	5807	S:0xC0043F6C	0x0D80	0	LSRS     r0,r0,#22	false	
Instruction	5808	S:0xC0043F6E	0x1812	0	ADDS     r2,r2,r0	false	
Instruction	5809	S:0xC0043F70	0xF1430300	0	ADC      r3,r3,#0	false	
Instruction	5810	S:0xC0043F74	0x2B00	0	CMP      r3,#0	false	
Instruction	5811	S:0xC0043F76	0xBF08	0	IT       EQ	false	
Instruction	5812	S:0xC0043F78	0xF5B26F80	0	CMP      r2,#0x400	false	
Instruction	5813	S:0xC0043F7C	0xBF38	0	IT       CC	false	
Instruction	5814	S:0xC0043F7E	0x2100	0	MOVS     r1,#0	false	
Instruction	5815	S:0xC0043F80	0xD37B	9	BCC      {pc}+0xfa ; 0xc004407a	true	fail
Instruction	5816	S:0xC0043F82	0xF5C06080	0	RSB      r0,r0,#0x400	false	
Instruction	5817	S:0xC0043F86	0x9B10	0	LDR      r3,[sp,#0x40]	false	
Instruction	5818	S:0xC0043F88	0xF8D71130	0	LDR      r1,[r7,#0x130]	false	
Instruction	5819	S:0xC0043F8C	0xFB00F205	0	MUL      r2,r0,r5	false	
Instruction	5820	S:0xC0043F90	0x0A92	0	LSRS     r2,r2,#10	false	
Instruction	5821	S:0xC0043F92	0x2B00	0	CMP      r3,#0	false	
Instruction	5822	S:0xC0043F94	0xF00083DD	2	BEQ.W    {pc}+0x7be ; 0xc0044752	true	
Instruction	5823	S:0xC0044752	0x9122	0	STR      r1,[sp,#0x88]	false	
Instruction	5824	S:0xC0044754	0xE424	1	B        {pc}-0x7b4 ; 0xc0043fa0	true	
Instruction	5825	S:0xC0043FA0	0xF1B90F00	0	CMP      r9,#0	false	
Instruction	5826	S:0xC0043FA4	0xD004	1	BEQ      {pc}+0xc ; 0xc0043fb0	true	
Instruction	5827	S:0xC0043FB0	0xE9DD2304	0	LDRD     r2,r3,[sp,#0x10]	false	
Instruction	5828	S:0xC0043FB4	0x1904	0	ADDS     r4,r0,r4	false	
Instruction	5829	S:0xC0043FB6	0x9423	0	STR      r4,[sp,#0x8c]	false	
Instruction	5830	S:0xC0043FB8	0x1A12	0	SUBS     r2,r2,r0	false	
Instruction	5831	S:0xC0043FBA	0xEB6373E0	0	SBC      r3,r3,r0,ASR #31	false	
Instruction	5832	S:0xC0043FBE	0xE9CD2300	0	STRD     r2,r3,[sp,#0]	false	
Instruction	5833	S:0xC0043FC2	0x9B00	0	LDR      r3,[sp,#0]	false	
Instruction	5834	S:0xC0043FC4	0xF24032FF	0	MOV      r2,#0x3ff	false	
Instruction	5835	S:0xC0043FC8	0xF8DDC004	0	LDR      r12,[sp,#4]	false	
Instruction	5836	S:0xC0043FCC	0xE9DD0100	0	LDRD     r0,r1,[sp,#0]	false	
Instruction	5837	S:0xC0043FD0	0x0A9B	0	LSRS     r3,r3,#10	false	
Instruction	5838	S:0xC0043FD2	0xF8C74134	0	STR      r4,[r7,#0x134]	false	
Instruction	5839	S:0xC0043FD6	0xEA43548C	0	ORR      r4,r3,r12,LSL #22	false	
Instruction	5840	S:0xC0043FDA	0x2300	0	MOVS     r3,#0	false	
Instruction	5841	S:0xC0043FDC	0x4019	0	ANDS     r1,r1,r3	false	
Instruction	5842	S:0xC0043FDE	0x9414	0	STR      r4,[sp,#0x50]	false	
Instruction	5843	S:0xC0043FE0	0xEA4F239C	0	LSR      r3,r12,#10	false	
Instruction	5844	S:0xC0043FE4	0x9315	0	STR      r3,[sp,#0x54]	false	
Instruction	5845	S:0xC0043FE6	0x4010	0	ANDS     r0,r0,r2	false	
Instruction	5846	S:0xC0043FE8	0xE9CD0104	0	STRD     r0,r1,[sp,#0x10]	false	
Instruction	5847	S:0xC0043FEC	0xE9DD0114	0	LDRD     r0,r1,[sp,#0x50]	false	
Instruction	5848	S:0xC0043FF0	0x2201	0	MOVS     r2,#1	false	
Instruction	5849	S:0xC0043FF2	0x2300	0	MOVS     r3,#0	false	
Instruction	5850	S:0xC0043FF4	0x1880	0	ADDS     r0,r0,r2	false	
Instruction	5851	S:0xC0043FF6	0xF44F62FC	0	MOV      r2,#0x7e0	false	
Instruction	5852	S:0xC0043FFA	0xEB410103	0	ADC      r1,r1,r3	false	
Instruction	5853	S:0xC0043FFE	0x2300	0	MOVS     r3,#0	false	
Instruction	5854	S:0xC0044000	0x428B	0	CMP      r3,r1	false	
Instruction	5855	S:0xC0044002	0xBF08	0	IT       EQ	false	
Instruction	5856	S:0xC0044004	0x4282	0	CMP      r2,r0	false	
Instruction	5857	S:0xC0044006	0xE9CD010C	0	STRD     r0,r1,[sp,#0x30]	false	
Instruction	5858	S:0xC004400A	0xF0C086BF	8	BCC.W    {pc}+0xd82 ; 0xc0044d8c	true	fail
Instruction	5859	S:0xC004400E	0x9B0C	0	LDR      r3,[sp,#0x30]	false	
Instruction	5860	S:0xC0044010	0x4680	0	MOV      r8,r0	false	
Instruction	5861	S:0xC0044012	0xF8DFC8AC	0	LDR      r12,[pc,#2220] ; [0xC00448C0]	false	
Instruction	5862	S:0xC0044016	0x2B1F	0	CMP      r3,#0x1f	false	
Instruction	5863	S:0xC0044018	0xF20086C1	8	BHI.W    {pc}+0xd86 ; 0xc0044d9e	true	
Instruction	5864	S:0xC0044D9E	0x9922	0	LDR      r1,[sp,#0x88]	false	
Instruction	5865	S:0xC0044DA0	0xF003081F	0	AND      r8,r3,#0x1f	false	
Instruction	5866	S:0xC0044DA4	0x9C23	0	LDR      r4,[sp,#0x8c]	false	
Instruction	5867	S:0xC0044DA6	0xEA4F1E53	0	LSR      lr,r3,#5	false	
Instruction	5868	S:0xC0044DAA	0xF8D73160	0	LDR      r3,[r7,#0x160]	false	
Instruction	5869	S:0xC0044DAE	0xFA21F20E	0	LSR      r2,r1,lr	false	
Instruction	5870	S:0xC0044DB2	0xF85C1028	0	LDR      r1,[r12,r8,LSL #2]	false	
Instruction	5871	S:0xC0044DB6	0xFA24F00E	0	LSR      r0,r4,lr	false	
Instruction	5872	S:0xC0044DBA	0xFA23FE0E	0	LSR      lr,r3,lr	false	
Instruction	5873	S:0xC0044DBE	0xFBA22301	0	UMULL    r2,r3,r2,r1	false	
Instruction	5874	S:0xC0044DC2	0xFBA10100	0	UMULL    r0,r1,r1,r0	false	
Instruction	5875	S:0xC0044DC6	0x461C	0	MOV      r4,r3	false	
Instruction	5876	S:0xC0044DC8	0xF8C73130	0	STR      r3,[r7,#0x130]	false	
Instruction	5877	S:0xC0044DCC	0xF8C71134	0	STR      r1,[r7,#0x134]	false	
Instruction	5878	S:0xC0044DD0	0xF7FFB933	54	B        {pc}-0xd96 ; 0xc004403a	true	
Instruction	5879	S:0xC004403A	0xF85C2028	0	LDR      r2,[r12,r8,LSL #2]	false	
Instruction	5880	S:0xC004403E	0xFBA2230E	0	UMULL    r2,r3,r2,lr	false	
Instruction	5881	S:0xC0044042	0xF8C73160	0	STR      r3,[r7,#0x160]	false	
Instruction	5882	S:0xC0044046	0xE9DD0114	0	LDRD     r0,r1,[sp,#0x50]	false	
Instruction	5883	S:0xC004404A	0xF7FDFB41	7	BL       {pc}-0x297a ; 0xc00416d0	true	
Instruction	5884	S:0xC00416D0	0xE92D03F0	0	PUSH     {r4-r9}	false	
Instruction	5885	S:0xC00416D4	0xB500	0	PUSH     {lr}	false	
Instruction	5886	S:0xC00416D6	0xF85DEB04	0	POP      {lr}	false	
Instruction	5887	S:0xC00416DA	0x2620	0	MOVS     r6,#0x20	false	
Instruction	5888	S:0xC00416DC	0x2700	0	MOVS     r7,#0	false	
Instruction	5889	S:0xC00416DE	0x428F	0	CMP      r7,r1	false	
Instruction	5890	S:0xC00416E0	0xBF08	0	IT       EQ	false	
Instruction	5891	S:0xC00416E2	0x4286	0	CMP      r6,r0	false	
Instruction	5892	S:0xC00416E4	0xD307	9	BCC      {pc}+0x12 ; 0xc00416f6	true	
Instruction	5893	S:0xC00416F6	0xF44F72AC	0	MOV      r2,#0x158	false	
Instruction	5894	S:0xC00416FA	0x2300	0	MOVS     r3,#0	false	
Instruction	5895	S:0xC00416FC	0x428B	0	CMP      r3,r1	false	
Instruction	5896	S:0xC00416FE	0xBF08	0	IT       EQ	false	
Instruction	5897	S:0xC0041700	0x4282	0	CMP      r2,r0	false	
Instruction	5898	S:0xC0041702	0xD34A	10	BCC      {pc}+0x98 ; 0xc004179a	true	
Instruction	5899	S:0xC004179A	0xF64B207E	0	MOV      r0,#0xba7e	false	
Instruction	5900	S:0xC004179E	0xE7A7	32	B        {pc}-0xae ; 0xc00416f0	true	
Instruction	5901	S:0xC00416F0	0xE8BD03F0	0	POP      {r4-r9}	false	
Instruction	5902	S:0xC00416F4	0x4770	13	BX       lr	true	
Instruction	5903	S:0xC004404E	0xFB05F300	0	MUL      r3,r5,r0	false	
Instruction	5904	S:0xC0044052	0x9D10	0	LDR      r5,[sp,#0x40]	false	
Instruction	5905	S:0xC0044054	0x0A9B	0	LSRS     r3,r3,#10	false	
Instruction	5906	S:0xC0044056	0xB115	1	CBZ      r5,{pc}+8 ; 0xc004405e	true	
Instruction	5907	S:0xC004405E	0xF1B90F00	0	CMP      r9,#0	false	
Instruction	5908	S:0xC0044062	0xD004	1	BEQ      {pc}+0xc ; 0xc004406e	true	
Instruction	5909	S:0xC004406E	0xF8D74134	0	LDR      r4,[r7,#0x134]	false	
Instruction	5910	S:0xC0044072	0x2101	0	MOVS     r1,#1	false	
Instruction	5911	S:0xC0044074	0x1824	0	ADDS     r4,r4,r0	false	
Instruction	5912	S:0xC0044076	0xF8C74134	0	STR      r4,[r7,#0x134]	false	
Instruction	5913	S:0xC004407A	0xF8DDC010	0	LDR      r12,[sp,#0x10]	false	
Instruction	5914	S:0xC004407E	0xF8DDE02C	0	LDR      lr,[sp,#0x2c]	false	
Instruction	5915	S:0xC0044082	0x9A05	0	LDR      r2,[sp,#0x14]	false	
Instruction	5916	S:0xC0044084	0x4665	0	MOV      r5,r12	false	
Instruction	5917	S:0xC0044086	0x9B0A	0	LDR      r3,[sp,#0x28]	false	
Instruction	5918	S:0xC0044088	0xFB0CF00E	0	MUL      r0,r12,lr	false	
Instruction	5919	S:0xC004408C	0xFB030002	0	MLA      r0,r3,r2,r0	false	
Instruction	5920	S:0xC0044090	0xFBA52303	0	UMULL    r2,r3,r5,r3	false	
Instruction	5921	S:0xC0044094	0x18C3	0	ADDS     r3,r0,r3	false	
Instruction	5922	S:0xC0044096	0x0A92	0	LSRS     r2,r2,#10	false	
Instruction	5923	S:0xC0044098	0xEA425283	0	ORR      r2,r2,r3,LSL #22	false	
Instruction	5924	S:0xC004409C	0x9B10	0	LDR      r3,[sp,#0x40]	false	
Instruction	5925	S:0xC004409E	0xB123	30	CBZ      r3,{pc}+0xc ; 0xc00440aa	true	
Instruction	5926	S:0xC00440AA	0xF1B90F00	0	CMP      r9,#0	false	
Instruction	5927	S:0xC00440AE	0xD004	1	BEQ      {pc}+0xc ; 0xc00440ba	true	
Instruction	5928	S:0xC00440BA	0x9D04	0	LDR      r5,[sp,#0x10]	false	
Instruction	5929	S:0xC00440BC	0x1964	0	ADDS     r4,r4,r5	false	
Instruction	5930	S:0xC00440BE	0xF8C74134	0	STR      r4,[r7,#0x134]	false	
Instruction	5931	S:0xC00440C2	0xB111	11	CBZ      r1,{pc}+8 ; 0xc00440ca	true	fail
Instruction	5932	S:0xC00440C4	0x4638	0	MOV      r0,r7	false	
Instruction	5933	S:0xC00440C6	0xF7FCF901	1	BL       {pc}-0x3dfa ; 0xc00402cc	true	
Instruction	5934	S:0xC00402CC	0xE92D4FF8	0	PUSH     {r3-r11,lr}	false	
Instruction	5935	S:0xC00402D0	0xB500	0	PUSH     {lr}	false	
Instruction	5936	S:0xC00402D2	0xF85DEB04	0	POP      {lr}	false	
Instruction	5937	S:0xC00402D6	0x4606	0	MOV      r6,r0	false	
Instruction	5938	S:0xC00402D8	0xF8D05128	0	LDR      r5,[r0,#0x128]	false	
Instruction	5939	S:0xC00402DC	0xF8D0A148	0	LDR      r10,[r0,#0x148]	false	
Instruction	5940	S:0xC00402E0	0x2D00	0	CMP      r5,#0	false	
Instruction	5941	S:0xC00402E2	0xD067	36	BEQ      {pc}+0xd2 ; 0xc00403b4	true	
Instruction	5942	S:0xC00403B4	0xF8D04134	0	LDR      r4,[r0,#0x134]	false	
Instruction	5943	S:0xC00403B8	0xF1A00538	0	SUB      r5,r0,#0x38	false	
Instruction	5944	S:0xC00403BC	0xF8D08130	0	LDR      r8,[r0,#0x130]	false	
Instruction	5945	S:0xC00403C0	0x6800	0	LDR      r0,[r0,#0]	false	
Instruction	5946	S:0xC00403C2	0x3401	0	ADDS     r4,#1	false	
Instruction	5947	S:0xC00403C4	0x4621	0	MOV      r1,r4	false	
Instruction	5948	S:0xC00403C6	0xFB00F008	0	MUL      r0,r0,r8	false	
Instruction	5949	S:0xC00403CA	0xF211F883	54	BL       {pc}+0x21110a ; 0xc02514d4	true	
Cycle Count				35	Tracing disabled		
Info					Tracing enabled		
Instruction	5950	S:0xC00403CE	0x4B27	0	LDR      r3,[pc,#156] ; [0xC004046C] = 0xC0635FF4	false	
Instruction	5951	S:0xC00403D0	0x685A	0	LDR      r2,[r3,#4]	false	
Instruction	5952	S:0xC00403D2	0x4607	0	MOV      r7,r0	false	
Instruction	5953	S:0xC00403D4	0xF8C60148	0	STR      r0,[r6,#0x148]	false	
Instruction	5954	S:0xC00403D8	0xB98A	17	CBNZ     r2,{pc}+0x26 ; 0xc00403fe	true	fail
Instruction	5955	S:0xC00403DA	0xEA4F2088	0	LSL      r0,r8,#10	false	
Instruction	5956	S:0xC00403DE	0x4621	0	MOV      r1,r4	false	
Instruction	5957	S:0xC00403E0	0xF211F878	2	BL       {pc}+0x2110f4 ; 0xc02514d4	true	
Cycle Count				4	Tracing disabled		
Info					Tracing enabled		
Instruction	5958	S:0xC00403E4	0x4607	0	MOV      r7,r0	false	
Instruction	5959	S:0xC00403E6	0xF8C6014C	0	STR      r0,[r6,#0x14c]	false	
Instruction	5960	S:0xC00403EA	0x4B21	0	LDR      r3,[pc,#132] ; [0xC0040470] = 0xC0635FE0	false	
Instruction	5961	S:0xC00403EC	0x685A	0	LDR      r2,[r3,#4]	false	
Instruction	5962	S:0xC00403EE	0x2A00	0	CMP      r2,#0	false	
Instruction	5963	S:0xC00403F0	0xD12E	2	BNE      {pc}+0x60 ; 0xc0040450	true	fail
Instruction	5964	S:0xC00403F2	0xF8D60148	0	LDR      r0,[r6,#0x148]	false	
Instruction	5965	S:0xC00403F6	0xEBCA0000	0	RSB      r0,r10,r0	false	
Instruction	5966	S:0xC00403FA	0xE8BD8FF8	4	POP      {r3-r11,pc}	true	
Instruction	5967	S:0xC00440CA	0xE9D62312	0	LDRD     r2,r3,[r6,#0x48]	false	
Instruction	5968	S:0xC00440CE	0x4630	0	MOV      r0,r6	false	
Instruction	5969	S:0xC00440D0	0xF8D74148	0	LDR      r4,[r7,#0x148]	false	
Instruction	5970	S:0xC00440D4	0x2100	0	MOVS     r1,#0	false	
Instruction	5971	S:0xC00440D6	0x1912	0	ADDS     r2,r2,r4	false	
Instruction	5972	S:0xC00440D8	0xF1430300	0	ADC      r3,r3,#0	false	
Instruction	5973	S:0xC00440DC	0xE9C62312	0	STRD     r2,r3,[r6,#0x48]	false	
Instruction	5974	S:0xC00440E0	0xF7FBFD5C	2	BL       {pc}-0x4544 ; 0xc003fb9c	true	
Instruction	5975	S:0xC003FB9C	0xE92D0FF0	0	PUSH     {r4-r11}	false	
Instruction	5976	S:0xC003FBA0	0xB500	0	PUSH     {lr}	false	
Instruction	5977	S:0xC003FBA2	0xF85DEB04	0	POP      {lr}	false	
Instruction	5978	S:0xC003FBA6	0xF8D06084	0	LDR      r6,[r0,#0x84]	false	
Instruction	5979	S:0xC003FBAA	0xE9D0451A	0	LDRD     r4,r5,[r0,#0x68]	false	
Instruction	5980	S:0xC003FBAE	0xF8D67480	0	LDR      r7,[r6,#0x480]	false	
Instruction	5981	S:0xC003FBB2	0xF8D66484	0	LDR      r6,[r6,#0x484]	false	
Instruction	5982	S:0xC003FBB6	0x0D3A	0	LSRS     r2,r7,#20	false	
Instruction	5983	S:0xC003FBB8	0xEA423206	0	ORR      r2,r2,r6,LSL #12	false	
Instruction	5984	S:0xC003FBBC	0x0D33	0	LSRS     r3,r6,#20	false	
Instruction	5985	S:0xC003FBBE	0x1B14	0	SUBS     r4,r2,r4	false	
Instruction	5986	S:0xC003FBC0	0xEB630505	0	SBC      r5,r3,r5	false	
Instruction	5987	S:0xC003FBC4	0xEA540605	0	ORRS     r6,r4,r5	false	
Instruction	5988	S:0xC003FBC8	0xBF14	0	ITE      NE	false	
Instruction	5989	S:0xC003FBCA	0x2600	0	MOVS     r6,#0	false	
Instruction	5990	S:0xC003FBCC	0x2601	0	MOVS     r6,#1	false	
Instruction	5991	S:0xC003FBCE	0x2900	0	CMP      r1,#0	false	
Instruction	5992	S:0xC003FBD0	0xBF14	0	ITE      NE	false	
Instruction	5993	S:0xC003FBD2	0x2600	0	MOVS     r6,#0	false	
Instruction	5994	S:0xC003FBD4	0xF0060601	0	AND      r6,r6,#1	false	
Instruction	5995	S:0xC003FBD8	0x2E00	0	CMP      r6,#0	false	
Instruction	5996	S:0xC003FBDA	0xD167	34	BNE      {pc}+0xd2 ; 0xc003fcac	true	fail
Instruction	5997	S:0xC003FBDC	0xF1000C60	0	ADD      r12,r0,#0x60	false	
Instruction	5998	S:0xC003FBE0	0xE8DC677F	0	LDREXD   r6,r7,[r12]	false	
Instruction	5999	S:0xC003FBE4	0xEA560807	0	ORRS     r8,r6,r7	false	
Instruction	6000	S:0xC003FBE8	0xD163	4	BNE      {pc}+0xca ; 0xc003fcb2	true	fail
Instruction	6001	S:0xC003FBEA	0xE9D06714	0	LDRD     r6,r7,[r0,#0x50]	false	
Instruction	6002	S:0xC003FBEE	0xEA540C05	0	ORRS     r12,r4,r5	false	
Instruction	6003	S:0xC003FBF2	0xD027	3	BEQ      {pc}+0x52 ; 0xc003fc44	true	fail
Instruction	6004	S:0xC003FBF4	0xF44F68FC	0	MOV      r8,#0x7e0	false	
Instruction	6005	S:0xC003FBF8	0xF04F0900	0	MOV      r9,#0	false	
Instruction	6006	S:0xC003FBFC	0x45A9	0	CMP      r9,r5	false	
Instruction	6007	S:0xC003FBFE	0xBF08	0	IT       EQ	false	
Instruction	6008	S:0xC003FC00	0x45A0	0	CMP      r8,r4	false	
Instruction	6009	S:0xC003FC02	0xF0C0808F	8	BCC.W    {pc}+0x122 ; 0xc003fd24	true	fail
Instruction	6010	S:0xC003FC06	0x2C1F	0	CMP      r4,#0x1f	false	
Instruction	6011	S:0xC003FC08	0x46A4	0	MOV      r12,r4	false	
Instruction	6012	S:0xC003FC0A	0xD871	4	BHI      {pc}+0xe6 ; 0xc003fcf0	true	fail
Instruction	6013	S:0xC003FC0C	0xF8DF8120	0	LDR      r8,[pc,#288] ; [0xC003FD30] = 0xC03E83C8	false	
Instruction	6014	S:0xC003FC10	0xF04F0B00	0	MOV      r11,#0	false	
Instruction	6015	S:0xC003FC14	0xF858C02C	0	LDR      r12,[r8,r12,LSL #2]	false	
Instruction	6016	S:0xC003FC18	0xFBAC8906	0	UMULL    r8,r9,r12,r6	false	
Instruction	6017	S:0xC003FC1C	0xFB0C9A07	0	MLA      r10,r12,r7,r9	false	
Instruction	6018	S:0xC003FC20	0xE9C0AB14	0	STRD     r10,r11,[r0,#0x50]	false	
Instruction	6019	S:0xC003FC24	0xF1000C58	0	ADD      r12,r0,#0x58	false	
Instruction	6020	S:0xC003FC28	0xE8DC677F	0	LDREXD   r6,r7,[r12]	false	
Instruction	6021	S:0xC003FC2C	0x1936	0	ADDS     r6,r6,r4	false	
Instruction	6022	S:0xC003FC2E	0xEB470705	0	ADC      r7,r7,r5	false	
Instruction	6023	S:0xC003FC32	0xE8CC6778	0	STREXD   r8,r6,r7,[r12]	false	
Instruction	6024	S:0xC003FC36	0xF0980F00	0	TEQ      r8,#0	false	
Instruction	6025	S:0xC003FC3A	0xD1F5	67	BNE      {pc}-0x12 ; 0xc003fc28	true	fail
Instruction	6026	S:0xC003FC3C	0x4656	0	MOV      r6,r10	false	
Instruction	6027	S:0xC003FC3E	0x465F	0	MOV      r7,r11	false	
Instruction	6028	S:0xC003FC40	0xE9C0231A	0	STRD     r2,r3,[r0,#0x68]	false	
Instruction	6029	S:0xC003FC44	0xE9D0451E	0	LDRD     r4,r5,[r0,#0x78]	false	
Instruction	6030	S:0xC003FC48	0xE9D02312	0	LDRD     r2,r3,[r0,#0x48]	false	
Instruction	6031	S:0xC003FC4C	0xF8D0C094	0	LDR      r12,[r0,#0x94]	false	
Instruction	6032	S:0xC003FC50	0x1B12	0	SUBS     r2,r2,r4	false	
Instruction	6033	S:0xC003FC52	0xEB630305	0	SBC      r3,r3,r5	false	
Instruction	6034	S:0xC003FC56	0x1992	0	ADDS     r2,r2,r6	false	
Instruction	6035	S:0xC003FC58	0xEB430307	0	ADC      r3,r3,r7	false	
Instruction	6036	S:0xC003FC5C	0xB999	7	CBNZ     r1,{pc}+0x2a ; 0xc003fc86	true	fail
Instruction	6037	S:0xC003FC5E	0x17DE	0	ASRS     r6,r3,#31	false	
Instruction	6038	S:0xC003FC60	0xEA4F0AD4	0	LSR      r10,r4,#3	false	
Instruction	6039	S:0xC003FC64	0x4637	0	MOV      r7,r6	false	
Instruction	6040	S:0xC003FC66	0xEA860802	0	EOR      r8,r6,r2	false	
Instruction	6041	S:0xC003FC6A	0xEA860903	0	EOR      r9,r6,r3	false	
Instruction	6042	S:0xC003FC6E	0xEA4A7A45	0	ORR      r10,r10,r5,LSL #29	false	
Instruction	6043	S:0xC003FC72	0xEA4F0BD5	0	LSR      r11,r5,#3	false	
Instruction	6044	S:0xC003FC76	0xEBB80806	0	SUBS     r8,r8,r6	false	
Instruction	6045	S:0xC003FC7A	0xEB690907	0	SBC      r9,r9,r7	false	
Instruction	6046	S:0xC003FC7E	0x45CB	0	CMP      r11,r9	false	
Instruction	6047	S:0xC003FC80	0xBF08	0	IT       EQ	false	
Instruction	6048	S:0xC003FC82	0x45C2	0	CMP      r10,r8	false	
Instruction	6049	S:0xC003FC84	0xD212	6	BCS      {pc}+0x28 ; 0xc003fcac	true	
Instruction	6050	S:0xC003FCAC	0xE8BD0FF0	0	POP      {r4-r11}	false	
Instruction	6051	S:0xC003FCB0	0x4770	6	BX       lr	true	
Instruction	6052	S:0xC00440E4	0x4630	0	MOV      r0,r6	false	
Instruction	6053	S:0xC00440E6	0x4639	0	MOV      r1,r7	false	
Instruction	6054	S:0xC00440E8	0xF7FBFB98	1	BL       {pc}-0x48cc ; 0xc003f81c	true	
Instruction	6055	S:0xC003F81C	0xB430	0	PUSH     {r4,r5}	false	
Instruction	6056	S:0xC003F81E	0xB500	0	PUSH     {lr}	false	
Instruction	6057	S:0xC003F820	0xF85DEB04	0	POP      {lr}	false	
Instruction	6058	S:0xC003F824	0x2400	0	MOVS     r4,#0	false	
Instruction	6059	S:0xC003F826	0x680A	0	LDR      r2,[r1,#0]	false	
Instruction	6060	S:0xC003F828	0x6803	0	LDR      r3,[r0,#0]	false	
Instruction	6061	S:0xC003F82A	0x6044	0	STR      r4,[r0,#4]	false	
Instruction	6062	S:0xC003F82C	0x189B	0	ADDS     r3,r3,r2	false	
Instruction	6063	S:0xC003F82E	0x6003	0	STR      r3,[r0,#0]	false	
Instruction	6064	S:0xC003F830	0xF8D13120	0	LDR      r3,[r1,#0x120]	false	
Instruction	6065	S:0xC003F834	0xB1AB	9	CBZ      r3,{pc}+0x2e ; 0xc003f862	true	
Instruction	6066	S:0xC003F862	0xF8D02084	0	LDR      r2,[r0,#0x84]	false	
Instruction	6067	S:0xC003F866	0x680D	0	LDR      r5,[r1,#0]	false	
Instruction	6068	S:0xC003F868	0x6B14	0	LDR      r4,[r2,#0x30]	false	
Instruction	6069	S:0xC003F86A	0x6353	0	STR      r3,[r2,#0x34]	false	
Instruction	6070	S:0xC003F86C	0x1964	0	ADDS     r4,r4,r5	false	
Instruction	6071	S:0xC003F86E	0x6314	0	STR      r4,[r2,#0x30]	false	
Instruction	6072	S:0xC003F870	0xE7E1	25	B        {pc}-0x3a ; 0xc003f836	true	
Instruction	6073	S:0xC003F836	0xF8D13128	0	LDR      r3,[r1,#0x128]	false	
Instruction	6074	S:0xC003F83A	0xB123	1	CBZ      r3,{pc}+0xc ; 0xc003f846	true	
Instruction	6075	S:0xC003F846	0xF8D03084	0	LDR      r3,[r0,#0x84]	false	
Instruction	6076	S:0xC003F84A	0xF1010214	0	ADD      r2,r1,#0x14	false	
Instruction	6077	S:0xC003F84E	0xF5036599	0	ADD      r5,r3,#0x4c8	false	
Instruction	6078	S:0xC003F852	0xF8D344C8	0	LDR      r4,[r3,#0x4c8]	false	
Instruction	6079	S:0xC003F856	0x6062	0	STR      r2,[r4,#4]	false	
Instruction	6080	S:0xC003F858	0x614C	0	STR      r4,[r1,#0x14]	false	
Instruction	6081	S:0xC003F85A	0x618D	0	STR      r5,[r1,#0x18]	false	
Instruction	6082	S:0xC003F85C	0xF8C324C8	0	STR      r2,[r3,#0x4c8]	false	
Instruction	6083	S:0xC003F860	0xE7EC	25	B        {pc}-0x24 ; 0xc003f83c	true	
Instruction	6084	S:0xC003F83C	0x6883	0	LDR      r3,[r0,#8]	false	
Instruction	6085	S:0xC003F83E	0x3301	0	ADDS     r3,#1	false	
Instruction	6086	S:0xC003F840	0x6083	0	STR      r3,[r0,#8]	false	
Instruction	6087	S:0xC003F842	0xBC30	0	POP      {r4,r5}	false	
Instruction	6088	S:0xC003F844	0x4770	6	BX       lr	true	
Instruction	6089	S:0xC00440EC	0x4630	0	MOV      r0,r6	false	
Instruction	6090	S:0xC00440EE	0xF7FCF8AD	1	BL       {pc}-0x3ea2 ; 0xc004024c	true	
Instruction	6091	S:0xC004024C	0xB570	0	PUSH     {r4-r6,lr}	false	
Instruction	6092	S:0xC004024E	0xB500	0	PUSH     {lr}	false	
Instruction	6093	S:0xC0040250	0xF85DEB04	0	POP      {lr}	false	
Instruction	6094	S:0xC0040254	0xF8D01094	0	LDR      r1,[r0,#0x94]	false	
Instruction	6095	S:0xC0040258	0xF8D02084	0	LDR      r2,[r0,#0x84]	false	
Instruction	6096	S:0xC004025C	0x6A0B	0	LDR      r3,[r1,#0x20]	false	
Instruction	6097	S:0xC004025E	0xF8D224C0	0	LDR      r2,[r2,#0x4c0]	false	
Instruction	6098	S:0xC0040262	0xF8534022	0	LDR      r4,[r3,r2,LSL #2]	false	
Instruction	6099	S:0xC0040266	0x2C00	0	CMP      r4,#0	false	
Instruction	6100	S:0xC0040268	0xD02B	42	BEQ      {pc}+0x5a ; 0xc00402c2	true	
Instruction	6101	S:0xC00402C2	0xBD70	2	POP      {r4-r6,pc}	true	
Instruction	6102	S:0xC00440F2	0xF24C5968	0	MOV      r9,#0xc568	false	
Instruction	6103	S:0xC00440F6	0xF6470C34	0	MOV      r12,#0x7834	false	
Instruction	6104	S:0xC00440FA	0xF2CC095F	0	MOVT     r9,#0xc05f	false	
Instruction	6105	S:0xC00440FE	0xF2CC0C60	0	MOVT     r12,#0xc060	false	
Instruction	6106	S:0xC0044102	0xE9D62306	0	LDRD     r2,r3,[r6,#0x18]	false	
Instruction	6107	S:0xC0044106	0xF1A70838	0	SUB      r8,r7,#0x38	false	
Instruction	6108	S:0xC004410A	0xF8DC4000	0	LDR      r4,[r12,#0]	false	
Instruction	6109	S:0xC004410E	0xF8D91000	0	LDR      r1,[r9,#0]	false	
Instruction	6110	S:0xC0044112	0x07C9	0	LSLS     r1,r1,#31	false	
Instruction	6111	S:0xC0044114	0xE9D7010C	0	LDRD     r0,r1,[r7,#0x30]	false	
Instruction	6112	S:0xC0044118	0xBF48	0	IT       MI	false	
Instruction	6113	S:0xC004411A	0x0864	0	LSRS     r4,r4,#1	false	
Instruction	6114	S:0xC004411C	0x1B12	0	SUBS     r2,r2,r4	false	
Instruction	6115	S:0xC004411E	0xF1630300	0	SBC      r3,r3,#0	false	
Instruction	6116	S:0xC0044122	0x4614	0	MOV      r4,r2	false	
Instruction	6117	S:0xC0044124	0x461D	0	MOV      r5,r3	false	
Instruction	6118	S:0xC0044126	0x1A24	0	SUBS     r4,r4,r0	false	
Instruction	6119	S:0xC0044128	0xEB650501	0	SBC      r5,r5,r1	false	
Instruction	6120	S:0xC004412C	0x2C01	0	CMP      r4,#1	false	
Instruction	6121	S:0xC004412E	0xF1750E00	0	SBCS     lr,r5,#0	false	
Instruction	6122	S:0xC0044132	0xBFB8	0	IT       LT	false	
Instruction	6123	S:0xC0044134	0x460B	0	MOV      r3,r1	false	
Instruction	6124	S:0xC0044136	0xF8D71128	0	LDR      r1,[r7,#0x128]	false	
Instruction	6125	S:0xC004413A	0xBFB8	0	IT       LT	false	
Instruction	6126	S:0xC004413C	0x4602	0	MOV      r2,r0	false	
Instruction	6127	S:0xC004413E	0xE9C7230C	0	STRD     r2,r3,[r7,#0x30]	false	
Instruction	6128	S:0xC0044142	0xB109	8	CBZ      r1,{pc}+6 ; 0xc0044148	true	
Instruction	6129	S:0xC0044148	0xE9D7231E	0	LDRD     r2,r3,[r7,#0x78]	false	
Instruction	6130	S:0xC004414C	0xEA520003	0	ORRS     r0,r2,r3	false	
Instruction	6131	S:0xC0044150	0xD02A	163	BEQ      {pc}+0x58 ; 0xc00441a8	true	fail
Instruction	6132	S:0xC0044152	0xF8D61084	0	LDR      r1,[r6,#0x84]	false	
Instruction	6133	S:0xC0044156	0xF501618F	0	ADD      r1,r1,#0x478	false	
Instruction	6134	S:0xC004415A	0xE9D14500	0	LDRD     r4,r5,[r1,#0]	false	
Instruction	6135	S:0xC004415E	0x1AA4	0	SUBS     r4,r4,r2	false	
Instruction	6136	S:0xC0044160	0xEB650503	0	SBC      r5,r5,r3	false	
Instruction	6137	S:0xC0044164	0x2C00	0	CMP      r4,#0	false	
Instruction	6138	S:0xC0044166	0xF1750100	0	SBCS     r1,r5,#0	false	
Instruction	6139	S:0xC004416A	0xF2C082F7	7	BLT.W    {pc}+0x5f2 ; 0xc004475c	true	fail
Instruction	6140	S:0xC004416E	0xE9D72320	0	LDRD     r2,r3,[r7,#0x80]	false	
Instruction	6141	S:0xC0044172	0x42AB	0	CMP      r3,r5	false	
Instruction	6142	S:0xC0044174	0xBF08	0	IT       EQ	false	
Instruction	6143	S:0xC0044176	0x42A2	0	CMP      r2,r4	false	
Instruction	6144	S:0xC0044178	0xF0C08562	1	BCC.W    {pc}+0xac8 ; 0xc0044c40	true	fail
Instruction	6145	S:0xC004417C	0xE9D72322	0	LDRD     r2,r3,[r7,#0x88]	false	
Instruction	6146	S:0xC0044180	0x2000	0	MOVS     r0,#0	false	
Instruction	6147	S:0xC0044182	0x2100	0	MOVS     r1,#0	false	
Instruction	6148	S:0xC0044184	0xE9C7011E	0	STRD     r0,r1,[r7,#0x78]	false	
Instruction	6149	S:0xC0044188	0x1912	0	ADDS     r2,r2,r4	false	
Instruction	6150	S:0xC004418A	0xEB430305	0	ADC      r3,r3,r5	false	
Instruction	6151	S:0xC004418E	0xE9C72322	0	STRD     r2,r3,[r7,#0x88]	false	
Instruction	6152	S:0xC0044192	0xF1B80F00	0	CMP      r8,#0	false	
Instruction	6153	S:0xC0044196	0xD007	28	BEQ      {pc}+0x12 ; 0xc00441a8	true	fail
Instruction	6154	S:0xC0044198	0xF2460244	0	MOV      r2,#0x6044	false	
Instruction	6155	S:0xC004419C	0xF2CC0263	0	MOVT     r2,#0xc063	false	
Instruction	6156	S:0xC00441A0	0x6853	0	LDR      r3,[r2,#4]	false	
Instruction	6157	S:0xC00441A2	0x2B00	0	CMP      r3,#0	false	
Instruction	6158	S:0xC00441A4	0xF04085D6	1	BNE.W    {pc}+0xbb0 ; 0xc0044d54	true	fail
Instruction	6159	S:0xC00441A8	0xE9D72324	0	LDRD     r2,r3,[r7,#0x90]	false	
Instruction	6160	S:0xC00441AC	0xEA520403	0	ORRS     r4,r2,r3	false	
Instruction	6161	S:0xC00441B0	0xD051	1	BEQ      {pc}+0xa6 ; 0xc0044256	true	
Instruction	6162	S:0xC0044256	0x6B34	0	LDR      r4,[r6,#0x30]	false	
Instruction	6163	S:0xC0044258	0x42A7	0	CMP      r7,r4	false	
Instruction	6164	S:0xC004425A	0xD008	18	BEQ      {pc}+0x14 ; 0xc004426e	true	fail
Instruction	6165	S:0xC004425C	0xF8D63084	0	LDR      r3,[r6,#0x84]	false	
Instruction	6166	S:0xC0044260	0xF503638F	0	ADD      r3,r3,#0x478	false	
Instruction	6167	S:0xC0044264	0xE9D32300	0	LDRD     r2,r3,[r3,#0]	false	
Instruction	6168	S:0xC0044268	0xE9C72312	0	STRD     r2,r3,[r7,#0x48]	false	
Instruction	6169	S:0xC004426C	0x6B34	0	LDR      r4,[r6,#0x30]	false	
Instruction	6170	S:0xC004426E	0xF6470934	0	MOV      r9,#0x7834	false	
Instruction	6171	S:0xC0044272	0xE9D62306	0	LDRD     r2,r3,[r6,#0x18]	false	
Instruction	6172	S:0xC0044276	0xE9D7010C	0	LDRD     r0,r1,[r7,#0x30]	false	
Instruction	6173	S:0xC004427A	0xF2CC0960	0	MOVT     r9,#0xc060	false	
Instruction	6174	S:0xC004427E	0x1A80	0	SUBS     r0,r0,r2	false	
Instruction	6175	S:0xC0044280	0xEB610103	0	SBC      r1,r1,r3	false	
Instruction	6176	S:0xC0044284	0xF8D95000	0	LDR      r5,[r9,#0]	false	
Instruction	6177	S:0xC0044288	0x2300	0	MOVS     r3,#0	false	
Instruction	6178	S:0xC004428A	0xEA4F7AE1	0	ASR      r10,r1,#31	false	
Instruction	6179	S:0xC004428E	0xEB050545	0	ADD      r5,r5,r5,LSL #1	false	
Instruction	6180	S:0xC0044292	0x46D3	0	MOV      r11,r10	false	
Instruction	6181	S:0xC0044294	0xEA80000A	0	EOR      r0,r0,r10	false	
Instruction	6182	S:0xC0044298	0xEA81010A	0	EOR      r1,r1,r10	false	
Instruction	6183	S:0xC004429C	0x462A	0	MOV      r2,r5	false	
Instruction	6184	S:0xC004429E	0xEBB0000A	0	SUBS     r0,r0,r10	false	
Instruction	6185	S:0xC00442A2	0xEB61010B	0	SBC      r1,r1,r11	false	
Instruction	6186	S:0xC00442A6	0x4282	0	CMP      r2,r0	false	
Instruction	6187	S:0xC00442A8	0xEB730C01	0	SBCS     r12,r3,r1	false	
Instruction	6188	S:0xC00442AC	0xBFBE	0	ITTT     LT	false	
Instruction	6189	S:0xC00442AE	0x6C33	0	LDR      r3,[r6,#0x40]	false	
Instruction	6190	S:0xC00442B0	0x3301	0	ADDS     r3,#1	false	
Instruction	6191	S:0xC00442B2	0x6433	0	STR      r3,[r6,#0x40]	false	
Instruction	6192	S:0xC00442B4	0x42BC	0	CMP      r4,r7	false	
Instruction	6193	S:0xC00442B6	0xD003	20	BEQ      {pc}+0xa ; 0xc00442c0	true	fail
Instruction	6194	S:0xC00442B8	0x4630	0	MOV      r0,r6	false	
Instruction	6195	S:0xC00442BA	0x4639	0	MOV      r1,r7	false	
Instruction	6196	S:0xC00442BC	0xF7FCFEC4	1	BL       {pc}-0x3274 ; 0xc0041048	true	
Instruction	6197	S:0xC0041048	0xE92D03F0	0	PUSH     {r4-r9}	false	
Instruction	6198	S:0xC004104C	0xB500	0	PUSH     {lr}	false	
Instruction	6199	S:0xC004104E	0xF85DEB04	0	POP      {lr}	false	
Instruction	6200	S:0xC0041052	0x468C	0	MOV      r12,r1	false	
Instruction	6201	S:0xC0041054	0xF1000128	0	ADD      r1,r0,#0x28	false	
Instruction	6202	S:0xC0041058	0x2401	0	MOVS     r4,#1	false	
Instruction	6203	S:0xC004105A	0x460F	0	MOV      r7,r1	false	
Instruction	6204	S:0xC004105C	0x2300	0	MOVS     r3,#0	false	
Instruction	6205	S:0xC004105E	0xE010	8	B        {pc}+0x24 ; 0xc0041082	true	
Instruction	6206	S:0xC0041082	0x683E	0	LDR      r6,[r7,#0]	false	
Instruction	6207	S:0xC0041084	0x2E00	0	CMP      r6,#0	false	
Instruction	6208	S:0xC0041086	0xD1EB	1	BNE      {pc}-0x26 ; 0xc0041060	true	fail
Instruction	6209	S:0xC0041088	0xF10C0208	0	ADD      r2,r12,#8	false	
Instruction	6210	S:0xC004108C	0xB104	11	CBZ      r4,{pc}+4 ; 0xc0041090	true	fail
Instruction	6211	S:0xC004108E	0x62C2	0	STR      r2,[r0,#0x2c]	false	
Instruction	6212	S:0xC0041090	0xF8CC3008	0	STR      r3,[r12,#8]	false	
Instruction	6213	S:0xC0041094	0x4610	0	MOV      r0,r2	false	
Instruction	6214	S:0xC0041096	0x2300	0	MOVS     r3,#0	false	
Instruction	6215	S:0xC0041098	0xF8CC300C	0	STR      r3,[r12,#0xc]	false	
Instruction	6216	S:0xC004109C	0xF8CC3010	0	STR      r3,[r12,#0x10]	false	
Instruction	6217	S:0xC00410A0	0x603A	0	STR      r2,[r7,#0]	false	
Instruction	6218	S:0xC00410A2	0xE8BD03F0	0	POP      {r4-r9}	false	
Instruction	6219	S:0xC00410A6	0xF215B865	14	B.W      {pc}+0x2150ce ; 0xc0256174	true	
Cycle Count				53	Tracing disabled		
Info					Tracing enabled		
Instruction	6220	S:0xC00442C0	0x2301	0	MOVS     r3,#1	false	
Instruction	6221	S:0xC00442C2	0x61FB	0	STR      r3,[r7,#0x1c]	false	
Instruction	6222	S:0xC00442C4	0x68B3	0	LDR      r3,[r6,#8]	false	
Instruction	6223	S:0xC00442C6	0x2B01	0	CMP      r3,#1	false	
Instruction	6224	S:0xC00442C8	0xF00081D8	17	BEQ.W    {pc}+0x3b4 ; 0xc004467c	true	fail
Instruction	6225	S:0xC00442CC	0x68F3	0	LDR      r3,[r6,#0xc]	false	
Instruction	6226	S:0xC00442CE	0x3301	0	ADDS     r3,#1	false	
Instruction	6227	S:0xC00442D0	0x60F3	0	STR      r3,[r6,#0xc]	false	
Instruction	6228	S:0xC00442D2	0xF8D77120	0	LDR      r7,[r7,#0x120]	false	
Instruction	6229	S:0xC00442D6	0x2F00	0	CMP      r7,#0	false	
Instruction	6230	S:0xC00442D8	0xF000810F	3	BEQ.W    {pc}+0x222 ; 0xc00444fa	true	
Instruction	6231	S:0xC00444FA	0x9D13	0	LDR      r5,[sp,#0x4c]	false	
Instruction	6232	S:0xC00444FC	0x9E13	0	LDR      r6,[sp,#0x4c]	false	
Instruction	6233	S:0xC00444FE	0xF5056390	0	ADD      r3,r5,#0x480	false	
Instruction	6234	S:0xC0044502	0xF5056AB4	0	ADD      r10,r5,#0x5a0	false	
Instruction	6235	S:0xC0044506	0x686D	0	LDR      r5,[r5,#4]	false	
Instruction	6236	S:0xC0044508	0xE9D38900	0	LDRD     r8,r9,[r3,#0]	false	
Instruction	6237	S:0xC004450C	0xE9DA0100	0	LDRD     r0,r1,[r10,#0]	false	
Instruction	6238	S:0xC0044510	0xF8D644C0	0	LDR      r4,[r6,#0x4c0]	false	
Instruction	6239	S:0xC0044514	0xEBB80000	0	SUBS     r0,r8,r0	false	
Instruction	6240	S:0xC0044518	0xEB690101	0	SBC      r1,r9,r1	false	
Instruction	6241	S:0xC004451C	0xF7FBFA1E	38	BL       {pc}-0x4bc0 ; 0xc003f95c	true	
Instruction	6242	S:0xC003F95C	0xE92D03F0	0	PUSH     {r4-r9}	false	
Instruction	6243	S:0xC003F960	0xB500	0	PUSH     {lr}	false	
Instruction	6244	S:0xC003F962	0xF85DEB04	0	POP      {lr}	false	
Instruction	6245	S:0xC003F966	0xF64B7640	0	MOV      r6,#0xbf40	false	
Instruction	6246	S:0xC003F96A	0xF2CC0664	0	MOVT     r6,#0xc064	false	
Instruction	6247	S:0xC003F96E	0x6876	0	LDR      r6,[r6,#4]	false	
Instruction	6248	S:0xC003F970	0xFBA18906	0	UMULL    r8,r9,r1,r6	false	
Instruction	6249	S:0xC003F974	0xEA4F7CE6	0	ASR      r12,r6,#31	false	
Instruction	6250	S:0xC003F978	0xFBA06706	0	UMULL    r6,r7,r0,r6	false	
Instruction	6251	S:0xC003F97C	0xFB01990C	0	MLA      r9,r1,r12,r9	false	
Instruction	6252	S:0xC003F980	0xEA4F4408	0	LSL      r4,r8,#16	false	
Instruction	6253	S:0xC003F984	0xFB00770C	0	MLA      r7,r0,r12,r7	false	
Instruction	6254	S:0xC003F988	0x0C32	0	LSRS     r2,r6,#16	false	
Instruction	6255	S:0xC003F98A	0xEA4F4509	0	LSL      r5,r9,#16	false	
Instruction	6256	S:0xC003F98E	0xEA454518	0	ORR      r5,r5,r8,LSR #16	false	
Instruction	6257	S:0xC003F992	0xEA424207	0	ORR      r2,r2,r7,LSL #16	false	
Instruction	6258	S:0xC003F996	0x0C3B	0	LSRS     r3,r7,#16	false	
Instruction	6259	S:0xC003F998	0x1912	0	ADDS     r2,r2,r4	false	
Instruction	6260	S:0xC003F99A	0xEB430305	0	ADC      r3,r3,r5	false	
Instruction	6261	S:0xC003F99E	0x4610	0	MOV      r0,r2	false	
Instruction	6262	S:0xC003F9A0	0x4619	0	MOV      r1,r3	false	
Instruction	6263	S:0xC003F9A2	0xE8BD03F0	0	POP      {r4-r9}	false	
Instruction	6264	S:0xC003F9A6	0x4770	33	BX       lr	true	
Instruction	6265	S:0xC0044520	0x2800	0	CMP      r0,#0	false	
Instruction	6266	S:0xC0044522	0xF1710700	0	SBCS     r7,r1,#0	false	
Instruction	6267	S:0xC0044526	0xF2C08147	1	BLT.W    {pc}+0x292 ; 0xc00447b8	true	fail
Instruction	6268	S:0xC004452A	0x0A86	0	LSRS     r6,r0,#10	false	
Instruction	6269	S:0xC004452C	0x0A8F	0	LSRS     r7,r1,#10	false	
Instruction	6270	S:0xC004452E	0xEA465681	0	ORR      r6,r6,r1,LSL #22	false	
Instruction	6271	S:0xC0044532	0xEA560B07	0	ORRS     r11,r6,r7	false	
Instruction	6272	S:0xC0044536	0xF0408114	1	BNE.W    {pc}+0x22c ; 0xc0044762	true	
Instruction	6273	S:0xC0044762	0x4B58	0	LDR      r3,[pc,#352] ; [0xC00448C4] = 0xC064BF40	false	
Instruction	6274	S:0xC0044764	0xE9CA8900	0	STRD     r8,r9,[r10,#0]	false	
Instruction	6275	S:0xC0044768	0x681A	0	LDR      r2,[r3,#0]	false	
Instruction	6276	S:0xC004476A	0xB372	2	CBZ      r2,{pc}+0x60 ; 0xc00447ca	true	fail
Instruction	6277	S:0xC004476C	0xEB031304	0	ADD      r3,r3,r4,LSL #4	false	
Instruction	6278	S:0xC0044770	0xF04F0A00	0	MOV      r10,#0	false	
Instruction	6279	S:0xC0044774	0xF8CDA01C	0	STR      r10,[sp,#0x1c]	false	
Instruction	6280	S:0xC0044778	0xF8D3C098	0	LDR      r12,[r3,#0x98]	false	
Instruction	6281	S:0xC004477C	0xF8CDC018	0	STR      r12,[sp,#0x18]	false	
Instruction	6282	S:0xC0044780	0xF8DD904C	0	LDR      r9,[sp,#0x4c]	false	
Instruction	6283	S:0xC0044784	0xF8D9459C	0	LDR      r4,[r9,#0x59c]	false	
Instruction	6284	S:0xC0044788	0x05A1	0	LSLS     r1,r4,#22	false	
Instruction	6285	S:0xC004478A	0x0D89	0	LSRS     r1,r1,#22	false	
Instruction	6286	S:0xC004478C	0x1872	0	ADDS     r2,r6,r1	false	
Instruction	6287	S:0xC004478E	0xF1470300	0	ADC      r3,r7,#0	false	
Instruction	6288	S:0xC0044792	0x2B00	0	CMP      r3,#0	false	
Instruction	6289	S:0xC0044794	0xBF08	0	IT       EQ	false	
Instruction	6290	S:0xC0044796	0xF5B26F80	0	CMP      r2,#0x400	false	
Instruction	6291	S:0xC004479A	0xD21E	22	BCS      {pc}+0x40 ; 0xc00447da	true	fail
Instruction	6292	S:0xC004479C	0xF8D91598	0	LDR      r1,[r9,#0x598]	false	
Instruction	6293	S:0xC00447A0	0x2D00	0	CMP      r5,#0	false	
Instruction	6294	S:0xC00447A2	0xF0408091	21	BNE.W    {pc}+0x126 ; 0xc00448c8	true	
Instruction	6295	S:0xC00448C8	0xF8DDA018	0	LDR      r10,[sp,#0x18]	false	
Instruction	6296	S:0xC00448CC	0xF8DDB01C	0	LDR      r11,[sp,#0x1c]	false	
Instruction	6297	S:0xC00448D0	0xF8DD904C	0	LDR      r9,[sp,#0x4c]	false	
Instruction	6298	S:0xC00448D4	0xFBA6230A	0	UMULL    r2,r3,r6,r10	false	
Instruction	6299	S:0xC00448D8	0xF8D955C8	0	LDR      r5,[r9,#0x5c8]	false	
Instruction	6300	S:0xC00448DC	0xFB06F00B	0	MUL      r0,r6,r11	false	
Instruction	6301	S:0xC00448E0	0x46D3	0	MOV      r11,r10	false	
Instruction	6302	S:0xC00448E2	0xFB0A0007	0	MLA      r0,r10,r7,r0	false	
Instruction	6303	S:0xC00448E6	0x0A92	0	LSRS     r2,r2,#10	false	
Instruction	6304	S:0xC00448E8	0x18C3	0	ADDS     r3,r0,r3	false	
Instruction	6305	S:0xC00448EA	0xEA425283	0	ORR      r2,r2,r3,LSL #22	false	
Instruction	6306	S:0xC00448EE	0x1889	0	ADDS     r1,r1,r2	false	
Instruction	6307	S:0xC00448F0	0x18AD	0	ADDS     r5,r5,r2	false	
Instruction	6308	S:0xC00448F2	0xF8C91598	0	STR      r1,[r9,#0x598]	false	
Instruction	6309	S:0xC00448F6	0xF8C955C8	0	STR      r5,[r9,#0x5c8]	false	
Instruction	6310	S:0xC00448FA	0xE758	44	B        {pc}-0x14c ; 0xc00447ae	true	
Instruction	6311	S:0xC00447AE	0x19A4	0	ADDS     r4,r4,r6	false	
Instruction	6312	S:0xC00447B0	0x9E13	0	LDR      r6,[sp,#0x4c]	false	
Instruction	6313	S:0xC00447B2	0xF8C6459C	0	STR      r4,[r6,#0x59c]	false	
Instruction	6314	S:0xC00447B6	0xE6C7	2	B        {pc}-0x26e ; 0xc0044548	true	
Instruction	6315	S:0xC0044548	0xF8DD904C	0	LDR      r9,[sp,#0x4c]	false	
Instruction	6316	S:0xC004454C	0x028B	0	LSLS     r3,r1,#10	false	
Instruction	6317	S:0xC004454E	0x3401	0	ADDS     r4,#1	false	
Instruction	6318	S:0xC0044550	0x4618	0	MOV      r0,r3	false	
Instruction	6319	S:0xC0044552	0x2100	0	MOVS     r1,#0	false	
Instruction	6320	S:0xC0044554	0xF8DDA04C	0	LDR      r10,[sp,#0x4c]	false	
Instruction	6321	S:0xC0044558	0xF8D970B8	0	LDR      r7,[r9,#0xb8]	false	
Instruction	6322	S:0xC004455C	0xF20CFC18	8	BL       {pc}+0x20c834 ; 0xc0250d90	true	
Cycle Count				234	Tracing disabled		
Info					Tracing enabled		
Instruction	6323	S:0xC0044560	0x1BD6	0	SUBS     r6,r2,r7	false	
Instruction	6324	S:0xC0044562	0xF8D980BC	0	LDR      r8,[r9,#0xbc]	false	
Instruction	6325	S:0xC0044566	0xEA8679E6	0	EOR      r9,r6,r6,ASR #31	false	
Instruction	6326	S:0xC004456A	0xEBA979E6	0	SUB      r9,r9,r6,ASR #31	false	
Instruction	6327	S:0xC004456E	0x02A8	0	LSLS     r0,r5,#10	false	
Instruction	6328	S:0xC0044570	0x2100	0	MOVS     r1,#0	false	
Instruction	6329	S:0xC0044572	0xF8DA50DC	0	LDR      r5,[r10,#0xdc]	false	
Instruction	6330	S:0xC0044576	0xF20CFC0B	16	BL       {pc}+0x20c81a ; 0xc0250d90	true	
Cycle Count				177	Tracing disabled		
Info					Tracing enabled		
Instruction	6331	S:0xC004457A	0xEBB91F97	0	CMP      r9,r7,LSR #6	false	
Instruction	6332	S:0xC004457E	0xEBC80202	0	RSB      r2,r8,r2	false	
Instruction	6333	S:0xC0044582	0xD806	11	BHI      {pc}+0x10 ; 0xc0044592	true	
Instruction	6334	S:0xC0044592	0xF1050338	0	ADD      r3,r5,#0x38	false	
Instruction	6335	S:0xC0044596	0xE8531F00	0	LDREX    r1,[r3]	false	
Instruction	6336	S:0xC004459A	0x4431	0	ADD      r1,r1,r6	false	
Instruction	6337	S:0xC004459C	0xE8431000	0	STREX    r0,r1,[r3]	false	
Instruction	6338	S:0xC00445A0	0xF0900F00	0	TEQ      r0,#0	false	
Instruction	6339	S:0xC00445A4	0xD1F7	185	BNE      {pc}-0xe ; 0xc0044596	true	fail
Instruction	6340	S:0xC00445A6	0xF8DDB04C	0	LDR      r11,[sp,#0x4c]	false	
Instruction	6341	S:0xC00445AA	0xF105033C	0	ADD      r3,r5,#0x3c	false	
Instruction	6342	S:0xC00445AE	0xF8DB10B8	0	LDR      r1,[r11,#0xb8]	false	
Instruction	6343	S:0xC00445B2	0x1989	0	ADDS     r1,r1,r6	false	
Instruction	6344	S:0xC00445B4	0xF8CB10B8	0	STR      r1,[r11,#0xb8]	false	
Instruction	6345	S:0xC00445B8	0xE8531F00	0	LDREX    r1,[r3]	false	
Instruction	6346	S:0xC00445BC	0x4411	0	ADD      r1,r1,r2	false	
Instruction	6347	S:0xC00445BE	0xE8431000	0	STREX    r0,r1,[r3]	false	
Instruction	6348	S:0xC00445C2	0xF0900F00	0	TEQ      r0,#0	false	
Instruction	6349	S:0xC00445C6	0xD1F7	59	BNE      {pc}-0xe ; 0xc00445b8	true	fail
Instruction	6350	S:0xC00445C8	0xF8DB30BC	0	LDR      r3,[r11,#0xbc]	false	
Instruction	6351	S:0xC00445CC	0x189B	0	ADDS     r3,r3,r2	false	
Instruction	6352	S:0xC00445CE	0xF8CB30BC	0	STR      r3,[r11,#0xbc]	false	
Instruction	6353	S:0xC00445D2	0x4BB9	0	LDR      r3,[pc,#740] ; [0xC00448B8] = 0xC0635FCC	false	
Instruction	6354	S:0xC00445D4	0x9D13	0	LDR      r5,[sp,#0x4c]	false	
Instruction	6355	S:0xC00445D6	0x685A	0	LDR      r2,[r3,#4]	false	
Instruction	6356	S:0xC00445D8	0xF8D50598	0	LDR      r0,[r5,#0x598]	false	
Instruction	6357	S:0xC00445DC	0xF8D5159C	0	LDR      r1,[r5,#0x59c]	false	
Instruction	6358	S:0xC00445E0	0xF8D584C0	0	LDR      r8,[r5,#0x4c0]	false	
Instruction	6359	S:0xC00445E4	0x2A00	0	CMP      r2,#0	false	
Instruction	6360	S:0xC00445E6	0xF0408455	30	BNE.W    {pc}+0x8ae ; 0xc0044e94	true	fail
Instruction	6361	S:0xC00445EA	0x4BB4	0	LDR      r3,[pc,#720] ; [0xC00448BC] = 0xC0635FB8	false	
Instruction	6362	S:0xC00445EC	0x9F13	0	LDR      r7,[sp,#0x4c]	false	
Instruction	6363	S:0xC00445EE	0x685A	0	LDR      r2,[r3,#4]	false	
Instruction	6364	S:0xC00445F0	0xE9D74524	0	LDRD     r4,r5,[r7,#0x90]	false	
Instruction	6365	S:0xC00445F4	0x2A00	0	CMP      r2,#0	false	
Instruction	6366	S:0xC00445F6	0xF040843D	14	BNE.W    {pc}+0x87e ; 0xc0044e74	true	fail
Instruction	6367	S:0xC00445FA	0xF8DD904C	0	LDR      r9,[sp,#0x4c]	false	
Instruction	6368	S:0xC00445FE	0x4648	0	MOV      r0,r9	false	
Instruction	6369	S:0xC0044600	0xF8D93004	0	LDR      r3,[r9,#4]	false	
Instruction	6370	S:0xC0044604	0x3301	0	ADDS     r3,#1	false	
Instruction	6371	S:0xC0044606	0xF8C93004	0	STR      r3,[r9,#4]	false	
Instruction	6372	S:0xC004460A	0xB025	0	ADD      sp,sp,#0x94	false	
Instruction	6373	S:0xC004460C	0xE8BD4FF0	0	POP      {r4-r11,lr}	false	
Instruction	6374	S:0xC0044610	0xF7FCBD9E	4	B        {pc}-0x34c0 ; 0xc0041150	true	
Instruction	6375	S:0xC0041150	0xB478	0	PUSH     {r3-r6}	false	
Instruction	6376	S:0xC0041152	0xB500	0	PUSH     {lr}	false	
Instruction	6377	S:0xC0041154	0xF85DEB04	0	POP      {lr}	false	
Instruction	6378	S:0xC0041158	0x4A16	0	LDR      r2,[pc,#88] ; [0xC00411B4] = 0xC05FC568	false	
Instruction	6379	S:0xC004115A	0xF8D01460	0	LDR      r1,[r0,#0x460]	false	
Instruction	6380	S:0xC004115E	0x6812	0	LDR      r2,[r2,#0]	false	
Instruction	6381	S:0xC0041160	0x0612	0	LSLS     r2,r2,#24	false	
Instruction	6382	S:0xC0041162	0xD51A	21	BPL      {pc}+0x38 ; 0xc004119a	true	
Instruction	6383	S:0xC004119A	0xBC78	0	POP      {r3-r6}	false	
Instruction	6384	S:0xC004119C	0x4770	8	BX       lr	true	
Instruction	6385	S:0xC003B8B0	0xE8BD83F8	2	POP      {r3-r9,pc}	true	
Instruction	6386	S:0xC003C042	0x68E3	0	LDR      r3,[r4,#0xc]	false	
Instruction	6387	S:0xC003C044	0x2201	0	MOVS     r2,#1	false	
Instruction	6388	S:0xC003C046	0x61E2	0	STR      r2,[r4,#0x1c]	false	
Instruction	6389	S:0xC003C048	0x069A	0	LSLS     r2,r3,#26	false	
Instruction	6390	S:0xC003C04A	0xD504	1	BPL      {pc}+0xc ; 0xc003c056	true	fail
Instruction	6391	S:0xC003C04C	0x4620	0	MOV      r0,r4	false	
Instruction	6392	S:0xC003C04E	0xF8D514C0	0	LDR      r1,[r5,#0x4c0]	false	
Instruction	6393	S:0xC003C052	0xF7F2FFDF	15	BL       {pc}-0xd03e ; 0xc002f014	true	
Instruction	6394	S:0xC002F014	0xB538	0	PUSH     {r3-r5,lr}	false	
Instruction	6395	S:0xC002F016	0xB500	0	PUSH     {lr}	false	
Instruction	6396	S:0xC002F018	0xF85DEB04	0	POP      {lr}	false	
Instruction	6397	S:0xC002F01C	0x460D	0	MOV      r5,r1	false	
Instruction	6398	S:0xC002F01E	0xF003FED5	36	BL       {pc}+0x3dae ; 0xc0032dcc	true	
Instruction	6399	S:0xC0032DCC	0xB500	0	PUSH     {lr}	false	
Instruction	6400	S:0xC0032DCE	0xF85DEB04	0	POP      {lr}	false	
Instruction	6401	S:0xC0032DD2	0xF8D032A4	0	LDR      r3,[r0,#0x2a4]	false	
Instruction	6402	S:0xC0032DD6	0xF8530C14	0	LDR      r0,[r3,#-0x14]	false	
Instruction	6403	S:0xC0032DDA	0x4770	350	BX       lr	true	
Instruction	6404	S:0xC002F022	0x6AC3	0	LDR      r3,[r0,#0x2c]	false	
Instruction	6405	S:0xC002F024	0x4604	0	MOV      r4,r0	false	
Instruction	6406	S:0xC002F026	0xF4137FE4	0	TST      r3,#0x1c8	false	
Instruction	6407	S:0xC002F02A	0xD10E	12	BNE      {pc}+0x20 ; 0xc002f04a	true	
Instruction	6408	S:0xC002F04A	0xBD38	22	POP      {r3-r5,pc}	true	
Instruction	6409	S:0xC003C056	0x4628	0	MOV      r0,r5	false	
Instruction	6410	S:0xC003C058	0x4621	0	MOV      r1,r4	false	
Instruction	6411	S:0xC003C05A	0x2200	0	MOVS     r2,#0	false	
Instruction	6412	S:0xC003C05C	0xE8BD40B0	0	POP      {r4,r5,r7,lr}	false	
Instruction	6413	S:0xC003C060	0xF7FFBF42	8	B.W      {pc}-0x178 ; 0xc003bee8	true	
Instruction	6414	S:0xC003BEE8	0xE92D43F8	0	PUSH     {r3-r9,lr}	false	
Instruction	6415	S:0xC003BEEC	0xAF00	0	ADD      r7,sp,#0	false	
Instruction	6416	S:0xC003BEEE	0xB500	0	PUSH     {lr}	false	
Instruction	6417	S:0xC003BEF0	0xF85DEB04	0	POP      {lr}	false	
Instruction	6418	S:0xC003BEF4	0x4606	0	MOV      r6,r0	false	
Instruction	6419	S:0xC003BEF6	0x460D	0	MOV      r5,r1	false	
Instruction	6420	S:0xC003BEF8	0xF7FFFFC8	7	BL       {pc}-0x6c ; 0xc003be8c	true	
Instruction	6421	S:0xC003BE8C	0xE92D41F0	0	PUSH     {r4-r8,lr}	false	
Instruction	6422	S:0xC003BE90	0xAF00	0	ADD      r7,sp,#0	false	
Instruction	6423	S:0xC003BE92	0xB500	0	PUSH     {lr}	false	
Instruction	6424	S:0xC003BE94	0xF85DEB04	0	POP      {lr}	false	
Instruction	6425	S:0xC003BE98	0xF8D06460	0	LDR      r6,[r0,#0x460]	false	
Instruction	6426	S:0xC003BE9C	0x6B0D	0	LDR      r5,[r1,#0x30]	false	
Instruction	6427	S:0xC003BE9E	0x4680	0	MOV      r8,r0	false	
Instruction	6428	S:0xC003BEA0	0x6B34	0	LDR      r4,[r6,#0x30]	false	
Instruction	6429	S:0xC003BEA2	0x42A5	0	CMP      r5,r4	false	
Instruction	6430	S:0xC003BEA4	0xD019	20	BEQ      {pc}+0x36 ; 0xc003beda	true	
Instruction	6431	S:0xC003BEDA	0x696B	0	LDR      r3,[r5,#0x14]	false	
Instruction	6432	S:0xC003BEDC	0x4798	21	BLX      r3	true	
Instruction	6433	S:0xC00414AC	0xE92D47F0	0	PUSH     {r4-r10,lr}	false	
Instruction	6434	S:0xC00414B0	0xB082	0	SUB      sp,sp,#8	false	
Instruction	6435	S:0xC00414B2	0xB500	0	PUSH     {lr}	false	
Instruction	6436	S:0xC00414B4	0xF85DEB04	0	POP      {lr}	false	
Instruction	6437	S:0xC00414B8	0x4B55	0	LDR      r3,[pc,#340] ; [0xC0041610] = 0xC0607834	false	
Instruction	6438	S:0xC00414BA	0xF8D06460	0	LDR      r6,[r0,#0x460]	false	
Instruction	6439	S:0xC00414BE	0x4681	0	MOV      r9,r0	false	
Instruction	6440	S:0xC00414C0	0xF1010438	0	ADD      r4,r1,#0x38	false	
Instruction	6441	S:0xC00414C4	0x6858	0	LDR      r0,[r3,#4]	false	
Instruction	6442	S:0xC00414C6	0xF1060538	0	ADD      r5,r6,#0x38	false	
Instruction	6443	S:0xC00414CA	0xF8D6315C	0	LDR      r3,[r6,#0x15c]	false	
Instruction	6444	S:0xC00414CE	0x689B	0	LDR      r3,[r3,#8]	false	
Instruction	6445	S:0xC00414D0	0x4283	0	CMP      r3,r0	false	
Instruction	6446	S:0xC00414D2	0xBF34	0	ITE      CC	false	
Instruction	6447	S:0xC00414D4	0xF04F0A00	0	MOV      r10,#0	false	
Instruction	6448	S:0xC00414D8	0xF04F0A01	0	MOV      r10,#1	false	
Instruction	6449	S:0xC00414DC	0x42A5	0	CMP      r5,r4	false	
Instruction	6450	S:0xC00414DE	0xD01B	162	BEQ      {pc}+0x3a ; 0xc0041518	true	fail
Instruction	6451	S:0xC00414E0	0xF8DF8130	0	LDR      r8,[pc,#304] ; [0xC0041614] = 0xC05FC568	false	
Instruction	6452	S:0xC00414E4	0xF8D87000	0	LDR      r7,[r8,#0]	false	
Instruction	6453	S:0xC00414E8	0xF0170704	0	ANDS     r7,r7,#4	false	
Instruction	6454	S:0xC00414EC	0xD005	5	BEQ      {pc}+0xe ; 0xc00414fa	true	
Instruction	6455	S:0xC00414FA	0x6873	0	LDR      r3,[r6,#4]	false	
Instruction	6456	S:0xC00414FC	0x681B	0	LDR      r3,[r3,#0]	false	
Instruction	6457	S:0xC00414FE	0x079B	0	LSLS     r3,r3,#30	false	
Instruction	6458	S:0xC0041500	0xD40A	25	BMI      {pc}+0x18 ; 0xc0041518	true	fail
Instruction	6459	S:0xC0041502	0xF8D631C0	0	LDR      r3,[r6,#0x1c0]	false	
Instruction	6460	S:0xC0041506	0x2B05	0	CMP      r3,#5	false	
Instruction	6461	S:0xC0041508	0xD07C	1	BEQ      {pc}+0xfc ; 0xc0041604	true	fail
Instruction	6462	S:0xC004150A	0xF8D121C0	0	LDR      r2,[r1,#0x1c0]	false	
Instruction	6463	S:0xC004150E	0xB91A	1	CBNZ     r2,{pc}+0xa ; 0xc0041518	true	fail
Instruction	6464	S:0xC0041510	0xF8D83000	0	LDR      r3,[r8,#0]	false	
Instruction	6465	S:0xC0041514	0x0698	0	LSLS     r0,r3,#26	false	
Instruction	6466	S:0xC0041516	0xD402	1	BMI      {pc}+8 ; 0xc004151e	true	
Instruction	6467	S:0xC004151E	0x2D00	0	CMP      r5,#0	false	
Instruction	6468	S:0xC0041520	0xD068	11	BEQ      {pc}+0xd4 ; 0xc00415f4	true	fail
Instruction	6469	S:0xC0041522	0x462B	0	MOV      r3,r5	false	
Instruction	6470	S:0xC0041524	0xF8D33120	0	LDR      r3,[r3,#0x120]	false	
Instruction	6471	S:0xC0041528	0x3201	0	ADDS     r2,#1	false	
Instruction	6472	S:0xC004152A	0x2B00	0	CMP      r3,#0	false	
Instruction	6473	S:0xC004152C	0xD1FA	9	BNE      {pc}-8 ; 0xc0041524	true	fail
Instruction	6474	S:0xC004152E	0x2C00	0	CMP      r4,#0	false	
Instruction	6475	S:0xC0041530	0xD062	14	BEQ      {pc}+0xc8 ; 0xc00415f8	true	fail
Instruction	6476	S:0xC0041532	0x4621	0	MOV      r1,r4	false	
Instruction	6477	S:0xC0041534	0x2300	0	MOVS     r3,#0	false	
Instruction	6478	S:0xC0041536	0xF8D11120	0	LDR      r1,[r1,#0x120]	false	
Instruction	6479	S:0xC004153A	0x3301	0	ADDS     r3,#1	false	
Instruction	6480	S:0xC004153C	0x2900	0	CMP      r1,#0	false	
Instruction	6481	S:0xC004153E	0xD1FA	9	BNE      {pc}-8 ; 0xc0041536	true	fail
Instruction	6482	S:0xC0041540	0x4293	0	CMP      r3,r2	false	
Instruction	6483	S:0xC0041542	0xDA0A	16	BGE      {pc}+0x18 ; 0xc004155a	true	
Instruction	6484	S:0xC004155A	0x429A	0	CMP      r2,r3	false	
Instruction	6485	S:0xC004155C	0xDA04	16	BGE      {pc}+0xc ; 0xc0041568	true	
Instruction	6486	S:0xC0041568	0xF8D50124	0	LDR      r0,[r5,#0x124]	false	
Instruction	6487	S:0xC004156C	0xF8D43124	0	LDR      r3,[r4,#0x124]	false	
Instruction	6488	S:0xC0041570	0x4298	0	CMP      r0,r3	false	
Instruction	6489	S:0xC0041572	0xD009	22	BEQ      {pc}+0x16 ; 0xc0041588	true	
Instruction	6490	S:0xC0041588	0xF7FEFDBE	13	BL       {pc}-0x1480 ; 0xc0040108	true	
Instruction	6491	S:0xC0040108	0xE92D4FF0	0	PUSH     {r4-r11,lr}	false	
Instruction	6492	S:0xC004010C	0xB085	0	SUB      sp,sp,#0x14	false	
Instruction	6493	S:0xC004010E	0xB500	0	PUSH     {lr}	false	
Instruction	6494	S:0xC0040110	0xF85DEB04	0	POP      {lr}	false	
Instruction	6495	S:0xC0040114	0xF8D02084	0	LDR      r2,[r0,#0x84]	false	
Instruction	6496	S:0xC0040118	0xF8D0A030	0	LDR      r10,[r0,#0x30]	false	
Instruction	6497	S:0xC004011C	0x4683	0	MOV      r11,r0	false	
Instruction	6498	S:0xC004011E	0xF8D23480	0	LDR      r3,[r2,#0x480]	false	
Instruction	6499	S:0xC0040122	0xF8D2C484	0	LDR      r12,[r2,#0x484]	false	
Instruction	6500	S:0xC0040126	0xF1BA0F00	0	CMP      r10,#0	false	
Instruction	6501	S:0xC004012A	0xD041	30	BEQ      {pc}+0x86 ; 0xc00401b0	true	fail
Instruction	6502	S:0xC004012C	0xF8DA2020	0	LDR      r2,[r10,#0x20]	false	
Instruction	6503	S:0xC0040130	0x1A9A	0	SUBS     r2,r3,r2	false	
Instruction	6504	S:0xC0040132	0xD03D	1	BEQ      {pc}+0x7e ; 0xc00401b0	true	
Instruction	6505	S:0xC00401B0	0xB005	0	ADD      sp,sp,#0x14	false	
Instruction	6506	S:0xC00401B2	0xE8BD8FF0	26	POP      {r4-r11,pc}	true	
Instruction	6507	S:0xC004158C	0x2C00	0	CMP      r4,#0	false	
Instruction	6508	S:0xC004158E	0xD03E	1	BEQ      {pc}+0x80 ; 0xc004160e	true	fail
Instruction	6509	S:0xC0041590	0x4628	0	MOV      r0,r5	false	
Instruction	6510	S:0xC0041592	0x4621	0	MOV      r1,r4	false	
Instruction	6511	S:0xC0041594	0xF7FFFF60	1	BL       {pc}-0x13c ; 0xc0041458	true	
Instruction	6512	S:0xC0041458	0xB538	0	PUSH     {r3-r5,lr}	false	
Instruction	6513	S:0xC004145A	0xB500	0	PUSH     {lr}	false	
Instruction	6514	S:0xC004145C	0xF85DEB04	0	POP      {lr}	false	
Instruction	6515	S:0xC0041460	0x460A	0	MOV      r2,r1	false	
Instruction	6516	S:0xC0041462	0xE9D0450C	0	LDRD     r4,r5,[r0,#0x30]	false	
Instruction	6517	S:0xC0041466	0xE9D1010C	0	LDRD     r0,r1,[r1,#0x30]	false	
Instruction	6518	S:0xC004146A	0x1A24	0	SUBS     r4,r4,r0	false	
Instruction	6519	S:0xC004146C	0xEB650501	0	SBC      r5,r5,r1	false	
Instruction	6520	S:0xC0041470	0x2C01	0	CMP      r4,#1	false	
Instruction	6521	S:0xC0041472	0xF1750100	0	SBCS     r1,r5,#0	false	
Instruction	6522	S:0xC0041476	0xDB0E	28	BLT      {pc}+0x20 ; 0xc0041496	true	fail
Instruction	6523	S:0xC0041478	0x6813	0	LDR      r3,[r2,#0]	false	
Instruction	6524	S:0xC004147A	0x490B	0	LDR      r1,[pc,#44] ; [0xC00414A8] = 0xC0607834	false	
Instruction	6525	S:0xC004147C	0xF5B36F80	0	CMP      r3,#0x400	false	
Instruction	6526	S:0xC0041480	0x6988	0	LDR      r0,[r1,#0x18]	false	
Instruction	6527	S:0xC0041482	0xD10B	123	BNE      {pc}+0x1a ; 0xc004149c	true	fail
Instruction	6528	S:0xC0041484	0x4602	0	MOV      r2,r0	false	
Instruction	6529	S:0xC0041486	0x2300	0	MOVS     r3,#0	false	
Instruction	6530	S:0xC0041488	0x42A2	0	CMP      r2,r4	false	
Instruction	6531	S:0xC004148A	0xEB730105	0	SBCS     r1,r3,r5	false	
Instruction	6532	S:0xC004148E	0xBFAC	0	ITE      GE	false	
Instruction	6533	S:0xC0041490	0x2000	0	MOVS     r0,#0	false	
Instruction	6534	S:0xC0041492	0x2001	0	MOVS     r0,#1	false	
Instruction	6535	S:0xC0041494	0xBD38	5	POP      {r3-r5,pc}	true	
Instruction	6536	S:0xC0041598	0x2801	0	CMP      r0,#1	false	
Instruction	6537	S:0xC004159A	0xD1BD	1	BNE      {pc}-0x82 ; 0xc0041518	true	fail
Instruction	6538	S:0xC004159C	0x2F00	0	CMP      r7,#0	false	
Instruction	6539	S:0xC004159E	0xD02D	16	BEQ      {pc}+0x5e ; 0xc00415fc	true	
Instruction	6540	S:0xC00415FC	0x4620	0	MOV      r0,r4	false	
Instruction	6541	S:0xC00415FE	0xF7FEFD6D	31	BL       {pc}-0x1522 ; 0xc00400dc	true	
Instruction	6542	S:0xC00400DC	0xB500	0	PUSH     {lr}	false	
Instruction	6543	S:0xC00400DE	0xF85DEB04	0	POP      {lr}	false	
Instruction	6544	S:0xC00400E2	0xF8D03128	0	LDR      r3,[r0,#0x128]	false	
Instruction	6545	S:0xC00400E6	0xB143	35	CBZ      r3,{pc}+0x14 ; 0xc00400fa	true	
Instruction	6546	S:0xC00400FA	0xF8D03188	0	LDR      r3,[r0,#0x188]	false	
Instruction	6547	S:0xC00400FE	0x2B05	0	CMP      r3,#5	false	
Instruction	6548	S:0xC0040100	0xD1F2	19	BNE      {pc}-0x18 ; 0xc00400e8	true	
Instruction	6549	S:0xC00400E8	0xB160	1	CBZ      r0,{pc}+0x1c ; 0xc0040104	true	fail
Instruction	6550	S:0xC00400EA	0xF8D03124	0	LDR      r3,[r0,#0x124]	false	
Instruction	6551	S:0xC00400EE	0x6358	0	STR      r0,[r3,#0x34]	false	
Instruction	6552	S:0xC00400F0	0xF8D00120	0	LDR      r0,[r0,#0x120]	false	
Instruction	6553	S:0xC00400F4	0x2800	0	CMP      r0,#0	false	
Instruction	6554	S:0xC00400F6	0xD1F8	11	BNE      {pc}-0xc ; 0xc00400ea	true	fail
Instruction	6555	S:0xC00400F8	0x4770	13	BX       lr	true	
Instruction	6556	S:0xC0041602	0xE7CD	6	B        {pc}-0x62 ; 0xc00415a0	true	
Instruction	6557	S:0xC00415A0	0x4630	0	MOV      r0,r6	false	
Instruction	6558	S:0xC00415A2	0xF7FAFA11	8	BL       {pc}-0x5bda ; 0xc003b9c8	true	
Instruction	6559	S:0xC003B9C8	0xB590	0	PUSH     {r4,r7,lr}	false	
Instruction	6560	S:0xC003B9CA	0xB083	0	SUB      sp,sp,#0xc	false	
Instruction	6561	S:0xC003B9CC	0xAF00	0	ADD      r7,sp,#0	false	
Instruction	6562	S:0xC003B9CE	0xB500	0	PUSH     {lr}	false	
Instruction	6563	S:0xC003B9D0	0xF85DEB04	0	POP      {lr}	false	
Instruction	6564	S:0xC003B9D4	0x4604	0	MOV      r4,r0	false	
Instruction	6565	S:0xC003B9D6	0x4815	0	LDR      r0,[pc,#84] ; [0xC003BA2C] = 0xC05FD5C0	false	
Instruction	6566	S:0xC003B9D8	0x4B15	0	LDR      r3,[pc,#84] ; [0xC003BA30] = 0xC05F3080	false	
Instruction	6567	S:0xC003B9DA	0x6861	0	LDR      r1,[r4,#4]	false	
Instruction	6568	S:0xC003B9DC	0x694A	0	LDR      r2,[r1,#0x14]	false	
Instruction	6569	S:0xC003B9DE	0xF8502022	0	LDR      r2,[r0,r2,LSL #2]	false	
Instruction	6570	S:0xC003B9E2	0x589B	0	LDR      r3,[r3,r2]	false	
Instruction	6571	S:0xC003B9E4	0xB29A	0	UXTH     r2,r3	false	
Instruction	6572	S:0xC003B9E6	0x607B	0	STR      r3,[r7,#4]	false	
Instruction	6573	S:0xC003B9E8	0xEBB24F13	0	CMP      r2,r3,LSR #16	false	
Instruction	6574	S:0xC003B9EC	0xD01C	41	BEQ      {pc}+0x3c ; 0xc003ba28	true	fail
Instruction	6575	S:0xC003B9EE	0x680B	0	LDR      r3,[r1,#0]	false	
Instruction	6576	S:0xC003B9F0	0x0798	0	LSLS     r0,r3,#30	false	
Instruction	6577	S:0xC003B9F2	0xD415	4	BMI      {pc}+0x2e ; 0xc003ba20	true	fail
Instruction	6578	S:0xC003B9F4	0x2001	0	MOVS     r0,#1	false	
Instruction	6579	S:0xC003B9F6	0xF216FAC9	2	BL       {pc}+0x216596 ; 0xc0251f8c	true	
Cycle Count				41	Tracing disabled		
Info					Tracing enabled		
Instruction	6580	S:0xC003B9FA	0x4669	0	MOV      r1,sp	false	
Instruction	6581	S:0xC003B9FC	0x6862	0	LDR      r2,[r4,#4]	false	
Instruction	6582	S:0xC003B9FE	0xF42153FF	0	BIC      r3,r1,#0x1fe0	false	
Instruction	6583	S:0xC003BA02	0xF023031F	0	BIC      r3,r3,#0x1f	false	
Instruction	6584	S:0xC003BA06	0x6950	0	LDR      r0,[r2,#0x14]	false	
Instruction	6585	S:0xC003BA08	0x695B	0	LDR      r3,[r3,#0x14]	false	
Instruction	6586	S:0xC003BA0A	0x4283	0	CMP      r3,r0	false	
Instruction	6587	S:0xC003BA0C	0xD008	8	BEQ      {pc}+0x14 ; 0xc003ba20	true	
Instruction	6588	S:0xC003BA20	0xF107070C	0	ADD      r7,r7,#0xc	false	
Instruction	6589	S:0xC003BA24	0x46BD	0	MOV      sp,r7	false	
Instruction	6590	S:0xC003BA26	0xBD90	2	POP      {r4,r7,pc}	true	
Instruction	6591	S:0xC00415A6	0x69EB	0	LDR      r3,[r5,#0x1c]	false	
Instruction	6592	S:0xC00415A8	0x2B00	0	CMP      r3,#0	false	
Instruction	6593	S:0xC00415AA	0xD0B5	1	BEQ      {pc}-0x92 ; 0xc0041518	true	fail
Instruction	6594	S:0xC00415AC	0xF8D93464	0	LDR      r3,[r9,#0x464]	false	
Instruction	6595	S:0xC00415B0	0x429E	0	CMP      r6,r3	false	
Instruction	6596	S:0xC00415B2	0xD0B1	18	BEQ      {pc}-0x9a ; 0xc0041518	true	fail
Instruction	6597	S:0xC00415B4	0xF8D83000	0	LDR      r3,[r8,#0]	false	
Instruction	6598	S:0xC00415B8	0x0719	0	LSLS     r1,r3,#28	false	
Instruction	6599	S:0xC00415BA	0xD5AD	22	BPL      {pc}-0xa2 ; 0xc0041518	true	fail
Instruction	6600	S:0xC00415BC	0xF1BA0F00	0	CMP      r10,#0	false	
Instruction	6601	S:0xC00415C0	0xD0AA	14	BEQ      {pc}-0xa8 ; 0xc0041518	true	
Instruction	6602	S:0xC0041518	0xB002	0	ADD      sp,sp,#8	false	
Instruction	6603	S:0xC004151A	0xE8BD87F0	20	POP      {r4-r10,pc}	true	
Instruction	6604	S:0xC003BEDE	0xF8D86460	0	LDR      r6,[r8,#0x460]	false	
Instruction	6605	S:0xC003BEE2	0xE7EF	2	B        {pc}-0x1e ; 0xc003bec4	true	
Instruction	6606	S:0xC003BEC4	0x69F3	0	LDR      r3,[r6,#0x1c]	false	
Instruction	6607	S:0xC003BEC6	0xB133	4	CBZ      r3,{pc}+0x10 ; 0xc003bed6	true	fail
Instruction	6608	S:0xC003BEC8	0x6873	0	LDR      r3,[r6,#4]	false	
Instruction	6609	S:0xC003BECA	0x681B	0	LDR      r3,[r3,#0]	false	
Instruction	6610	S:0xC003BECC	0x0799	0	LSLS     r1,r3,#30	false	
Instruction	6611	S:0xC003BECE	0xBF44	0	ITT      MI	false	
Instruction	6612	S:0xC003BED0	0x2301	0	MOVS     r3,#1	false	
Instruction	6613	S:0xC003BED2	0xF8C8302C	0	STR      r3,[r8,#0x2c]	false	
Instruction	6614	S:0xC003BED6	0xE8BD81F0	16	POP      {r4-r8,pc}	true	
Instruction	6615	S:0xC003BEFC	0x4B25	0	LDR      r3,[pc,#148] ; [0xC003BF94]	false	
Instruction	6616	S:0xC003BEFE	0x685A	0	LDR      r2,[r3,#4]	false	
Instruction	6617	S:0xC003BF00	0x2A00	0	CMP      r2,#0	false	
Instruction	6618	S:0xC003BF02	0xD139	19	BNE      {pc}+0x76 ; 0xc003bf78	true	fail
Instruction	6619	S:0xC003BF04	0x6B2B	0	LDR      r3,[r5,#0x30]	false	
Instruction	6620	S:0xC003BF06	0x2200	0	MOVS     r2,#0	false	
Instruction	6621	S:0xC003BF08	0x602A	0	STR      r2,[r5,#0]	false	
Instruction	6622	S:0xC003BF0A	0x6B5B	0	LDR      r3,[r3,#0x34]	false	
Instruction	6623	S:0xC003BF0C	0xB113	1	CBZ      r3,{pc}+8 ; 0xc003bf14	true	
Instruction	6624	S:0xC003BF14	0xF506619C	0	ADD      r1,r6,#0x4e0	false	
Instruction	6625	S:0xC003BF18	0xE9D14500	0	LDRD     r4,r5,[r1,#0]	false	
Instruction	6626	S:0xC003BF1C	0xEA540305	0	ORRS     r3,r4,r5	false	
Instruction	6627	S:0xC003BF20	0xD019	1	BEQ      {pc}+0x36 ; 0xc003bf56	true	
Instruction	6628	S:0xC003BF56	0xE8BD83F8	22	POP      {r3-r9,pc}	true	
Instruction	6629	S:0xC003D578	0xF3BF8F5F	0	DMB      	false	
Instruction	6630	S:0xC003D57C	0x68FB	0	LDR      r3,[r7,#0xc]	false	
Instruction	6631	S:0xC003D57E	0x5B5A	0	LDRH     r2,[r3,r5]	false	
Instruction	6632	S:0xC003D580	0x3201	0	ADDS     r2,#1	false	
Instruction	6633	S:0xC003D582	0x535A	0	STRH     r2,[r3,r5]	false	
Instruction	6634	S:0xC003D584	0xF3BF8F4F	0	DSB      	false	
Instruction	6635	S:0xC003D588	0xF3AF8004	0	SEV.W    	false	
Instruction	6636	S:0xC003D58C	0x4620	0	MOV      r0,r4	false	
Instruction	6637	S:0xC003D58E	0x4659	0	MOV      r1,r11	false	
Instruction	6638	S:0xC003D590	0x464A	0	MOV      r2,r9	false	
Instruction	6639	S:0xC003D592	0x2501	0	MOVS     r5,#1	false	
Instruction	6640	S:0xC003D594	0xF7FBF970	330	BL       {pc}-0x4d1c ; 0xc0038878	true	
Instruction	6641	S:0xC0038878	0xE92D07F8	0	PUSH     {r3-r10}	false	
Instruction	6642	S:0xC003887C	0xAF00	0	ADD      r7,sp,#0	false	
Instruction	6643	S:0xC003887E	0xB500	0	PUSH     {lr}	false	
Instruction	6644	S:0xC0038880	0xF85DEB04	0	POP      {lr}	false	
Instruction	6645	S:0xC0038884	0x466C	0	MOV      r4,sp	false	
Instruction	6646	S:0xC0038886	0xF42453FF	0	BIC      r3,r4,#0x1fe0	false	
Instruction	6647	S:0xC003888A	0x4E43	0	LDR      r6,[pc,#268] ; [0xC0038998] = 0xC05F3080	false	
Instruction	6648	S:0xC003888C	0xF023031F	0	BIC      r3,r3,#0x1f	false	
Instruction	6649	S:0xC0038890	0xF8D3A014	0	LDR      r10,[r3,#0x14]	false	
Instruction	6650	S:0xC0038894	0xEE1D3F90	0	MRC      p15,#0x0,r3,c13,c0,#4	false	
Instruction	6651	S:0xC0038898	0x4551	0	CMP      r1,r10	false	
Instruction	6652	S:0xC003889A	0x4433	0	ADD      r3,r3,r6	false	
Instruction	6653	S:0xC003889C	0xD068	32	BEQ      {pc}+0xd4 ; 0xc0038970	true	
Instruction	6654	S:0xC0038970	0xF8D34590	0	LDR      r4,[r3,#0x590]	false	
Instruction	6655	S:0xC0038974	0x4601	0	MOV      r1,r0	false	
Instruction	6656	S:0xC0038976	0xF04F0801	0	MOV      r8,#1	false	
Instruction	6657	S:0xC003897A	0xF04F0900	0	MOV      r9,#0	false	
Instruction	6658	S:0xC003897E	0x3401	0	ADDS     r4,#1	false	
Instruction	6659	S:0xC0038980	0xF8C34590	0	STR      r4,[r3,#0x590]	false	
Instruction	6660	S:0xC0038984	0xE9F1454A	0	LDRD     r4,r5,[r1,#0x128]!	false	
Instruction	6661	S:0xC0038988	0xEB140408	0	ADDS     r4,r4,r8	false	
Instruction	6662	S:0xC003898C	0xEB450509	0	ADC      r5,r5,r9	false	
Instruction	6663	S:0xC0038990	0xE9C14500	0	STRD     r4,r5,[r1,#0]	false	
Instruction	6664	S:0xC0038994	0xE7B6	184	B        {pc}-0x90 ; 0xc0038904	true	
Instruction	6665	S:0xC0038904	0x0751	0	LSLS     r1,r2,#29	false	
Instruction	6666	S:0xC0038906	0xD50C	1	BPL      {pc}+0x1c ; 0xc0038922	true	
Instruction	6667	S:0xC0038922	0xF8D3458C	0	LDR      r4,[r3,#0x58c]	false	
Instruction	6668	S:0xC0038926	0x4601	0	MOV      r1,r0	false	
Instruction	6669	S:0xC0038928	0xF04F0801	0	MOV      r8,#1	false	
Instruction	6670	S:0xC003892C	0xF04F0900	0	MOV      r9,#0	false	
Instruction	6671	S:0xC0038930	0x3401	0	ADDS     r4,#1	false	
Instruction	6672	S:0xC0038932	0xF8C3458C	0	STR      r4,[r3,#0x58c]	false	
Instruction	6673	S:0xC0038936	0xE9F14544	0	LDRD     r4,r5,[r1,#0x110]!	false	
Instruction	6674	S:0xC003893A	0xEB140408	0	ADDS     r4,r4,r8	false	
Instruction	6675	S:0xC003893E	0xEB450509	0	ADC      r5,r5,r9	false	
Instruction	6676	S:0xC0038942	0x07D3	0	LSLS     r3,r2,#31	false	
Instruction	6677	S:0xC0038944	0xE9C14500	0	STRD     r4,r5,[r1,#0]	false	
Instruction	6678	S:0xC0038948	0xD507	24	BPL      {pc}+0x12 ; 0xc003895a	true	
Instruction	6679	S:0xC003895A	0x46BD	0	MOV      sp,r7	false	
Instruction	6680	S:0xC003895C	0xE8BD07F8	0	POP      {r3-r10}	false	
Instruction	6681	S:0xC0038960	0x4770	27	BX       lr	true	
Instruction	6682	S:0xC003D598	0x4640	0	MOV      r0,r8	false	
Instruction	6683	S:0xC003D59A	0x4651	0	MOV      r1,r10	false	
Instruction	6684	S:0xC003D59C	0xF3A7F85C	1	BL       {pc}+0x3a70bc ; 0xc03e4658	true	
Instruction	6685	S:0xC03E4658	0x?	375	Cannot access target memory	false	
Instruction	6686	S:0xC003D5A0	0x4628	0	MOV      r0,r5	false	
Instruction	6687	S:0xC003D5A2	0xF1070714	0	ADD      r7,r7,#0x14	false	
Instruction	6688	S:0xC003D5A6	0x46BD	0	MOV      sp,r7	false	
Instruction	6689	S:0xC003D5A8	0xE8BD8FF0	20	POP      {r4-r11,pc}	true	
Instruction	6690	S:0xC002D73E	0x6823	0	LDR      r3,[r4,#0]	false	
Instruction	6691	S:0xC002D740	0xF3BF8F5F	0	DMB      	false	
Instruction	6692	S:0xC002D744	0x881A	0	LDRH     r2,[r3,#0]	false	
Instruction	6693	S:0xC002D746	0x3201	0	ADDS     r2,#1	false	
Instruction	6694	S:0xC002D748	0x801A	0	STRH     r2,[r3,#0]	false	
Instruction	6695	S:0xC002D74A	0xF3BF8F4F	0	DSB      	false	
Instruction	6696	S:0xC002D74E	0xF3AF8004	0	SEV.W    	false	
Instruction	6697	S:0xC002D752	0xB003	0	ADD      sp,sp,#0xc	false	
Instruction	6698	S:0xC002D754	0xE8BD8FF0	338	POP      {r4-r11,pc}	true	
Instruction	6699	S:0xC002D8FC	0x2001	0	MOVS     r0,#1	false	
Instruction	6700	S:0xC002D8FE	0xF3848100	0	MSR      CPSR_c,r4	false	
Instruction	6701	S:0xC002D902	0xBDF8	52	POP      {r3-r7,pc}	true	
Cycle Count				18	Tracing disabled		
Info					Tracing enabled		
Instruction	6702	S:0xC003923C	0xE92D43F0	0	PUSH     {r4-r9,lr}	false	
Instruction	6703	S:0xC0039240	0xB083	0	SUB      sp,sp,#0xc	false	
Instruction	6704	S:0xC0039242	0xAF02	0	ADD      r7,sp,#8	false	
Instruction	6705	S:0xC0039244	0xB500	0	PUSH     {lr}	false	
Instruction	6706	S:0xC0039246	0xF85DEB04	0	POP      {lr}	false	
Instruction	6707	S:0xC003924A	0x4604	0	MOV      r4,r0	false	
Instruction	6708	S:0xC003924C	0x4699	0	MOV      r9,r3	false	
Instruction	6709	S:0xC003924E	0x4688	0	MOV      r8,r1	false	
Instruction	6710	S:0xC0039250	0x4616	0	MOV      r6,r2	false	
Instruction	6711	S:0xC0039252	0xF3ABF9C9	4	BL       {pc}+0x3ab396 ; 0xc03e45e8	true	
Cycle Count				179	Tracing disabled		
Info					Tracing enabled		
Instruction	6712	S:0xC0039256	0x4641	0	MOV      r1,r8	false	
Instruction	6713	S:0xC0039258	0xF8CD9000	0	STR      r9,[sp,#0]	false	
Instruction	6714	S:0xC003925C	0x4632	0	MOV      r2,r6	false	
Instruction	6715	S:0xC003925E	0x2300	0	MOVS     r3,#0	false	
Instruction	6716	S:0xC0039260	0x4605	0	MOV      r5,r0	false	
Instruction	6717	S:0xC0039262	0x4620	0	MOV      r0,r4	false	
Instruction	6718	S:0xC0039264	0xF7FFFB9C	1	BL       {pc}-0x8c4 ; 0xc00389a0	true	
Instruction	6719	S:0xC00389A0	0xE92D4FF0	0	PUSH     {r4-r11,lr}	false	
Instruction	6720	S:0xC00389A4	0xB083	0	SUB      sp,sp,#0xc	false	
Instruction	6721	S:0xC00389A6	0xAF00	0	ADD      r7,sp,#0	false	
Instruction	6722	S:0xC00389A8	0xB500	0	PUSH     {lr}	false	
Instruction	6723	S:0xC00389AA	0xF85DEB04	0	POP      {lr}	false	
Instruction	6724	S:0xC00389AE	0x4680	0	MOV      r8,r0	false	
Instruction	6725	S:0xC00389B0	0x469A	0	MOV      r10,r3	false	
Instruction	6726	S:0xC00389B2	0x468B	0	MOV      r11,r1	false	
Instruction	6727	S:0xC00389B4	0x607A	0	STR      r2,[r7,#4]	false	
Instruction	6728	S:0xC00389B6	0xF8583F04	0	LDR      r3,[r8,#4]!	false	
Instruction	6729	S:0xC00389BA	0xF8D79030	0	LDR      r9,[r7,#0x30]	false	
Instruction	6730	S:0xC00389BE	0x4598	0	CMP      r8,r3	false	
Instruction	6731	S:0xC00389C0	0xF1A3040C	0	SUB      r4,r3,#0xc	false	
Instruction	6732	S:0xC00389C4	0x681D	0	LDR      r5,[r3,#0]	false	
Instruction	6733	S:0xC00389C6	0xF1A5050C	0	SUB      r5,r5,#0xc	false	
Instruction	6734	S:0xC00389CA	0xD016	11	BEQ      {pc}+0x30 ; 0xc00389fa	true	fail
Instruction	6735	S:0xC00389CC	0xF8D4C008	0	LDR      r12,[r4,#8]	false	
Instruction	6736	S:0xC00389D0	0x4620	0	MOV      r0,r4	false	
Instruction	6737	S:0xC00389D2	0x464B	0	MOV      r3,r9	false	
Instruction	6738	S:0xC00389D4	0x4659	0	MOV      r1,r11	false	
Instruction	6739	S:0xC00389D6	0x4652	0	MOV      r2,r10	false	
Instruction	6740	S:0xC00389D8	0x6826	0	LDR      r6,[r4,#0]	false	
Instruction	6741	S:0xC00389DA	0x47E0	6	BLX      r12	true	
Instruction	6742	S:0xC003D6A0	0xB488	0	PUSH     {r3,r7}	false	
Instruction	6743	S:0xC003D6A2	0xAF00	0	ADD      r7,sp,#0	false	
Instruction	6744	S:0xC003D6A4	0xB500	0	PUSH     {lr}	false	
Instruction	6745	S:0xC003D6A6	0xF85DEB04	0	POP      {lr}	false	
Instruction	6746	S:0xC003D6AA	0x6840	0	LDR      r0,[r0,#4]	false	
Instruction	6747	S:0xC003D6AC	0x46BD	0	MOV      sp,r7	false	
Instruction	6748	S:0xC003D6AE	0xBC88	0	POP      {r3,r7}	false	
Instruction	6749	S:0xC003D6B0	0xF7FFBEDE	25	B.W      {pc}-0x240 ; 0xc003d470	true	
Instruction	6750	S:0xC003D470	0xE92D4FF0	0	PUSH     {r4-r11,lr}	false	
Instruction	6751	S:0xC003D474	0xB085	0	SUB      sp,sp,#0x14	false	
Instruction	6752	S:0xC003D476	0xAF00	0	ADD      r7,sp,#0	false	
Instruction	6753	S:0xC003D478	0xB500	0	PUSH     {lr}	false	
Instruction	6754	S:0xC003D47A	0xF85DEB04	0	POP      {lr}	false	
Instruction	6755	S:0xC003D47E	0x4604	0	MOV      r4,r0	false	
Instruction	6756	S:0xC003D480	0x460D	0	MOV      r5,r1	false	
Instruction	6757	S:0xC003D482	0x4691	0	MOV      r9,r2	false	
Instruction	6758	S:0xC003D484	0xF3BF8F5F	0	DMB      	false	
Instruction	6759	S:0xC003D488	0xF200483C	0	ADD      r8,r0,#0x43c	false	
Instruction	6760	S:0xC003D48C	0x4640	0	MOV      r0,r8	false	
Instruction	6761	S:0xC003D48E	0xF3A7F8AB	10	BL       {pc}+0x3a715a ; 0xc03e45e8	true	
Cycle Count				401	Tracing disabled		
Info					Tracing enabled		
Instruction	6762	S:0xC003D492	0x6823	0	LDR      r3,[r4,#0]	false	
Instruction	6763	S:0xC003D494	0x401D	0	ANDS     r5,r5,r3	false	
Instruction	6764	S:0xC003D496	0x4682	0	MOV      r10,r0	false	
Instruction	6765	S:0xC003D498	0xD07E	7	BEQ      {pc}+0x100 ; 0xc003d598	true	fail
Instruction	6766	S:0xC003D49A	0x6862	0	LDR      r2,[r4,#4]	false	
Instruction	6767	S:0xC003D49C	0x69E3	0	LDR      r3,[r4,#0x1c]	false	
Instruction	6768	S:0xC003D49E	0x4E7B	0	LDR      r6,[pc,#492] ; [0xC003D68C]	false	
Instruction	6769	S:0xC003D4A0	0xF8D2C014	0	LDR      r12,[r2,#0x14]	false	
Instruction	6770	S:0xC003D4A4	0x2B00	0	CMP      r3,#0	false	
Instruction	6771	S:0xC003D4A6	0xF0408081	3	BNE.W    {pc}+0x106 ; 0xc003d5ac	true	
Instruction	6772	S:0xC003D5AC	0x4D38	0	LDR      r5,[pc,#224] ; [0xC003D690] = 0xC05FD5C0	false	
Instruction	6773	S:0xC003D5AE	0x4662	0	MOV      r2,r12	false	
Instruction	6774	S:0xC003D5B0	0x4633	0	MOV      r3,r6	false	
Instruction	6775	S:0xC003D5B2	0xF8552022	0	LDR      r2,[r5,r2,LSL #2]	false	
Instruction	6776	S:0xC003D5B6	0x60FB	0	STR      r3,[r7,#0xc]	false	
Instruction	6777	S:0xC003D5B8	0xEB030B02	0	ADD      r11,r3,r2	false	
Instruction	6778	S:0xC003D5BC	0xF8C7C008	0	STR      r12,[r7,#8]	false	
Instruction	6779	S:0xC003D5C0	0x4658	0	MOV      r0,r11	false	
Instruction	6780	S:0xC003D5C2	0x607A	0	STR      r2,[r7,#4]	false	
Instruction	6781	S:0xC003D5C4	0xF3A6FFF8	22	BL       {pc}+0x3a6ff4 ; 0xc03e45b8	true	
Cycle Count				42	Tracing disabled		
Info					Tracing enabled		
Instruction	6782	S:0xC003D5C8	0x6861	0	LDR      r1,[r4,#4]	false	
Instruction	6783	S:0xC003D5CA	0x68FB	0	LDR      r3,[r7,#0xc]	false	
Instruction	6784	S:0xC003D5CC	0x687A	0	LDR      r2,[r7,#4]	false	
Instruction	6785	S:0xC003D5CE	0x6949	0	LDR      r1,[r1,#0x14]	false	
Instruction	6786	S:0xC003D5D0	0xF8D7C008	0	LDR      r12,[r7,#8]	false	
Instruction	6787	S:0xC003D5D4	0xF8551021	0	LDR      r1,[r5,r1,LSL #2]	false	
Instruction	6788	S:0xC003D5D8	0x1859	0	ADDS     r1,r3,r1	false	
Instruction	6789	S:0xC003D5DA	0x458B	0	CMP      r11,r1	false	
Instruction	6790	S:0xC003D5DC	0xD149	84	BNE      {pc}+0x96 ; 0xc003d672	true	fail
Instruction	6791	S:0xC003D5DE	0x69E3	0	LDR      r3,[r4,#0x1c]	false	
Instruction	6792	S:0xC003D5E0	0xB14B	3	CBZ      r3,{pc}+0x16 ; 0xc003d5f6	true	fail
Instruction	6793	S:0xC003D5E2	0x4658	0	MOV      r0,r11	false	
Instruction	6794	S:0xC003D5E4	0x4621	0	MOV      r1,r4	false	
Instruction	6795	S:0xC003D5E6	0x464A	0	MOV      r2,r9	false	
Instruction	6796	S:0xC003D5E8	0xF8C7C008	0	STR      r12,[r7,#8]	false	
Instruction	6797	S:0xC003D5EC	0xF7FEFC7C	1	BL       {pc}-0x1704 ; 0xc003bee8	true	
Instruction	6798	S:0xC003BEE8	0xE92D43F8	0	PUSH     {r3-r9,lr}	false	
Instruction	6799	S:0xC003BEEC	0xAF00	0	ADD      r7,sp,#0	false	
Instruction	6800	S:0xC003BEEE	0xB500	0	PUSH     {lr}	false	
Instruction	6801	S:0xC003BEF0	0xF85DEB04	0	POP      {lr}	false	
Instruction	6802	S:0xC003BEF4	0x4606	0	MOV      r6,r0	false	
Instruction	6803	S:0xC003BEF6	0x460D	0	MOV      r5,r1	false	
Instruction	6804	S:0xC003BEF8	0xF7FFFFC8	2	BL       {pc}-0x6c ; 0xc003be8c	true	
Instruction	6805	S:0xC003BE8C	0xE92D41F0	0	PUSH     {r4-r8,lr}	false	
Instruction	6806	S:0xC003BE90	0xAF00	0	ADD      r7,sp,#0	false	
Instruction	6807	S:0xC003BE92	0xB500	0	PUSH     {lr}	false	
Instruction	6808	S:0xC003BE94	0xF85DEB04	0	POP      {lr}	false	
Instruction	6809	S:0xC003BE98	0xF8D06460	0	LDR      r6,[r0,#0x460]	false	
Instruction	6810	S:0xC003BE9C	0x6B0D	0	LDR      r5,[r1,#0x30]	false	
Instruction	6811	S:0xC003BE9E	0x4680	0	MOV      r8,r0	false	
Instruction	6812	S:0xC003BEA0	0x6B34	0	LDR      r4,[r6,#0x30]	false	
Instruction	6813	S:0xC003BEA2	0x42A5	0	CMP      r5,r4	false	
Instruction	6814	S:0xC003BEA4	0xD019	3	BEQ      {pc}+0x36 ; 0xc003beda	true	
Instruction	6815	S:0xC003BEDA	0x696B	0	LDR      r3,[r5,#0x14]	false	
Instruction	6816	S:0xC003BEDC	0x4798	1	BLX      r3	true	
Instruction	6817	S:0xC00414AC	0xE92D47F0	0	PUSH     {r4-r10,lr}	false	
Instruction	6818	S:0xC00414B0	0xB082	0	SUB      sp,sp,#8	false	
Instruction	6819	S:0xC00414B2	0xB500	0	PUSH     {lr}	false	
Instruction	6820	S:0xC00414B4	0xF85DEB04	0	POP      {lr}	false	
Instruction	6821	S:0xC00414B8	0x4B55	0	LDR      r3,[pc,#340] ; [0xC0041610] = 0xC0607834	false	
Instruction	6822	S:0xC00414BA	0xF8D06460	0	LDR      r6,[r0,#0x460]	false	
Instruction	6823	S:0xC00414BE	0x4681	0	MOV      r9,r0	false	
Instruction	6824	S:0xC00414C0	0xF1010438	0	ADD      r4,r1,#0x38	false	
Instruction	6825	S:0xC00414C4	0x6858	0	LDR      r0,[r3,#4]	false	
Instruction	6826	S:0xC00414C6	0xF1060538	0	ADD      r5,r6,#0x38	false	
Instruction	6827	S:0xC00414CA	0xF8D6315C	0	LDR      r3,[r6,#0x15c]	false	
Instruction	6828	S:0xC00414CE	0x689B	0	LDR      r3,[r3,#8]	false	
Instruction	6829	S:0xC00414D0	0x4283	0	CMP      r3,r0	false	
Instruction	6830	S:0xC00414D2	0xBF34	0	ITE      CC	false	
Instruction	6831	S:0xC00414D4	0xF04F0A00	0	MOV      r10,#0	false	
Instruction	6832	S:0xC00414D8	0xF04F0A01	0	MOV      r10,#1	false	
Instruction	6833	S:0xC00414DC	0x42A5	0	CMP      r5,r4	false	
Instruction	6834	S:0xC00414DE	0xD01B	19	BEQ      {pc}+0x3a ; 0xc0041518	true	
Instruction	6835	S:0xC0041518	0xB002	0	ADD      sp,sp,#8	false	
Instruction	6836	S:0xC004151A	0xE8BD87F0	19	POP      {r4-r10,pc}	true	
Instruction	6837	S:0xC003BEDE	0xF8D86460	0	LDR      r6,[r8,#0x460]	false	
Instruction	6838	S:0xC003BEE2	0xE7EF	2	B        {pc}-0x1e ; 0xc003bec4	true	
Instruction	6839	S:0xC003BEC4	0x69F3	0	LDR      r3,[r6,#0x1c]	false	
Instruction	6840	S:0xC003BEC6	0xB133	4	CBZ      r3,{pc}+0x10 ; 0xc003bed6	true	fail
Instruction	6841	S:0xC003BEC8	0x6873	0	LDR      r3,[r6,#4]	false	
Instruction	6842	S:0xC003BECA	0x681B	0	LDR      r3,[r3,#0]	false	
Instruction	6843	S:0xC003BECC	0x0799	0	LSLS     r1,r3,#30	false	
Instruction	6844	S:0xC003BECE	0xBF44	0	ITT      MI	false	
Instruction	6845	S:0xC003BED0	0x2301	0	MOVS     r3,#1	false	
Instruction	6846	S:0xC003BED2	0xF8C8302C	0	STR      r3,[r8,#0x2c]	false	
Instruction	6847	S:0xC003BED6	0xE8BD81F0	16	POP      {r4-r8,pc}	true	
Instruction	6848	S:0xC003BEFC	0x4B25	0	LDR      r3,[pc,#148] ; [0xC003BF94]	false	
Instruction	6849	S:0xC003BEFE	0x685A	0	LDR      r2,[r3,#4]	false	
Instruction	6850	S:0xC003BF00	0x2A00	0	CMP      r2,#0	false	
Instruction	6851	S:0xC003BF02	0xD139	6	BNE      {pc}+0x76 ; 0xc003bf78	true	fail
Instruction	6852	S:0xC003BF04	0x6B2B	0	LDR      r3,[r5,#0x30]	false	
Instruction	6853	S:0xC003BF06	0x2200	0	MOVS     r2,#0	false	
Instruction	6854	S:0xC003BF08	0x602A	0	STR      r2,[r5,#0]	false	
Instruction	6855	S:0xC003BF0A	0x6B5B	0	LDR      r3,[r3,#0x34]	false	
Instruction	6856	S:0xC003BF0C	0xB113	2	CBZ      r3,{pc}+8 ; 0xc003bf14	true	
Instruction	6857	S:0xC003BF14	0xF506619C	0	ADD      r1,r6,#0x4e0	false	
Instruction	6858	S:0xC003BF18	0xE9D14500	0	LDRD     r4,r5,[r1,#0]	false	
Instruction	6859	S:0xC003BF1C	0xEA540305	0	ORRS     r3,r4,r5	false	
Instruction	6860	S:0xC003BF20	0xD019	20	BEQ      {pc}+0x36 ; 0xc003bf56	true	
Instruction	6861	S:0xC003BF56	0xE8BD83F8	8	POP      {r3-r9,pc}	true	
Instruction	6862	S:0xC003D5F0	0xF8D7C008	0	LDR      r12,[r7,#8]	false	
Instruction	6863	S:0xC003D5F4	0x2301	0	MOVS     r3,#1	false	
Instruction	6864	S:0xC003D5F6	0xF3BF8F5F	0	DMB      	false	
Instruction	6865	S:0xC003D5FA	0xF8BB2000	0	LDRH     r2,[r11,#0]	false	
Instruction	6866	S:0xC003D5FE	0x3201	0	ADDS     r2,#1	false	
Instruction	6867	S:0xC003D600	0xF8AB2000	0	STRH     r2,[r11,#0]	false	
Instruction	6868	S:0xC003D604	0xF3BF8F4F	0	DSB      	false	
Instruction	6869	S:0xC003D608	0xF3AF8004	0	SEV.W    	false	
Instruction	6870	S:0xC003D60C	0x46E3	0	MOV      r11,r12	false	
Instruction	6871	S:0xC003D60E	0x2B00	0	CMP      r3,#0	false	
Instruction	6872	S:0xC003D610	0xD1BC	325	BNE      {pc}-0x84 ; 0xc003d58c	true	
Instruction	6873	S:0xC003D58C	0x4620	0	MOV      r0,r4	false	
Instruction	6874	S:0xC003D58E	0x4659	0	MOV      r1,r11	false	
Instruction	6875	S:0xC003D590	0x464A	0	MOV      r2,r9	false	
Instruction	6876	S:0xC003D592	0x2501	0	MOVS     r5,#1	false	
Instruction	6877	S:0xC003D594	0xF7FBF970	1	BL       {pc}-0x4d1c ; 0xc0038878	true	
Instruction	6878	S:0xC0038878	0xE92D07F8	0	PUSH     {r3-r10}	false	
Instruction	6879	S:0xC003887C	0xAF00	0	ADD      r7,sp,#0	false	
Instruction	6880	S:0xC003887E	0xB500	0	PUSH     {lr}	false	
Instruction	6881	S:0xC0038880	0xF85DEB04	0	POP      {lr}	false	
Instruction	6882	S:0xC0038884	0x466C	0	MOV      r4,sp	false	
Instruction	6883	S:0xC0038886	0xF42453FF	0	BIC      r3,r4,#0x1fe0	false	
Instruction	6884	S:0xC003888A	0x4E43	0	LDR      r6,[pc,#268] ; [0xC0038998] = 0xC05F3080	false	
Instruction	6885	S:0xC003888C	0xF023031F	0	BIC      r3,r3,#0x1f	false	
Instruction	6886	S:0xC0038890	0xF8D3A014	0	LDR      r10,[r3,#0x14]	false	
Instruction	6887	S:0xC0038894	0xEE1D3F90	0	MRC      p15,#0x0,r3,c13,c0,#4	false	
Instruction	6888	S:0xC0038898	0x4551	0	CMP      r1,r10	false	
Instruction	6889	S:0xC003889A	0x4433	0	ADD      r3,r3,r6	false	
Instruction	6890	S:0xC003889C	0xD068	12	BEQ      {pc}+0xd4 ; 0xc0038970	true	
Instruction	6891	S:0xC0038970	0xF8D34590	0	LDR      r4,[r3,#0x590]	false	
Instruction	6892	S:0xC0038974	0x4601	0	MOV      r1,r0	false	
Instruction	6893	S:0xC0038976	0xF04F0801	0	MOV      r8,#1	false	
Instruction	6894	S:0xC003897A	0xF04F0900	0	MOV      r9,#0	false	
Instruction	6895	S:0xC003897E	0x3401	0	ADDS     r4,#1	false	
Instruction	6896	S:0xC0038980	0xF8C34590	0	STR      r4,[r3,#0x590]	false	
Instruction	6897	S:0xC0038984	0xE9F1454A	0	LDRD     r4,r5,[r1,#0x128]!	false	
Instruction	6898	S:0xC0038988	0xEB140408	0	ADDS     r4,r4,r8	false	
Instruction	6899	S:0xC003898C	0xEB450509	0	ADC      r5,r5,r9	false	
Instruction	6900	S:0xC0038990	0xE9C14500	0	STRD     r4,r5,[r1,#0]	false	
Instruction	6901	S:0xC0038994	0xE7B6	120	B        {pc}-0x90 ; 0xc0038904	true	
Instruction	6902	S:0xC0038904	0x0751	0	LSLS     r1,r2,#29	false	
Instruction	6903	S:0xC0038906	0xD50C	1	BPL      {pc}+0x1c ; 0xc0038922	true	
Instruction	6904	S:0xC0038922	0xF8D3458C	0	LDR      r4,[r3,#0x58c]	false	
Instruction	6905	S:0xC0038926	0x4601	0	MOV      r1,r0	false	
Instruction	6906	S:0xC0038928	0xF04F0801	0	MOV      r8,#1	false	
Instruction	6907	S:0xC003892C	0xF04F0900	0	MOV      r9,#0	false	
Instruction	6908	S:0xC0038930	0x3401	0	ADDS     r4,#1	false	
Instruction	6909	S:0xC0038932	0xF8C3458C	0	STR      r4,[r3,#0x58c]	false	
Instruction	6910	S:0xC0038936	0xE9F14544	0	LDRD     r4,r5,[r1,#0x110]!	false	
Instruction	6911	S:0xC003893A	0xEB140408	0	ADDS     r4,r4,r8	false	
Instruction	6912	S:0xC003893E	0xEB450509	0	ADC      r5,r5,r9	false	
Instruction	6913	S:0xC0038942	0x07D3	0	LSLS     r3,r2,#31	false	
Instruction	6914	S:0xC0038944	0xE9C14500	0	STRD     r4,r5,[r1,#0]	false	
Instruction	6915	S:0xC0038948	0xD507	8	BPL      {pc}+0x12 ; 0xc003895a	true	
Instruction	6916	S:0xC003895A	0x46BD	0	MOV      sp,r7	false	
Instruction	6917	S:0xC003895C	0xE8BD07F8	0	POP      {r3-r10}	false	
Instruction	6918	S:0xC0038960	0x4770	5	BX       lr	true	
Instruction	6919	S:0xC003D598	0x4640	0	MOV      r0,r8	false	
Instruction	6920	S:0xC003D59A	0x4651	0	MOV      r1,r10	false	
Instruction	6921	S:0xC003D59C	0xF3A7F85C	1	BL       {pc}+0x3a70bc ; 0xc03e4658	true	
Timestamp					Timestamp: 562537010815		
Instruction	6922	S:0xC03E4658	0x?	511	Cannot access target memory	false	
Instruction	6923	S:0xC003D5A0	0x4628	0	MOV      r0,r5	false	
Instruction	6924	S:0xC003D5A2	0xF1070714	0	ADD      r7,r7,#0x14	false	
Instruction	6925	S:0xC003D5A6	0x46BD	0	MOV      sp,r7	false	
Instruction	6926	S:0xC003D5A8	0xE8BD8FF0	19	POP      {r4-r11,pc}	true	
Instruction	6927	S:0xC00389DC	0x462C	0	MOV      r4,r5	false	
Instruction	6928	S:0xC00389DE	0xF105030C	0	ADD      r3,r5,#0xc	false	
Instruction	6929	S:0xC00389E2	0xB128	1	CBZ      r0,{pc}+0xe ; 0xc00389f0	true	fail
Instruction	6930	S:0xC00389E4	0x07F0	0	LSLS     r0,r6,#31	false	
Instruction	6931	S:0xC00389E6	0xD503	1	BPL      {pc}+0xa ; 0xc00389f0	true	
Instruction	6932	S:0xC00389F0	0x68ED	0	LDR      r5,[r5,#0xc]	false	
Instruction	6933	S:0xC00389F2	0x4598	0	CMP      r8,r3	false	
Instruction	6934	S:0xC00389F4	0xF1A5050C	0	SUB      r5,r5,#0xc	false	
Instruction	6935	S:0xC00389F8	0xD1E8	1	BNE      {pc}-0x2c ; 0xc00389cc	true	fail
Instruction	6936	S:0xC00389FA	0xF107070C	0	ADD      r7,r7,#0xc	false	
Instruction	6937	S:0xC00389FE	0x46BD	0	MOV      sp,r7	false	
Instruction	6938	S:0xC0038A00	0xE8BD8FF0	11	POP      {r4-r11,pc}	true	
Instruction	6939	S:0xC0039268	0x4620	0	MOV      r0,r4	false	
Instruction	6940	S:0xC003926A	0x4629	0	MOV      r1,r5	false	
Instruction	6941	S:0xC003926C	0xF1070704	0	ADD      r7,r7,#4	false	
Instruction	6942	S:0xC0039270	0x46BD	0	MOV      sp,r7	false	
Instruction	6943	S:0xC0039272	0xE8BD43F0	0	POP      {r4-r9,lr}	false	
Instruction	6944	S:0xC0039276	0xF3ABB9EF	10	B.W      {pc}+0x3ab3e2 ; 0xc03e4658	true	
Cycle Count				2256	Tracing disabled		
Info					Tracing enabled		
Instruction	6945	S:0xC002D8CC	0xB5F8	0	PUSH     {r3-r7,lr}	false	
Instruction	6946	S:0xC002D8CE	0xB500	0	PUSH     {lr}	false	
Instruction	6947	S:0xC002D8D0	0xF85DEB04	0	POP      {lr}	false	
Instruction	6948	S:0xC002D8D4	0x4607	0	MOV      r7,r0	false	
Instruction	6949	S:0xC002D8D6	0x460E	0	MOV      r6,r1	false	
Instruction	6950	S:0xC002D8D8	0x4615	0	MOV      r5,r2	false	
Instruction	6951	S:0xC002D8DA	0xF3EF8400	0	MRS      r4,APSR ; formerly CPSR	false	
Instruction	6952	S:0xC002D8DE	0xB672	0	CPSID    i	false	
Instruction	6953	S:0xC002D8E0	0x2000	0	MOVS     r0,#0	false	
Instruction	6954	S:0xC002D8E2	0x4611	0	MOV      r1,r2	false	
Instruction	6955	S:0xC002D8E4	0xF224FBD0	69	BL       {pc}+0x2247a4 ; 0xc0252088	true	
Cycle Count				102	Tracing disabled		
Info					Tracing enabled		
Instruction	6956	S:0xC002D8E8	0xB118	1	CBZ      r0,{pc}+0xa ; 0xc002d8f2	true	fail
Instruction	6957	S:0xC002D8EA	0x2000	0	MOVS     r0,#0	false	
Instruction	6958	S:0xC002D8EC	0xF3848100	0	MSR      CPSR_c,r4	false	
Instruction	6959	S:0xC002D8F0	0xBDF8	74	POP      {r3-r7,pc}	true	
Cycle Count				4	Tracing disabled		
Info					Tracing enabled		
Instruction	6960	S:0xC003923C	0xE92D43F0	0	PUSH     {r4-r9,lr}	false	
Instruction	6961	S:0xC0039240	0xB083	0	SUB      sp,sp,#0xc	false	
Instruction	6962	S:0xC0039242	0xAF02	0	ADD      r7,sp,#8	false	
Instruction	6963	S:0xC0039244	0xB500	0	PUSH     {lr}	false	
Instruction	6964	S:0xC0039246	0xF85DEB04	0	POP      {lr}	false	
Instruction	6965	S:0xC003924A	0x4604	0	MOV      r4,r0	false	
Instruction	6966	S:0xC003924C	0x4699	0	MOV      r9,r3	false	
Instruction	6967	S:0xC003924E	0x4688	0	MOV      r8,r1	false	
Instruction	6968	S:0xC0039250	0x4616	0	MOV      r6,r2	false	
Instruction	6969	S:0xC0039252	0xF3ABF9C9	2	BL       {pc}+0x3ab396 ; 0xc03e45e8	true	
Cycle Count				177	Tracing disabled		
Info					Tracing enabled		
Instruction	6970	S:0xC0039256	0x4641	0	MOV      r1,r8	false	
Instruction	6971	S:0xC0039258	0xF8CD9000	0	STR      r9,[sp,#0]	false	
Instruction	6972	S:0xC003925C	0x4632	0	MOV      r2,r6	false	
Instruction	6973	S:0xC003925E	0x2300	0	MOVS     r3,#0	false	
Instruction	6974	S:0xC0039260	0x4605	0	MOV      r5,r0	false	
Instruction	6975	S:0xC0039262	0x4620	0	MOV      r0,r4	false	
Instruction	6976	S:0xC0039264	0xF7FFFB9C	1	BL       {pc}-0x8c4 ; 0xc00389a0	true	
Instruction	6977	S:0xC00389A0	0xE92D4FF0	0	PUSH     {r4-r11,lr}	false	
Instruction	6978	S:0xC00389A4	0xB083	0	SUB      sp,sp,#0xc	false	
Instruction	6979	S:0xC00389A6	0xAF00	0	ADD      r7,sp,#0	false	
Instruction	6980	S:0xC00389A8	0xB500	0	PUSH     {lr}	false	
Instruction	6981	S:0xC00389AA	0xF85DEB04	0	POP      {lr}	false	
Instruction	6982	S:0xC00389AE	0x4680	0	MOV      r8,r0	false	
Instruction	6983	S:0xC00389B0	0x469A	0	MOV      r10,r3	false	
Instruction	6984	S:0xC00389B2	0x468B	0	MOV      r11,r1	false	
Instruction	6985	S:0xC00389B4	0x607A	0	STR      r2,[r7,#4]	false	
Instruction	6986	S:0xC00389B6	0xF8583F04	0	LDR      r3,[r8,#4]!	false	
Instruction	6987	S:0xC00389BA	0xF8D79030	0	LDR      r9,[r7,#0x30]	false	
Instruction	6988	S:0xC00389BE	0x4598	0	CMP      r8,r3	false	
Instruction	6989	S:0xC00389C0	0xF1A3040C	0	SUB      r4,r3,#0xc	false	
Instruction	6990	S:0xC00389C4	0x681D	0	LDR      r5,[r3,#0]	false	
Instruction	6991	S:0xC00389C6	0xF1A5050C	0	SUB      r5,r5,#0xc	false	
Instruction	6992	S:0xC00389CA	0xD016	11	BEQ      {pc}+0x30 ; 0xc00389fa	true	fail
Instruction	6993	S:0xC00389CC	0xF8D4C008	0	LDR      r12,[r4,#8]	false	
Instruction	6994	S:0xC00389D0	0x4620	0	MOV      r0,r4	false	
Instruction	6995	S:0xC00389D2	0x464B	0	MOV      r3,r9	false	
Instruction	6996	S:0xC00389D4	0x4659	0	MOV      r1,r11	false	
Instruction	6997	S:0xC00389D6	0x4652	0	MOV      r2,r10	false	
Instruction	6998	S:0xC00389D8	0x6826	0	LDR      r6,[r4,#0]	false	
Instruction	6999	S:0xC00389DA	0x47E0	6	BLX      r12	true	
Instruction	7000	S:0xC003D6A0	0xB488	0	PUSH     {r3,r7}	false	
Instruction	7001	S:0xC003D6A2	0xAF00	0	ADD      r7,sp,#0	false	
Instruction	7002	S:0xC003D6A4	0xB500	0	PUSH     {lr}	false	
Instruction	7003	S:0xC003D6A6	0xF85DEB04	0	POP      {lr}	false	
Instruction	7004	S:0xC003D6AA	0x6840	0	LDR      r0,[r0,#4]	false	
Instruction	7005	S:0xC003D6AC	0x46BD	0	MOV      sp,r7	false	
Instruction	7006	S:0xC003D6AE	0xBC88	0	POP      {r3,r7}	false	
Instruction	7007	S:0xC003D6B0	0xF7FFBEDE	42	B.W      {pc}-0x240 ; 0xc003d470	true	
Instruction	7008	S:0xC003D470	0xE92D4FF0	0	PUSH     {r4-r11,lr}	false	
Instruction	7009	S:0xC003D474	0xB085	0	SUB      sp,sp,#0x14	false	
Instruction	7010	S:0xC003D476	0xAF00	0	ADD      r7,sp,#0	false	
Instruction	7011	S:0xC003D478	0xB500	0	PUSH     {lr}	false	
Instruction	7012	S:0xC003D47A	0xF85DEB04	0	POP      {lr}	false	
Instruction	7013	S:0xC003D47E	0x4604	0	MOV      r4,r0	false	
Instruction	7014	S:0xC003D480	0x460D	0	MOV      r5,r1	false	
Instruction	7015	S:0xC003D482	0x4691	0	MOV      r9,r2	false	
Instruction	7016	S:0xC003D484	0xF3BF8F5F	0	DMB      	false	
Instruction	7017	S:0xC003D488	0xF200483C	0	ADD      r8,r0,#0x43c	false	
Instruction	7018	S:0xC003D48C	0x4640	0	MOV      r0,r8	false	
Instruction	7019	S:0xC003D48E	0xF3A7F8AB	9	BL       {pc}+0x3a715a ; 0xc03e45e8	true	
Cycle Count				257	Tracing disabled		
Info					Tracing enabled		
Instruction	7020	S:0xC003D492	0x6823	0	LDR      r3,[r4,#0]	false	
Instruction	7021	S:0xC003D494	0x401D	0	ANDS     r5,r5,r3	false	
Instruction	7022	S:0xC003D496	0x4682	0	MOV      r10,r0	false	
Instruction	7023	S:0xC003D498	0xD07E	6	BEQ      {pc}+0x100 ; 0xc003d598	true	
Instruction	7024	S:0xC003D598	0x4640	0	MOV      r0,r8	false	
Instruction	7025	S:0xC003D59A	0x4651	0	MOV      r1,r10	false	
Instruction	7026	S:0xC003D59C	0xF3A7F85C	14	BL       {pc}+0x3a70bc ; 0xc03e4658	true	
Instruction	7027	S:0xC03E4658	0x?	384	Cannot access target memory	false	
Instruction	7028	S:0xC003D5A0	0x4628	0	MOV      r0,r5	false	
Instruction	7029	S:0xC003D5A2	0xF1070714	0	ADD      r7,r7,#0x14	false	
Instruction	7030	S:0xC003D5A6	0x46BD	0	MOV      sp,r7	false	
Instruction	7031	S:0xC003D5A8	0xE8BD8FF0	20	POP      {r4-r11,pc}	true	
Instruction	7032	S:0xC00389DC	0x462C	0	MOV      r4,r5	false	
Instruction	7033	S:0xC00389DE	0xF105030C	0	ADD      r3,r5,#0xc	false	
Instruction	7034	S:0xC00389E2	0xB128	1	CBZ      r0,{pc}+0xe ; 0xc00389f0	true	
Instruction	7035	S:0xC00389F0	0x68ED	0	LDR      r5,[r5,#0xc]	false	
Instruction	7036	S:0xC00389F2	0x4598	0	CMP      r8,r3	false	
Instruction	7037	S:0xC00389F4	0xF1A5050C	0	SUB      r5,r5,#0xc	false	
Instruction	7038	S:0xC00389F8	0xD1E8	1	BNE      {pc}-0x2c ; 0xc00389cc	true	fail
Instruction	7039	S:0xC00389FA	0xF107070C	0	ADD      r7,r7,#0xc	false	
Instruction	7040	S:0xC00389FE	0x46BD	0	MOV      sp,r7	false	
Instruction	7041	S:0xC0038A00	0xE8BD8FF0	7	POP      {r4-r11,pc}	true	
Instruction	7042	S:0xC0039268	0x4620	0	MOV      r0,r4	false	
Instruction	7043	S:0xC003926A	0x4629	0	MOV      r1,r5	false	
Instruction	7044	S:0xC003926C	0xF1070704	0	ADD      r7,r7,#4	false	
Instruction	7045	S:0xC0039270	0x46BD	0	MOV      sp,r7	false	
Instruction	7046	S:0xC0039272	0xE8BD43F0	0	POP      {r4-r9,lr}	false	
Instruction	7047	S:0xC0039276	0xF3ABB9EF	9	B.W      {pc}+0x3ab3e2 ; 0xc03e4658	true	
Cycle Count				738	Tracing disabled		
Info					Tracing enabled		
Instruction	7048	S:0xC0033154	0xB5F8	0	PUSH     {r3-r7,lr}	false	
Instruction	7049	S:0xC0033156	0xB500	0	PUSH     {lr}	false	
Instruction	7050	S:0xC0033158	0xF85DEB04	0	POP      {lr}	false	
Instruction	7051	S:0xC003315C	0x460C	0	MOV      r4,r1	false	
Instruction	7052	S:0xC003315E	0x4607	0	MOV      r7,r0	false	
Instruction	7053	S:0xC0033160	0xF3B1FA42	12	BL       {pc}+0x3b1488 ; 0xc03e45e8	true	
Cycle Count				185	Tracing disabled		
Info					Tracing enabled		
Instruction	7054	S:0xC0033164	0x6925	0	LDR      r5,[r4,#0x10]	false	
Instruction	7055	S:0xC0033166	0xF44F7280	0	MOV      r2,#0x100	false	
Instruction	7056	S:0xC003316A	0x68E6	0	LDR      r6,[r4,#0xc]	false	
Instruction	7057	S:0xC003316C	0xF44F7300	0	MOV      r3,#0x200	false	
Instruction	7058	S:0xC0033170	0xF2C00210	0	MOVT     r2,#0x10	false	
Instruction	7059	S:0xC0033174	0xF2C00320	0	MOVT     r3,#0x20	false	
Instruction	7060	S:0xC0033178	0x6075	0	STR      r5,[r6,#4]	false	
Instruction	7061	S:0xC003317A	0x602E	0	STR      r6,[r5,#0]	false	
Instruction	7062	S:0xC003317C	0x60E2	0	STR      r2,[r4,#0xc]	false	
Instruction	7063	S:0xC003317E	0x6123	0	STR      r3,[r4,#0x10]	false	
Instruction	7064	S:0xC0033180	0x4601	0	MOV      r1,r0	false	
Instruction	7065	S:0xC0033182	0x4638	0	MOV      r0,r7	false	
Instruction	7066	S:0xC0033184	0xE8BD40F8	0	POP      {r3-r7,lr}	false	
Instruction	7067	S:0xC0033188	0xF3B1BA66	17	B.W      {pc}+0x3b14d0 ; 0xc03e4658	true	
Cycle Count				493	Tracing disabled		
Info					Tracing enabled		
Instruction	7068	S:0xC004ED70	0xB500	0	PUSH     {lr}	false	
Instruction	7069	S:0xC004ED72	0xF85DEB04	0	POP      {lr}	false	
Instruction	7070	S:0xC004ED76	0xF24D13C0	0	MOV      r3,#0xd1c0	false	
Instruction	7071	S:0xC004ED7A	0xF2CC0364	0	MOVT     r3,#0xc064	false	
Instruction	7072	S:0xC004ED7E	0x6B98	0	LDR      r0,[r3,#0x38]	false	
Instruction	7073	S:0xC004ED80	0x4770	50	BX       lr	true	
Cycle Count				191	Tracing disabled		
Info					Tracing enabled		
Instruction	7074	S:0xC003923C	0xE92D43F0	0	PUSH     {r4-r9,lr}	false	
Instruction	7075	S:0xC0039240	0xB083	0	SUB      sp,sp,#0xc	false	
Instruction	7076	S:0xC0039242	0xAF02	0	ADD      r7,sp,#8	false	
Instruction	7077	S:0xC0039244	0xB500	0	PUSH     {lr}	false	
Instruction	7078	S:0xC0039246	0xF85DEB04	0	POP      {lr}	false	
Instruction	7079	S:0xC003924A	0x4604	0	MOV      r4,r0	false	
Instruction	7080	S:0xC003924C	0x4699	0	MOV      r9,r3	false	
Instruction	7081	S:0xC003924E	0x4688	0	MOV      r8,r1	false	
Instruction	7082	S:0xC0039250	0x4616	0	MOV      r6,r2	false	
Instruction	7083	S:0xC0039252	0xF3ABF9C9	6	BL       {pc}+0x3ab396 ; 0xc03e45e8	true	
Cycle Count				176	Tracing disabled		
Info					Tracing enabled		
Instruction	7084	S:0xC0039256	0x4641	0	MOV      r1,r8	false	
Instruction	7085	S:0xC0039258	0xF8CD9000	0	STR      r9,[sp,#0]	false	
Instruction	7086	S:0xC003925C	0x4632	0	MOV      r2,r6	false	
Instruction	7087	S:0xC003925E	0x2300	0	MOVS     r3,#0	false	
Instruction	7088	S:0xC0039260	0x4605	0	MOV      r5,r0	false	
Instruction	7089	S:0xC0039262	0x4620	0	MOV      r0,r4	false	
Instruction	7090	S:0xC0039264	0xF7FFFB9C	1	BL       {pc}-0x8c4 ; 0xc00389a0	true	
Instruction	7091	S:0xC00389A0	0xE92D4FF0	0	PUSH     {r4-r11,lr}	false	
Instruction	7092	S:0xC00389A4	0xB083	0	SUB      sp,sp,#0xc	false	
Instruction	7093	S:0xC00389A6	0xAF00	0	ADD      r7,sp,#0	false	
Instruction	7094	S:0xC00389A8	0xB500	0	PUSH     {lr}	false	
Instruction	7095	S:0xC00389AA	0xF85DEB04	0	POP      {lr}	false	
Instruction	7096	S:0xC00389AE	0x4680	0	MOV      r8,r0	false	
Instruction	7097	S:0xC00389B0	0x469A	0	MOV      r10,r3	false	
Instruction	7098	S:0xC00389B2	0x468B	0	MOV      r11,r1	false	
Instruction	7099	S:0xC00389B4	0x607A	0	STR      r2,[r7,#4]	false	
Instruction	7100	S:0xC00389B6	0xF8583F04	0	LDR      r3,[r8,#4]!	false	
Instruction	7101	S:0xC00389BA	0xF8D79030	0	LDR      r9,[r7,#0x30]	false	
Instruction	7102	S:0xC00389BE	0x4598	0	CMP      r8,r3	false	
Instruction	7103	S:0xC00389C0	0xF1A3040C	0	SUB      r4,r3,#0xc	false	
Instruction	7104	S:0xC00389C4	0x681D	0	LDR      r5,[r3,#0]	false	
Instruction	7105	S:0xC00389C6	0xF1A5050C	0	SUB      r5,r5,#0xc	false	
Instruction	7106	S:0xC00389CA	0xD016	11	BEQ      {pc}+0x30 ; 0xc00389fa	true	
Instruction	7107	S:0xC00389FA	0xF107070C	0	ADD      r7,r7,#0xc	false	
Instruction	7108	S:0xC00389FE	0x46BD	0	MOV      sp,r7	false	
Instruction	7109	S:0xC0038A00	0xE8BD8FF0	25	POP      {r4-r11,pc}	true	
Instruction	7110	S:0xC0039268	0x4620	0	MOV      r0,r4	false	
Instruction	7111	S:0xC003926A	0x4629	0	MOV      r1,r5	false	
Instruction	7112	S:0xC003926C	0xF1070704	0	ADD      r7,r7,#4	false	
Instruction	7113	S:0xC0039270	0x46BD	0	MOV      sp,r7	false	
Instruction	7114	S:0xC0039272	0xE8BD43F0	0	POP      {r4-r9,lr}	false	
Instruction	7115	S:0xC0039276	0xF3ABB9EF	9	B.W      {pc}+0x3ab3e2 ; 0xc03e4658	true	
Cycle Count				1376	Tracing disabled		
Info					Tracing enabled		
Instruction	7116	S:0xC00361D8	0xB500	0	PUSH     {lr}	false	
Instruction	7117	S:0xC00361DA	0xF85DEB04	0	POP      {lr}	false	
Instruction	7118	S:0xC00361DE	0x4603	0	MOV      r3,r0	false	
Instruction	7119	S:0xC00361E0	0x6800	0	LDR      r0,[r0,#0]	false	
Instruction	7120	S:0xC00361E2	0xF0000001	0	AND      r0,r0,#1	false	
Instruction	7121	S:0xC00361E6	0xEE1D1F90	0	MRC      p15,#0x0,r1,c13,c0,#4	false	
Instruction	7122	S:0xC00361EA	0x685A	0	LDR      r2,[r3,#4]	false	
Instruction	7123	S:0xC00361EC	0x188A	0	ADDS     r2,r1,r2	false	
Instruction	7124	S:0xC00361EE	0xF8521020	0	LDR      r1,[r2,r0,LSL #2]	false	
Instruction	7125	S:0xC00361F2	0x3101	0	ADDS     r1,#1	false	
Instruction	7126	S:0xC00361F4	0xF8421020	0	STR      r1,[r2,r0,LSL #2]	false	
Instruction	7127	S:0xC00361F8	0xF3BF8F5F	0	DMB      	false	
Instruction	7128	S:0xC00361FC	0xEE1D1F90	0	MRC      p15,#0x0,r1,c13,c0,#4	false	
Instruction	7129	S:0xC0036200	0x685B	0	LDR      r3,[r3,#4]	false	
Instruction	7130	S:0xC0036202	0x1C82	0	ADDS     r2,r0,#2	false	
Instruction	7131	S:0xC0036204	0x18CB	0	ADDS     r3,r1,r3	false	
Instruction	7132	S:0xC0036206	0xF8531022	0	LDR      r1,[r3,r2,LSL #2]	false	
Instruction	7133	S:0xC003620A	0x3101	0	ADDS     r1,#1	false	
Instruction	7134	S:0xC003620C	0xF8431022	0	STR      r1,[r3,r2,LSL #2]	false	
Instruction	7135	S:0xC0036210	0x4770	313	BX       lr	true	
Cycle Count				56	Tracing disabled		
Info					Tracing enabled		
Instruction	7136	S:0xC0036214	0xB418	0	PUSH     {r3,r4}	false	
Instruction	7137	S:0xC0036216	0xB500	0	PUSH     {lr}	false	
Instruction	7138	S:0xC0036218	0xF85DEB04	0	POP      {lr}	false	
Instruction	7139	S:0xC003621C	0xF3BF8F5F	0	DMB      	false	
Instruction	7140	S:0xC0036220	0xF3EF8400	0	MRS      r4,APSR ; formerly CPSR	false	
Instruction	7141	S:0xC0036224	0xB672	0	CPSID    i	false	
Instruction	7142	S:0xC0036226	0x6842	0	LDR      r2,[r0,#4]	false	
Instruction	7143	S:0xC0036228	0xEE1D3F90	0	MRC      p15,#0x0,r3,c13,c0,#4	false	
Instruction	7144	S:0xC003622C	0xEB020181	0	ADD      r1,r2,r1,LSL #2	false	
Instruction	7145	S:0xC0036230	0x585A	0	LDR      r2,[r3,r1]	false	
Instruction	7146	S:0xC0036232	0x3A01	0	SUBS     r2,#1	false	
Instruction	7147	S:0xC0036234	0x505A	0	STR      r2,[r3,r1]	false	
Instruction	7148	S:0xC0036236	0xF3848100	0	MSR      CPSR_c,r4	false	
Instruction	7149	S:0xC003623A	0xBC18	0	POP      {r3,r4}	false	
Instruction	7150	S:0xC003623C	0x4770	292	BX       lr	true	
Cycle Count				33	Tracing disabled		
Info					Tracing enabled		
Instruction	7151	S:0xC000CD40	0xB672	0	CPSID    i	false	
Instruction	7152	S:0xC000CD42	0xF8D91000	0	LDR      r1,[r9,#0]	false	
Instruction	7153	S:0xC000CD46	0xF0110F07	0	TST      r1,#7	false	
Instruction	7154	S:0xC000CD4A	0xF040801C	122	BNE.W    {pc}+0x3c ; 0xc000cd86	true	
Instruction	7155	S:0xC000CD86	0xF84D0F08	0	STR      r0,[sp,#8]!	false	
Instruction	7156	S:0xC000CD8A	0x4668	0	MOV      r0,sp	false	
Instruction	7157	S:0xC000CD8C	0x4642	0	MOV      r2,r8	false	
Instruction	7158	S:0xC000CD8E	0xF002FCBB	2	BL       {pc}+0x297a ; 0xc000f708	true	
Instruction	7159	S:0xC000F708	0xE92D41F0	0	PUSH     {r4-r8,lr}	false	
Instruction	7160	S:0xC000F70C	0xB500	0	PUSH     {lr}	false	
Instruction	7161	S:0xC000F70E	0xF85DEB04	0	POP      {lr}	false	
Instruction	7162	S:0xC000F712	0x466C	0	MOV      r4,sp	false	
Instruction	7163	S:0xC000F714	0xF42453FF	0	BIC      r3,r4,#0x1fe0	false	
Instruction	7164	S:0xC000F718	0x4680	0	MOV      r8,r0	false	
Instruction	7165	S:0xC000F71A	0xF023061F	0	BIC      r6,r3,#0x1f	false	
Instruction	7166	S:0xC000F71E	0x4617	0	MOV      r7,r2	false	
Instruction	7167	S:0xC000F720	0x4635	0	MOV      r5,r6	false	
Instruction	7168	S:0xC000F722	0xF0110F02	0	TST      r1,#2	false	
Instruction	7169	S:0xC000F726	0x462C	0	MOV      r4,r5	false	
Instruction	7170	S:0xC000F728	0xD008	22	BEQ      {pc}+0x14 ; 0xc000f73c	true	fail
Instruction	7171	S:0xC000F72A	0xF3D4FAF9	1	BL       {pc}+0x3d45f6 ; 0xc03e3d20	true	
Cycle Count				360	Tracing disabled		
Info					Tracing enabled		
Instruction	7172	S:0xC003B788	0xE92D43C8	0	PUSH     {r3,r6-r9,lr}	false	
Instruction	7173	S:0xC003B78C	0xAF00	0	ADD      r7,sp,#0	false	
Instruction	7174	S:0xC003B78E	0xB500	0	PUSH     {lr}	false	
Instruction	7175	S:0xC003B790	0xF85DEB04	0	POP      {lr}	false	
Instruction	7176	S:0xC003B794	0x6AC3	0	LDR      r3,[r0,#0x2c]	false	
Instruction	7177	S:0xC003B796	0x4606	0	MOV      r6,r0	false	
Instruction	7178	S:0xC003B798	0x2B00	0	CMP      r3,#0	false	
Instruction	7179	S:0xC003B79A	0xDD01	38	BLE      {pc}+6 ; 0xc003b7a0	true	fail
Instruction	7180	S:0xC003B79C	0xE8BD83C8	4	POP      {r3,r6-r9,pc}	true	
Cycle Count				8	Tracing disabled		
Info					Tracing enabled		
Instruction	7181	S:0xC0042274	0xE92D4FF0	0	PUSH     {r4-r11,lr}	false	
Instruction	7182	S:0xC0042278	0xB097	0	SUB      sp,sp,#0x5c	false	
Instruction	7183	S:0xC004227A	0xB500	0	PUSH     {lr}	false	
Instruction	7184	S:0xC004227C	0xF85DEB04	0	POP      {lr}	false	
Instruction	7185	S:0xC0042280	0xF1110A38	0	ADDS     r10,r1,#0x38	false	
Instruction	7186	S:0xC0042284	0xF00081A1	48	BEQ.W    {pc}+0x346 ; 0xc00425ca	true	fail
Instruction	7187	S:0xC0042288	0xF8DFB3FC	0	LDR      r11,[pc,#1020] ; [0xC0042688]	false	
Instruction	7188	S:0xC004228C	0xE008	118	B        {pc}+0x14 ; 0xc00422a0	true	
Instruction	7189	S:0xC00422A0	0xF8DA301C	0	LDR      r3,[r10,#0x1c]	false	
Instruction	7190	S:0xC00422A4	0xF8DA8124	0	LDR      r8,[r10,#0x124]	false	
Instruction	7191	S:0xC00422A8	0x2B00	0	CMP      r3,#0	false	
Instruction	7192	S:0xC00422AA	0xF0408191	1	BNE.W    {pc}+0x326 ; 0xc00425d0	true	
Instruction	7193	S:0xC00425D0	0x4640	0	MOV      r0,r8	false	
Instruction	7194	S:0xC00425D2	0xF7FDFD99	36	BL       {pc}-0x24ca ; 0xc0040108	true	
Instruction	7195	S:0xC0040108	0xE92D4FF0	0	PUSH     {r4-r11,lr}	false	
Instruction	7196	S:0xC004010C	0xB085	0	SUB      sp,sp,#0x14	false	
Instruction	7197	S:0xC004010E	0xB500	0	PUSH     {lr}	false	
Instruction	7198	S:0xC0040110	0xF85DEB04	0	POP      {lr}	false	
Instruction	7199	S:0xC0040114	0xF8D02084	0	LDR      r2,[r0,#0x84]	false	
Instruction	7200	S:0xC0040118	0xF8D0A030	0	LDR      r10,[r0,#0x30]	false	
Instruction	7201	S:0xC004011C	0x4683	0	MOV      r11,r0	false	
Instruction	7202	S:0xC004011E	0xF8D23480	0	LDR      r3,[r2,#0x480]	false	
Instruction	7203	S:0xC0040122	0xF8D2C484	0	LDR      r12,[r2,#0x484]	false	
Instruction	7204	S:0xC0040126	0xF1BA0F00	0	CMP      r10,#0	false	
Instruction	7205	S:0xC004012A	0xD041	36	BEQ      {pc}+0x86 ; 0xc00401b0	true	fail
Instruction	7206	S:0xC004012C	0xF8DA2020	0	LDR      r2,[r10,#0x20]	false	
Instruction	7207	S:0xC0040130	0x1A9A	0	SUBS     r2,r3,r2	false	
Instruction	7208	S:0xC0040132	0xD03D	1	BEQ      {pc}+0x7e ; 0xc00401b0	true	
Instruction	7209	S:0xC00401B0	0xB005	0	ADD      sp,sp,#0x14	false	
Instruction	7210	S:0xC00401B2	0xE8BD8FF0	1	POP      {r4-r11,pc}	true	
Instruction	7211	S:0xC00425D6	0xE66A	1	B        {pc}-0x328 ; 0xc00422ae	true	
Instruction	7212	S:0xC00422AE	0xE9D82306	0	LDRD     r2,r3,[r8,#0x18]	false	
Instruction	7213	S:0xC00422B2	0xE9DA010C	0	LDRD     r0,r1,[r10,#0x30]	false	
Instruction	7214	S:0xC00422B6	0xF8DB4000	0	LDR      r4,[r11,#0]	false	
Instruction	7215	S:0xC00422BA	0x1A80	0	SUBS     r0,r0,r2	false	
Instruction	7216	S:0xC00422BC	0xEB610103	0	SBC      r1,r1,r3	false	
Instruction	7217	S:0xC00422C0	0x2300	0	MOVS     r3,#0	false	
Instruction	7218	S:0xC00422C2	0x17CE	0	ASRS     r6,r1,#31	false	
Instruction	7219	S:0xC00422C4	0xEB040444	0	ADD      r4,r4,r4,LSL #1	false	
Instruction	7220	S:0xC00422C8	0x4637	0	MOV      r7,r6	false	
Instruction	7221	S:0xC00422CA	0x4070	0	EORS     r0,r0,r6	false	
Instruction	7222	S:0xC00422CC	0x4071	0	EORS     r1,r1,r6	false	
Instruction	7223	S:0xC00422CE	0x4622	0	MOV      r2,r4	false	
Instruction	7224	S:0xC00422D0	0x1B80	0	SUBS     r0,r0,r6	false	
Instruction	7225	S:0xC00422D2	0xEB610107	0	SBC      r1,r1,r7	false	
Instruction	7226	S:0xC00422D6	0x4282	0	CMP      r2,r0	false	
Instruction	7227	S:0xC00422D8	0xEB730401	0	SBCS     r4,r3,r1	false	
Instruction	7228	S:0xC00422DC	0xBFBE	0	ITTT     LT	false	
Instruction	7229	S:0xC00422DE	0xF8D83040	0	LDR      r3,[r8,#0x40]	false	
Instruction	7230	S:0xC00422E2	0x3301	0	ADDS     r3,#1	false	
Instruction	7231	S:0xC00422E4	0xF8C83040	0	STR      r3,[r8,#0x40]	false	
Instruction	7232	S:0xC00422E8	0xF8DA301C	0	LDR      r3,[r10,#0x1c]	false	
Instruction	7233	S:0xC00422EC	0x2B00	0	CMP      r3,#0	false	
Instruction	7234	S:0xC00422EE	0xD0CE	22	BEQ      {pc}-0x60 ; 0xc004228e	true	fail
Instruction	7235	S:0xC00422F0	0xF8D83084	0	LDR      r3,[r8,#0x84]	false	
Instruction	7236	S:0xC00422F4	0x4640	0	MOV      r0,r8	false	
Instruction	7237	S:0xC00422F6	0x4651	0	MOV      r1,r10	false	
Instruction	7238	S:0xC00422F8	0xF503638F	0	ADD      r3,r3,#0x478	false	
Instruction	7239	S:0xC00422FC	0xE9D32300	0	LDRD     r2,r3,[r3,#0]	false	
Instruction	7240	S:0xC0042300	0xE9CA2312	0	STRD     r2,r3,[r10,#0x48]	false	
Instruction	7241	S:0xC0042304	0xF7FEFEA0	45	BL       {pc}-0x12bc ; 0xc0041048	true	
Instruction	7242	S:0xC0041048	0xE92D03F0	0	PUSH     {r4-r9}	false	
Instruction	7243	S:0xC004104C	0xB500	0	PUSH     {lr}	false	
Instruction	7244	S:0xC004104E	0xF85DEB04	0	POP      {lr}	false	
Instruction	7245	S:0xC0041052	0x468C	0	MOV      r12,r1	false	
Instruction	7246	S:0xC0041054	0xF1000128	0	ADD      r1,r0,#0x28	false	
Instruction	7247	S:0xC0041058	0x2401	0	MOVS     r4,#1	false	
Instruction	7248	S:0xC004105A	0x460F	0	MOV      r7,r1	false	
Instruction	7249	S:0xC004105C	0x2300	0	MOVS     r3,#0	false	
Instruction	7250	S:0xC004105E	0xE010	11	B        {pc}+0x24 ; 0xc0041082	true	
Instruction	7251	S:0xC0041082	0x683E	0	LDR      r6,[r7,#0]	false	
Instruction	7252	S:0xC0041084	0x2E00	0	CMP      r6,#0	false	
Instruction	7253	S:0xC0041086	0xD1EB	1	BNE      {pc}-0x26 ; 0xc0041060	true	
Instruction	7254	S:0xC0041060	0xE9DC230C	0	LDRD     r2,r3,[r12,#0x30]	false	
Instruction	7255	S:0xC0041064	0x1D37	0	ADDS     r7,r6,#4	false	
Instruction	7256	S:0xC0041066	0xE9D6890A	0	LDRD     r8,r9,[r6,#0x28]	false	
Instruction	7257	S:0xC004106A	0xEBB20208	0	SUBS     r2,r2,r8	false	
Instruction	7258	S:0xC004106E	0xEB630309	0	SBC      r3,r3,r9	false	
Instruction	7259	S:0xC0041072	0x2A00	0	CMP      r2,#0	false	
Instruction	7260	S:0xC0041074	0xF1730500	0	SBCS     r5,r3,#0	false	
Instruction	7261	S:0xC0041078	0x4633	0	MOV      r3,r6	false	
Instruction	7262	S:0xC004107A	0xBFB4	0	ITE      LT	false	
Instruction	7263	S:0xC004107C	0xF1060708	0	ADD      r7,r6,#8	false	
Instruction	7264	S:0xC0041080	0x2400	0	MOVS     r4,#0	false	
Instruction	7265	S:0xC0041082	0x683E	0	LDR      r6,[r7,#0]	false	
Instruction	7266	S:0xC0041084	0x2E00	0	CMP      r6,#0	false	
Instruction	7267	S:0xC0041086	0xD1EB	34	BNE      {pc}-0x26 ; 0xc0041060	true	fail
Instruction	7268	S:0xC0041088	0xF10C0208	0	ADD      r2,r12,#8	false	
Instruction	7269	S:0xC004108C	0xB104	16	CBZ      r4,{pc}+4 ; 0xc0041090	true	
Instruction	7270	S:0xC0041090	0xF8CC3008	0	STR      r3,[r12,#8]	false	
Instruction	7271	S:0xC0041094	0x4610	0	MOV      r0,r2	false	
Instruction	7272	S:0xC0041096	0x2300	0	MOVS     r3,#0	false	
Instruction	7273	S:0xC0041098	0xF8CC300C	0	STR      r3,[r12,#0xc]	false	
Instruction	7274	S:0xC004109C	0xF8CC3010	0	STR      r3,[r12,#0x10]	false	
Instruction	7275	S:0xC00410A0	0x603A	0	STR      r2,[r7,#0]	false	
Instruction	7276	S:0xC00410A2	0xE8BD03F0	0	POP      {r4-r9}	false	
Instruction	7277	S:0xC00410A6	0xF215B865	26	B.W      {pc}+0x2150ce ; 0xc0256174	true	
Cycle Count				49	Tracing disabled		
Info					Tracing enabled		
Instruction	7278	S:0xC0042308	0xF8DA9124	0	LDR      r9,[r10,#0x124]	false	
Instruction	7279	S:0xC004230C	0xF8DA3128	0	LDR      r3,[r10,#0x128]	false	
Instruction	7280	S:0xC0042310	0xF8D92084	0	LDR      r2,[r9,#0x84]	false	
Instruction	7281	S:0xC0042314	0xF8D254C0	0	LDR      r5,[r2,#0x4c0]	false	
Instruction	7282	S:0xC0042318	0x9512	0	STR      r5,[sp,#0x48]	false	
Instruction	7283	S:0xC004231A	0x2B00	0	CMP      r3,#0	false	
Instruction	7284	S:0xC004231C	0xF0008171	7	BEQ.W    {pc}+0x2e6 ; 0xc0042602	true	
Instruction	7285	S:0xC0042602	0xF5026290	0	ADD      r2,r2,#0x480	false	
Instruction	7286	S:0xC0042606	0xE9D20100	0	LDRD     r0,r1,[r2,#0]	false	
Instruction	7287	S:0xC004260A	0xE9CD010E	0	STRD     r0,r1,[sp,#0x38]	false	
Instruction	7288	S:0xC004260E	0xE68F	32	B        {pc}-0x2de ; 0xc0042330	true	
Instruction	7289	S:0xC0042330	0xF64B7540	0	MOV      r5,#0xbf40	false	
Instruction	7290	S:0xC0042334	0xF8DA201C	0	LDR      r2,[r10,#0x1c]	false	
Instruction	7291	S:0xC0042338	0xF2CC0564	0	MOVT     r5,#0xc064	false	
Instruction	7292	S:0xC004233C	0x4651	0	MOV      r1,r10	false	
Instruction	7293	S:0xC004233E	0x686D	0	LDR      r5,[r5,#4]	false	
Instruction	7294	S:0xC0042340	0x9211	0	STR      r2,[sp,#0x44]	false	
Instruction	7295	S:0xC0042342	0x4628	0	MOV      r0,r5	false	
Instruction	7296	S:0xC0042344	0xE9F1234E	0	LDRD     r2,r3,[r1,#0x138]!	false	
Instruction	7297	S:0xC0042348	0x9501	0	STR      r5,[sp,#4]	false	
Instruction	7298	S:0xC004234A	0xE9DD450E	0	LDRD     r4,r5,[sp,#0x38]	false	
Instruction	7299	S:0xC004234E	0x17C0	0	ASRS     r0,r0,#31	false	
Instruction	7300	S:0xC0042350	0x9002	0	STR      r0,[sp,#8]	false	
Instruction	7301	S:0xC0042352	0x1AA4	0	SUBS     r4,r4,r2	false	
Instruction	7302	S:0xC0042354	0xEB650503	0	SBC      r5,r5,r3	false	
Instruction	7303	S:0xC0042358	0xE9CD4508	0	STRD     r4,r5,[sp,#0x20]	false	
Instruction	7304	S:0xC004235C	0xF8DDC024	0	LDR      r12,[sp,#0x24]	false	
Instruction	7305	S:0xC0042360	0xF04F32FF	0	MOV      r2,#0xffffffff	false	
Instruction	7306	S:0xC0042364	0x9801	0	LDR      r0,[sp,#4]	false	
Instruction	7307	S:0xC0042366	0x2300	0	MOVS     r3,#0	false	
Instruction	7308	S:0xC0042368	0x4014	0	ANDS     r4,r4,r2	false	
Instruction	7309	S:0xC004236A	0x401D	0	ANDS     r5,r5,r3	false	
Instruction	7310	S:0xC004236C	0xFBAC2300	0	UMULL    r2,r3,r12,r0	false	
Instruction	7311	S:0xC0042370	0x9802	0	LDR      r0,[sp,#8]	false	
Instruction	7312	S:0xC0042372	0xFB04F000	0	MUL      r0,r4,r0	false	
Instruction	7313	S:0xC0042376	0x4684	0	MOV      r12,r0	false	
Instruction	7314	S:0xC0042378	0x9801	0	LDR      r0,[sp,#4]	false	
Instruction	7315	S:0xC004237A	0xFB00C005	0	MLA      r0,r0,r5,r12	false	
Instruction	7316	S:0xC004237E	0xF8DDC008	0	LDR      r12,[sp,#8]	false	
Instruction	7317	S:0xC0042382	0x9010	0	STR      r0,[sp,#0x40]	false	
Instruction	7318	S:0xC0042384	0x9801	0	LDR      r0,[sp,#4]	false	
Instruction	7319	S:0xC0042386	0xFBA44500	0	UMULL    r4,r5,r4,r0	false	
Instruction	7320	S:0xC004238A	0x9809	0	LDR      r0,[sp,#0x24]	false	
Instruction	7321	S:0xC004238C	0xFB00330C	0	MLA      r3,r0,r12,r3	false	
Instruction	7322	S:0xC0042390	0xF8DDC040	0	LDR      r12,[sp,#0x40]	false	
Instruction	7323	S:0xC0042394	0xF8D90030	0	LDR      r0,[r9,#0x30]	false	
Instruction	7324	S:0xC0042398	0x4465	0	ADD      r5,r5,r12	false	
Instruction	7325	S:0xC004239A	0xEA4F4C14	0	LSR      r12,r4,#16	false	
Instruction	7326	S:0xC004239E	0xEA4C4C05	0	ORR      r12,r12,r5,LSL #16	false	
Instruction	7327	S:0xC00423A2	0xF8CDC030	0	STR      r12,[sp,#0x30]	false	
Instruction	7328	S:0xC00423A6	0x041C	0	LSLS     r4,r3,#16	false	
Instruction	7329	S:0xC00423A8	0xEA4F4C15	0	LSR      r12,r5,#16	false	
Instruction	7330	S:0xC00423AC	0xEA444512	0	ORR      r5,r4,r2,LSR #16	false	
Instruction	7331	S:0xC00423B0	0xF8CDC034	0	STR      r12,[sp,#0x34]	false	
Instruction	7332	S:0xC00423B4	0x950B	0	STR      r5,[sp,#0x2c]	false	
Instruction	7333	S:0xC00423B6	0xEA4F4C02	0	LSL      r12,r2,#16	false	
Instruction	7334	S:0xC00423BA	0xF8CDC028	0	STR      r12,[sp,#0x28]	false	
Instruction	7335	S:0xC00423BE	0xE9DD450C	0	LDRD     r4,r5,[sp,#0x30]	false	
Instruction	7336	S:0xC00423C2	0xE9DD230A	0	LDRD     r2,r3,[sp,#0x28]	false	
Instruction	7337	S:0xC00423C6	0x1912	0	ADDS     r2,r2,r4	false	
Instruction	7338	S:0xC00423C8	0xEB430305	0	ADC      r3,r3,r5	false	
Instruction	7339	S:0xC00423CC	0x2A00	0	CMP      r2,#0	false	
Instruction	7340	S:0xC00423CE	0xF1730500	0	SBCS     r5,r3,#0	false	
Instruction	7341	S:0xC00423D2	0xF2C08101	47	BLT.W    {pc}+0x206 ; 0xc00425d8	true	fail
Instruction	7342	S:0xC00423D6	0x0A94	0	LSRS     r4,r2,#10	false	
Instruction	7343	S:0xC00423D8	0xEA4F2C93	0	LSR      r12,r3,#10	false	
Instruction	7344	S:0xC00423DC	0xEA445583	0	ORR      r5,r4,r3,LSL #22	false	
Instruction	7345	S:0xC00423E0	0xF8CDC01C	0	STR      r12,[sp,#0x1c]	false	
Instruction	7346	S:0xC00423E4	0x9506	0	STR      r5,[sp,#0x18]	false	
Instruction	7347	S:0xC00423E6	0xE9DD2306	0	LDRD     r2,r3,[sp,#0x18]	false	
Instruction	7348	S:0xC00423EA	0x4313	0	ORRS     r3,r3,r2	false	
Instruction	7349	S:0xC00423EC	0xF43FAF4F	17	BEQ      {pc}-0x15e ; 0xc004228e	true	fail
Instruction	7350	S:0xC00423F0	0xF64B7440	0	MOV      r4,#0xbf40	false	
Instruction	7351	S:0xC00423F4	0xF2CC0464	0	MOVT     r4,#0xc064	false	
Instruction	7352	S:0xC00423F8	0x6823	0	LDR      r3,[r4,#0]	false	
Instruction	7353	S:0xC00423FA	0xE9DD450E	0	LDRD     r4,r5,[sp,#0x38]	false	
Instruction	7354	S:0xC00423FE	0xE9C14500	0	STRD     r4,r5,[r1,#0]	false	
Instruction	7355	S:0xC0042402	0x2B00	0	CMP      r3,#0	false	
Instruction	7356	S:0xC0042404	0xF00080ED	24	BEQ.W    {pc}+0x1de ; 0xc00425e2	true	fail
Instruction	7357	S:0xC0042408	0x9D12	0	LDR      r5,[sp,#0x48]	false	
Instruction	7358	S:0xC004240A	0xF64B7C40	0	MOV      r12,#0xbf40	false	
Instruction	7359	S:0xC004240E	0xF2CC0C64	0	MOVT     r12,#0xc064	false	
Instruction	7360	S:0xC0042412	0x2200	0	MOVS     r2,#0	false	
Instruction	7361	S:0xC0042414	0x9209	0	STR      r2,[sp,#0x24]	false	
Instruction	7362	S:0xC0042416	0xEB0C1305	0	ADD      r3,r12,r5,LSL #4	false	
Instruction	7363	S:0xC004241A	0xF8D3C098	0	LDR      r12,[r3,#0x98]	false	
Instruction	7364	S:0xC004241E	0xF8CDC020	0	STR      r12,[sp,#0x20]	false	
Instruction	7365	S:0xC0042422	0xF8DA1134	0	LDR      r1,[r10,#0x134]	false	
Instruction	7366	S:0xC0042426	0xEBBA0400	0	SUBS     r4,r10,r0	false	
Instruction	7367	S:0xC004242A	0x4260	0	RSBS     r0,r4,#0	false	
Instruction	7368	S:0xC004242C	0xE9DD2306	0	LDRD     r2,r3,[sp,#0x18]	false	
Instruction	7369	S:0xC0042430	0x4160	0	ADCS     r0,r0,r4	false	
Instruction	7370	S:0xC0042432	0x9000	0	STR      r0,[sp,#0]	false	
Instruction	7371	S:0xC0042434	0x0588	0	LSLS     r0,r1,#22	false	
Instruction	7372	S:0xC0042436	0xF24034FF	0	MOV      r4,#0x3ff	false	
Instruction	7373	S:0xC004243A	0x2500	0	MOVS     r5,#0	false	
Instruction	7374	S:0xC004243C	0x0D80	0	LSRS     r0,r0,#22	false	
Instruction	7375	S:0xC004243E	0x1812	0	ADDS     r2,r2,r0	false	
Instruction	7376	S:0xC0042440	0xF1430300	0	ADC      r3,r3,#0	false	
Instruction	7377	S:0xC0042444	0x429D	0	CMP      r5,r3	false	
Instruction	7378	S:0xC0042446	0xBF08	0	IT       EQ	false	
Instruction	7379	S:0xC0042448	0x4294	0	CMP      r4,r2	false	
Instruction	7380	S:0xC004244A	0xBF28	0	IT       CS	false	
Instruction	7381	S:0xC004244C	0xF04F0C00	0	MOV      r12,#0	false	
Instruction	7382	S:0xC0042450	0xD279	21	BCS      {pc}+0xf6 ; 0xc0042546	true	
Instruction	7383	S:0xC0042546	0x9D06	0	LDR      r5,[sp,#0x18]	false	
Instruction	7384	S:0xC0042548	0x9A09	0	LDR      r2,[sp,#0x24]	false	
Instruction	7385	S:0xC004254A	0x9B07	0	LDR      r3,[sp,#0x1c]	false	
Instruction	7386	S:0xC004254C	0x9C08	0	LDR      r4,[sp,#0x20]	false	
Instruction	7387	S:0xC004254E	0xFB05F002	0	MUL      r0,r5,r2	false	
Instruction	7388	S:0xC0042552	0xFB040003	0	MLA      r0,r4,r3,r0	false	
Instruction	7389	S:0xC0042556	0xFBA52304	0	UMULL    r2,r3,r5,r4	false	
Instruction	7390	S:0xC004255A	0x9D11	0	LDR      r5,[sp,#0x44]	false	
Instruction	7391	S:0xC004255C	0x18C3	0	ADDS     r3,r0,r3	false	
Instruction	7392	S:0xC004255E	0x0A90	0	LSRS     r0,r2,#10	false	
Instruction	7393	S:0xC0042560	0xEA405083	0	ORR      r0,r0,r3,LSL #22	false	
Instruction	7394	S:0xC0042564	0xB125	411	CBZ      r5,{pc}+0xc ; 0xc0042570	true	fail
Instruction	7395	S:0xC0042566	0xF8DA2130	0	LDR      r2,[r10,#0x130]	false	
Instruction	7396	S:0xC004256A	0x1812	0	ADDS     r2,r2,r0	false	
Instruction	7397	S:0xC004256C	0xF8CA2130	0	STR      r2,[r10,#0x130]	false	
Instruction	7398	S:0xC0042570	0x9A00	0	LDR      r2,[sp,#0]	false	
Instruction	7399	S:0xC0042572	0xB122	2	CBZ      r2,{pc}+0xc ; 0xc004257e	true	fail
Instruction	7400	S:0xC0042574	0xF8DA3160	0	LDR      r3,[r10,#0x160]	false	
Instruction	7401	S:0xC0042578	0x181B	0	ADDS     r3,r3,r0	false	
Instruction	7402	S:0xC004257A	0xF8CA3160	0	STR      r3,[r10,#0x160]	false	
Instruction	7403	S:0xC004257E	0x9B06	0	LDR      r3,[sp,#0x18]	false	
Instruction	7404	S:0xC0042580	0x18C9	0	ADDS     r1,r1,r3	false	
Instruction	7405	S:0xC0042582	0xF8CA1134	0	STR      r1,[r10,#0x134]	false	
Instruction	7406	S:0xC0042586	0xF1BC0F00	0	CMP      r12,#0	false	
Instruction	7407	S:0xC004258A	0xF43FAE80	34	BEQ      {pc}-0x2fc ; 0xc004228e	true	
Instruction	7408	S:0xC004228E	0x2500	0	MOVS     r5,#0	false	
Instruction	7409	S:0xC0042290	0xF8C85030	0	STR      r5,[r8,#0x30]	false	
Instruction	7410	S:0xC0042294	0xF8DAA120	0	LDR      r10,[r10,#0x120]	false	
Instruction	7411	S:0xC0042298	0xF1BA0F00	0	CMP      r10,#0	false	
Instruction	7412	S:0xC004229C	0xF0008195	9	BEQ.W    {pc}+0x32e ; 0xc00425ca	true	
Instruction	7413	S:0xC00425CA	0xB017	0	ADD      sp,sp,#0x5c	false	
Instruction	7414	S:0xC00425CC	0xE8BD8FF0	13	POP      {r4-r11,pc}	true	
Cycle Count				5	Tracing disabled		
Info					Tracing enabled		
Instruction	7415	S:0xC00421AC	0xB5F8	0	PUSH     {r3-r7,lr}	false	
Instruction	7416	S:0xC00421AE	0xB500	0	PUSH     {lr}	false	
Instruction	7417	S:0xC00421B0	0xF85DEB04	0	POP      {lr}	false	
Instruction	7418	S:0xC00421B4	0x4607	0	MOV      r7,r0	false	
Instruction	7419	S:0xC00421B6	0x6D05	0	LDR      r5,[r0,#0x50]	false	
Instruction	7420	S:0xC00421B8	0xF1000448	0	ADD      r4,r0,#0x48	false	
Instruction	7421	S:0xC00421BC	0x2D00	0	CMP      r5,#0	false	
Instruction	7422	S:0xC00421BE	0xD043	3	BEQ      {pc}+0x8a ; 0xc0042248	true	fail
Instruction	7423	S:0xC00421C0	0x6AE6	0	LDR      r6,[r4,#0x2c]	false	
Instruction	7424	S:0xC00421C2	0xB106	4	CBZ      r6,{pc}+4 ; 0xc00421c6	true	fail
Instruction	7425	S:0xC00421C4	0x3E08	0	SUBS     r6,r6,#8	false	
Instruction	7426	S:0xC00421C6	0x6BE5	0	LDR      r5,[r4,#0x3c]	false	
Instruction	7427	S:0xC00421C8	0x42B5	0	CMP      r5,r6	false	
Instruction	7428	S:0xC00421CA	0xBF18	0	IT       NE	false	
Instruction	7429	S:0xC00421CC	0x4635	0	MOV      r5,r6	false	
Instruction	7430	S:0xC00421CE	0xD03D	2	BEQ      {pc}+0x7e ; 0xc004224c	true	fail
Instruction	7431	S:0xC00421D0	0x6BA0	0	LDR      r0,[r4,#0x38]	false	
Instruction	7432	S:0xC00421D2	0xB128	1	CBZ      r0,{pc}+0xe ; 0xc00421e0	true	
Instruction	7433	S:0xC00421E0	0x6B60	0	LDR      r0,[r4,#0x34]	false	
Instruction	7434	S:0xC00421E2	0xB128	1	CBZ      r0,{pc}+0xe ; 0xc00421f0	true	fail
Instruction	7435	S:0xC00421E4	0x4631	0	MOV      r1,r6	false	
Instruction	7436	S:0xC00421E6	0xF7FFF937	11	BL       {pc}-0xd8e ; 0xc0041458	true	
Instruction	7437	S:0xC0041458	0xB538	0	PUSH     {r3-r5,lr}	false	
Instruction	7438	S:0xC004145A	0xB500	0	PUSH     {lr}	false	
Instruction	7439	S:0xC004145C	0xF85DEB04	0	POP      {lr}	false	
Instruction	7440	S:0xC0041460	0x460A	0	MOV      r2,r1	false	
Instruction	7441	S:0xC0041462	0xE9D0450C	0	LDRD     r4,r5,[r0,#0x30]	false	
Instruction	7442	S:0xC0041466	0xE9D1010C	0	LDRD     r0,r1,[r1,#0x30]	false	
Instruction	7443	S:0xC004146A	0x1A24	0	SUBS     r4,r4,r0	false	
Instruction	7444	S:0xC004146C	0xEB650501	0	SBC      r5,r5,r1	false	
Instruction	7445	S:0xC0041470	0x2C01	0	CMP      r4,#1	false	
Instruction	7446	S:0xC0041472	0xF1750100	0	SBCS     r1,r5,#0	false	
Instruction	7447	S:0xC0041476	0xDB0E	22	BLT      {pc}+0x20 ; 0xc0041496	true	
Instruction	7448	S:0xC0041496	0xF04F30FF	0	MOV      r0,#0xffffffff	false	
Instruction	7449	S:0xC004149A	0xBD38	23	POP      {r3-r5,pc}	true	
Instruction	7450	S:0xC00421EA	0x2800	0	CMP      r0,#0	false	
Instruction	7451	S:0xC00421EC	0xBFD8	0	IT       LE	false	
Instruction	7452	S:0xC00421EE	0x6B65	0	LDR      r5,[r4,#0x34]	false	
Instruction	7453	S:0xC00421F0	0x4620	0	MOV      r0,r4	false	
Instruction	7454	S:0xC00421F2	0x4629	0	MOV      r1,r5	false	
Instruction	7455	S:0xC00421F4	0xF7FFF89E	5	BL       {pc}-0xec0 ; 0xc0041334	true	
Instruction	7456	S:0xC0041334	0xB430	0	PUSH     {r4,r5}	false	
Instruction	7457	S:0xC0041336	0xB500	0	PUSH     {lr}	false	
Instruction	7458	S:0xC0041338	0xF85DEB04	0	POP      {lr}	false	
Instruction	7459	S:0xC004133C	0x6B83	0	LDR      r3,[r0,#0x38]	false	
Instruction	7460	S:0xC004133E	0x428B	0	CMP      r3,r1	false	
Instruction	7461	S:0xC0041340	0xD038	9	BEQ      {pc}+0x74 ; 0xc00413b4	true	fail
Instruction	7462	S:0xC0041342	0x6B43	0	LDR      r3,[r0,#0x34]	false	
Instruction	7463	S:0xC0041344	0x428B	0	CMP      r3,r1	false	
Instruction	7464	S:0xC0041346	0xD01D	1	BEQ      {pc}+0x3e ; 0xc0041384	true	
Instruction	7465	S:0xC0041384	0x2B00	0	CMP      r3,#0	false	
Instruction	7466	S:0xC0041386	0xD0E2	31	BEQ      {pc}-0x38 ; 0xc004134e	true	fail
Instruction	7467	S:0xC0041388	0xF8D34124	0	LDR      r4,[r3,#0x124]	false	
Instruction	7468	S:0xC004138C	0x6B62	0	LDR      r2,[r4,#0x34]	false	
Instruction	7469	S:0xC004138E	0x4293	0	CMP      r3,r2	false	
Instruction	7470	S:0xC0041390	0xBF08	0	IT       EQ	false	
Instruction	7471	S:0xC0041392	0x2500	0	MOVS     r5,#0	false	
Instruction	7472	S:0xC0041394	0xD005	27	BEQ      {pc}+0xe ; 0xc00413a2	true	
Instruction	7473	S:0xC00413A2	0x6365	0	STR      r5,[r4,#0x34]	false	
Instruction	7474	S:0xC00413A4	0xF8D32120	0	LDR      r2,[r3,#0x120]	false	
Instruction	7475	S:0xC00413A8	0x2A00	0	CMP      r2,#0	false	
Instruction	7476	S:0xC00413AA	0xD1F5	20	BNE      {pc}-0x12 ; 0xc0041398	true	fail
Instruction	7477	S:0xC00413AC	0x6BC3	0	LDR      r3,[r0,#0x3c]	false	
Instruction	7478	S:0xC00413AE	0x428B	0	CMP      r3,r1	false	
Instruction	7479	S:0xC00413B0	0xD1CD	20	BNE      {pc}-0x62 ; 0xc004134e	true	
Instruction	7480	S:0xC004134E	0xBC30	0	POP      {r4,r5}	false	
Instruction	7481	S:0xC0041350	0x4770	9	BX       lr	true	
Instruction	7482	S:0xC00421F8	0x4620	0	MOV      r0,r4	false	
Instruction	7483	S:0xC00421FA	0x4629	0	MOV      r1,r5	false	
Instruction	7484	S:0xC00421FC	0xF7FFFE3E	1	BL       {pc}-0x380 ; 0xc0041e7c	true	
Instruction	7485	S:0xC0041E7C	0xE92D4FF0	0	PUSH     {r4-r11,lr}	false	
Instruction	7486	S:0xC0041E80	0xB091	0	SUB      sp,sp,#0x44	false	
Instruction	7487	S:0xC0041E82	0xB500	0	PUSH     {lr}	false	
Instruction	7488	S:0xC0041E84	0xF85DEB04	0	POP      {lr}	false	
Instruction	7489	S:0xC0041E88	0x69CB	0	LDR      r3,[r1,#0x1c]	false	
Instruction	7490	S:0xC0041E8A	0x4688	0	MOV      r8,r1	false	
Instruction	7491	S:0xC0041E8C	0x4681	0	MOV      r9,r0	false	
Instruction	7492	S:0xC0041E8E	0x2B00	0	CMP      r3,#0	false	
Instruction	7493	S:0xC0041E90	0xD127	12	BNE      {pc}+0x52 ; 0xc0041ee2	true	
Instruction	7494	S:0xC0041EE2	0xF7FEF89B	2	BL       {pc}-0x1ec6 ; 0xc004001c	true	
Instruction	7495	S:0xC004001C	0xE92D4FF8	0	PUSH     {r3-r11,lr}	false	
Instruction	7496	S:0xC0040020	0xB500	0	PUSH     {lr}	false	
Instruction	7497	S:0xC0040022	0xF85DEB04	0	POP      {lr}	false	
Instruction	7498	S:0xC0040026	0xF04F0A01	0	MOV      r10,#1	false	
Instruction	7499	S:0xC004002A	0xF8D03084	0	LDR      r3,[r0,#0x84]	false	
Instruction	7500	S:0xC004002E	0xF04F0B00	0	MOV      r11,#0	false	
Instruction	7501	S:0xC0040032	0xE9D16712	0	LDRD     r6,r7,[r1,#0x48]	false	
Instruction	7502	S:0xC0040036	0x4688	0	MOV      r8,r1	false	
Instruction	7503	S:0xC0040038	0xF503638F	0	ADD      r3,r3,#0x478	false	
Instruction	7504	S:0xC004003C	0xE9D14514	0	LDRD     r4,r5,[r1,#0x50]	false	
Instruction	7505	S:0xC0040040	0xE9D32300	0	LDRD     r2,r3,[r3,#0]	false	
Instruction	7506	S:0xC0040044	0x1B92	0	SUBS     r2,r2,r6	false	
Instruction	7507	S:0xC0040046	0xEB630307	0	SBC      r3,r3,r7	false	
Instruction	7508	S:0xC004004A	0x42AB	0	CMP      r3,r5	false	
Instruction	7509	S:0xC004004C	0xBF08	0	IT       EQ	false	
Instruction	7510	S:0xC004004E	0x42A2	0	CMP      r2,r4	false	
Instruction	7511	S:0xC0040050	0xBF3C	0	ITT      CC	false	
Instruction	7512	S:0xC0040052	0x4622	0	MOV      r2,r4	false	
Instruction	7513	S:0xC0040054	0x462B	0	MOV      r3,r5	false	
Instruction	7514	S:0xC0040056	0xE9D14516	0	LDRD     r4,r5,[r1,#0x58]	false	
Instruction	7515	S:0xC004005A	0xE9C12314	0	STRD     r2,r3,[r1,#0x50]	false	
Instruction	7516	S:0xC004005E	0xEB14040A	0	ADDS     r4,r4,r10	false	
Instruction	7517	S:0xC0040062	0xEB45050B	0	ADC      r5,r5,r11	false	
Instruction	7518	S:0xC0040066	0xE9C14516	0	STRD     r4,r5,[r1,#0x58]	false	
Instruction	7519	S:0xC004006A	0xF8D03084	0	LDR      r3,[r0,#0x84]	false	
Instruction	7520	S:0xC004006E	0xE9D14518	0	LDRD     r4,r5,[r1,#0x60]	false	
Instruction	7521	S:0xC0040072	0xF503638F	0	ADD      r3,r3,#0x478	false	
Instruction	7522	S:0xC0040076	0xF8D11128	0	LDR      r1,[r1,#0x128]	false	
Instruction	7523	S:0xC004007A	0xE9D32300	0	LDRD     r2,r3,[r3,#0]	false	
Instruction	7524	S:0xC004007E	0x1912	0	ADDS     r2,r2,r4	false	
Instruction	7525	S:0xC0040080	0xEB430305	0	ADC      r3,r3,r5	false	
Instruction	7526	S:0xC0040084	0x1B92	0	SUBS     r2,r2,r6	false	
Instruction	7527	S:0xC0040086	0xEB630307	0	SBC      r3,r3,r7	false	
Instruction	7528	S:0xC004008A	0xE9C82318	0	STRD     r2,r3,[r8,#0x60]	false	
Instruction	7529	S:0xC004008E	0xB129	48	CBZ      r1,{pc}+0xe ; 0xc004009c	true	
Instruction	7530	S:0xC004009C	0x490E	0	LDR      r1,[pc,#56] ; [0xC00400D8] = 0xC0636058	false	
Instruction	7531	S:0xC004009E	0xF8D03084	0	LDR      r3,[r0,#0x84]	false	
Instruction	7532	S:0xC00400A2	0x6848	0	LDR      r0,[r1,#4]	false	
Instruction	7533	S:0xC00400A4	0xF503638F	0	ADD      r3,r3,#0x478	false	
Instruction	7534	S:0xC00400A8	0xE9D32300	0	LDRD     r2,r3,[r3,#0]	false	
Instruction	7535	S:0xC00400AC	0x2800	0	CMP      r0,#0	false	
Instruction	7536	S:0xC00400AE	0xD0EF	26	BEQ      {pc}-0x1e ; 0xc0040090	true	
Instruction	7537	S:0xC0040090	0x2200	0	MOVS     r2,#0	false	
Instruction	7538	S:0xC0040092	0x2300	0	MOVS     r3,#0	false	
Instruction	7539	S:0xC0040094	0xE9C82312	0	STRD     r2,r3,[r8,#0x48]	false	
Instruction	7540	S:0xC0040098	0xE8BD8FF8	4	POP      {r3-r11,pc}	true	
Instruction	7541	S:0xC0041EE6	0x4648	0	MOV      r0,r9	false	
Instruction	7542	S:0xC0041EE8	0x4641	0	MOV      r1,r8	false	
Instruction	7543	S:0xC0041EEA	0xF7FEFAC7	1	BL       {pc}-0x1a6e ; 0xc004047c	true	
Instruction	7544	S:0xC004047C	0xB538	0	PUSH     {r3-r5,lr}	false	
Instruction	7545	S:0xC004047E	0xB500	0	PUSH     {lr}	false	
Instruction	7546	S:0xC0040480	0xF85DEB04	0	POP      {lr}	false	
Instruction	7547	S:0xC0040484	0xF1010508	0	ADD      r5,r1,#8	false	
Instruction	7548	S:0xC0040488	0x6AC3	0	LDR      r3,[r0,#0x2c]	false	
Instruction	7549	S:0xC004048A	0x4604	0	MOV      r4,r0	false	
Instruction	7550	S:0xC004048C	0x42AB	0	CMP      r3,r5	false	
Instruction	7551	S:0xC004048E	0xD006	16	BEQ      {pc}+0x10 ; 0xc004049e	true	
Instruction	7552	S:0xC004049E	0x4628	0	MOV      r0,r5	false	
Instruction	7553	S:0xC00404A0	0xF216F87E	2	BL       {pc}+0x216100 ; 0xc02565a0	true	
Cycle Count				59	Tracing disabled		
Info					Tracing enabled		
Instruction	7554	S:0xC00404A4	0x62E0	0	STR      r0,[r4,#0x2c]	false	
Instruction	7555	S:0xC00404A6	0xE7F3	4	B        {pc}-0x16 ; 0xc0040490	true	
Instruction	7556	S:0xC0040490	0x4628	0	MOV      r0,r5	false	
Instruction	7557	S:0xC0040492	0xF1040128	0	ADD      r1,r4,#0x28	false	
Instruction	7558	S:0xC0040496	0xE8BD4038	0	POP      {r3-r5,lr}	false	
Instruction	7559	S:0xC004049A	0xF215BECF	10	B.W      {pc}+0x215da2 ; 0xc025623c	true	
Cycle Count				69	Tracing disabled		
Info					Tracing enabled		
Instruction	7560	S:0xC0041EEE	0xF8D8A124	0	LDR      r10,[r8,#0x124]	false	
Instruction	7561	S:0xC0041EF2	0xF8D83128	0	LDR      r3,[r8,#0x128]	false	
Instruction	7562	S:0xC0041EF6	0xF8DA2084	0	LDR      r2,[r10,#0x84]	false	
Instruction	7563	S:0xC0041EFA	0xF8D274C0	0	LDR      r7,[r2,#0x4c0]	false	
Instruction	7564	S:0xC0041EFE	0x9704	0	STR      r7,[sp,#0x10]	false	
Instruction	7565	S:0xC0041F00	0x2B00	0	CMP      r3,#0	false	
Instruction	7566	S:0xC0041F02	0xF0008108	11	BEQ.W    {pc}+0x214 ; 0xc0042116	true	
Instruction	7567	S:0xC0042116	0xF5026290	0	ADD      r2,r2,#0x480	false	
Instruction	7568	S:0xC004211A	0xE9D26700	0	LDRD     r6,r7,[r2,#0]	false	
Instruction	7569	S:0xC004211E	0xE6F8	2	B        {pc}-0x20c ; 0xc0041f12	true	
Instruction	7570	S:0xC0041F12	0x46C3	0	MOV      r11,r8	false	
Instruction	7571	S:0xC0041F14	0xF8D8201C	0	LDR      r2,[r8,#0x1c]	false	
Instruction	7572	S:0xC0041F18	0xF8DA3030	0	LDR      r3,[r10,#0x30]	false	
Instruction	7573	S:0xC0041F1C	0xE9FB014E	0	LDRD     r0,r1,[r11,#0x138]!	false	
Instruction	7574	S:0xC0041F20	0x9209	0	STR      r2,[sp,#0x24]	false	
Instruction	7575	S:0xC0041F22	0x1A30	0	SUBS     r0,r6,r0	false	
Instruction	7576	S:0xC0041F24	0xEB670101	0	SBC      r1,r7,r1	false	
Instruction	7577	S:0xC0041F28	0x9306	0	STR      r3,[sp,#0x18]	false	
Instruction	7578	S:0xC0041F2A	0xF7FDFD17	4	BL       {pc}-0x25ce ; 0xc003f95c	true	
Instruction	7579	S:0xC003F95C	0xE92D03F0	0	PUSH     {r4-r9}	false	
Instruction	7580	S:0xC003F960	0xB500	0	PUSH     {lr}	false	
Instruction	7581	S:0xC003F962	0xF85DEB04	0	POP      {lr}	false	
Instruction	7582	S:0xC003F966	0xF64B7640	0	MOV      r6,#0xbf40	false	
Instruction	7583	S:0xC003F96A	0xF2CC0664	0	MOVT     r6,#0xc064	false	
Instruction	7584	S:0xC003F96E	0x6876	0	LDR      r6,[r6,#4]	false	
Instruction	7585	S:0xC003F970	0xFBA18906	0	UMULL    r8,r9,r1,r6	false	
Instruction	7586	S:0xC003F974	0xEA4F7CE6	0	ASR      r12,r6,#31	false	
Instruction	7587	S:0xC003F978	0xFBA06706	0	UMULL    r6,r7,r0,r6	false	
Instruction	7588	S:0xC003F97C	0xFB01990C	0	MLA      r9,r1,r12,r9	false	
Instruction	7589	S:0xC003F980	0xEA4F4408	0	LSL      r4,r8,#16	false	
Instruction	7590	S:0xC003F984	0xFB00770C	0	MLA      r7,r0,r12,r7	false	
Instruction	7591	S:0xC003F988	0x0C32	0	LSRS     r2,r6,#16	false	
Instruction	7592	S:0xC003F98A	0xEA4F4509	0	LSL      r5,r9,#16	false	
Instruction	7593	S:0xC003F98E	0xEA454518	0	ORR      r5,r5,r8,LSR #16	false	
Instruction	7594	S:0xC003F992	0xEA424207	0	ORR      r2,r2,r7,LSL #16	false	
Instruction	7595	S:0xC003F996	0x0C3B	0	LSRS     r3,r7,#16	false	
Instruction	7596	S:0xC003F998	0x1912	0	ADDS     r2,r2,r4	false	
Instruction	7597	S:0xC003F99A	0xEB430305	0	ADC      r3,r3,r5	false	
Instruction	7598	S:0xC003F99E	0x4610	0	MOV      r0,r2	false	
Instruction	7599	S:0xC003F9A0	0x4619	0	MOV      r1,r3	false	
Instruction	7600	S:0xC003F9A2	0xE8BD03F0	0	POP      {r4-r9}	false	
Instruction	7601	S:0xC003F9A6	0x4770	26	BX       lr	true	
Instruction	7602	S:0xC0041F2E	0x2800	0	CMP      r0,#0	false	
Instruction	7603	S:0xC0041F30	0xF1710C00	0	SBCS     r12,r1,#0	false	
Instruction	7604	S:0xC0041F34	0xF2C080D9	1	BLT.W    {pc}+0x1b6 ; 0xc00420ea	true	fail
Instruction	7605	S:0xC0041F38	0x0A84	0	LSRS     r4,r0,#10	false	
Instruction	7606	S:0xC0041F3A	0x0A8D	0	LSRS     r5,r1,#10	false	
Instruction	7607	S:0xC0041F3C	0xEA445481	0	ORR      r4,r4,r1,LSL #22	false	
Instruction	7608	S:0xC0041F40	0xEA540005	0	ORRS     r0,r4,r5	false	
Instruction	7609	S:0xC0041F44	0xD0A5	5	BEQ      {pc}-0xb2 ; 0xc0041e92	true	
Instruction	7610	S:0xC0041E92	0xF8D93084	0	LDR      r3,[r9,#0x84]	false	
Instruction	7611	S:0xC0041E96	0xF5036390	0	ADD      r3,r3,#0x480	false	
Instruction	7612	S:0xC0041E9A	0xE9D32300	0	LDRD     r2,r3,[r3,#0]	false	
Instruction	7613	S:0xC0041E9E	0xE9C82308	0	STRD     r2,r3,[r8,#0x20]	false	
Instruction	7614	S:0xC0041EA2	0xF8D92084	0	LDR      r2,[r9,#0x84]	false	
Instruction	7615	S:0xC0041EA6	0xF8C98030	0	STR      r8,[r9,#0x30]	false	
Instruction	7616	S:0xC0041EAA	0xF8D83000	0	LDR      r3,[r8,#0]	false	
Instruction	7617	S:0xC0041EAE	0x6B12	0	LDR      r2,[r2,#0x30]	false	
Instruction	7618	S:0xC0041EB0	0xEBB20F43	0	CMP      r2,r3,LSL #1	false	
Instruction	7619	S:0xC0041EB4	0xE9D8230A	0	LDRD     r2,r3,[r8,#0x28]	false	
Instruction	7620	S:0xC0041EB8	0xD30E	8	BCC      {pc}+0x20 ; 0xc0041ed8	true	fail
Instruction	7621	S:0xC0041EBA	0xE9D8010E	0	LDRD     r0,r1,[r8,#0x38]	false	
Instruction	7622	S:0xC0041EBE	0xE9D8452A	0	LDRD     r4,r5,[r8,#0xa8]	false	
Instruction	7623	S:0xC0041EC2	0x1A10	0	SUBS     r0,r2,r0	false	
Instruction	7624	S:0xC0041EC4	0xEB630101	0	SBC      r1,r3,r1	false	
Instruction	7625	S:0xC0041EC8	0x42A9	0	CMP      r1,r5	false	
Instruction	7626	S:0xC0041ECA	0xBF08	0	IT       EQ	false	
Instruction	7627	S:0xC0041ECC	0x42A0	0	CMP      r0,r4	false	
Instruction	7628	S:0xC0041ECE	0xBF3C	0	ITT      CC	false	
Instruction	7629	S:0xC0041ED0	0x4620	0	MOV      r0,r4	false	
Instruction	7630	S:0xC0041ED2	0x4629	0	MOV      r1,r5	false	
Instruction	7631	S:0xC0041ED4	0xE9C8012A	0	STRD     r0,r1,[r8,#0xa8]	false	
Instruction	7632	S:0xC0041ED8	0xE9C8230E	0	STRD     r2,r3,[r8,#0x38]	false	
Instruction	7633	S:0xC0041EDC	0xB011	0	ADD      sp,sp,#0x44	false	
Instruction	7634	S:0xC0041EDE	0xE8BD8FF0	33	POP      {r4-r11,pc}	true	
Instruction	7635	S:0xC0042200	0xF8D54128	0	LDR      r4,[r5,#0x128]	false	
Instruction	7636	S:0xC0042204	0x2C00	0	CMP      r4,#0	false	
Instruction	7637	S:0xC0042206	0xD1DB	1	BNE      {pc}-0x46 ; 0xc00421c0	true	fail
Instruction	7638	S:0xC0042208	0x4B18	0	LDR      r3,[pc,#96] ; [0xC004226C] = 0xC05FC568	false	
Instruction	7639	S:0xC004220A	0x3D38	0	SUBS     r5,r5,#0x38	false	
Instruction	7640	S:0xC004220C	0x681B	0	LDR      r3,[r3,#0]	false	
Instruction	7641	S:0xC004220E	0x061A	0	LSLS     r2,r3,#24	false	
Instruction	7642	S:0xC0042210	0xD51A	16	BPL      {pc}+0x38 ; 0xc0042248	true	
Instruction	7643	S:0xC0042248	0x4628	0	MOV      r0,r5	false	
Instruction	7644	S:0xC004224A	0xBDF8	4	POP      {r3-r7,pc}	true	
Cycle Count				288	Tracing disabled		
Info					Tracing enabled		
Instruction	7645	S:0xC000CCF8	0xF1010C1C	0	ADD      r12,r1,#0x1c	false	
Instruction	7646	S:0xC000CCFC	0x6E13	0	LDR      r3,[r2,#0x60]	false	
Instruction	7647	S:0xC000CCFE	0xE8AC0FF0	0	STM      r12!,{r4-r11}	false	
Instruction	7648	S:0xC000CD02	0xF84CDB04	0	STR      sp,[r12],#4	false	
Instruction	7649	S:0xC000CD06	0xF84CEB04	0	STR      lr,[r12],#4	false	
Instruction	7650	S:0xC000CD0A	0xEE0D3F70	0	MCR      p15,#0x0,r3,c13,c0,#3	false	
Instruction	7651	S:0xC000CD0E	0xF04F0400	0	MOV      r4,#0	false	
Instruction	7652	S:0xC000CD12	0xEE0D4F50	0	MCR      p15,#0x0,r4,c13,c0,#2	false	
Instruction	7653	S:0xC000CD16	0x4605	0	MOV      r5,r0	false	
Instruction	7654	S:0xC000CD18	0xF102041C	0	ADD      r4,r2,#0x1c	false	
Instruction	7655	S:0xC000CD1C	0x4806	0	LDR      r0,[pc,#24] ; [0xC000CD38] = 0xC0637C50	false	
Instruction	7656	S:0xC000CD1E	0xF04F0102	0	MOV      r1,#2	false	
Instruction	7657	S:0xC000CD22	0xF029FDF7	208	BL       {pc}+0x29bf2 ; 0xc0036914	true	
Instruction	7658	S:0xC0036914	0xB510	0	PUSH     {r4,lr}	false	
Instruction	7659	S:0xC0036916	0xB082	0	SUB      sp,sp,#8	false	
Instruction	7660	S:0xC0036918	0xB500	0	PUSH     {lr}	false	
Instruction	7661	S:0xC003691A	0xF85DEB04	0	POP      {lr}	false	
Instruction	7662	S:0xC003691E	0x2400	0	MOVS     r4,#0	false	
Instruction	7663	S:0xC0036920	0xF04F33FF	0	MOV      r3,#0xffffffff	false	
Instruction	7664	S:0xC0036924	0x9400	0	STR      r4,[sp,#0]	false	
Instruction	7665	S:0xC0036926	0xF7FFFFE9	2	BL       {pc}-0x2a ; 0xc00368fc	true	
Instruction	7666	S:0xC00368FC	0xB510	0	PUSH     {r4,lr}	false	
Instruction	7667	S:0xC00368FE	0xB082	0	SUB      sp,sp,#8	false	
Instruction	7668	S:0xC0036900	0xB500	0	PUSH     {lr}	false	
Instruction	7669	S:0xC0036902	0xF85DEB04	0	POP      {lr}	false	
Instruction	7670	S:0xC0036906	0x9C04	0	LDR      r4,[sp,#0x10]	false	
Instruction	7671	S:0xC0036908	0x9400	0	STR      r4,[sp,#0]	false	
Instruction	7672	S:0xC003690A	0x3004	0	ADDS     r0,#4	false	
Instruction	7673	S:0xC003690C	0xF7FFFFCC	2	BL       {pc}-0x64 ; 0xc00368a8	true	
Instruction	7674	S:0xC00368A8	0xE92D41F0	0	PUSH     {r4-r8,lr}	false	
Instruction	7675	S:0xC00368AC	0xB500	0	PUSH     {lr}	false	
Instruction	7676	S:0xC00368AE	0xF85DEB04	0	POP      {lr}	false	
Instruction	7677	S:0xC00368B2	0x461D	0	MOV      r5,r3	false	
Instruction	7678	S:0xC00368B4	0x6804	0	LDR      r4,[r0,#0]	false	
Instruction	7679	S:0xC00368B6	0x460F	0	MOV      r7,r1	false	
Instruction	7680	S:0xC00368B8	0x4690	0	MOV      r8,r2	false	
Instruction	7681	S:0xC00368BA	0x9E06	0	LDR      r6,[sp,#0x18]	false	
Instruction	7682	S:0xC00368BC	0x2B00	0	CMP      r3,#0	false	
Instruction	7683	S:0xC00368BE	0xBF18	0	IT       NE	false	
Instruction	7684	S:0xC00368C0	0x2C00	0	CMP      r4,#0	false	
Instruction	7685	S:0xC00368C2	0xBF0C	0	ITE      EQ	false	
Instruction	7686	S:0xC00368C4	0x2000	0	MOVS     r0,#0	false	
Instruction	7687	S:0xC00368C6	0x2001	0	MOVS     r0,#1	false	
Instruction	7688	S:0xC00368C8	0xD10A	29	BNE      {pc}+0x18 ; 0xc00368e0	true	
Instruction	7689	S:0xC00368E0	0x6823	0	LDR      r3,[r4,#0]	false	
Instruction	7690	S:0xC00368E2	0x4620	0	MOV      r0,r4	false	
Instruction	7691	S:0xC00368E4	0x4639	0	MOV      r1,r7	false	
Instruction	7692	S:0xC00368E6	0x4642	0	MOV      r2,r8	false	
Instruction	7693	S:0xC00368E8	0x6864	0	LDR      r4,[r4,#4]	false	
Instruction	7694	S:0xC00368EA	0x4798	18	BLX      r3	true	
Instruction	7695	S:0xC0008C20	0xB538	0	PUSH     {r3-r5,lr}	false	
Instruction	7696	S:0xC0008C22	0xB500	0	PUSH     {lr}	false	
Instruction	7697	S:0xC0008C24	0xF85DEB04	0	POP      {lr}	false	
Instruction	7698	S:0xC0008C28	0x4614	0	MOV      r4,r2	false	
Instruction	7699	S:0xC0008C2A	0x2903	0	CMP      r1,#3	false	
Instruction	7700	S:0xC0008C2C	0xD816	50	BHI      {pc}+0x30 ; 0xc0008c5c	true	fail
Instruction	7701	S:0xC0008C2E	0xE8DFF001	8	TBB      [pc,r1]	true	
Instruction	7702	S:0xC0008C60	0xEEF84A10	0	VMRS     r4,FPEXC	false	
Instruction	7703	S:0xC0008C64	0x0060	0	LSLS     r0,r4,#1	false	
Instruction	7704	S:0xC0008C66	0x6953	0	LDR      r3,[r2,#0x14]	false	
Instruction	7705	S:0xC0008C68	0xD507	21	BPL      {pc}+0x12 ; 0xc0008c7a	true	
Instruction	7706	S:0xC0008C7A	0xF0244480	0	BIC      r4,r4,#0x40000000	false	
Instruction	7707	S:0xC0008C7E	0xEEE84A10	0	VMSR     FPEXC,r4	false	
Instruction	7708	S:0xC0008C82	0x2000	0	MOVS     r0,#0	false	
Instruction	7709	S:0xC0008C84	0xBD38	54	POP      {r3-r5,pc}	true	
Instruction	7710	S:0xC00368EC	0xB116	1	CBZ      r6,{pc}+8 ; 0xc00368f4	true	
Instruction	7711	S:0xC00368F4	0x0403	0	LSLS     r3,r0,#16	false	
Instruction	7712	S:0xC00368F6	0xD5E9	1	BPL      {pc}-0x2a ; 0xc00368cc	true	
Instruction	7713	S:0xC00368CC	0x3D01	0	SUBS     r5,#1	false	
Instruction	7714	S:0xC00368CE	0xBF0C	0	ITE      EQ	false	
Instruction	7715	S:0xC00368D0	0x2300	0	MOVS     r3,#0	false	
Instruction	7716	S:0xC00368D2	0x2301	0	MOVS     r3,#1	false	
Instruction	7717	S:0xC00368D4	0x2C00	0	CMP      r4,#0	false	
Instruction	7718	S:0xC00368D6	0xBF0C	0	ITE      EQ	false	
Instruction	7719	S:0xC00368D8	0x2300	0	MOVS     r3,#0	false	
Instruction	7720	S:0xC00368DA	0xF0030301	0	AND      r3,r3,#1	false	
Instruction	7721	S:0xC00368DE	0xB15B	3	CBZ      r3,{pc}+0x1a ; 0xc00368f8	true	
Instruction	7722	S:0xC00368F8	0xE8BD81F0	8	POP      {r4-r8,pc}	true	
Instruction	7723	S:0xC0036910	0xB002	0	ADD      sp,sp,#8	false	
Instruction	7724	S:0xC0036912	0xBD10	2	POP      {r4,pc}	true	
Instruction	7725	S:0xC003692A	0xB002	0	ADD      sp,sp,#8	false	
Instruction	7726	S:0xC003692C	0xBD10	3	POP      {r4,pc}	true	
Instruction	7727	S:0xC000CD26	0x46A4	0	MOV      r12,r4	false	
Instruction	7728	S:0xC000CD28	0x4628	0	MOV      r0,r5	false	
Instruction	7729	S:0xC000CD2A	0xE8BC0FF0	0	LDM      r12!,{r4-r11}	false	
Instruction	7730	S:0xC000CD2E	0xF85CDB04	0	LDR      sp,[r12],#4	false	
Instruction	7731	S:0xC000CD32	0xF8DCF000	15	LDR      pc,[r12,#0]	true	
Instruction	7732	S:0xC03E398E	0x?	225	Cannot access target memory	false	
Instruction	7733	S:?	0x?	279	Unknown instruction address	false	fail
Instruction	7734	S:?	0x?	446	Unknown instruction address	false	
Instruction	7735	S:?	0x?	5	Unknown instruction address	false	fail
Instruction	7736	S:?	0x?	12	Unknown instruction address	false	
Cycle Count				158	Tracing disabled		
Info					Tracing enabled		
Instruction	7737	S:0xC002ECA6	0xE75C	125	B        {pc}-0x144 ; 0xc002eb62	true	
Instruction	7738	S:0xC002EB62	0x4658	0	MOV      r0,r11	false	
Instruction	7739	S:0xC002EB64	0xF3B5FD5E	112	BL       {pc}+0x3b5ac0 ; 0xc03e4624	true	
Cycle Count				97	Tracing disabled		
Info					Tracing enabled		
Instruction	7740	S:0xC002EB68	0x6AE2	0	LDR      r2,[r4,#0x2c]	false	
Instruction	7741	S:0xC002EB6A	0x0790	0	LSLS     r0,r2,#30	false	
Instruction	7742	S:0xC002EB6C	0xF10080C1	98	BMI.W    {pc}+0x186 ; 0xc002ecf2	true	fail
Instruction	7743	S:0xC002EB70	0x0751	0	LSLS     r1,r2,#29	false	
Instruction	7744	S:0xC002EB72	0x6A66	0	LDR      r6,[r4,#0x24]	false	
Instruction	7745	S:0xC002EB74	0xF14080B5	3	BPL.W    {pc}+0x16e ; 0xc002ece2	true	fail
Instruction	7746	S:0xC002EB78	0x6A20	0	LDR      r0,[r4,#0x20]	false	
Instruction	7747	S:0xC002EB7A	0x4647	0	MOV      r7,r8	false	
Instruction	7748	S:0xC002EB7C	0xF8D8100C	0	LDR      r1,[r8,#0xc]	false	
Instruction	7749	S:0xC002EB80	0x4288	0	CMP      r0,r1	false	
Instruction	7750	S:0xC002EB82	0xF040809F	2	BNE.W    {pc}+0x142 ; 0xc002ecc4	true	fail
Instruction	7751	S:0xC002EB86	0xF0220204	0	BIC      r2,r2,#4	false	
Instruction	7752	S:0xC002EB8A	0x62E2	0	STR      r2,[r4,#0x2c]	false	
Instruction	7753	S:0xC002EB8C	0x6A32	0	LDR      r2,[r6,#0x20]	false	
Instruction	7754	S:0xC002EB8E	0xF10B0514	0	ADD      r5,r11,#0x14	false	
Instruction	7755	S:0xC002EB92	0x3A01	0	SUBS     r2,#1	false	
Instruction	7756	S:0xC002EB94	0x6232	0	STR      r2,[r6,#0x20]	false	
Instruction	7757	S:0xC002EB96	0xE8940006	0	LDM      r4,{r1,r2}	false	
Instruction	7758	S:0xC002EB9A	0x604A	0	STR      r2,[r1,#4]	false	
Instruction	7759	S:0xC002EB9C	0x6011	0	STR      r1,[r2,#0]	false	
Instruction	7760	S:0xC002EB9E	0x6024	0	STR      r4,[r4,#0]	false	
Instruction	7761	S:0xC002EBA0	0x6064	0	STR      r4,[r4,#4]	false	
Instruction	7762	S:0xC002EBA2	0xF1040618	0	ADD      r6,r4,#0x18	false	
Instruction	7763	S:0xC002EBA6	0xF04F0901	0	MOV      r9,#1	false	
Instruction	7764	S:0xC002EBAA	0xF8DB2014	0	LDR      r2,[r11,#0x14]	false	
Instruction	7765	S:0xC002EBAE	0x4295	0	CMP      r5,r2	false	
Instruction	7766	S:0xC002EBB0	0xD07A	17	BEQ      {pc}+0xf8 ; 0xc002eca8	true	fail
Instruction	7767	S:0xC002EBB2	0xF8DB2200	0	LDR      r2,[r11,#0x200]	false	
Instruction	7768	S:0xC002EBB6	0x2A00	0	CMP      r2,#0	false	
Instruction	7769	S:0xC002EBB8	0xD156	2	BNE      {pc}+0xb0 ; 0xc002ec68	true	fail
Instruction	7770	S:0xC002EBBA	0xF8DB2020	0	LDR      r2,[r11,#0x20]	false	
Instruction	7771	S:0xC002EBBE	0x2A00	0	CMP      r2,#0	false	
Instruction	7772	S:0xC002EBC0	0xF00080CF	1	BEQ.W    {pc}+0x1a2 ; 0xc002ed62	true	fail
Instruction	7773	S:0xC002EBC4	0x69A2	0	LDR      r2,[r4,#0x18]	false	
Instruction	7774	S:0xC002EBC6	0x4296	0	CMP      r6,r2	false	
Instruction	7775	S:0xC002EBC8	0xF04080D5	1	BNE.W    {pc}+0x1ae ; 0xc002ed76	true	fail
Instruction	7776	S:0xC002EBCC	0x6A20	0	LDR      r0,[r4,#0x20]	false	
Instruction	7777	S:0xC002EBCE	0x68F9	0	LDR      r1,[r7,#0xc]	false	
Instruction	7778	S:0xC002EBD0	0x6A63	0	LDR      r3,[r4,#0x24]	false	
Instruction	7779	S:0xC002EBD2	0x4288	0	CMP      r0,r1	false	
Instruction	7780	S:0xC002EBD4	0x6AE2	0	LDR      r2,[r4,#0x2c]	false	
Instruction	7781	S:0xC002EBD6	0xF04080B2	3	BNE.W    {pc}+0x168 ; 0xc002ed3e	true	fail
Instruction	7782	S:0xC002EBDA	0x4611	0	MOV      r1,r2	false	
Instruction	7783	S:0xC002EBDC	0xF4127FE4	0	TST      r2,#0x1c8	false	
Instruction	7784	S:0xC002EBE0	0xF4217084	0	BIC      r0,r1,#0x108	false	
Instruction	7785	S:0xC002EBE4	0x62E0	0	STR      r0,[r4,#0x2c]	false	
Instruction	7786	S:0xC002EBE6	0xD00D	1	BEQ      {pc}+0x1e ; 0xc002ec04	true	fail
Instruction	7787	S:0xC002EBE8	0xF0110FC0	0	TST      r1,#0xc0	false	
Instruction	7788	S:0xC002EBEC	0xD10A	2	BNE      {pc}+0x18 ; 0xc002ec04	true	fail
Instruction	7789	S:0xC002EBEE	0xF5037200	0	ADD      r2,r3,#0x200	false	
Instruction	7790	S:0xC002EBF2	0xE8521F00	0	LDREX    r1,[r2]	false	
Instruction	7791	S:0xC002EBF6	0xF1010101	0	ADD      r1,r1,#1	false	
Instruction	7792	S:0xC002EBFA	0xE8421000	0	STREX    r0,r1,[r2]	false	
Instruction	7793	S:0xC002EBFE	0xF0900F00	0	TEQ      r0,#0	false	
Instruction	7794	S:0xC002EC02	0xD1F6	40	BNE      {pc}-0x10 ; 0xc002ebf2	true	fail
Instruction	7795	S:0xC002EC04	0xF8DB1014	0	LDR      r1,[r11,#0x14]	false	
Instruction	7796	S:0xC002EC08	0xF8513C04	0	LDR      r3,[r1,#-4]	false	
Instruction	7797	S:0xC002EC0C	0x1F0A	0	SUBS     r2,r1,#4	false	
Instruction	7798	S:0xC002EC0E	0x4620	0	MOV      r0,r4	false	
Instruction	7799	S:0xC002EC10	0x4611	0	MOV      r1,r2	false	
Instruction	7800	S:0xC002EC12	0x071B	0	LSLS     r3,r3,#28	false	
Instruction	7801	S:0xC002EC14	0xD44D	32	BMI      {pc}+0x9e ; 0xc002ecb2	true	fail
Instruction	7802	S:0xC002EC16	0xF7FFFD17	3	BL       {pc}-0x5ce ; 0xc002e648	true	
Instruction	7803	S:0xC002E648	0xE92D4FF0	0	PUSH     {r4-r11,lr}	false	
Instruction	7804	S:0xC002E64C	0xB085	0	SUB      sp,sp,#0x14	false	
Instruction	7805	S:0xC002E64E	0xB500	0	PUSH     {lr}	false	
Instruction	7806	S:0xC002E650	0xF85DEB04	0	POP      {lr}	false	
Instruction	7807	S:0xC002E654	0x680B	0	LDR      r3,[r1,#0]	false	
Instruction	7808	S:0xC002E656	0x460D	0	MOV      r5,r1	false	
Instruction	7809	S:0xC002E658	0x4604	0	MOV      r4,r0	false	
Instruction	7810	S:0xC002E65A	0xF0130904	0	ANDS     r9,r3,#4	false	
Instruction	7811	S:0xC002E65E	0x6A46	0	LDR      r6,[r0,#0x24]	false	
Instruction	7812	S:0xC002E660	0xBF18	0	IT       NE	false	
Instruction	7813	S:0xC002E662	0xF02309FF	0	BIC      r9,r3,#0xff	false	
Instruction	7814	S:0xC002E666	0x6AC3	0	LDR      r3,[r0,#0x2c]	false	
Instruction	7815	S:0xC002E668	0xF8D92004	0	LDR      r2,[r9,#4]	false	
Instruction	7816	S:0xC002E66C	0xF8D22080	0	LDR      r2,[r2,#0x80]	false	
Instruction	7817	S:0xC002E670	0xF3C21A40	0	UBFX     r10,r2,#5,#1	false	
Instruction	7818	S:0xC002E674	0x061A	0	LSLS     r2,r3,#24	false	
Instruction	7819	S:0xC002E676	0xD402	153	BMI      {pc}+8 ; 0xc002e67e	true	fail
Instruction	7820	S:0xC002E678	0x6933	0	LDR      r3,[r6,#0x10]	false	
Instruction	7821	S:0xC002E67A	0x075B	0	LSLS     r3,r3,#29	false	
Instruction	7822	S:0xC002E67C	0xD57A	1	BPL      {pc}+0xf8 ; 0xc002e774	true	
Instruction	7823	S:0xC002E774	0x466A	0	MOV      r2,sp	false	
Instruction	7824	S:0xC002E776	0x6873	0	LDR      r3,[r6,#4]	false	
Instruction	7825	S:0xC002E778	0xF42258FF	0	BIC      r8,r2,#0x1fe0	false	
Instruction	7826	S:0xC002E77C	0xF028081F	0	BIC      r8,r8,#0x1f	false	
Instruction	7827	S:0xC002E780	0xF8D82014	0	LDR      r2,[r8,#0x14]	false	
Instruction	7828	S:0xC002E784	0x429A	0	CMP      r2,r3	false	
Instruction	7829	S:0xC002E786	0xF43FAF7A	246	BEQ      {pc}-0x108 ; 0xc002e67e	true	
Instruction	7830	S:0xC002E67E	0x4629	0	MOV      r1,r5	false	
Instruction	7831	S:0xC002E680	0x4630	0	MOV      r0,r6	false	
Instruction	7832	S:0xC002E682	0xF7FDFF33	2	BL       {pc}-0x2196 ; 0xc002c4ec	true	
Instruction	7833	S:0xC002C4EC	0xB500	0	PUSH     {lr}	false	
Instruction	7834	S:0xC002C4EE	0xF85DEB04	0	POP      {lr}	false	
Instruction	7835	S:0xC002C4F2	0x2301	0	MOVS     r3,#1	false	
Instruction	7836	S:0xC002C4F4	0xF6C96337	0	MOVT     r3,#0x9e37	false	
Instruction	7837	S:0xC002C4F8	0xFB03F301	0	MUL      r3,r3,r1	false	
Instruction	7838	S:0xC002C4FC	0x0E9B	0	LSRS     r3,r3,#26	false	
Instruction	7839	S:0xC002C4FE	0xEB000083	0	ADD      r0,r0,r3,LSL #2	false	
Instruction	7840	S:0xC002C502	0xF8D00094	0	LDR      r0,[r0,#0x94]	false	
Instruction	7841	S:0xC002C506	0xB938	129	CBNZ     r0,{pc}+0x12 ; 0xc002c518	true	fail
Instruction	7842	S:0xC002C508	0x4770	1	BX       lr	true	
Instruction	7843	S:0xC002E686	0x4601	0	MOV      r1,r0	false	
Instruction	7844	S:0xC002E688	0x2800	0	CMP      r0,#0	false	
Instruction	7845	S:0xC002E68A	0xF04080C5	1	BNE.W    {pc}+0x18e ; 0xc002e818	true	fail
Instruction	7846	S:0xC002E68E	0x2301	0	MOVS     r3,#1	false	
Instruction	7847	S:0xC002E690	0xF6C96337	0	MOVT     r3,#0x9e37	false	
Instruction	7848	S:0xC002E694	0xFB03F305	0	MUL      r3,r3,r5	false	
Instruction	7849	S:0xC002E698	0x0E9B	0	LSRS     r3,r3,#26	false	
Instruction	7850	S:0xC002E69A	0x3320	0	ADDS     r3,r3,#0x20	false	
Instruction	7851	S:0xC002E69C	0xEB060383	0	ADD      r3,r6,r3,LSL #2	false	
Instruction	7852	S:0xC002E6A0	0xF1030114	0	ADD      r1,r3,#0x14	false	
Instruction	7853	S:0xC002E6A4	0x695A	0	LDR      r2,[r3,#0x14]	false	
Instruction	7854	S:0xC002E6A6	0x6022	0	STR      r2,[r4,#0]	false	
Instruction	7855	S:0xC002E6A8	0xB102	17	CBZ      r2,{pc}+4 ; 0xc002e6ac	true	
Instruction	7856	S:0xC002E6AC	0x615C	0	STR      r4,[r3,#0x14]	false	
Instruction	7857	S:0xC002E6AE	0x462B	0	MOV      r3,r5	false	
Instruction	7858	S:0xC002E6B0	0x6061	0	STR      r1,[r4,#4]	false	
Instruction	7859	S:0xC002E6B2	0x60A5	0	STR      r5,[r4,#8]	false	
Instruction	7860	S:0xC002E6B4	0x68EA	0	LDR      r2,[r5,#0xc]	false	
Instruction	7861	S:0xC002E6B6	0xF8C49010	0	STR      r9,[r4,#0x10]	false	
Instruction	7862	S:0xC002E6BA	0x60E2	0	STR      r2,[r4,#0xc]	false	
Instruction	7863	S:0xC002E6BC	0xF8530B04	0	LDR      r0,[r3],#4	false	
Instruction	7864	S:0xC002E6C0	0x68AA	0	LDR      r2,[r5,#8]	false	
Instruction	7865	S:0xC002E6C2	0x6869	0	LDR      r1,[r5,#4]	false	
Instruction	7866	S:0xC002E6C4	0xF3C01003	0	UBFX     r0,r0,#4,#4	false	
Instruction	7867	S:0xC002E6C8	0x9003	0	STR      r0,[sp,#0xc]	false	
Instruction	7868	S:0xC002E6CA	0x604A	0	STR      r2,[r1,#4]	false	
Instruction	7869	S:0xC002E6CC	0x6011	0	STR      r1,[r2,#0]	false	
Instruction	7870	S:0xC002E6CE	0x606B	0	STR      r3,[r5,#4]	false	
Instruction	7871	S:0xC002E6D0	0x60AB	0	STR      r3,[r5,#8]	false	
Instruction	7872	S:0xC002E6D2	0xF1BA0F00	0	CMP      r10,#0	false	
Instruction	7873	S:0xC002E6D6	0xD173	33	BNE      {pc}+0xea ; 0xc002e7c0	true	fail
Instruction	7874	S:0xC002E6D8	0x466B	0	MOV      r3,sp	false	
Instruction	7875	S:0xC002E6DA	0xF42358FF	0	BIC      r8,r3,#0x1fe0	false	
Instruction	7876	S:0xC002E6DE	0x6AE3	0	LDR      r3,[r4,#0x2c]	false	
Instruction	7877	S:0xC002E6E0	0xF028081F	0	BIC      r8,r8,#0x1f	false	
Instruction	7878	S:0xC002E6E4	0x061F	0	LSLS     r7,r3,#24	false	
Instruction	7879	S:0xC002E6E6	0xD50A	5	BPL      {pc}+0x18 ; 0xc002e6fe	true	
Instruction	7880	S:0xC002E6FE	0x4628	0	MOV      r0,r5	false	
Instruction	7881	S:0xC002E700	0x68F1	0	LDR      r1,[r6,#0xc]	false	
Instruction	7882	S:0xC002E702	0xF7FDFFDB	19	BL       {pc}-0x2046 ; 0xc002c6bc	true	
Instruction	7883	S:0xC002C6BC	0xB570	0	PUSH     {r4-r6,lr}	false	
Instruction	7884	S:0xC002C6BE	0xB500	0	PUSH     {lr}	false	
Instruction	7885	S:0xC002C6C0	0xF85DEB04	0	POP      {lr}	false	
Instruction	7886	S:0xC002C6C4	0x4604	0	MOV      r4,r0	false	
Instruction	7887	S:0xC002C6C6	0xF3BF8F5F	0	DMB      	false	
Instruction	7888	S:0xC002C6CA	0x6803	0	LDR      r3,[r0,#0]	false	
Instruction	7889	S:0xC002C6CC	0x014D	0	LSLS     r5,r1,#5	false	
Instruction	7890	S:0xC002C6CE	0x07DA	0	LSLS     r2,r3,#31	false	
Instruction	7891	S:0xC002C6D0	0xD501	242	BPL      {pc}+6 ; 0xc002c6d6	true	fail
Instruction	7892	S:0xC002C6D2	0x6025	0	STR      r5,[r4,#0]	false	
Instruction	7893	S:0xC002C6D4	0xBD70	3	POP      {r4-r6,pc}	true	
Instruction	7894	S:0xC002E706	0xF3BF8F5F	0	DMB      	false	
Instruction	7895	S:0xC002E70A	0x8833	0	LDRH     r3,[r6,#0]	false	
Instruction	7896	S:0xC002E70C	0x3301	0	ADDS     r3,#1	false	
Instruction	7897	S:0xC002E70E	0x8033	0	STRH     r3,[r6,#0]	false	
Instruction	7898	S:0xC002E710	0xF3BF8F4F	0	DSB      	false	
Instruction	7899	S:0xC002E714	0xF3AF8004	0	SEV.W    	false	
Instruction	7900	S:0xC002E718	0xB662	0	CPSIE    i	false	
Instruction	7901	S:0xC002E71A	0x4F6F	0	LDR      r7,[pc,#444] ; [0xC002E8D8] = 0xC0635EB4	false	
Instruction	7902	S:0xC002E71C	0x6AFB	0	LDR      r3,[r7,#0x2c]	false	
Instruction	7903	S:0xC002E71E	0x2B00	0	CMP      r3,#0	false	
Instruction	7904	S:0xC002E720	0xD140	746	BNE      {pc}+0x84 ; 0xc002e7a4	true	fail
Instruction	7905	S:0xC002E722	0x68E3	0	LDR      r3,[r4,#0xc]	false	
Instruction	7906	S:0xC002E724	0x4628	0	MOV      r0,r5	false	
Instruction	7907	S:0xC002E726	0x4798	2	BLX      r3	true	
Cycle Count				4416	Tracing disabled		
Info					Tracing enabled		
Instruction	7908	S:0xC003923C	0xE92D43F0	0	PUSH     {r4-r9,lr}	false	
Instruction	7909	S:0xC0039240	0xB083	0	SUB      sp,sp,#0xc	false	
Instruction	7910	S:0xC0039242	0xAF02	0	ADD      r7,sp,#8	false	
Instruction	7911	S:0xC0039244	0xB500	0	PUSH     {lr}	false	
Instruction	7912	S:0xC0039246	0xF85DEB04	0	POP      {lr}	false	
Instruction	7913	S:0xC003924A	0x4604	0	MOV      r4,r0	false	
Instruction	7914	S:0xC003924C	0x4699	0	MOV      r9,r3	false	
Instruction	7915	S:0xC003924E	0x4688	0	MOV      r8,r1	false	
Instruction	7916	S:0xC0039250	0x4616	0	MOV      r6,r2	false	
Instruction	7917	S:0xC0039252	0xF3ABF9C9	42	BL       {pc}+0x3ab396 ; 0xc03e45e8	true	
Cycle Count				241	Tracing disabled		
Info					Tracing enabled		
Instruction	7918	S:0xC0039256	0x4641	0	MOV      r1,r8	false	
Instruction	7919	S:0xC0039258	0xF8CD9000	0	STR      r9,[sp,#0]	false	
Instruction	7920	S:0xC003925C	0x4632	0	MOV      r2,r6	false	
Instruction	7921	S:0xC003925E	0x2300	0	MOVS     r3,#0	false	
Instruction	7922	S:0xC0039260	0x4605	0	MOV      r5,r0	false	
Instruction	7923	S:0xC0039262	0x4620	0	MOV      r0,r4	false	
Instruction	7924	S:0xC0039264	0xF7FFFB9C	1	BL       {pc}-0x8c4 ; 0xc00389a0	true	
Instruction	7925	S:0xC00389A0	0xE92D4FF0	0	PUSH     {r4-r11,lr}	false	
Instruction	7926	S:0xC00389A4	0xB083	0	SUB      sp,sp,#0xc	false	
Instruction	7927	S:0xC00389A6	0xAF00	0	ADD      r7,sp,#0	false	
Instruction	7928	S:0xC00389A8	0xB500	0	PUSH     {lr}	false	
Instruction	7929	S:0xC00389AA	0xF85DEB04	0	POP      {lr}	false	
Instruction	7930	S:0xC00389AE	0x4680	0	MOV      r8,r0	false	
Instruction	7931	S:0xC00389B0	0x469A	0	MOV      r10,r3	false	
Instruction	7932	S:0xC00389B2	0x468B	0	MOV      r11,r1	false	
Instruction	7933	S:0xC00389B4	0x607A	0	STR      r2,[r7,#4]	false	
Instruction	7934	S:0xC00389B6	0xF8583F04	0	LDR      r3,[r8,#4]!	false	
Instruction	7935	S:0xC00389BA	0xF8D79030	0	LDR      r9,[r7,#0x30]	false	
Instruction	7936	S:0xC00389BE	0x4598	0	CMP      r8,r3	false	
Instruction	7937	S:0xC00389C0	0xF1A3040C	0	SUB      r4,r3,#0xc	false	
Instruction	7938	S:0xC00389C4	0x681D	0	LDR      r5,[r3,#0]	false	
Instruction	7939	S:0xC00389C6	0xF1A5050C	0	SUB      r5,r5,#0xc	false	
Instruction	7940	S:0xC00389CA	0xD016	32	BEQ      {pc}+0x30 ; 0xc00389fa	true	fail
Instruction	7941	S:0xC00389CC	0xF8D4C008	0	LDR      r12,[r4,#8]	false	
Instruction	7942	S:0xC00389D0	0x4620	0	MOV      r0,r4	false	
Instruction	7943	S:0xC00389D2	0x464B	0	MOV      r3,r9	false	
Instruction	7944	S:0xC00389D4	0x4659	0	MOV      r1,r11	false	
Instruction	7945	S:0xC00389D6	0x4652	0	MOV      r2,r10	false	
Instruction	7946	S:0xC00389D8	0x6826	0	LDR      r6,[r4,#0]	false	
Instruction	7947	S:0xC00389DA	0x47E0	8	BLX      r12	true	
Cycle Count				182	Tracing disabled		
Info					Tracing enabled		
Instruction	7948	S:0xC003D6A0	0xB488	0	PUSH     {r3,r7}	false	
Instruction	7949	S:0xC003D6A2	0xAF00	0	ADD      r7,sp,#0	false	
Instruction	7950	S:0xC003D6A4	0xB500	0	PUSH     {lr}	false	
Instruction	7951	S:0xC003D6A6	0xF85DEB04	0	POP      {lr}	false	
Instruction	7952	S:0xC003D6AA	0x6840	0	LDR      r0,[r0,#4]	false	
Instruction	7953	S:0xC003D6AC	0x46BD	0	MOV      sp,r7	false	
Instruction	7954	S:0xC003D6AE	0xBC88	0	POP      {r3,r7}	false	
Instruction	7955	S:0xC003D6B0	0xF7FFBEDE	115	B.W      {pc}-0x240 ; 0xc003d470	true	
Instruction	7956	S:0xC003D470	0xE92D4FF0	0	PUSH     {r4-r11,lr}	false	
Instruction	7957	S:0xC003D474	0xB085	0	SUB      sp,sp,#0x14	false	
Instruction	7958	S:0xC003D476	0xAF00	0	ADD      r7,sp,#0	false	
Instruction	7959	S:0xC003D478	0xB500	0	PUSH     {lr}	false	
Instruction	7960	S:0xC003D47A	0xF85DEB04	0	POP      {lr}	false	
Instruction	7961	S:0xC003D47E	0x4604	0	MOV      r4,r0	false	
Instruction	7962	S:0xC003D480	0x460D	0	MOV      r5,r1	false	
Instruction	7963	S:0xC003D482	0x4691	0	MOV      r9,r2	false	
Instruction	7964	S:0xC003D484	0xF3BF8F5F	0	DMB      	false	
Instruction	7965	S:0xC003D488	0xF200483C	0	ADD      r8,r0,#0x43c	false	
Instruction	7966	S:0xC003D48C	0x4640	0	MOV      r0,r8	false	
Instruction	7967	S:0xC003D48E	0xF3A7F8AB	2	BL       {pc}+0x3a715a ; 0xc03e45e8	true	
Cycle Count				643	Tracing disabled		
Info					Tracing enabled		
Instruction	7968	S:0xC003D492	0x6823	0	LDR      r3,[r4,#0]	false	
Instruction	7969	S:0xC003D494	0x401D	0	ANDS     r5,r5,r3	false	
Instruction	7970	S:0xC003D496	0x4682	0	MOV      r10,r0	false	
Instruction	7971	S:0xC003D498	0xD07E	111	BEQ      {pc}+0x100 ; 0xc003d598	true	fail
Instruction	7972	S:0xC003D49A	0x6862	0	LDR      r2,[r4,#4]	false	
Instruction	7973	S:0xC003D49C	0x69E3	0	LDR      r3,[r4,#0x1c]	false	
Instruction	7974	S:0xC003D49E	0x4E7B	0	LDR      r6,[pc,#492] ; [0xC003D68C]	false	
Instruction	7975	S:0xC003D4A0	0xF8D2C014	0	LDR      r12,[r2,#0x14]	false	
Instruction	7976	S:0xC003D4A4	0x2B00	0	CMP      r3,#0	false	
Instruction	7977	S:0xC003D4A6	0xF0408081	199	BNE.W    {pc}+0x106 ; 0xc003d5ac	true	fail
Instruction	7978	S:0xC003D4AA	0x4D79	0	LDR      r5,[pc,#484] ; [0xC003D690]	false	
Instruction	7979	S:0xC003D4AC	0xE7FF	1	B        {pc}+2 ; 0xc003d4ae	true	
Instruction	7980	S:0xC003D4AE	0x69A3	0	LDR      r3,[r4,#0x18]	false	
Instruction	7981	S:0xC003D4B0	0x2B00	0	CMP      r3,#0	false	
Instruction	7982	S:0xC003D4B2	0xD1FC	1	BNE      {pc}-4 ; 0xc003d4ae	true	fail
Instruction	7983	S:0xC003D4B4	0xF3BF8F5F	0	DMB      	false	
Instruction	7984	S:0xC003D4B8	0x6823	0	LDR      r3,[r4,#0]	false	
Instruction	7985	S:0xC003D4BA	0xF0130102	0	ANDS     r1,r3,#2	false	
Instruction	7986	S:0xC003D4BE	0xD004	104	BEQ      {pc}+0xc ; 0xc003d4ca	true	
Instruction	7987	S:0xC003D4CA	0x6B23	0	LDR      r3,[r4,#0x30]	false	
Instruction	7988	S:0xC003D4CC	0xF44F7080	0	MOV      r0,#0x100	false	
Instruction	7989	S:0xC003D4D0	0xF894223C	0	LDRB     r2,[r4,#0x23c]	false	
Instruction	7990	S:0xC003D4D4	0x6020	0	STR      r0,[r4,#0]	false	
Instruction	7991	S:0xC003D4D6	0xF3611245	0	BFI      r2,r1,#5,#1	false	
Instruction	7992	S:0xC003D4DA	0xF884223C	0	STRB     r2,[r4,#0x23c]	false	
Instruction	7993	S:0xC003D4DE	0x6B1A	0	LDR      r2,[r3,#0x30]	false	
Instruction	7994	S:0xC003D4E0	0xB112	116	CBZ      r2,{pc}+8 ; 0xc003d4e8	true	fail
Instruction	7995	S:0xC003D4E2	0x4620	0	MOV      r0,r4	false	
Instruction	7996	S:0xC003D4E4	0x4790	1	BLX      r2	true	
Instruction	7997	S:0xC003F8C0	0xB430	0	PUSH     {r4,r5}	false	
Instruction	7998	S:0xC003F8C2	0xB500	0	PUSH     {lr}	false	
Instruction	7999	S:0xC003F8C4	0xF85DEB04	0	POP      {lr}	false	
Instruction	8000	S:0xC003F8C8	0xF8D0115C	0	LDR      r1,[r0,#0x15c]	false	
Instruction	8001	S:0xC003F8CC	0xE9D14508	0	LDRD     r4,r5,[r1,#0x20]	false	
Instruction	8002	S:0xC003F8D0	0xF3BF8F5F	0	DMB      	false	
Instruction	8003	S:0xC003F8D4	0xE9D12306	0	LDRD     r2,r3,[r1,#0x18]	false	
Instruction	8004	S:0xC003F8D8	0x42AB	0	CMP      r3,r5	false	
Instruction	8005	S:0xC003F8DA	0xBF08	0	IT       EQ	false	
Instruction	8006	S:0xC003F8DC	0x42A2	0	CMP      r2,r4	false	
Instruction	8007	S:0xC003F8DE	0xD1F5	323	BNE      {pc}-0x12 ; 0xc003f8cc	true	fail
Instruction	8008	S:0xC003F8E0	0xE9D0451A	0	LDRD     r4,r5,[r0,#0x68]	false	
Instruction	8009	S:0xC003F8E4	0x1AA4	0	SUBS     r4,r4,r2	false	
Instruction	8010	S:0xC003F8E6	0xEB650503	0	SBC      r5,r5,r3	false	
Instruction	8011	S:0xC003F8EA	0xE9C0451A	0	STRD     r4,r5,[r0,#0x68]	false	
Instruction	8012	S:0xC003F8EE	0xBC30	0	POP      {r4,r5}	false	
Instruction	8013	S:0xC003F8F0	0x4770	106	BX       lr	true	
Instruction	8014	S:0xC003D4E6	0x6B23	0	LDR      r3,[r4,#0x30]	false	
Instruction	8015	S:0xC003D4E8	0x6A1B	0	LDR      r3,[r3,#0x20]	false	
Instruction	8016	S:0xC003D4EA	0x2110	0	MOVS     r1,#0x10	false	
Instruction	8017	S:0xC003D4EC	0x464A	0	MOV      r2,r9	false	
Instruction	8018	S:0xC003D4EE	0x4620	0	MOV      r0,r4	false	
Instruction	8019	S:0xC003D4F0	0x4798	1	BLX      r3	true	
Instruction	8020	S:0xC0040708	0xE92D4FF0	0	PUSH     {r4-r11,lr}	false	
Instruction	8021	S:0xC004070C	0xB09B	0	SUB      sp,sp,#0x6c	false	
Instruction	8022	S:0xC004070E	0xB500	0	PUSH     {lr}	false	
Instruction	8023	S:0xC0040710	0xF85DEB04	0	POP      {lr}	false	
Instruction	8024	S:0xC0040714	0x4682	0	MOV      r10,r0	false	
Instruction	8025	S:0xC0040716	0x4668	0	MOV      r0,sp	false	
Instruction	8026	S:0xC0040718	0x920A	0	STR      r2,[sp,#0x28]	false	
Instruction	8027	S:0xC004071A	0xF4205BFF	0	BIC      r11,r0,#0x1fe0	false	
Instruction	8028	S:0xC004071E	0xF8DA3004	0	LDR      r3,[r10,#4]	false	
Instruction	8029	S:0xC0040722	0xF02B0B1F	0	BIC      r11,r11,#0x1f	false	
Instruction	8030	S:0xC0040726	0xF8DA21C4	0	LDR      r2,[r10,#0x1c4]	false	
Instruction	8031	S:0xC004072A	0xF8CDB018	0	STR      r11,[sp,#0x18]	false	
Instruction	8032	S:0xC004072E	0xF8DB4014	0	LDR      r4,[r11,#0x14]	false	
Instruction	8033	S:0xC0040732	0x2A01	0	CMP      r2,#1	false	
Instruction	8034	S:0xC0040734	0x9108	0	STR      r1,[sp,#0x20]	false	
Instruction	8035	S:0xC0040736	0x9400	0	STR      r4,[sp,#0]	false	
Instruction	8036	S:0xC0040738	0x9D00	0	LDR      r5,[sp,#0]	false	
Instruction	8037	S:0xC004073A	0x695C	0	LDR      r4,[r3,#0x14]	false	
Instruction	8038	S:0xC004073C	0x9502	0	STR      r5,[sp,#8]	false	
Instruction	8039	S:0xC004073E	0x9519	0	STR      r5,[sp,#0x64]	false	
Instruction	8040	S:0xC0040740	0x9405	0	STR      r4,[sp,#0x14]	false	
Instruction	8041	S:0xC0040742	0xF000812C	67	BEQ.W    {pc}+0x25c ; 0xc004099e	true	fail
Instruction	8042	S:0xC0040746	0xF8DA320C	0	LDR      r3,[r10,#0x20c]	false	
Instruction	8043	S:0xC004074A	0xB11B	17	CBZ      r3,{pc}+0xa ; 0xc0040754	true	fail
Instruction	8044	S:0xC004074C	0x9B08	0	LDR      r3,[sp,#0x20]	false	
Instruction	8045	S:0xC004074E	0x0719	0	LSLS     r1,r3,#28	false	
Instruction	8046	S:0xC0040750	0xF1008129	2	BMI.W    {pc}+0x256 ; 0xc00409a6	true	fail
Instruction	8047	S:0xC0040754	0xF8DF92F8	0	LDR      r9,[pc,#760] ; [0xC0040A50]	false	
Instruction	8048	S:0xC0040758	0x9F08	0	LDR      r7,[sp,#0x20]	false	
Instruction	8049	S:0xC004075A	0xF0170710	0	ANDS     r7,r7,#0x10	false	
Instruction	8050	S:0xC004075E	0x9714	0	STR      r7,[sp,#0x50]	false	
Instruction	8051	S:0xC0040760	0xBF08	0	IT       EQ	false	
Instruction	8052	S:0xC0040762	0x463A	0	MOV      r2,r7	false	
Instruction	8053	S:0xC0040764	0xD010	53	BEQ      {pc}+0x24 ; 0xc0040788	true	fail
Instruction	8054	S:0xC0040766	0x9F00	0	LDR      r7,[sp,#0]	false	
Instruction	8055	S:0xC0040768	0x9419	0	STR      r4,[sp,#0x64]	false	
Instruction	8056	S:0xC004076A	0xF107021F	0	ADD      r2,r7,#0x1f	false	
Instruction	8057	S:0xC004076E	0xF007031F	0	AND      r3,r7,#0x1f	false	
Instruction	8058	S:0xC0040772	0xEA120227	0	ANDS     r2,r2,r7,ASR #32	false	
Instruction	8059	S:0xC0040776	0xBF38	0	IT       CC	false	
Instruction	8060	S:0xC0040778	0x463A	0	MOV      r2,r7	false	
Instruction	8061	S:0xC004077A	0x1152	0	ASRS     r2,r2,#5	false	
Instruction	8062	S:0xC004077C	0x3272	0	ADDS     r2,r2,#0x72	false	
Instruction	8063	S:0xC004077E	0xF85A2022	0	LDR      r2,[r10,r2,LSL #2]	false	
Instruction	8064	S:0xC0040782	0x40DA	0	LSRS     r2,r2,r3	false	
Instruction	8065	S:0xC0040784	0xF0020201	0	AND      r2,r2,#1	false	
Instruction	8066	S:0xC0040788	0x9D00	0	LDR      r5,[sp,#0]	false	
Instruction	8067	S:0xC004078A	0x4BAF	0	LDR      r3,[pc,#700] ; [0xC0040A48]	false	
Instruction	8068	S:0xC004078C	0xF8591025	0	LDR      r1,[r9,r5,LSL #2]	false	
Instruction	8069	S:0xC0040790	0x185B	0	ADDS     r3,r3,r1	false	
Instruction	8070	S:0xC0040792	0xF8D36490	0	LDR      r6,[r3,#0x490]	false	
Instruction	8071	S:0xC0040796	0x2E00	0	CMP      r6,#0	false	
Instruction	8072	S:0xC0040798	0xF00081C2	8	BEQ.W    {pc}+0x388 ; 0xc0040b20	true	fail
Instruction	8073	S:0xC004079C	0xF104001F	0	ADD      r0,r4,#0x1f	false	
Instruction	8074	S:0xC00407A0	0x2501	0	MOVS     r5,#1	false	
Instruction	8075	S:0xC00407A2	0xEA100024	0	ANDS     r0,r0,r4,ASR #32	false	
Instruction	8076	S:0xC00407A6	0xBF38	0	IT       CC	false	
Instruction	8077	S:0xC00407A8	0x4620	0	MOV      r0,r4	false	
Instruction	8078	S:0xC00407AA	0xF004031F	0	AND      r3,r4,#0x1f	false	
Instruction	8079	S:0xC00407AE	0x9908	0	LDR      r1,[sp,#0x20]	false	
Instruction	8080	S:0xC00407B0	0x409D	0	LSLS     r5,r5,r3	false	
Instruction	8081	S:0xC00407B2	0x1140	0	ASRS     r0,r0,#5	false	
Instruction	8082	S:0xC00407B4	0xF04F0B00	0	MOV      r11,#0	false	
Instruction	8083	S:0xC00407B8	0x0080	0	LSLS     r0,r0,#2	false	
Instruction	8084	S:0xC00407BA	0x6BF3	0	LDR      r3,[r6,#0x3c]	false	
Instruction	8085	S:0xC00407BC	0x07DF	0	LSLS     r7,r3,#31	false	
Instruction	8086	S:0xC00407BE	0xD50D	191	BPL      {pc}+0x1e ; 0xc00407dc	true	fail
Instruction	8087	S:0xC00407C0	0xB14A	1	CBZ      r2,{pc}+0x16 ; 0xc00407d6	true	fail
Instruction	8088	S:0xC00407C2	0xF0130F20	0	TST      r3,#0x20	false	
Instruction	8089	S:0xC00407C6	0xEB060700	0	ADD      r7,r6,r0	false	
Instruction	8090	S:0xC00407CA	0xD004	2	BEQ      {pc}+0xc ; 0xc00407d6	true	fail
Instruction	8091	S:0xC00407CC	0xF8D770F8	0	LDR      r7,[r7,#0xf8]	false	
Instruction	8092	S:0xC00407D0	0x422F	0	TST      r7,r5	false	
Instruction	8093	S:0xC00407D2	0xF040820D	24	BNE.W    {pc}+0x41e ; 0xc0040bf0	true	fail
Instruction	8094	S:0xC00407D6	0x4219	0	TST      r1,r3	false	
Instruction	8095	S:0xC00407D8	0xBF18	0	IT       NE	false	
Instruction	8096	S:0xC00407DA	0x46B3	0	MOV      r11,r6	false	
Instruction	8097	S:0xC00407DC	0x6836	0	LDR      r6,[r6,#0]	false	
Instruction	8098	S:0xC00407DE	0x2E00	0	CMP      r6,#0	false	
Instruction	8099	S:0xC00407E0	0xD1EB	3	BNE      {pc}-0x26 ; 0xc00407ba	true	
Instruction	8100	S:0xC00407BA	0x6BF3	0	LDR      r3,[r6,#0x3c]	false	
Instruction	8101	S:0xC00407BC	0x07DF	0	LSLS     r7,r3,#31	false	
Instruction	8102	S:0xC00407BE	0xD50D	176	BPL      {pc}+0x1e ; 0xc00407dc	true	
Instruction	8103	S:0xC00407DC	0x6836	0	LDR      r6,[r6,#0]	false	
Instruction	8104	S:0xC00407DE	0x2E00	0	CMP      r6,#0	false	
Instruction	8105	S:0xC00407E0	0xD1EB	20	BNE      {pc}-0x26 ; 0xc00407ba	true	fail
Instruction	8106	S:0xC00407E2	0xF1BB0F00	0	CMP      r11,#0	false	
Instruction	8107	S:0xC00407E6	0xF000819B	16	BEQ.W    {pc}+0x33a ; 0xc0040b20	true	
Instruction	8108	S:0xC0040B20	0x9805	0	LDR      r0,[sp,#0x14]	false	
Instruction	8109	S:0xC0040B22	0xA919	0	ADD      r1,sp,#0x64	false	
Instruction	8110	S:0xC0040B24	0xF10A0238	0	ADD      r2,r10,#0x38	false	
Instruction	8111	S:0xC0040B28	0xF7FFFD5A	226	BL       {pc}-0x548 ; 0xc00405e0	true	
Instruction	8112	S:0xC00405E0	0xE92D4FF0	0	PUSH     {r4-r11,lr}	false	
Instruction	8113	S:0xC00405E4	0xB083	0	SUB      sp,sp,#0xc	false	
Instruction	8114	S:0xC00405E6	0xB500	0	PUSH     {lr}	false	
Instruction	8115	S:0xC00405E8	0xF85DEB04	0	POP      {lr}	false	
Instruction	8116	S:0xC00405EC	0xF8D23128	0	LDR      r3,[r2,#0x128]	false	
Instruction	8117	S:0xC00405F0	0x4616	0	MOV      r6,r2	false	
Instruction	8118	S:0xC00405F2	0x4680	0	MOV      r8,r0	false	
Instruction	8119	S:0xC00405F4	0x460F	0	MOV      r7,r1	false	
Instruction	8120	S:0xC00405F6	0x2B00	0	CMP      r3,#0	false	
Instruction	8121	S:0xC00405F8	0xD16E	121	BNE      {pc}+0xe0 ; 0xc00406d8	true	fail
Instruction	8122	S:0xC00405FA	0xF8DF9108	0	LDR      r9,[pc,#264] ; [0xC0040704]	false	
Instruction	8123	S:0xC00405FE	0x4A3C	0	LDR      r2,[pc,#240] ; [0xC00406F0] = 0xC05F3080	false	
Instruction	8124	S:0xC0040600	0xF859A028	0	LDR      r10,[r9,r8,LSL #2]	false	
Instruction	8125	S:0xC0040604	0x4614	0	MOV      r4,r2	false	
Instruction	8126	S:0xC0040606	0x4650	0	MOV      r0,r10	false	
Instruction	8127	S:0xC0040608	0xB11F	107	CBZ      r7,{pc}+0xa ; 0xc0040612	true	fail
Instruction	8128	S:0xC004060A	0x2108	0	MOVS     r1,#8	false	
Instruction	8129	S:0xC004060C	0x6039	0	STR      r1,[r7,#0]	false	
Instruction	8130	S:0xC004060E	0xF8590028	0	LDR      r0,[r9,r8,LSL #2]	false	
Instruction	8131	S:0xC0040612	0x4D38	0	LDR      r5,[pc,#224] ; [0xC00406F4] = 0xC0607834	false	
Instruction	8132	S:0xC0040614	0x4938	0	LDR      r1,[pc,#224] ; [0xC00406F8] = 0xC05F07E8	false	
Instruction	8133	S:0xC0040616	0x580B	0	LDR      r3,[r1,r0]	false	
Instruction	8134	S:0xC0040618	0x6A29	0	LDR      r1,[r5,#0x20]	false	
Instruction	8135	S:0xC004061A	0xF1030008	0	ADD      r0,r3,#8	false	
Instruction	8136	S:0xC004061E	0x4281	0	CMP      r1,r0	false	
Instruction	8137	S:0xC0040620	0xD046	145	BEQ      {pc}+0x90 ; 0xc00406b0	true	fail
Instruction	8138	S:0xC0040622	0xF8D6014C	0	LDR      r0,[r6,#0x14c]	false	
Instruction	8139	S:0xC0040626	0x6AA9	0	LDR      r1,[r5,#0x28]	false	
Instruction	8140	S:0xC0040628	0x4288	0	CMP      r0,r1	false	
Instruction	8141	S:0xC004062A	0xD341	3	BCC      {pc}+0x86 ; 0xc00406b0	true	
Instruction	8142	S:0xC00406B0	0x2000	0	MOVS     r0,#0	false	
Instruction	8143	S:0xC00406B2	0xB003	0	ADD      sp,sp,#0xc	false	
Instruction	8144	S:0xC00406B4	0xE8BD8FF0	3	POP      {r4-r11,pc}	true	
Instruction	8145	S:0xC0040B2C	0x2800	0	CMP      r0,#0	false	
Instruction	8146	S:0xC0040B2E	0xF43FAEE6	1	BEQ      {pc}-0x230 ; 0xc00408fe	true	
Instruction	8147	S:0xC00408FE	0xF8DA3160	0	LDR      r3,[r10,#0x160]	false	
Instruction	8148	S:0xC0040902	0x2B00	0	CMP      r3,#0	false	
Instruction	8149	S:0xC0040904	0xF040838A	5	BNE.W    {pc}+0x718 ; 0xc004101c	true	fail
Instruction	8150	S:0xC0040908	0x9D05	0	LDR      r5,[sp,#0x14]	false	
Instruction	8151	S:0xC004090A	0xF8DFB14C	0	LDR      r11,[pc,#332] ; [0xC0040A58] = 0xC05F07E8	false	
Instruction	8152	S:0xC004090E	0x484F	0	LDR      r0,[pc,#316] ; [0xC0040A4C] = 0xC0607834	false	
Instruction	8153	S:0xC0040910	0xF8591025	0	LDR      r1,[r9,r5,LSL #2]	false	
Instruction	8154	S:0xC0040914	0x465B	0	MOV      r3,r11	false	
Instruction	8155	S:0xC0040916	0x4E4C	0	LDR      r6,[pc,#304] ; [0xC0040A48] = 0xC05F3080	false	
Instruction	8156	S:0xC0040918	0x585A	0	LDR      r2,[r3,r1]	false	
Instruction	8157	S:0xC004091A	0xF1000320	0	ADD      r3,r0,#0x20	false	
Instruction	8158	S:0xC004091E	0x1874	0	ADDS     r4,r6,r1	false	
Instruction	8159	S:0xC0040920	0x6897	0	LDR      r7,[r2,#8]	false	
Instruction	8160	S:0xC0040922	0x429F	0	CMP      r7,r3	false	
Instruction	8161	S:0xC0040924	0xD024	128	BEQ      {pc}+0x4c ; 0xc0040970	true	
Instruction	8162	S:0xC0040970	0x9B19	0	LDR      r3,[sp,#0x64]	false	
Instruction	8163	S:0xC0040972	0x46DA	0	MOV      r10,r11	false	
Instruction	8164	S:0xC0040974	0xF103001F	0	ADD      r0,r3,#0x1f	false	
Instruction	8165	S:0xC0040978	0xF85A1001	0	LDR      r1,[r10,r1]	false	
Instruction	8166	S:0xC004097C	0xEA100023	0	ANDS     r0,r0,r3,ASR #32	false	
Instruction	8167	S:0xC0040980	0xBF38	0	IT       CC	false	
Instruction	8168	S:0xC0040982	0x4618	0	MOV      r0,r3	false	
Instruction	8169	S:0xC0040984	0xF003021F	0	AND      r2,r3,#0x1f	false	
Instruction	8170	S:0xC0040988	0x9D05	0	LDR      r5,[sp,#0x14]	false	
Instruction	8171	S:0xC004098A	0x1140	0	ASRS     r0,r0,#5	false	
Instruction	8172	S:0xC004098C	0xF8511020	0	LDR      r1,[r1,r0,LSL #2]	false	
Instruction	8173	S:0xC0040990	0xFA21F202	0	LSR      r2,r1,r2	false	
Instruction	8174	S:0xC0040994	0xF0120F01	0	TST      r2,#1	false	
Instruction	8175	S:0xC0040998	0xBF18	0	IT       NE	false	
Instruction	8176	S:0xC004099A	0x461D	0	MOV      r5,r3	false	
Instruction	8177	S:0xC004099C	0x9505	0	STR      r5,[sp,#0x14]	false	
Instruction	8178	S:0xC004099E	0x9805	0	LDR      r0,[sp,#0x14]	false	
Instruction	8179	S:0xC00409A0	0xB01B	0	ADD      sp,sp,#0x6c	false	
Instruction	8180	S:0xC00409A2	0xE8BD8FF0	40	POP      {r4-r11,pc}	true	
Instruction	8181	S:0xC003D4F2	0xF100011F	0	ADD      r1,r0,#0x1f	false	
Instruction	8182	S:0xC003D4F6	0xF000031F	0	AND      r3,r0,#0x1f	false	
Instruction	8183	S:0xC003D4FA	0xEA110120	0	ANDS     r1,r1,r0,ASR #32	false	
Instruction	8184	S:0xC003D4FE	0xBF38	0	IT       CC	false	
Instruction	8185	S:0xC003D500	0x4601	0	MOV      r1,r0	false	
Instruction	8186	S:0xC003D502	0x4683	0	MOV      r11,r0	false	
Instruction	8187	S:0xC003D504	0x1149	0	ASRS     r1,r1,#5	false	
Instruction	8188	S:0xC003D506	0xF1010272	0	ADD      r2,r1,#0x72	false	
Instruction	8189	S:0xC003D50A	0xF8542022	0	LDR      r2,[r4,r2,LSL #2]	false	
Instruction	8190	S:0xC003D50E	0x40DA	0	LSRS     r2,r2,r3	false	
Instruction	8191	S:0xC003D510	0x07D0	0	LSLS     r0,r2,#31	false	
Instruction	8192	S:0xC003D512	0xF14080A7	11	BPL.W    {pc}+0x152 ; 0xc003d664	true	fail
Instruction	8193	S:0xC003D516	0x4A5F	0	LDR      r2,[pc,#380] ; [0xC003D694]	false	
Instruction	8194	S:0xC003D518	0x6812	0	LDR      r2,[r2,#0]	false	
Instruction	8195	S:0xC003D51A	0xF8522021	0	LDR      r2,[r2,r1,LSL #2]	false	
Instruction	8196	S:0xC003D51E	0xFA22F303	0	LSR      r3,r2,r3	false	
Instruction	8197	S:0xC003D522	0x07D9	0	LSLS     r1,r3,#31	false	
Instruction	8198	S:0xC003D524	0xF140809E	5	BPL.W    {pc}+0x140 ; 0xc003d664	true	fail
Instruction	8199	S:0xC003D528	0x6863	0	LDR      r3,[r4,#4]	false	
Instruction	8200	S:0xC003D52A	0x695B	0	LDR      r3,[r3,#0x14]	false	
Instruction	8201	S:0xC003D52C	0x459B	0	CMP      r11,r3	false	
Instruction	8202	S:0xC003D52E	0xD005	1	BEQ      {pc}+0xe ; 0xc003d53c	true	
Instruction	8203	S:0xC003D53C	0x4A56	0	LDR      r2,[pc,#344] ; [0xC003D698] = 0xC05FC564	false	
Instruction	8204	S:0xC003D53E	0x4633	0	MOV      r3,r6	false	
Instruction	8205	S:0xC003D540	0xF855502B	0	LDR      r5,[r5,r11,LSL #2]	false	
Instruction	8206	S:0xC003D544	0x6852	0	LDR      r2,[r2,#4]	false	
Instruction	8207	S:0xC003D546	0x4E52	0	LDR      r6,[pc,#328] ; [0xC003D690] = 0xC05FD5C0	false	
Instruction	8208	S:0xC003D548	0x0512	0	LSLS     r2,r2,#20	false	
Instruction	8209	S:0xC003D54A	0xD50C	2	BPL      {pc}+0x1c ; 0xc003d566	true	fail
Instruction	8210	S:0xC003D54C	0x466A	0	MOV      r2,sp	false	
Instruction	8211	S:0xC003D54E	0xF42251FF	0	BIC      r1,r2,#0x1fe0	false	
Instruction	8212	S:0xC003D552	0x4A52	0	LDR      r2,[pc,#328] ; [0xC003D69C] = 0xC05F0764	false	
Instruction	8213	S:0xC003D554	0xF021011F	0	BIC      r1,r1,#0x1f	false	
Instruction	8214	S:0xC003D558	0x6948	0	LDR      r0,[r1,#0x14]	false	
Instruction	8215	S:0xC003D55A	0x5951	0	LDR      r1,[r2,r5]	false	
Instruction	8216	S:0xC003D55C	0xF8560020	0	LDR      r0,[r6,r0,LSL #2]	false	
Instruction	8217	S:0xC003D560	0x5812	0	LDR      r2,[r2,r0]	false	
Instruction	8218	S:0xC003D562	0x428A	0	CMP      r2,r1	false	
Instruction	8219	S:0xC003D564	0xD156	127	BNE      {pc}+0xb0 ; 0xc003d614	true	
Instruction	8220	S:0xC003D614	0x4658	0	MOV      r0,r11	false	
Instruction	8221	S:0xC003D616	0x60FB	0	STR      r3,[r7,#0xc]	false	
Instruction	8222	S:0xC003D618	0xF001FE4C	16	BL       {pc}+0x1c9c ; 0xc003f2b4	true	
Instruction	8223	S:0xC003F2B4	0x4B03	0	LDR      r3,[pc,#12] ; [0xC003F2C4] = 0xC05FC57C	false	
Instruction	8224	S:0xC003F2B6	0x6818	0	LDR      r0,[r3,#0]	false	
Instruction	8225	S:0xC003F2B8	0xB108	19	CBZ      r0,{pc}+6 ; 0xc003f2be	true	fail
Instruction	8226	S:0xC003F2BA	0xF7CFBD35	1	B        {pc}-0x30592 ; 0xc000ed28	true	
Instruction	8227	S:0xC000ED28	0xB508	0	PUSH     {r3,lr}	false	
Instruction	8228	S:0xC000ED2A	0xF24C43CC	0	MOV      r3,#0xc4cc	false	
Instruction	8229	S:0xC000ED2E	0xF2CC035F	0	MOVT     r3,#0xc05f	false	
Instruction	8230	S:0xC000ED32	0x689B	0	LDR      r3,[r3,#8]	false	
Instruction	8231	S:0xC000ED34	0x4798	8	BLX      r3	true	
Instruction	8232	S:0xC00113EC	0xF24A2340	0	MOV      r3,#0xa240	false	
Instruction	8233	S:0xC00113F0	0xF2CC0362	0	MOVT     r3,#0xc062	false	
Instruction	8234	S:0xC00113F4	0xB510	0	PUSH     {r4,lr}	false	
Instruction	8235	S:0xC00113F6	0x681B	0	LDR      r3,[r3,#0]	false	
Instruction	8236	S:0xC00113F8	0x4798	40	BLX      r3	true	
Cycle Count				62	Tracing disabled		
Info					Tracing enabled		
Instruction	8237	S:0xC00113FA	0xF24C5320	0	MOV      r3,#0xc520	false	
Instruction	8238	S:0xC00113FE	0xF2CC035F	0	MOVT     r3,#0xc05f	false	
Instruction	8239	S:0xC0011402	0x681C	0	LDR      r4,[r3,#0]	false	
Instruction	8240	S:0xC0011404	0xFBA02304	0	UMULL    r2,r3,r0,r4	false	
Instruction	8241	S:0xC0011408	0x4610	0	MOV      r0,r2	false	
Instruction	8242	S:0xC001140A	0xFB043101	0	MLA      r1,r4,r1,r3	false	
Instruction	8243	S:0xC001140E	0xBD10	4	POP      {r4,pc}	true	
Instruction	8244	S:0xC000ED36	0xBD08	1	POP      {r3,pc}	true	
Instruction	8245	S:0xC003D61C	0xF856202B	0	LDR      r2,[r6,r11,LSL #2]	false	
Instruction	8246	S:0xC003D620	0x68FB	0	LDR      r3,[r7,#0xc]	false	
Instruction	8247	S:0xC003D622	0xF1040614	0	ADD      r6,r4,#0x14	false	
Instruction	8248	S:0xC003D626	0x189B	0	ADDS     r3,r3,r2	false	
Instruction	8249	S:0xC003D628	0xF2035594	0	ADD      r5,r3,#0x594	false	
Instruction	8250	S:0xC003D62C	0xF8D33594	0	LDR      r3,[r3,#0x594]	false	
Instruction	8251	S:0xC003D630	0x6163	0	STR      r3,[r4,#0x14]	false	
Instruction	8252	S:0xC003D632	0xF3BF8F5F	0	DMB      	false	
Instruction	8253	S:0xC003D636	0xE8551F00	0	LDREX    r1,[r5]	false	
Instruction	8254	S:0xC003D63A	0xF04F0200	0	MOV      r2,#0	false	
Instruction	8255	S:0xC003D63E	0xEA910F03	0	TEQ      r1,r3	false	
Instruction	8256	S:0xC003D642	0xBF08	0	IT       EQ	false	
Instruction	8257	S:0xC003D644	0xE8456200	0	STREX    r2,r6,[r5]	false	
Instruction	8258	S:0xC003D648	0x2A00	0	CMP      r2,#0	false	
Instruction	8259	S:0xC003D64A	0xD1F4	372	BNE      {pc}-0x14 ; 0xc003d636	true	fail
Instruction	8260	S:0xC003D64C	0xF3BF8F5F	0	DMB      	false	
Instruction	8261	S:0xC003D650	0x428B	0	CMP      r3,r1	false	
Instruction	8262	S:0xC003D652	0xD001	19	BEQ      {pc}+6 ; 0xc003d658	true	
Instruction	8263	S:0xC003D658	0x2B00	0	CMP      r3,#0	false	
Instruction	8264	S:0xC003D65A	0xD197	16	BNE      {pc}-0xce ; 0xc003d58c	true	fail
Instruction	8265	S:0xC003D65C	0x4658	0	MOV      r0,r11	false	
Instruction	8266	S:0xC003D65E	0xF7D3FBB1	15	BL       {pc}-0x2c89a ; 0xc0010dc4	true	
Instruction	8267	S:0xC0010DC4	0xB508	0	PUSH     {r3,lr}	false	
Instruction	8268	S:0xC0010DC6	0xB500	0	PUSH     {lr}	false	
Instruction	8269	S:0xC0010DC8	0xF85DEB04	0	POP      {lr}	false	
Instruction	8270	S:0xC0010DCC	0xF000011F	0	AND      r1,r0,#0x1f	false	
Instruction	8271	S:0xC0010DD0	0x3101	0	ADDS     r1,#1	false	
Instruction	8272	S:0xC0010DD2	0xF64662CC	0	MOV      r2,#0x6ecc	false	
Instruction	8273	S:0xC0010DD6	0xF2CC023E	0	MOVT     r2,#0xc03e	false	
Instruction	8274	S:0xC0010DDA	0xF6477314	0	MOV      r3,#0x7f14	false	
Instruction	8275	S:0xC0010DDE	0xEB020281	0	ADD      r2,r2,r1,LSL #2	false	
Instruction	8276	S:0xC0010DE2	0x0940	0	LSRS     r0,r0,#5	false	
Instruction	8277	S:0xC0010DE4	0xF2CC0363	0	MOVT     r3,#0xc063	false	
Instruction	8278	S:0xC0010DE8	0x2102	0	MOVS     r1,#2	false	
Instruction	8279	S:0xC0010DEA	0xEBA20080	0	SUB      r0,r2,r0,LSL #2	false	
Instruction	8280	S:0xC0010DEE	0x6B5B	0	LDR      r3,[r3,#0x34]	false	
Instruction	8281	S:0xC0010DF0	0x4798	166	BLX      r3	true	
Cycle Count				1901	Tracing disabled		
Info					Tracing enabled		
Instruction	8282	S:0xC0010DF2	0xBD08	12	POP      {r3,pc}	true	
Instruction	8283	S:0xC003D662	0xE793	1	B        {pc}-0xd6 ; 0xc003d58c	true	
Instruction	8284	S:0xC003D58C	0x4620	0	MOV      r0,r4	false	
Instruction	8285	S:0xC003D58E	0x4659	0	MOV      r1,r11	false	
Instruction	8286	S:0xC003D590	0x464A	0	MOV      r2,r9	false	
Instruction	8287	S:0xC003D592	0x2501	0	MOVS     r5,#1	false	
Instruction	8288	S:0xC003D594	0xF7FBF970	2	BL       {pc}-0x4d1c ; 0xc0038878	true	
Instruction	8289	S:0xC0038878	0xE92D07F8	0	PUSH     {r3-r10}	false	
Instruction	8290	S:0xC003887C	0xAF00	0	ADD      r7,sp,#0	false	
Instruction	8291	S:0xC003887E	0xB500	0	PUSH     {lr}	false	
Instruction	8292	S:0xC0038880	0xF85DEB04	0	POP      {lr}	false	
Instruction	8293	S:0xC0038884	0x466C	0	MOV      r4,sp	false	
Instruction	8294	S:0xC0038886	0xF42453FF	0	BIC      r3,r4,#0x1fe0	false	
Instruction	8295	S:0xC003888A	0x4E43	0	LDR      r6,[pc,#268] ; [0xC0038998] = 0xC05F3080	false	
Instruction	8296	S:0xC003888C	0xF023031F	0	BIC      r3,r3,#0x1f	false	
Instruction	8297	S:0xC0038890	0xF8D3A014	0	LDR      r10,[r3,#0x14]	false	
Instruction	8298	S:0xC0038894	0xEE1D3F90	0	MRC      p15,#0x0,r3,c13,c0,#4	false	
Instruction	8299	S:0xC0038898	0x4551	0	CMP      r1,r10	false	
Instruction	8300	S:0xC003889A	0x4433	0	ADD      r3,r3,r6	false	
Instruction	8301	S:0xC003889C	0xD068	15	BEQ      {pc}+0xd4 ; 0xc0038970	true	fail
Instruction	8302	S:0xC003889E	0x4684	0	MOV      r12,r0	false	
Instruction	8303	S:0xC00388A0	0xF04F0801	0	MOV      r8,#1	false	
Instruction	8304	S:0xC00388A4	0xF04F0900	0	MOV      r9,#0	false	
Instruction	8305	S:0xC00388A8	0xE9FC454C	0	LDRD     r4,r5,[r12,#0x130]!	false	
Instruction	8306	S:0xC00388AC	0xEB140408	0	ADDS     r4,r4,r8	false	
Instruction	8307	S:0xC00388B0	0xEB450509	0	ADC      r5,r5,r9	false	
Instruction	8308	S:0xC00388B4	0xE9CC4500	0	STRD     r4,r5,[r12,#0]	false	
Instruction	8309	S:0xC00388B8	0x4C38	0	LDR      r4,[pc,#224] ; [0xC003899C] = 0xC05FD5C0	false	
Instruction	8310	S:0xC00388BA	0xF854402A	0	LDR      r4,[r4,r10,LSL #2]	false	
Instruction	8311	S:0xC00388BE	0x1936	0	ADDS     r6,r6,r4	false	
Instruction	8312	S:0xC00388C0	0xF8D64490	0	LDR      r4,[r6,#0x490]	false	
Instruction	8313	S:0xC00388C4	0xB1F4	12	CBZ      r4,{pc}+0x40 ; 0xc0038904	true	fail
Instruction	8314	S:0xC00388C6	0xF101051F	0	ADD      r5,r1,#0x1f	false	
Instruction	8315	S:0xC00388CA	0xF001061F	0	AND      r6,r1,#0x1f	false	
Instruction	8316	S:0xC00388CE	0xEA310121	0	BICS     r1,r1,r1,ASR #32	false	
Instruction	8317	S:0xC00388D2	0xBF28	0	IT       CS	false	
Instruction	8318	S:0xC00388D4	0x4629	0	MOV      r1,r5	false	
Instruction	8319	S:0xC00388D6	0x114D	0	ASRS     r5,r1,#5	false	
Instruction	8320	S:0xC00388D8	0x00AD	0	LSLS     r5,r5,#2	false	
Instruction	8321	S:0xC00388DA	0x1961	0	ADDS     r1,r4,r5	false	
Instruction	8322	S:0xC00388DC	0xF8D110F8	0	LDR      r1,[r1,#0xf8]	false	
Instruction	8323	S:0xC00388E0	0x40F1	0	LSRS     r1,r1,r6	false	
Instruction	8324	S:0xC00388E2	0x07C9	0	LSLS     r1,r1,#31	false	
Instruction	8325	S:0xC00388E4	0xBF5E	0	ITTT     PL	false	
Instruction	8326	S:0xC00388E6	0xF04F0C01	0	MOV      r12,#1	false	
Instruction	8327	S:0xC00388EA	0x4621	0	MOV      r1,r4	false	
Instruction	8328	S:0xC00388EC	0xFA0CF606	0	LSL      r6,r12,r6	false	
Instruction	8329	S:0xC00388F0	0xD504	13	BPL      {pc}+0xc ; 0xc00388fc	true	
Instruction	8330	S:0xC00388FC	0x6809	0	LDR      r1,[r1,#0]	false	
Instruction	8331	S:0xC00388FE	0x194C	0	ADDS     r4,r1,r5	false	
Instruction	8332	S:0xC0038900	0x2900	0	CMP      r1,#0	false	
Instruction	8333	S:0xC0038902	0xD1F7	7	BNE      {pc}-0xe ; 0xc00388f4	true	
Instruction	8334	S:0xC00388F4	0xF8D440F8	0	LDR      r4,[r4,#0xf8]	false	
Instruction	8335	S:0xC00388F8	0x4234	0	TST      r4,r6	false	
Instruction	8336	S:0xC00388FA	0xD133	19	BNE      {pc}+0x6a ; 0xc0038964	true	
Instruction	8337	S:0xC0038964	0xF8D140DC	0	LDR      r4,[r1,#0xdc]	false	
Instruction	8338	S:0xC0038968	0x3401	0	ADDS     r4,#1	false	
Instruction	8339	S:0xC003896A	0xF8C140DC	0	STR      r4,[r1,#0xdc]	false	
Instruction	8340	S:0xC003896E	0xE7C9	3	B        {pc}-0x6a ; 0xc0038904	true	
Instruction	8341	S:0xC0038904	0x0751	0	LSLS     r1,r2,#29	false	
Instruction	8342	S:0xC0038906	0xD50C	1	BPL      {pc}+0x1c ; 0xc0038922	true	
Instruction	8343	S:0xC0038922	0xF8D3458C	0	LDR      r4,[r3,#0x58c]	false	
Instruction	8344	S:0xC0038926	0x4601	0	MOV      r1,r0	false	
Instruction	8345	S:0xC0038928	0xF04F0801	0	MOV      r8,#1	false	
Instruction	8346	S:0xC003892C	0xF04F0900	0	MOV      r9,#0	false	
Instruction	8347	S:0xC0038930	0x3401	0	ADDS     r4,#1	false	
Instruction	8348	S:0xC0038932	0xF8C3458C	0	STR      r4,[r3,#0x58c]	false	
Instruction	8349	S:0xC0038936	0xE9F14544	0	LDRD     r4,r5,[r1,#0x110]!	false	
Instruction	8350	S:0xC003893A	0xEB140408	0	ADDS     r4,r4,r8	false	
Instruction	8351	S:0xC003893E	0xEB450509	0	ADC      r5,r5,r9	false	
Instruction	8352	S:0xC0038942	0x07D3	0	LSLS     r3,r2,#31	false	
Instruction	8353	S:0xC0038944	0xE9C14500	0	STRD     r4,r5,[r1,#0]	false	
Instruction	8354	S:0xC0038948	0xD507	6	BPL      {pc}+0x12 ; 0xc003895a	true	
Instruction	8355	S:0xC003895A	0x46BD	0	MOV      sp,r7	false	
Instruction	8356	S:0xC003895C	0xE8BD07F8	0	POP      {r3-r10}	false	
Instruction	8357	S:0xC0038960	0x4770	9	BX       lr	true	
Instruction	8358	S:0xC003D598	0x4640	0	MOV      r0,r8	false	
Instruction	8359	S:0xC003D59A	0x4651	0	MOV      r1,r10	false	
Instruction	8360	S:0xC003D59C	0xF3A7F85C	1	BL       {pc}+0x3a70bc ; 0xc03e4658	true	
Instruction	8361	S:0xC03E4658	0x?	599	Cannot access target memory	false	
Instruction	8362	S:0xC003D5A0	0x4628	0	MOV      r0,r5	false	
Instruction	8363	S:0xC003D5A2	0xF1070714	0	ADD      r7,r7,#0x14	false	
Instruction	8364	S:0xC003D5A6	0x46BD	0	MOV      sp,r7	false	
Instruction	8365	S:0xC003D5A8	0xE8BD8FF0	19	POP      {r4-r11,pc}	true	
Instruction	8366	S:0xC00BFDEC	0x?	2	Cannot access target memory	false	
Instruction	8367	S:0xC00389DC	0x462C	0	MOV      r4,r5	false	
Instruction	8368	S:0xC00389DE	0xF105030C	0	ADD      r3,r5,#0xc	false	
Instruction	8369	S:0xC00389E2	0xB128	2	CBZ      r0,{pc}+0xe ; 0xc00389f0	true	fail
Instruction	8370	S:0xC00389E4	0x07F0	0	LSLS     r0,r6,#31	false	
Instruction	8371	S:0xC00389E6	0xD503	1	BPL      {pc}+0xa ; 0xc00389f0	true	
Instruction	8372	S:0xC00389F0	0x68ED	0	LDR      r5,[r5,#0xc]	false	
Instruction	8373	S:0xC00389F2	0x4598	0	CMP      r8,r3	false	
Instruction	8374	S:0xC00389F4	0xF1A5050C	0	SUB      r5,r5,#0xc	false	
Instruction	8375	S:0xC00389F8	0xD1E8	1	BNE      {pc}-0x2c ; 0xc00389cc	true	fail
Instruction	8376	S:0xC00389FA	0xF107070C	0	ADD      r7,r7,#0xc	false	
Instruction	8377	S:0xC00389FE	0x46BD	0	MOV      sp,r7	false	
Instruction	8378	S:0xC0038A00	0xE8BD8FF0	10	POP      {r4-r11,pc}	true	
Instruction	8379	S:0xC0039268	0x4620	0	MOV      r0,r4	false	
Instruction	8380	S:0xC003926A	0x4629	0	MOV      r1,r5	false	
Instruction	8381	S:0xC003926C	0xF1070704	0	ADD      r7,r7,#4	false	
Instruction	8382	S:0xC0039270	0x46BD	0	MOV      sp,r7	false	
Instruction	8383	S:0xC0039272	0xE8BD43F0	0	POP      {r4-r9,lr}	false	
Instruction	8384	S:0xC0039276	0xF3ABB9EF	8	B.W      {pc}+0x3ab3e2 ; 0xc03e4658	true	
Cycle Count				2361	Tracing disabled		
Info					Tracing enabled		
Instruction	8385	S:0xC002E728	0x6C3B	0	LDR      r3,[r7,#0x40]	false	
Instruction	8386	S:0xC002E72A	0x4A6B	0	LDR      r2,[pc,#428] ; [0xC002E8D8] = 0xC0635EB4	false	
Instruction	8387	S:0xC002E72C	0x2B00	0	CMP      r3,#0	false	
Instruction	8388	S:0xC002E72E	0xF04080A9	2	BNE.W    {pc}+0x156 ; 0xc002e884	true	fail
Instruction	8389	S:0xC002E732	0xF8D83004	0	LDR      r3,[r8,#4]	false	
Instruction	8390	S:0xC002E736	0xF0334280	0	BICS     r2,r3,#0x40000000	false	
Instruction	8391	S:0xC002E73A	0xF0408093	1	BNE.W    {pc}+0x12a ; 0xc002e864	true	fail
Instruction	8392	S:0xC002E73E	0x4630	0	MOV      r0,r6	false	
Instruction	8393	S:0xC002E740	0xF3B5FF70	2	BL       {pc}+0x3b5ee4 ; 0xc03e4624	true	
Cycle Count				84	Tracing disabled		
Info					Tracing enabled		
Instruction	8394	S:0xC002E744	0xF1BA0F00	0	CMP      r10,#0	false	
Instruction	8395	S:0xC002E748	0xD16E	2	BNE      {pc}+0xe0 ; 0xc002e828	true	fail
Instruction	8396	S:0xC002E74A	0x6863	0	LDR      r3,[r4,#4]	false	
Instruction	8397	S:0xC002E74C	0xB133	74	CBZ      r3,{pc}+0x10 ; 0xc002e75c	true	fail
Instruction	8398	S:0xC002E74E	0x6822	0	LDR      r2,[r4,#0]	false	
Instruction	8399	S:0xC002E750	0x601A	0	STR      r2,[r3,#0]	false	
Instruction	8400	S:0xC002E752	0xB102	1	CBZ      r2,{pc}+4 ; 0xc002e756	true	
Instruction	8401	S:0xC002E756	0x2300	0	MOVS     r3,#0	false	
Instruction	8402	S:0xC002E758	0x6023	0	STR      r3,[r4,#0]	false	
Instruction	8403	S:0xC002E75A	0x6063	0	STR      r3,[r4,#4]	false	
Instruction	8404	S:0xC002E75C	0x2300	0	MOVS     r3,#0	false	
Instruction	8405	S:0xC002E75E	0x4648	0	MOV      r0,r9	false	
Instruction	8406	S:0xC002E760	0x9903	0	LDR      r1,[sp,#0xc]	false	
Instruction	8407	S:0xC002E762	0x60A3	0	STR      r3,[r4,#8]	false	
Instruction	8408	S:0xC002E764	0x60E3	0	STR      r3,[r4,#0xc]	false	
Instruction	8409	S:0xC002E766	0x6123	0	STR      r3,[r4,#0x10]	false	
Instruction	8410	S:0xC002E768	0x7523	0	STRB     r3,[r4,#0x14]	false	
Instruction	8411	S:0xC002E76A	0xB005	0	ADD      sp,sp,#0x14	false	
Instruction	8412	S:0xC002E76C	0xE8BD4FF0	0	POP      {r4-r11,lr}	false	
Instruction	8413	S:0xC002E770	0xF7FFBF1E	33	B.W      {pc}-0x1c0 ; 0xc002e5b0	true	
Instruction	8414	S:0xC002E5B0	0xB530	0	PUSH     {r4,r5,lr}	false	
Instruction	8415	S:0xC002E5B2	0xB083	0	SUB      sp,sp,#0xc	false	
Instruction	8416	S:0xC002E5B4	0xB500	0	PUSH     {lr}	false	
Instruction	8417	S:0xC002E5B6	0xF85DEB04	0	POP      {lr}	false	
Instruction	8418	S:0xC002E5BA	0x290F	0	CMP      r1,#0xf	false	
Instruction	8419	S:0xC002E5BC	0x4604	0	MOV      r4,r0	false	
Instruction	8420	S:0xC002E5BE	0xD012	5	BEQ      {pc}+0x28 ; 0xc002e5e6	true	fail
Instruction	8421	S:0xC002E5C0	0x008D	0	LSLS     r5,r1,#2	false	
Instruction	8422	S:0xC002E5C2	0x4603	0	MOV      r3,r0	false	
Instruction	8423	S:0xC002E5C4	0x1942	0	ADDS     r2,r0,r5	false	
Instruction	8424	S:0xC002E5C6	0x6950	0	LDR      r0,[r2,#0x14]	false	
Instruction	8425	S:0xC002E5C8	0x3801	0	SUBS     r0,#1	false	
Instruction	8426	S:0xC002E5CA	0x6150	0	STR      r0,[r2,#0x14]	false	
Instruction	8427	S:0xC002E5CC	0x6D22	0	LDR      r2,[r4,#0x50]	false	
Instruction	8428	S:0xC002E5CE	0x3A01	0	SUBS     r2,#1	false	
Instruction	8429	S:0xC002E5D0	0x6522	0	STR      r2,[r4,#0x50]	false	
Instruction	8430	S:0xC002E5D2	0xF8530F58	0	LDR      r0,[r3,#0x58]!	false	
Instruction	8431	S:0xC002E5D6	0x4298	0	CMP      r0,r3	false	
Instruction	8432	S:0xC002E5D8	0xD002	14	BEQ      {pc}+8 ; 0xc002e5e0	true	
Instruction	8433	S:0xC002E5E0	0x68E3	0	LDR      r3,[r4,#0xc]	false	
Instruction	8434	S:0xC002E5E2	0x4299	0	CMP      r1,r3	false	
Instruction	8435	S:0xC002E5E4	0xD011	18	BEQ      {pc}+0x26 ; 0xc002e60a	true	fail
Instruction	8436	S:0xC002E5E6	0x6923	0	LDR      r3,[r4,#0x10]	false	
Instruction	8437	S:0xC002E5E8	0x3B01	0	SUBS     r3,#1	false	
Instruction	8438	S:0xC002E5EA	0x6123	0	STR      r3,[r4,#0x10]	false	
Instruction	8439	S:0xC002E5EC	0xB13B	2	CBZ      r3,{pc}+0x12 ; 0xc002e5fe	true	fail
Instruction	8440	S:0xC002E5EE	0xB003	0	ADD      sp,sp,#0xc	false	
Instruction	8441	S:0xC002E5F0	0xBD30	6	POP      {r4,r5,pc}	true	
Instruction	8442	S:0xC002EC1A	0x69A2	0	LDR      r2,[r4,#0x18]	false	
Instruction	8443	S:0xC002EC1C	0x4296	0	CMP      r6,r2	false	
Instruction	8444	S:0xC002EC1E	0xD14D	1	BNE      {pc}+0x9e ; 0xc002ecbc	true	fail
Instruction	8445	S:0xC002EC20	0xF8DB1014	0	LDR      r1,[r11,#0x14]	false	
Instruction	8446	S:0xC002EC24	0x428D	0	CMP      r5,r1	false	
Instruction	8447	S:0xC002EC26	0xD003	2	BEQ      {pc}+0xa ; 0xc002ec30	true	
Instruction	8448	S:0xC002EC30	0x6A21	0	LDR      r1,[r4,#0x20]	false	
Instruction	8449	S:0xC002EC32	0x68FA	0	LDR      r2,[r7,#0xc]	false	
Instruction	8450	S:0xC002EC34	0x6A63	0	LDR      r3,[r4,#0x24]	false	
Instruction	8451	S:0xC002EC36	0x4291	0	CMP      r1,r2	false	
Instruction	8452	S:0xC002EC38	0xD173	19	BNE      {pc}+0xea ; 0xc002ed22	true	fail
Instruction	8453	S:0xC002EC3A	0x6AE2	0	LDR      r2,[r4,#0x2c]	false	
Instruction	8454	S:0xC002EC3C	0xF4127FE4	0	TST      r2,#0x1c8	false	
Instruction	8455	S:0xC002EC40	0xD10B	1	BNE      {pc}+0x1a ; 0xc002ec5a	true	fail
Instruction	8456	S:0xC002EC42	0xF5037200	0	ADD      r2,r3,#0x200	false	
Instruction	8457	S:0xC002EC46	0xE8521F00	0	LDREX    r1,[r2]	false	
Instruction	8458	S:0xC002EC4A	0xF1A10101	0	SUB      r1,r1,#1	false	
Instruction	8459	S:0xC002EC4E	0xE8421000	0	STREX    r0,r1,[r2]	false	
Instruction	8460	S:0xC002EC52	0xF0900F00	0	TEQ      r0,#0	false	
Instruction	8461	S:0xC002EC56	0xD1F6	37	BNE      {pc}-0x10 ; 0xc002ec46	true	fail
Instruction	8462	S:0xC002EC58	0x6AE2	0	LDR      r2,[r4,#0x2c]	false	
Instruction	8463	S:0xC002EC5A	0xF0420208	0	ORR      r2,r2,#8	false	
Instruction	8464	S:0xC002EC5E	0x62E2	0	STR      r2,[r4,#0x2c]	false	
Instruction	8465	S:0xC002EC60	0xF8DB2014	0	LDR      r2,[r11,#0x14]	false	
Instruction	8466	S:0xC002EC64	0x4295	0	CMP      r5,r2	false	
Instruction	8467	S:0xC002EC66	0xD01F	24	BEQ      {pc}+0x42 ; 0xc002eca8	true	
Instruction	8468	S:0xC002ECA8	0xF8DB2010	0	LDR      r2,[r11,#0x10]	false	
Instruction	8469	S:0xC002ECAC	0x07D2	0	LSLS     r2,r2,#31	false	
Instruction	8470	S:0xC002ECAE	0xD5E6	18	BPL      {pc}-0x30 ; 0xc002ec7e	true	
Instruction	8471	S:0xC002EC7E	0x4620	0	MOV      r0,r4	false	
Instruction	8472	S:0xC002EC80	0xF7FDFF0E	3	BL       {pc}-0x21e0 ; 0xc002caa0	true	
Instruction	8473	S:0xC002CAA0	0xB538	0	PUSH     {r3-r5,lr}	false	
Instruction	8474	S:0xC002CAA2	0xB500	0	PUSH     {lr}	false	
Instruction	8475	S:0xC002CAA4	0xF85DEB04	0	POP      {lr}	false	
Instruction	8476	S:0xC002CAA8	0x6AC3	0	LDR      r3,[r0,#0x2c]	false	
Instruction	8477	S:0xC002CAAA	0x6A44	0	LDR      r4,[r0,#0x24]	false	
Instruction	8478	S:0xC002CAAC	0x075A	0	LSLS     r2,r3,#29	false	
Instruction	8479	S:0xC002CAAE	0xD44D	143	BMI      {pc}+0x9e ; 0xc002cb4c	true	fail
Instruction	8480	S:0xC002CAB0	0x6802	0	LDR      r2,[r0,#0]	false	
Instruction	8481	S:0xC002CAB2	0x4290	0	CMP      r0,r2	false	
Instruction	8482	S:0xC002CAB4	0xD008	1	BEQ      {pc}+0x14 ; 0xc002cac8	true	fail
Instruction	8483	S:0xC002CAB6	0xB122	1	CBZ      r2,{pc}+0xc ; 0xc002cac2	true	
Instruction	8484	S:0xC002CAC2	0x6842	0	LDR      r2,[r0,#4]	false	
Instruction	8485	S:0xC002CAC4	0x2A00	0	CMP      r2,#0	false	
Instruction	8486	S:0xC002CAC6	0xD1F7	26	BNE      {pc}-0xe ; 0xc002cab8	true	fail
Instruction	8487	S:0xC002CAC8	0x492B	0	LDR      r1,[pc,#172] ; [0xC002CB78]	false	
Instruction	8488	S:0xC002CACA	0xF0430304	0	ORR      r3,r3,#4	false	
Instruction	8489	S:0xC002CACE	0x62C3	0	STR      r3,[r0,#0x2c]	false	
Instruction	8490	S:0xC002CAD0	0xF1040324	0	ADD      r3,r4,#0x24	false	
Instruction	8491	S:0xC002CAD4	0x6A22	0	LDR      r2,[r4,#0x20]	false	
Instruction	8492	S:0xC002CAD6	0x680D	0	LDR      r5,[r1,#0]	false	
Instruction	8493	S:0xC002CAD8	0x3201	0	ADDS     r2,#1	false	
Instruction	8494	S:0xC002CADA	0x6222	0	STR      r2,[r4,#0x20]	false	
Instruction	8495	S:0xC002CADC	0x6285	0	STR      r5,[r0,#0x28]	false	
Instruction	8496	S:0xC002CADE	0x6A62	0	LDR      r2,[r4,#0x24]	false	
Instruction	8497	S:0xC002CAE0	0x6050	0	STR      r0,[r2,#4]	false	
Instruction	8498	S:0xC002CAE2	0xE880000C	0	STM      r0,{r2,r3}	false	
Instruction	8499	S:0xC002CAE6	0xF8D45194	0	LDR      r5,[r4,#0x194]	false	
Instruction	8500	S:0xC002CAEA	0x6A22	0	LDR      r2,[r4,#0x20]	false	
Instruction	8501	S:0xC002CAEC	0x6260	0	STR      r0,[r4,#0x24]	false	
Instruction	8502	S:0xC002CAEE	0x2D01	0	CMP      r5,#1	false	
Instruction	8503	S:0xC002CAF0	0xBF18	0	IT       NE	false	
Instruction	8504	S:0xC002CAF2	0x3201	0	ADDS     r2,#1	false	
Instruction	8505	S:0xC002CAF4	0x4298	0	CMP      r0,r3	false	
Instruction	8506	S:0xC002CAF6	0x69E5	0	LDR      r5,[r4,#0x1c]	false	
Instruction	8507	S:0xC002CAF8	0xD008	249	BEQ      {pc}+0x14 ; 0xc002cb0c	true	fail
Instruction	8508	S:0xC002CAFA	0x2A02	0	CMP      r2,#2	false	
Instruction	8509	S:0xC002CAFC	0xDD06	1	BLE      {pc}+0x10 ; 0xc002cb0c	true	
Instruction	8510	S:0xC002CB0C	0x6923	0	LDR      r3,[r4,#0x10]	false	
Instruction	8511	S:0xC002CB0E	0x0759	0	LSLS     r1,r3,#29	false	
Instruction	8512	S:0xC002CB10	0xD4D6	18	BMI      {pc}-0x50 ; 0xc002cac0	true	fail
Instruction	8513	S:0xC002CB12	0x69E2	0	LDR      r2,[r4,#0x1c]	false	
Instruction	8514	S:0xC002CB14	0x6A23	0	LDR      r3,[r4,#0x20]	false	
Instruction	8515	S:0xC002CB16	0x429A	0	CMP      r2,r3	false	
Instruction	8516	S:0xC002CB18	0xD1D2	22	BNE      {pc}-0x58 ; 0xc002cac0	true	fail
Instruction	8517	S:0xC002CB1A	0xF8D43200	0	LDR      r3,[r4,#0x200]	false	
Instruction	8518	S:0xC002CB1E	0xB903	20	CBNZ     r3,{pc}+4 ; 0xc002cb22	true	fail
Instruction	8519	S:0xC002CB20	0xBD38	3	POP      {r3-r5,pc}	true	
Instruction	8520	S:0xC002EC84	0x68FA	0	LDR      r2,[r7,#0xc]	false	
Instruction	8521	S:0xC002EC86	0x2101	0	MOVS     r1,#1	false	
Instruction	8522	S:0xC002EC88	0x6011	0	STR      r1,[r2,#0]	false	
Instruction	8523	S:0xC002EC8A	0xF3BF8F5F	0	DMB      	false	
Instruction	8524	S:0xC002EC8E	0xF8BB2000	0	LDRH     r2,[r11,#0]	false	
Instruction	8525	S:0xC002EC92	0x1852	0	ADDS     r2,r2,r1	false	
Instruction	8526	S:0xC002EC94	0xF8AB2000	0	STRH     r2,[r11,#0]	false	
Instruction	8527	S:0xC002EC98	0xF3BF8F4F	0	DSB      	false	
Instruction	8528	S:0xC002EC9C	0xF3AF8004	0	SEV.W    	false	
Instruction	8529	S:0xC002ECA0	0xB662	0	CPSIE    i	false	
Instruction	8530	S:0xC002ECA2	0xF3B5F83D	883	BL       {pc}+0x3b507e ; 0xc03e3d20	true	
Cycle Count				710	Tracing disabled		
Info					Tracing enabled		
Instruction	8531	S:0xC003BE34	0xB488	0	PUSH     {r3,r7}	false	
Instruction	8532	S:0xC003BE36	0xAF00	0	ADD      r7,sp,#0	false	
Instruction	8533	S:0xC003BE38	0xB500	0	PUSH     {lr}	false	
Instruction	8534	S:0xC003BE3A	0xF85DEB04	0	POP      {lr}	false	
Instruction	8535	S:0xC003BE3E	0x680B	0	LDR      r3,[r1,#0]	false	
Instruction	8536	S:0xC003BE40	0x079B	0	LSLS     r3,r3,#30	false	
Instruction	8537	S:0xC003BE42	0xD507	10	BPL      {pc}+0x12 ; 0xc003be54	true	
Instruction	8538	S:0xC003BE54	0x46BD	0	MOV      sp,r7	false	
Instruction	8539	S:0xC003BE56	0xBC88	0	POP      {r3,r7}	false	
Instruction	8540	S:0xC003BE58	0xF7FFBCBC	22	B.W      {pc}-0x684 ; 0xc003b7d4	true	
Instruction	8541	S:0xC003B7D4	0xE92D47F0	0	PUSH     {r4-r10,lr}	false	
Instruction	8542	S:0xC003B7D8	0xAF00	0	ADD      r7,sp,#0	false	
Instruction	8543	S:0xC003B7DA	0xB500	0	PUSH     {lr}	false	
Instruction	8544	S:0xC003B7DC	0xF85DEB04	0	POP      {lr}	false	
Instruction	8545	S:0xC003B7E0	0x460E	0	MOV      r6,r1	false	
Instruction	8546	S:0xC003B7E2	0x4692	0	MOV      r10,r2	false	
Instruction	8547	S:0xC003B7E4	0x4680	0	MOV      r8,r0	false	
Instruction	8548	S:0xC003B7E6	0xF7FFFFCF	8	BL       {pc}-0x5e ; 0xc003b788	true	
Instruction	8549	S:0xC003B788	0xE92D43C8	0	PUSH     {r3,r6-r9,lr}	false	
Instruction	8550	S:0xC003B78C	0xAF00	0	ADD      r7,sp,#0	false	
Instruction	8551	S:0xC003B78E	0xB500	0	PUSH     {lr}	false	
Instruction	8552	S:0xC003B790	0xF85DEB04	0	POP      {lr}	false	
Instruction	8553	S:0xC003B794	0x6AC3	0	LDR      r3,[r0,#0x2c]	false	
Instruction	8554	S:0xC003B796	0x4606	0	MOV      r6,r0	false	
Instruction	8555	S:0xC003B798	0x2B00	0	CMP      r3,#0	false	
Instruction	8556	S:0xC003B79A	0xDD01	9	BLE      {pc}+6 ; 0xc003b7a0	true	
Instruction	8557	S:0xC003B7A0	0xF8D004C0	0	LDR      r0,[r0,#0x4c0]	false	
Instruction	8558	S:0xC003B7A4	0xF003FD86	19	BL       {pc}+0x3b10 ; 0xc003f2b4	true	
Instruction	8559	S:0xC003F2B4	0x4B03	0	LDR      r3,[pc,#12] ; [0xC003F2C4] = 0xC05FC57C	false	
Instruction	8560	S:0xC003F2B6	0x6818	0	LDR      r0,[r3,#0]	false	
Instruction	8561	S:0xC003F2B8	0xB108	10	CBZ      r0,{pc}+6 ; 0xc003f2be	true	fail
Instruction	8562	S:0xC003F2BA	0xF7CFBD35	1	B        {pc}-0x30592 ; 0xc000ed28	true	
Instruction	8563	S:0xC000ED28	0xB508	0	PUSH     {r3,lr}	false	
Instruction	8564	S:0xC000ED2A	0xF24C43CC	0	MOV      r3,#0xc4cc	false	
Instruction	8565	S:0xC000ED2E	0xF2CC035F	0	MOVT     r3,#0xc05f	false	
Instruction	8566	S:0xC000ED32	0x689B	0	LDR      r3,[r3,#8]	false	
Instruction	8567	S:0xC000ED34	0x4798	3	BLX      r3	true	
Instruction	8568	S:0xC00113EC	0xF24A2340	0	MOV      r3,#0xa240	false	
Instruction	8569	S:0xC00113F0	0xF2CC0362	0	MOVT     r3,#0xc062	false	
Instruction	8570	S:0xC00113F4	0xB510	0	PUSH     {r4,lr}	false	
Instruction	8571	S:0xC00113F6	0x681B	0	LDR      r3,[r3,#0]	false	
Instruction	8572	S:0xC00113F8	0x4798	4	BLX      r3	true	
Cycle Count				57	Tracing disabled		
Info					Tracing enabled		
Instruction	8573	S:0xC00113FA	0xF24C5320	0	MOV      r3,#0xc520	false	
Instruction	8574	S:0xC00113FE	0xF2CC035F	0	MOVT     r3,#0xc05f	false	
Instruction	8575	S:0xC0011402	0x681C	0	LDR      r4,[r3,#0]	false	
Instruction	8576	S:0xC0011404	0xFBA02304	0	UMULL    r2,r3,r0,r4	false	
Instruction	8577	S:0xC0011408	0x4610	0	MOV      r0,r2	false	
Instruction	8578	S:0xC001140A	0xFB043101	0	MLA      r1,r4,r1,r3	false	
Instruction	8579	S:0xC001140E	0xBD10	4	POP      {r4,pc}	true	
Instruction	8580	S:0xC000ED36	0xBD08	8	POP      {r3,pc}	true	
Instruction	8581	S:0xC003B7A8	0xF506638F	0	ADD      r3,r6,#0x478	false	
Instruction	8582	S:0xC003B7AC	0xF5066690	0	ADD      r6,r6,#0x480	false	
Instruction	8583	S:0xC003B7B0	0xE9D38900	0	LDRD     r8,r9,[r3,#0]	false	
Instruction	8584	S:0xC003B7B4	0xE9C30100	0	STRD     r0,r1,[r3,#0]	false	
Instruction	8585	S:0xC003B7B8	0xE9D62300	0	LDRD     r2,r3,[r6,#0]	false	
Instruction	8586	S:0xC003B7BC	0xEBB20208	0	SUBS     r2,r2,r8	false	
Instruction	8587	S:0xC003B7C0	0xEB630309	0	SBC      r3,r3,r9	false	
Instruction	8588	S:0xC003B7C4	0x1812	0	ADDS     r2,r2,r0	false	
Instruction	8589	S:0xC003B7C6	0xEB430301	0	ADC      r3,r3,r1	false	
Instruction	8590	S:0xC003B7CA	0xE9C62300	0	STRD     r2,r3,[r6,#0]	false	
Instruction	8591	S:0xC003B7CE	0xE8BD83C8	3	POP      {r3,r6-r9,pc}	true	
Instruction	8592	S:0xC003B7EA	0x6870	0	LDR      r0,[r6,#4]	false	
Instruction	8593	S:0xC003B7EC	0xF8DFE070	0	LDR      lr,[pc,#112] ; [0xC003B860] = 0xC05FD5C0	false	
Instruction	8594	S:0xC003B7F0	0x4631	0	MOV      r1,r6	false	
Instruction	8595	S:0xC003B7F2	0xF8DFC070	0	LDR      r12,[pc,#112] ; [0xC003B864] = 0xC05F3080	false	
Instruction	8596	S:0xC003B7F6	0x6944	0	LDR      r4,[r0,#0x14]	false	
Instruction	8597	S:0xC003B7F8	0xE9F1237A	0	LDRD     r2,r3,[r1,#0x1e8]!	false	
Instruction	8598	S:0xC003B7FC	0x4665	0	MOV      r5,r12	false	
Instruction	8599	S:0xC003B7FE	0xF85E4024	0	LDR      r4,[lr,r4,LSL #2]	false	
Instruction	8600	S:0xC003B802	0xEA520903	0	ORRS     r9,r2,r3	false	
Instruction	8601	S:0xC003B806	0x4425	0	ADD      r5,r5,r4	false	
Instruction	8602	S:0xC003B808	0xF505658F	0	ADD      r5,r5,#0x478	false	
Instruction	8603	S:0xC003B80C	0xE9D54500	0	LDRD     r4,r5,[r5,#0]	false	
Instruction	8604	S:0xC003B810	0xD002	10	BEQ      {pc}+8 ; 0xc003b818	true	
Instruction	8605	S:0xC003B818	0x46B1	0	MOV      r9,r6	false	
Instruction	8606	S:0xC003B81A	0x2400	0	MOVS     r4,#0	false	
Instruction	8607	S:0xC003B81C	0x2500	0	MOVS     r5,#0	false	
Instruction	8608	S:0xC003B81E	0xE9C14500	0	STRD     r4,r5,[r1,#0]	false	
Instruction	8609	S:0xC003B822	0xE9F94576	0	LDRD     r4,r5,[r9,#0x1d8]!	false	
Instruction	8610	S:0xC003B826	0x18A4	0	ADDS     r4,r4,r2	false	
Instruction	8611	S:0xC003B828	0xEB450503	0	ADC      r5,r5,r3	false	
Instruction	8612	S:0xC003B82C	0xE9C94500	0	STRD     r4,r5,[r9,#0]	false	
Instruction	8613	S:0xC003B830	0x6941	0	LDR      r1,[r0,#0x14]	false	
Instruction	8614	S:0xC003B832	0xF85E1021	0	LDR      r1,[lr,r1,LSL #2]	false	
Instruction	8615	S:0xC003B836	0xEB1C0C01	0	ADDS     r12,r12,r1	false	
Instruction	8616	S:0xC003B83A	0xD008	13	BEQ      {pc}+0x14 ; 0xc003b84e	true	fail
Instruction	8617	S:0xC003B83C	0xF50C6CAC	0	ADD      r12,r12,#0x560	false	
Instruction	8618	S:0xC003B840	0xE9DC0100	0	LDRD     r0,r1,[r12,#0]	false	
Instruction	8619	S:0xC003B844	0x1880	0	ADDS     r0,r0,r2	false	
Instruction	8620	S:0xC003B846	0xEB410103	0	ADC      r1,r1,r3	false	
Instruction	8621	S:0xC003B84A	0xE9CC0100	0	STRD     r0,r1,[r12,#0]	false	
Instruction	8622	S:0xC003B84E	0x6B33	0	LDR      r3,[r6,#0x30]	false	
Instruction	8623	S:0xC003B850	0x4640	0	MOV      r0,r8	false	
Instruction	8624	S:0xC003B852	0x4652	0	MOV      r2,r10	false	
Instruction	8625	S:0xC003B854	0x4631	0	MOV      r1,r6	false	
Instruction	8626	S:0xC003B856	0x689B	0	LDR      r3,[r3,#8]	false	
Instruction	8627	S:0xC003B858	0x4798	14	BLX      r3	true	
Instruction	8628	S:0xC004268C	0xE92D4FF0	0	PUSH     {r4-r11,lr}	false	
Instruction	8629	S:0xC0042690	0xB09B	0	SUB      sp,sp,#0x6c	false	
Instruction	8630	S:0xC0042692	0xB500	0	PUSH     {lr}	false	
Instruction	8631	S:0xC0042694	0xF85DEB04	0	POP      {lr}	false	
Instruction	8632	S:0xC0042698	0xF1110738	0	ADDS     r7,r1,#0x38	false	
Instruction	8633	S:0xC004269C	0x9014	0	STR      r0,[sp,#0x50]	false	
Instruction	8634	S:0xC004269E	0x9215	0	STR      r2,[sp,#0x54]	false	
Instruction	8635	S:0xC00426A0	0xF0008172	48	BEQ.W    {pc}+0x2e8 ; 0xc0042988	true	fail
Instruction	8636	S:0xC00426A4	0x4691	0	MOV      r9,r2	false	
Instruction	8637	S:0xC00426A6	0xF8D76124	0	LDR      r6,[r7,#0x124]	false	
Instruction	8638	S:0xC00426AA	0xF0090801	0	AND      r8,r9,#1	false	
Instruction	8639	S:0xC00426AE	0x4630	0	MOV      r0,r6	false	
Instruction	8640	S:0xC00426B0	0xF7FDFD2A	2	BL       {pc}-0x25a8 ; 0xc0040108	true	
Instruction	8641	S:0xC0040108	0xE92D4FF0	0	PUSH     {r4-r11,lr}	false	
Instruction	8642	S:0xC004010C	0xB085	0	SUB      sp,sp,#0x14	false	
Instruction	8643	S:0xC004010E	0xB500	0	PUSH     {lr}	false	
Instruction	8644	S:0xC0040110	0xF85DEB04	0	POP      {lr}	false	
Instruction	8645	S:0xC0040114	0xF8D02084	0	LDR      r2,[r0,#0x84]	false	
Instruction	8646	S:0xC0040118	0xF8D0A030	0	LDR      r10,[r0,#0x30]	false	
Instruction	8647	S:0xC004011C	0x4683	0	MOV      r11,r0	false	
Instruction	8648	S:0xC004011E	0xF8D23480	0	LDR      r3,[r2,#0x480]	false	
Instruction	8649	S:0xC0040122	0xF8D2C484	0	LDR      r12,[r2,#0x484]	false	
Instruction	8650	S:0xC0040126	0xF1BA0F00	0	CMP      r10,#0	false	
Instruction	8651	S:0xC004012A	0xD041	17	BEQ      {pc}+0x86 ; 0xc00401b0	true	fail
Instruction	8652	S:0xC004012C	0xF8DA2020	0	LDR      r2,[r10,#0x20]	false	
Instruction	8653	S:0xC0040130	0x1A9A	0	SUBS     r2,r3,r2	false	
Instruction	8654	S:0xC0040132	0xD03D	1	BEQ      {pc}+0x7e ; 0xc00401b0	true	fail
Instruction	8655	S:0xC0040134	0xE9DA6728	0	LDRD     r6,r7,[r10,#0xa0]	false	
Instruction	8656	S:0xC0040138	0x2500	0	MOVS     r5,#0	false	
Instruction	8657	S:0xC004013A	0x4614	0	MOV      r4,r2	false	
Instruction	8658	S:0xC004013C	0x4629	0	MOV      r1,r5	false	
Instruction	8659	S:0xC004013E	0x42BD	0	CMP      r5,r7	false	
Instruction	8660	S:0xC0040140	0xBF08	0	IT       EQ	false	
Instruction	8661	S:0xC0040142	0x42B4	0	CMP      r4,r6	false	
Instruction	8662	S:0xC0040144	0x4610	0	MOV      r0,r2	false	
Instruction	8663	S:0xC0040146	0xBF3C	0	ITT      CC	false	
Instruction	8664	S:0xC0040148	0x4639	0	MOV      r1,r7	false	
Instruction	8665	S:0xC004014A	0x4630	0	MOV      r0,r6	false	
Instruction	8666	S:0xC004014C	0xE9DA670A	0	LDRD     r6,r7,[r10,#0x28]	false	
Instruction	8667	S:0xC0040150	0xF8CA10A4	0	STR      r1,[r10,#0xa4]	false	
Instruction	8668	S:0xC0040154	0x18B6	0	ADDS     r6,r6,r2	false	
Instruction	8669	S:0xC0040156	0xF8CA00A0	0	STR      r0,[r10,#0xa0]	false	
Instruction	8670	S:0xC004015A	0xEB470705	0	ADC      r7,r7,r5	false	
Instruction	8671	S:0xC004015E	0xE9CA670A	0	STRD     r6,r7,[r10,#0x28]	false	
Instruction	8672	S:0xC0040162	0xE9DB6704	0	LDRD     r6,r7,[r11,#0x10]	false	
Instruction	8673	S:0xC0040166	0x18B6	0	ADDS     r6,r6,r2	false	
Instruction	8674	S:0xC0040168	0xEB470705	0	ADC      r7,r7,r5	false	
Instruction	8675	S:0xC004016C	0xE9CB6704	0	STRD     r6,r7,[r11,#0x10]	false	
Instruction	8676	S:0xC0040170	0xF8DA1000	0	LDR      r1,[r10,#0]	false	
Instruction	8677	S:0xC0040174	0xF5B16F80	0	CMP      r1,#0x400	false	
Instruction	8678	S:0xC0040178	0xBF04	0	ITT      EQ	false	
Instruction	8679	S:0xC004017A	0x4690	0	MOV      r8,r2	false	
Instruction	8680	S:0xC004017C	0x46A9	0	MOV      r9,r5	false	
Instruction	8681	S:0xC004017E	0xD13D	29	BNE      {pc}+0x7e ; 0xc00401fc	true	fail
Instruction	8682	S:0xC0040180	0xE9DA670C	0	LDRD     r6,r7,[r10,#0x30]	false	
Instruction	8683	S:0xC0040184	0x4658	0	MOV      r0,r11	false	
Instruction	8684	S:0xC0040186	0xEB160608	0	ADDS     r6,r6,r8	false	
Instruction	8685	S:0xC004018A	0xEB470709	0	ADC      r7,r7,r9	false	
Instruction	8686	S:0xC004018E	0xE9CA670C	0	STRD     r6,r7,[r10,#0x30]	false	
Instruction	8687	S:0xC0040192	0x9303	0	STR      r3,[sp,#0xc]	false	
Instruction	8688	S:0xC0040194	0xF8CDC008	0	STR      r12,[sp,#8]	false	
Instruction	8689	S:0xC0040198	0xF7FFFB06	3	BL       {pc}-0x9f0 ; 0xc003f7a8	true	
Instruction	8690	S:0xC003F7A8	0xE92D03F0	0	PUSH     {r4-r9}	false	
Instruction	8691	S:0xC003F7AC	0xB500	0	PUSH     {lr}	false	
Instruction	8692	S:0xC003F7AE	0xF85DEB04	0	POP      {lr}	false	
Instruction	8693	S:0xC003F7B2	0x6B03	0	LDR      r3,[r0,#0x30]	false	
Instruction	8694	S:0xC003F7B4	0xE9D04506	0	LDRD     r4,r5,[r0,#0x18]	false	
Instruction	8695	S:0xC003F7B8	0x2B00	0	CMP      r3,#0	false	
Instruction	8696	S:0xC003F7BA	0xD029	31	BEQ      {pc}+0x56 ; 0xc003f810	true	fail
Instruction	8697	S:0xC003F7BC	0x6AC1	0	LDR      r1,[r0,#0x2c]	false	
Instruction	8698	S:0xC003F7BE	0xE9D3230C	0	LDRD     r2,r3,[r3,#0x30]	false	
Instruction	8699	S:0xC003F7C2	0xB171	16	CBZ      r1,{pc}+0x20 ; 0xc003f7e2	true	fail
Instruction	8700	S:0xC003F7C4	0xE9D1670A	0	LDRD     r6,r7,[r1,#0x28]	false	
Instruction	8701	S:0xC003F7C8	0x46B0	0	MOV      r8,r6	false	
Instruction	8702	S:0xC003F7CA	0x46B9	0	MOV      r9,r7	false	
Instruction	8703	S:0xC003F7CC	0xEBB80802	0	SUBS     r8,r8,r2	false	
Instruction	8704	S:0xC003F7D0	0xEB690903	0	SBC      r9,r9,r3	false	
Instruction	8705	S:0xC003F7D4	0xF1B80F00	0	CMP      r8,#0	false	
Instruction	8706	S:0xC003F7D8	0xF1790100	0	SBCS     r1,r9,#0	false	
Instruction	8707	S:0xC003F7DC	0xBFBC	0	ITT      LT	false	
Instruction	8708	S:0xC003F7DE	0x4632	0	MOV      r2,r6	false	
Instruction	8709	S:0xC003F7E0	0x463B	0	MOV      r3,r7	false	
Instruction	8710	S:0xC003F7E2	0x4616	0	MOV      r6,r2	false	
Instruction	8711	S:0xC003F7E4	0x461F	0	MOV      r7,r3	false	
Instruction	8712	S:0xC003F7E6	0x1B36	0	SUBS     r6,r6,r4	false	
Instruction	8713	S:0xC003F7E8	0xEB670705	0	SBC      r7,r7,r5	false	
Instruction	8714	S:0xC003F7EC	0x2E01	0	CMP      r6,#1	false	
Instruction	8715	S:0xC003F7EE	0xF1770100	0	SBCS     r1,r7,#0	false	
Instruction	8716	S:0xC003F7F2	0xDB0A	31	BLT      {pc}+0x18 ; 0xc003f80a	true	
Instruction	8717	S:0xC003F80A	0x4622	0	MOV      r2,r4	false	
Instruction	8718	S:0xC003F80C	0x462B	0	MOV      r3,r5	false	
Instruction	8719	S:0xC003F80E	0xE7F1	14	B        {pc}-0x1a ; 0xc003f7f4	true	
Instruction	8720	S:0xC003F7F4	0xE9C02306	0	STRD     r2,r3,[r0,#0x18]	false	
Instruction	8721	S:0xC003F7F8	0xF3BF8F5F	0	DMB      	false	
Instruction	8722	S:0xC003F7FC	0xE9D02306	0	LDRD     r2,r3,[r0,#0x18]	false	
Instruction	8723	S:0xC003F800	0xE9C02308	0	STRD     r2,r3,[r0,#0x20]	false	
Instruction	8724	S:0xC003F804	0xE8BD03F0	0	POP      {r4-r9}	false	
Instruction	8725	S:0xC003F808	0x4770	119	BX       lr	true	
Instruction	8726	S:0xC004019C	0x9B03	0	LDR      r3,[sp,#0xc]	false	
Instruction	8727	S:0xC004019E	0xF8DA2128	0	LDR      r2,[r10,#0x128]	false	
Instruction	8728	S:0xC00401A2	0xF8CA3020	0	STR      r3,[r10,#0x20]	false	
Instruction	8729	S:0xC00401A6	0xF8DDC008	0	LDR      r12,[sp,#8]	false	
Instruction	8730	S:0xC00401AA	0xF8CAC024	0	STR      r12,[r10,#0x24]	false	
Instruction	8731	S:0xC00401AE	0xB112	2	CBZ      r2,{pc}+8 ; 0xc00401b6	true	
Instruction	8732	S:0xC00401B6	0x4B24	0	LDR      r3,[pc,#144] ; [0xC0040248] = 0xC0636008	false	
Instruction	8733	S:0xC00401B8	0xE9DA670C	0	LDRD     r6,r7,[r10,#0x30]	false	
Instruction	8734	S:0xC00401BC	0x685A	0	LDR      r2,[r3,#4]	false	
Instruction	8735	S:0xC00401BE	0x2A00	0	CMP      r2,#0	false	
Instruction	8736	S:0xC00401C0	0xD12C	29	BNE      {pc}+0x5c ; 0xc004021c	true	fail
Instruction	8737	S:0xC00401C2	0xF8DA639C	0	LDR      r6,[r10,#0x39c]	false	
Instruction	8738	S:0xC00401C6	0xF8D630D8	0	LDR      r3,[r6,#0xd8]	false	
Instruction	8739	S:0xC00401CA	0x2B00	0	CMP      r3,#0	false	
Instruction	8740	S:0xC00401CC	0xD0F0	487	BEQ      {pc}-0x1c ; 0xc00401b0	true	
Instruction	8741	S:0xC00401B0	0xB005	0	ADD      sp,sp,#0x14	false	
Instruction	8742	S:0xC00401B2	0xE8BD8FF0	3	POP      {r4-r11,pc}	true	
Instruction	8743	S:0xC00426B4	0xF8D7C124	0	LDR      r12,[r7,#0x124]	false	
Instruction	8744	S:0xC00426B8	0xF8D73128	0	LDR      r3,[r7,#0x128]	false	
Instruction	8745	S:0xC00426BC	0xF8DC2084	0	LDR      r2,[r12,#0x84]	false	
Instruction	8746	S:0xC00426C0	0xF8D244C0	0	LDR      r4,[r2,#0x4c0]	false	
Instruction	8747	S:0xC00426C4	0x940A	0	STR      r4,[sp,#0x28]	false	
Instruction	8748	S:0xC00426C6	0x2B00	0	CMP      r3,#0	false	
Instruction	8749	S:0xC00426C8	0xF00081F6	3	BEQ.W    {pc}+0x3f0 ; 0xc0042ab8	true	
Instruction	8750	S:0xC0042AB8	0xF5026290	0	ADD      r2,r2,#0x480	false	
Instruction	8751	S:0xC0042ABC	0xE9D24500	0	LDRD     r4,r5,[r2,#0]	false	
Instruction	8752	S:0xC0042AC0	0xE60A	1	B        {pc}-0x3e8 ; 0xc00426d8	true	
Instruction	8753	S:0xC00426D8	0x69FA	0	LDR      r2,[r7,#0x1c]	false	
Instruction	8754	S:0xC00426DA	0x463B	0	MOV      r3,r7	false	
Instruction	8755	S:0xC00426DC	0xE9F3014E	0	LDRD     r0,r1,[r3,#0x138]!	false	
Instruction	8756	S:0xC00426E0	0x9212	0	STR      r2,[sp,#0x48]	false	
Instruction	8757	S:0xC00426E2	0xF8DC2030	0	LDR      r2,[r12,#0x30]	false	
Instruction	8758	S:0xC00426E6	0x1A20	0	SUBS     r0,r4,r0	false	
Instruction	8759	S:0xC00426E8	0xEB650101	0	SBC      r1,r5,r1	false	
Instruction	8760	S:0xC00426EC	0x9305	0	STR      r3,[sp,#0x14]	false	
Instruction	8761	S:0xC00426EE	0xF8CDC010	0	STR      r12,[sp,#0x10]	false	
Instruction	8762	S:0xC00426F2	0x920C	0	STR      r2,[sp,#0x30]	false	
Instruction	8763	S:0xC00426F4	0xF7FDF932	3	BL       {pc}-0x2d98 ; 0xc003f95c	true	
Instruction	8764	S:0xC003F95C	0xE92D03F0	0	PUSH     {r4-r9}	false	
Instruction	8765	S:0xC003F960	0xB500	0	PUSH     {lr}	false	
Instruction	8766	S:0xC003F962	0xF85DEB04	0	POP      {lr}	false	
Instruction	8767	S:0xC003F966	0xF64B7640	0	MOV      r6,#0xbf40	false	
Instruction	8768	S:0xC003F96A	0xF2CC0664	0	MOVT     r6,#0xc064	false	
Instruction	8769	S:0xC003F96E	0x6876	0	LDR      r6,[r6,#4]	false	
Instruction	8770	S:0xC003F970	0xFBA18906	0	UMULL    r8,r9,r1,r6	false	
Instruction	8771	S:0xC003F974	0xEA4F7CE6	0	ASR      r12,r6,#31	false	
Instruction	8772	S:0xC003F978	0xFBA06706	0	UMULL    r6,r7,r0,r6	false	
Instruction	8773	S:0xC003F97C	0xFB01990C	0	MLA      r9,r1,r12,r9	false	
Instruction	8774	S:0xC003F980	0xEA4F4408	0	LSL      r4,r8,#16	false	
Instruction	8775	S:0xC003F984	0xFB00770C	0	MLA      r7,r0,r12,r7	false	
Instruction	8776	S:0xC003F988	0x0C32	0	LSRS     r2,r6,#16	false	
Instruction	8777	S:0xC003F98A	0xEA4F4509	0	LSL      r5,r9,#16	false	
Instruction	8778	S:0xC003F98E	0xEA454518	0	ORR      r5,r5,r8,LSR #16	false	
Instruction	8779	S:0xC003F992	0xEA424207	0	ORR      r2,r2,r7,LSL #16	false	
Instruction	8780	S:0xC003F996	0x0C3B	0	LSRS     r3,r7,#16	false	
Instruction	8781	S:0xC003F998	0x1912	0	ADDS     r2,r2,r4	false	
Instruction	8782	S:0xC003F99A	0xEB430305	0	ADC      r3,r3,r5	false	
Instruction	8783	S:0xC003F99E	0x4610	0	MOV      r0,r2	false	
Instruction	8784	S:0xC003F9A0	0x4619	0	MOV      r1,r3	false	
Instruction	8785	S:0xC003F9A2	0xE8BD03F0	0	POP      {r4-r9}	false	
Instruction	8786	S:0xC003F9A6	0x4770	5	BX       lr	true	
Instruction	8787	S:0xC00426F8	0x9B05	0	LDR      r3,[sp,#0x14]	false	
Instruction	8788	S:0xC00426FA	0xF8DDC010	0	LDR      r12,[sp,#0x10]	false	
Instruction	8789	S:0xC00426FE	0x2800	0	CMP      r0,#0	false	
Instruction	8790	S:0xC0042700	0xF1710E00	0	SBCS     lr,r1,#0	false	
Instruction	8791	S:0xC0042704	0xF2C081CC	1	BLT.W    {pc}+0x39c ; 0xc0042aa0	true	fail
Instruction	8792	S:0xC0042708	0xEA4F2A90	0	LSR      r10,r0,#10	false	
Instruction	8793	S:0xC004270C	0xEA4F2B91	0	LSR      r11,r1,#10	false	
Instruction	8794	S:0xC0042710	0xEA4A5A81	0	ORR      r10,r10,r1,LSL #22	false	
Instruction	8795	S:0xC0042714	0xEA5A000B	0	ORRS     r0,r10,r11	false	
Instruction	8796	S:0xC0042718	0xF00080D4	1	BEQ.W    {pc}+0x1ac ; 0xc00428c4	true	fail
Instruction	8797	S:0xC004271C	0xF64B7140	0	MOV      r1,#0xbf40	false	
Instruction	8798	S:0xC0042720	0xE9C34500	0	STRD     r4,r5,[r3,#0]	false	
Instruction	8799	S:0xC0042724	0xF2CC0164	0	MOVT     r1,#0xc064	false	
Instruction	8800	S:0xC0042728	0x680A	0	LDR      r2,[r1,#0]	false	
Instruction	8801	S:0xC004272A	0x2A00	0	CMP      r2,#0	false	
Instruction	8802	S:0xC004272C	0xF00081BB	2	BEQ.W    {pc}+0x37a ; 0xc0042aa6	true	fail
Instruction	8803	S:0xC0042730	0x9A0A	0	LDR      r2,[sp,#0x28]	false	
Instruction	8804	S:0xC0042732	0x2400	0	MOVS     r4,#0	false	
Instruction	8805	S:0xC0042734	0x940B	0	STR      r4,[sp,#0x2c]	false	
Instruction	8806	S:0xC0042736	0xEB011302	0	ADD      r3,r1,r2,LSL #4	false	
Instruction	8807	S:0xC004273A	0xF8D33098	0	LDR      r3,[r3,#0x98]	false	
Instruction	8808	S:0xC004273E	0x9313	0	STR      r3,[sp,#0x4c]	false	
Instruction	8809	S:0xC0042740	0x930A	0	STR      r3,[sp,#0x28]	false	
Instruction	8810	S:0xC0042742	0xF8D7E134	0	LDR      lr,[r7,#0x134]	false	
Instruction	8811	S:0xC0042746	0xF24032FF	0	MOV      r2,#0x3ff	false	
Instruction	8812	S:0xC004274A	0x9C0C	0	LDR      r4,[sp,#0x30]	false	
Instruction	8813	S:0xC004274C	0x2300	0	MOVS     r3,#0	false	
Instruction	8814	S:0xC004274E	0x1B39	0	SUBS     r1,r7,r4	false	
Instruction	8815	S:0xC0042750	0xEA4F548E	0	LSL      r4,lr,#22	false	
Instruction	8816	S:0xC0042754	0x424D	0	RSBS     r5,r1,#0	false	
Instruction	8817	S:0xC0042756	0xEA4F5494	0	LSR      r4,r4,#22	false	
Instruction	8818	S:0xC004275A	0x414D	0	ADCS     r5,r5,r1	false	
Instruction	8819	S:0xC004275C	0xEB1A0004	0	ADDS     r0,r10,r4	false	
Instruction	8820	S:0xC0042760	0xF14B0100	0	ADC      r1,r11,#0	false	
Instruction	8821	S:0xC0042764	0x428B	0	CMP      r3,r1	false	
Instruction	8822	S:0xC0042766	0xBF08	0	IT       EQ	false	
Instruction	8823	S:0xC0042768	0x4282	0	CMP      r2,r0	false	
Instruction	8824	S:0xC004276A	0xBF28	0	IT       CS	false	
Instruction	8825	S:0xC004276C	0x2400	0	MOVS     r4,#0	false	
Instruction	8826	S:0xC004276E	0xD279	28	BCS      {pc}+0xf6 ; 0xc0042864	true	
Instruction	8827	S:0xC0042864	0x990B	0	LDR      r1,[sp,#0x2c]	false	
Instruction	8828	S:0xC0042866	0x9A0A	0	LDR      r2,[sp,#0x28]	false	
Instruction	8829	S:0xC0042868	0xFB0AF001	0	MUL      r0,r10,r1	false	
Instruction	8830	S:0xC004286C	0xFB02000B	0	MLA      r0,r2,r11,r0	false	
Instruction	8831	S:0xC0042870	0xFBAA2302	0	UMULL    r2,r3,r10,r2	false	
Instruction	8832	S:0xC0042874	0x18C3	0	ADDS     r3,r0,r3	false	
Instruction	8833	S:0xC0042876	0x0A92	0	LSRS     r2,r2,#10	false	
Instruction	8834	S:0xC0042878	0xEA425283	0	ORR      r2,r2,r3,LSL #22	false	
Instruction	8835	S:0xC004287C	0x9B12	0	LDR      r3,[sp,#0x48]	false	
Instruction	8836	S:0xC004287E	0xB123	23	CBZ      r3,{pc}+0xc ; 0xc004288a	true	fail
Instruction	8837	S:0xC0042880	0xF8D73130	0	LDR      r3,[r7,#0x130]	false	
Instruction	8838	S:0xC0042884	0x189B	0	ADDS     r3,r3,r2	false	
Instruction	8839	S:0xC0042886	0xF8C73130	0	STR      r3,[r7,#0x130]	false	
Instruction	8840	S:0xC004288A	0xB125	10	CBZ      r5,{pc}+0xc ; 0xc0042896	true	fail
Instruction	8841	S:0xC004288C	0xF8D73160	0	LDR      r3,[r7,#0x160]	false	
Instruction	8842	S:0xC0042890	0x189A	0	ADDS     r2,r3,r2	false	
Instruction	8843	S:0xC0042892	0xF8C72160	0	STR      r2,[r7,#0x160]	false	
Instruction	8844	S:0xC0042896	0xEB0E010A	0	ADD      r1,lr,r10	false	
Instruction	8845	S:0xC004289A	0xF8C71134	0	STR      r1,[r7,#0x134]	false	
Instruction	8846	S:0xC004289E	0xB18C	2	CBZ      r4,{pc}+0x26 ; 0xc00428c4	true	
Instruction	8847	S:0xC00428C4	0xF0880101	0	EOR      r1,r8,#1	false	
Instruction	8848	S:0xC00428C8	0x4630	0	MOV      r0,r6	false	
Instruction	8849	S:0xC00428CA	0xF7FDF967	18	BL       {pc}-0x2d2e ; 0xc003fb9c	true	
Instruction	8850	S:0xC003FB9C	0xE92D0FF0	0	PUSH     {r4-r11}	false	
Instruction	8851	S:0xC003FBA0	0xB500	0	PUSH     {lr}	false	
Instruction	8852	S:0xC003FBA2	0xF85DEB04	0	POP      {lr}	false	
Instruction	8853	S:0xC003FBA6	0xF8D06084	0	LDR      r6,[r0,#0x84]	false	
Instruction	8854	S:0xC003FBAA	0xE9D0451A	0	LDRD     r4,r5,[r0,#0x68]	false	
Instruction	8855	S:0xC003FBAE	0xF8D67480	0	LDR      r7,[r6,#0x480]	false	
Instruction	8856	S:0xC003FBB2	0xF8D66484	0	LDR      r6,[r6,#0x484]	false	
Instruction	8857	S:0xC003FBB6	0x0D3A	0	LSRS     r2,r7,#20	false	
Instruction	8858	S:0xC003FBB8	0xEA423206	0	ORR      r2,r2,r6,LSL #12	false	
Instruction	8859	S:0xC003FBBC	0x0D33	0	LSRS     r3,r6,#20	false	
Instruction	8860	S:0xC003FBBE	0x1B14	0	SUBS     r4,r2,r4	false	
Instruction	8861	S:0xC003FBC0	0xEB630505	0	SBC      r5,r3,r5	false	
Instruction	8862	S:0xC003FBC4	0xEA540605	0	ORRS     r6,r4,r5	false	
Instruction	8863	S:0xC003FBC8	0xBF14	0	ITE      NE	false	
Instruction	8864	S:0xC003FBCA	0x2600	0	MOVS     r6,#0	false	
Instruction	8865	S:0xC003FBCC	0x2601	0	MOVS     r6,#1	false	
Instruction	8866	S:0xC003FBCE	0x2900	0	CMP      r1,#0	false	
Instruction	8867	S:0xC003FBD0	0xBF14	0	ITE      NE	false	
Instruction	8868	S:0xC003FBD2	0x2600	0	MOVS     r6,#0	false	
Instruction	8869	S:0xC003FBD4	0xF0060601	0	AND      r6,r6,#1	false	
Instruction	8870	S:0xC003FBD8	0x2E00	0	CMP      r6,#0	false	
Instruction	8871	S:0xC003FBDA	0xD167	53	BNE      {pc}+0xd2 ; 0xc003fcac	true	
Instruction	8872	S:0xC003FCAC	0xE8BD0FF0	0	POP      {r4-r11}	false	
Instruction	8873	S:0xC003FCB0	0x4770	26	BX       lr	true	
Instruction	8874	S:0xC00428CE	0xF8D71148	0	LDR      r1,[r7,#0x148]	false	
Instruction	8875	S:0xC00428D2	0xE9D62312	0	LDRD     r2,r3,[r6,#0x48]	false	
Instruction	8876	S:0xC00428D6	0x1A52	0	SUBS     r2,r2,r1	false	
Instruction	8877	S:0xC00428D8	0xF1630300	0	SBC      r3,r3,#0	false	
Instruction	8878	S:0xC00428DC	0xE9C62312	0	STRD     r2,r3,[r6,#0x48]	false	
Instruction	8879	S:0xC00428E0	0xF1B80F00	0	CMP      r8,#0	false	
Instruction	8880	S:0xC00428E4	0xD010	3	BEQ      {pc}+0x24 ; 0xc0042908	true	fail
Instruction	8881	S:0xC00428E6	0xE9D62314	0	LDRD     r2,r3,[r6,#0x50]	false	
Instruction	8882	S:0xC00428EA	0xF1060058	0	ADD      r0,r6,#0x58	false	
Instruction	8883	S:0xC00428EE	0xF8D71148	0	LDR      r1,[r7,#0x148]	false	
Instruction	8884	S:0xC00428F2	0x1852	0	ADDS     r2,r2,r1	false	
Instruction	8885	S:0xC00428F4	0xF1430300	0	ADC      r3,r3,#0	false	
Instruction	8886	S:0xC00428F8	0xE9C62314	0	STRD     r2,r3,[r6,#0x50]	false	
Instruction	8887	S:0xC00428FC	0xE8D0237F	0	LDREXD   r2,r3,[r0]	false	
Instruction	8888	S:0xC0042900	0xF8C72140	0	STR      r2,[r7,#0x140]	false	
Instruction	8889	S:0xC0042904	0xF8C73144	0	STR      r3,[r7,#0x144]	false	
Instruction	8890	S:0xC0042908	0x6B33	0	LDR      r3,[r6,#0x30]	false	
Instruction	8891	S:0xC004290A	0x429F	0	CMP      r7,r3	false	
Instruction	8892	S:0xC004290C	0xD003	59	BEQ      {pc}+0xa ; 0xc0042916	true	
Instruction	8893	S:0xC0042916	0xF1B80F00	0	CMP      r8,#0	false	
Instruction	8894	S:0xC004291A	0xD004	13	BEQ      {pc}+0xc ; 0xc0042926	true	fail
Instruction	8895	S:0xC004291C	0xF8D73128	0	LDR      r3,[r7,#0x128]	false	
Instruction	8896	S:0xC0042920	0x2B00	0	CMP      r3,#0	false	
Instruction	8897	S:0xC0042922	0xF00080E3	7	BEQ.W    {pc}+0x1ca ; 0xc0042aec	true	
Instruction	8898	S:0xC0042AEC	0xF8573C38	0	LDR      r3,[r7,#-0x38]	false	
Instruction	8899	S:0xC0042AF0	0x07DA	0	LSLS     r2,r3,#31	false	
Instruction	8900	S:0xC0042AF2	0xD507	19	BPL      {pc}+0x12 ; 0xc0042b04	true	fail
Instruction	8901	S:0xC0042AF4	0xF8D63084	0	LDR      r3,[r6,#0x84]	false	
Instruction	8902	S:0xC0042AF8	0xF503638F	0	ADD      r3,r3,#0x478	false	
Instruction	8903	S:0xC0042AFC	0xE9D32300	0	LDRD     r2,r3,[r3,#0]	false	
Instruction	8904	S:0xC0042B00	0xE9C7231E	0	STRD     r2,r3,[r7,#0x78]	false	
Instruction	8905	S:0xC0042B04	0xF8573C38	0	LDR      r3,[r7,#-0x38]	false	
Instruction	8906	S:0xC0042B08	0x079B	0	LSLS     r3,r3,#30	false	
Instruction	8907	S:0xC0042B0A	0xF57FAF0C	19	BPL      {pc}-0x1e4 ; 0xc0042926	true	
Instruction	8908	S:0xC0042926	0x4630	0	MOV      r0,r6	false	
Instruction	8909	S:0xC0042928	0x4639	0	MOV      r1,r7	false	
Instruction	8910	S:0xC004292A	0xF7FEFD03	3	BL       {pc}-0x15f6 ; 0xc0041334	true	
Instruction	8911	S:0xC0041334	0xB430	0	PUSH     {r4,r5}	false	
Instruction	8912	S:0xC0041336	0xB500	0	PUSH     {lr}	false	
Instruction	8913	S:0xC0041338	0xF85DEB04	0	POP      {lr}	false	
Instruction	8914	S:0xC004133C	0x6B83	0	LDR      r3,[r0,#0x38]	false	
Instruction	8915	S:0xC004133E	0x428B	0	CMP      r3,r1	false	
Instruction	8916	S:0xC0041340	0xD038	17	BEQ      {pc}+0x74 ; 0xc00413b4	true	fail
Instruction	8917	S:0xC0041342	0x6B43	0	LDR      r3,[r0,#0x34]	false	
Instruction	8918	S:0xC0041344	0x428B	0	CMP      r3,r1	false	
Instruction	8919	S:0xC0041346	0xD01D	1	BEQ      {pc}+0x3e ; 0xc0041384	true	fail
Instruction	8920	S:0xC0041348	0x6BC3	0	LDR      r3,[r0,#0x3c]	false	
Instruction	8921	S:0xC004134A	0x428B	0	CMP      r3,r1	false	
Instruction	8922	S:0xC004134C	0xD001	19	BEQ      {pc}+6 ; 0xc0041352	true	fail
Instruction	8923	S:0xC004134E	0xBC30	0	POP      {r4,r5}	false	
Instruction	8924	S:0xC0041350	0x4770	5	BX       lr	true	
Instruction	8925	S:0xC004292E	0x6B33	0	LDR      r3,[r6,#0x30]	false	
Instruction	8926	S:0xC0042930	0x429F	0	CMP      r7,r3	false	
Instruction	8927	S:0xC0042932	0xD003	1	BEQ      {pc}+0xa ; 0xc004293c	true	
Instruction	8928	S:0xC004293C	0x2500	0	MOVS     r5,#0	false	
Instruction	8929	S:0xC004293E	0x4630	0	MOV      r0,r6	false	
Instruction	8930	S:0xC0042940	0x61FD	0	STR      r5,[r7,#0x1c]	false	
Instruction	8931	S:0xC0042942	0x4639	0	MOV      r1,r7	false	
Instruction	8932	S:0xC0042944	0xF7FCFF96	18	BL       {pc}-0x30d0 ; 0xc003f874	true	
Instruction	8933	S:0xC003F874	0xB430	0	PUSH     {r4,r5}	false	
Instruction	8934	S:0xC003F876	0xB500	0	PUSH     {lr}	false	
Instruction	8935	S:0xC003F878	0xF85DEB04	0	POP      {lr}	false	
Instruction	8936	S:0xC003F87C	0x2400	0	MOVS     r4,#0	false	
Instruction	8937	S:0xC003F87E	0x680A	0	LDR      r2,[r1,#0]	false	
Instruction	8938	S:0xC003F880	0x6803	0	LDR      r3,[r0,#0]	false	
Instruction	8939	S:0xC003F882	0x6044	0	STR      r4,[r0,#4]	false	
Instruction	8940	S:0xC003F884	0x1A9B	0	SUBS     r3,r3,r2	false	
Instruction	8941	S:0xC003F886	0x6003	0	STR      r3,[r0,#0]	false	
Instruction	8942	S:0xC003F888	0xF8D13120	0	LDR      r3,[r1,#0x120]	false	
Instruction	8943	S:0xC003F88C	0xB183	46	CBZ      r3,{pc}+0x24 ; 0xc003f8b0	true	
Instruction	8944	S:0xC003F8B0	0xF8D02084	0	LDR      r2,[r0,#0x84]	false	
Instruction	8945	S:0xC003F8B4	0x680D	0	LDR      r5,[r1,#0]	false	
Instruction	8946	S:0xC003F8B6	0x6B14	0	LDR      r4,[r2,#0x30]	false	
Instruction	8947	S:0xC003F8B8	0x6353	0	STR      r3,[r2,#0x34]	false	
Instruction	8948	S:0xC003F8BA	0x1B64	0	SUBS     r4,r4,r5	false	
Instruction	8949	S:0xC003F8BC	0x6314	0	STR      r4,[r2,#0x30]	false	
Instruction	8950	S:0xC003F8BE	0xE7E6	26	B        {pc}-0x30 ; 0xc003f88e	true	
Instruction	8951	S:0xC003F88E	0xF8D13128	0	LDR      r3,[r1,#0x128]	false	
Instruction	8952	S:0xC003F892	0xB123	1	CBZ      r3,{pc}+0xc ; 0xc003f89e	true	
Instruction	8953	S:0xC003F89E	0x698A	0	LDR      r2,[r1,#0x18]	false	
Instruction	8954	S:0xC003F8A0	0xF1010314	0	ADD      r3,r1,#0x14	false	
Instruction	8955	S:0xC003F8A4	0x694C	0	LDR      r4,[r1,#0x14]	false	
Instruction	8956	S:0xC003F8A6	0x6062	0	STR      r2,[r4,#4]	false	
Instruction	8957	S:0xC003F8A8	0x6014	0	STR      r4,[r2,#0]	false	
Instruction	8958	S:0xC003F8AA	0x614B	0	STR      r3,[r1,#0x14]	false	
Instruction	8959	S:0xC003F8AC	0x618B	0	STR      r3,[r1,#0x18]	false	
Instruction	8960	S:0xC003F8AE	0xE7F1	27	B        {pc}-0x1a ; 0xc003f894	true	
Instruction	8961	S:0xC003F894	0x6883	0	LDR      r3,[r0,#8]	false	
Instruction	8962	S:0xC003F896	0x3B01	0	SUBS     r3,#1	false	
Instruction	8963	S:0xC003F898	0x6083	0	STR      r3,[r0,#8]	false	
Instruction	8964	S:0xC003F89A	0xBC30	0	POP      {r4,r5}	false	
Instruction	8965	S:0xC003F89C	0x4770	3	BX       lr	true	
Instruction	8966	S:0xC0042948	0xF1B80F00	0	CMP      r8,#0	false	
Instruction	8967	S:0xC004294C	0xD108	1	BNE      {pc}+0x14 ; 0xc0042960	true	
Instruction	8968	S:0xC0042960	0x4630	0	MOV      r0,r6	false	
Instruction	8969	S:0xC0042962	0xF7FCFF21	9	BL       {pc}-0x31ba ; 0xc003f7a8	true	
Instruction	8970	S:0xC003F7A8	0xE92D03F0	0	PUSH     {r4-r9}	false	
Instruction	8971	S:0xC003F7AC	0xB500	0	PUSH     {lr}	false	
Instruction	8972	S:0xC003F7AE	0xF85DEB04	0	POP      {lr}	false	
Instruction	8973	S:0xC003F7B2	0x6B03	0	LDR      r3,[r0,#0x30]	false	
Instruction	8974	S:0xC003F7B4	0xE9D04506	0	LDRD     r4,r5,[r0,#0x18]	false	
Instruction	8975	S:0xC003F7B8	0x2B00	0	CMP      r3,#0	false	
Instruction	8976	S:0xC003F7BA	0xD029	21	BEQ      {pc}+0x56 ; 0xc003f810	true	fail
Instruction	8977	S:0xC003F7BC	0x6AC1	0	LDR      r1,[r0,#0x2c]	false	
Instruction	8978	S:0xC003F7BE	0xE9D3230C	0	LDRD     r2,r3,[r3,#0x30]	false	
Instruction	8979	S:0xC003F7C2	0xB171	3	CBZ      r1,{pc}+0x20 ; 0xc003f7e2	true	fail
Instruction	8980	S:0xC003F7C4	0xE9D1670A	0	LDRD     r6,r7,[r1,#0x28]	false	
Instruction	8981	S:0xC003F7C8	0x46B0	0	MOV      r8,r6	false	
Instruction	8982	S:0xC003F7CA	0x46B9	0	MOV      r9,r7	false	
Instruction	8983	S:0xC003F7CC	0xEBB80802	0	SUBS     r8,r8,r2	false	
Instruction	8984	S:0xC003F7D0	0xEB690903	0	SBC      r9,r9,r3	false	
Instruction	8985	S:0xC003F7D4	0xF1B80F00	0	CMP      r8,#0	false	
Instruction	8986	S:0xC003F7D8	0xF1790100	0	SBCS     r1,r9,#0	false	
Instruction	8987	S:0xC003F7DC	0xBFBC	0	ITT      LT	false	
Instruction	8988	S:0xC003F7DE	0x4632	0	MOV      r2,r6	false	
Instruction	8989	S:0xC003F7E0	0x463B	0	MOV      r3,r7	false	
Instruction	8990	S:0xC003F7E2	0x4616	0	MOV      r6,r2	false	
Instruction	8991	S:0xC003F7E4	0x461F	0	MOV      r7,r3	false	
Instruction	8992	S:0xC003F7E6	0x1B36	0	SUBS     r6,r6,r4	false	
Instruction	8993	S:0xC003F7E8	0xEB670705	0	SBC      r7,r7,r5	false	
Instruction	8994	S:0xC003F7EC	0x2E01	0	CMP      r6,#1	false	
Instruction	8995	S:0xC003F7EE	0xF1770100	0	SBCS     r1,r7,#0	false	
Instruction	8996	S:0xC003F7F2	0xDB0A	8	BLT      {pc}+0x18 ; 0xc003f80a	true	
Instruction	8997	S:0xC003F80A	0x4622	0	MOV      r2,r4	false	
Instruction	8998	S:0xC003F80C	0x462B	0	MOV      r3,r5	false	
Instruction	8999	S:0xC003F80E	0xE7F1	4	B        {pc}-0x1a ; 0xc003f7f4	true	
Instruction	9000	S:0xC003F7F4	0xE9C02306	0	STRD     r2,r3,[r0,#0x18]	false	
Instruction	9001	S:0xC003F7F8	0xF3BF8F5F	0	DMB      	false	
Instruction	9002	S:0xC003F7FC	0xE9D02306	0	LDRD     r2,r3,[r0,#0x18]	false	
Instruction	9003	S:0xC003F800	0xE9C02308	0	STRD     r2,r3,[r0,#0x20]	false	
Instruction	9004	S:0xC003F804	0xE8BD03F0	0	POP      {r4-r9}	false	
Instruction	9005	S:0xC003F808	0x4770	81	BX       lr	true	
Instruction	9006	S:0xC0042966	0x4630	0	MOV      r0,r6	false	
Instruction	9007	S:0xC0042968	0xF7FDFC70	1	BL       {pc}-0x271c ; 0xc004024c	true	
Instruction	9008	S:0xC004024C	0xB570	0	PUSH     {r4-r6,lr}	false	
Instruction	9009	S:0xC004024E	0xB500	0	PUSH     {lr}	false	
Instruction	9010	S:0xC0040250	0xF85DEB04	0	POP      {lr}	false	
Instruction	9011	S:0xC0040254	0xF8D01094	0	LDR      r1,[r0,#0x94]	false	
Instruction	9012	S:0xC0040258	0xF8D02084	0	LDR      r2,[r0,#0x84]	false	
Instruction	9013	S:0xC004025C	0x6A0B	0	LDR      r3,[r1,#0x20]	false	
Instruction	9014	S:0xC004025E	0xF8D224C0	0	LDR      r2,[r2,#0x4c0]	false	
Instruction	9015	S:0xC0040262	0xF8534022	0	LDR      r4,[r3,r2,LSL #2]	false	
Instruction	9016	S:0xC0040266	0x2C00	0	CMP      r4,#0	false	
Instruction	9017	S:0xC0040268	0xD02B	30	BEQ      {pc}+0x5a ; 0xc00402c2	true	
Instruction	9018	S:0xC00402C2	0xBD70	2	POP      {r4-r6,pc}	true	
Instruction	9019	S:0xC004296C	0x68F3	0	LDR      r3,[r6,#0xc]	false	
Instruction	9020	S:0xC004296E	0x6832	0	LDR      r2,[r6,#0]	false	
Instruction	9021	S:0xC0042970	0x3B01	0	SUBS     r3,#1	false	
Instruction	9022	S:0xC0042972	0x60F3	0	STR      r3,[r6,#0xc]	false	
Instruction	9023	S:0xC0042974	0x2A00	0	CMP      r2,#0	false	
Instruction	9024	S:0xC0042976	0xF04080D3	2	BNE.W    {pc}+0x1aa ; 0xc0042b20	true	
Instruction	9025	S:0xC0042B20	0xF8DD8054	0	LDR      r8,[sp,#0x54]	false	
Instruction	9026	S:0xC0042B24	0xF0180F01	0	TST      r8,#1	false	
Instruction	9027	S:0xC0042B28	0xD006	1	BEQ      {pc}+0x10 ; 0xc0042b38	true	fail
Instruction	9028	S:0xC0042B2A	0xF8D70120	0	LDR      r0,[r7,#0x120]	false	
Instruction	9029	S:0xC0042B2E	0x2800	0	CMP      r0,#0	false	
Instruction	9030	S:0xC0042B30	0xF43FAF2A	1	BEQ      {pc}-0x1a8 ; 0xc0042988	true	
Instruction	9031	S:0xC0042988	0x9D14	0	LDR      r5,[sp,#0x50]	false	
Instruction	9032	S:0xC004298A	0xF5056290	0	ADD      r2,r5,#0x480	false	
Instruction	9033	S:0xC004298E	0xF50569B4	0	ADD      r9,r5,#0x5a0	false	
Instruction	9034	S:0xC0042992	0x686B	0	LDR      r3,[r5,#4]	false	
Instruction	9035	S:0xC0042994	0xF8D584C0	0	LDR      r8,[r5,#0x4c0]	false	
Instruction	9036	S:0xC0042998	0x3B01	0	SUBS     r3,#1	false	
Instruction	9037	S:0xC004299A	0x606B	0	STR      r3,[r5,#4]	false	
Instruction	9038	S:0xC004299C	0xE9D24500	0	LDRD     r4,r5,[r2,#0]	false	
Instruction	9039	S:0xC00429A0	0xE9D90100	0	LDRD     r0,r1,[r9,#0]	false	
Instruction	9040	S:0xC00429A4	0x1A20	0	SUBS     r0,r4,r0	false	
Instruction	9041	S:0xC00429A6	0xEB650101	0	SBC      r1,r5,r1	false	
Instruction	9042	S:0xC00429AA	0xF7FCFFD7	4	BL       {pc}-0x304e ; 0xc003f95c	true	
Instruction	9043	S:0xC003F95C	0xE92D03F0	0	PUSH     {r4-r9}	false	
Instruction	9044	S:0xC003F960	0xB500	0	PUSH     {lr}	false	
Instruction	9045	S:0xC003F962	0xF85DEB04	0	POP      {lr}	false	
Instruction	9046	S:0xC003F966	0xF64B7640	0	MOV      r6,#0xbf40	false	
Instruction	9047	S:0xC003F96A	0xF2CC0664	0	MOVT     r6,#0xc064	false	
Instruction	9048	S:0xC003F96E	0x6876	0	LDR      r6,[r6,#4]	false	
Instruction	9049	S:0xC003F970	0xFBA18906	0	UMULL    r8,r9,r1,r6	false	
Instruction	9050	S:0xC003F974	0xEA4F7CE6	0	ASR      r12,r6,#31	false	
Instruction	9051	S:0xC003F978	0xFBA06706	0	UMULL    r6,r7,r0,r6	false	
Instruction	9052	S:0xC003F97C	0xFB01990C	0	MLA      r9,r1,r12,r9	false	
Instruction	9053	S:0xC003F980	0xEA4F4408	0	LSL      r4,r8,#16	false	
Instruction	9054	S:0xC003F984	0xFB00770C	0	MLA      r7,r0,r12,r7	false	
Instruction	9055	S:0xC003F988	0x0C32	0	LSRS     r2,r6,#16	false	
Instruction	9056	S:0xC003F98A	0xEA4F4509	0	LSL      r5,r9,#16	false	
Instruction	9057	S:0xC003F98E	0xEA454518	0	ORR      r5,r5,r8,LSR #16	false	
Instruction	9058	S:0xC003F992	0xEA424207	0	ORR      r2,r2,r7,LSL #16	false	
Instruction	9059	S:0xC003F996	0x0C3B	0	LSRS     r3,r7,#16	false	
Instruction	9060	S:0xC003F998	0x1912	0	ADDS     r2,r2,r4	false	
Instruction	9061	S:0xC003F99A	0xEB430305	0	ADC      r3,r3,r5	false	
Instruction	9062	S:0xC003F99E	0x4610	0	MOV      r0,r2	false	
Instruction	9063	S:0xC003F9A0	0x4619	0	MOV      r1,r3	false	
Instruction	9064	S:0xC003F9A2	0xE8BD03F0	0	POP      {r4-r9}	false	
Instruction	9065	S:0xC003F9A6	0x4770	24	BX       lr	true	
Instruction	9066	S:0xC00429AE	0x2800	0	CMP      r0,#0	false	
Instruction	9067	S:0xC00429B0	0xF1710E00	0	SBCS     lr,r1,#0	false	
Instruction	9068	S:0xC00429B4	0xF2C0822B	1	BLT.W    {pc}+0x45a ; 0xc0042e0e	true	fail
Instruction	9069	S:0xC00429B8	0x0A86	0	LSRS     r6,r0,#10	false	
Instruction	9070	S:0xC00429BA	0x0A8F	0	LSRS     r7,r1,#10	false	
Instruction	9071	S:0xC00429BC	0xEA465681	0	ORR      r6,r6,r1,LSL #22	false	
Instruction	9072	S:0xC00429C0	0xEA560E07	0	ORRS     lr,r6,r7	false	
Instruction	9073	S:0xC00429C4	0xF04081E9	7	BNE.W    {pc}+0x3d6 ; 0xc0042d9a	true	
Instruction	9074	S:0xC0042D9A	0x4B9F	0	LDR      r3,[pc,#636] ; [0xC0043018] = 0xC064BF40	false	
Instruction	9075	S:0xC0042D9C	0xE9C94500	0	STRD     r4,r5,[r9,#0]	false	
Instruction	9076	S:0xC0042DA0	0x681A	0	LDR      r2,[r3,#0]	false	
Instruction	9077	S:0xC0042DA2	0x2A00	0	CMP      r2,#0	false	
Instruction	9078	S:0xC0042DA4	0xD03D	296	BEQ      {pc}+0x7e ; 0xc0042e22	true	fail
Instruction	9079	S:0xC0042DA6	0xEB031308	0	ADD      r3,r3,r8,LSL #4	false	
Instruction	9080	S:0xC0042DAA	0xF04F0B00	0	MOV      r11,#0	false	
Instruction	9081	S:0xC0042DAE	0xF8D33098	0	LDR      r3,[r3,#0x98]	false	
Instruction	9082	S:0xC0042DB2	0x469A	0	MOV      r10,r3	false	
Instruction	9083	S:0xC0042DB4	0x9312	0	STR      r3,[sp,#0x48]	false	
Instruction	9084	S:0xC0042DB6	0x9D14	0	LDR      r5,[sp,#0x50]	false	
Instruction	9085	S:0xC0042DB8	0xF24032FF	0	MOV      r2,#0x3ff	false	
Instruction	9086	S:0xC0042DBC	0x2300	0	MOVS     r3,#0	false	
Instruction	9087	S:0xC0042DBE	0xF8D5459C	0	LDR      r4,[r5,#0x59c]	false	
Instruction	9088	S:0xC0042DC2	0x05A5	0	LSLS     r5,r4,#22	false	
Instruction	9089	S:0xC0042DC4	0x0DAD	0	LSRS     r5,r5,#22	false	
Instruction	9090	S:0xC0042DC6	0x1970	0	ADDS     r0,r6,r5	false	
Instruction	9091	S:0xC0042DC8	0xF1470100	0	ADC      r1,r7,#0	false	
Instruction	9092	S:0xC0042DCC	0x428B	0	CMP      r3,r1	false	
Instruction	9093	S:0xC0042DCE	0xBF08	0	IT       EQ	false	
Instruction	9094	S:0xC0042DD0	0x4282	0	CMP      r2,r0	false	
Instruction	9095	S:0xC0042DD2	0xD32E	6	BCC      {pc}+0x60 ; 0xc0042e32	true	fail
Instruction	9096	S:0xC0042DD4	0xF8DD8050	0	LDR      r8,[sp,#0x50]	false	
Instruction	9097	S:0xC0042DD8	0xF8D83598	0	LDR      r3,[r8,#0x598]	false	
Instruction	9098	S:0xC0042DDC	0xF8D815C8	0	LDR      r1,[r8,#0x5c8]	false	
Instruction	9099	S:0xC0042DE0	0xFB06F20B	0	MUL      r2,r6,r11	false	
Instruction	9100	S:0xC0042DE4	0x19A4	0	ADDS     r4,r4,r6	false	
Instruction	9101	S:0xC0042DE6	0xFB0A2207	0	MLA      r2,r10,r7,r2	false	
Instruction	9102	S:0xC0042DEA	0xF8DD8050	0	LDR      r8,[sp,#0x50]	false	
Instruction	9103	S:0xC0042DEE	0xFBA6670A	0	UMULL    r6,r7,r6,r10	false	
Instruction	9104	S:0xC0042DF2	0x4625	0	MOV      r5,r4	false	
Instruction	9105	S:0xC0042DF4	0xF8C8459C	0	STR      r4,[r8,#0x59c]	false	
Instruction	9106	S:0xC0042DF8	0x19D7	0	ADDS     r7,r2,r7	false	
Instruction	9107	S:0xC0042DFA	0x0AB2	0	LSRS     r2,r6,#10	false	
Instruction	9108	S:0xC0042DFC	0xEA425287	0	ORR      r2,r2,r7,LSL #22	false	
Instruction	9109	S:0xC0042E00	0x18D3	0	ADDS     r3,r2,r3	false	
Instruction	9110	S:0xC0042E02	0x1852	0	ADDS     r2,r2,r1	false	
Instruction	9111	S:0xC0042E04	0xF8C83598	0	STR      r3,[r8,#0x598]	false	
Instruction	9112	S:0xC0042E08	0xF8C825C8	0	STR      r2,[r8,#0x5c8]	false	
Instruction	9113	S:0xC0042E0C	0xE5E3	13	B        {pc}-0x436 ; 0xc00429d6	true	
Instruction	9114	S:0xC00429D6	0xF8DD9050	0	LDR      r9,[sp,#0x50]	false	
Instruction	9115	S:0xC00429DA	0x029B	0	LSLS     r3,r3,#10	false	
Instruction	9116	S:0xC00429DC	0x3401	0	ADDS     r4,#1	false	
Instruction	9117	S:0xC00429DE	0x2100	0	MOVS     r1,#0	false	
Instruction	9118	S:0xC00429E0	0xF8D905C8	0	LDR      r0,[r9,#0x5c8]	false	
Instruction	9119	S:0xC00429E4	0xF8D980B8	0	LDR      r8,[r9,#0xb8]	false	
Instruction	9120	S:0xC00429E8	0xF8D960BC	0	LDR      r6,[r9,#0xbc]	false	
Instruction	9121	S:0xC00429EC	0x9006	0	STR      r0,[sp,#0x18]	false	
Instruction	9122	S:0xC00429EE	0x4618	0	MOV      r0,r3	false	
Instruction	9123	S:0xC00429F0	0xF20EF9CE	4	BL       {pc}+0x20e3a0 ; 0xc0250d90	true	
Cycle Count				188	Tracing disabled		
Info					Tracing enabled		
Instruction	9124	S:0xC00429F4	0x1C6C	0	ADDS     r4,r5,#1	false	
Instruction	9125	S:0xC00429F6	0x9D06	0	LDR      r5,[sp,#0x18]	false	
Instruction	9126	S:0xC00429F8	0xEBC80702	0	RSB      r7,r8,r2	false	
Instruction	9127	S:0xC00429FC	0x2100	0	MOVS     r1,#0	false	
Instruction	9128	S:0xC00429FE	0xEA877AE7	0	EOR      r10,r7,r7,ASR #31	false	
Instruction	9129	S:0xC0042A02	0xEBAA7AE7	0	SUB      r10,r10,r7,ASR #31	false	
Instruction	9130	S:0xC0042A06	0x02A8	0	LSLS     r0,r5,#10	false	
Instruction	9131	S:0xC0042A08	0xF8D950DC	0	LDR      r5,[r9,#0xdc]	false	
Instruction	9132	S:0xC0042A0C	0xF20EF9C0	17	BL       {pc}+0x20e384 ; 0xc0250d90	true	
Cycle Count				150	Tracing disabled		
Info					Tracing enabled		
Instruction	9133	S:0xC0042A10	0xEBBA1F98	0	CMP      r10,r8,LSR #6	false	
Instruction	9134	S:0xC0042A14	0xEBC60202	0	RSB      r2,r6,r2	false	
Instruction	9135	S:0xC0042A18	0xD806	11	BHI      {pc}+0x10 ; 0xc0042a28	true	
Instruction	9136	S:0xC0042A28	0xF1050338	0	ADD      r3,r5,#0x38	false	
Instruction	9137	S:0xC0042A2C	0xE8531F00	0	LDREX    r1,[r3]	false	
Instruction	9138	S:0xC0042A30	0x4439	0	ADD      r1,r1,r7	false	
Instruction	9139	S:0xC0042A32	0xE8431000	0	STREX    r0,r1,[r3]	false	
Instruction	9140	S:0xC0042A36	0xF0900F00	0	TEQ      r0,#0	false	
Instruction	9141	S:0xC0042A3A	0xD1F7	48	BNE      {pc}-0xe ; 0xc0042a2c	true	fail
Instruction	9142	S:0xC0042A3C	0xF8DD8050	0	LDR      r8,[sp,#0x50]	false	
Instruction	9143	S:0xC0042A40	0xF105033C	0	ADD      r3,r5,#0x3c	false	
Instruction	9144	S:0xC0042A44	0xF8D810B8	0	LDR      r1,[r8,#0xb8]	false	
Instruction	9145	S:0xC0042A48	0x19C9	0	ADDS     r1,r1,r7	false	
Instruction	9146	S:0xC0042A4A	0xF8C810B8	0	STR      r1,[r8,#0xb8]	false	
Instruction	9147	S:0xC0042A4E	0xE8531F00	0	LDREX    r1,[r3]	false	
Instruction	9148	S:0xC0042A52	0x4411	0	ADD      r1,r1,r2	false	
Instruction	9149	S:0xC0042A54	0xE8431000	0	STREX    r0,r1,[r3]	false	
Instruction	9150	S:0xC0042A58	0xF0900F00	0	TEQ      r0,#0	false	
Instruction	9151	S:0xC0042A5C	0xD1F7	58	BNE      {pc}-0xe ; 0xc0042a4e	true	fail
Instruction	9152	S:0xC0042A5E	0xF8D830BC	0	LDR      r3,[r8,#0xbc]	false	
Instruction	9153	S:0xC0042A62	0x189B	0	ADDS     r3,r3,r2	false	
Instruction	9154	S:0xC0042A64	0xF8C830BC	0	STR      r3,[r8,#0xbc]	false	
Instruction	9155	S:0xC0042A68	0x4BBA	0	LDR      r3,[pc,#744] ; [0xC0042D54]	false	
Instruction	9156	S:0xC0042A6A	0xF8DD9050	0	LDR      r9,[sp,#0x50]	false	
Instruction	9157	S:0xC0042A6E	0x685A	0	LDR      r2,[r3,#4]	false	
Instruction	9158	S:0xC0042A70	0xF8D90598	0	LDR      r0,[r9,#0x598]	false	
Instruction	9159	S:0xC0042A74	0xF8D9159C	0	LDR      r1,[r9,#0x59c]	false	
Instruction	9160	S:0xC0042A78	0xF8D984C0	0	LDR      r8,[r9,#0x4c0]	false	
Instruction	9161	S:0xC0042A7C	0x2A00	0	CMP      r2,#0	false	
Instruction	9162	S:0xC0042A7E	0xF0408256	153	BNE.W    {pc}+0x4b0 ; 0xc0042f2e	true	fail
Instruction	9163	S:0xC0042A82	0x4BB5	0	LDR      r3,[pc,#724] ; [0xC0042D58]	false	
Instruction	9164	S:0xC0042A84	0xF8DD9050	0	LDR      r9,[sp,#0x50]	false	
Instruction	9165	S:0xC0042A88	0x685A	0	LDR      r2,[r3,#4]	false	
Instruction	9166	S:0xC0042A8A	0xE9D94524	0	LDRD     r4,r5,[r9,#0x90]	false	
Instruction	9167	S:0xC0042A8E	0x2A00	0	CMP      r2,#0	false	
Instruction	9168	S:0xC0042A90	0xF040823E	13	BNE.W    {pc}+0x480 ; 0xc0042f10	true	fail
Instruction	9169	S:0xC0042A94	0x9814	0	LDR      r0,[sp,#0x50]	false	
Instruction	9170	S:0xC0042A96	0xB01B	0	ADD      sp,sp,#0x6c	false	
Instruction	9171	S:0xC0042A98	0xE8BD4FF0	0	POP      {r4-r11,lr}	false	
Instruction	9172	S:0xC0042A9C	0xF7FEBB58	11	B        {pc}-0x194c ; 0xc0041150	true	
Instruction	9173	S:0xC0041150	0xB478	0	PUSH     {r3-r6}	false	
Instruction	9174	S:0xC0041152	0xB500	0	PUSH     {lr}	false	
Instruction	9175	S:0xC0041154	0xF85DEB04	0	POP      {lr}	false	
Instruction	9176	S:0xC0041158	0x4A16	0	LDR      r2,[pc,#88] ; [0xC00411B4] = 0xC05FC568	false	
Instruction	9177	S:0xC004115A	0xF8D01460	0	LDR      r1,[r0,#0x460]	false	
Instruction	9178	S:0xC004115E	0x6812	0	LDR      r2,[r2,#0]	false	
Instruction	9179	S:0xC0041160	0x0612	0	LSLS     r2,r2,#24	false	
Instruction	9180	S:0xC0041162	0xD51A	3	BPL      {pc}+0x38 ; 0xc004119a	true	
Instruction	9181	S:0xC004119A	0xBC78	0	POP      {r3-r6}	false	
Instruction	9182	S:0xC004119C	0x4770	1	BX       lr	true	
Instruction	9183	S:0xC003B85A	0xE8BD87F0	1	POP      {r4-r10,pc}	true	
Cycle Count				6	Tracing disabled		
Info					Tracing enabled		
Instruction	9184	S:0xC002F074	0xB510	0	PUSH     {r4,lr}	false	
Instruction	9185	S:0xC002F076	0xB500	0	PUSH     {lr}	false	
Instruction	9186	S:0xC002F078	0xF85DEB04	0	POP      {lr}	false	
Instruction	9187	S:0xC002F07C	0x460C	0	MOV      r4,r1	false	
Instruction	9188	S:0xC002F07E	0xF003FEA5	38	BL       {pc}+0x3d4e ; 0xc0032dcc	true	
Instruction	9189	S:0xC0032DCC	0xB500	0	PUSH     {lr}	false	
Instruction	9190	S:0xC0032DCE	0xF85DEB04	0	POP      {lr}	false	
Instruction	9191	S:0xC0032DD2	0xF8D032A4	0	LDR      r3,[r0,#0x2a4]	false	
Instruction	9192	S:0xC0032DD6	0xF8530C14	0	LDR      r0,[r3,#-0x14]	false	
Instruction	9193	S:0xC0032DDA	0x4770	42	BX       lr	true	
Instruction	9194	S:0xC002F082	0x6AC3	0	LDR      r3,[r0,#0x2c]	false	
Instruction	9195	S:0xC002F084	0xF4137FE4	0	TST      r3,#0x1c8	false	
Instruction	9196	S:0xC002F088	0xD130	5	BNE      {pc}+0x64 ; 0xc002f0ec	true	
Instruction	9197	S:0xC002F0EC	0x2000	0	MOVS     r0,#0	false	
Instruction	9198	S:0xC002F0EE	0xBD10	21	POP      {r4,pc}	true	
Cycle Count				47	Tracing disabled		
Info					Tracing enabled		
Instruction	9199	S:0xC0042274	0xE92D4FF0	0	PUSH     {r4-r11,lr}	false	
Instruction	9200	S:0xC0042278	0xB097	0	SUB      sp,sp,#0x5c	false	
Instruction	9201	S:0xC004227A	0xB500	0	PUSH     {lr}	false	
Instruction	9202	S:0xC004227C	0xF85DEB04	0	POP      {lr}	false	
Instruction	9203	S:0xC0042280	0xF1110A38	0	ADDS     r10,r1,#0x38	false	
Instruction	9204	S:0xC0042284	0xF00081A1	31	BEQ.W    {pc}+0x346 ; 0xc00425ca	true	fail
Instruction	9205	S:0xC0042288	0xF8DFB3FC	0	LDR      r11,[pc,#1020] ; [0xC0042688]	false	
Instruction	9206	S:0xC004228C	0xE008	8	B        {pc}+0x14 ; 0xc00422a0	true	
Instruction	9207	S:0xC00422A0	0xF8DA301C	0	LDR      r3,[r10,#0x1c]	false	
Instruction	9208	S:0xC00422A4	0xF8DA8124	0	LDR      r8,[r10,#0x124]	false	
Instruction	9209	S:0xC00422A8	0x2B00	0	CMP      r3,#0	false	
Instruction	9210	S:0xC00422AA	0xF0408191	1	BNE.W    {pc}+0x326 ; 0xc00425d0	true	fail
Instruction	9211	S:0xC00422AE	0xE9D82306	0	LDRD     r2,r3,[r8,#0x18]	false	
Instruction	9212	S:0xC00422B2	0xE9DA010C	0	LDRD     r0,r1,[r10,#0x30]	false	
Instruction	9213	S:0xC00422B6	0xF8DB4000	0	LDR      r4,[r11,#0]	false	
Instruction	9214	S:0xC00422BA	0x1A80	0	SUBS     r0,r0,r2	false	
Instruction	9215	S:0xC00422BC	0xEB610103	0	SBC      r1,r1,r3	false	
Instruction	9216	S:0xC00422C0	0x2300	0	MOVS     r3,#0	false	
Instruction	9217	S:0xC00422C2	0x17CE	0	ASRS     r6,r1,#31	false	
Instruction	9218	S:0xC00422C4	0xEB040444	0	ADD      r4,r4,r4,LSL #1	false	
Instruction	9219	S:0xC00422C8	0x4637	0	MOV      r7,r6	false	
Instruction	9220	S:0xC00422CA	0x4070	0	EORS     r0,r0,r6	false	
Instruction	9221	S:0xC00422CC	0x4071	0	EORS     r1,r1,r6	false	
Instruction	9222	S:0xC00422CE	0x4622	0	MOV      r2,r4	false	
Instruction	9223	S:0xC00422D0	0x1B80	0	SUBS     r0,r0,r6	false	
Instruction	9224	S:0xC00422D2	0xEB610107	0	SBC      r1,r1,r7	false	
Instruction	9225	S:0xC00422D6	0x4282	0	CMP      r2,r0	false	
Instruction	9226	S:0xC00422D8	0xEB730401	0	SBCS     r4,r3,r1	false	
Instruction	9227	S:0xC00422DC	0xBFBE	0	ITTT     LT	false	
Instruction	9228	S:0xC00422DE	0xF8D83040	0	LDR      r3,[r8,#0x40]	false	
Instruction	9229	S:0xC00422E2	0x3301	0	ADDS     r3,#1	false	
Instruction	9230	S:0xC00422E4	0xF8C83040	0	STR      r3,[r8,#0x40]	false	
Instruction	9231	S:0xC00422E8	0xF8DA301C	0	LDR      r3,[r10,#0x1c]	false	
Instruction	9232	S:0xC00422EC	0x2B00	0	CMP      r3,#0	false	
Instruction	9233	S:0xC00422EE	0xD0CE	43	BEQ      {pc}-0x60 ; 0xc004228e	true	
Instruction	9234	S:0xC004228E	0x2500	0	MOVS     r5,#0	false	
Instruction	9235	S:0xC0042290	0xF8C85030	0	STR      r5,[r8,#0x30]	false	
Instruction	9236	S:0xC0042294	0xF8DAA120	0	LDR      r10,[r10,#0x120]	false	
Instruction	9237	S:0xC0042298	0xF1BA0F00	0	CMP      r10,#0	false	
Instruction	9238	S:0xC004229C	0xF0008195	19	BEQ.W    {pc}+0x32e ; 0xc00425ca	true	
Instruction	9239	S:0xC00425CA	0xB017	0	ADD      sp,sp,#0x5c	false	
Instruction	9240	S:0xC00425CC	0xE8BD8FF0	12	POP      {r4-r11,pc}	true	
Cycle Count				5	Tracing disabled		
Info					Tracing enabled		
Instruction	9241	S:0xC00421AC	0xB5F8	0	PUSH     {r3-r7,lr}	false	
Instruction	9242	S:0xC00421AE	0xB500	0	PUSH     {lr}	false	
Instruction	9243	S:0xC00421B0	0xF85DEB04	0	POP      {lr}	false	
Instruction	9244	S:0xC00421B4	0x4607	0	MOV      r7,r0	false	
Instruction	9245	S:0xC00421B6	0x6D05	0	LDR      r5,[r0,#0x50]	false	
Instruction	9246	S:0xC00421B8	0xF1000448	0	ADD      r4,r0,#0x48	false	
Instruction	9247	S:0xC00421BC	0x2D00	0	CMP      r5,#0	false	
Instruction	9248	S:0xC00421BE	0xD043	4	BEQ      {pc}+0x8a ; 0xc0042248	true	fail
Instruction	9249	S:0xC00421C0	0x6AE6	0	LDR      r6,[r4,#0x2c]	false	
Instruction	9250	S:0xC00421C2	0xB106	4	CBZ      r6,{pc}+4 ; 0xc00421c6	true	fail
Instruction	9251	S:0xC00421C4	0x3E08	0	SUBS     r6,r6,#8	false	
Instruction	9252	S:0xC00421C6	0x6BE5	0	LDR      r5,[r4,#0x3c]	false	
Instruction	9253	S:0xC00421C8	0x42B5	0	CMP      r5,r6	false	
Instruction	9254	S:0xC00421CA	0xBF18	0	IT       NE	false	
Instruction	9255	S:0xC00421CC	0x4635	0	MOV      r5,r6	false	
Instruction	9256	S:0xC00421CE	0xD03D	2	BEQ      {pc}+0x7e ; 0xc004224c	true	fail
Instruction	9257	S:0xC00421D0	0x6BA0	0	LDR      r0,[r4,#0x38]	false	
Instruction	9258	S:0xC00421D2	0xB128	1	CBZ      r0,{pc}+0xe ; 0xc00421e0	true	
Instruction	9259	S:0xC00421E0	0x6B60	0	LDR      r0,[r4,#0x34]	false	
Instruction	9260	S:0xC00421E2	0xB128	1	CBZ      r0,{pc}+0xe ; 0xc00421f0	true	
Instruction	9261	S:0xC00421F0	0x4620	0	MOV      r0,r4	false	
Instruction	9262	S:0xC00421F2	0x4629	0	MOV      r1,r5	false	
Instruction	9263	S:0xC00421F4	0xF7FFF89E	11	BL       {pc}-0xec0 ; 0xc0041334	true	
Instruction	9264	S:0xC0041334	0xB430	0	PUSH     {r4,r5}	false	
Instruction	9265	S:0xC0041336	0xB500	0	PUSH     {lr}	false	
Instruction	9266	S:0xC0041338	0xF85DEB04	0	POP      {lr}	false	
Instruction	9267	S:0xC004133C	0x6B83	0	LDR      r3,[r0,#0x38]	false	
Instruction	9268	S:0xC004133E	0x428B	0	CMP      r3,r1	false	
Instruction	9269	S:0xC0041340	0xD038	14	BEQ      {pc}+0x74 ; 0xc00413b4	true	fail
Instruction	9270	S:0xC0041342	0x6B43	0	LDR      r3,[r0,#0x34]	false	
Instruction	9271	S:0xC0041344	0x428B	0	CMP      r3,r1	false	
Instruction	9272	S:0xC0041346	0xD01D	2	BEQ      {pc}+0x3e ; 0xc0041384	true	fail
Instruction	9273	S:0xC0041348	0x6BC3	0	LDR      r3,[r0,#0x3c]	false	
Instruction	9274	S:0xC004134A	0x428B	0	CMP      r3,r1	false	
Instruction	9275	S:0xC004134C	0xD001	1	BEQ      {pc}+6 ; 0xc0041352	true	fail
Instruction	9276	S:0xC004134E	0xBC30	0	POP      {r4,r5}	false	
Instruction	9277	S:0xC0041350	0x4770	1	BX       lr	true	
Instruction	9278	S:0xC00421F8	0x4620	0	MOV      r0,r4	false	
Instruction	9279	S:0xC00421FA	0x4629	0	MOV      r1,r5	false	
Instruction	9280	S:0xC00421FC	0xF7FFFE3E	1	BL       {pc}-0x380 ; 0xc0041e7c	true	
Instruction	9281	S:0xC0041E7C	0xE92D4FF0	0	PUSH     {r4-r11,lr}	false	
Instruction	9282	S:0xC0041E80	0xB091	0	SUB      sp,sp,#0x44	false	
Instruction	9283	S:0xC0041E82	0xB500	0	PUSH     {lr}	false	
Instruction	9284	S:0xC0041E84	0xF85DEB04	0	POP      {lr}	false	
Instruction	9285	S:0xC0041E88	0x69CB	0	LDR      r3,[r1,#0x1c]	false	
Instruction	9286	S:0xC0041E8A	0x4688	0	MOV      r8,r1	false	
Instruction	9287	S:0xC0041E8C	0x4681	0	MOV      r9,r0	false	
Instruction	9288	S:0xC0041E8E	0x2B00	0	CMP      r3,#0	false	
Instruction	9289	S:0xC0041E90	0xD127	9	BNE      {pc}+0x52 ; 0xc0041ee2	true	
Instruction	9290	S:0xC0041EE2	0xF7FEF89B	2	BL       {pc}-0x1ec6 ; 0xc004001c	true	
Instruction	9291	S:0xC004001C	0xE92D4FF8	0	PUSH     {r3-r11,lr}	false	
Instruction	9292	S:0xC0040020	0xB500	0	PUSH     {lr}	false	
Instruction	9293	S:0xC0040022	0xF85DEB04	0	POP      {lr}	false	
Instruction	9294	S:0xC0040026	0xF04F0A01	0	MOV      r10,#1	false	
Instruction	9295	S:0xC004002A	0xF8D03084	0	LDR      r3,[r0,#0x84]	false	
Instruction	9296	S:0xC004002E	0xF04F0B00	0	MOV      r11,#0	false	
Instruction	9297	S:0xC0040032	0xE9D16712	0	LDRD     r6,r7,[r1,#0x48]	false	
Instruction	9298	S:0xC0040036	0x4688	0	MOV      r8,r1	false	
Instruction	9299	S:0xC0040038	0xF503638F	0	ADD      r3,r3,#0x478	false	
Instruction	9300	S:0xC004003C	0xE9D14514	0	LDRD     r4,r5,[r1,#0x50]	false	
Instruction	9301	S:0xC0040040	0xE9D32300	0	LDRD     r2,r3,[r3,#0]	false	
Instruction	9302	S:0xC0040044	0x1B92	0	SUBS     r2,r2,r6	false	
Instruction	9303	S:0xC0040046	0xEB630307	0	SBC      r3,r3,r7	false	
Instruction	9304	S:0xC004004A	0x42AB	0	CMP      r3,r5	false	
Instruction	9305	S:0xC004004C	0xBF08	0	IT       EQ	false	
Instruction	9306	S:0xC004004E	0x42A2	0	CMP      r2,r4	false	
Instruction	9307	S:0xC0040050	0xBF3C	0	ITT      CC	false	
Instruction	9308	S:0xC0040052	0x4622	0	MOV      r2,r4	false	
Instruction	9309	S:0xC0040054	0x462B	0	MOV      r3,r5	false	
Instruction	9310	S:0xC0040056	0xE9D14516	0	LDRD     r4,r5,[r1,#0x58]	false	
Instruction	9311	S:0xC004005A	0xE9C12314	0	STRD     r2,r3,[r1,#0x50]	false	
Instruction	9312	S:0xC004005E	0xEB14040A	0	ADDS     r4,r4,r10	false	
Instruction	9313	S:0xC0040062	0xEB45050B	0	ADC      r5,r5,r11	false	
Instruction	9314	S:0xC0040066	0xE9C14516	0	STRD     r4,r5,[r1,#0x58]	false	
Instruction	9315	S:0xC004006A	0xF8D03084	0	LDR      r3,[r0,#0x84]	false	
Instruction	9316	S:0xC004006E	0xE9D14518	0	LDRD     r4,r5,[r1,#0x60]	false	
Instruction	9317	S:0xC0040072	0xF503638F	0	ADD      r3,r3,#0x478	false	
Instruction	9318	S:0xC0040076	0xF8D11128	0	LDR      r1,[r1,#0x128]	false	
Instruction	9319	S:0xC004007A	0xE9D32300	0	LDRD     r2,r3,[r3,#0]	false	
Instruction	9320	S:0xC004007E	0x1912	0	ADDS     r2,r2,r4	false	
Instruction	9321	S:0xC0040080	0xEB430305	0	ADC      r3,r3,r5	false	
Instruction	9322	S:0xC0040084	0x1B92	0	SUBS     r2,r2,r6	false	
Instruction	9323	S:0xC0040086	0xEB630307	0	SBC      r3,r3,r7	false	
Instruction	9324	S:0xC004008A	0xE9C82318	0	STRD     r2,r3,[r8,#0x60]	false	
Instruction	9325	S:0xC004008E	0xB129	19	CBZ      r1,{pc}+0xe ; 0xc004009c	true	
Instruction	9326	S:0xC004009C	0x490E	0	LDR      r1,[pc,#56] ; [0xC00400D8] = 0xC0636058	false	
Instruction	9327	S:0xC004009E	0xF8D03084	0	LDR      r3,[r0,#0x84]	false	
Instruction	9328	S:0xC00400A2	0x6848	0	LDR      r0,[r1,#4]	false	
Instruction	9329	S:0xC00400A4	0xF503638F	0	ADD      r3,r3,#0x478	false	
Instruction	9330	S:0xC00400A8	0xE9D32300	0	LDRD     r2,r3,[r3,#0]	false	
Instruction	9331	S:0xC00400AC	0x2800	0	CMP      r0,#0	false	
Instruction	9332	S:0xC00400AE	0xD0EF	5	BEQ      {pc}-0x1e ; 0xc0040090	true	
Instruction	9333	S:0xC0040090	0x2200	0	MOVS     r2,#0	false	
Instruction	9334	S:0xC0040092	0x2300	0	MOVS     r3,#0	false	
Instruction	9335	S:0xC0040094	0xE9C82312	0	STRD     r2,r3,[r8,#0x48]	false	
Instruction	9336	S:0xC0040098	0xE8BD8FF8	9	POP      {r3-r11,pc}	true	
Instruction	9337	S:0xC0041EE6	0x4648	0	MOV      r0,r9	false	
Instruction	9338	S:0xC0041EE8	0x4641	0	MOV      r1,r8	false	
Instruction	9339	S:0xC0041EEA	0xF7FEFAC7	1	BL       {pc}-0x1a6e ; 0xc004047c	true	
Instruction	9340	S:0xC004047C	0xB538	0	PUSH     {r3-r5,lr}	false	
Instruction	9341	S:0xC004047E	0xB500	0	PUSH     {lr}	false	
Instruction	9342	S:0xC0040480	0xF85DEB04	0	POP      {lr}	false	
Instruction	9343	S:0xC0040484	0xF1010508	0	ADD      r5,r1,#8	false	
Instruction	9344	S:0xC0040488	0x6AC3	0	LDR      r3,[r0,#0x2c]	false	
Instruction	9345	S:0xC004048A	0x4604	0	MOV      r4,r0	false	
Instruction	9346	S:0xC004048C	0x42AB	0	CMP      r3,r5	false	
Instruction	9347	S:0xC004048E	0xD006	3	BEQ      {pc}+0x10 ; 0xc004049e	true	
Instruction	9348	S:0xC004049E	0x4628	0	MOV      r0,r5	false	
Instruction	9349	S:0xC00404A0	0xF216F87E	4	BL       {pc}+0x216100 ; 0xc02565a0	true	
Cycle Count				24	Tracing disabled		
Info					Tracing enabled		
Instruction	9350	S:0xC00404A4	0x62E0	0	STR      r0,[r4,#0x2c]	false	
Instruction	9351	S:0xC00404A6	0xE7F3	5	B        {pc}-0x16 ; 0xc0040490	true	
Instruction	9352	S:0xC0040490	0x4628	0	MOV      r0,r5	false	
Instruction	9353	S:0xC0040492	0xF1040128	0	ADD      r1,r4,#0x28	false	
Instruction	9354	S:0xC0040496	0xE8BD4038	0	POP      {r3-r5,lr}	false	
Instruction	9355	S:0xC004049A	0xF215BECF	10	B.W      {pc}+0x215da2 ; 0xc025623c	true	
Cycle Count				40	Tracing disabled		
Info					Tracing enabled		
Instruction	9356	S:0xC0041EEE	0xF8D8A124	0	LDR      r10,[r8,#0x124]	false	
Instruction	9357	S:0xC0041EF2	0xF8D83128	0	LDR      r3,[r8,#0x128]	false	
Instruction	9358	S:0xC0041EF6	0xF8DA2084	0	LDR      r2,[r10,#0x84]	false	
Instruction	9359	S:0xC0041EFA	0xF8D274C0	0	LDR      r7,[r2,#0x4c0]	false	
Instruction	9360	S:0xC0041EFE	0x9704	0	STR      r7,[sp,#0x10]	false	
Instruction	9361	S:0xC0041F00	0x2B00	0	CMP      r3,#0	false	
Instruction	9362	S:0xC0041F02	0xF0008108	9	BEQ.W    {pc}+0x214 ; 0xc0042116	true	
Instruction	9363	S:0xC0042116	0xF5026290	0	ADD      r2,r2,#0x480	false	
Instruction	9364	S:0xC004211A	0xE9D26700	0	LDRD     r6,r7,[r2,#0]	false	
Instruction	9365	S:0xC004211E	0xE6F8	2	B        {pc}-0x20c ; 0xc0041f12	true	
Instruction	9366	S:0xC0041F12	0x46C3	0	MOV      r11,r8	false	
Instruction	9367	S:0xC0041F14	0xF8D8201C	0	LDR      r2,[r8,#0x1c]	false	
Instruction	9368	S:0xC0041F18	0xF8DA3030	0	LDR      r3,[r10,#0x30]	false	
Instruction	9369	S:0xC0041F1C	0xE9FB014E	0	LDRD     r0,r1,[r11,#0x138]!	false	
Instruction	9370	S:0xC0041F20	0x9209	0	STR      r2,[sp,#0x24]	false	
Instruction	9371	S:0xC0041F22	0x1A30	0	SUBS     r0,r6,r0	false	
Instruction	9372	S:0xC0041F24	0xEB670101	0	SBC      r1,r7,r1	false	
Instruction	9373	S:0xC0041F28	0x9306	0	STR      r3,[sp,#0x18]	false	
Instruction	9374	S:0xC0041F2A	0xF7FDFD17	3	BL       {pc}-0x25ce ; 0xc003f95c	true	
Instruction	9375	S:0xC003F95C	0xE92D03F0	0	PUSH     {r4-r9}	false	
Instruction	9376	S:0xC003F960	0xB500	0	PUSH     {lr}	false	
Instruction	9377	S:0xC003F962	0xF85DEB04	0	POP      {lr}	false	
Instruction	9378	S:0xC003F966	0xF64B7640	0	MOV      r6,#0xbf40	false	
Instruction	9379	S:0xC003F96A	0xF2CC0664	0	MOVT     r6,#0xc064	false	
Instruction	9380	S:0xC003F96E	0x6876	0	LDR      r6,[r6,#4]	false	
Instruction	9381	S:0xC003F970	0xFBA18906	0	UMULL    r8,r9,r1,r6	false	
Instruction	9382	S:0xC003F974	0xEA4F7CE6	0	ASR      r12,r6,#31	false	
Instruction	9383	S:0xC003F978	0xFBA06706	0	UMULL    r6,r7,r0,r6	false	
Instruction	9384	S:0xC003F97C	0xFB01990C	0	MLA      r9,r1,r12,r9	false	
Instruction	9385	S:0xC003F980	0xEA4F4408	0	LSL      r4,r8,#16	false	
Instruction	9386	S:0xC003F984	0xFB00770C	0	MLA      r7,r0,r12,r7	false	
Instruction	9387	S:0xC003F988	0x0C32	0	LSRS     r2,r6,#16	false	
Instruction	9388	S:0xC003F98A	0xEA4F4509	0	LSL      r5,r9,#16	false	
Instruction	9389	S:0xC003F98E	0xEA454518	0	ORR      r5,r5,r8,LSR #16	false	
Instruction	9390	S:0xC003F992	0xEA424207	0	ORR      r2,r2,r7,LSL #16	false	
Instruction	9391	S:0xC003F996	0x0C3B	0	LSRS     r3,r7,#16	false	
Instruction	9392	S:0xC003F998	0x1912	0	ADDS     r2,r2,r4	false	
Instruction	9393	S:0xC003F99A	0xEB430305	0	ADC      r3,r3,r5	false	
Instruction	9394	S:0xC003F99E	0x4610	0	MOV      r0,r2	false	
Instruction	9395	S:0xC003F9A0	0x4619	0	MOV      r1,r3	false	
Instruction	9396	S:0xC003F9A2	0xE8BD03F0	0	POP      {r4-r9}	false	
Instruction	9397	S:0xC003F9A6	0x4770	17	BX       lr	true	
Instruction	9398	S:0xC0041F2E	0x2800	0	CMP      r0,#0	false	
Instruction	9399	S:0xC0041F30	0xF1710C00	0	SBCS     r12,r1,#0	false	
Instruction	9400	S:0xC0041F34	0xF2C080D9	1	BLT.W    {pc}+0x1b6 ; 0xc00420ea	true	fail
Instruction	9401	S:0xC0041F38	0x0A84	0	LSRS     r4,r0,#10	false	
Instruction	9402	S:0xC0041F3A	0x0A8D	0	LSRS     r5,r1,#10	false	
Instruction	9403	S:0xC0041F3C	0xEA445481	0	ORR      r4,r4,r1,LSL #22	false	
Instruction	9404	S:0xC0041F40	0xEA540005	0	ORRS     r0,r4,r5	false	
Instruction	9405	S:0xC0041F44	0xD0A5	7	BEQ      {pc}-0xb2 ; 0xc0041e92	true	fail
Timestamp					Timestamp: 562537011487		
Instruction	9406	S:0xC0041F46	0x4A8E	0	LDR      r2,[pc,#568] ; [0xC0042180] = 0xC064BF40	false	
Instruction	9407	S:0xC0041F48	0xE9CB6700	0	STRD     r6,r7,[r11,#0]	false	
Instruction	9408	S:0xC0041F4C	0x6813	0	LDR      r3,[r2,#0]	false	
Instruction	9409	S:0xC0041F4E	0x2B00	0	CMP      r3,#0	false	
Instruction	9410	S:0xC0041F50	0xF00080CE	43	BEQ.W    {pc}+0x1a0 ; 0xc00420f0	true	fail
Instruction	9411	S:0xC0041F54	0x9B04	0	LDR      r3,[sp,#0x10]	false	
Instruction	9412	S:0xC0041F56	0xF04F0C00	0	MOV      r12,#0	false	
Instruction	9413	S:0xC0041F5A	0xF8CDC014	0	STR      r12,[sp,#0x14]	false	
Instruction	9414	S:0xC0041F5E	0xEB021203	0	ADD      r2,r2,r3,LSL #4	false	
Instruction	9415	S:0xC0041F62	0xF8D2B098	0	LDR      r11,[r2,#0x98]	false	
Instruction	9416	S:0xC0041F66	0xF8CDB010	0	STR      r11,[sp,#0x10]	false	
Instruction	9417	S:0xC0041F6A	0x9B06	0	LDR      r3,[sp,#0x18]	false	
Instruction	9418	S:0xC0041F6C	0xF8D82134	0	LDR      r2,[r8,#0x134]	false	
Instruction	9419	S:0xC0041F70	0xEBB80703	0	SUBS     r7,r8,r3	false	
Instruction	9420	S:0xC0041F74	0x427E	0	RSBS     r6,r7,#0	false	
Instruction	9421	S:0xC0041F76	0x417E	0	ADCS     r6,r6,r7	false	
Instruction	9422	S:0xC0041F78	0x0597	0	LSLS     r7,r2,#22	false	
Instruction	9423	S:0xC0041F7A	0x0DBF	0	LSRS     r7,r7,#22	false	
Instruction	9424	S:0xC0041F7C	0x19E0	0	ADDS     r0,r4,r7	false	
Instruction	9425	S:0xC0041F7E	0xF1450100	0	ADC      r1,r5,#0	false	
Instruction	9426	S:0xC0041F82	0x2900	0	CMP      r1,#0	false	
Instruction	9427	S:0xC0041F84	0xBF08	0	IT       EQ	false	
Instruction	9428	S:0xC0041F86	0xF5B06F80	0	CMP      r0,#0x400	false	
Instruction	9429	S:0xC0041F8A	0xBF38	0	IT       CC	false	
Instruction	9430	S:0xC0041F8C	0x2700	0	MOVS     r7,#0	false	
Instruction	9431	S:0xC0041F8E	0xD377	11	BCC      {pc}+0xf2 ; 0xc0042080	true	
Instruction	9432	S:0xC0042080	0xF8DDC014	0	LDR      r12,[sp,#0x14]	false	
Instruction	9433	S:0xC0042084	0x9804	0	LDR      r0,[sp,#0x10]	false	
Instruction	9434	S:0xC0042086	0xFB04F30C	0	MUL      r3,r4,r12	false	
Instruction	9435	S:0xC004208A	0xFB003305	0	MLA      r3,r0,r5,r3	false	
Instruction	9436	S:0xC004208E	0xFBA40100	0	UMULL    r0,r1,r4,r0	false	
Instruction	9437	S:0xC0042092	0x1859	0	ADDS     r1,r3,r1	false	
Instruction	9438	S:0xC0042094	0x9B09	0	LDR      r3,[sp,#0x24]	false	
Instruction	9439	S:0xC0042096	0x0A80	0	LSRS     r0,r0,#10	false	
Instruction	9440	S:0xC0042098	0xEA405081	0	ORR      r0,r0,r1,LSL #22	false	
Instruction	9441	S:0xC004209C	0xB123	121	CBZ      r3,{pc}+0xc ; 0xc00420a8	true	fail
Instruction	9442	S:0xC004209E	0xF8D83130	0	LDR      r3,[r8,#0x130]	false	
Instruction	9443	S:0xC00420A2	0x181B	0	ADDS     r3,r3,r0	false	
Instruction	9444	S:0xC00420A4	0xF8C83130	0	STR      r3,[r8,#0x130]	false	
Instruction	9445	S:0xC00420A8	0xB126	1	CBZ      r6,{pc}+0xc ; 0xc00420b4	true	
Instruction	9446	S:0xC00420B4	0x1912	0	ADDS     r2,r2,r4	false	
Instruction	9447	S:0xC00420B6	0xF8C82134	0	STR      r2,[r8,#0x134]	false	
Instruction	9448	S:0xC00420BA	0x2F00	0	CMP      r7,#0	false	
Instruction	9449	S:0xC00420BC	0xF43FAEE9	11	BEQ      {pc}-0x22a ; 0xc0041e92	true	
Instruction	9450	S:0xC0041E92	0xF8D93084	0	LDR      r3,[r9,#0x84]	false	
Instruction	9451	S:0xC0041E96	0xF5036390	0	ADD      r3,r3,#0x480	false	
Instruction	9452	S:0xC0041E9A	0xE9D32300	0	LDRD     r2,r3,[r3,#0]	false	
Instruction	9453	S:0xC0041E9E	0xE9C82308	0	STRD     r2,r3,[r8,#0x20]	false	
Instruction	9454	S:0xC0041EA2	0xF8D92084	0	LDR      r2,[r9,#0x84]	false	
Instruction	9455	S:0xC0041EA6	0xF8C98030	0	STR      r8,[r9,#0x30]	false	
Instruction	9456	S:0xC0041EAA	0xF8D83000	0	LDR      r3,[r8,#0]	false	
Instruction	9457	S:0xC0041EAE	0x6B12	0	LDR      r2,[r2,#0x30]	false	
Instruction	9458	S:0xC0041EB0	0xEBB20F43	0	CMP      r2,r3,LSL #1	false	
Instruction	9459	S:0xC0041EB4	0xE9D8230A	0	LDRD     r2,r3,[r8,#0x28]	false	
Instruction	9460	S:0xC0041EB8	0xD30E	17	BCC      {pc}+0x20 ; 0xc0041ed8	true	
Instruction	9461	S:0xC0041ED8	0xE9C8230E	0	STRD     r2,r3,[r8,#0x38]	false	
Instruction	9462	S:0xC0041EDC	0xB011	0	ADD      sp,sp,#0x44	false	
Instruction	9463	S:0xC0041EDE	0xE8BD8FF0	5	POP      {r4-r11,pc}	true	
Instruction	9464	S:0xC0042200	0xF8D54128	0	LDR      r4,[r5,#0x128]	false	
Instruction	9465	S:0xC0042204	0x2C00	0	CMP      r4,#0	false	
Instruction	9466	S:0xC0042206	0xD1DB	1	BNE      {pc}-0x46 ; 0xc00421c0	true	fail
Instruction	9467	S:0xC0042208	0x4B18	0	LDR      r3,[pc,#96] ; [0xC004226C] = 0xC05FC568	false	
Instruction	9468	S:0xC004220A	0x3D38	0	SUBS     r5,r5,#0x38	false	
Instruction	9469	S:0xC004220C	0x681B	0	LDR      r3,[r3,#0]	false	
Instruction	9470	S:0xC004220E	0x061A	0	LSLS     r2,r3,#24	false	
Instruction	9471	S:0xC0042210	0xD51A	4	BPL      {pc}+0x38 ; 0xc0042248	true	
Instruction	9472	S:0xC0042248	0x4628	0	MOV      r0,r5	false	
Instruction	9473	S:0xC004224A	0xBDF8	4	POP      {r3-r7,pc}	true	
Cycle Count				528	Tracing disabled		
Info					Tracing enabled		
Instruction	9474	S:0xC000CCF8	0xF1010C1C	0	ADD      r12,r1,#0x1c	false	
Instruction	9475	S:0xC000CCFC	0x6E13	0	LDR      r3,[r2,#0x60]	false	
Instruction	9476	S:0xC000CCFE	0xE8AC0FF0	0	STM      r12!,{r4-r11}	false	
Instruction	9477	S:0xC000CD02	0xF84CDB04	0	STR      sp,[r12],#4	false	
Instruction	9478	S:0xC000CD06	0xF84CEB04	0	STR      lr,[r12],#4	false	
Instruction	9479	S:0xC000CD0A	0xEE0D3F70	0	MCR      p15,#0x0,r3,c13,c0,#3	false	
Instruction	9480	S:0xC000CD0E	0xF04F0400	0	MOV      r4,#0	false	
Instruction	9481	S:0xC000CD12	0xEE0D4F50	0	MCR      p15,#0x0,r4,c13,c0,#2	false	
Instruction	9482	S:0xC000CD16	0x4605	0	MOV      r5,r0	false	
Instruction	9483	S:0xC000CD18	0xF102041C	0	ADD      r4,r2,#0x1c	false	
Instruction	9484	S:0xC000CD1C	0x4806	0	LDR      r0,[pc,#24] ; [0xC000CD38] = 0xC0637C50	false	
Instruction	9485	S:0xC000CD1E	0xF04F0102	0	MOV      r1,#2	false	
Instruction	9486	S:0xC000CD22	0xF029FDF7	25	BL       {pc}+0x29bf2 ; 0xc0036914	true	
Instruction	9487	S:0xC0036914	0xB510	0	PUSH     {r4,lr}	false	
Instruction	9488	S:0xC0036916	0xB082	0	SUB      sp,sp,#8	false	
Instruction	9489	S:0xC0036918	0xB500	0	PUSH     {lr}	false	
Instruction	9490	S:0xC003691A	0xF85DEB04	0	POP      {lr}	false	
Instruction	9491	S:0xC003691E	0x2400	0	MOVS     r4,#0	false	
Instruction	9492	S:0xC0036920	0xF04F33FF	0	MOV      r3,#0xffffffff	false	
Instruction	9493	S:0xC0036924	0x9400	0	STR      r4,[sp,#0]	false	
Instruction	9494	S:0xC0036926	0xF7FFFFE9	10	BL       {pc}-0x2a ; 0xc00368fc	true	
Instruction	9495	S:0xC00368FC	0xB510	0	PUSH     {r4,lr}	false	
Instruction	9496	S:0xC00368FE	0xB082	0	SUB      sp,sp,#8	false	
Instruction	9497	S:0xC0036900	0xB500	0	PUSH     {lr}	false	
Instruction	9498	S:0xC0036902	0xF85DEB04	0	POP      {lr}	false	
Instruction	9499	S:0xC0036906	0x9C04	0	LDR      r4,[sp,#0x10]	false	
Instruction	9500	S:0xC0036908	0x9400	0	STR      r4,[sp,#0]	false	
Instruction	9501	S:0xC003690A	0x3004	0	ADDS     r0,#4	false	
Instruction	9502	S:0xC003690C	0xF7FFFFCC	2	BL       {pc}-0x64 ; 0xc00368a8	true	
Instruction	9503	S:0xC00368A8	0xE92D41F0	0	PUSH     {r4-r8,lr}	false	
Instruction	9504	S:0xC00368AC	0xB500	0	PUSH     {lr}	false	
Instruction	9505	S:0xC00368AE	0xF85DEB04	0	POP      {lr}	false	
Instruction	9506	S:0xC00368B2	0x461D	0	MOV      r5,r3	false	
Instruction	9507	S:0xC00368B4	0x6804	0	LDR      r4,[r0,#0]	false	
Instruction	9508	S:0xC00368B6	0x460F	0	MOV      r7,r1	false	
Instruction	9509	S:0xC00368B8	0x4690	0	MOV      r8,r2	false	
Instruction	9510	S:0xC00368BA	0x9E06	0	LDR      r6,[sp,#0x18]	false	
Instruction	9511	S:0xC00368BC	0x2B00	0	CMP      r3,#0	false	
Instruction	9512	S:0xC00368BE	0xBF18	0	IT       NE	false	
Instruction	9513	S:0xC00368C0	0x2C00	0	CMP      r4,#0	false	
Instruction	9514	S:0xC00368C2	0xBF0C	0	ITE      EQ	false	
Instruction	9515	S:0xC00368C4	0x2000	0	MOVS     r0,#0	false	
Instruction	9516	S:0xC00368C6	0x2001	0	MOVS     r0,#1	false	
Instruction	9517	S:0xC00368C8	0xD10A	15	BNE      {pc}+0x18 ; 0xc00368e0	true	
Instruction	9518	S:0xC00368E0	0x6823	0	LDR      r3,[r4,#0]	false	
Instruction	9519	S:0xC00368E2	0x4620	0	MOV      r0,r4	false	
Instruction	9520	S:0xC00368E4	0x4639	0	MOV      r1,r7	false	
Instruction	9521	S:0xC00368E6	0x4642	0	MOV      r2,r8	false	
Instruction	9522	S:0xC00368E8	0x6864	0	LDR      r4,[r4,#4]	false	
Instruction	9523	S:0xC00368EA	0x4798	20	BLX      r3	true	
Instruction	9524	S:0xC0008C20	0xB538	0	PUSH     {r3-r5,lr}	false	
Instruction	9525	S:0xC0008C22	0xB500	0	PUSH     {lr}	false	
Instruction	9526	S:0xC0008C24	0xF85DEB04	0	POP      {lr}	false	
Instruction	9527	S:0xC0008C28	0x4614	0	MOV      r4,r2	false	
Instruction	9528	S:0xC0008C2A	0x2903	0	CMP      r1,#3	false	
Instruction	9529	S:0xC0008C2C	0xD816	33	BHI      {pc}+0x30 ; 0xc0008c5c	true	fail
Instruction	9530	S:0xC0008C2E	0xE8DFF001	15	TBB      [pc,r1]	true	
Instruction	9531	S:0xC0008C60	0xEEF84A10	0	VMRS     r4,FPEXC	false	
Instruction	9532	S:0xC0008C64	0x0060	0	LSLS     r0,r4,#1	false	
Instruction	9533	S:0xC0008C66	0x6953	0	LDR      r3,[r2,#0x14]	false	
Instruction	9534	S:0xC0008C68	0xD507	21	BPL      {pc}+0x12 ; 0xc0008c7a	true	
Instruction	9535	S:0xC0008C7A	0xF0244480	0	BIC      r4,r4,#0x40000000	false	
Instruction	9536	S:0xC0008C7E	0xEEE84A10	0	VMSR     FPEXC,r4	false	
Instruction	9537	S:0xC0008C82	0x2000	0	MOVS     r0,#0	false	
Instruction	9538	S:0xC0008C84	0xBD38	54	POP      {r3-r5,pc}	true	
Instruction	9539	S:0xC00368EC	0xB116	1	CBZ      r6,{pc}+8 ; 0xc00368f4	true	
Instruction	9540	S:0xC00368F4	0x0403	0	LSLS     r3,r0,#16	false	
Instruction	9541	S:0xC00368F6	0xD5E9	1	BPL      {pc}-0x2a ; 0xc00368cc	true	
Instruction	9542	S:0xC00368CC	0x3D01	0	SUBS     r5,#1	false	
Instruction	9543	S:0xC00368CE	0xBF0C	0	ITE      EQ	false	
Instruction	9544	S:0xC00368D0	0x2300	0	MOVS     r3,#0	false	
Instruction	9545	S:0xC00368D2	0x2301	0	MOVS     r3,#1	false	
Instruction	9546	S:0xC00368D4	0x2C00	0	CMP      r4,#0	false	
Instruction	9547	S:0xC00368D6	0xBF0C	0	ITE      EQ	false	
Instruction	9548	S:0xC00368D8	0x2300	0	MOVS     r3,#0	false	
Instruction	9549	S:0xC00368DA	0xF0030301	0	AND      r3,r3,#1	false	
Instruction	9550	S:0xC00368DE	0xB15B	3	CBZ      r3,{pc}+0x1a ; 0xc00368f8	true	
Instruction	9551	S:0xC00368F8	0xE8BD81F0	8	POP      {r4-r8,pc}	true	
Instruction	9552	S:0xC0036910	0xB002	0	ADD      sp,sp,#8	false	
Instruction	9553	S:0xC0036912	0xBD10	2	POP      {r4,pc}	true	
Instruction	9554	S:0xC003692A	0xB002	0	ADD      sp,sp,#8	false	
Instruction	9555	S:0xC003692C	0xBD10	3	POP      {r4,pc}	true	
Instruction	9556	S:0xC000CD26	0x46A4	0	MOV      r12,r4	false	
Instruction	9557	S:0xC000CD28	0x4628	0	MOV      r0,r5	false	
Instruction	9558	S:0xC000CD2A	0xE8BC0FF0	0	LDM      r12!,{r4-r11}	false	
Instruction	9559	S:0xC000CD2E	0xF85CDB04	0	LDR      sp,[r12],#4	false	
Instruction	9560	S:0xC000CD32	0xF8DCF000	12	LDR      pc,[r12,#0]	true	
Instruction	9561	S:0xC03E398E	0x?	3	Cannot access target memory	false	
Instruction	9562	S:?	0x?	14	Unknown instruction address	false	fail
Instruction	9563	S:?	0x?	595	Unknown instruction address	false	fail
Instruction	9564	S:?	0x?	98	Unknown instruction address	false	fail
Instruction	9565	S:?	0x?	4	Unknown instruction address	false	fail
Instruction	9566	S:?	0x?	1	Unknown instruction address	false	fail
Instruction	9567	S:?	0x?	75	Unknown instruction address	false	
Cycle Count				16	Tracing disabled		
Info					Tracing enabled		
Instruction	9568	S:0xC000F72E	0xB672	0	CPSID    i	false	
Instruction	9569	S:0xC000F730	0x6821	0	LDR      r1,[r4,#0]	false	
Instruction	9570	S:0xC000F732	0x0748	0	LSLS     r0,r1,#29	false	
Instruction	9571	S:0xC000F734	0xD1F5	62	BNE      {pc}-0x12 ; 0xc000f722	true	fail
Instruction	9572	S:0xC000F736	0x2000	0	MOVS     r0,#0	false	
Instruction	9573	S:0xC000F738	0xE8BD81F0	8	POP      {r4-r8,pc}	true	
Instruction	9574	S:0xC000CD92	0x2800	0	CMP      r0,#0	false	
Instruction	9575	S:0xC000CD94	0xF000800E	13	BEQ.W    {pc}+0x20 ; 0xc000cdb4	true	
Instruction	9576	S:0xC000CDB4	0xF3BF8F2F	0	CLREX    	false	
Instruction	9577	S:0xC000CDB8	0x466A	0	MOV      r2,sp	false	
Instruction	9578	S:0xC000CDBA	0xF3EF8300	0	MRS      r3,APSR ; formerly CPSR	false	
Instruction	9579	S:0xC000CDBE	0xF083030C	0	EOR      r3,r3,#0xc	false	
Instruction	9580	S:0xC000CDC2	0xF3838100	0	MSR      CPSR_c,r3	false	
Instruction	9581	S:0xC000CDC6	0xF8D2D034	0	LDR      sp,[r2,#0x34]	false	
Instruction	9582	S:0xC000CDCA	0xF8D2E038	0	LDR      lr,[r2,#0x38]	false	
Instruction	9583	S:0xC000CDCE	0xF083030C	0	EOR      r3,r3,#0xc	false	
Instruction	9584	S:0xC000CDD2	0xF3838100	0	MSR      CPSR_c,r3	false	
Instruction	9585	S:0xC000CDD6	0x9910	0	LDR      r1,[sp,#0x40]	false	
Instruction	9586	S:0xC000CDD8	0xF8DDE03C	0	LDR      lr,[sp,#0x3c]	false	
Instruction	9587	S:0xC000CDDC	0xB00D	0	ADD      sp,sp,#0x34	false	
Instruction	9588	S:0xC000CDDE	0xF3918F00	0	MSR      SPSR_cxsf,r1	false	
Instruction	9589	S:0xC000CDE2	0xE91D1FFF	0	LDMDB    sp,{r0-r12}	false	
Instruction	9590	S:0xC000CDE6	0xB005	0	ADD      sp,sp,#0x14	false	
Instruction	9591	S:0xC000CDE8	0xF3DE8F00	171	SUBS     pc,lr,#0	true	
Info					Return from exception		
Timestamp					Timestamp: 562537011528		
